000008.838|so   |*|01|---------- Initial log entry ----------
000008.838|so   |*|01|+++ Note that Updater log times are in GMT +++
000008.838|boot |*|01|Initial log entry. Current logging level 3
000008.838|copy |*|01|Initial log entry. Current logging level 3
000008.838|utilm|*|01|Initial log entry. Current logging level 4
000008.838|hw   |*|01|Initial log entry. Current logging level 4
000008.838|ethf |*|01|Initial log entry. Current logging level 4
000008.838|dns  |*|01|Initial log entry. Current logging level 3
000008.839|curl |*|01|Initial log entry. Current logging level 3
000008.839|sec  |*|01|Initial log entry. Current logging level 4
000008.857|wdog |*|01|Initial log entry. Current logging level 4
000008.858|lldp |*|01|Initial log entry. Current logging level 3
000008.858|cdp  |*|01|Initial log entry. Current logging level 3
000008.858|key  |*|01|Initial log entry. Current logging level 4
000008.881|so   |3|01|Platform: Model=VVX 410, Assembly=3111-46162-001 Rev=A Region=0
000008.881|so   |3|01|Platform: Board=3111-46162-001 2 0
000008.881|so   |3|01|Platform: MAC=0004f288344e
000008.882|so   |3|01|Platform: BootBlock=3.0.4.0146 (46162-001) 10-Jan-13 20:21
000008.883|so   |*|01|Platform: BootL1=1.0.0.0041 (46162-001) 10-Jan-13 20:16
000008.883|so   |3|01|Application, main: Label=Updater, Version=Peridot 5.1.4.0844 20-Mar-13 14:16
000008.883|so   |3|01|Application, main: P/N=3150-11069-514
000008.883|so   |5|01|Platform: Both images are incorrect, will use Primary Image.
000008.884|log  |*|01|Install file upload callback for 'Updater'

000008.885|app1 |*|01|Initial log entry. Current logging level 3
000008.928|cfg  |*|01|Initial log entry. Current logging level 2
000009.850|so   |3|01|Link status is Net down, PC up Speed 100 full Duplex.
000008.850|so   |*|01|---------- Initial log entry ----------
000008.850|so   |*|01|+++ Note that Updater log times are in GMT +++
000008.850|boot |*|01|Initial log entry. Current logging level 3
000008.850|copy |*|01|Initial log entry. Current logging level 3
000008.850|utilm|*|01|Initial log entry. Current logging level 4
000008.850|hw   |*|01|Initial log entry. Current logging level 4
000008.850|ethf |*|01|Initial log entry. Current logging level 4
000008.850|dns  |*|01|Initial log entry. Current logging level 3
000008.850|curl |*|01|Initial log entry. Current logging level 3
000008.851|sec  |*|01|Initial log entry. Current logging level 4
000008.870|wdog |*|01|Initial log entry. Current logging level 4
000008.871|lldp |*|01|Initial log entry. Current logging level 3
000008.871|cdp  |*|01|Initial log entry. Current logging level 3
000008.871|key  |*|01|Initial log entry. Current logging level 4
000008.911|so   |3|01|Platform: Model=VVX 410, Assembly=3111-46162-001 Rev=A Region=0
000008.911|so   |3|01|Platform: Board=3111-46162-001 2 0
000008.912|so   |3|01|Platform: MAC=0004f288344e
000008.913|so   |3|01|Platform: BootBlock=3.0.4.0146 (46162-001) 10-Jan-13 20:21
000008.914|so   |*|01|Platform: BootL1=1.0.0.0041 (46162-001) 10-Jan-13 20:16
000008.914|so   |3|01|Application, main: Label=Updater, Version=Peridot 5.1.4.0844 20-Mar-13 14:16
000008.914|so   |3|01|Application, main: P/N=3150-11069-514
000008.914|so   |5|01|Platform: Both images are incorrect, will use Primary Image.
000008.914|log  |*|01|Install file upload callback for 'Updater'

000008.915|app1 |*|01|Initial log entry. Current logging level 3
000008.959|cfg  |*|01|Initial log entry. Current logging level 2
000009.866|so   |3|01|Link status is Net up Speed 100 full Duplex, PC down.
000008.794|so   |*|01|---------- Initial log entry ----------
000008.794|so   |*|01|+++ Note that Updater log times are in GMT +++
000008.794|boot |*|01|Initial log entry. Current logging level 3
000008.794|copy |*|01|Initial log entry. Current logging level 3
000008.795|utilm|*|01|Initial log entry. Current logging level 4
000008.795|hw   |*|01|Initial log entry. Current logging level 4
000008.795|ethf |*|01|Initial log entry. Current logging level 4
000008.795|dns  |*|01|Initial log entry. Current logging level 3
000008.795|curl |*|01|Initial log entry. Current logging level 3
000008.795|sec  |*|01|Initial log entry. Current logging level 4
000008.815|wdog |*|01|Initial log entry. Current logging level 4
000008.815|lldp |*|01|Initial log entry. Current logging level 3
000008.815|cdp  |*|01|Initial log entry. Current logging level 3
000008.815|key  |*|01|Initial log entry. Current logging level 4
000008.851|so   |3|01|Platform: Model=VVX 410, Assembly=3111-46162-001 Rev=A Region=0
000008.851|so   |3|01|Platform: Board=3111-46162-001 2 0
000008.852|so   |3|01|Platform: MAC=0004f288344e
000008.853|so   |3|01|Platform: BootBlock=3.0.4.0146 (46162-001) 10-Jan-13 20:21
000008.854|so   |*|01|Platform: BootL1=1.0.0.0041 (46162-001) 10-Jan-13 20:16
000008.854|so   |3|01|Application, main: Label=Updater, Version=Peridot 5.1.4.0844 20-Mar-13 14:16
000008.854|so   |3|01|Application, main: P/N=3150-11069-514
000008.854|so   |5|01|Platform: Both images are incorrect, will use Primary Image.
000008.854|log  |*|01|Install file upload callback for 'Updater'

000008.855|app1 |*|01|Initial log entry. Current logging level 3
000008.899|cfg  |*|01|Initial log entry. Current logging level 2
000009.809|so   |3|01|Link status is Net down, PC down.
000008.871|so   |*|01|---------- Initial log entry ----------
000008.871|so   |*|01|+++ Note that Updater log times are in GMT +++
000008.871|boot |*|01|Initial log entry. Current logging level 3
000008.871|copy |*|01|Initial log entry. Current logging level 3
000008.871|utilm|*|01|Initial log entry. Current logging level 4
000008.871|hw   |*|01|Initial log entry. Current logging level 4
000008.871|ethf |*|01|Initial log entry. Current logging level 4
000008.871|dns  |*|01|Initial log entry. Current logging level 3
000008.872|curl |*|01|Initial log entry. Current logging level 3
000008.872|sec  |*|01|Initial log entry. Current logging level 4
000008.891|wdog |*|01|Initial log entry. Current logging level 4
000008.891|lldp |*|01|Initial log entry. Current logging level 3
000008.892|cdp  |*|01|Initial log entry. Current logging level 3
000008.892|key  |*|01|Initial log entry. Current logging level 4
000008.931|so   |3|01|Platform: Model=VVX 410, Assembly=3111-46162-001 Rev=A Region=0
000008.931|so   |3|01|Platform: Board=3111-46162-001 2 0
000008.932|so   |3|01|Platform: MAC=0004f288344e
000008.933|so   |3|01|Platform: BootBlock=3.0.4.0146 (46162-001) 10-Jan-13 20:21
000008.934|so   |*|01|Platform: BootL1=1.0.0.0041 (46162-001) 10-Jan-13 20:16
000008.934|so   |3|01|Application, main: Label=Updater, Version=Peridot 5.1.4.0844 20-Mar-13 14:16
000008.934|so   |3|01|Application, main: P/N=3150-11069-514
000008.934|so   |5|01|Platform: Both images are incorrect, will use Primary Image.
000008.934|log  |*|01|Install file upload callback for 'Updater'

000008.936|app1 |*|01|Initial log entry. Current logging level 3
000008.979|cfg  |*|01|Initial log entry. Current logging level 2
000009.886|so   |3|01|Link status is Net up Speed 1000 full Duplex, PC down.
000008.900|so   |*|01|---------- Initial log entry ----------
000008.900|so   |*|01|+++ Note that Updater log times are in GMT +++
000008.900|boot |*|01|Initial log entry. Current logging level 3
000008.900|copy |*|01|Initial log entry. Current logging level 3
000008.900|utilm|*|01|Initial log entry. Current logging level 4
000008.900|hw   |*|01|Initial log entry. Current logging level 4
000008.900|ethf |*|01|Initial log entry. Current logging level 4
000008.900|dns  |*|01|Initial log entry. Current logging level 3
000008.901|curl |*|01|Initial log entry. Current logging level 3
000008.901|sec  |*|01|Initial log entry. Current logging level 4
000008.920|wdog |*|01|Initial log entry. Current logging level 4
000008.921|lldp |*|01|Initial log entry. Current logging level 3
000008.921|cdp  |*|01|Initial log entry. Current logging level 3
000008.921|key  |*|01|Initial log entry. Current logging level 4
000008.961|so   |3|01|Platform: Model=VVX 410, Assembly=3111-46162-001 Rev=A Region=0
000008.961|so   |3|01|Platform: Board=3111-46162-001 2 0
000008.962|so   |3|01|Platform: MAC=0004f288344e
000008.963|so   |3|01|Platform: BootBlock=3.0.4.0146 (46162-001) 10-Jan-13 20:21
000008.964|so   |*|01|Platform: BootL1=1.0.0.0041 (46162-001) 10-Jan-13 20:16
000008.964|so   |3|01|Application, main: Label=Updater, Version=Peridot 5.1.4.0844 20-Mar-13 14:16
000008.964|so   |3|01|Application, main: P/N=3150-11069-514
000008.964|so   |5|01|Platform: Both images are incorrect, will use Primary Image.
000008.964|log  |*|01|Install file upload callback for 'Updater'

000008.965|app1 |*|01|Initial log entry. Current logging level 3
000009.009|cfg  |*|01|Initial log entry. Current logging level 2
000009.916|so   |3|01|Link status is Net up Speed 1000 full Duplex, PC down.
000008.528|so   |*|00|---------- Initial log entry ----------
000008.529|so   |*|00|+++ Note that Updater log times are in GMT +++
000008.529|boot |*|00|Initial log entry. Current logging level 3
000008.529|copy |*|00|Initial log entry. Current logging level 3
000008.529|utilm|*|00|Initial log entry. Current logging level 4
000008.529|hw   |*|00|Initial log entry. Current logging level 4
000008.529|ethf |*|00|Initial log entry. Current logging level 4
000008.529|dns  |*|00|Initial log entry. Current logging level 3
000008.529|curl |*|00|Initial log entry. Current logging level 3
000008.530|sec  |*|00|Initial log entry. Current logging level 4
000008.548|wdog |*|00|Initial log entry. Current logging level 4
000008.548|lldp |*|00|Initial log entry. Current logging level 3
000008.548|cdp  |*|00|Initial log entry. Current logging level 3
000008.548|key  |*|00|Initial log entry. Current logging level 4
000008.571|so   |3|00|Platform: Model=VVX 410, Assembly=3111-46162-001 Rev=A Region=0
000008.571|so   |3|00|Platform: Board=3111-46162-001 2 0
000008.572|so   |3|00|Platform: MAC=0004f288344e
000008.573|so   |3|00|Platform: BootBlock=3.0.4.0146 (46162-001) 10-Jan-13 20:21
000008.574|so   |*|00|Platform: BootL1=1.0.0.0041 (46162-001) 10-Jan-13 20:16
000008.574|so   |3|00|Application, main: Label=Updater, Version=Peridot 5.1.4.0844 20-Mar-13 14:16
000008.574|so   |3|00|Application, main: P/N=3150-11069-514
000008.574|so   |5|00|Platform: Both images are incorrect, will use Primary Image.
000008.574|log  |*|00|Install file upload callback for 'Updater'

000008.575|app1 |*|00|Initial log entry. Current logging level 3
000008.618|cfg  |*|00|Initial log entry. Current logging level 2
000009.537|so   |3|00|Link status is Net down, PC down.
000008.155|so   |*|00|---------- Initial log entry ----------
000008.155|so   |*|00|+++ Note that Updater log times are in GMT +++
000008.155|boot |*|00|Initial log entry. Current logging level 3
000008.155|copy |*|00|Initial log entry. Current logging level 3
000008.155|utilm|*|00|Initial log entry. Current logging level 4
000008.155|hw   |*|00|Initial log entry. Current logging level 4
000008.156|ethf |*|00|Initial log entry. Current logging level 4
000008.156|dns  |*|00|Initial log entry. Current logging level 3
000008.156|curl |*|00|Initial log entry. Current logging level 3
000008.156|sec  |*|00|Initial log entry. Current logging level 4
000008.174|wdog |*|00|Initial log entry. Current logging level 4
000008.175|lldp |*|00|Initial log entry. Current logging level 3
000008.175|cdp  |*|00|Initial log entry. Current logging level 3
000008.175|key  |*|00|Initial log entry. Current logging level 4
000008.211|so   |3|00|Platform: Model=VVX 410, Assembly=3111-46162-001 Rev=A Region=0
000008.211|so   |3|00|Platform: Board=3111-46162-001 2 0
000008.212|so   |3|00|Platform: MAC=0004f288344e
000008.213|so   |3|00|Platform: BootBlock=3.0.4.0146 (46162-001) 10-Jan-13 20:21
000008.214|so   |*|00|Platform: BootL1=1.0.0.0041 (46162-001) 10-Jan-13 20:16
000008.214|so   |3|00|Application, main: Label=Updater, Version=Peridot 5.1.4.0844 20-Mar-13 14:16
000008.214|so   |3|00|Application, main: P/N=3150-11069-514
000008.214|so   |5|00|Platform: Both images are incorrect, will use Primary Image.
000008.214|log  |*|00|Install file upload callback for 'Updater'

000008.215|app1 |*|00|Initial log entry. Current logging level 3
000008.258|cfg  |*|00|Initial log entry. Current logging level 2
000009.174|so   |3|00|Link status is Net up Speed 1000 full Duplex, PC down.
000008.175|so   |*|00|---------- Initial log entry ----------
000008.175|so   |*|00|+++ Note that Updater log times are in GMT +++
000008.175|boot |*|00|Initial log entry. Current logging level 3
000008.175|copy |*|00|Initial log entry. Current logging level 3
000008.175|utilm|*|00|Initial log entry. Current logging level 4
000008.175|hw   |*|00|Initial log entry. Current logging level 4
000008.176|ethf |*|00|Initial log entry. Current logging level 4
000008.176|dns  |*|00|Initial log entry. Current logging level 3
000008.176|curl |*|00|Initial log entry. Current logging level 3
000008.176|sec  |*|00|Initial log entry. Current logging level 4
000008.194|wdog |*|00|Initial log entry. Current logging level 4
000008.194|lldp |*|00|Initial log entry. Current logging level 3
000008.195|cdp  |*|00|Initial log entry. Current logging level 3
000008.195|key  |*|00|Initial log entry. Current logging level 4
000008.231|so   |3|00|Platform: Model=VVX 410, Assembly=3111-46162-001 Rev=A Region=0
000008.232|so   |3|00|Platform: Board=3111-46162-001 2 0
000008.232|so   |3|00|Platform: MAC=0004f288344e
000008.233|so   |3|00|Platform: BootBlock=3.0.4.0146 (46162-001) 10-Jan-13 20:21
000008.234|so   |*|00|Platform: BootL1=1.0.0.0041 (46162-001) 10-Jan-13 20:16
000008.234|so   |3|00|Application, main: Label=Updater, Version=Peridot 5.1.4.0844 20-Mar-13 14:16
000008.234|so   |3|00|Application, main: P/N=3150-11069-514
000008.234|so   |5|00|Platform: Both images are incorrect, will use Primary Image.
000008.234|log  |*|00|Install file upload callback for 'Updater'

000008.235|app1 |*|00|Initial log entry. Current logging level 3
000008.278|cfg  |*|00|Initial log entry. Current logging level 2
000009.192|so   |3|00|Link status is Net down, PC down.
000008.119|so   |*|00|---------- Initial log entry ----------
000008.119|so   |*|00|+++ Note that Updater log times are in GMT +++
000008.119|boot |*|00|Initial log entry. Current logging level 3
000008.119|copy |*|00|Initial log entry. Current logging level 3
000008.120|utilm|*|00|Initial log entry. Current logging level 4
000008.120|hw   |*|00|Initial log entry. Current logging level 4
000008.120|ethf |*|00|Initial log entry. Current logging level 4
000008.120|dns  |*|00|Initial log entry. Current logging level 3
000008.120|curl |*|00|Initial log entry. Current logging level 3
000008.120|sec  |*|00|Initial log entry. Current logging level 4
000008.138|wdog |*|00|Initial log entry. Current logging level 4
000008.138|lldp |*|00|Initial log entry. Current logging level 3
000008.139|cdp  |*|00|Initial log entry. Current logging level 3
000008.139|key  |*|00|Initial log entry. Current logging level 4
000008.161|so   |3|00|Platform: Model=VVX 410, Assembly=3111-46162-001 Rev=A Region=0
000008.161|so   |3|00|Platform: Board=3111-46162-001 2 0
000008.162|so   |3|00|Platform: MAC=0004f288344e
000008.163|so   |3|00|Platform: BootBlock=3.0.4.0146 (46162-001) 10-Jan-13 20:21
000008.164|so   |*|00|Platform: BootL1=1.0.0.0041 (46162-001) 10-Jan-13 20:16
000008.164|so   |3|00|Application, main: Label=Updater, Version=Peridot 5.1.4.0844 20-Mar-13 14:16
000008.164|so   |3|00|Application, main: P/N=3150-11069-514
000008.164|so   |5|00|Platform: Both images are incorrect, will use Primary Image.
000008.164|log  |*|00|Install file upload callback for 'Updater'

000008.165|app1 |*|00|Initial log entry. Current logging level 3
000008.208|cfg  |*|00|Initial log entry. Current logging level 2
000009.136|so   |3|00|Link status is Net up Speed 1000 full Duplex, PC down.
000008.320|so   |*|00|---------- Initial log entry ----------
000008.320|so   |*|00|+++ Note that Updater log times are in GMT +++
000008.320|boot |*|00|Initial log entry. Current logging level 3
000008.320|copy |*|00|Initial log entry. Current logging level 3
000008.320|utilm|*|00|Initial log entry. Current logging level 4
000008.320|hw   |*|00|Initial log entry. Current logging level 4
000008.321|ethf |*|00|Initial log entry. Current logging level 4
000008.321|dns  |*|00|Initial log entry. Current logging level 3
000008.321|curl |*|00|Initial log entry. Current logging level 3
000008.321|sec  |*|00|Initial log entry. Current logging level 4
000008.339|wdog |*|00|Initial log entry. Current logging level 4
000008.339|lldp |*|00|Initial log entry. Current logging level 3
000008.340|cdp  |*|00|Initial log entry. Current logging level 3
000008.340|key  |*|00|Initial log entry. Current logging level 4
000008.381|so   |3|00|Platform: Model=VVX 410, Assembly=3111-46162-001 Rev=A Region=0
000008.381|so   |3|00|Platform: Board=3111-46162-001 2 0
000008.382|so   |3|00|Platform: MAC=0004f288344e
000008.383|so   |3|00|Platform: BootBlock=3.0.4.0146 (46162-001) 10-Jan-13 20:21
000008.384|so   |*|00|Platform: BootL1=1.0.0.0041 (46162-001) 10-Jan-13 20:16
000008.384|so   |3|00|Application, main: Label=Updater, Version=Peridot 5.1.4.0844 20-Mar-13 14:16
000008.384|so   |3|00|Application, main: P/N=3150-11069-514
000008.384|so   |5|00|Platform: Both images are incorrect, will use Primary Image.
000008.384|log  |*|00|Install file upload callback for 'Updater'

000008.385|app1 |*|00|Initial log entry. Current logging level 3
000008.428|cfg  |*|00|Initial log entry. Current logging level 2
000009.337|so   |3|00|Link status is Net down, PC down.
000008.218|so   |*|00|---------- Initial log entry ----------
000008.219|so   |*|00|+++ Note that Updater log times are in GMT +++
000008.219|boot |*|00|Initial log entry. Current logging level 3
000008.219|copy |*|00|Initial log entry. Current logging level 3
000008.219|utilm|*|00|Initial log entry. Current logging level 4
000008.219|hw   |*|00|Initial log entry. Current logging level 4
000008.219|ethf |*|00|Initial log entry. Current logging level 4
000008.219|dns  |*|00|Initial log entry. Current logging level 3
000008.219|curl |*|00|Initial log entry. Current logging level 3
000008.220|sec  |*|00|Initial log entry. Current logging level 4
000008.238|wdog |*|00|Initial log entry. Current logging level 4
000008.238|lldp |*|00|Initial log entry. Current logging level 3
000008.238|cdp  |*|00|Initial log entry. Current logging level 3
000008.238|key  |*|00|Initial log entry. Current logging level 4
000008.261|so   |3|00|Platform: Model=VVX 410, Assembly=3111-46162-001 Rev=A Region=0
000008.261|so   |3|00|Platform: Board=3111-46162-001 2 0
000008.262|so   |3|00|Platform: MAC=0004f288344e
000008.263|so   |3|00|Platform: BootBlock=3.0.4.0146 (46162-001) 10-Jan-13 20:21
000008.264|so   |*|00|Platform: BootL1=1.0.0.0041 (46162-001) 10-Jan-13 20:16
000008.264|so   |3|00|Application, main: Label=Updater, Version=Peridot 5.1.4.0844 20-Mar-13 14:16
000008.264|so   |3|00|Application, main: P/N=3150-11069-514
000008.264|so   |5|00|Platform: Both images are incorrect, will use Primary Image.
000008.264|log  |*|00|Install file upload callback for 'Updater'

000008.265|app1 |*|00|Initial log entry. Current logging level 3
000008.308|cfg  |*|00|Initial log entry. Current logging level 2
000009.227|so   |3|00|Link status is Net down, PC down.
000008.150|so   |*|00|---------- Initial log entry ----------
000008.150|so   |*|00|+++ Note that Updater log times are in GMT +++
000008.150|boot |*|00|Initial log entry. Current logging level 3
000008.150|copy |*|00|Initial log entry. Current logging level 3
000008.150|utilm|*|00|Initial log entry. Current logging level 4
000008.151|hw   |*|00|Initial log entry. Current logging level 4
000008.151|ethf |*|00|Initial log entry. Current logging level 4
000008.151|dns  |*|00|Initial log entry. Current logging level 3
000008.151|curl |*|00|Initial log entry. Current logging level 3
000008.151|sec  |*|00|Initial log entry. Current logging level 4
000008.169|wdog |*|00|Initial log entry. Current logging level 4
000008.169|lldp |*|00|Initial log entry. Current logging level 3
000008.170|cdp  |*|00|Initial log entry. Current logging level 3
000008.170|key  |*|00|Initial log entry. Current logging level 4
000008.211|so   |3|00|Platform: Model=VVX 410, Assembly=3111-46162-001 Rev=A Region=0
000008.211|so   |3|00|Platform: Board=3111-46162-001 2 0
000008.212|so   |3|00|Platform: MAC=0004f288344e
000008.213|so   |3|00|Platform: BootBlock=3.0.4.0146 (46162-001) 10-Jan-13 20:21
000008.214|so   |*|00|Platform: BootL1=1.0.0.0041 (46162-001) 10-Jan-13 20:16
000008.214|so   |3|00|Application, main: Label=Updater, Version=Peridot 5.1.4.0844 20-Mar-13 14:16
000008.214|so   |3|00|Application, main: P/N=3150-11069-514
000008.214|so   |5|00|Platform: Both images are incorrect, will use Primary Image.
000008.214|log  |*|00|Install file upload callback for 'Updater'

000008.215|app1 |*|00|Initial log entry. Current logging level 3
000008.258|cfg  |*|00|Initial log entry. Current logging level 2
000009.167|so   |3|00|Link status is Net down, PC down.
000008.200|so   |*|00|---------- Initial log entry ----------
000008.201|so   |*|00|+++ Note that Updater log times are in GMT +++
000008.201|boot |*|00|Initial log entry. Current logging level 3
000008.201|copy |*|00|Initial log entry. Current logging level 3
000008.201|utilm|*|00|Initial log entry. Current logging level 4
000008.201|hw   |*|00|Initial log entry. Current logging level 4
000008.201|ethf |*|00|Initial log entry. Current logging level 4
000008.201|dns  |*|00|Initial log entry. Current logging level 3
000008.201|curl |*|00|Initial log entry. Current logging level 3
000008.201|sec  |*|00|Initial log entry. Current logging level 4
000008.220|wdog |*|00|Initial log entry. Current logging level 4
000008.220|lldp |*|00|Initial log entry. Current logging level 3
000008.220|cdp  |*|00|Initial log entry. Current logging level 3
000008.221|key  |*|00|Initial log entry. Current logging level 4
000008.261|so   |3|00|Platform: Model=VVX 410, Assembly=3111-46162-001 Rev=A Region=0
000008.261|so   |3|00|Platform: Board=3111-46162-001 2 0
000008.262|so   |3|00|Platform: MAC=0004f288344e
000008.263|so   |3|00|Platform: BootBlock=3.0.4.0146 (46162-001) 10-Jan-13 20:21
000008.264|so   |*|00|Platform: BootL1=1.0.0.0041 (46162-001) 10-Jan-13 20:16
000008.264|so   |3|00|Application, main: Label=Updater, Version=Peridot 5.1.4.0844 20-Mar-13 14:16
000008.264|so   |3|00|Application, main: P/N=3150-11069-514
000008.264|so   |5|00|Platform: Both images are incorrect, will use Primary Image.
000008.264|log  |*|00|Install file upload callback for 'Updater'

000008.265|app1 |*|00|Initial log entry. Current logging level 3
000008.309|cfg  |*|00|Initial log entry. Current logging level 2
000009.218|so   |3|00|Link status is Net down, PC down.
000008.190|so   |*|00|---------- Initial log entry ----------
000008.190|so   |*|00|+++ Note that Updater log times are in GMT +++
000008.190|boot |*|00|Initial log entry. Current logging level 3
000008.190|copy |*|00|Initial log entry. Current logging level 3
000008.190|utilm|*|00|Initial log entry. Current logging level 4
000008.190|hw   |*|00|Initial log entry. Current logging level 4
000008.190|ethf |*|00|Initial log entry. Current logging level 4
000008.190|dns  |*|00|Initial log entry. Current logging level 3
000008.191|curl |*|00|Initial log entry. Current logging level 3
000008.191|sec  |*|00|Initial log entry. Current logging level 4
000008.209|wdog |*|00|Initial log entry. Current logging level 4
000008.210|lldp |*|00|Initial log entry. Current logging level 3
000008.210|cdp  |*|00|Initial log entry. Current logging level 3
000008.210|key  |*|00|Initial log entry. Current logging level 4
000008.251|so   |3|00|Platform: Model=VVX 410, Assembly=3111-46162-001 Rev=A Region=0
000008.251|so   |3|00|Platform: Board=3111-46162-001 2 0
000008.252|so   |3|00|Platform: MAC=0004f288344e
000008.253|so   |3|00|Platform: BootBlock=3.0.4.0146 (46162-001) 10-Jan-13 20:21
000008.254|so   |*|00|Platform: BootL1=1.0.0.0041 (46162-001) 10-Jan-13 20:16
000008.254|so   |3|00|Application, main: Label=Updater, Version=Peridot 5.1.4.0844 20-Mar-13 14:16
000008.254|so   |3|00|Application, main: P/N=3150-11069-514
000008.254|so   |5|00|Platform: Both images are incorrect, will use Primary Image.
000008.254|log  |*|00|Install file upload callback for 'Updater'

000008.255|app1 |*|00|Initial log entry. Current logging level 3
000008.298|cfg  |*|00|Initial log entry. Current logging level 2
000009.208|so   |3|00|Link status is Net down, PC down.
000008.288|so   |*|00|---------- Initial log entry ----------
000008.289|so   |*|00|+++ Note that Updater log times are in GMT +++
000008.289|boot |*|00|Initial log entry. Current logging level 3
000008.289|copy |*|00|Initial log entry. Current logging level 3
000008.289|utilm|*|00|Initial log entry. Current logging level 4
000008.289|hw   |*|00|Initial log entry. Current logging level 4
000008.289|ethf |*|00|Initial log entry. Current logging level 4
000008.289|dns  |*|00|Initial log entry. Current logging level 3
000008.289|curl |*|00|Initial log entry. Current logging level 3
000008.290|sec  |*|00|Initial log entry. Current logging level 4
000008.308|wdog |*|00|Initial log entry. Current logging level 4
000008.309|lldp |*|00|Initial log entry. Current logging level 3
000008.309|cdp  |*|00|Initial log entry. Current logging level 3
000008.309|key  |*|00|Initial log entry. Current logging level 4
000008.331|so   |3|00|Platform: Model=VVX 410, Assembly=3111-46162-001 Rev=A Region=0
000008.331|so   |3|00|Platform: Board=3111-46162-001 2 0
000008.332|so   |3|00|Platform: MAC=0004f288344e
000008.333|so   |3|00|Platform: BootBlock=3.0.4.0146 (46162-001) 10-Jan-13 20:21
000008.334|so   |*|00|Platform: BootL1=1.0.0.0041 (46162-001) 10-Jan-13 20:16
000008.334|so   |3|00|Application, main: Label=Updater, Version=Peridot 5.1.4.0844 20-Mar-13 14:16
000008.334|so   |3|00|Application, main: P/N=3150-11069-514
000008.334|so   |5|00|Platform: Both images are incorrect, will use Primary Image.
000008.334|log  |*|00|Install file upload callback for 'Updater'

000008.335|app1 |*|00|Initial log entry. Current logging level 3
000008.378|cfg  |*|00|Initial log entry. Current logging level 2
000009.306|so   |3|00|Link status is Net up Speed 1000 full Duplex, PC down.
000008.159|so   |*|00|---------- Initial log entry ----------
000008.159|so   |*|00|+++ Note that Updater log times are in GMT +++
000008.159|boot |*|00|Initial log entry. Current logging level 3
000008.159|copy |*|00|Initial log entry. Current logging level 3
000008.159|utilm|*|00|Initial log entry. Current logging level 4
000008.159|hw   |*|00|Initial log entry. Current logging level 4
000008.160|ethf |*|00|Initial log entry. Current logging level 4
000008.160|dns  |*|00|Initial log entry. Current logging level 3
000008.160|curl |*|00|Initial log entry. Current logging level 3
000008.160|sec  |*|00|Initial log entry. Current logging level 4
000008.178|wdog |*|00|Initial log entry. Current logging level 4
000008.179|lldp |*|00|Initial log entry. Current logging level 3
000008.179|cdp  |*|00|Initial log entry. Current logging level 3
000008.179|key  |*|00|Initial log entry. Current logging level 4
000008.201|so   |3|00|Platform: Model=VVX 410, Assembly=3111-46162-001 Rev=A Region=0
000008.201|so   |3|00|Platform: Board=3111-46162-001 2 0
000008.202|so   |3|00|Platform: MAC=0004f288344e
000008.203|so   |3|00|Platform: BootBlock=3.0.4.0146 (46162-001) 10-Jan-13 20:21
000008.204|so   |*|00|Platform: BootL1=1.0.0.0041 (46162-001) 10-Jan-13 20:16
000008.204|so   |3|00|Application, main: Label=Updater, Version=Peridot 5.1.4.0844 20-Mar-13 14:16
000008.204|so   |3|00|Application, main: P/N=3150-11069-514
000008.204|so   |5|00|Platform: Both images are incorrect, will use Primary Image.
000008.204|log  |*|00|Install file upload callback for 'Updater'

000008.205|app1 |*|00|Initial log entry. Current logging level 3
000008.248|cfg  |*|00|Initial log entry. Current logging level 2
000009.177|so   |3|00|Link status is Net down, PC down.
000008.139|so   |*|00|---------- Initial log entry ----------
000008.139|so   |*|00|+++ Note that Updater log times are in GMT +++
000008.139|boot |*|00|Initial log entry. Current logging level 3
000008.139|copy |*|00|Initial log entry. Current logging level 3
000008.140|utilm|*|00|Initial log entry. Current logging level 4
000008.140|hw   |*|00|Initial log entry. Current logging level 4
000008.140|ethf |*|00|Initial log entry. Current logging level 4
000008.140|dns  |*|00|Initial log entry. Current logging level 3
000008.140|curl |*|00|Initial log entry. Current logging level 3
000008.140|sec  |*|00|Initial log entry. Current logging level 4
000008.159|wdog |*|00|Initial log entry. Current logging level 4
000008.159|lldp |*|00|Initial log entry. Current logging level 3
000008.159|cdp  |*|00|Initial log entry. Current logging level 3
000008.159|key  |*|00|Initial log entry. Current logging level 4
000008.201|so   |3|00|Platform: Model=VVX 410, Assembly=3111-46162-001 Rev=A Region=0
000008.201|so   |3|00|Platform: Board=3111-46162-001 2 0
000008.202|so   |3|00|Platform: MAC=0004f288344e
000008.203|so   |3|00|Platform: BootBlock=3.0.4.0146 (46162-001) 10-Jan-13 20:21
000008.204|so   |*|00|Platform: BootL1=1.0.0.0041 (46162-001) 10-Jan-13 20:16
000008.204|so   |3|00|Application, main: Label=Updater, Version=Peridot 5.1.4.0844 20-Mar-13 14:16
000008.204|so   |3|00|Application, main: P/N=3150-11069-514
000008.204|so   |5|00|Platform: Both images are incorrect, will use Primary Image.
000008.204|log  |*|00|Install file upload callback for 'Updater'

000008.205|app1 |*|00|Initial log entry. Current logging level 3
000008.248|cfg  |*|00|Initial log entry. Current logging level 2
000009.157|so   |3|00|Link status is Net down, PC down.
000008.275|so   |*|00|---------- Initial log entry ----------
000008.275|so   |*|00|+++ Note that Updater log times are in GMT +++
000008.275|boot |*|00|Initial log entry. Current logging level 3
000008.275|copy |*|00|Initial log entry. Current logging level 3
000008.275|utilm|*|00|Initial log entry. Current logging level 4
000008.275|hw   |*|00|Initial log entry. Current logging level 4
000008.275|ethf |*|00|Initial log entry. Current logging level 4
000008.275|dns  |*|00|Initial log entry. Current logging level 3
000008.275|curl |*|00|Initial log entry. Current logging level 3
000008.276|sec  |*|00|Initial log entry. Current logging level 4
000008.294|wdog |*|00|Initial log entry. Current logging level 4
000008.295|lldp |*|00|Initial log entry. Current logging level 3
000008.295|cdp  |*|00|Initial log entry. Current logging level 3
000008.295|key  |*|00|Initial log entry. Current logging level 4
000008.331|so   |3|00|Platform: Model=VVX 410, Assembly=3111-46162-001 Rev=A Region=0
000008.332|so   |3|00|Platform: Board=3111-46162-001 2 0
000008.332|so   |3|00|Platform: MAC=0004f288344e
000008.333|so   |3|00|Platform: BootBlock=3.0.4.0146 (46162-001) 10-Jan-13 20:21
000008.334|so   |*|00|Platform: BootL1=1.0.0.0041 (46162-001) 10-Jan-13 20:16
000008.334|so   |3|00|Application, main: Label=Updater, Version=Peridot 5.1.4.0844 20-Mar-13 14:16
000008.334|so   |3|00|Application, main: P/N=3150-11069-514
000008.334|so   |5|00|Platform: Both images are incorrect, will use Primary Image.
000008.334|log  |*|00|Install file upload callback for 'Updater'

000008.335|app1 |*|00|Initial log entry. Current logging level 3
000008.378|cfg  |*|00|Initial log entry. Current logging level 2
000009.292|so   |3|00|Link status is Net down, PC down.
000008.439|so   |*|00|---------- Initial log entry ----------
000008.439|so   |*|00|+++ Note that Updater log times are in GMT +++
000008.439|boot |*|00|Initial log entry. Current logging level 3
000008.439|copy |*|00|Initial log entry. Current logging level 3
000008.439|utilm|*|00|Initial log entry. Current logging level 4
000008.439|hw   |*|00|Initial log entry. Current logging level 4
000008.439|ethf |*|00|Initial log entry. Current logging level 4
000008.439|dns  |*|00|Initial log entry. Current logging level 3
000008.440|curl |*|00|Initial log entry. Current logging level 3
000008.440|sec  |*|00|Initial log entry. Current logging level 4
000008.459|wdog |*|00|Initial log entry. Current logging level 4
000008.459|lldp |*|00|Initial log entry. Current logging level 3
000008.459|cdp  |*|00|Initial log entry. Current logging level 3
000008.459|key  |*|00|Initial log entry. Current logging level 4
000008.481|so   |3|00|Platform: Model=VVX 410, Assembly=3111-46162-001 Rev=A Region=0
000008.481|so   |3|00|Platform: Board=3111-46162-001 2 0
000008.482|so   |3|00|Platform: MAC=0004f288344e
000008.483|so   |3|00|Platform: BootBlock=3.0.4.0146 (46162-001) 10-Jan-13 20:21
000008.484|so   |*|00|Platform: BootL1=1.0.0.0041 (46162-001) 10-Jan-13 20:16
000008.484|so   |3|00|Application, main: Label=Updater, Version=Peridot 5.1.4.0844 20-Mar-13 14:16
000008.484|so   |3|00|Application, main: P/N=3150-11069-514
000008.484|so   |5|00|Platform: Both images are incorrect, will use Primary Image.
000008.484|log  |*|00|Install file upload callback for 'Updater'

000008.485|app1 |*|00|Initial log entry. Current logging level 3
000008.528|cfg  |*|00|Initial log entry. Current logging level 2
000009.458|so   |3|00|Link status is Net down, PC down.
000008.188|so   |*|00|---------- Initial log entry ----------
000008.188|so   |*|00|+++ Note that Updater log times are in GMT +++
000008.188|boot |*|00|Initial log entry. Current logging level 3
000008.189|copy |*|00|Initial log entry. Current logging level 3
000008.189|utilm|*|00|Initial log entry. Current logging level 4
000008.189|hw   |*|00|Initial log entry. Current logging level 4
000008.189|ethf |*|00|Initial log entry. Current logging level 4
000008.189|dns  |*|00|Initial log entry. Current logging level 3
000008.189|curl |*|00|Initial log entry. Current logging level 3
000008.189|sec  |*|00|Initial log entry. Current logging level 4
000008.208|wdog |*|00|Initial log entry. Current logging level 4
000008.208|lldp |*|00|Initial log entry. Current logging level 3
000008.208|cdp  |*|00|Initial log entry. Current logging level 3
000008.208|key  |*|00|Initial log entry. Current logging level 4
000008.231|so   |3|00|Platform: Model=VVX 410, Assembly=3111-46162-001 Rev=A Region=0
000008.231|so   |3|00|Platform: Board=3111-46162-001 2 0
000008.232|so   |3|00|Platform: MAC=0004f288344e
000008.233|so   |3|00|Platform: BootBlock=3.0.4.0146 (46162-001) 10-Jan-13 20:21
000008.234|so   |*|00|Platform: BootL1=1.0.0.0041 (46162-001) 10-Jan-13 20:16
000008.234|so   |3|00|Application, main: Label=Updater, Version=Peridot 5.1.4.0844 20-Mar-13 14:16
000008.234|so   |3|00|Application, main: P/N=3150-11069-514
000008.234|so   |5|00|Platform: Both images are incorrect, will use Primary Image.
000008.234|log  |*|00|Install file upload callback for 'Updater'

000008.235|app1 |*|00|Initial log entry. Current logging level 3
000008.278|cfg  |*|00|Initial log entry. Current logging level 2
000009.197|so   |3|00|Link status is Net down, PC down.
000008.626|so   |*|00|---------- Initial log entry ----------
000008.627|so   |*|00|+++ Note that Updater log times are in GMT +++
000008.627|boot |*|00|Initial log entry. Current logging level 3
000008.627|copy |*|00|Initial log entry. Current logging level 3
000008.627|utilm|*|00|Initial log entry. Current logging level 4
000008.627|hw   |*|00|Initial log entry. Current logging level 4
000008.627|ethf |*|00|Initial log entry. Current logging level 4
000008.627|dns  |*|00|Initial log entry. Current logging level 3
000008.627|curl |*|00|Initial log entry. Current logging level 3
000008.627|sec  |*|00|Initial log entry. Current logging level 4
000008.646|wdog |*|00|Initial log entry. Current logging level 4
000008.647|lldp |*|00|Initial log entry. Current logging level 3
000008.647|cdp  |*|00|Initial log entry. Current logging level 3
000008.647|key  |*|00|Initial log entry. Current logging level 4
000008.671|so   |3|00|Platform: Model=VVX 410, Assembly=3111-46162-001 Rev=A Region=0
000008.671|so   |3|00|Platform: Board=3111-46162-001 2 0
000008.672|so   |3|00|Platform: MAC=0004f288344e
000008.673|so   |3|00|Platform: BootBlock=3.0.4.0146 (46162-001) 10-Jan-13 20:21
000008.674|so   |*|00|Platform: BootL1=1.0.0.0041 (46162-001) 10-Jan-13 20:16
000008.674|so   |3|00|Application, main: Label=Updater, Version=Peridot 5.1.4.0844 20-Mar-13 14:16
000008.674|so   |3|00|Application, main: P/N=3150-11069-514
000008.674|so   |5|00|Platform: Both images are incorrect, will use Primary Image.
000008.674|log  |*|00|Install file upload callback for 'Updater'

000008.675|app1 |*|00|Initial log entry. Current logging level 3
000008.718|cfg  |*|00|Initial log entry. Current logging level 2
000009.645|so   |3|00|Link status is Net up Speed 1000 full Duplex, PC down.
000008.158|so   |*|00|---------- Initial log entry ----------
000008.158|so   |*|00|+++ Note that Updater log times are in GMT +++
000008.158|boot |*|00|Initial log entry. Current logging level 3
000008.158|copy |*|00|Initial log entry. Current logging level 3
000008.158|utilm|*|00|Initial log entry. Current logging level 4
000008.158|hw   |*|00|Initial log entry. Current logging level 4
000008.158|ethf |*|00|Initial log entry. Current logging level 4
000008.159|dns  |*|00|Initial log entry. Current logging level 3
000008.159|curl |*|00|Initial log entry. Current logging level 3
000008.159|sec  |*|00|Initial log entry. Current logging level 4
000008.178|wdog |*|00|Initial log entry. Current logging level 4
000008.178|lldp |*|00|Initial log entry. Current logging level 3
000008.178|cdp  |*|00|Initial log entry. Current logging level 3
000008.178|key  |*|00|Initial log entry. Current logging level 4
000008.201|so   |3|00|Platform: Model=VVX 410, Assembly=3111-46162-001 Rev=A Region=0
000008.201|so   |3|00|Platform: Board=3111-46162-001 2 0
000008.202|so   |3|00|Platform: MAC=0004f288344e
000008.203|so   |3|00|Platform: BootBlock=3.0.4.0146 (46162-001) 10-Jan-13 20:21
000008.204|so   |*|00|Platform: BootL1=1.0.0.0041 (46162-001) 10-Jan-13 20:16
000008.204|so   |3|00|Application, main: Label=Updater, Version=Peridot 5.1.4.0844 20-Mar-13 14:16
000008.204|so   |3|00|Application, main: P/N=3150-11069-514
000008.204|so   |5|00|Platform: Both images are incorrect, will use Primary Image.
000008.204|log  |*|00|Install file upload callback for 'Updater'

000008.205|app1 |*|00|Initial log entry. Current logging level 3
000008.248|cfg  |*|00|Initial log entry. Current logging level 2
000009.175|so   |3|00|Link status is Net up Speed 1000 full Duplex, PC down.
000008.279|so   |*|00|---------- Initial log entry ----------
000008.279|so   |*|00|+++ Note that Updater log times are in GMT +++
000008.279|boot |*|00|Initial log entry. Current logging level 3
000008.279|copy |*|00|Initial log entry. Current logging level 3
000008.279|utilm|*|00|Initial log entry. Current logging level 4
000008.279|hw   |*|00|Initial log entry. Current logging level 4
000008.280|ethf |*|00|Initial log entry. Current logging level 4
000008.280|dns  |*|00|Initial log entry. Current logging level 3
000008.280|curl |*|00|Initial log entry. Current logging level 3
000008.280|sec  |*|00|Initial log entry. Current logging level 4
000008.298|wdog |*|00|Initial log entry. Current logging level 4
000008.299|lldp |*|00|Initial log entry. Current logging level 3
000008.299|cdp  |*|00|Initial log entry. Current logging level 3
000008.299|key  |*|00|Initial log entry. Current logging level 4
000008.321|so   |3|00|Platform: Model=VVX 410, Assembly=3111-46162-001 Rev=A Region=0
000008.321|so   |3|00|Platform: Board=3111-46162-001 2 0
000008.322|so   |3|00|Platform: MAC=0004f288344e
000008.323|so   |3|00|Platform: BootBlock=3.0.4.0146 (46162-001) 10-Jan-13 20:21
000008.324|so   |*|00|Platform: BootL1=1.0.0.0041 (46162-001) 10-Jan-13 20:16
000008.324|so   |3|00|Application, main: Label=Updater, Version=Peridot 5.1.4.0844 20-Mar-13 14:16
000008.324|so   |3|00|Application, main: P/N=3150-11069-514
000008.324|so   |5|00|Platform: Both images are incorrect, will use Primary Image.
000008.324|log  |*|00|Install file upload callback for 'Updater'

000008.325|app1 |*|00|Initial log entry. Current logging level 3
000008.368|cfg  |*|00|Initial log entry. Current logging level 2
000009.297|so   |3|00|Link status is Net down, PC down.
