000008.933|so   |*|01|---------- Initial log entry ----------
000008.934|so   |*|01|+++ Note that Updater log times are in GMT +++
000008.934|boot |*|01|Initial log entry. Current logging level 3
000008.934|copy |*|01|Initial log entry. Current logging level 3
000008.934|utilm|*|01|Initial log entry. Current logging level 4
000008.934|hw   |*|01|Initial log entry. Current logging level 4
000008.934|ethf |*|01|Initial log entry. Current logging level 4
000008.934|dns  |*|01|Initial log entry. Current logging level 3
000008.934|curl |*|01|Initial log entry. Current logging level 3
000008.934|sec  |*|01|Initial log entry. Current logging level 4
000008.953|wdog |*|01|Initial log entry. Current logging level 4
000008.953|lldp |*|01|Initial log entry. Current logging level 3
000008.954|cdp  |*|01|Initial log entry. Current logging level 3
000008.954|key  |*|01|Initial log entry. Current logging level 4
000008.991|so   |3|01|Platform: Model=VVX 410, Assembly=3111-46162-001 Rev=A Region=0
000008.991|so   |3|01|Platform: Board=3111-46162-001 2 0
000008.991|so   |3|01|Platform: MAC=0004f28b3f1b
000008.992|so   |3|01|Platform: BootBlock=3.0.4.0146 (46162-001) 10-Jan-13 20:21
000008.993|so   |*|01|Platform: BootL1=1.0.0.0041 (46162-001) 10-Jan-13 20:16
000008.993|so   |3|01|Application, main: Label=Updater, Version=Peridot 5.1.4.0844 20-Mar-13 14:16
000008.993|so   |3|01|Application, main: P/N=3150-11069-514
000008.993|so   |5|01|Platform: Both images are incorrect, will use Primary Image.
000008.993|log  |*|01|Install file upload callback for 'Updater'

000008.994|app1 |*|01|Initial log entry. Current logging level 3
000009.038|cfg  |*|01|Initial log entry. Current logging level 2
000009.946|so   |3|01|Link status is Net up Speed 1000 full Duplex, PC down.
000008.188|so   |*|00|---------- Initial log entry ----------
000008.188|so   |*|00|+++ Note that Updater log times are in GMT +++
000008.189|boot |*|00|Initial log entry. Current logging level 3
000008.189|copy |*|00|Initial log entry. Current logging level 3
000008.189|utilm|*|00|Initial log entry. Current logging level 4
000008.189|hw   |*|00|Initial log entry. Current logging level 4
000008.189|ethf |*|00|Initial log entry. Current logging level 4
000008.189|dns  |*|00|Initial log entry. Current logging level 3
000008.189|curl |*|00|Initial log entry. Current logging level 3
000008.189|sec  |*|00|Initial log entry. Current logging level 4
000008.208|wdog |*|00|Initial log entry. Current logging level 4
000008.208|lldp |*|00|Initial log entry. Current logging level 3
000008.208|cdp  |*|00|Initial log entry. Current logging level 3
000008.208|key  |*|00|Initial log entry. Current logging level 4
000008.231|so   |3|00|Platform: Model=VVX 410, Assembly=3111-46162-001 Rev=A Region=0
000008.231|so   |3|00|Platform: Board=3111-46162-001 2 0
000008.232|so   |3|00|Platform: MAC=0004f28b3f1b
000008.233|so   |3|00|Platform: BootBlock=3.0.4.0146 (46162-001) 10-Jan-13 20:21
000008.233|so   |*|00|Platform: BootL1=1.0.0.0041 (46162-001) 10-Jan-13 20:16
000008.234|so   |3|00|Application, main: Label=Updater, Version=Peridot 5.1.4.0844 20-Mar-13 14:16
000008.234|so   |3|00|Application, main: P/N=3150-11069-514
000008.234|so   |5|00|Platform: Both images are incorrect, will use Primary Image.
000008.234|log  |*|00|Install file upload callback for 'Updater'

000008.235|app1 |*|00|Initial log entry. Current logging level 3
000008.278|cfg  |*|00|Initial log entry. Current logging level 2
000009.206|so   |3|00|Link status is Net up Speed 1000 full Duplex, PC down.
000008.161|so   |*|00|---------- Initial log entry ----------
000008.161|so   |*|00|+++ Note that Updater log times are in GMT +++
000008.161|boot |*|00|Initial log entry. Current logging level 3
000008.161|copy |*|00|Initial log entry. Current logging level 3
000008.161|utilm|*|00|Initial log entry. Current logging level 4
000008.161|hw   |*|00|Initial log entry. Current logging level 4
000008.161|ethf |*|00|Initial log entry. Current logging level 4
000008.161|dns  |*|00|Initial log entry. Current logging level 3
000008.162|curl |*|00|Initial log entry. Current logging level 3
000008.162|sec  |*|00|Initial log entry. Current logging level 4
000008.180|wdog |*|00|Initial log entry. Current logging level 4
000008.181|lldp |*|00|Initial log entry. Current logging level 3
000008.181|cdp  |*|00|Initial log entry. Current logging level 3
000008.181|key  |*|00|Initial log entry. Current logging level 4
000008.221|so   |3|00|Platform: Model=VVX 410, Assembly=3111-46162-001 Rev=A Region=0
000008.221|so   |3|00|Platform: Board=3111-46162-001 2 0
000008.222|so   |3|00|Platform: MAC=0004f28b3f1b
000008.223|so   |3|00|Platform: BootBlock=3.0.4.0146 (46162-001) 10-Jan-13 20:21
000008.224|so   |*|00|Platform: BootL1=1.0.0.0041 (46162-001) 10-Jan-13 20:16
000008.224|so   |3|00|Application, main: Label=Updater, Version=Peridot 5.1.4.0844 20-Mar-13 14:16
000008.224|so   |3|00|Application, main: P/N=3150-11069-514
000008.224|so   |5|00|Platform: Both images are incorrect, will use Primary Image.
000008.224|log  |*|00|Install file upload callback for 'Updater'

000008.225|app1 |*|00|Initial log entry. Current logging level 3
000008.268|cfg  |*|00|Initial log entry. Current logging level 2
000009.180|so   |3|00|Link status is Net up Speed 1000 full Duplex, PC down.
000018.190|so   |3|00|Link status is Net up Speed 1000 full Duplex, PC up Speed 10 full Duplex.
000008.306|so   |*|00|---------- Initial log entry ----------
000008.306|so   |*|00|+++ Note that Updater log times are in GMT +++
000008.306|boot |*|00|Initial log entry. Current logging level 3
000008.306|copy |*|00|Initial log entry. Current logging level 3
000008.306|utilm|*|00|Initial log entry. Current logging level 4
000008.306|hw   |*|00|Initial log entry. Current logging level 4
000008.306|ethf |*|00|Initial log entry. Current logging level 4
000008.306|dns  |*|00|Initial log entry. Current logging level 3
000008.307|curl |*|00|Initial log entry. Current logging level 3
000008.307|sec  |*|00|Initial log entry. Current logging level 4
000008.325|wdog |*|00|Initial log entry. Current logging level 4
000008.326|lldp |*|00|Initial log entry. Current logging level 3
000008.326|cdp  |*|00|Initial log entry. Current logging level 3
000008.326|key  |*|00|Initial log entry. Current logging level 4
000008.351|so   |3|00|Platform: Model=VVX 410, Assembly=3111-46162-001 Rev=A Region=0
000008.351|so   |3|00|Platform: Board=3111-46162-001 2 0
000008.352|so   |3|00|Platform: MAC=0004f28b3f1b
000008.353|so   |3|00|Platform: BootBlock=3.0.4.0146 (46162-001) 10-Jan-13 20:21
000008.354|so   |*|00|Platform: BootL1=1.0.0.0041 (46162-001) 10-Jan-13 20:16
000008.354|so   |3|00|Application, main: Label=Updater, Version=Peridot 5.1.4.0844 20-Mar-13 14:16
000008.354|so   |3|00|Application, main: P/N=3150-11069-514
000008.354|so   |5|00|Platform: Both images are incorrect, will use Primary Image.
000008.354|log  |*|00|Install file upload callback for 'Updater'

000008.355|app1 |*|00|Initial log entry. Current logging level 3
000008.398|cfg  |*|00|Initial log entry. Current logging level 2
000009.315|so   |3|00|Link status is Net up Speed 1000 full Duplex, PC up Speed 1000 full Duplex.
