000008.784|so   |*|01|---------- Initial log entry ----------
000008.784|so   |*|01|+++ Note that Updater log times are in GMT +++
000008.784|boot |*|01|Initial log entry. Current logging level 3
000008.784|copy |*|01|Initial log entry. Current logging level 3
000008.785|utilm|*|01|Initial log entry. Current logging level 4
000008.785|hw   |*|01|Initial log entry. Current logging level 4
000008.785|ethf |*|01|Initial log entry. Current logging level 4
000008.785|dns  |*|01|Initial log entry. Current logging level 3
000008.785|curl |*|01|Initial log entry. Current logging level 3
000008.785|sec  |*|01|Initial log entry. Current logging level 4
000008.804|wdog |*|01|Initial log entry. Current logging level 4
000008.804|lldp |*|01|Initial log entry. Current logging level 3
000008.804|cdp  |*|01|Initial log entry. Current logging level 3
000008.804|key  |*|01|Initial log entry. Current logging level 4
000008.831|so   |3|01|Platform: Model=VVX 410, Assembly=3111-46162-001 Rev=A Region=0
000008.831|so   |3|01|Platform: Board=3111-46162-001 2 0
000008.831|so   |3|01|Platform: MAC=0004f28fd5d8
000008.832|so   |3|01|Platform: BootBlock=3.0.4.0146 (46162-001) 10-Jan-13 20:21
000008.833|so   |*|01|Platform: BootL1=1.0.0.0041 (46162-001) 10-Jan-13 20:16
000008.833|so   |3|01|Application, main: Label=Updater, Version=Peridot 5.1.4.0844 20-Mar-13 14:16
000008.833|so   |3|01|Application, main: P/N=3150-11069-514
000008.833|so   |5|01|Platform: Both images are incorrect, will use Primary Image.
000008.833|log  |*|01|Install file upload callback for 'Updater'

000008.835|app1 |*|01|Initial log entry. Current logging level 3
000008.878|cfg  |*|01|Initial log entry. Current logging level 2
000009.796|so   |3|01|Link status is Net up Speed 1000 full Duplex, PC down.
000008.166|so   |*|00|---------- Initial log entry ----------
000008.166|so   |*|00|+++ Note that Updater log times are in GMT +++
000008.166|boot |*|00|Initial log entry. Current logging level 3
000008.166|copy |*|00|Initial log entry. Current logging level 3
000008.166|utilm|*|00|Initial log entry. Current logging level 4
000008.166|hw   |*|00|Initial log entry. Current logging level 4
000008.166|ethf |*|00|Initial log entry. Current logging level 4
000008.167|dns  |*|00|Initial log entry. Current logging level 3
000008.167|curl |*|00|Initial log entry. Current logging level 3
000008.167|sec  |*|00|Initial log entry. Current logging level 4
000008.185|wdog |*|00|Initial log entry. Current logging level 4
000008.185|lldp |*|00|Initial log entry. Current logging level 3
000008.186|cdp  |*|00|Initial log entry. Current logging level 3
000008.186|key  |*|00|Initial log entry. Current logging level 4
000008.211|so   |3|00|Platform: Model=VVX 410, Assembly=3111-46162-001 Rev=A Region=0
000008.211|so   |3|00|Platform: Board=3111-46162-001 2 0
000008.212|so   |3|00|Platform: MAC=0004f28fd5d8
000008.213|so   |3|00|Platform: BootBlock=3.0.4.0146 (46162-001) 10-Jan-13 20:21
000008.214|so   |*|00|Platform: BootL1=1.0.0.0041 (46162-001) 10-Jan-13 20:16
000008.214|so   |3|00|Application, main: Label=Updater, Version=Peridot 5.1.4.0844 20-Mar-13 14:16
000008.214|so   |3|00|Application, main: P/N=3150-11069-514
000008.214|so   |5|00|Platform: Both images are incorrect, will use Primary Image.
000008.214|log  |*|00|Install file upload callback for 'Updater'

000008.215|app1 |*|00|Initial log entry. Current logging level 3
000008.258|cfg  |*|00|Initial log entry. Current logging level 2
000009.183|so   |3|00|Link status is Net up Speed 1000 full Duplex, PC down.
000008.263|so   |*|00|---------- Initial log entry ----------
000008.263|so   |*|00|+++ Note that Updater log times are in GMT +++
000008.264|boot |*|00|Initial log entry. Current logging level 3
000008.264|copy |*|00|Initial log entry. Current logging level 3
000008.264|utilm|*|00|Initial log entry. Current logging level 4
000008.264|hw   |*|00|Initial log entry. Current logging level 4
000008.264|ethf |*|00|Initial log entry. Current logging level 4
000008.264|dns  |*|00|Initial log entry. Current logging level 3
000008.264|curl |*|00|Initial log entry. Current logging level 3
000008.264|sec  |*|00|Initial log entry. Current logging level 4
000008.283|wdog |*|00|Initial log entry. Current logging level 4
000008.283|lldp |*|00|Initial log entry. Current logging level 3
000008.284|cdp  |*|00|Initial log entry. Current logging level 3
000008.284|key  |*|00|Initial log entry. Current logging level 4
000008.321|so   |3|00|Platform: Model=VVX 410, Assembly=3111-46162-001 Rev=A Region=0
000008.321|so   |3|00|Platform: Board=3111-46162-001 2 0
000008.322|so   |3|00|Platform: MAC=0004f28fd5d8
000008.323|so   |3|00|Platform: BootBlock=3.0.4.0146 (46162-001) 10-Jan-13 20:21
000008.324|so   |*|00|Platform: BootL1=1.0.0.0041 (46162-001) 10-Jan-13 20:16
000008.324|so   |3|00|Application, main: Label=Updater, Version=Peridot 5.1.4.0844 20-Mar-13 14:16
000008.324|so   |3|00|Application, main: P/N=3150-11069-514
000008.324|so   |5|00|Platform: Both images are incorrect, will use Primary Image.
000008.324|log  |*|00|Install file upload callback for 'Updater'

000008.325|app1 |*|00|Initial log entry. Current logging level 3
000008.368|cfg  |*|00|Initial log entry. Current logging level 2
000009.281|so   |3|00|Link status is Net up Speed 1000 full Duplex, PC up Speed 100 full Duplex.
