1102225527|so   |*|00|Task Trace tSysLgIcmp
1102225527|so   |*|00|Task Trace tNetLoad
1102225527|so   |*|00|94584c34                      : 947c1e0c (1, eeeeeeee, eeeeeeee, eeeeeeee)
1102225527|so   |*|00|Task Trace tCpuLoad
1102225527|so   |*|00|94551328                      : 947c1e0c (eeeeeeee, eeeeeeee, eeeeeeee, eeeeeeee)
1102225527|so   |*|00|Task Trace tIdle
1102225527|so   |*|00|Task Trace tEntropyGather
1102225527|so   |*|00|9458745c                      : 947c1e0c (eeeeeeee, eeeeeeee, eeeeeeee, eeeeeeee)
1102225527|so   |*|00|Task Trace tSupObjs
1102225527|so   |*|00|94477b18                      : 945933a0 (40, 0, 948b5360, 1002)
1102225527|so   |*|00|94593418                      : 947bd158 (94b35510, 32, 948b5488, 545726d9)
1102225527|so   |*|00|947bd428                      : 947d209c (95c75cf0, 94b8fb2c, 0, 9441ce8c)
1102225527|so   |*|00|Task Trace tWdbTask
1102225527|so   |*|00|Task Trace tCdpTx
1102225527|so   |*|00|943bcbb0                      : 947c1e0c (eeeeeeee, eeeeeeee, eeeeeeee, eeeeeeee)
1102225527|so   |*|00|Task Trace tDhcpcReadTask
1102225527|so   |*|00|Task Trace tDhcpcStateTask
1102225527|so   |*|00|Task Trace tCdpMon
1102225527|so   |*|00|943bc9ac                      : 947bd57c (95dc2748, 1e, 0, 1f40)
1102225527|so   |*|00|947bd7fc                      : 947d209c (14, 943b5a94, 10030005, 94b3457c)
1102225527|so   |*|00|Task Trace tLldpMon
1102225527|so   |*|00|943a7b48                      : 947bd57c (eeeeeeee, eeeeeeee, eeeeeeee, eeeeeeee)
1102225527|so   |*|00|947bd7fc                      : 947d209c (eeeeeeee, eeeeeeee, eeeeeeee, eeeeeeee)
1102225527|so   |*|00|Task Trace tNetTask
1102225527|so   |*|00|Task Trace tDcacheUpd
1102225527|so   |*|00|9477451c                      : 947c1e0c (eeeeeeee, eeeeeeee, eeeeeeee, 1)
1102225527|so   |*|00|Task Trace tPmtShell
1102225527|so   |*|00|Task Trace tTffsPTask
1102225527|so   |*|00|947b0ec8                      : 947c1e0c (eeeeeeee, eeeeeeee, eeeeeeee, eeeeeeee)
1102225527|so   |*|00|Task Trace tLogTask
1102225527|so   |*|00|9478a908                      : 947bd57c (eeeeeeee, eeeeeeee, eeeeeeee, eeeeeeee)
1102225527|so   |*|00|947bd7fc                      : 947d209c (0, 0, 0, 0)
1102225527|so   |*|00|Task Trace tExcTask
1102225527|so   |*|00|947854c8                      : 947bd57c (eeeeeeee, eeeeeeee, eeeeeeee, eeeeeeee)
1102225527|so   |*|00|947bd7fc                      : 947d209c (eeeeeeee, eeeeeeee, eeeeeeee, eeeeeeee)
1102225527|so   |*|00|Task Trace tBkLt
1102225527|so   |*|00|943be89c                      : 947c1e0c (db, eeeeeeee, eeeeeeee, eeeeeeee)
1102225527|so   |*|00|############################################
