000008.689|so   |*|01|---------- Initial log entry ----------
000008.689|so   |*|01|+++ Note that Updater log times are in GMT +++
000008.689|boot |*|01|Initial log entry. Current logging level 3
000008.690|copy |*|01|Initial log entry. Current logging level 3
000008.690|utilm|*|01|Initial log entry. Current logging level 4
000008.690|hw   |*|01|Initial log entry. Current logging level 4
000008.690|ethf |*|01|Initial log entry. Current logging level 4
000008.690|dns  |*|01|Initial log entry. Current logging level 3
000008.690|curl |*|01|Initial log entry. Current logging level 3
000008.690|sec  |*|01|Initial log entry. Current logging level 4
000008.703|wdog |*|01|Initial log entry. Current logging level 4
000008.704|lldp |*|01|Initial log entry. Current logging level 3
000008.704|cdp  |*|01|Initial log entry. Current logging level 3
000008.704|key  |*|01|Initial log entry. Current logging level 4
000008.732|so   |3|01|Platform: Model=VVX 300, Assembly=3111-46135-002 Rev=A Region=0
000008.732|so   |3|01|Platform: Board=3111-46135-002 1 0
000008.732|so   |3|01|Platform: MAC=0004f28e7582
000008.733|so   |3|01|Platform: BootBlock=3.0.4.0028 (46135-002) 30-Jan-13 18:00
000008.734|so   |*|01|Platform: BootL1=1.0.0.0009 (46135-002) 11-Jan-13 14:23
000008.734|so   |3|01|Application, main: Label=Updater, Version=Peridot 5.1.4.0844 20-Mar-13 14:16
000008.734|so   |3|01|Application, main: P/N=3150-11069-514
000008.734|so   |5|01|Platform: Both images are incorrect, will use Primary Image.
000008.734|log  |*|01|Install file upload callback for 'Updater'

000008.736|app1 |*|01|Initial log entry. Current logging level 3
000008.750|cfg  |*|01|Initial log entry. Current logging level 2
000009.702|so   |3|01|Link status is Net up Speed 100 full Duplex, PC down.
000008.108|so   |*|00|---------- Initial log entry ----------
000008.108|so   |*|00|+++ Note that Updater log times are in GMT +++
000008.108|boot |*|00|Initial log entry. Current logging level 3
000008.109|copy |*|00|Initial log entry. Current logging level 3
000008.109|utilm|*|00|Initial log entry. Current logging level 4
000008.109|hw   |*|00|Initial log entry. Current logging level 4
000008.109|ethf |*|00|Initial log entry. Current logging level 4
000008.109|dns  |*|00|Initial log entry. Current logging level 3
000008.109|curl |*|00|Initial log entry. Current logging level 3
000008.109|sec  |*|00|Initial log entry. Current logging level 4
000008.122|wdog |*|00|Initial log entry. Current logging level 4
000008.122|lldp |*|00|Initial log entry. Current logging level 3
000008.122|cdp  |*|00|Initial log entry. Current logging level 3
000008.122|key  |*|00|Initial log entry. Current logging level 4
000008.151|so   |3|00|Platform: Model=VVX 300, Assembly=3111-46135-002 Rev=A Region=0
000008.151|so   |3|00|Platform: Board=3111-46135-002 1 0
000008.152|so   |3|00|Platform: MAC=0004f28e7582
000008.153|so   |3|00|Platform: BootBlock=3.0.4.0028 (46135-002) 30-Jan-13 18:00
000008.154|so   |*|00|Platform: BootL1=1.0.0.0009 (46135-002) 11-Jan-13 14:23
000008.154|so   |3|00|Application, main: Label=Updater, Version=Peridot 5.1.4.0844 20-Mar-13 14:16
000008.154|so   |3|00|Application, main: P/N=3150-11069-514
000008.154|so   |5|00|Platform: Both images are incorrect, will use Primary Image.
000008.154|log  |*|00|Install file upload callback for 'Updater'

000008.155|app1 |*|00|Initial log entry. Current logging level 3
000008.169|cfg  |*|00|Initial log entry. Current logging level 2
000009.117|so   |3|00|Link status is Net up Speed 100 full Duplex, PC down.
000008.052|so   |*|00|---------- Initial log entry ----------
000008.052|so   |*|00|+++ Note that Updater log times are in GMT +++
000008.053|boot |*|00|Initial log entry. Current logging level 3
000008.053|copy |*|00|Initial log entry. Current logging level 3
000008.053|utilm|*|00|Initial log entry. Current logging level 4
000008.053|hw   |*|00|Initial log entry. Current logging level 4
000008.053|ethf |*|00|Initial log entry. Current logging level 4
000008.053|dns  |*|00|Initial log entry. Current logging level 3
000008.053|curl |*|00|Initial log entry. Current logging level 3
000008.054|sec  |*|00|Initial log entry. Current logging level 4
000008.066|wdog |*|00|Initial log entry. Current logging level 4
000008.066|lldp |*|00|Initial log entry. Current logging level 3
000008.066|cdp  |*|00|Initial log entry. Current logging level 3
000008.067|key  |*|00|Initial log entry. Current logging level 4
000008.091|so   |3|00|Platform: Model=VVX 300, Assembly=3111-46135-002 Rev=A Region=0
000008.091|so   |3|00|Platform: Board=3111-46135-002 1 0
000008.092|so   |3|00|Platform: MAC=0004f28e7582
000008.093|so   |3|00|Platform: BootBlock=3.0.4.0028 (46135-002) 30-Jan-13 18:00
000008.094|so   |*|00|Platform: BootL1=1.0.0.0009 (46135-002) 11-Jan-13 14:23
000008.094|so   |3|00|Application, main: Label=Updater, Version=Peridot 5.1.4.0844 20-Mar-13 14:16
000008.094|so   |3|00|Application, main: P/N=3150-11069-514
000008.094|so   |5|00|Platform: Both images are incorrect, will use Primary Image.
000008.094|log  |*|00|Install file upload callback for 'Updater'

000008.095|app1 |*|00|Initial log entry. Current logging level 3
000008.109|cfg  |*|00|Initial log entry. Current logging level 2
000009.061|so   |3|00|Link status is Net up Speed 100 full Duplex, PC down.
000008.058|so   |*|00|---------- Initial log entry ----------
000008.059|so   |*|00|+++ Note that Updater log times are in GMT +++
000008.059|boot |*|00|Initial log entry. Current logging level 3
000008.059|copy |*|00|Initial log entry. Current logging level 3
000008.059|utilm|*|00|Initial log entry. Current logging level 4
000008.059|hw   |*|00|Initial log entry. Current logging level 4
000008.059|ethf |*|00|Initial log entry. Current logging level 4
000008.059|dns  |*|00|Initial log entry. Current logging level 3
000008.060|curl |*|00|Initial log entry. Current logging level 3
000008.060|sec  |*|00|Initial log entry. Current logging level 4
000008.072|wdog |*|00|Initial log entry. Current logging level 4
000008.073|lldp |*|00|Initial log entry. Current logging level 3
000008.073|cdp  |*|00|Initial log entry. Current logging level 3
000008.073|key  |*|00|Initial log entry. Current logging level 4
000008.101|so   |3|00|Platform: Model=VVX 300, Assembly=3111-46135-002 Rev=A Region=0
000008.101|so   |3|00|Platform: Board=3111-46135-002 1 0
000008.102|so   |3|00|Platform: MAC=0004f28e7582
000008.103|so   |3|00|Platform: BootBlock=3.0.4.0028 (46135-002) 30-Jan-13 18:00
000008.104|so   |*|00|Platform: BootL1=1.0.0.0009 (46135-002) 11-Jan-13 14:23
000008.104|so   |3|00|Application, main: Label=Updater, Version=Peridot 5.1.4.0844 20-Mar-13 14:16
000008.104|so   |3|00|Application, main: P/N=3150-11069-514
000008.104|so   |5|00|Platform: Both images are incorrect, will use Primary Image.
000008.104|log  |*|00|Install file upload callback for 'Updater'

000008.105|app1 |*|00|Initial log entry. Current logging level 3
000008.119|cfg  |*|00|Initial log entry. Current logging level 2
000009.066|so   |3|00|Link status is Net up Speed 100 full Duplex, PC down.
000008.051|so   |*|00|---------- Initial log entry ----------
000008.051|so   |*|00|+++ Note that Updater log times are in GMT +++
000008.051|boot |*|00|Initial log entry. Current logging level 3
000008.051|copy |*|00|Initial log entry. Current logging level 3
000008.051|utilm|*|00|Initial log entry. Current logging level 4
000008.051|hw   |*|00|Initial log entry. Current logging level 4
000008.052|ethf |*|00|Initial log entry. Current logging level 4
000008.052|dns  |*|00|Initial log entry. Current logging level 3
000008.052|curl |*|00|Initial log entry. Current logging level 3
000008.052|sec  |*|00|Initial log entry. Current logging level 4
000008.065|wdog |*|00|Initial log entry. Current logging level 4
000008.065|lldp |*|00|Initial log entry. Current logging level 3
000008.065|cdp  |*|00|Initial log entry. Current logging level 3
000008.065|key  |*|00|Initial log entry. Current logging level 4
000008.091|so   |3|00|Platform: Model=VVX 300, Assembly=3111-46135-002 Rev=A Region=0
000008.091|so   |3|00|Platform: Board=3111-46135-002 1 0
000008.092|so   |3|00|Platform: MAC=0004f28e7582
000008.093|so   |3|00|Platform: BootBlock=3.0.4.0028 (46135-002) 30-Jan-13 18:00
000008.094|so   |*|00|Platform: BootL1=1.0.0.0009 (46135-002) 11-Jan-13 14:23
000008.094|so   |3|00|Application, main: Label=Updater, Version=Peridot 5.1.4.0844 20-Mar-13 14:16
000008.094|so   |3|00|Application, main: P/N=3150-11069-514
000008.094|so   |5|00|Platform: Both images are incorrect, will use Primary Image.
000008.094|log  |*|00|Install file upload callback for 'Updater'

000008.095|app1 |*|00|Initial log entry. Current logging level 3
000008.109|cfg  |*|00|Initial log entry. Current logging level 2
000009.060|so   |3|00|Link status is Net up Speed 100 full Duplex, PC down.
000008.062|so   |*|00|---------- Initial log entry ----------
000008.062|so   |*|00|+++ Note that Updater log times are in GMT +++
000008.062|boot |*|00|Initial log entry. Current logging level 3
000008.063|copy |*|00|Initial log entry. Current logging level 3
000008.063|utilm|*|00|Initial log entry. Current logging level 4
000008.063|hw   |*|00|Initial log entry. Current logging level 4
000008.063|ethf |*|00|Initial log entry. Current logging level 4
000008.063|dns  |*|00|Initial log entry. Current logging level 3
000008.063|curl |*|00|Initial log entry. Current logging level 3
000008.063|sec  |*|00|Initial log entry. Current logging level 4
000008.076|wdog |*|00|Initial log entry. Current logging level 4
000008.076|lldp |*|00|Initial log entry. Current logging level 3
000008.076|cdp  |*|00|Initial log entry. Current logging level 3
000008.076|key  |*|00|Initial log entry. Current logging level 4
000008.101|so   |3|00|Platform: Model=VVX 300, Assembly=3111-46135-002 Rev=A Region=0
000008.101|so   |3|00|Platform: Board=3111-46135-002 1 0
000008.102|so   |3|00|Platform: MAC=0004f28e7582
000008.103|so   |3|00|Platform: BootBlock=3.0.4.0028 (46135-002) 30-Jan-13 18:00
000008.104|so   |*|00|Platform: BootL1=1.0.0.0009 (46135-002) 11-Jan-13 14:23
000008.104|so   |3|00|Application, main: Label=Updater, Version=Peridot 5.1.4.0844 20-Mar-13 14:16
000008.104|so   |3|00|Application, main: P/N=3150-11069-514
000008.104|so   |5|00|Platform: Both images are incorrect, will use Primary Image.
000008.104|log  |*|00|Install file upload callback for 'Updater'

000008.105|app1 |*|00|Initial log entry. Current logging level 3
000008.119|cfg  |*|00|Initial log entry. Current logging level 2
000009.069|so   |3|00|Link status is Net up Speed 100 full Duplex, PC down.
000008.674|so   |*|00|---------- Initial log entry ----------
000008.674|so   |*|00|+++ Note that Updater log times are in GMT +++
000008.674|boot |*|00|Initial log entry. Current logging level 3
000008.674|copy |*|00|Initial log entry. Current logging level 3
000008.674|utilm|*|00|Initial log entry. Current logging level 4
000008.674|hw   |*|00|Initial log entry. Current logging level 4
000008.675|ethf |*|00|Initial log entry. Current logging level 4
000008.675|dns  |*|00|Initial log entry. Current logging level 3
000008.675|curl |*|00|Initial log entry. Current logging level 3
000008.675|sec  |*|00|Initial log entry. Current logging level 4
000008.688|wdog |*|00|Initial log entry. Current logging level 4
000008.688|lldp |*|00|Initial log entry. Current logging level 3
000008.688|cdp  |*|00|Initial log entry. Current logging level 3
000008.688|key  |*|00|Initial log entry. Current logging level 4
000008.711|so   |3|00|Platform: Model=VVX 300, Assembly=3111-46135-002 Rev=A Region=0
000008.711|so   |3|00|Platform: Board=3111-46135-002 1 0
000008.712|so   |3|00|Platform: MAC=0004f28e7582
000008.713|so   |3|00|Platform: BootBlock=3.0.4.0028 (46135-002) 30-Jan-13 18:00
000008.714|so   |*|00|Platform: BootL1=1.0.0.0009 (46135-002) 11-Jan-13 14:23
000008.714|so   |3|00|Application, main: Label=Updater, Version=Peridot 5.1.4.0844 20-Mar-13 14:16
000008.714|so   |3|00|Application, main: P/N=3150-11069-514
000008.714|so   |5|00|Platform: Both images are incorrect, will use Primary Image.
000008.714|log  |*|00|Install file upload callback for 'Updater'

000008.715|app1 |*|00|Initial log entry. Current logging level 3
000008.730|cfg  |*|00|Initial log entry. Current logging level 2
000009.684|so   |3|00|Link status is Net up Speed 100 full Duplex, PC down.
000008.211|so   |*|00|---------- Initial log entry ----------
000008.211|so   |*|00|+++ Note that Updater log times are in GMT +++
000008.211|boot |*|00|Initial log entry. Current logging level 3
000008.211|copy |*|00|Initial log entry. Current logging level 3
000008.211|utilm|*|00|Initial log entry. Current logging level 4
000008.212|hw   |*|00|Initial log entry. Current logging level 4
000008.212|ethf |*|00|Initial log entry. Current logging level 4
000008.212|dns  |*|00|Initial log entry. Current logging level 3
000008.212|curl |*|00|Initial log entry. Current logging level 3
000008.212|sec  |*|00|Initial log entry. Current logging level 4
000008.224|wdog |*|00|Initial log entry. Current logging level 4
000008.225|lldp |*|00|Initial log entry. Current logging level 3
000008.225|cdp  |*|00|Initial log entry. Current logging level 3
000008.225|key  |*|00|Initial log entry. Current logging level 4
000008.251|so   |3|00|Platform: Model=VVX 300, Assembly=3111-46135-002 Rev=A Region=0
000008.252|so   |3|00|Platform: Board=3111-46135-002 1 0
000008.252|so   |3|00|Platform: MAC=0004f28e7582
000008.253|so   |3|00|Platform: BootBlock=3.0.4.0028 (46135-002) 30-Jan-13 18:00
000008.254|so   |*|00|Platform: BootL1=1.0.0.0009 (46135-002) 11-Jan-13 14:23
000008.254|so   |3|00|Application, main: Label=Updater, Version=Peridot 5.1.4.0844 20-Mar-13 14:16
000008.254|so   |3|00|Application, main: P/N=3150-11069-514
000008.254|so   |5|00|Platform: Both images are incorrect, will use Primary Image.
000008.254|log  |*|00|Install file upload callback for 'Updater'

000008.255|app1 |*|00|Initial log entry. Current logging level 3
000008.270|cfg  |*|00|Initial log entry. Current logging level 2
000009.218|so   |3|00|Link status is Net up Speed 100 full Duplex, PC down.
000008.100|so   |*|00|---------- Initial log entry ----------
000008.100|so   |*|00|+++ Note that Updater log times are in GMT +++
000008.100|boot |*|00|Initial log entry. Current logging level 3
000008.100|copy |*|00|Initial log entry. Current logging level 3
000008.100|utilm|*|00|Initial log entry. Current logging level 4
000008.100|hw   |*|00|Initial log entry. Current logging level 4
000008.100|ethf |*|00|Initial log entry. Current logging level 4
000008.100|dns  |*|00|Initial log entry. Current logging level 3
000008.100|curl |*|00|Initial log entry. Current logging level 3
000008.101|sec  |*|00|Initial log entry. Current logging level 4
000008.113|wdog |*|00|Initial log entry. Current logging level 4
000008.114|lldp |*|00|Initial log entry. Current logging level 3
000008.114|cdp  |*|00|Initial log entry. Current logging level 3
000008.114|key  |*|00|Initial log entry. Current logging level 4
000008.141|so   |3|00|Platform: Model=VVX 300, Assembly=3111-46135-002 Rev=A Region=0
000008.141|so   |3|00|Platform: Board=3111-46135-002 1 0
000008.142|so   |3|00|Platform: MAC=0004f28e7582
000008.143|so   |3|00|Platform: BootBlock=3.0.4.0028 (46135-002) 30-Jan-13 18:00
000008.144|so   |*|00|Platform: BootL1=1.0.0.0009 (46135-002) 11-Jan-13 14:23
000008.144|so   |3|00|Application, main: Label=Updater, Version=Peridot 5.1.4.0844 20-Mar-13 14:16
000008.144|so   |3|00|Application, main: P/N=3150-11069-514
000008.144|so   |5|00|Platform: Both images are incorrect, will use Primary Image.
000008.144|log  |*|00|Install file upload callback for 'Updater'

000008.145|app1 |*|00|Initial log entry. Current logging level 3
000008.159|cfg  |*|00|Initial log entry. Current logging level 2
000008.163|dot1x|*|00|Initial log entry. Current logging level 3
000008.163|app1 |3|00|Starting provisioning because of the start type.
000008.363|tls  |*|00|Initial log entry. Current logging level 4
000009.107|so   |3|00|Link status is Net up Speed 100 full Duplex, PC down.
000011.238|lldp |3|00|Enabling 802.1Q tagging, VLAN ID = 111 (from LLDP/CDP)
000011.238|lldp |5|00|VLAN Id has changed to 111.
000014.443|lldp |3|00|LLDP received a response from a switch. LLDP enabled.
000014.510|dhcpc|*|00|Initial log entry. Current logging level 4
000017.246|dns  |*|00|DNS resolver servers are '8.8.8.8' '8.8.4.4'
000017.247|dns  |*|00|DNS resolver search domain is ''
000017.247|app1 |3|00|DNS resolver servers are '8.8.8.8' '8.8.4.4'
000017.247|app1 |3|00|DNS resolver search domain is ''
000017.430|dns  |3|00|DNS lookup for (A) 'p.voxter.com'(74.114.208.245) TTL=2559
000017.431|app1 |3|00|DHCP returned result 0x18F from server 10.2.0.2.
000017.432|app1 |3|00|   Phone IP address is 10.2.0.231.
000017.432|app1 |3|00|   Subnet mask is 255.255.255.0.
000017.432|app1 |3|00|   Gateway address is 10.2.0.1.
000017.432|app1 |3|00|   Provisioning server address is http://p.voxter.com/.
000017.432|app1 |3|00|   DNS server is 8.8.8.8.
000017.432|app1 |3|00|   DNS alternate server is 8.8.4.4.
000017.619|dns  |3|00|DNS lookup for (A) 'pool.ntp.org'(206.108.0.132,199.167.128.130,104.167.108.120) TTL=60
0422013530|app1 |3|00|Time has been set from pool.ntp.org (206.108.0.132).
0422013530|app1 |3|00|   1429666530: 2015-4-22, 1:35:30, DST off
0422013530|copy |3|00|'http://PlcmSpIp:****@p.voxter.com/0004f28e7582.cfg' from 'p.voxter.com(74.114.208.245)'
0422013531|copy |3|00|Download of '0004f28e7582.cfg' succeeded on attempt 1 (addr 1 of 1)
0422013531|cfg  |*|00|Prov|Starting to update 3111-46135-002.sip.ld
0422013531|copy |3|00|'http://PlcmSpIp:****@p.voxter.com/3111-46135-002.sip.ld' from 'p.voxter.com(74.114.208.245)'
0422013531|cfg  |3|00|New load header information:
0422013531|cfg  |3|00|Code length:         0x027559F0
0422013531|cfg  |3|00|Code Checksum:       0x38A3BFD9
0422013531|cfg  |3|00|Options:             0x00000080
0422013531|cfg  |3|00|Recognized container image
0422013531|cfg  |3|00|New load header information:
0422013531|cfg  |3|00|Code length:         0x020760FC
0422013531|cfg  |3|00|Code Checksum:       0x02B7DAEB
0422013531|cfg  |3|00|Options:             0x00000002
0422013531|cfg  |3|00|Application header is different
0422013531|cfg  |3|00|Application in container image 1 is different
0422013531|cfg  |3|00|New load header information:
0422013531|cfg  |3|00|Code length:         0x006DEFE4
0422013531|cfg  |3|00|Code Checksum:       0x38A32210
0422013531|cfg  |3|00|Options:             0x00000010
0422013531|cfg  |3|00|Updater header is different
0422013531|cfg  |3|00|Updater in container image 2 is different
0422013531|cfg  |3|00|Using Updater
0422013844|cfg  |*|00|Prov|Updating the Updater
0422013844|cfg  |3|00|Using compatible image 0
0422013958|copy |3|00|Download of '3111-46135-002.sip.ld' succeeded on attempt 1 (addr 1 of 1)
0422013959|sig  |*|00|Initial log entry. Current logging level 3
0422013959|sig  |3|00|hwSigParseRemove: found key Sig_3.
0422013959|cfg  |3|00|Good image signature
0422013959|cfg  |4|00|Removing application...
0422014004|cfg  |3|00|Programming Updater from sector 320 to 575
0422014011|cfg  |3|00|Programming to sector 320 complete
0422014013|cfg  |*|00|Prov|Image has been changed
0422014013|cfg  |*|00|Prov|Provisioning needs to reboot to upgrade image(s)
000008.571|so   |*|00|---------- Initial log entry ----------
000008.571|so   |*|00|+++ Note that Updater log times are in GMT +++
000008.571|boot |*|00|Initial log entry. Current logging level 3
000008.572|copy |*|00|Initial log entry. Current logging level 3
000008.572|utilm|*|00|Initial log entry. Current logging level 4
000008.572|hw   |*|00|Initial log entry. Current logging level 4
000008.572|ethf |*|00|Initial log entry. Current logging level 4
000008.572|dns  |*|00|Initial log entry. Current logging level 3
000008.572|curl |*|00|Initial log entry. Current logging level 3
000008.572|sec  |*|00|Initial log entry. Current logging level 4
000008.832|wdog |*|00|Initial log entry. Current logging level 4
000008.832|lldp |*|00|Initial log entry. Current logging level 3
000008.832|cdp  |*|00|Initial log entry. Current logging level 3
000008.832|key  |*|00|Initial log entry. Current logging level 4
000008.832|so   |3|00|SoKeyC::keyboardSetup(): Assigning virtual key: hwId 45 soKeyConcordVirtualTab[i].function 53
000008.862|so   |3|00|Platform: Model=VVX 300, Assembly=3111-46135-002 Rev=A Region=0
000008.862|so   |3|00|Platform: Board=3111-46135-002 1 0
000008.863|so   |3|00|Platform: MAC=0004f28e7582
000008.864|so   |3|00|Platform: BootBlock=3.0.4.0028 (46135-002) 30-Jan-13 18:00
000008.864|so   |*|00|Platform: BootL1=1.0.0.0009 (46135-002) 11-Jan-13 14:23
000008.865|so   |3|00|Application, main: Label=Updater, Version=Fayalite 5.5.0.13251 24-Mar-15 02:46
000008.865|so   |3|00|Application, main: P/N=3150-11069-550
000008.865|log  |*|00|Install file upload callback for 'Updater'

000008.866|app1 |*|00|Initial log entry. Current logging level 3
000008.878|cfg  |*|00|Initial log entry. Current logging level 2
000008.883|dot1x|*|00|Initial log entry. Current logging level 3
000008.883|app1 |3|00|Starting provisioning because of the start type.
000009.088|tls  |*|00|Initial log entry. Current logging level 4
000009.822|so   |3|00|Link status is Net up Speed 100 full Duplex, PC down.
000011.392|lldp |3|00|Enabling 802.1Q tagging, VLAN ID = 111 (from LLDP/CDP)
000011.392|lldp |5|00|VLAN Id has changed to 111.
000015.179|lldp |3|00|LLDP received a response from a switch. LLDP enabled.
000015.371|dhcpc|*|00|Initial log entry. Current logging level 2
000015.373|dhcpc|3|00|dhcAddIf v4 succeeds: eth0.111.
000015.377|dhcpc|3|00|dhcRebind v4: Will wait until sync rebind completes.
000015.913|dhcpc|3|00|relLease(0) v4: Succeeded to fork dhclient to terminate.
000016.563|dhcpc|3|00|dhcListener: Read succeeds: eth0.111 state: PREINIT
.
000016.564|dhcpc|4|00|DhcpClient::processLine: no callback for state 1 if eth0.111
000017.761|dhcpc|3|00|dhcListener: Read succeeds: eth0.111 ip: 10.2.0.231
.
000017.763|dhcpc|3|00|dhcListener: Read succeeds: eth0.111 option: subnet-mask 255.255.255.0
.
000017.764|dhcpc|3|00|dhcListener: Read succeeds: eth0.111 option: routers 10.2.0.1
.
000017.765|dhcpc|3|00|dhcListener: Read succeeds: eth0.111 option: domain-name-servers 8.8.8.8 8.8.4.4
.
000017.767|dhcpc|3|00|dhcListener: Read succeeds: eth0.111 option: dhcp-lease-time 600
.
000017.768|dhcpc|3|00|dhcListener: Read succeeds: eth0.111 option: tftp-server-name http://p.voxter.com/
.
000017.769|dhcpc|3|00|dhcListener: Read succeeds: eth0.111 option: dhcp-server-identifier 10.2.0.2
.
000017.775|dhcpc|3|00|dhcListener: Read succeeds: eth0.111 option: broadcast-address 10.2.0.255
.
000017.779|dhcpc|3|00|dhcListener: Read succeeds: eth0.111 option: dhcp-lease-time 600
.
000017.781|dhcpc|3|00|dhcListener: Read succeeds: eth0.111 option: dhcp-message-type 5
.
000017.816|dhcpc|3|00|dhcListener: Read succeeds: eth0.111 state: BOUND
.
000017.816|dhcpc|4|00|DhcpClient::processLine: no callback for state 2 if eth0.111
000017.817|dhcpc|3|00|dhcRebind v4: Sync rebind succeeds.
000017.817|dhcpc|3|00|Program eth0.111 to use subnet mask 255.255.255.0, result 0.
000017.818|dhcpc|3|00|Program eth0.111 to use ip address 10.2.0.231, result 0.
000017.818|dhcpc|3|00|Program eth0.111 to use router 10.2.0.1, result 0.
000017.837|dhcpc|3|00|getLease v4: Succeeded to fork dhclient for interface eth0.111.
000018.828|ares |*|00|Initial log entry. Current logging level 3
000018.830|dns  |*|00|DNS resolver servers are '8.8.8.8' '8.8.4.4'
000018.830|dns  |*|00|DNS resolver search domain is ''
000018.830|app1 |3|00|DNS resolver servers are '8.8.8.8' '8.8.4.4'
000018.830|app1 |3|00|DNS resolver search domain is ''
000019.015|app1 |3|00|DHCP returned result 0x18F from server 10.2.0.2.
000019.015|app1 |3|00|   Phone IPv4 address is 10.2.0.231.
000019.015|app1 |3|00|   Subnet mask is 255.255.255.0.
000019.015|app1 |3|00|   Gateway address is 10.2.0.1.
000019.015|app1 |3|00|   Provisioning server address is http://p.voxter.com/.
000019.015|app1 |3|00|   DNS server is 8.8.8.8
000019.015|app1 |3|00|   DNS alternate server is 8.8.4.4.
0422014047|app1 |3|00|Time has been set from pool.ntp.org (199.167.128.130).
0422014047|app1 |3|00|   1429666847: 2015-4-22, 1:40:47, DST off
0422014047|copy |3|00|'http://PlcmSpIp:****@p.voxter.com/0004f28e7582.cfg' from 'p.voxter.com(74.114.208.245)'
0422014048|copy |3|00|Download of '0004f28e7582.cfg' succeeded on attempt 1 (addr 1 of 1)
0422014048|cfg  |*|00|Prov|Starting to update 3111-46135-002.sip.ld
0422014048|copy |3|00|'http://PlcmSpIp:****@p.voxter.com/3111-46135-002.sip.ld' from 'p.voxter.com(74.114.208.245)'
0422014049|cfg  |3|00|New load header information:
0422014049|cfg  |3|00|Code length:         0x027559F0
0422014049|cfg  |3|00|Code Checksum:       0x38A3BFD9
0422014049|cfg  |3|00|Options:             0x00000080
0422014049|cfg  |3|00|Recognized container image
0422014049|cfg  |3|00|New load header information:
0422014049|cfg  |3|00|Code length:         0x020760FC
0422014049|cfg  |3|00|Code Checksum:       0x02B7DAEB
0422014049|cfg  |3|00|Options:             0x00000002
0422014049|cfg  |3|00|Could not open application file for checking
0422014049|cfg  |3|00|Application in container image 1 is different
0422014049|cfg  |3|00|New load header information:
0422014049|cfg  |3|00|Code length:         0x006DEFE4
0422014049|cfg  |3|00|Code Checksum:       0x38A32210
0422014049|cfg  |3|00|Options:             0x00000010
0422014049|cfg  |3|00|Updater is already present
0422014049|cfg  |3|00|Updater in container image 2 is not different
0422014049|cfg  |3|00|Using application
0422014049|cfg  |*|00|Prov|Updating the Application
0422014049|cfg  |3|00|Using compatible image 0
0422014459|dhcpc|3|00|dhcListener: Read succeeds: eth0.111 state: RENEW
.
0422014459|dhcpc|4|00|DhcpClient::processLine: no callback for state 6 if eth0.111
0422014959|dhcpc|3|00|dhcListener: Read succeeds: eth0.111 state: RENEW
.
0422014959|dhcpc|4|00|DhcpClient::processLine: no callback for state 6 if eth0.111
0422015256|copy |3|00|buffered_write: transfer terminated
0422015256|copy |3|00|Download of '3111-46135-002.sip.ld' succeeded on attempt 1 (addr 1 of 1)
0422015257|sig  |*|00|Initial log entry. Current logging level 3
0422015257|sig  |3|00|hwSigParseRemove: found key Sig_3.
0422015300|cfg  |3|00|Good image signature
0422015300|cfg  |3|00|Programming 34038588 bytes into tffs in 4K blocks
0422015303|cfg  |3|00|Extracting application files
0422015303|cfg  |3|00|New load header information:
0422015303|cfg  |3|00|Code length:         0x020760FC
0422015303|cfg  |3|00|Code Checksum:       0x02B7DAEB
0422015303|cfg  |3|00|Options:             0x00000002
0422015431|dhcpc|3|00|dhcListener: Read succeeds: eth0.111 state: RENEW
.
0422015431|dhcpc|4|00|DhcpClient::processLine: no callback for state 6 if eth0.111
0422015530|cfg  |3|00|Finished extracting application files (OK)
0422015535|cfg  |3|00|File system is synchronized
0422015535|cfg  |*|00|Prov|Succeeded updating file 3111-46135-002.sip.ld
0422015535|cfg  |*|00|Prov|Image has been changed
0422015535|cfg  |3|00|Prov|Provisioning succeeded
0422015535|app1 |3|00|Application, load: Type=SIP, Version=5.3.0.12074 24-Mar-15 03:06
0422015535|cfg  |*|00|Prov|Finished updating configuration
0422015535|boot |*|00|Using TFFS for flash load
0422015535|boot |*|00|Code length:         0x020760FC
0422015535|boot |*|00|Code checksum:       0x02B7DAEB
0422015536|app1 |4|00|Loaded application sip.ld from local system successfully.
0422015536|app1 |6|00|Uploading boot log, time is Wed Apr 22 01:55:36 2015

0422015536|copy |3|00|'http://PlcmSpIp:****@p.voxter.com/logs/0004f28e7582-boot.log' to 'p.voxter.com(74.114.208.245)'
0422015538|copy |3|00|Upload of 'logs/0004f28e7582-boot.log' succeeded on attempt 1 (addr 1 of 1)
0422015538|dhcpc|3|00|relLease(0) v4: Succeeded to fork dhclient to terminate.
0422015557|cfg  |3|00|Prov|Shutting down
