0420075550|sip  |4|00|NAPTR query for host 'vantage.fullymanaged.sip.voxter.com' returned no results
0420125624|sip  |4|00|Registration failed User: 3812, Error Code:480 Temporarily not available
0421060507|sip  |4|00|NAPTR query for host 'vantage.fullymanaged.sip.voxter.com' returned no results
0421092325|so   |4|00|IsDivertFeaturesEnabled - EXIT
0421092325|so   |4|00|IsDivertFeaturesEnabled - EXIT
0421092556|app1 |4|00|DBS event contains a handle (0xef0808) that's invalid
0421092556|app1 |4|00|DBS event contains a handle (0xf06d50) that's invalid
0421092621|clist|4|00|dbIO::processResult:copy error
0421092621|clist|4|00|dbSet::mem2srv:transfer failed
0421093916|so   |4|00|IsDivertFeaturesEnabled - EXIT
0421093916|so   |4|00|IsDivertFeaturesEnabled - EXIT
0421093958|app1 |4|00|DBS event contains a handle (0xef0808) that's invalid
0421093958|app1 |4|00|DBS event contains a handle (0xf06d50) that's invalid
0421094021|clist|4|00|dbIO::processResult:copy error
0421094021|clist|4|00|dbSet::mem2srv:transfer failed
0421094232|so   |4|00|IsDivertFeaturesEnabled - EXIT
0421094232|so   |4|00|IsDivertFeaturesEnabled - EXIT
0421094248|app1 |4|00|DBS event contains a handle (0xef0808) that's invalid
0421094248|app1 |4|00|DBS event contains a handle (0xf06d50) that's invalid
0421094321|clist|4|00|dbIO::processResult:copy error
0421094321|clist|4|00|dbSet::mem2srv:transfer failed
0421124154|app1 |4|00|DBS event contains a handle (0xef0808) that's invalid
0421124154|app1 |4|00|DBS event contains a handle (0xf06d50) that's invalid
0421124221|clist|4|00|dbIO::processResult:copy error
0421124221|clist|4|00|dbSet::mem2srv:transfer failed
0421124638|app1 |4|00|DBS event contains a handle (0xef0808) that's invalid
0421124638|app1 |4|00|DBS event contains a handle (0xf06d50) that's invalid
0421124721|clist|4|00|dbIO::processResult:copy error
0421124721|clist|4|00|dbSet::mem2srv:transfer failed
0421125526|so   |4|00|IsDivertFeaturesEnabled - EXIT
0421125526|so   |4|00|IsDivertFeaturesEnabled - EXIT
0421125742|app1 |4|00|DBS event contains a handle (0xef0808) that's invalid
0421125742|app1 |4|00|DBS event contains a handle (0xf06d50) that's invalid
0421125821|clist|4|00|dbIO::processResult:copy error
0421125821|clist|4|00|dbSet::mem2srv:transfer failed
0421131354|so   |4|00|IsDivertFeaturesEnabled - EXIT
0421131354|so   |4|00|IsDivertFeaturesEnabled - EXIT
0421131635|app1 |4|00|DBS event contains a handle (0xef0808) that's invalid
0421131635|app1 |4|00|DBS event contains a handle (0xf06d50) that's invalid
0421131710|so   |4|00|IsDivertFeaturesEnabled - EXIT
0421131710|so   |4|00|IsDivertFeaturesEnabled - EXIT
0421131721|clist|4|00|dbIO::processResult:copy error
0421131721|clist|4|00|dbSet::mem2srv:transfer failed
0421131808|app1 |4|00|DBS event contains a handle (0xef0808) that's invalid
0421131808|app1 |4|00|DBS event contains a handle (0xf06d50) that's invalid
0421131821|clist|4|00|dbIO::processResult:copy error
0421131821|clist|4|00|dbSet::mem2srv:transfer failed
