000000.285|so   |*|00|---------- Initial log entry ----------
000000.285|so   |*|00|+++ Note that bootrom log times are in GMT +++
000000.285|copy |*|00|Initial log entry. Current logging level 3
000000.285|utilm|*|00|Initial log entry. Current logging level 4
000000.285|hw   |*|00|Initial log entry. Current logging level 4
000000.285|ethf |*|00|Initial log entry. Current logging level 4
000000.285|dns  |*|00|Initial log entry. Current logging level 3
000000.285|curl |*|00|Initial log entry. Current logging level 3
000000.285|sec  |*|00|Initial log entry. Current logging level 4
000000.440|wdog |*|00|Initial log entry. Current logging level 4
000000.440|lldp |*|00|Initial log entry. Current logging level 3
000000.440|lldp |3|00|LLDP is DISABLED.
000000.440|cdp  |*|00|Initial log entry. Current logging level 3
000000.440|cdp  |3|00|CDP is DISABLED.
000000.440|key  |*|00|Initial log entry. Current logging level 4
000000.455|so   |3|00|Platform: Model=SoundStation IP 5000, Assembly=3111-30900-001 Rev=G Region=0
000000.455|so   |3|00|Platform: Board=3111-30900-001 1 0
000000.455|so   |3|00|Platform: MAC=0004f2f33325, IP=Resolving, Subnet Mask=Resolving
000000.455|so   |3|00|Platform: BootBlock=3.0.2.0024 (30900-001) 30-Nov-10 15:06
000000.455|so   |3|00|Application, main: Label=BOOT, Version=Muscovite 4.4.0.0080 26-Jul-11 13:56
000000.455|so   |3|00|Application, main: P/N=3150-11069-440
000000.455|app1 |*|00|Initial log entry. Current logging level 3
000000.600|cfg  |*|00|Initial log entry. Current logging level 2
000000.670|cfg  |3|00|Current BootBlock revision is '3.0.2 (30900-001).0024'
000000.670|cfg  |*|00|Prov|Updating BootBlock
000000.670|cfg  |3|00|Checking pre-compiled image 3111-30900-001.bootblock.ld
000000.670|cfg  |3|00|New load header information:
000000.670|cfg  |3|00|Code length:         0x0000F119
000000.670|cfg  |3|00|Header check Sum:    0x0066D5C9
000000.670|cfg  |3|00|Code check Sum:      0x0065E284
000000.670|cfg  |3|00|Options:             0x00000020
000000.670|cfg  |3|00|Recognized compatible bootBlock
000000.680|cfg  |3|00|BootBlock is already present
000000.680|cfg  |3|00|Image is already up to date
000000.680|app1 |*|00|BootBlock is already up to date.
000001.440|so   |3|00|Link status is Net up Speed 100 full Duplex.
000012.245|lldp |3|00|LLDP did not receive a response from a switch. Disabling LLDP.
000018.130|cdp  |3|00|CDP did not receive a response from a switch. Disabling CDP.
000028.635|app1 |3|00|DNS resolver servers are '192.168.2.16' '192.168.2.17'
000028.635|app1 |3|00|DNS resolver search domain is 'cumulusnetworks.com'
000028.640|app1 |3|00|Bootline: esw(3,0)bootHost:flash e=192.168.0.83:fffffc00:258:1a h=74.114.208.40 g=192.168.1.1 u=**** pw=**** f=0x40 tn=CircaIP
000028.640|app1 |4|00|Could not load time from  (0.0.0.0).
000028.640|app1 |3|00|DHCP returned result 0x387 from server 192.168.2.16.
000028.640|app1 |3|00|   Phone IP address is 192.168.0.83.
000028.640|app1 |3|00|   Subnet mask is 255.255.252.0.
000028.640|app1 |3|00|   Gateway address is 192.168.1.1.
000028.640|app1 |3|00|   DNS server is 192.168.2.16.
000028.640|app1 |3|00|   DNS alternate server is 192.168.2.17.
000028.640|app1 |3|00|   DNS domain is cumulusnetworks.com.
000029.045|dns  |3|00|DNS lookup for 'p.voxter.com'(74.114.208.41,74.114.208.40) TTL=27960
000029.045|copy |3|00|'http://PlcmSpIp:****@p.voxter.com/0004f2f33325.cfg' from 'p.voxter.com(74.114.208.41)'
000029.380|copy |3|00|Download of '0004f2f33325.cfg' succeeded on attempt 1 (addr 1 of 2)
000029.435|cfg  |*|00|Prov|Starting to update 3111-30900-001.sip.ld
000029.550|copy |3|00|'http://PlcmSpIp:****@p.voxter.com/3111-30900-001.sip.ld' from 'p.voxter.com(74.114.208.41)'
000029.960|cfg  |3|00|New load header information:
000029.960|cfg  |3|00|Code length:         0x004AF4B8
000029.960|cfg  |3|00|Header check Sum:    0x07547284
000029.960|cfg  |3|00|Code check Sum:      0x07097CA8
000029.960|cfg  |3|00|Options:             0x00000080
000029.960|cfg  |3|00|Recognized container image
000029.960|cfg  |3|00|New load header information:
000029.960|cfg  |3|00|Code length:         0x003CD0B5
000029.960|cfg  |3|00|Header check Sum:    0x2840D2ED
000029.960|cfg  |3|00|Code check Sum:      0x1E4B19CF
000029.960|cfg  |3|00|Options:             0x00000102
000029.965|cfg  |3|00|Could not open application file for checking
000029.965|cfg  |3|00|Application in container image 1 is different
000029.965|cfg  |3|00|New load header information:
000029.965|cfg  |3|00|Code length:         0x000E1B10
000029.965|cfg  |3|00|Header check Sum:    0x3216FA02
000029.965|cfg  |3|00|Code check Sum:      0x0708DCBE
000029.965|cfg  |3|00|Options:             0x00000110
000029.965|cfg  |3|00|BootROM header is different
000029.965|cfg  |3|00|BootROM in container image 2 is different
000029.965|cfg  |3|00|Using bootROM
000057.660|cfg  |*|00|Prov|Updating BootROM
000057.665|cfg  |3|00|Using compatible image 0
000104.255|copy |3|00|Download of '3111-30900-001.sip.ld' succeeded on attempt 1 (addr 1 of 2)
000104.560|sig  |*|00|Initial log entry. Current logging level 3
000104.560|sig  |3|00|hwSigParseRemove: found key Sig_3.
000104.795|cfg  |3|00|Good image signature
000104.920|cfg  |4|00|Removing application...
000105.155|cfg  |3|00|Programming BootROM from sector 19 to 36
000121.590|cfg  |3|00|Programming to sector 19 complete
000121.755|cfg  |3|00|Invalidated old image at sector 1, offset 20.
000122.045|cfg  |*|00|Prov|Image has been changed
000122.140|cfg  |*|00|Prov|Provisioning needs to reboot to upgrade image(s)
000000.270|so   |*|01|---------- Initial log entry ----------
000000.270|so   |*|01|+++ Note that Updater log times are in GMT +++
000000.270|boot |*|01|Initial log entry. Current logging level 3
000000.270|copy |*|01|Initial log entry. Current logging level 3
000000.270|utilm|*|01|Initial log entry. Current logging level 4
000000.270|hw   |*|01|Initial log entry. Current logging level 4
000000.270|ethf |*|01|Initial log entry. Current logging level 4
000000.270|dns  |*|01|Initial log entry. Current logging level 3
000000.270|curl |*|01|Initial log entry. Current logging level 3
000000.270|sec  |*|01|Initial log entry. Current logging level 4
000000.430|wdog |*|01|Initial log entry. Current logging level 4
000000.430|lldp |*|01|Initial log entry. Current logging level 3
000000.430|cdp  |*|01|Initial log entry. Current logging level 3
000000.430|key  |*|01|Initial log entry. Current logging level 4
000000.430|so   |3|01|Platform: Model=SoundStation IP 5000, Assembly=3111-30900-001 Rev=G Region=0
000000.430|so   |3|01|Platform: Board=3111-30900-001 1 0
000000.430|so   |3|01|Platform: MAC=0004f2f33325
000000.430|so   |3|01|Platform: BootBlock=3.0.2.0024 (30900-001) 30-Nov-10 15:06
000000.430|so   |3|01|Application, main: Label=Updater, Version=Azurite 5.0.5.2324 09-Dec-13 16:11
000000.430|so   |3|01|Application, main: P/N=YYYY-YYYYY-YYY
000000.430|log  |*|01|Install file upload callback for 'Updater'

000000.430|app1 |*|01|Initial log entry. Current logging level 3
000000.575|cfg  |*|01|Initial log entry. Current logging level 2
000000.580|app1 |3|01|Application image is not present.
000000.650|dot1x|*|01|Initial log entry. Current logging level 3
000001.430|so   |3|01|Link status is Net up Speed 100 full Duplex.
000002.755|tls  |*|01|Initial log entry. Current logging level 4
000012.230|lldp |3|01|LLDP did not receive a response from a switch. Disabling LLDP.
000018.115|cdp  |3|01|CDP did not receive a response from a switch. Disabling CDP.
000028.620|dns  |*|01|DNS resolver servers are '192.168.2.16' '192.168.2.17'
000028.620|dns  |*|01|DNS resolver search domain is 'cumulusnetworks.com'
000028.620|app1 |3|01|DNS resolver servers are '192.168.2.16' '192.168.2.17'
000028.620|app1 |3|01|DNS resolver search domain is 'cumulusnetworks.com'
000028.625|dns  |3|01|DNS lookup for (A) 'p.voxter.com'(74.114.208.40,74.114.208.41) TTL=27873
000028.625|app1 |3|01|Bootline: esw(3,0)bootHost:flash e=192.168.0.83:fffffc00:258:1a h=74.114.208.40 g=192.168.1.1 u=**** pw=**** f=0x40 tn=CircaIP
000028.625|app1 |4|01|Could not load time from  (0.0.0.0).
000028.625|app1 |3|01|DHCP returned result 0x387 from server 192.168.2.16.
000028.625|app1 |3|01|   Phone IP address is 192.168.0.83.
000028.625|app1 |3|01|   Subnet mask is 255.255.252.0.
000028.625|app1 |3|01|   Gateway address is 192.168.1.1.
000028.625|app1 |3|01|   DNS server is 192.168.2.16.
000028.625|app1 |3|01|   DNS alternate server is 192.168.2.17.
000028.625|app1 |3|01|   DNS domain is cumulusnetworks.com.
000028.905|copy |3|01|'http://PlcmSpIp:****@p.voxter.com/0004f2f33325.cfg' from 'p.voxter.com(74.114.208.40)'
000029.250|copy |3|01|Download of '0004f2f33325.cfg' succeeded on attempt 1 (addr 1 of 2)
000029.325|cfg  |*|01|Prov|Starting to update 3111-30900-001.sip.ld
000029.440|copy |3|01|'http://PlcmSpIp:****@p.voxter.com/3111-30900-001.sip.ld' from 'p.voxter.com(74.114.208.40)'
000029.845|cfg  |3|01|New load header information:
000029.845|cfg  |3|01|Code length:         0x004AF4B8
000029.845|cfg  |3|01|Code Checksum:       0x07097CA8
000029.845|cfg  |3|01|Options:             0x00000080
000029.845|cfg  |3|01|Recognized container image
000029.845|cfg  |3|01|New load header information:
000029.845|cfg  |3|01|Code length:         0x003CD0B5
000029.845|cfg  |3|01|Code Checksum:       0x1E4B19CF
000029.845|cfg  |3|01|Options:             0x00000102
000029.845|cfg  |3|01|Could not open application file for checking
000029.845|cfg  |3|01|Application in container image 1 is different
000029.845|cfg  |3|01|New load header information:
000029.845|cfg  |3|01|Code length:         0x000E1B10
000029.845|cfg  |3|01|Code Checksum:       0x0708DCBE
000029.845|cfg  |3|01|Options:             0x00000110
000029.845|cfg  |3|01|Updater is already present
000029.845|cfg  |3|01|Updater in container image 2 is not different
000029.845|cfg  |3|01|Using application
000029.970|cfg  |*|01|Prov|Updating the Application
000029.975|cfg  |3|01|Using compatible image 0
000057.620|copy |3|01|buffered_write: transfer terminated
000057.620|copy |3|01|Download of '3111-30900-001.sip.ld' succeeded on attempt 1 (addr 1 of 2)
000058.100|sig  |*|01|Initial log entry. Current logging level 3
000058.100|sig  |3|01|hwSigParseRemove: found key Sig_3.
000059.105|cfg  |3|01|Good image signature
000059.345|cfg  |3|01|Programming 3986157 bytes into tffs in 4K blocks
000157.840|cfg  |*|01|Prov|Succeeded updating file 3111-30900-001.sip.ld
000157.920|cfg  |*|01|Prov|Image has been changed
000158.035|cfg  |3|01|Prov|Provisioning succeeded
000158.105|app1 |3|01|Application, load: Type=SIP, Version=4.0.6.0711 26-Feb-14 08:43
000158.110|boot |*|01|Using TFFS for flash load
000158.110|boot |*|01|Code length:         0x003CD0B5
000158.110|boot |*|01|Code checksum:       0x1E4B19CF
000158.110|cfg  |*|01|Prov|Finished updating configuration
000209.350|app1 |4|01|Loaded application sip.ld from local system successfully.
000209.350|app1 |6|01|Uploading boot log, time is SAT JUN 21 20:30:28 2014

000209.600|copy |3|01|'http://PlcmSpIp:****@p.voxter.com/logs/0004f2f33325-boot.log' to 'p.voxter.com(74.114.208.40)'
000209.845|copy |3|01|Curl attempted to write at an unexpected time
000209.845|copy |3|01|Upload of 'logs/0004f2f33325-boot.log' succeeded on attempt 1 (addr 1 of 2)
000210.035|cfg  |3|01|Prov|Shutting down
000000.290|so   |*|01|---------- Initial log entry ----------
000000.290|so   |*|01|+++ Note that Updater log times are in GMT +++
000000.290|boot |*|01|Initial log entry. Current logging level 3
000000.290|copy |*|01|Initial log entry. Current logging level 3
000000.290|utilm|*|01|Initial log entry. Current logging level 4
000000.290|hw   |*|01|Initial log entry. Current logging level 4
000000.290|ethf |*|01|Initial log entry. Current logging level 4
000000.290|dns  |*|01|Initial log entry. Current logging level 3
000000.290|curl |*|01|Initial log entry. Current logging level 3
000000.290|sec  |*|01|Initial log entry. Current logging level 4
000000.450|wdog |*|01|Initial log entry. Current logging level 4
000000.450|lldp |*|01|Initial log entry. Current logging level 3
000000.450|cdp  |*|01|Initial log entry. Current logging level 3
000000.450|key  |*|01|Initial log entry. Current logging level 4
000000.450|so   |3|01|Platform: Model=SoundStation IP 5000, Assembly=3111-30900-001 Rev=G Region=0
000000.450|so   |3|01|Platform: Board=3111-30900-001 1 0
000000.450|so   |3|01|Platform: MAC=0004f2f33325
000000.450|so   |3|01|Platform: BootBlock=3.0.2.0024 (30900-001) 30-Nov-10 15:06
000000.450|so   |3|01|Application, main: Label=Updater, Version=Azurite 5.0.5.2324 09-Dec-13 16:11
000000.450|so   |3|01|Application, main: P/N=YYYY-YYYYY-YYY
000000.450|log  |*|01|Install file upload callback for 'Updater'

000000.450|app1 |*|01|Initial log entry. Current logging level 3
000000.595|cfg  |*|01|Initial log entry. Current logging level 2
000000.675|app1 |3|01|Application, load: Type=SIP, Version=4.0.6.0711 26-Feb-14 08:43
000000.690|boot |*|01|Using TFFS for flash load
000000.700|boot |*|01|Code length:         0x003CD0B5
000000.700|boot |*|01|Code checksum:       0x1E4B19CF
000001.445|so   |3|01|Link status is Net down.
000002.445|so   |3|01|Link status is Net up Speed 100 full Duplex.
000012.130|app1 |4|01|Loaded application sip.ld from local system successfully.
000000.290|so   |*|01|---------- Initial log entry ----------
000000.290|so   |*|01|+++ Note that Updater log times are in GMT +++
000000.290|boot |*|01|Initial log entry. Current logging level 3
000000.290|copy |*|01|Initial log entry. Current logging level 3
000000.290|utilm|*|01|Initial log entry. Current logging level 4
000000.290|hw   |*|01|Initial log entry. Current logging level 4
000000.290|ethf |*|01|Initial log entry. Current logging level 4
000000.290|dns  |*|01|Initial log entry. Current logging level 3
000000.290|curl |*|01|Initial log entry. Current logging level 3
000000.290|sec  |*|01|Initial log entry. Current logging level 4
000000.450|wdog |*|01|Initial log entry. Current logging level 4
000000.450|lldp |*|01|Initial log entry. Current logging level 3
000000.450|cdp  |*|01|Initial log entry. Current logging level 3
000000.450|key  |*|01|Initial log entry. Current logging level 4
000000.450|so   |3|01|Platform: Model=SoundStation IP 5000, Assembly=3111-30900-001 Rev=G Region=0
000000.450|so   |3|01|Platform: Board=3111-30900-001 1 0
000000.450|so   |3|01|Platform: MAC=0004f2f33325
000000.450|so   |3|01|Platform: BootBlock=3.0.2.0024 (30900-001) 30-Nov-10 15:06
000000.450|so   |3|01|Application, main: Label=Updater, Version=Azurite 5.0.5.2324 09-Dec-13 16:11
000000.450|so   |3|01|Application, main: P/N=YYYY-YYYYY-YYY
000000.450|log  |*|01|Install file upload callback for 'Updater'

000000.450|app1 |*|01|Initial log entry. Current logging level 3
000000.595|cfg  |*|01|Initial log entry. Current logging level 2
000000.675|app1 |3|01|Application, load: Type=SIP, Version=4.0.6.0711 26-Feb-14 08:43
000000.690|boot |*|01|Using TFFS for flash load
000000.700|boot |*|01|Code length:         0x003CD0B5
000000.700|boot |*|01|Code checksum:       0x1E4B19CF
000001.445|so   |3|01|Link status is Net down.
000002.445|so   |3|01|Link status is Net up Speed 100 full Duplex.
000012.125|app1 |4|01|Loaded application sip.ld from local system successfully.
000000.280|so   |*|01|---------- Initial log entry ----------
000000.280|so   |*|01|+++ Note that Updater log times are in GMT +++
000000.280|boot |*|01|Initial log entry. Current logging level 3
000000.280|copy |*|01|Initial log entry. Current logging level 3
000000.285|utilm|*|01|Initial log entry. Current logging level 4
000000.285|hw   |*|01|Initial log entry. Current logging level 4
000000.285|ethf |*|01|Initial log entry. Current logging level 4
000000.285|dns  |*|01|Initial log entry. Current logging level 3
000000.285|curl |*|01|Initial log entry. Current logging level 3
000000.285|sec  |*|01|Initial log entry. Current logging level 4
000000.440|wdog |*|01|Initial log entry. Current logging level 4
000000.440|lldp |*|01|Initial log entry. Current logging level 3
000000.440|cdp  |*|01|Initial log entry. Current logging level 3
000000.445|key  |*|01|Initial log entry. Current logging level 4
000000.445|so   |3|01|Platform: Model=SoundStation IP 5000, Assembly=3111-30900-001 Rev=G Region=0
000000.445|so   |3|01|Platform: Board=3111-30900-001 1 0
000000.445|so   |3|01|Platform: MAC=0004f2f33325
000000.445|so   |3|01|Platform: BootBlock=3.0.2.0024 (30900-001) 30-Nov-10 15:06
000000.445|so   |3|01|Application, main: Label=Updater, Version=Azurite 5.0.5.2324 09-Dec-13 16:11
000000.445|so   |3|01|Application, main: P/N=YYYY-YYYYY-YYY
000000.445|log  |*|01|Install file upload callback for 'Updater'

000000.445|app1 |*|01|Initial log entry. Current logging level 3
000000.590|cfg  |*|01|Initial log entry. Current logging level 2
000000.670|app1 |3|01|Application, load: Type=SIP, Version=4.0.6.0711 26-Feb-14 08:43
000000.685|boot |*|01|Using TFFS for flash load
000000.695|boot |*|01|Code length:         0x003CD0B5
000000.695|boot |*|01|Code checksum:       0x1E4B19CF
000001.440|so   |3|01|Link status is Net down.
000002.440|so   |3|01|Link status is Net up Speed 100 full Duplex.
000012.120|app1 |4|01|Loaded application sip.ld from local system successfully.
000000.280|so   |*|01|---------- Initial log entry ----------
000000.280|so   |*|01|+++ Note that Updater log times are in GMT +++
000000.280|boot |*|01|Initial log entry. Current logging level 3
000000.280|copy |*|01|Initial log entry. Current logging level 3
000000.280|utilm|*|01|Initial log entry. Current logging level 4
000000.285|hw   |*|01|Initial log entry. Current logging level 4
000000.285|ethf |*|01|Initial log entry. Current logging level 4
000000.285|dns  |*|01|Initial log entry. Current logging level 3
000000.285|curl |*|01|Initial log entry. Current logging level 3
000000.285|sec  |*|01|Initial log entry. Current logging level 4
000000.440|wdog |*|01|Initial log entry. Current logging level 4
000000.445|lldp |*|01|Initial log entry. Current logging level 3
000000.445|cdp  |*|01|Initial log entry. Current logging level 3
000000.445|key  |*|01|Initial log entry. Current logging level 4
000000.445|so   |3|01|Platform: Model=SoundStation IP 5000, Assembly=3111-30900-001 Rev=G Region=0
000000.445|so   |3|01|Platform: Board=3111-30900-001 1 0
000000.445|so   |3|01|Platform: MAC=0004f2f33325
000000.445|so   |3|01|Platform: BootBlock=3.0.2.0024 (30900-001) 30-Nov-10 15:06
000000.445|so   |3|01|Application, main: Label=Updater, Version=Azurite 5.0.5.2324 09-Dec-13 16:11
000000.445|so   |3|01|Application, main: P/N=YYYY-YYYYY-YYY
000000.445|log  |*|01|Install file upload callback for 'Updater'

000000.445|app1 |*|01|Initial log entry. Current logging level 3
000000.590|cfg  |*|01|Initial log entry. Current logging level 2
000000.670|app1 |3|01|Application, load: Type=SIP, Version=4.0.6.0711 26-Feb-14 08:43
000000.685|boot |*|01|Using TFFS for flash load
000000.695|boot |*|01|Code length:         0x003CD0B5
000000.695|boot |*|01|Code checksum:       0x1E4B19CF
000001.440|so   |3|01|Link status is Net down.
000002.440|so   |3|01|Link status is Net up Speed 100 full Duplex.
000012.120|app1 |4|01|Loaded application sip.ld from local system successfully.
000000.280|so   |*|01|---------- Initial log entry ----------
000000.280|so   |*|01|+++ Note that Updater log times are in GMT +++
000000.280|boot |*|01|Initial log entry. Current logging level 3
000000.285|copy |*|01|Initial log entry. Current logging level 3
000000.285|utilm|*|01|Initial log entry. Current logging level 4
000000.285|hw   |*|01|Initial log entry. Current logging level 4
000000.285|ethf |*|01|Initial log entry. Current logging level 4
000000.285|dns  |*|01|Initial log entry. Current logging level 3
000000.285|curl |*|01|Initial log entry. Current logging level 3
000000.285|sec  |*|01|Initial log entry. Current logging level 4
000000.440|wdog |*|01|Initial log entry. Current logging level 4
000000.440|lldp |*|01|Initial log entry. Current logging level 3
000000.440|cdp  |*|01|Initial log entry. Current logging level 3
000000.440|key  |*|01|Initial log entry. Current logging level 4
000000.440|so   |3|01|Platform: Model=SoundStation IP 5000, Assembly=3111-30900-001 Rev=G Region=0
000000.440|so   |3|01|Platform: Board=3111-30900-001 1 0
000000.440|so   |3|01|Platform: MAC=0004f2f33325
000000.440|so   |3|01|Platform: BootBlock=3.0.2.0024 (30900-001) 30-Nov-10 15:06
000000.440|so   |3|01|Application, main: Label=Updater, Version=Azurite 5.0.5.2324 09-Dec-13 16:11
000000.440|so   |3|01|Application, main: P/N=YYYY-YYYYY-YYY
000000.440|log  |*|01|Install file upload callback for 'Updater'

000000.445|app1 |*|01|Initial log entry. Current logging level 3
000000.585|cfg  |*|01|Initial log entry. Current logging level 2
000000.655|dot1x|*|01|Initial log entry. Current logging level 3
000000.655|app1 |3|01|Starting provisioning because of the start type.
000001.440|so   |3|01|Link status is Net up Speed 100 full Duplex.
000003.290|tls  |*|01|Initial log entry. Current logging level 4
000012.330|lldp |3|01|LLDP did not receive a response from a switch. Disabling LLDP.
000018.075|cdp  |3|01|CDP did not receive a response from a switch. Disabling CDP.
000027.575|dns  |*|01|DNS resolver servers are '208.201.224.11' '208.201.224.33'
000027.575|dns  |*|01|DNS resolver search domain is 'cumulusnetworks.com'
000027.575|app1 |3|01|DNS resolver servers are '208.201.224.11' '208.201.224.33'
000027.575|app1 |3|01|DNS resolver search domain is 'cumulusnetworks.com'
000027.585|dns  |3|01|DNS lookup for (A) 'p.voxter.com'(74.114.208.40,74.114.208.41) TTL=86349
000027.585|app1 |3|01|Bootline: esw(3,0)bootHost:flash e=172.16.1.28:ffffff00:15180:1a h=74.114.208.40 g=172.16.1.1 u=**** pw=**** f=0x40 tn=CircaIP
000027.585|app1 |3|01|DHCP returned result 0x387 from server 172.16.1.1.
000027.585|app1 |3|01|   Phone IP address is 172.16.1.28.
000027.585|app1 |3|01|   Subnet mask is 255.255.255.0.
000027.585|app1 |3|01|   Gateway address is 172.16.1.1.
000027.585|app1 |3|01|   DNS server is 208.201.224.11.
000027.585|app1 |3|01|   DNS alternate server is 208.201.224.33.
0830052501|app1 |3|01|   DNS domain is cumulusnetworks.com.
0830052501|dns  |3|01|DNS lookup for (A) 'pool.ntp.org'(66.7.96.1,38.229.71.1,64.246.132.14) TTL=67
0830052519|app1 |3|01|Time has been set from pool.ntp.org (66.7.96.1).
0830052519|app1 |3|01|   1409376319: 2014-8-30, 5:25:19, DST off
0830052519|copy |3|01|'http://PlcmSpIp:****@p.voxter.com/0004f2f33325.cfg' from 'p.voxter.com(74.114.208.40)'
0830052519|copy |3|01|Download of '0004f2f33325.cfg' succeeded on attempt 1 (addr 1 of 2)
0830052519|cfg  |*|01|Prov|Starting to update 3111-30900-001.sip.ld
0830052519|copy |3|01|'http://PlcmSpIp:****@p.voxter.com/3111-30900-001.sip.ld' from 'p.voxter.com(74.114.208.40)'
0830052519|cfg  |3|01|New load header information:
0830052519|cfg  |3|01|Code length:         0x004B0500
0830052519|cfg  |3|01|Code Checksum:       0x070CC771
0830052519|cfg  |3|01|Options:             0x00000080
0830052519|cfg  |3|01|Recognized container image
0830052519|cfg  |3|01|New load header information:
0830052519|cfg  |3|01|Code length:         0x003CD570
0830052519|cfg  |3|01|Code Checksum:       0x1E4C97B9
0830052519|cfg  |3|01|Options:             0x00000102
0830052519|cfg  |3|01|Application header is different
0830052519|cfg  |3|01|Application in container image 1 is different
0830052519|cfg  |3|01|New load header information:
0830052519|cfg  |3|01|Code length:         0x000E26A0
0830052519|cfg  |3|01|Code Checksum:       0x070C2795
0830052519|cfg  |3|01|Options:             0x00000110
0830052519|cfg  |3|01|Updater header is different
0830052519|cfg  |3|01|Updater in container image 2 is different
0830052519|cfg  |3|01|Using Updater
0830052540|cfg  |*|01|Prov|Updating the Updater
0830052540|cfg  |3|01|Using compatible image 0
0830052545|copy |3|01|Download of '3111-30900-001.sip.ld' succeeded on attempt 1 (addr 1 of 2)
0830052545|sig  |*|01|Initial log entry. Current logging level 3
0830052545|sig  |3|01|hwSigParseRemove: found key Sig_3.
0830052546|cfg  |3|01|Good image signature
0830052546|cfg  |4|01|Removing application...
0830052547|cfg  |3|01|Programming Updater from sector 1 to 18
0830052604|cfg  |3|01|Programming to sector 1 complete
0830052605|cfg  |3|01|Invalidated old image at sector 19, offset 20.
0830052605|cfg  |*|01|Prov|Image has been changed
0830052605|cfg  |*|01|Prov|Provisioning needs to reboot to upgrade image(s)
000000.280|so   |*|01|---------- Initial log entry ----------
000000.280|so   |*|01|+++ Note that Updater log times are in GMT +++
000000.280|boot |*|01|Initial log entry. Current logging level 3
000000.280|copy |*|01|Initial log entry. Current logging level 3
000000.280|utilm|*|01|Initial log entry. Current logging level 4
000000.280|hw   |*|01|Initial log entry. Current logging level 4
000000.280|ethf |*|01|Initial log entry. Current logging level 4
000000.280|dns  |*|01|Initial log entry. Current logging level 3
000000.280|curl |*|01|Initial log entry. Current logging level 3
000000.280|sec  |*|01|Initial log entry. Current logging level 4
000000.440|wdog |*|01|Initial log entry. Current logging level 4
000000.440|lldp |*|01|Initial log entry. Current logging level 3
000000.440|cdp  |*|01|Initial log entry. Current logging level 3
000000.440|key  |*|01|Initial log entry. Current logging level 4
000000.440|so   |3|01|Platform: Model=SoundStation IP 5000, Assembly=3111-30900-001 Rev=G Region=0
000000.440|so   |3|01|Platform: Board=3111-30900-001 1 0
000000.440|so   |3|01|Platform: MAC=0004f2f33325
000000.440|so   |3|01|Platform: BootBlock=3.0.2.0024 (30900-001) 30-Nov-10 15:06
000000.440|so   |3|01|Application, main: Label=Updater, Version=Azurite 5.0.7.1284 07-Jul-14 16:25
000000.440|so   |3|01|Application, main: P/N=3150-11069-507
000000.440|log  |*|01|Install file upload callback for 'Updater'

000000.440|app1 |*|01|Initial log entry. Current logging level 3
000000.585|cfg  |*|01|Initial log entry. Current logging level 2
000000.655|dot1x|*|01|Initial log entry. Current logging level 3
000000.655|app1 |3|01|Starting provisioning because of the start type.
000001.440|so   |3|01|Link status is Net up Speed 100 full Duplex.
000003.055|tls  |*|01|Initial log entry. Current logging level 4
000012.250|lldp |3|01|LLDP did not receive a response from a switch. Disabling LLDP.
000017.445|cdp  |3|01|CDP did not receive a response from a switch. Disabling CDP.
000025.945|dns  |*|01|DNS resolver servers are '208.201.224.11' '208.201.224.33'
000025.945|dns  |*|01|DNS resolver search domain is 'cumulusnetworks.com'
000025.945|app1 |3|01|DNS resolver servers are '208.201.224.11' '208.201.224.33'
000025.945|app1 |3|01|DNS resolver search domain is 'cumulusnetworks.com'
000025.950|dns  |3|01|DNS lookup for (A) 'p.voxter.com'(74.114.208.40,74.114.208.41) TTL=86271
000025.955|app1 |3|01|Bootline: esw(3,0)bootHost:flash e=172.16.1.28:ffffff00:15180:17 h=74.114.208.40 g=172.16.1.1 u=**** pw=**** f=0x40 tn=CircaIP
000025.955|app1 |3|01|DHCP returned result 0x387 from server 172.16.1.1.
000025.955|app1 |3|01|   Phone IP address is 172.16.1.28.
000025.955|app1 |3|01|   Subnet mask is 255.255.255.0.
000025.955|app1 |3|01|   Gateway address is 172.16.1.1.
000025.955|app1 |3|01|   DNS server is 208.201.224.11.
000025.955|app1 |3|01|   DNS alternate server is 208.201.224.33.
000025.955|app1 |3|01|   DNS domain is cumulusnetworks.com.
000025.960|dns  |3|01|DNS lookup for (A) 'pool.ntp.org'(208.53.158.34,198.199.100.22,208.75.88.4) TTL=140
000026.850|copy |3|01|'http://PlcmSpIp:****@p.voxter.com/0004f2f33325.cfg' from 'p.voxter.com(74.114.208.40)'
000027.145|copy |3|01|Download of '0004f2f33325.cfg' succeeded on attempt 1 (addr 1 of 2)
0830052638|app1 |3|01|Time has been set from pool.ntp.org (208.53.158.34).
0830052638|app1 |3|01|   1409376398: 2014-8-30, 5:26:38, DST off
0830052638|cfg  |*|01|Prov|Starting to update 3111-30900-001.sip.ld
0830052638|copy |3|01|'http://PlcmSpIp:****@p.voxter.com/3111-30900-001.sip.ld' from 'p.voxter.com(74.114.208.40)'
0830052638|cfg  |3|01|New load header information:
0830052638|cfg  |3|01|Code length:         0x004B0500
0830052638|cfg  |3|01|Code Checksum:       0x070CC771
0830052638|cfg  |3|01|Options:             0x00000080
0830052638|cfg  |3|01|Recognized container image
0830052638|cfg  |3|01|New load header information:
0830052638|cfg  |3|01|Code length:         0x003CD570
0830052638|cfg  |3|01|Code Checksum:       0x1E4C97B9
0830052638|cfg  |3|01|Options:             0x00000102
0830052638|cfg  |3|01|Could not open application file for checking
0830052638|cfg  |3|01|Application in container image 1 is different
0830052638|cfg  |3|01|New load header information:
0830052638|cfg  |3|01|Code length:         0x000E26A0
0830052638|cfg  |3|01|Code Checksum:       0x070C2795
0830052638|cfg  |3|01|Options:             0x00000110
0830052638|cfg  |3|01|Updater is already present
0830052638|cfg  |3|01|Updater in container image 2 is not different
0830052638|cfg  |3|01|Using application
0830052638|cfg  |*|01|Prov|Updating the Application
0830052638|cfg  |3|01|Using compatible image 0
0830052659|copy |3|01|buffered_write: transfer terminated
0830052659|copy |3|01|Download of '3111-30900-001.sip.ld' succeeded on attempt 1 (addr 1 of 2)
0830052659|sig  |*|01|Initial log entry. Current logging level 3
0830052659|sig  |3|01|hwSigParseRemove: found key Sig_3.
0830052700|cfg  |3|01|Good image signature
0830052701|cfg  |3|01|Programming 3987368 bytes into tffs in 4K blocks
0830052815|cfg  |*|01|Prov|Succeeded updating file 3111-30900-001.sip.ld
0830052815|cfg  |*|01|Prov|Image has been changed
0830052815|cfg  |3|01|Prov|Provisioning succeeded
0830052815|app1 |3|01|Application, load: Type=SIP, Version=4.0.7.2514 13-Jul-14 22:13
0830052815|boot |*|01|Using TFFS for flash load
0830052815|boot |*|01|Code length:         0x003CD570
0830052815|boot |*|01|Code checksum:       0x1E4C97B9
0830052815|cfg  |*|01|Prov|Finished updating configuration
0830052827|app1 |4|01|Loaded application sip.ld from local system successfully.
0830052827|app1 |6|01|Uploading boot log, time is SAT AUG 30 05:28:27 2014

0830052827|copy |3|01|'http://PlcmSpIp:****@p.voxter.com/logs/0004f2f33325-boot.log' to 'p.voxter.com(74.114.208.40)'
0830052827|copy |3|01|Upload of 'logs/0004f2f33325-boot.log' succeeded on attempt 1 (addr 1 of 2)
0830052827|cfg  |3|01|Prov|Shutting down
000000.280|so   |*|01|---------- Initial log entry ----------
000000.280|so   |*|01|+++ Note that Updater log times are in GMT +++
000000.285|boot |*|01|Initial log entry. Current logging level 3
000000.285|copy |*|01|Initial log entry. Current logging level 3
000000.285|utilm|*|01|Initial log entry. Current logging level 4
000000.285|hw   |*|01|Initial log entry. Current logging level 4
000000.285|ethf |*|01|Initial log entry. Current logging level 4
000000.285|dns  |*|01|Initial log entry. Current logging level 3
000000.285|curl |*|01|Initial log entry. Current logging level 3
000000.285|sec  |*|01|Initial log entry. Current logging level 4
000000.445|wdog |*|01|Initial log entry. Current logging level 4
000000.445|lldp |*|01|Initial log entry. Current logging level 3
000000.445|cdp  |*|01|Initial log entry. Current logging level 3
000000.445|key  |*|01|Initial log entry. Current logging level 4
000000.445|so   |3|01|Platform: Model=SoundStation IP 5000, Assembly=3111-30900-001 Rev=G Region=0
000000.445|so   |3|01|Platform: Board=3111-30900-001 1 0
000000.445|so   |3|01|Platform: MAC=0004f2f33325
000000.445|so   |3|01|Platform: BootBlock=3.0.2.0024 (30900-001) 30-Nov-10 15:06
000000.445|so   |3|01|Application, main: Label=Updater, Version=Azurite 5.0.7.1284 07-Jul-14 16:25
000000.445|so   |3|01|Application, main: P/N=3150-11069-507
000000.445|log  |*|01|Install file upload callback for 'Updater'

000000.445|app1 |*|01|Initial log entry. Current logging level 3
000000.595|cfg  |*|01|Initial log entry. Current logging level 2
000000.675|app1 |3|01|Application, load: Type=SIP, Version=4.0.7.2514 13-Jul-14 22:13
000000.690|boot |*|01|Using TFFS for flash load
000000.705|boot |*|01|Code length:         0x003CD570
000000.705|boot |*|01|Code checksum:       0x1E4C97B9
000001.445|so   |3|01|Link status is Net down.
000002.445|so   |3|01|Link status is Net up Speed 100 full Duplex.
000012.130|app1 |4|01|Loaded application sip.ld from local system successfully.
000000.280|so   |*|01|---------- Initial log entry ----------
000000.280|so   |*|01|+++ Note that Updater log times are in GMT +++
000000.280|boot |*|01|Initial log entry. Current logging level 3
000000.280|copy |*|01|Initial log entry. Current logging level 3
000000.280|utilm|*|01|Initial log entry. Current logging level 4
000000.285|hw   |*|01|Initial log entry. Current logging level 4
000000.285|ethf |*|01|Initial log entry. Current logging level 4
000000.285|dns  |*|01|Initial log entry. Current logging level 3
000000.285|curl |*|01|Initial log entry. Current logging level 3
000000.285|sec  |*|01|Initial log entry. Current logging level 4
000000.440|wdog |*|01|Initial log entry. Current logging level 4
000000.440|lldp |*|01|Initial log entry. Current logging level 3
000000.440|cdp  |*|01|Initial log entry. Current logging level 3
000000.440|key  |*|01|Initial log entry. Current logging level 4
000000.440|so   |3|01|Platform: Model=SoundStation IP 5000, Assembly=3111-30900-001 Rev=G Region=0
000000.440|so   |3|01|Platform: Board=3111-30900-001 1 0
000000.440|so   |3|01|Platform: MAC=0004f2f33325
000000.440|so   |3|01|Platform: BootBlock=3.0.2.0024 (30900-001) 30-Nov-10 15:06
000000.440|so   |3|01|Application, main: Label=Updater, Version=Azurite 5.0.7.1284 07-Jul-14 16:25
000000.440|so   |3|01|Application, main: P/N=3150-11069-507
000000.440|log  |*|01|Install file upload callback for 'Updater'

000000.445|app1 |*|01|Initial log entry. Current logging level 3
000000.585|cfg  |*|01|Initial log entry. Current logging level 2
000000.655|dot1x|*|01|Initial log entry. Current logging level 3
000000.655|app1 |3|01|Starting provisioning because of the start type.
000001.440|so   |3|01|Link status is Net up Speed 100 full Duplex.
000003.005|tls  |*|01|Initial log entry. Current logging level 4
000012.250|lldp |3|01|LLDP did not receive a response from a switch. Disabling LLDP.
000017.410|cdp  |3|01|CDP did not receive a response from a switch. Disabling CDP.
000024.910|dns  |*|01|DNS resolver servers are '208.201.224.11' '208.201.224.33'
000024.910|dns  |*|01|DNS resolver search domain is 'cumulusnetworks.com'
000024.910|app1 |3|01|DNS resolver servers are '208.201.224.11' '208.201.224.33'
000024.910|app1 |3|01|DNS resolver search domain is 'cumulusnetworks.com'
000024.915|dns  |3|01|DNS lookup for (A) 'p.voxter.com'(74.114.208.245) TTL=86349
000024.920|app1 |3|01|Bootline: esw(3,0)bootHost:flash e=172.16.1.28:ffffff00:15180:17 h=74.114.208.245 g=172.16.1.1 u=**** pw=**** f=0x40 tn=CircaIP
000024.920|app1 |3|01|DHCP returned result 0x387 from server 172.16.1.1.
0219120217|app1 |3|01|   Phone IP address is 172.16.1.28.
0219120217|app1 |3|01|   Subnet mask is 255.255.255.0.
0219120217|app1 |3|01|   Gateway address is 172.16.1.1.
0219120217|app1 |3|01|   DNS server is 208.201.224.11.
0219120217|app1 |3|01|   DNS alternate server is 208.201.224.33.
0219120217|app1 |3|01|   DNS domain is cumulusnetworks.com.
0219120217|dns  |3|01|DNS lookup for (A) 'pool.ntp.org'(50.97.210.169,38.229.71.1,129.6.15.29) TTL=53
0219120234|app1 |3|01|Time has been set from pool.ntp.org (50.97.210.169).
0219120234|app1 |3|01|   1424347354: 2015-2-19, 12:2:34, DST off
0219120234|copy |3|01|'http://PlcmSpIp:****@p.voxter.com/0004f2f33325.cfg' from 'p.voxter.com(74.114.208.245)'
0219120234|copy |3|01|Download of '0004f2f33325.cfg' succeeded on attempt 1 (addr 1 of 1)
0219120234|cfg  |*|01|Prov|Starting to update 3111-30900-001.sip.ld
0219120235|copy |3|01|'http://PlcmSpIp:****@p.voxter.com/3111-30900-001.sip.ld' from 'p.voxter.com(74.114.208.245)'
0219120235|cfg  |3|01|New load header information:
0219120235|cfg  |3|01|Code length:         0x004AF4B8
0219120235|cfg  |3|01|Code Checksum:       0x07097CA8
0219120235|cfg  |3|01|Options:             0x00000080
0219120235|cfg  |3|01|Recognized container image
0219120235|cfg  |3|01|New load header information:
0219120235|cfg  |3|01|Code length:         0x003CD0B5
0219120235|cfg  |3|01|Code Checksum:       0x1E4B19CF
0219120235|cfg  |3|01|Options:             0x00000102
0219120235|cfg  |3|01|Application header is different
0219120235|cfg  |3|01|Application in container image 1 is different
0219120235|cfg  |3|01|New load header information:
0219120235|cfg  |3|01|Code length:         0x000E1B10
0219120235|cfg  |3|01|Code Checksum:       0x0708DCBE
0219120235|cfg  |3|01|Options:             0x00000110
0219120235|cfg  |3|01|Updater header is different
0219120235|cfg  |3|01|Updater in container image 2 is different
0219120235|cfg  |3|01|Using Updater
0219120256|cfg  |*|01|Prov|Updating the Updater
0219120256|cfg  |3|01|Using compatible image 0
0219120301|copy |3|01|Download of '3111-30900-001.sip.ld' succeeded on attempt 1 (addr 1 of 1)
0219120302|sig  |*|01|Initial log entry. Current logging level 3
0219120302|sig  |3|01|hwSigParseRemove: found key Sig_3.
0219120302|cfg  |3|01|Good image signature
0219120302|cfg  |4|01|Removing application...
0219120303|cfg  |3|01|Programming Updater from sector 19 to 36
0219120321|cfg  |3|01|Programming to sector 19 complete
0219120321|cfg  |3|01|Invalidated old image at sector 1, offset 20.
0219120321|cfg  |*|01|Prov|Image has been changed
0219120322|cfg  |*|01|Prov|Provisioning needs to reboot to upgrade image(s)
000000.280|so   |*|01|---------- Initial log entry ----------
000000.280|so   |*|01|+++ Note that Updater log times are in GMT +++
000000.280|boot |*|01|Initial log entry. Current logging level 3
000000.280|copy |*|01|Initial log entry. Current logging level 3
000000.280|utilm|*|01|Initial log entry. Current logging level 4
000000.280|hw   |*|01|Initial log entry. Current logging level 4
000000.280|ethf |*|01|Initial log entry. Current logging level 4
000000.280|dns  |*|01|Initial log entry. Current logging level 3
000000.280|curl |*|01|Initial log entry. Current logging level 3
000000.280|sec  |*|01|Initial log entry. Current logging level 4
000000.440|wdog |*|01|Initial log entry. Current logging level 4
000000.440|lldp |*|01|Initial log entry. Current logging level 3
000000.440|cdp  |*|01|Initial log entry. Current logging level 3
000000.440|key  |*|01|Initial log entry. Current logging level 4
000000.440|so   |3|01|Platform: Model=SoundStation IP 5000, Assembly=3111-30900-001 Rev=G Region=0
000000.440|so   |3|01|Platform: Board=3111-30900-001 1 0
000000.440|so   |3|01|Platform: MAC=0004f2f33325
000000.440|so   |3|01|Platform: BootBlock=3.0.2.0024 (30900-001) 30-Nov-10 15:06
000000.440|so   |3|01|Application, main: Label=Updater, Version=Azurite 5.0.5.2324 09-Dec-13 16:11
000000.440|so   |3|01|Application, main: P/N=YYYY-YYYYY-YYY
000000.440|log  |*|01|Install file upload callback for 'Updater'

000000.440|app1 |*|01|Initial log entry. Current logging level 3
000000.585|cfg  |*|01|Initial log entry. Current logging level 2
000000.655|dot1x|*|01|Initial log entry. Current logging level 3
000000.655|app1 |3|01|Starting provisioning because of the start type.
000001.440|so   |3|01|Link status is Net up Speed 100 full Duplex.
000003.140|tls  |*|01|Initial log entry. Current logging level 4
000012.250|lldp |3|01|LLDP did not receive a response from a switch. Disabling LLDP.
000018.185|cdp  |3|01|CDP did not receive a response from a switch. Disabling CDP.
000028.685|dns  |*|01|DNS resolver servers are '208.201.224.11' '208.201.224.33'
000028.685|dns  |*|01|DNS resolver search domain is 'cumulusnetworks.com'
000028.685|app1 |3|01|DNS resolver servers are '208.201.224.11' '208.201.224.33'
000028.685|app1 |3|01|DNS resolver search domain is 'cumulusnetworks.com'
000028.690|dns  |3|01|DNS lookup for (A) 'p.voxter.com'(74.114.208.245) TTL=86266
000028.695|app1 |3|01|Bootline: esw(3,0)bootHost:flash e=172.16.1.28:ffffff00:15180:1a h=74.114.208.245 g=172.16.1.1 u=**** pw=**** f=0x40 tn=CircaIP
000028.695|app1 |3|01|DHCP returned result 0x387 from server 172.16.1.1.
000028.695|app1 |3|01|   Phone IP address is 172.16.1.28.
000028.695|app1 |3|01|   Subnet mask is 255.255.255.0.
000028.695|app1 |3|01|   Gateway address is 172.16.1.1.
000028.695|app1 |3|01|   DNS server is 208.201.224.11.
000028.695|app1 |3|01|   DNS alternate server is 208.201.224.33.
000028.695|app1 |3|01|   DNS domain is cumulusnetworks.com.
000028.700|dns  |3|01|DNS lookup for (A) 'pool.ntp.org'(138.236.128.36,209.118.204.201,199.199.208.25) TTL=59
0219120357|app1 |3|01|Time has been set from pool.ntp.org (138.236.128.36).
0219120357|app1 |3|01|   1424347437: 2015-2-19, 12:3:57, DST off
0219120357|copy |3|01|'http://PlcmSpIp:****@p.voxter.com/0004f2f33325.cfg' from 'p.voxter.com(74.114.208.245)'
0219120357|copy |3|01|Download of '0004f2f33325.cfg' succeeded on attempt 1 (addr 1 of 1)
0219120357|cfg  |*|01|Prov|Starting to update 3111-30900-001.sip.ld
0219120357|copy |3|01|'http://PlcmSpIp:****@p.voxter.com/3111-30900-001.sip.ld' from 'p.voxter.com(74.114.208.245)'
0219120358|cfg  |3|01|New load header information:
0219120358|cfg  |3|01|Code length:         0x004AF4B8
0219120358|cfg  |3|01|Code Checksum:       0x07097CA8
0219120358|cfg  |3|01|Options:             0x00000080
0219120358|cfg  |3|01|Recognized container image
0219120358|cfg  |3|01|New load header information:
0219120358|cfg  |3|01|Code length:         0x003CD0B5
0219120358|cfg  |3|01|Code Checksum:       0x1E4B19CF
0219120358|cfg  |3|01|Options:             0x00000102
0219120358|cfg  |3|01|Could not open application file for checking
0219120358|cfg  |3|01|Application in container image 1 is different
0219120358|cfg  |3|01|New load header information:
0219120358|cfg  |3|01|Code length:         0x000E1B10
0219120358|cfg  |3|01|Code Checksum:       0x0708DCBE
0219120358|cfg  |3|01|Options:             0x00000110
0219120358|cfg  |3|01|Updater is already present
0219120358|cfg  |3|01|Updater in container image 2 is not different
0219120358|cfg  |3|01|Using application
0219120358|cfg  |*|01|Prov|Updating the Application
0219120358|cfg  |3|01|Using compatible image 0
0219120419|copy |3|01|buffered_write: transfer terminated
0219120419|copy |3|01|Download of '3111-30900-001.sip.ld' succeeded on attempt 1 (addr 1 of 1)
0219120420|sig  |*|01|Initial log entry. Current logging level 3
0219120420|sig  |3|01|hwSigParseRemove: found key Sig_3.
0219120421|cfg  |3|01|Good image signature
0219120421|cfg  |3|01|Programming 3986157 bytes into tffs in 4K blocks
0219120535|cfg  |*|01|Prov|Succeeded updating file 3111-30900-001.sip.ld
0219120535|cfg  |*|01|Prov|Image has been changed
0219120535|cfg  |3|01|Prov|Provisioning succeeded
0219120536|app1 |3|01|Application, load: Type=SIP, Version=4.0.6.0711 26-Feb-14 08:43
0219120536|boot |*|01|Using TFFS for flash load
0219120536|boot |*|01|Code length:         0x003CD0B5
0219120536|boot |*|01|Code checksum:       0x1E4B19CF
0219120536|cfg  |*|01|Prov|Finished updating configuration
0219120547|app1 |4|01|Loaded application sip.ld from local system successfully.
0219120547|app1 |6|01|Uploading boot log, time is THU FEB 19 12:05:47 2015

0219120547|copy |3|01|'http://PlcmSpIp:****@p.voxter.com/logs/0004f2f33325-boot.log' to 'p.voxter.com(74.114.208.245)'
0219120547|copy |3|01|Upload of 'logs/0004f2f33325-boot.log' succeeded on attempt 1 (addr 1 of 1)
0219120548|cfg  |3|01|Prov|Shutting down
000000.290|so   |*|01|---------- Initial log entry ----------
000000.290|so   |*|01|+++ Note that Updater log times are in GMT +++
000000.290|boot |*|01|Initial log entry. Current logging level 3
000000.290|copy |*|01|Initial log entry. Current logging level 3
000000.290|utilm|*|01|Initial log entry. Current logging level 4
000000.290|hw   |*|01|Initial log entry. Current logging level 4
000000.290|ethf |*|01|Initial log entry. Current logging level 4
000000.290|dns  |*|01|Initial log entry. Current logging level 3
000000.290|curl |*|01|Initial log entry. Current logging level 3
000000.290|sec  |*|01|Initial log entry. Current logging level 4
000000.450|wdog |*|01|Initial log entry. Current logging level 4
000000.450|lldp |*|01|Initial log entry. Current logging level 3
000000.450|cdp  |*|01|Initial log entry. Current logging level 3
000000.450|key  |*|01|Initial log entry. Current logging level 4
000000.450|so   |3|01|Platform: Model=SoundStation IP 5000, Assembly=3111-30900-001 Rev=G Region=0
000000.450|so   |3|01|Platform: Board=3111-30900-001 1 0
000000.450|so   |3|01|Platform: MAC=0004f2f33325
000000.450|so   |3|01|Platform: BootBlock=3.0.2.0024 (30900-001) 30-Nov-10 15:06
000000.450|so   |3|01|Application, main: Label=Updater, Version=Azurite 5.0.5.2324 09-Dec-13 16:11
000000.450|so   |3|01|Application, main: P/N=YYYY-YYYYY-YYY
000000.450|log  |*|01|Install file upload callback for 'Updater'

000000.450|app1 |*|01|Initial log entry. Current logging level 3
000000.600|cfg  |*|01|Initial log entry. Current logging level 2
000000.680|app1 |3|01|Application, load: Type=SIP, Version=4.0.6.0711 26-Feb-14 08:43
000000.690|boot |*|01|Using TFFS for flash load
000000.700|boot |*|01|Code length:         0x003CD0B5
000000.700|boot |*|01|Code checksum:       0x1E4B19CF
000001.450|so   |3|01|Link status is Net down.
000002.450|so   |3|01|Link status is Net up Speed 100 full Duplex.
000012.130|app1 |4|01|Loaded application sip.ld from local system successfully.
000000.280|so   |*|01|---------- Initial log entry ----------
000000.280|so   |*|01|+++ Note that Updater log times are in GMT +++
000000.280|boot |*|01|Initial log entry. Current logging level 3
000000.280|copy |*|01|Initial log entry. Current logging level 3
000000.280|utilm|*|01|Initial log entry. Current logging level 4
000000.285|hw   |*|01|Initial log entry. Current logging level 4
000000.285|ethf |*|01|Initial log entry. Current logging level 4
000000.285|dns  |*|01|Initial log entry. Current logging level 3
000000.285|curl |*|01|Initial log entry. Current logging level 3
000000.285|sec  |*|01|Initial log entry. Current logging level 4
000000.440|wdog |*|01|Initial log entry. Current logging level 4
000000.440|lldp |*|01|Initial log entry. Current logging level 3
000000.440|cdp  |*|01|Initial log entry. Current logging level 3
000000.440|key  |*|01|Initial log entry. Current logging level 4
000000.445|so   |3|01|Platform: Model=SoundStation IP 5000, Assembly=3111-30900-001 Rev=G Region=0
000000.445|so   |3|01|Platform: Board=3111-30900-001 1 0
000000.445|so   |3|01|Platform: MAC=0004f2f33325
000000.445|so   |3|01|Platform: BootBlock=3.0.2.0024 (30900-001) 30-Nov-10 15:06
000000.445|so   |3|01|Application, main: Label=Updater, Version=Azurite 5.0.5.2324 09-Dec-13 16:11
000000.445|so   |3|01|Application, main: P/N=YYYY-YYYYY-YYY
000000.445|log  |*|01|Install file upload callback for 'Updater'

000000.445|app1 |*|01|Initial log entry. Current logging level 3
000000.590|cfg  |*|01|Initial log entry. Current logging level 2
000000.670|app1 |3|01|Application, load: Type=SIP, Version=4.0.6.0711 26-Feb-14 08:43
000000.685|boot |*|01|Using TFFS for flash load
000000.695|boot |*|01|Code length:         0x003CD0B5
000000.695|boot |*|01|Code checksum:       0x1E4B19CF
000001.440|so   |3|01|Link status is Net down.
000002.440|so   |3|01|Link status is Net up Speed 100 full Duplex.
000012.120|app1 |4|01|Loaded application sip.ld from local system successfully.
000000.280|so   |*|01|---------- Initial log entry ----------
000000.280|so   |*|01|+++ Note that Updater log times are in GMT +++
000000.280|boot |*|01|Initial log entry. Current logging level 3
000000.280|copy |*|01|Initial log entry. Current logging level 3
000000.280|utilm|*|01|Initial log entry. Current logging level 4
000000.285|hw   |*|01|Initial log entry. Current logging level 4
000000.285|ethf |*|01|Initial log entry. Current logging level 4
000000.285|dns  |*|01|Initial log entry. Current logging level 3
000000.285|curl |*|01|Initial log entry. Current logging level 3
000000.285|sec  |*|01|Initial log entry. Current logging level 4
000000.440|wdog |*|01|Initial log entry. Current logging level 4
000000.440|lldp |*|01|Initial log entry. Current logging level 3
000000.440|cdp  |*|01|Initial log entry. Current logging level 3
000000.440|key  |*|01|Initial log entry. Current logging level 4
000000.445|so   |3|01|Platform: Model=SoundStation IP 5000, Assembly=3111-30900-001 Rev=G Region=0
000000.445|so   |3|01|Platform: Board=3111-30900-001 1 0
000000.445|so   |3|01|Platform: MAC=0004f2f33325
000000.445|so   |3|01|Platform: BootBlock=3.0.2.0024 (30900-001) 30-Nov-10 15:06
000000.445|so   |3|01|Application, main: Label=Updater, Version=Azurite 5.0.5.2324 09-Dec-13 16:11
000000.445|so   |3|01|Application, main: P/N=YYYY-YYYYY-YYY
000000.445|log  |*|01|Install file upload callback for 'Updater'

000000.445|app1 |*|01|Initial log entry. Current logging level 3
000000.590|cfg  |*|01|Initial log entry. Current logging level 2
000000.670|app1 |3|01|Application, load: Type=SIP, Version=4.0.6.0711 26-Feb-14 08:43
000000.685|boot |*|01|Using TFFS for flash load
000000.695|boot |*|01|Code length:         0x003CD0B5
000000.695|boot |*|01|Code checksum:       0x1E4B19CF
000001.440|so   |3|01|Link status is Net down.
000002.440|so   |3|01|Link status is Net up Speed 100 full Duplex.
000012.120|app1 |4|01|Loaded application sip.ld from local system successfully.
000000.280|so   |*|01|---------- Initial log entry ----------
000000.280|so   |*|01|+++ Note that Updater log times are in GMT +++
000000.280|boot |*|01|Initial log entry. Current logging level 3
000000.280|copy |*|01|Initial log entry. Current logging level 3
000000.285|utilm|*|01|Initial log entry. Current logging level 4
000000.285|hw   |*|01|Initial log entry. Current logging level 4
000000.285|ethf |*|01|Initial log entry. Current logging level 4
000000.285|dns  |*|01|Initial log entry. Current logging level 3
000000.285|curl |*|01|Initial log entry. Current logging level 3
000000.285|sec  |*|01|Initial log entry. Current logging level 4
000000.440|wdog |*|01|Initial log entry. Current logging level 4
000000.440|lldp |*|01|Initial log entry. Current logging level 3
000000.445|cdp  |*|01|Initial log entry. Current logging level 3
000000.445|key  |*|01|Initial log entry. Current logging level 4
000000.445|so   |3|01|Platform: Model=SoundStation IP 5000, Assembly=3111-30900-001 Rev=G Region=0
000000.445|so   |3|01|Platform: Board=3111-30900-001 1 0
000000.445|so   |3|01|Platform: MAC=0004f2f33325
000000.445|so   |3|01|Platform: BootBlock=3.0.2.0024 (30900-001) 30-Nov-10 15:06
000000.445|so   |3|01|Application, main: Label=Updater, Version=Azurite 5.0.5.2324 09-Dec-13 16:11
000000.445|so   |3|01|Application, main: P/N=YYYY-YYYYY-YYY
000000.445|log  |*|01|Install file upload callback for 'Updater'

000000.445|app1 |*|01|Initial log entry. Current logging level 3
000000.590|cfg  |*|01|Initial log entry. Current logging level 2
000000.670|app1 |3|01|Application, load: Type=SIP, Version=4.0.6.0711 26-Feb-14 08:43
000000.685|boot |*|01|Using TFFS for flash load
000000.695|boot |*|01|Code length:         0x003CD0B5
000000.695|boot |*|01|Code checksum:       0x1E4B19CF
000001.440|so   |3|01|Link status is Net down.
000002.440|so   |3|01|Link status is Net up Speed 100 full Duplex.
000012.125|app1 |4|01|Loaded application sip.ld from local system successfully.
000000.280|so   |*|01|---------- Initial log entry ----------
000000.280|so   |*|01|+++ Note that Updater log times are in GMT +++
000000.280|boot |*|01|Initial log entry. Current logging level 3
000000.280|copy |*|01|Initial log entry. Current logging level 3
000000.280|utilm|*|01|Initial log entry. Current logging level 4
000000.280|hw   |*|01|Initial log entry. Current logging level 4
000000.280|ethf |*|01|Initial log entry. Current logging level 4
000000.280|dns  |*|01|Initial log entry. Current logging level 3
000000.280|curl |*|01|Initial log entry. Current logging level 3
000000.280|sec  |*|01|Initial log entry. Current logging level 4
000000.440|wdog |*|01|Initial log entry. Current logging level 4
000000.440|lldp |*|01|Initial log entry. Current logging level 3
000000.440|cdp  |*|01|Initial log entry. Current logging level 3
000000.440|key  |*|01|Initial log entry. Current logging level 4
000000.440|so   |3|01|Platform: Model=SoundStation IP 5000, Assembly=3111-30900-001 Rev=G Region=0
000000.440|so   |3|01|Platform: Board=3111-30900-001 1 0
000000.440|so   |3|01|Platform: MAC=0004f2f33325
000000.440|so   |3|01|Platform: BootBlock=3.0.2.0024 (30900-001) 30-Nov-10 15:06
000000.440|so   |3|01|Application, main: Label=Updater, Version=Azurite 5.0.5.2324 09-Dec-13 16:11
000000.440|so   |3|01|Application, main: P/N=YYYY-YYYYY-YYY
000000.440|log  |*|01|Install file upload callback for 'Updater'

000000.445|app1 |*|01|Initial log entry. Current logging level 3
000000.585|cfg  |*|01|Initial log entry. Current logging level 2
000000.655|dot1x|*|01|Initial log entry. Current logging level 3
000000.655|app1 |3|01|Starting provisioning because of the start type.
000001.440|so   |3|01|Link status is Net up Speed 100 full Duplex.
000003.470|tls  |*|01|Initial log entry. Current logging level 4
000012.510|lldp |3|01|LLDP did not receive a response from a switch. Disabling LLDP.
000018.330|cdp  |3|01|CDP did not receive a response from a switch. Disabling CDP.
000028.235|dns  |*|01|DNS resolver servers are '10.40.30.1' '0.0.0.0'
0415042047|dns  |*|01|DNS resolver search domain is 'cumulusnetworks.com'
0415042047|app1 |3|01|DNS resolver server is '10.40.30.1'
0415042047|app1 |3|01|DNS resolver search domain is 'cumulusnetworks.com'
0415042047|dns  |3|01|DNS lookup for (A) 'p.voxter.com'(74.114.208.245) TTL=74390
0415042047|app1 |3|01|Bootline: esw(3,0)bootHost:flash e=10.40.30.98:ffffff00:a8c0:1a h=74.114.208.245 g=10.40.30.1 u=**** pw=**** f=0x40 tn=CircaIP
0415042047|app1 |3|01|DHCP returned result 0x2E7 from server 10.40.30.1.
0415042047|app1 |3|01|   Phone IP address is 10.40.30.98.
0415042047|app1 |3|01|   Subnet mask is 255.255.255.0.
0415042047|app1 |3|01|   Gateway address is 10.40.30.1.
0415042047|app1 |3|01|   Time server is 10.40.30.1.
0415042047|app1 |3|01|   GMT offset is 0 seconds.
0415042047|app1 |3|01|   DNS server is 10.40.30.1.
0415042047|app1 |3|01|   DNS domain is cumulusnetworks.com.
0415042104|app1 |3|01|Time has been set from 10.40.30.1 (10.40.30.1).
0415042104|app1 |3|01|   1429071664: 2015-4-15, 4:21:4, DST off
0415042104|copy |3|01|'http://PlcmSpIp:****@p.voxter.com/0004f2f33325.cfg' from 'p.voxter.com(74.114.208.245)'
0415042104|copy |3|01|Download of '0004f2f33325.cfg' succeeded on attempt 1 (addr 1 of 1)
0415042104|cfg  |*|01|Prov|Starting to update 3111-30900-001.sip.ld
0415042104|copy |3|01|'http://PlcmSpIp:****@p.voxter.com/3111-30900-001.sip.ld' from 'p.voxter.com(74.114.208.245)'
0415042105|cfg  |3|01|New load header information:
0415042105|cfg  |3|01|Code length:         0x004B3678
0415042105|cfg  |3|01|Code Checksum:       0x0712E909
0415042105|cfg  |3|01|Options:             0x00000080
0415042105|cfg  |3|01|Recognized container image
0415042105|cfg  |3|01|New load header information:
0415042105|cfg  |3|01|Code length:         0x003CFAB5
0415042105|cfg  |3|01|Code Checksum:       0x1E5A457E
0415042105|cfg  |3|01|Options:             0x00000102
0415042105|cfg  |3|01|Application header is different
0415042105|cfg  |3|01|Application in container image 1 is different
0415042105|cfg  |3|01|New load header information:
0415042105|cfg  |3|01|Code length:         0x000E32D0
0415042105|cfg  |3|01|Code Checksum:       0x071247D1
0415042105|cfg  |3|01|Options:             0x00000110
0415042105|cfg  |3|01|Updater header is different
0415042105|cfg  |3|01|Updater in container image 2 is different
0415042105|cfg  |3|01|Using Updater
0415042126|cfg  |*|01|Prov|Updating the Updater
0415042126|cfg  |3|01|Using compatible image 0
0415042131|copy |3|01|Download of '3111-30900-001.sip.ld' succeeded on attempt 1 (addr 1 of 1)
0415042131|sig  |*|01|Initial log entry. Current logging level 3
0415042131|sig  |3|01|hwSigParseRemove: found key Sig_3.
0415042131|cfg  |3|01|Good image signature
0415042131|cfg  |4|01|Removing application...
0415042133|cfg  |3|01|Programming Updater from sector 1 to 18
0415042150|cfg  |3|01|Programming to sector 1 complete
0415042150|cfg  |3|01|Invalidated old image at sector 19, offset 20.
0415042150|cfg  |*|01|Prov|Image has been changed
0415042151|cfg  |*|01|Prov|Provisioning needs to reboot to upgrade image(s)
000000.285|so   |*|01|---------- Initial log entry ----------
000000.285|so   |*|01|+++ Note that Updater log times are in GMT +++
000000.285|boot |*|01|Initial log entry. Current logging level 3
000000.285|copy |*|01|Initial log entry. Current logging level 3
000000.285|utilm|*|01|Initial log entry. Current logging level 4
000000.285|hw   |*|01|Initial log entry. Current logging level 4
000000.285|ethf |*|01|Initial log entry. Current logging level 4
000000.285|dns  |*|01|Initial log entry. Current logging level 3
000000.285|curl |*|01|Initial log entry. Current logging level 3
000000.285|sec  |*|01|Initial log entry. Current logging level 4
000000.445|wdog |*|01|Initial log entry. Current logging level 4
000000.445|lldp |*|01|Initial log entry. Current logging level 3
000000.445|cdp  |*|01|Initial log entry. Current logging level 3
000000.445|key  |*|01|Initial log entry. Current logging level 4
000000.445|so   |3|01|Platform: Model=SoundStation IP 5000, Assembly=3111-30900-001 Rev=G Region=0
000000.445|so   |3|01|Platform: Board=3111-30900-001 1 0
000000.445|so   |3|01|Platform: MAC=0004f2f33325
000000.445|so   |3|01|Platform: BootBlock=3.0.2.0024 (30900-001) 30-Nov-10 15:06
000000.445|so   |3|01|Application, main: Label=Updater, Version=Azurite 5.0.8.0935 14-Jan-15 20:29
000000.445|so   |3|01|Application, main: P/N=3150-11069-508
000000.445|log  |*|01|Install file upload callback for 'Updater'

000000.445|app1 |*|01|Initial log entry. Current logging level 3
000000.590|cfg  |*|01|Initial log entry. Current logging level 2
000000.660|dot1x|*|01|Initial log entry. Current logging level 3
000000.660|app1 |3|01|Starting provisioning because of the start type.
000001.440|so   |3|01|Link status is Net up Speed 100 full Duplex.
000003.005|tls  |*|01|Initial log entry. Current logging level 4
000012.255|lldp |3|01|LLDP did not receive a response from a switch. Disabling LLDP.
000018.070|cdp  |3|01|CDP did not receive a response from a switch. Disabling CDP.
000027.840|dns  |*|01|DNS resolver servers are '10.40.30.1' '0.0.0.0'
0415042131|dns  |*|01|DNS resolver search domain is 'cumulusnetworks.com'
0415042131|app1 |3|01|DNS resolver server is '10.40.30.1'
0415042131|app1 |3|01|DNS resolver search domain is 'cumulusnetworks.com'
0415042131|dns  |3|01|DNS lookup for (A) 'p.voxter.com'(74.114.208.245) TTL=74310
0415042131|app1 |3|01|Bootline: esw(3,0)bootHost:flash e=10.40.30.98:ffffff00:a8c0:1a h=74.114.208.245 g=10.40.30.1 u=**** pw=**** f=0x40 tn=CircaIP
0415042131|app1 |3|01|DHCP returned result 0x2E7 from server 10.40.30.1.
0415042131|app1 |3|01|   Phone IP address is 10.40.30.98.
0415042131|app1 |3|01|   Subnet mask is 255.255.255.0.
0415042131|app1 |3|01|   Gateway address is 10.40.30.1.
0415042131|app1 |3|01|   Time server is 10.40.30.1.
0415042131|app1 |3|01|   GMT offset is 0 seconds.
0415042131|app1 |3|01|   DNS server is 10.40.30.1.
0415042131|app1 |3|01|   DNS domain is cumulusnetworks.com.
0415042224|app1 |3|01|Time has been set from 10.40.30.1 (10.40.30.1).
0415042224|app1 |3|01|   1429071744: 2015-4-15, 4:22:24, DST off
0415042224|copy |3|01|'http://PlcmSpIp:****@p.voxter.com/0004f2f33325.cfg' from 'p.voxter.com(74.114.208.245)'
0415042224|copy |3|01|Download of '0004f2f33325.cfg' succeeded on attempt 1 (addr 1 of 1)
0415042225|cfg  |*|01|Prov|Starting to update 3111-30900-001.sip.ld
0415042225|copy |3|01|'http://PlcmSpIp:****@p.voxter.com/3111-30900-001.sip.ld' from 'p.voxter.com(74.114.208.245)'
0415042225|cfg  |3|01|New load header information:
0415042225|cfg  |3|01|Code length:         0x004B3678
0415042225|cfg  |3|01|Code Checksum:       0x0712E909
0415042225|cfg  |3|01|Options:             0x00000080
0415042225|cfg  |3|01|Recognized container image
0415042225|cfg  |3|01|New load header information:
0415042225|cfg  |3|01|Code length:         0x003CFAB5
0415042225|cfg  |3|01|Code Checksum:       0x1E5A457E
0415042225|cfg  |3|01|Options:             0x00000102
0415042225|cfg  |3|01|Could not open application file for checking
0415042225|cfg  |3|01|Application in container image 1 is different
0415042225|cfg  |3|01|New load header information:
0415042225|cfg  |3|01|Code length:         0x000E32D0
0415042225|cfg  |3|01|Code Checksum:       0x071247D1
0415042225|cfg  |3|01|Options:             0x00000110
0415042225|cfg  |3|01|Updater is already present
0415042225|cfg  |3|01|Updater in container image 2 is not different
0415042225|cfg  |3|01|Using application
0415042225|cfg  |*|01|Prov|Updating the Application
0415042225|cfg  |3|01|Using compatible image 0
0415042246|copy |3|01|buffered_write: transfer terminated
0415042246|copy |3|01|Download of '3111-30900-001.sip.ld' succeeded on attempt 1 (addr 1 of 1)
0415042246|sig  |*|01|Initial log entry. Current logging level 3
0415042246|sig  |3|01|hwSigParseRemove: found key Sig_3.
0415042247|cfg  |3|01|Good image signature
0415042248|cfg  |3|01|Programming 3996909 bytes into tffs in 4K blocks
0415042403|cfg  |*|01|Prov|Succeeded updating file 3111-30900-001.sip.ld
0415042403|cfg  |*|01|Prov|Image has been changed
0415042403|cfg  |3|01|Prov|Provisioning succeeded
0415042403|app1 |3|01|Application, load: Type=SIP, Version=4.0.8.1608 07-Feb-15 11:08
0415042403|boot |*|01|Using TFFS for flash load
0415042403|boot |*|01|Code length:         0x003CFAB5
0415042403|boot |*|01|Code checksum:       0x1E5A457E
0415042403|cfg  |*|01|Prov|Finished updating configuration
0415042415|app1 |4|01|Loaded application sip.ld from local system successfully.
0415042415|app1 |6|01|Uploading boot log, time is WED APR 15 04:24:15 2015

0415042415|copy |3|01|'http://PlcmSpIp:****@p.voxter.com/logs/0004f2f33325-boot.log' to 'p.voxter.com(74.114.208.245)'
0415042415|copy |3|01|Upload of 'logs/0004f2f33325-boot.log' succeeded on attempt 1 (addr 1 of 1)
0415042416|cfg  |3|01|Prov|Shutting down
