0420073212|sip  |4|00|NAPTR query for host 'vantage.fullymanaged.sip.voxter.com' returned no results
0420091543|app1 |4|00|DBS event contains a handle (0xf20a50) that's invalid
0420091543|app1 |4|00|DBS event contains a handle (0xf8d120) that's invalid
0420091624|clist|4|00|dbIO::processResult:copy error
0420091624|clist|4|00|dbSet::mem2srv:transfer failed
0420091907|app1 |4|00|DBS event contains a handle (0xf20a50) that's invalid
0420091908|app1 |4|00|DBS event contains a handle (0xf8d120) that's invalid
0420091924|clist|4|00|dbIO::processResult:copy error
0420091924|clist|4|00|dbSet::mem2srv:transfer failed
0420093320|so   |4|00|IsDivertFeaturesEnabled - EXIT
0420093320|so   |4|00|IsDivertFeaturesEnabled - EXIT
0420093339|app1 |4|00|DBS event contains a handle (0xf20a50) that's invalid
0420093339|app1 |4|00|DBS event contains a handle (0xf8d120) that's invalid
0420093424|clist|4|00|dbIO::processResult:copy error
0420093424|clist|4|00|dbSet::mem2srv:transfer failed
0420100407|so   |4|00|IsDivertFeaturesEnabled - EXIT
0420100407|so   |4|00|IsDivertFeaturesEnabled - EXIT
0420100452|app1 |4|00|DBS event contains a handle (0xf20a50) that's invalid
0420100452|app1 |4|00|DBS event contains a handle (0xf8d120) that's invalid
0420100524|clist|4|00|dbIO::processResult:copy error
0420100524|clist|4|00|dbSet::mem2srv:transfer failed
0420101836|app1 |4|00|DBS event contains a handle (0xf20a50) that's invalid
0420101836|app1 |4|00|DBS event contains a handle (0xf8d120) that's invalid
0420101924|clist|4|00|dbIO::processResult:copy error
0420101924|clist|4|00|dbSet::mem2srv:transfer failed
0420123424|so   |4|00|IsDivertFeaturesEnabled - EXIT
0420123424|so   |4|00|IsDivertFeaturesEnabled - EXIT
0420123537|app1 |4|00|DBS event contains a handle (0xf20a50) that's invalid
0420123537|app1 |4|00|DBS event contains a handle (0xf8d120) that's invalid
0420123624|clist|4|00|dbIO::processResult:copy error
0420123624|clist|4|00|dbSet::mem2srv:transfer failed
0420125645|sip  |4|00|Registration failed User: 3814, Error Code:480 Temporarily not available
0420125708|sip  |4|00|Registration failed User: 3814, Error Code:401 Unauthorized
0420132154|app1 |4|00|DBS event contains a handle (0xf20a50) that's invalid
0420132154|app1 |4|00|DBS event contains a handle (0xf8d120) that's invalid
0420132224|clist|4|00|dbIO::processResult:copy error
0420132224|clist|4|00|dbSet::mem2srv:transfer failed
0420141644|so   |4|00|IsDivertFeaturesEnabled - EXIT
0420141644|so   |4|00|IsDivertFeaturesEnabled - EXIT
0420141659|app1 |4|00|DBS event contains a handle (0xf20a50) that's invalid
0420141659|app1 |4|00|DBS event contains a handle (0xf8d120) that's invalid
0420141723|clist|4|00|dbIO::processResult:copy error
0420141723|clist|4|00|dbSet::mem2srv:transfer failed
0420142754|app1 |4|00|DBS event contains a handle (0xf20a50) that's invalid
0420142754|app1 |4|00|DBS event contains a handle (0xf8d120) that's invalid
0420142823|clist|4|00|dbIO::processResult:copy error
0420142823|clist|4|00|dbSet::mem2srv:transfer failed
0420143842|so   |4|00|IsDivertFeaturesEnabled - EXIT
0420143842|so   |4|00|IsDivertFeaturesEnabled - EXIT
0420143912|app1 |4|00|DBS event contains a handle (0xf20a50) that's invalid
0420143912|app1 |4|00|DBS event contains a handle (0xf8d120) that's invalid
0420143923|clist|4|00|dbIO::processResult:copy error
0420143923|clist|4|00|dbSet::mem2srv:transfer failed
0420144110|app1 |4|00|DBS event contains a handle (0xf20a50) that's invalid
0420144110|app1 |4|00|DBS event contains a handle (0xf8d120) that's invalid
0420144123|clist|4|00|dbIO::processResult:copy error
0420144123|clist|4|00|dbSet::mem2srv:transfer failed
0420151849|app1 |4|00|DBS event contains a handle (0xf20a50) that's invalid
0420151849|app1 |4|00|DBS event contains a handle (0xf8d120) that's invalid
0420151923|clist|4|00|dbIO::processResult:copy error
0420151923|clist|4|00|dbSet::mem2srv:transfer failed
0420183236|app1 |4|00|DBS event contains a handle (0xf20a50) that's invalid
0420183236|app1 |4|00|DBS event contains a handle (0xf8d120) that's invalid
0420183323|clist|4|00|dbIO::processResult:copy error
0420183323|clist|4|00|dbSet::mem2srv:transfer failed
0420190733|so   |4|00|IsDivertFeaturesEnabled - EXIT
0420190733|so   |4|00|IsDivertFeaturesEnabled - EXIT
0420190752|app1 |4|00|DBS event contains a handle (0xf20a50) that's invalid
0420190752|app1 |4|00|DBS event contains a handle (0xf8d120) that's invalid
0420190823|clist|4|00|dbIO::processResult:copy error
0420190823|clist|4|00|dbSet::mem2srv:transfer failed
0420192605|app1 |4|00|DBS event contains a handle (0xf20a50) that's invalid
0420192605|app1 |4|00|DBS event contains a handle (0xf8d120) that's invalid
0420192623|clist|4|00|dbIO::processResult:copy error
0420192623|clist|4|00|dbSet::mem2srv:transfer failed
0420192640|app1 |4|00|DBS event contains a handle (0xf20a50) that's invalid
0420192640|app1 |4|00|DBS event contains a handle (0xf8d120) that's invalid
0420192723|clist|4|00|dbIO::processResult:copy error
0420192723|clist|4|00|dbSet::mem2srv:transfer failed
0421044122|sip  |4|00|NAPTR query for host 'vantage.fullymanaged.sip.voxter.com' returned no results
0421085726|so   |4|00|IsDivertFeaturesEnabled - EXIT
