0413083804|cfg  |*|00|Prov|Provisioning needs to reboot to upgrade image(s)
0413083804|cfg  |*|00|Prov|Finished updating configuration
0413083804|app1 |*|00|Manual Reboot
0413083804|ldap |4|00|ldapXfer::start:xferStart failed cState=-1
0413083804|app1 |*|00|AppC::appReboot cDynamicData shutdown complete
0413083804|so   |*|00|SoNcasC::procMsg: Client service shutdown complete
0413083808|wdog |*|00|Watchdog Expired: tSupObjs, 8
0413083808|log  |*|00|---------- Final log entry ----------
000204.243|log  |*|00|---------- Initial log entry ----------
000204.069|rdisk|*|00|Initial log entry. Current logging level 4
000204.070|rdisk|*|00|RAM disk created and mounted at "/rfs0"
000204.070|rdisk|*|00|RAM disk created, size: 16,777,216 bytes
000204.239|so   |*|00|Platform: Model=VVX 500, Assembly=3111-44500-001 Rev=A Region=0
000204.240|so   |*|00|Platform: Interface    eth0 MAC=0004f28f359d
000204.240|so   |*|00|Platform: BootBlock=3.0.4.0033 (44500-001) 11-Jul-12 12:30
000204.241|so   |*|00|Platform: BootL1=1.0.0.0018 (44500-001) 06-Oct-11 17:01
000204.243|so   |*|00|Platform: Updater=5.0.8.1205 07-Feb-15 10:30
000204.243|so   |*|00|Application, main: Label=SIP, Version=Mink 4.0.8.1608 07-Feb-15 10:14
000204.243|so   |*|00|Application, main: P/N=3150-11530-408
000204.243|rdisk|*|00|RAM disk created, size: 16,777,216 bytes
000204.243|ocsp |*|00|O.C.S.P. Enabled = 0
000204.280|tls  |*|00|Initial log entry. Current logging level 4
000204.310|pmt  |*|00|Initial log entry. Current logging level 4
000204.311|wdog |*|00|Initial log entry. Current logging level 4
000204.311|ethf |*|00|Initial log entry. Current logging level 4
000204.311|hw   |*|00|Initial log entry. Current logging level 4
000204.312|ares |*|00|Initial log entry. Current logging level 4
000204.312|dns  |*|00|Initial log entry. Current logging level 4
000204.312|cfg  |*|00|Initial log entry. Current logging level 4
000204.313|dot1x|*|00|Initial log entry. Current logging level 4
000204.322|ethf |4|00|utilEthFilterInit: VLAN Filter enabled, Storm Filter enabled
000204.391|cfg  |5|00|RT|Error installing DHCP event hook.
000204.402|lic  |*|00|Initial log entry. Current logging level 4
000204.415|lic  |5|00|cfgCfsFlashKeyScratchLoad: could not load flash len 976
000204.419|curl |*|00|Initial log entry. Current logging level 4
000204.420|utilm|*|00|Initial log entry. Current logging level 4
000204.420|copy |*|00|Initial log entry. Current logging level 4
000204.420|rtos |*|00|Initial log entry. Current logging level 4
000207.507|pgui |*|00|Initial log entry. Current logging level 4
000210.471|dhcpc|*|00|Initial log entry. Current logging level 4
000210.477|cfg  |*|00|RT|cfgRtNetInterfaceUpdate: Network not initialized
000212.964|dbs  |*|00|Initial log entry. Current logging level 4
000213.006|osd  |*|00|Initial log entry. Current logging level 4
000214.704|cfg  |*|00|RT|   Phone IP address is 10.19.1.116.
000214.705|cfg  |*|00|RT|   Subnet mask is 255.255.255.0.
000214.705|cfg  |*|00|RT|   Gateway address is 10.19.1.1.
000214.705|cfg  |*|00|RT|   DNS server is 10.76.144.114.
000214.705|cfg  |*|00|RT|   DNS alternate server is 10.76.144.124.
000214.705|cfg  |*|00|RT|   DNS domain is vantageairportgroup.com.
000214.705|cfg  |*|00|RT|   Time server is 192.95.20.208.
000214.705|cfg  |*|00|RT|   GMT offset is -28800 seconds.
000214.706|dns  |*|00|DNS resolver servers are '10.76.144.114' '10.76.144.124'
000214.706|dns  |*|00|DNS resolver search domain is 'vantageairportgroup.com'
000214.707|cfg  |*|00|RT|Primary IP changed to 10.19.1.116 subnet mask 255.255.255.0
000215.237|cfg  |*|00|Prov|Starting to update 3111-44500-001.sip.ld
000216.434|copy |*|00|Server 'p.voxter.com' said 'overrides/0004f28f359d-phone.cfg' is not present
000216.446|copy |*|00|Server 'p.voxter.com' said 'overrides/0004f28f359d-web.cfg' is not present
000216.459|copy |*|00|Server 'p.voxter.com' said 'licenses/000000000000-license.cfg' is not present
000216.471|copy |*|00|Server 'p.voxter.com' said 'licenses/0004f28f359d-license.cfg' is not present
000216.477|cfg  |*|00|Prm|0004f28f359d_reg.cfg: Value "" for configuration parameter reg.1.server.2.port is invalid, ignoring
000216.478|cfg  |*|00|Prm|0004f28f359d_reg.cfg: Value "" for configuration parameter reg.1.outboundProxy.port is invalid, ignoring
000216.478|cfg  |*|00|Prm|0004f28f359d_reg.cfg: Value "" for configuration parameter reg.1.lineKeys is invalid, ignoring
000216.482|cfg  |4|00|Prm|provisioner.cfg: Unknown parameter "sec.tagSerialNo.set" found, ignoring.
000216.499|cfg  |*|00|Prm|features.cfg: Value 9999 for configuration parameter dir.local.contacts.maxNum is too large, using 500, the maximum allowed
000216.514|cfg  |*|00|Prov|Setting device parameters from configuration files.
000216.529|cfg  |*|00|Prov|Finished updating configuration
000216.529|sec  |*|00|Initial log entry. Current logging level 4
000216.531|so   |*|00|Configuration files: 0004f28f359d_reg.cfg, provisioner.cfg, sip.cfg, features.cfg
000216.531|so   |*|00|Configuration file "0004f28f359d_reg.cfg" SHA1 digest: FE4B78FDAFDC0B6A3DF9F88AEEB5DDB931A12A73
000216.531|so   |*|00|Configuration file "provisioner.cfg" SHA1 digest: 51080CD89DA743106AF5139272C6860F0465BE9D
000216.531|so   |*|00|Configuration file "sip.cfg" SHA1 digest: 17D9F9490360801F088AB609206A5E85BE142A8E
000216.531|so   |*|00|Configuration file "features.cfg" SHA1 digest: 4CC8F8E5A161C0EA5F932FF8A190910D0B78027B
000216.531|cfg  |4|00|Prm|Configuration file(s) statistics: 1 parameters were invalid and could not be interpreted.
000216.531|cfg  |4|00|Prm|Configuration file(s) statistics: 1 parameter values were used but were out of range. 5 were invalid and ignored.
000216.531|rtos |4|00|rtosSocket: couldn't find valid IP TOS value for Video RTP in config file. Using 0.
000216.531|rtos |4|00|rtosSocket: couldn't find valid IP TOS value for Video RTP in config file. Using 0.
000216.532|log  |*|00|Log render level set to 1
000216.534|srtp |*|00|Initial log entry. Current logging level 4
000216.536|res  |*|00|Initial log entry. Current logging level 4
000216.537|httpa|*|00|Initial log entry. Current logging level 4
000216.537|lldp |*|00|Initial log entry. Current logging level 4
000216.537|cdp  |*|00|Initial log entry. Current logging level 4
000216.537|pcd  |*|00|Initial log entry. Current logging level 4
000216.538|ssps |*|00|Initial log entry. Current logging level 4
000216.540|ssps |5|00|Allocated 36992 bytes for SspsHdiMemBase=0xd183a8
000216.720|so   |*|00|System Info Reports:
000216.720|so   |*|00|  Cpu is ARMv6-compatible processor rev 7 (v6l), ID: 0x111070b2, running at 500MHz.
000216.720|so   |*|00|  Board is identified as PolycomVVX-VVX_500.
000216.721|so   |*|00|  DRAM_SIZE: 224 MB
000216.721|so   |*|00|  NAND flash detected is 20
000216.721|key  |*|00|Initial log entry. Current logging level 4
000216.727|httpd|*|00|Initial log entry. Current logging level 4
000216.727|poll |*|00|Initial log entry. Current logging level 4
000216.728|push |*|00|Initial log entry. Current logging level 4
000216.728|poll |*|00|Initial log entry. Current logging level 4
000216.728|poll |*|00|Initial log entry. Current logging level 4
000216.729|poll |*|00|Initial log entry. Current logging level 4
000216.729|poll |*|00|Initial log entry. Current logging level 4
000216.729|poll |*|00|Initial log entry. Current logging level 4
000216.729|ht   |*|00|Initial log entry. Current logging level 4
000216.730|cap  |*|00|Initial log entry. Current logging level 4
000216.731|vid  |*|00|Initial log entry. Current logging level 4
000216.732|dbuf |*|00|Initial log entry. Current logging level 4
000216.737|ssps |*|00|sspsMain: Set HDI mem to be 0, was 0
000216.738|pps  |*|00|Initial log entry. Current logging level 4
000216.738|sip  |*|00|Initial log entry. Current logging level 4
000216.739|ptt  |*|00|Initial log entry. Current logging level 4
000216.740|ssps |*|00|Application, comp. 1: Label=PolyDSP Vino BCM11107 Mem1 FS1, Version=6.4.3.0002 18-Nov-2012 12:50
000216.740|ssps |*|00|Application, comp. 1: P/N=3150-11580-643.
000216.741|xmpp |*|00|Initial log entry. Current logging level 4
000217.460|pwrsv|*|00|Initial log entry. Current logging level 4
000217.461|so   |*|00|Using TCP IP Media Port, configured initial RTP port 2222
000217.476|usb  |*|00|Initial log entry. Current logging level 4
000217.478|sshc |*|00|Initial log entry. Current logging level 4
000217.478|app1 |*|00|Initial log entry. Current logging level 4
000217.514|ldap |*|00|Initial log entry. Current logging level 4
000217.514|ldap |4|00|cDynamicData::cDynamicData:cDynamicData:Failed
000217.520|efk  |*|00|Initial log entry. Current logging level 4
000217.573|cmp  |*|00|Initial log entry. Current logging level 4
000217.573|wmgr |*|00|Initial log entry. Current logging level 4
000217.593|slog |*|00|Initial log entry. Current logging level 4
000217.604|so   |4|00|SoKeyC::procMsg unexpected message 4099
000217.677|so   |*|00|Network initialized. Starting network tasks.
000217.678|log  |*|00|Install file upload callback for 'so'

