000000.295|so   |*|00|---------- Initial log entry ----------
000000.295|so   |*|00|+++ Note that bootrom log times are in GMT +++
000000.295|copy |*|00|Initial log entry. Current logging level 3
000000.295|utilm|*|00|Initial log entry. Current logging level 4
000000.295|hw   |*|00|Initial log entry. Current logging level 4
000000.295|ethf |*|00|Initial log entry. Current logging level 4
000000.295|dns  |*|00|Initial log entry. Current logging level 3
000000.295|curl |*|00|Initial log entry. Current logging level 3
000000.295|sec  |*|00|Initial log entry. Current logging level 4
000000.455|wdog |*|00|Initial log entry. Current logging level 4
000000.455|lldp |*|00|Initial log entry. Current logging level 3
000000.455|lldp |3|00|LLDP is DISABLED.
000000.455|cdp  |*|00|Initial log entry. Current logging level 3
000000.455|cdp  |3|00|CDP is DISABLED.
000000.455|key  |*|00|Initial log entry. Current logging level 4
000000.465|so   |3|00|Platform: Model=SoundStation IP 5000, Assembly=3111-30900-001 Rev=G Region=0
000000.465|so   |3|00|Platform: Board=3111-30900-001 1 0
000000.465|so   |3|00|Platform: MAC=0004f2f32539, IP=Resolving, Subnet Mask=Resolving
000000.465|so   |3|00|Platform: BootBlock=3.0.2.0024 (30900-001) 30-Nov-10 15:06
000000.465|so   |3|00|Application, main: Label=BOOT, Version=Muscovite 4.4.0.0080 26-Jul-11 13:56
000000.465|so   |3|00|Application, main: P/N=3150-11069-440
000000.465|app1 |*|00|Initial log entry. Current logging level 3
000000.610|cfg  |*|00|Initial log entry. Current logging level 2
000000.680|cfg  |3|00|Current BootBlock revision is '3.0.2 (30900-001).0024'
000000.680|cfg  |*|00|Prov|Updating BootBlock
000000.680|cfg  |3|00|Checking pre-compiled image 3111-30900-001.bootblock.ld
000000.680|cfg  |3|00|New load header information:
000000.680|cfg  |3|00|Code length:         0x0000F119
000000.680|cfg  |3|00|Header check Sum:    0x0066D5C9
000000.680|cfg  |3|00|Code check Sum:      0x0065E284
000000.680|cfg  |3|00|Options:             0x00000020
000000.680|cfg  |3|00|Recognized compatible bootBlock
000000.695|cfg  |3|00|BootBlock is already present
000000.695|cfg  |3|00|Image is already up to date
000000.695|app1 |*|00|BootBlock is already up to date.
000001.450|so   |3|00|Link status is Net up Speed 100 full Duplex.
000012.250|lldp |3|00|LLDP did not receive a response from a switch. Disabling LLDP.
000017.915|cdp  |3|00|CDP did not receive a response from a switch. Disabling CDP.
000022.420|app1 |3|00|DNS resolver servers are '192.168.2.16' '192.168.2.17'
000022.420|app1 |3|00|DNS resolver search domain is 'cumulusnetworks.com'
000022.425|app1 |3|00|Bootline: esw(3,0)bootHost:flash e=192.168.0.91:fffffc00:258:13 h=74.114.208.40 g=192.168.1.1 u=**** pw=**** f=0x40 tn=CircaIP
000022.425|app1 |4|00|Could not load time from  (0.0.0.0).
000022.425|app1 |3|00|DHCP returned result 0x387 from server 192.168.2.16.
000022.425|app1 |3|00|   Phone IP address is 192.168.0.91.
000022.425|app1 |3|00|   Subnet mask is 255.255.252.0.
000022.425|app1 |3|00|   Gateway address is 192.168.1.1.
000022.425|app1 |3|00|   DNS server is 192.168.2.16.
000022.425|app1 |3|00|   DNS alternate server is 192.168.2.17.
000022.425|app1 |3|00|   DNS domain is cumulusnetworks.com.
000023.050|dns  |3|00|DNS lookup for 'p.voxter.com'(74.114.208.41,74.114.208.40) TTL=27956
000023.050|copy |3|00|'http://PlcmSpIp:****@p.voxter.com/0004f2f32539.cfg' from 'p.voxter.com(74.114.208.41)'
000023.380|copy |3|00|Download of '0004f2f32539.cfg' succeeded on attempt 1 (addr 1 of 2)
000023.445|cfg  |*|00|Prov|Starting to update 3111-30900-001.sip.ld
000023.560|copy |3|00|'http://PlcmSpIp:****@p.voxter.com/3111-30900-001.sip.ld' from 'p.voxter.com(74.114.208.41)'
000023.970|cfg  |3|00|New load header information:
000023.970|cfg  |3|00|Code length:         0x004AF4B8
000023.970|cfg  |3|00|Header check Sum:    0x07547284
000023.970|cfg  |3|00|Code check Sum:      0x07097CA8
000023.970|cfg  |3|00|Options:             0x00000080
000023.970|cfg  |3|00|Recognized container image
000023.970|cfg  |3|00|New load header information:
000023.970|cfg  |3|00|Code length:         0x003CD0B5
000023.970|cfg  |3|00|Header check Sum:    0x2840D2ED
000023.970|cfg  |3|00|Code check Sum:      0x1E4B19CF
000023.970|cfg  |3|00|Options:             0x00000102
000023.970|cfg  |3|00|Could not open application file for checking
000023.970|cfg  |3|00|Application in container image 1 is different
000023.970|cfg  |3|00|New load header information:
000023.970|cfg  |3|00|Code length:         0x000E1B10
000023.970|cfg  |3|00|Header check Sum:    0x3216FA02
000023.970|cfg  |3|00|Code check Sum:      0x0708DCBE
000023.970|cfg  |3|00|Options:             0x00000110
000023.970|cfg  |3|00|BootROM header is different
000023.970|cfg  |3|00|BootROM in container image 2 is different
000023.970|cfg  |3|00|Using bootROM
000051.665|cfg  |*|00|Prov|Updating BootROM
000051.670|cfg  |3|00|Using compatible image 0
000058.260|copy |3|00|Download of '3111-30900-001.sip.ld' succeeded on attempt 1 (addr 1 of 2)
000058.570|sig  |*|00|Initial log entry. Current logging level 3
000058.570|sig  |3|00|hwSigParseRemove: found key Sig_3.
000058.805|cfg  |3|00|Good image signature
000058.930|cfg  |4|00|Removing application...
000059.165|cfg  |3|00|Programming BootROM from sector 19 to 36
000119.810|cfg  |3|00|Programming to sector 19 complete
000119.980|cfg  |3|00|Invalidated old image at sector 1, offset 20.
000120.320|cfg  |*|00|Prov|Image has been changed
000120.410|cfg  |*|00|Prov|Provisioning needs to reboot to upgrade image(s)
000000.270|so   |*|01|---------- Initial log entry ----------
000000.270|so   |*|01|+++ Note that Updater log times are in GMT +++
000000.270|boot |*|01|Initial log entry. Current logging level 3
000000.270|copy |*|01|Initial log entry. Current logging level 3
000000.270|utilm|*|01|Initial log entry. Current logging level 4
000000.270|hw   |*|01|Initial log entry. Current logging level 4
000000.270|ethf |*|01|Initial log entry. Current logging level 4
000000.270|dns  |*|01|Initial log entry. Current logging level 3
000000.270|curl |*|01|Initial log entry. Current logging level 3
000000.270|sec  |*|01|Initial log entry. Current logging level 4
000000.430|wdog |*|01|Initial log entry. Current logging level 4
000000.430|lldp |*|01|Initial log entry. Current logging level 3
000000.430|cdp  |*|01|Initial log entry. Current logging level 3
000000.430|key  |*|01|Initial log entry. Current logging level 4
000000.430|so   |3|01|Platform: Model=SoundStation IP 5000, Assembly=3111-30900-001 Rev=G Region=0
000000.430|so   |3|01|Platform: Board=3111-30900-001 1 0
000000.430|so   |3|01|Platform: MAC=0004f2f32539
000000.430|so   |3|01|Platform: BootBlock=3.0.2.0024 (30900-001) 30-Nov-10 15:06
000000.430|so   |3|01|Application, main: Label=Updater, Version=Azurite 5.0.5.2324 09-Dec-13 16:11
000000.430|so   |3|01|Application, main: P/N=YYYY-YYYYY-YYY
000000.430|log  |*|01|Install file upload callback for 'Updater'

000000.430|app1 |*|01|Initial log entry. Current logging level 3
000000.575|cfg  |*|01|Initial log entry. Current logging level 2
000000.580|app1 |3|01|Application image is not present.
000000.650|dot1x|*|01|Initial log entry. Current logging level 3
000001.430|so   |3|01|Link status is Net up Speed 100 full Duplex.
000003.185|tls  |*|01|Initial log entry. Current logging level 4
000012.230|lldp |3|01|LLDP did not receive a response from a switch. Disabling LLDP.
000017.895|cdp  |3|01|CDP did not receive a response from a switch. Disabling CDP.
000022.400|dns  |*|01|DNS resolver servers are '192.168.2.16' '192.168.2.17'
000022.400|dns  |*|01|DNS resolver search domain is 'cumulusnetworks.com'
000022.400|app1 |3|01|DNS resolver servers are '192.168.2.16' '192.168.2.17'
000022.400|app1 |3|01|DNS resolver search domain is 'cumulusnetworks.com'
000022.405|dns  |3|01|DNS lookup for (A) 'p.voxter.com'(74.114.208.41,74.114.208.40) TTL=27870
000022.405|app1 |3|01|Bootline: esw(3,0)bootHost:flash e=192.168.0.91:fffffc00:258:13 h=74.114.208.41 g=192.168.1.1 u=**** pw=**** f=0x40 tn=CircaIP
000022.405|app1 |4|01|Could not load time from  (0.0.0.0).
000022.405|app1 |3|01|DHCP returned result 0x387 from server 192.168.2.16.
000022.405|app1 |3|01|   Phone IP address is 192.168.0.91.
000022.405|app1 |3|01|   Subnet mask is 255.255.252.0.
000022.405|app1 |3|01|   Gateway address is 192.168.1.1.
000022.405|app1 |3|01|   DNS server is 192.168.2.16.
000022.405|app1 |3|01|   DNS alternate server is 192.168.2.17.
000022.405|app1 |3|01|   DNS domain is cumulusnetworks.com.
000022.900|copy |3|01|'http://PlcmSpIp:****@p.voxter.com/0004f2f32539.cfg' from 'p.voxter.com(74.114.208.41)'
000023.235|copy |3|01|Download of '0004f2f32539.cfg' succeeded on attempt 1 (addr 1 of 2)
000023.350|cfg  |*|01|Prov|Starting to update 3111-30900-001.sip.ld
000023.465|copy |3|01|'http://PlcmSpIp:****@p.voxter.com/3111-30900-001.sip.ld' from 'p.voxter.com(74.114.208.41)'
000023.875|cfg  |3|01|New load header information:
000023.875|cfg  |3|01|Code length:         0x004AF4B8
000023.875|cfg  |3|01|Code Checksum:       0x07097CA8
000023.875|cfg  |3|01|Options:             0x00000080
000023.875|cfg  |3|01|Recognized container image
000023.875|cfg  |3|01|New load header information:
000023.875|cfg  |3|01|Code length:         0x003CD0B5
000023.875|cfg  |3|01|Code Checksum:       0x1E4B19CF
000023.875|cfg  |3|01|Options:             0x00000102
000023.875|cfg  |3|01|Could not open application file for checking
000023.875|cfg  |3|01|Application in container image 1 is different
000023.875|cfg  |3|01|New load header information:
000023.875|cfg  |3|01|Code length:         0x000E1B10
000023.875|cfg  |3|01|Code Checksum:       0x0708DCBE
000023.875|cfg  |3|01|Options:             0x00000110
000023.875|cfg  |3|01|Updater is already present
000023.875|cfg  |3|01|Updater in container image 2 is not different
000023.875|cfg  |3|01|Using application
000024.000|cfg  |*|01|Prov|Updating the Application
000024.005|cfg  |3|01|Using compatible image 0
000051.845|copy |3|01|buffered_write: transfer terminated
000051.845|copy |3|01|Download of '3111-30900-001.sip.ld' succeeded on attempt 1 (addr 1 of 2)
000052.325|sig  |*|01|Initial log entry. Current logging level 3
000052.325|sig  |3|01|hwSigParseRemove: found key Sig_3.
000053.315|cfg  |3|01|Good image signature
000053.555|cfg  |3|01|Programming 3986157 bytes into tffs in 4K blocks
000208.695|cfg  |*|01|Prov|Succeeded updating file 3111-30900-001.sip.ld
000208.795|cfg  |*|01|Prov|Image has been changed
000208.915|cfg  |3|01|Prov|Provisioning succeeded
000208.985|app1 |3|01|Application, load: Type=SIP, Version=4.0.6.0711 26-Feb-14 08:43
000208.990|boot |*|01|Using TFFS for flash load
000208.990|boot |*|01|Code length:         0x003CD0B5
000208.990|boot |*|01|Code checksum:       0x1E4B19CF
000208.990|cfg  |*|01|Prov|Finished updating configuration
000220.235|app1 |4|01|Loaded application sip.ld from local system successfully.
000220.235|app1 |6|01|Uploading boot log, time is SAT JUN 21 20:31:00 2014

000220.485|copy |3|01|'http://PlcmSpIp:****@p.voxter.com/logs/0004f2f32539-boot.log' to 'p.voxter.com(74.114.208.41)'
000220.715|copy |3|01|Upload of 'logs/0004f2f32539-boot.log' succeeded on attempt 1 (addr 1 of 2)
000220.910|cfg  |3|01|Prov|Shutting down
000000.290|so   |*|01|---------- Initial log entry ----------
000000.290|so   |*|01|+++ Note that Updater log times are in GMT +++
000000.290|boot |*|01|Initial log entry. Current logging level 3
000000.290|copy |*|01|Initial log entry. Current logging level 3
000000.290|utilm|*|01|Initial log entry. Current logging level 4
000000.290|hw   |*|01|Initial log entry. Current logging level 4
000000.290|ethf |*|01|Initial log entry. Current logging level 4
000000.290|dns  |*|01|Initial log entry. Current logging level 3
000000.290|curl |*|01|Initial log entry. Current logging level 3
000000.290|sec  |*|01|Initial log entry. Current logging level 4
000000.450|wdog |*|01|Initial log entry. Current logging level 4
000000.450|lldp |*|01|Initial log entry. Current logging level 3
000000.450|cdp  |*|01|Initial log entry. Current logging level 3
000000.450|key  |*|01|Initial log entry. Current logging level 4
000000.450|so   |3|01|Platform: Model=SoundStation IP 5000, Assembly=3111-30900-001 Rev=G Region=0
000000.450|so   |3|01|Platform: Board=3111-30900-001 1 0
000000.450|so   |3|01|Platform: MAC=0004f2f32539
000000.450|so   |3|01|Platform: BootBlock=3.0.2.0024 (30900-001) 30-Nov-10 15:06
000000.450|so   |3|01|Application, main: Label=Updater, Version=Azurite 5.0.5.2324 09-Dec-13 16:11
000000.450|so   |3|01|Application, main: P/N=YYYY-YYYYY-YYY
000000.450|log  |*|01|Install file upload callback for 'Updater'

000000.450|app1 |*|01|Initial log entry. Current logging level 3
000000.600|cfg  |*|01|Initial log entry. Current logging level 2
000000.675|app1 |3|01|Application, load: Type=SIP, Version=4.0.6.0711 26-Feb-14 08:43
000000.690|boot |*|01|Using TFFS for flash load
000000.700|boot |*|01|Code length:         0x003CD0B5
000000.700|boot |*|01|Code checksum:       0x1E4B19CF
000001.450|so   |3|01|Link status is Net down.
000002.450|so   |3|01|Link status is Net up Speed 100 full Duplex.
000012.155|app1 |4|01|Loaded application sip.ld from local system successfully.
000000.280|so   |*|01|---------- Initial log entry ----------
000000.280|so   |*|01|+++ Note that Updater log times are in GMT +++
000000.280|boot |*|01|Initial log entry. Current logging level 3
000000.280|copy |*|01|Initial log entry. Current logging level 3
000000.280|utilm|*|01|Initial log entry. Current logging level 4
000000.280|hw   |*|01|Initial log entry. Current logging level 4
000000.280|ethf |*|01|Initial log entry. Current logging level 4
000000.280|dns  |*|01|Initial log entry. Current logging level 3
000000.280|curl |*|01|Initial log entry. Current logging level 3
000000.280|sec  |*|01|Initial log entry. Current logging level 4
000000.440|wdog |*|01|Initial log entry. Current logging level 4
000000.440|lldp |*|01|Initial log entry. Current logging level 3
000000.440|cdp  |*|01|Initial log entry. Current logging level 3
000000.440|key  |*|01|Initial log entry. Current logging level 4
000000.440|so   |3|01|Platform: Model=SoundStation IP 5000, Assembly=3111-30900-001 Rev=G Region=0
000000.440|so   |3|01|Platform: Board=3111-30900-001 1 0
000000.440|so   |3|01|Platform: MAC=0004f2f32539
000000.445|so   |3|01|Platform: BootBlock=3.0.2.0024 (30900-001) 30-Nov-10 15:06
000000.445|so   |3|01|Application, main: Label=Updater, Version=Azurite 5.0.5.2324 09-Dec-13 16:11
000000.445|so   |3|01|Application, main: P/N=YYYY-YYYYY-YYY
000000.445|log  |*|01|Install file upload callback for 'Updater'

000000.445|app1 |*|01|Initial log entry. Current logging level 3
000000.590|cfg  |*|01|Initial log entry. Current logging level 2
000000.670|app1 |3|01|Application, load: Type=SIP, Version=4.0.6.0711 26-Feb-14 08:43
000000.685|boot |*|01|Using TFFS for flash load
000000.695|boot |*|01|Code length:         0x003CD0B5
000000.695|boot |*|01|Code checksum:       0x1E4B19CF
000001.440|so   |3|01|Link status is Net down.
000002.440|so   |3|01|Link status is Net up Speed 100 full Duplex.
000012.120|app1 |4|01|Loaded application sip.ld from local system successfully.
000000.280|so   |*|01|---------- Initial log entry ----------
000000.280|so   |*|01|+++ Note that Updater log times are in GMT +++
000000.280|boot |*|01|Initial log entry. Current logging level 3
000000.280|copy |*|01|Initial log entry. Current logging level 3
000000.280|utilm|*|01|Initial log entry. Current logging level 4
000000.280|hw   |*|01|Initial log entry. Current logging level 4
000000.280|ethf |*|01|Initial log entry. Current logging level 4
000000.280|dns  |*|01|Initial log entry. Current logging level 3
000000.280|curl |*|01|Initial log entry. Current logging level 3
000000.285|sec  |*|01|Initial log entry. Current logging level 4
000000.440|wdog |*|01|Initial log entry. Current logging level 4
000000.440|lldp |*|01|Initial log entry. Current logging level 3
000000.440|cdp  |*|01|Initial log entry. Current logging level 3
000000.440|key  |*|01|Initial log entry. Current logging level 4
000000.445|so   |3|01|Platform: Model=SoundStation IP 5000, Assembly=3111-30900-001 Rev=G Region=0
000000.445|so   |3|01|Platform: Board=3111-30900-001 1 0
000000.445|so   |3|01|Platform: MAC=0004f2f32539
000000.445|so   |3|01|Platform: BootBlock=3.0.2.0024 (30900-001) 30-Nov-10 15:06
000000.445|so   |3|01|Application, main: Label=Updater, Version=Azurite 5.0.5.2324 09-Dec-13 16:11
000000.445|so   |3|01|Application, main: P/N=YYYY-YYYYY-YYY
000000.445|log  |*|01|Install file upload callback for 'Updater'

000000.445|app1 |*|01|Initial log entry. Current logging level 3
000000.590|cfg  |*|01|Initial log entry. Current logging level 2
000000.670|app1 |3|01|Application, load: Type=SIP, Version=4.0.6.0711 26-Feb-14 08:43
000000.685|boot |*|01|Using TFFS for flash load
000000.695|boot |*|01|Code length:         0x003CD0B5
000000.695|boot |*|01|Code checksum:       0x1E4B19CF
000001.440|so   |3|01|Link status is Net down.
000002.440|so   |3|01|Link status is Net up Speed 100 full Duplex.
000012.120|app1 |4|01|Loaded application sip.ld from local system successfully.
000000.280|so   |*|01|---------- Initial log entry ----------
000000.280|so   |*|01|+++ Note that Updater log times are in GMT +++
000000.280|boot |*|01|Initial log entry. Current logging level 3
000000.285|copy |*|01|Initial log entry. Current logging level 3
000000.285|utilm|*|01|Initial log entry. Current logging level 4
000000.285|hw   |*|01|Initial log entry. Current logging level 4
000000.285|ethf |*|01|Initial log entry. Current logging level 4
000000.285|dns  |*|01|Initial log entry. Current logging level 3
000000.285|curl |*|01|Initial log entry. Current logging level 3
000000.285|sec  |*|01|Initial log entry. Current logging level 4
000000.440|wdog |*|01|Initial log entry. Current logging level 4
000000.440|lldp |*|01|Initial log entry. Current logging level 3
000000.440|cdp  |*|01|Initial log entry. Current logging level 3
000000.440|key  |*|01|Initial log entry. Current logging level 4
000000.440|so   |3|01|Platform: Model=SoundStation IP 5000, Assembly=3111-30900-001 Rev=G Region=0
000000.440|so   |3|01|Platform: Board=3111-30900-001 1 0
000000.440|so   |3|01|Platform: MAC=0004f2f32539
000000.440|so   |3|01|Platform: BootBlock=3.0.2.0024 (30900-001) 30-Nov-10 15:06
000000.440|so   |3|01|Application, main: Label=Updater, Version=Azurite 5.0.5.2324 09-Dec-13 16:11
000000.440|so   |3|01|Application, main: P/N=YYYY-YYYYY-YYY
000000.440|log  |*|01|Install file upload callback for 'Updater'

000000.445|app1 |*|01|Initial log entry. Current logging level 3
000000.585|cfg  |*|01|Initial log entry. Current logging level 2
000000.655|dot1x|*|01|Initial log entry. Current logging level 3
000000.655|app1 |3|01|Starting provisioning because of the start type.
000001.440|so   |3|01|Link status is Net up Speed 100 full Duplex.
000003.775|tls  |*|01|Initial log entry. Current logging level 4
000012.815|lldp |3|01|LLDP did not receive a response from a switch. Disabling LLDP.
000018.180|cdp  |3|01|CDP did not receive a response from a switch. Disabling CDP.
000021.680|dns  |*|01|DNS resolver servers are '208.201.224.11' '208.201.224.33'
000021.680|dns  |*|01|DNS resolver search domain is 'cumulusnetworks.com'
000021.680|app1 |3|01|DNS resolver servers are '208.201.224.11' '208.201.224.33'
000021.680|app1 |3|01|DNS resolver search domain is 'cumulusnetworks.com'
000021.690|dns  |3|01|DNS lookup for (A) 'p.voxter.com'(74.114.208.41,74.114.208.40) TTL=86351
000021.690|app1 |3|01|Bootline: esw(3,0)bootHost:flash e=172.16.1.27:ffffff00:15180:14 h=74.114.208.41 g=172.16.1.1 u=**** pw=**** f=0x40 tn=CircaIP
000021.690|app1 |3|01|DHCP returned result 0x387 from server 172.16.1.1.
000021.690|app1 |3|01|   Phone IP address is 172.16.1.27.
000021.690|app1 |3|01|   Subnet mask is 255.255.255.0.
000021.690|app1 |3|01|   Gateway address is 172.16.1.1.
000021.690|app1 |3|01|   DNS server is 208.201.224.11.
000021.690|app1 |3|01|   DNS alternate server is 208.201.224.33.
000021.690|app1 |3|01|   DNS domain is cumulusnetworks.com.
000021.695|dns  |3|01|DNS lookup for (A) 'pool.ntp.org'(66.228.35.252,66.7.96.1,38.229.71.1) TTL=70
0830052516|app1 |3|01|Time has been set from pool.ntp.org (66.228.35.252).
0830052516|app1 |3|01|   1409376316: 2014-8-30, 5:25:16, DST off
0830052516|copy |3|01|'http://PlcmSpIp:****@p.voxter.com/0004f2f32539.cfg' from 'p.voxter.com(74.114.208.41)'
0830052516|copy |3|01|Download of '0004f2f32539.cfg' succeeded on attempt 1 (addr 1 of 2)
0830052516|cfg  |*|01|Prov|Starting to update 3111-30900-001.sip.ld
0830052516|copy |3|01|'http://PlcmSpIp:****@p.voxter.com/3111-30900-001.sip.ld' from 'p.voxter.com(74.114.208.41)'
0830052517|cfg  |3|01|New load header information:
0830052517|cfg  |3|01|Code length:         0x004B0500
0830052517|cfg  |3|01|Code Checksum:       0x070CC771
0830052517|cfg  |3|01|Options:             0x00000080
0830052517|cfg  |3|01|Recognized container image
0830052517|cfg  |3|01|New load header information:
0830052517|cfg  |3|01|Code length:         0x003CD570
0830052517|cfg  |3|01|Code Checksum:       0x1E4C97B9
0830052517|cfg  |3|01|Options:             0x00000102
0830052517|cfg  |3|01|Application header is different
0830052517|cfg  |3|01|Application in container image 1 is different
0830052517|cfg  |3|01|New load header information:
0830052517|cfg  |3|01|Code length:         0x000E26A0
0830052517|cfg  |3|01|Code Checksum:       0x070C2795
0830052517|cfg  |3|01|Options:             0x00000110
0830052517|cfg  |3|01|Updater header is different
0830052517|cfg  |3|01|Updater in container image 2 is different
0830052517|cfg  |3|01|Using Updater
0830052538|cfg  |*|01|Prov|Updating the Updater
0830052538|cfg  |3|01|Using compatible image 0
0830052543|copy |3|01|Download of '3111-30900-001.sip.ld' succeeded on attempt 1 (addr 1 of 2)
0830052543|sig  |*|01|Initial log entry. Current logging level 3
0830052543|sig  |3|01|hwSigParseRemove: found key Sig_3.
0830052543|cfg  |3|01|Good image signature
0830052544|cfg  |4|01|Removing application...
0830052545|cfg  |3|01|Programming Updater from sector 1 to 18
0830052607|cfg  |3|01|Programming to sector 1 complete
0830052607|cfg  |3|01|Invalidated old image at sector 19, offset 20.
0830052607|cfg  |*|01|Prov|Image has been changed
0830052607|cfg  |*|01|Prov|Provisioning needs to reboot to upgrade image(s)
000000.280|so   |*|01|---------- Initial log entry ----------
000000.280|so   |*|01|+++ Note that Updater log times are in GMT +++
000000.280|boot |*|01|Initial log entry. Current logging level 3
000000.280|copy |*|01|Initial log entry. Current logging level 3
000000.280|utilm|*|01|Initial log entry. Current logging level 4
000000.280|hw   |*|01|Initial log entry. Current logging level 4
000000.280|ethf |*|01|Initial log entry. Current logging level 4
000000.280|dns  |*|01|Initial log entry. Current logging level 3
000000.280|curl |*|01|Initial log entry. Current logging level 3
000000.280|sec  |*|01|Initial log entry. Current logging level 4
000000.440|wdog |*|01|Initial log entry. Current logging level 4
000000.440|lldp |*|01|Initial log entry. Current logging level 3
000000.440|cdp  |*|01|Initial log entry. Current logging level 3
000000.440|key  |*|01|Initial log entry. Current logging level 4
000000.440|so   |3|01|Platform: Model=SoundStation IP 5000, Assembly=3111-30900-001 Rev=G Region=0
000000.440|so   |3|01|Platform: Board=3111-30900-001 1 0
000000.440|so   |3|01|Platform: MAC=0004f2f32539
000000.440|so   |3|01|Platform: BootBlock=3.0.2.0024 (30900-001) 30-Nov-10 15:06
000000.440|so   |3|01|Application, main: Label=Updater, Version=Azurite 5.0.7.1284 07-Jul-14 16:25
000000.440|so   |3|01|Application, main: P/N=3150-11069-507
000000.440|log  |*|01|Install file upload callback for 'Updater'

000000.440|app1 |*|01|Initial log entry. Current logging level 3
000000.585|cfg  |*|01|Initial log entry. Current logging level 2
000000.655|dot1x|*|01|Initial log entry. Current logging level 3
000000.655|app1 |3|01|Starting provisioning because of the start type.
000001.440|so   |3|01|Link status is Net up Speed 100 full Duplex.
000003.450|tls  |*|01|Initial log entry. Current logging level 4
000012.480|lldp |3|01|LLDP did not receive a response from a switch. Disabling LLDP.
000018.005|cdp  |3|01|CDP did not receive a response from a switch. Disabling CDP.
000022.505|dns  |*|01|DNS resolver servers are '208.201.224.11' '208.201.224.33'
000022.505|dns  |*|01|DNS resolver search domain is 'cumulusnetworks.com'
000022.505|app1 |3|01|DNS resolver servers are '208.201.224.11' '208.201.224.33'
000022.505|app1 |3|01|DNS resolver search domain is 'cumulusnetworks.com'
000022.510|dns  |3|01|DNS lookup for (A) 'p.voxter.com'(74.114.208.40,74.114.208.41) TTL=86272
000022.515|app1 |3|01|Bootline: esw(3,0)bootHost:flash e=172.16.1.27:ffffff00:15180:14 h=74.114.208.40 g=172.16.1.1 u=**** pw=**** f=0x40 tn=CircaIP
0830052538|app1 |3|01|DHCP returned result 0x387 from server 172.16.1.1.
0830052538|app1 |3|01|   Phone IP address is 172.16.1.27.
0830052538|app1 |3|01|   Subnet mask is 255.255.255.0.
0830052538|app1 |3|01|   Gateway address is 172.16.1.1.
0830052538|app1 |3|01|   DNS server is 208.201.224.11.
0830052538|app1 |3|01|   DNS alternate server is 208.201.224.33.
0830052538|app1 |3|01|   DNS domain is cumulusnetworks.com.
0830052538|dns  |3|01|DNS lookup for (A) 'pool.ntp.org'(204.2.134.164,38.229.71.1,198.55.111.5) TTL=141
0830052636|app1 |3|01|Time has been set from pool.ntp.org (204.2.134.164).
0830052636|app1 |3|01|   1409376396: 2014-8-30, 5:26:36, DST off
0830052636|copy |3|01|'http://PlcmSpIp:****@p.voxter.com/0004f2f32539.cfg' from 'p.voxter.com(74.114.208.40)'
0830052636|copy |3|01|Download of '0004f2f32539.cfg' succeeded on attempt 1 (addr 1 of 2)
0830052636|cfg  |*|01|Prov|Starting to update 3111-30900-001.sip.ld
0830052636|copy |3|01|'http://PlcmSpIp:****@p.voxter.com/3111-30900-001.sip.ld' from 'p.voxter.com(74.114.208.40)'
0830052636|cfg  |3|01|New load header information:
0830052636|cfg  |3|01|Code length:         0x004B0500
0830052636|cfg  |3|01|Code Checksum:       0x070CC771
0830052636|cfg  |3|01|Options:             0x00000080
0830052636|cfg  |3|01|Recognized container image
0830052636|cfg  |3|01|New load header information:
0830052636|cfg  |3|01|Code length:         0x003CD570
0830052636|cfg  |3|01|Code Checksum:       0x1E4C97B9
0830052636|cfg  |3|01|Options:             0x00000102
0830052636|cfg  |3|01|Could not open application file for checking
0830052636|cfg  |3|01|Application in container image 1 is different
0830052636|cfg  |3|01|New load header information:
0830052636|cfg  |3|01|Code length:         0x000E26A0
0830052636|cfg  |3|01|Code Checksum:       0x070C2795
0830052636|cfg  |3|01|Options:             0x00000110
0830052636|cfg  |3|01|Updater is already present
0830052636|cfg  |3|01|Updater in container image 2 is not different
0830052636|cfg  |3|01|Using application
0830052636|cfg  |*|01|Prov|Updating the Application
0830052636|cfg  |3|01|Using compatible image 0
0830052657|copy |3|01|buffered_write: transfer terminated
0830052657|copy |3|01|Download of '3111-30900-001.sip.ld' succeeded on attempt 1 (addr 1 of 2)
0830052658|sig  |*|01|Initial log entry. Current logging level 3
0830052658|sig  |3|01|hwSigParseRemove: found key Sig_3.
0830052659|cfg  |3|01|Good image signature
0830052659|cfg  |3|01|Programming 3987368 bytes into tffs in 4K blocks
0830052840|cfg  |*|01|Prov|Succeeded updating file 3111-30900-001.sip.ld
0830052840|cfg  |*|01|Prov|Image has been changed
0830052840|cfg  |3|01|Prov|Provisioning succeeded
0830052840|app1 |3|01|Application, load: Type=SIP, Version=4.0.7.2514 13-Jul-14 22:13
0830052840|boot |*|01|Using TFFS for flash load
0830052840|boot |*|01|Code length:         0x003CD570
0830052840|boot |*|01|Code checksum:       0x1E4C97B9
0830052840|cfg  |*|01|Prov|Finished updating configuration
0830052852|app1 |4|01|Loaded application sip.ld from local system successfully.
0830052852|app1 |6|01|Uploading boot log, time is SAT AUG 30 05:28:53 2014

0830052852|copy |3|01|'http://PlcmSpIp:****@p.voxter.com/logs/0004f2f32539-boot.log' to 'p.voxter.com(74.114.208.40)'
0830052852|copy |3|01|Upload of 'logs/0004f2f32539-boot.log' succeeded on attempt 1 (addr 1 of 2)
0830052852|cfg  |3|01|Prov|Shutting down
000000.290|so   |*|01|---------- Initial log entry ----------
000000.290|so   |*|01|+++ Note that Updater log times are in GMT +++
000000.290|boot |*|01|Initial log entry. Current logging level 3
000000.290|copy |*|01|Initial log entry. Current logging level 3
000000.290|utilm|*|01|Initial log entry. Current logging level 4
000000.290|hw   |*|01|Initial log entry. Current logging level 4
000000.290|ethf |*|01|Initial log entry. Current logging level 4
000000.290|dns  |*|01|Initial log entry. Current logging level 3
000000.290|curl |*|01|Initial log entry. Current logging level 3
000000.290|sec  |*|01|Initial log entry. Current logging level 4
000000.455|wdog |*|01|Initial log entry. Current logging level 4
000000.455|lldp |*|01|Initial log entry. Current logging level 3
000000.455|cdp  |*|01|Initial log entry. Current logging level 3
000000.455|key  |*|01|Initial log entry. Current logging level 4
000000.455|so   |3|01|Platform: Model=SoundStation IP 5000, Assembly=3111-30900-001 Rev=G Region=0
000000.455|so   |3|01|Platform: Board=3111-30900-001 1 0
000000.455|so   |3|01|Platform: MAC=0004f2f32539
000000.455|so   |3|01|Platform: BootBlock=3.0.2.0024 (30900-001) 30-Nov-10 15:06
000000.455|so   |3|01|Application, main: Label=Updater, Version=Azurite 5.0.7.1284 07-Jul-14 16:25
000000.455|so   |3|01|Application, main: P/N=3150-11069-507
000000.455|log  |*|01|Install file upload callback for 'Updater'

000000.455|app1 |*|01|Initial log entry. Current logging level 3
000000.605|cfg  |*|01|Initial log entry. Current logging level 2
000000.680|app1 |3|01|Application, load: Type=SIP, Version=4.0.7.2514 13-Jul-14 22:13
000000.695|boot |*|01|Using TFFS for flash load
000000.715|boot |*|01|Code length:         0x003CD570
000000.715|boot |*|01|Code checksum:       0x1E4C97B9
000001.450|so   |3|01|Link status is Net down.
000002.450|so   |3|01|Link status is Net up Speed 100 full Duplex.
000012.145|app1 |4|01|Loaded application sip.ld from local system successfully.
000000.280|so   |*|01|---------- Initial log entry ----------
000000.280|so   |*|01|+++ Note that Updater log times are in GMT +++
000000.280|boot |*|01|Initial log entry. Current logging level 3
000000.280|copy |*|01|Initial log entry. Current logging level 3
000000.285|utilm|*|01|Initial log entry. Current logging level 4
000000.285|hw   |*|01|Initial log entry. Current logging level 4
000000.285|ethf |*|01|Initial log entry. Current logging level 4
000000.285|dns  |*|01|Initial log entry. Current logging level 3
000000.285|curl |*|01|Initial log entry. Current logging level 3
000000.285|sec  |*|01|Initial log entry. Current logging level 4
000000.440|wdog |*|01|Initial log entry. Current logging level 4
000000.440|lldp |*|01|Initial log entry. Current logging level 3
000000.440|cdp  |*|01|Initial log entry. Current logging level 3
000000.440|key  |*|01|Initial log entry. Current logging level 4
000000.440|so   |3|01|Platform: Model=SoundStation IP 5000, Assembly=3111-30900-001 Rev=G Region=0
000000.440|so   |3|01|Platform: Board=3111-30900-001 1 0
000000.440|so   |3|01|Platform: MAC=0004f2f32539
000000.440|so   |3|01|Platform: BootBlock=3.0.2.0024 (30900-001) 30-Nov-10 15:06
000000.440|so   |3|01|Application, main: Label=Updater, Version=Azurite 5.0.7.1284 07-Jul-14 16:25
000000.440|so   |3|01|Application, main: P/N=3150-11069-507
000000.440|log  |*|01|Install file upload callback for 'Updater'

000000.445|app1 |*|01|Initial log entry. Current logging level 3
000000.585|cfg  |*|01|Initial log entry. Current logging level 2
000000.655|dot1x|*|01|Initial log entry. Current logging level 3
000000.655|app1 |3|01|Starting provisioning because of the start type.
000001.440|so   |3|01|Link status is Net up Speed 100 full Duplex.
000003.395|tls  |*|01|Initial log entry. Current logging level 4
000012.430|lldp |3|01|LLDP did not receive a response from a switch. Disabling LLDP.
000017.580|cdp  |3|01|CDP did not receive a response from a switch. Disabling CDP.
000021.080|dns  |*|01|DNS resolver servers are '208.201.224.11' '208.201.224.33'
000021.080|dns  |*|01|DNS resolver search domain is 'cumulusnetworks.com'
000021.080|app1 |3|01|DNS resolver servers are '208.201.224.11' '208.201.224.33'
000021.080|app1 |3|01|DNS resolver search domain is 'cumulusnetworks.com'
000021.085|dns  |3|01|DNS lookup for (A) 'p.voxter.com'(74.114.208.245) TTL=4015
000021.090|app1 |3|01|Bootline: esw(3,0)bootHost:flash e=172.16.1.27:ffffff00:15180:13 h=74.114.208.245 g=172.16.1.1 u=**** pw=**** f=0x40 tn=CircaIP
000021.090|app1 |3|01|DHCP returned result 0x387 from server 172.16.1.1.
000021.090|app1 |3|01|   Phone IP address is 172.16.1.27.
000021.090|app1 |3|01|   Subnet mask is 255.255.255.0.
000021.090|app1 |3|01|   Gateway address is 172.16.1.1.
000021.090|app1 |3|01|   DNS server is 208.201.224.11.
000021.090|app1 |3|01|   DNS alternate server is 208.201.224.33.
000021.090|app1 |3|01|   DNS domain is cumulusnetworks.com.
000021.095|dns  |3|01|DNS lookup for (A) 'pool.ntp.org'(69.129.251.133,108.61.73.244,4.53.160.75) TTL=40
0113010159|app1 |3|01|Time has been set from pool.ntp.org (69.129.251.133).
0113010159|app1 |3|01|   1421110919: 2015-1-13, 1:1:59, DST off
0113010159|copy |3|01|'http://PlcmSpIp:****@p.voxter.com/0004f2f32539.cfg' from 'p.voxter.com(74.114.208.245)'
0113010159|copy |3|01|Download of '0004f2f32539.cfg' succeeded on attempt 1 (addr 1 of 1)
0113010159|cfg  |*|01|Prov|Starting to update 3111-30900-001.sip.ld
0113010200|copy |3|01|'http://PlcmSpIp:****@p.voxter.com/3111-30900-001.sip.ld' from 'p.voxter.com(74.114.208.245)'
0113010200|cfg  |3|01|New load header information:
0113010200|cfg  |3|01|Code length:         0x004AF4B8
0113010200|cfg  |3|01|Code Checksum:       0x07097CA8
0113010200|cfg  |3|01|Options:             0x00000080
0113010200|cfg  |3|01|Recognized container image
0113010200|cfg  |3|01|New load header information:
0113010200|cfg  |3|01|Code length:         0x003CD0B5
0113010200|cfg  |3|01|Code Checksum:       0x1E4B19CF
0113010200|cfg  |3|01|Options:             0x00000102
0113010200|cfg  |3|01|Application header is different
0113010200|cfg  |3|01|Application in container image 1 is different
0113010200|cfg  |3|01|New load header information:
0113010200|cfg  |3|01|Code length:         0x000E1B10
0113010200|cfg  |3|01|Code Checksum:       0x0708DCBE
0113010200|cfg  |3|01|Options:             0x00000110
0113010200|cfg  |3|01|Updater header is different
0113010200|cfg  |3|01|Updater in container image 2 is different
0113010200|cfg  |3|01|Using Updater
0113010221|cfg  |*|01|Prov|Updating the Updater
0113010221|cfg  |3|01|Using compatible image 0
0113010226|copy |3|01|Download of '3111-30900-001.sip.ld' succeeded on attempt 1 (addr 1 of 1)
0113010227|sig  |*|01|Initial log entry. Current logging level 3
0113010227|sig  |3|01|hwSigParseRemove: found key Sig_3.
0113010227|cfg  |3|01|Good image signature
0113010227|cfg  |4|01|Removing application...
0113010228|cfg  |3|01|Programming Updater from sector 19 to 36
0113010252|cfg  |3|01|Programming to sector 19 complete
0113010252|cfg  |3|01|Invalidated old image at sector 1, offset 20.
0113010252|cfg  |*|01|Prov|Image has been changed
0113010252|cfg  |*|01|Prov|Provisioning needs to reboot to upgrade image(s)
000000.280|so   |*|01|---------- Initial log entry ----------
000000.280|so   |*|01|+++ Note that Updater log times are in GMT +++
000000.280|boot |*|01|Initial log entry. Current logging level 3
000000.280|copy |*|01|Initial log entry. Current logging level 3
000000.280|utilm|*|01|Initial log entry. Current logging level 4
000000.280|hw   |*|01|Initial log entry. Current logging level 4
000000.280|ethf |*|01|Initial log entry. Current logging level 4
000000.280|dns  |*|01|Initial log entry. Current logging level 3
000000.280|curl |*|01|Initial log entry. Current logging level 3
000000.280|sec  |*|01|Initial log entry. Current logging level 4
000000.440|wdog |*|01|Initial log entry. Current logging level 4
000000.440|lldp |*|01|Initial log entry. Current logging level 3
000000.440|cdp  |*|01|Initial log entry. Current logging level 3
000000.440|key  |*|01|Initial log entry. Current logging level 4
000000.440|so   |3|01|Platform: Model=SoundStation IP 5000, Assembly=3111-30900-001 Rev=G Region=0
000000.440|so   |3|01|Platform: Board=3111-30900-001 1 0
000000.440|so   |3|01|Platform: MAC=0004f2f32539
000000.440|so   |3|01|Platform: BootBlock=3.0.2.0024 (30900-001) 30-Nov-10 15:06
000000.440|so   |3|01|Application, main: Label=Updater, Version=Azurite 5.0.5.2324 09-Dec-13 16:11
000000.440|so   |3|01|Application, main: P/N=YYYY-YYYYY-YYY
000000.440|log  |*|01|Install file upload callback for 'Updater'

000000.440|app1 |*|01|Initial log entry. Current logging level 3
000000.585|cfg  |*|01|Initial log entry. Current logging level 2
000000.655|dot1x|*|01|Initial log entry. Current logging level 3
000000.655|app1 |3|01|Starting provisioning because of the start type.
000001.440|so   |3|01|Link status is Net up Speed 100 full Duplex.
000003.970|tls  |*|01|Initial log entry. Current logging level 4
000013.010|lldp |3|01|LLDP did not receive a response from a switch. Disabling LLDP.
000018.715|cdp  |3|01|CDP did not receive a response from a switch. Disabling CDP.
000023.215|dns  |*|01|DNS resolver servers are '208.201.224.11' '208.201.224.33'
000023.215|dns  |*|01|DNS resolver search domain is 'cumulusnetworks.com'
000023.215|app1 |3|01|DNS resolver servers are '208.201.224.11' '208.201.224.33'
000023.215|app1 |3|01|DNS resolver search domain is 'cumulusnetworks.com'
000023.220|dns  |3|01|DNS lookup for (A) 'p.voxter.com'(74.114.208.245) TTL=3932
000023.225|app1 |3|01|Bootline: esw(3,0)bootHost:flash e=172.16.1.27:ffffff00:15180:14 h=74.114.208.245 g=172.16.1.1 u=**** pw=**** f=0x40 tn=CircaIP
000023.225|app1 |3|01|DHCP returned result 0x387 from server 172.16.1.1.
0113010221|app1 |3|01|   Phone IP address is 172.16.1.27.
0113010221|app1 |3|01|   Subnet mask is 255.255.255.0.
0113010221|app1 |3|01|   Gateway address is 172.16.1.1.
0113010221|app1 |3|01|   DNS server is 208.201.224.11.
0113010221|app1 |3|01|   DNS alternate server is 208.201.224.33.
0113010221|app1 |3|01|   DNS domain is cumulusnetworks.com.
0113010221|dns  |3|01|DNS lookup for (A) 'pool.ntp.org'(209.118.204.201,107.170.242.27,204.2.134.163) TTL=108
0113010321|app1 |3|01|Time has been set from pool.ntp.org (209.118.204.201).
0113010321|app1 |3|01|   1421111001: 2015-1-13, 1:3:21, DST off
0113010321|copy |3|01|'http://PlcmSpIp:****@p.voxter.com/0004f2f32539.cfg' from 'p.voxter.com(74.114.208.245)'
0113010321|copy |3|01|Download of '0004f2f32539.cfg' succeeded on attempt 1 (addr 1 of 1)
0113010321|cfg  |*|01|Prov|Starting to update 3111-30900-001.sip.ld
0113010321|copy |3|01|'http://PlcmSpIp:****@p.voxter.com/3111-30900-001.sip.ld' from 'p.voxter.com(74.114.208.245)'
0113010322|cfg  |3|01|New load header information:
0113010322|cfg  |3|01|Code length:         0x004AF4B8
0113010322|cfg  |3|01|Code Checksum:       0x07097CA8
0113010322|cfg  |3|01|Options:             0x00000080
0113010322|cfg  |3|01|Recognized container image
0113010322|cfg  |3|01|New load header information:
0113010322|cfg  |3|01|Code length:         0x003CD0B5
0113010322|cfg  |3|01|Code Checksum:       0x1E4B19CF
0113010322|cfg  |3|01|Options:             0x00000102
0113010322|cfg  |3|01|Could not open application file for checking
0113010322|cfg  |3|01|Application in container image 1 is different
0113010322|cfg  |3|01|New load header information:
0113010322|cfg  |3|01|Code length:         0x000E1B10
0113010322|cfg  |3|01|Code Checksum:       0x0708DCBE
0113010322|cfg  |3|01|Options:             0x00000110
0113010322|cfg  |3|01|Updater is already present
0113010322|cfg  |3|01|Updater in container image 2 is not different
0113010322|cfg  |3|01|Using application
0113010322|cfg  |*|01|Prov|Updating the Application
0113010322|cfg  |3|01|Using compatible image 0
0113010344|copy |3|01|buffered_write: transfer terminated
0113010344|copy |3|01|Download of '3111-30900-001.sip.ld' succeeded on attempt 1 (addr 1 of 1)
0113010344|sig  |*|01|Initial log entry. Current logging level 3
0113010344|sig  |3|01|hwSigParseRemove: found key Sig_3.
0113010345|cfg  |3|01|Good image signature
0113010345|cfg  |3|01|Programming 3986157 bytes into tffs in 4K blocks
0113010528|cfg  |*|01|Prov|Succeeded updating file 3111-30900-001.sip.ld
0113010528|cfg  |*|01|Prov|Image has been changed
0113010528|cfg  |3|01|Prov|Provisioning succeeded
0113010528|app1 |3|01|Application, load: Type=SIP, Version=4.0.6.0711 26-Feb-14 08:43
0113010528|boot |*|01|Using TFFS for flash load
0113010528|boot |*|01|Code length:         0x003CD0B5
0113010528|boot |*|01|Code checksum:       0x1E4B19CF
0113010528|cfg  |*|01|Prov|Finished updating configuration
0113010540|app1 |4|01|Loaded application sip.ld from local system successfully.
0113010540|app1 |6|01|Uploading boot log, time is TUE JAN 13 01:05:40 2015

0113010540|copy |3|01|'http://PlcmSpIp:****@p.voxter.com/logs/0004f2f32539-boot.log' to 'p.voxter.com(74.114.208.245)'
0113010540|copy |3|01|Upload of 'logs/0004f2f32539-boot.log' succeeded on attempt 1 (addr 1 of 1)
0113010540|cfg  |3|01|Prov|Shutting down
000000.280|so   |*|01|---------- Initial log entry ----------
000000.280|so   |*|01|+++ Note that Updater log times are in GMT +++
000000.280|boot |*|01|Initial log entry. Current logging level 3
000000.280|copy |*|01|Initial log entry. Current logging level 3
000000.280|utilm|*|01|Initial log entry. Current logging level 4
000000.280|hw   |*|01|Initial log entry. Current logging level 4
000000.285|ethf |*|01|Initial log entry. Current logging level 4
000000.285|dns  |*|01|Initial log entry. Current logging level 3
000000.285|curl |*|01|Initial log entry. Current logging level 3
000000.285|sec  |*|01|Initial log entry. Current logging level 4
000000.440|wdog |*|01|Initial log entry. Current logging level 4
000000.440|lldp |*|01|Initial log entry. Current logging level 3
000000.440|cdp  |*|01|Initial log entry. Current logging level 3
000000.440|key  |*|01|Initial log entry. Current logging level 4
000000.445|so   |3|01|Platform: Model=SoundStation IP 5000, Assembly=3111-30900-001 Rev=G Region=0
000000.445|so   |3|01|Platform: Board=3111-30900-001 1 0
000000.445|so   |3|01|Platform: MAC=0004f2f32539
000000.445|so   |3|01|Platform: BootBlock=3.0.2.0024 (30900-001) 30-Nov-10 15:06
000000.445|so   |3|01|Application, main: Label=Updater, Version=Azurite 5.0.5.2324 09-Dec-13 16:11
000000.445|so   |3|01|Application, main: P/N=YYYY-YYYYY-YYY
000000.445|log  |*|01|Install file upload callback for 'Updater'

000000.445|app1 |*|01|Initial log entry. Current logging level 3
000000.590|cfg  |*|01|Initial log entry. Current logging level 2
000000.670|app1 |3|01|Application, load: Type=SIP, Version=4.0.6.0711 26-Feb-14 08:43
000000.685|boot |*|01|Using TFFS for flash load
000000.695|boot |*|01|Code length:         0x003CD0B5
000000.695|boot |*|01|Code checksum:       0x1E4B19CF
000001.440|so   |3|01|Link status is Net down.
000002.440|so   |3|01|Link status is Net up Speed 100 full Duplex.
000012.120|app1 |4|01|Loaded application sip.ld from local system successfully.
000000.290|so   |*|01|---------- Initial log entry ----------
000000.290|so   |*|01|+++ Note that Updater log times are in GMT +++
000000.290|boot |*|01|Initial log entry. Current logging level 3
000000.290|copy |*|01|Initial log entry. Current logging level 3
000000.290|utilm|*|01|Initial log entry. Current logging level 4
000000.290|hw   |*|01|Initial log entry. Current logging level 4
000000.290|ethf |*|01|Initial log entry. Current logging level 4
000000.290|dns  |*|01|Initial log entry. Current logging level 3
000000.290|curl |*|01|Initial log entry. Current logging level 3
000000.290|sec  |*|01|Initial log entry. Current logging level 4
000000.450|wdog |*|01|Initial log entry. Current logging level 4
000000.450|lldp |*|01|Initial log entry. Current logging level 3
000000.450|cdp  |*|01|Initial log entry. Current logging level 3
000000.450|key  |*|01|Initial log entry. Current logging level 4
000000.450|so   |3|01|Platform: Model=SoundStation IP 5000, Assembly=3111-30900-001 Rev=G Region=0
000000.450|so   |3|01|Platform: Board=3111-30900-001 1 0
000000.450|so   |3|01|Platform: MAC=0004f2f32539
000000.450|so   |3|01|Platform: BootBlock=3.0.2.0024 (30900-001) 30-Nov-10 15:06
000000.450|so   |3|01|Application, main: Label=Updater, Version=Azurite 5.0.5.2324 09-Dec-13 16:11
000000.450|so   |3|01|Application, main: P/N=YYYY-YYYYY-YYY
000000.450|log  |*|01|Install file upload callback for 'Updater'

000000.450|app1 |*|01|Initial log entry. Current logging level 3
000000.600|cfg  |*|01|Initial log entry. Current logging level 2
000000.675|app1 |3|01|Application, load: Type=SIP, Version=4.0.6.0711 26-Feb-14 08:43
000000.690|boot |*|01|Using TFFS for flash load
000000.700|boot |*|01|Code length:         0x003CD0B5
000000.700|boot |*|01|Code checksum:       0x1E4B19CF
000001.450|so   |3|01|Link status is Net down.
000002.450|so   |3|01|Link status is Net up Speed 100 full Duplex.
000012.130|app1 |4|01|Loaded application sip.ld from local system successfully.
000000.290|so   |*|01|---------- Initial log entry ----------
000000.290|so   |*|01|+++ Note that Updater log times are in GMT +++
000000.290|boot |*|01|Initial log entry. Current logging level 3
000000.290|copy |*|01|Initial log entry. Current logging level 3
000000.290|utilm|*|01|Initial log entry. Current logging level 4
000000.290|hw   |*|01|Initial log entry. Current logging level 4
000000.290|ethf |*|01|Initial log entry. Current logging level 4
000000.290|dns  |*|01|Initial log entry. Current logging level 3
000000.290|curl |*|01|Initial log entry. Current logging level 3
000000.290|sec  |*|01|Initial log entry. Current logging level 4
000000.450|wdog |*|01|Initial log entry. Current logging level 4
000000.450|lldp |*|01|Initial log entry. Current logging level 3
000000.450|cdp  |*|01|Initial log entry. Current logging level 3
000000.450|key  |*|01|Initial log entry. Current logging level 4
000000.450|so   |3|01|Platform: Model=SoundStation IP 5000, Assembly=3111-30900-001 Rev=G Region=0
000000.450|so   |3|01|Platform: Board=3111-30900-001 1 0
000000.450|so   |3|01|Platform: MAC=0004f2f32539
000000.450|so   |3|01|Platform: BootBlock=3.0.2.0024 (30900-001) 30-Nov-10 15:06
000000.450|so   |3|01|Application, main: Label=Updater, Version=Azurite 5.0.5.2324 09-Dec-13 16:11
000000.450|so   |3|01|Application, main: P/N=YYYY-YYYYY-YYY
000000.450|log  |*|01|Install file upload callback for 'Updater'

000000.450|app1 |*|01|Initial log entry. Current logging level 3
000000.600|cfg  |*|01|Initial log entry. Current logging level 2
000000.680|app1 |3|01|Application, load: Type=SIP, Version=4.0.6.0711 26-Feb-14 08:43
000000.690|boot |*|01|Using TFFS for flash load
000000.705|boot |*|01|Code length:         0x003CD0B5
000000.705|boot |*|01|Code checksum:       0x1E4B19CF
000001.450|so   |3|01|Link status is Net down.
000002.450|so   |3|01|Link status is Net up Speed 100 full Duplex.
000012.130|app1 |4|01|Loaded application sip.ld from local system successfully.
000000.280|so   |*|01|---------- Initial log entry ----------
000000.280|so   |*|01|+++ Note that Updater log times are in GMT +++
000000.280|boot |*|01|Initial log entry. Current logging level 3
000000.280|copy |*|01|Initial log entry. Current logging level 3
000000.280|utilm|*|01|Initial log entry. Current logging level 4
000000.280|hw   |*|01|Initial log entry. Current logging level 4
000000.285|ethf |*|01|Initial log entry. Current logging level 4
000000.285|dns  |*|01|Initial log entry. Current logging level 3
000000.285|curl |*|01|Initial log entry. Current logging level 3
000000.285|sec  |*|01|Initial log entry. Current logging level 4
000000.440|wdog |*|01|Initial log entry. Current logging level 4
000000.440|lldp |*|01|Initial log entry. Current logging level 3
000000.440|cdp  |*|01|Initial log entry. Current logging level 3
000000.440|key  |*|01|Initial log entry. Current logging level 4
000000.445|so   |3|01|Platform: Model=SoundStation IP 5000, Assembly=3111-30900-001 Rev=G Region=0
000000.445|so   |3|01|Platform: Board=3111-30900-001 1 0
000000.445|so   |3|01|Platform: MAC=0004f2f32539
000000.445|so   |3|01|Platform: BootBlock=3.0.2.0024 (30900-001) 30-Nov-10 15:06
000000.445|so   |3|01|Application, main: Label=Updater, Version=Azurite 5.0.5.2324 09-Dec-13 16:11
000000.445|so   |3|01|Application, main: P/N=YYYY-YYYYY-YYY
000000.445|log  |*|01|Install file upload callback for 'Updater'

000000.445|app1 |*|01|Initial log entry. Current logging level 3
000000.590|cfg  |*|01|Initial log entry. Current logging level 2
000000.670|app1 |3|01|Application, load: Type=SIP, Version=4.0.6.0711 26-Feb-14 08:43
000000.685|boot |*|01|Using TFFS for flash load
000000.695|boot |*|01|Code length:         0x003CD0B5
000000.695|boot |*|01|Code checksum:       0x1E4B19CF
000001.440|so   |3|01|Link status is Net down.
000002.440|so   |3|01|Link status is Net up Speed 100 full Duplex.
000012.120|app1 |4|01|Loaded application sip.ld from local system successfully.
000000.290|so   |*|01|---------- Initial log entry ----------
000000.290|so   |*|01|+++ Note that Updater log times are in GMT +++
000000.290|boot |*|01|Initial log entry. Current logging level 3
000000.290|copy |*|01|Initial log entry. Current logging level 3
000000.290|utilm|*|01|Initial log entry. Current logging level 4
000000.290|hw   |*|01|Initial log entry. Current logging level 4
000000.290|ethf |*|01|Initial log entry. Current logging level 4
000000.290|dns  |*|01|Initial log entry. Current logging level 3
000000.290|curl |*|01|Initial log entry. Current logging level 3
000000.290|sec  |*|01|Initial log entry. Current logging level 4
000000.450|wdog |*|01|Initial log entry. Current logging level 4
000000.450|lldp |*|01|Initial log entry. Current logging level 3
000000.450|cdp  |*|01|Initial log entry. Current logging level 3
000000.450|key  |*|01|Initial log entry. Current logging level 4
000000.450|so   |3|01|Platform: Model=SoundStation IP 5000, Assembly=3111-30900-001 Rev=G Region=0
000000.450|so   |3|01|Platform: Board=3111-30900-001 1 0
000000.450|so   |3|01|Platform: MAC=0004f2f32539
000000.450|so   |3|01|Platform: BootBlock=3.0.2.0024 (30900-001) 30-Nov-10 15:06
000000.450|so   |3|01|Application, main: Label=Updater, Version=Azurite 5.0.5.2324 09-Dec-13 16:11
000000.450|so   |3|01|Application, main: P/N=YYYY-YYYYY-YYY
000000.450|log  |*|01|Install file upload callback for 'Updater'

000000.450|app1 |*|01|Initial log entry. Current logging level 3
000000.600|cfg  |*|01|Initial log entry. Current logging level 2
000000.675|app1 |3|01|Application, load: Type=SIP, Version=4.0.6.0711 26-Feb-14 08:43
000000.690|boot |*|01|Using TFFS for flash load
000000.700|boot |*|01|Code length:         0x003CD0B5
000000.700|boot |*|01|Code checksum:       0x1E4B19CF
000001.450|so   |3|01|Link status is Net down.
000002.450|so   |3|01|Link status is Net up Speed 100 full Duplex.
000012.155|app1 |4|01|Loaded application sip.ld from local system successfully.
000000.290|so   |*|01|---------- Initial log entry ----------
000000.290|so   |*|01|+++ Note that Updater log times are in GMT +++
000000.290|boot |*|01|Initial log entry. Current logging level 3
000000.290|copy |*|01|Initial log entry. Current logging level 3
000000.290|utilm|*|01|Initial log entry. Current logging level 4
000000.290|hw   |*|01|Initial log entry. Current logging level 4
000000.290|ethf |*|01|Initial log entry. Current logging level 4
000000.290|dns  |*|01|Initial log entry. Current logging level 3
000000.290|curl |*|01|Initial log entry. Current logging level 3
000000.290|sec  |*|01|Initial log entry. Current logging level 4
000000.450|wdog |*|01|Initial log entry. Current logging level 4
000000.450|lldp |*|01|Initial log entry. Current logging level 3
000000.450|cdp  |*|01|Initial log entry. Current logging level 3
000000.450|key  |*|01|Initial log entry. Current logging level 4
000000.450|so   |3|01|Platform: Model=SoundStation IP 5000, Assembly=3111-30900-001 Rev=G Region=0
000000.450|so   |3|01|Platform: Board=3111-30900-001 1 0
000000.450|so   |3|01|Platform: MAC=0004f2f32539
000000.450|so   |3|01|Platform: BootBlock=3.0.2.0024 (30900-001) 30-Nov-10 15:06
000000.450|so   |3|01|Application, main: Label=Updater, Version=Azurite 5.0.5.2324 09-Dec-13 16:11
000000.450|so   |3|01|Application, main: P/N=YYYY-YYYYY-YYY
000000.450|log  |*|01|Install file upload callback for 'Updater'

000000.450|app1 |*|01|Initial log entry. Current logging level 3
000000.600|cfg  |*|01|Initial log entry. Current logging level 2
000000.680|app1 |3|01|Application, load: Type=SIP, Version=4.0.6.0711 26-Feb-14 08:43
000000.695|boot |*|01|Using TFFS for flash load
000000.710|boot |*|01|Code length:         0x003CD0B5
000000.710|boot |*|01|Code checksum:       0x1E4B19CF
000001.450|so   |3|01|Link status is Net down.
000002.450|so   |3|01|Link status is Net up Speed 100 full Duplex.
000012.140|app1 |4|01|Loaded application sip.ld from local system successfully.
000000.290|so   |*|01|---------- Initial log entry ----------
000000.290|so   |*|01|+++ Note that Updater log times are in GMT +++
000000.290|boot |*|01|Initial log entry. Current logging level 3
000000.290|copy |*|01|Initial log entry. Current logging level 3
000000.290|utilm|*|01|Initial log entry. Current logging level 4
000000.290|hw   |*|01|Initial log entry. Current logging level 4
000000.290|ethf |*|01|Initial log entry. Current logging level 4
000000.290|dns  |*|01|Initial log entry. Current logging level 3
000000.290|curl |*|01|Initial log entry. Current logging level 3
000000.290|sec  |*|01|Initial log entry. Current logging level 4
000000.450|wdog |*|01|Initial log entry. Current logging level 4
000000.450|lldp |*|01|Initial log entry. Current logging level 3
000000.450|cdp  |*|01|Initial log entry. Current logging level 3
000000.450|key  |*|01|Initial log entry. Current logging level 4
000000.450|so   |3|01|Platform: Model=SoundStation IP 5000, Assembly=3111-30900-001 Rev=G Region=0
000000.450|so   |3|01|Platform: Board=3111-30900-001 1 0
000000.450|so   |3|01|Platform: MAC=0004f2f32539
000000.450|so   |3|01|Platform: BootBlock=3.0.2.0024 (30900-001) 30-Nov-10 15:06
000000.450|so   |3|01|Application, main: Label=Updater, Version=Azurite 5.0.5.2324 09-Dec-13 16:11
000000.450|so   |3|01|Application, main: P/N=YYYY-YYYYY-YYY
000000.450|log  |*|01|Install file upload callback for 'Updater'

000000.450|app1 |*|01|Initial log entry. Current logging level 3
000000.600|cfg  |*|01|Initial log entry. Current logging level 2
000000.680|app1 |3|01|Application, load: Type=SIP, Version=4.0.6.0711 26-Feb-14 08:43
000000.695|boot |*|01|Using TFFS for flash load
000000.705|boot |*|01|Code length:         0x003CD0B5
000000.705|boot |*|01|Code checksum:       0x1E4B19CF
000001.450|so   |3|01|Link status is Net down.
000002.450|so   |3|01|Link status is Net up Speed 100 full Duplex.
000012.130|app1 |4|01|Loaded application sip.ld from local system successfully.
000000.280|so   |*|01|---------- Initial log entry ----------
000000.280|so   |*|01|+++ Note that Updater log times are in GMT +++
000000.285|boot |*|01|Initial log entry. Current logging level 3
000000.285|copy |*|01|Initial log entry. Current logging level 3
000000.285|utilm|*|01|Initial log entry. Current logging level 4
000000.285|hw   |*|01|Initial log entry. Current logging level 4
000000.285|ethf |*|01|Initial log entry. Current logging level 4
000000.285|dns  |*|01|Initial log entry. Current logging level 3
000000.285|curl |*|01|Initial log entry. Current logging level 3
000000.285|sec  |*|01|Initial log entry. Current logging level 4
000000.440|wdog |*|01|Initial log entry. Current logging level 4
000000.445|lldp |*|01|Initial log entry. Current logging level 3
000000.445|cdp  |*|01|Initial log entry. Current logging level 3
000000.445|key  |*|01|Initial log entry. Current logging level 4
000000.445|so   |3|01|Platform: Model=SoundStation IP 5000, Assembly=3111-30900-001 Rev=G Region=0
000000.445|so   |3|01|Platform: Board=3111-30900-001 1 0
000000.445|so   |3|01|Platform: MAC=0004f2f32539
000000.445|so   |3|01|Platform: BootBlock=3.0.2.0024 (30900-001) 30-Nov-10 15:06
000000.445|so   |3|01|Application, main: Label=Updater, Version=Azurite 5.0.5.2324 09-Dec-13 16:11
000000.445|so   |3|01|Application, main: P/N=YYYY-YYYYY-YYY
000000.445|log  |*|01|Install file upload callback for 'Updater'

000000.445|app1 |*|01|Initial log entry. Current logging level 3
000000.590|cfg  |*|01|Initial log entry. Current logging level 2
000000.670|app1 |3|01|Application, load: Type=SIP, Version=4.0.6.0711 26-Feb-14 08:43
000000.685|boot |*|01|Using TFFS for flash load
000000.700|boot |*|01|Code length:         0x003CD0B5
000000.700|boot |*|01|Code checksum:       0x1E4B19CF
000001.440|so   |3|01|Link status is Net down.
000002.440|so   |3|01|Link status is Net up Speed 100 full Duplex.
000012.120|app1 |4|01|Loaded application sip.ld from local system successfully.
000000.280|so   |*|01|---------- Initial log entry ----------
000000.280|so   |*|01|+++ Note that Updater log times are in GMT +++
000000.280|boot |*|01|Initial log entry. Current logging level 3
000000.280|copy |*|01|Initial log entry. Current logging level 3
000000.285|utilm|*|01|Initial log entry. Current logging level 4
000000.285|hw   |*|01|Initial log entry. Current logging level 4
000000.285|ethf |*|01|Initial log entry. Current logging level 4
000000.285|dns  |*|01|Initial log entry. Current logging level 3
000000.285|curl |*|01|Initial log entry. Current logging level 3
000000.285|sec  |*|01|Initial log entry. Current logging level 4
000000.440|wdog |*|01|Initial log entry. Current logging level 4
000000.440|lldp |*|01|Initial log entry. Current logging level 3
000000.440|cdp  |*|01|Initial log entry. Current logging level 3
000000.440|key  |*|01|Initial log entry. Current logging level 4
000000.440|so   |3|01|Platform: Model=SoundStation IP 5000, Assembly=3111-30900-001 Rev=G Region=0
000000.440|so   |3|01|Platform: Board=3111-30900-001 1 0
000000.440|so   |3|01|Platform: MAC=0004f2f32539
000000.440|so   |3|01|Platform: BootBlock=3.0.2.0024 (30900-001) 30-Nov-10 15:06
000000.440|so   |3|01|Application, main: Label=Updater, Version=Azurite 5.0.5.2324 09-Dec-13 16:11
000000.440|so   |3|01|Application, main: P/N=YYYY-YYYYY-YYY
000000.440|log  |*|01|Install file upload callback for 'Updater'

000000.445|app1 |*|01|Initial log entry. Current logging level 3
000000.585|cfg  |*|01|Initial log entry. Current logging level 2
000000.655|dot1x|*|01|Initial log entry. Current logging level 3
000000.655|app1 |3|01|Starting provisioning because of the start type.
000001.440|so   |3|01|Link status is Net up Speed 100 full Duplex.
000003.915|tls  |*|01|Initial log entry. Current logging level 4
000012.955|lldp |3|01|LLDP did not receive a response from a switch. Disabling LLDP.
000018.100|cdp  |3|01|CDP did not receive a response from a switch. Disabling CDP.
000021.775|dns  |*|01|DNS resolver servers are '10.40.30.1' '0.0.0.0'
000021.775|dns  |*|01|DNS resolver search domain is 'cumulusnetworks.com'
0306215723|app1 |3|01|DNS resolver server is '10.40.30.1'
0306215723|app1 |3|01|DNS resolver search domain is 'cumulusnetworks.com'
0306215723|dns  |3|01|DNS lookup for (A) 'p.voxter.com'(74.114.208.245) TTL=76051
0306215723|app1 |3|01|Bootline: esw(3,0)bootHost:flash e=10.40.30.103:ffffff00:a8c0:14 h=74.114.208.245 g=10.40.30.1 u=**** pw=**** f=0x40 tn=CircaIP
0306215723|app1 |3|01|DHCP returned result 0x2E7 from server 10.40.30.1.
0306215723|app1 |3|01|   Phone IP address is 10.40.30.103.
0306215723|app1 |3|01|   Subnet mask is 255.255.255.0.
0306215723|app1 |3|01|   Gateway address is 10.40.30.1.
0306215723|app1 |3|01|   Time server is 10.40.30.1.
0306215723|app1 |3|01|   GMT offset is 0 seconds.
0306215723|app1 |3|01|   DNS server is 10.40.30.1.
0306215723|app1 |3|01|   DNS domain is cumulusnetworks.com.
0306215742|app1 |3|01|Time has been set from 10.40.30.1 (10.40.30.1).
0306215742|app1 |3|01|   1425679062: 2015-3-6, 21:57:42, DST off
0306215742|copy |3|01|'http://PlcmSpIp:****@p.voxter.com/0004f2f32539.cfg' from 'p.voxter.com(74.114.208.245)'
0306215742|copy |3|01|Download of '0004f2f32539.cfg' succeeded on attempt 1 (addr 1 of 1)
0306215743|cfg  |*|01|Prov|Starting to update 3111-30900-001.sip.ld
0306215743|copy |3|01|'http://PlcmSpIp:****@p.voxter.com/3111-30900-001.sip.ld' from 'p.voxter.com(74.114.208.245)'
0306215743|cfg  |3|01|New load header information:
0306215743|cfg  |3|01|Code length:         0x004B3678
0306215743|cfg  |3|01|Code Checksum:       0x0712E909
0306215743|cfg  |3|01|Options:             0x00000080
0306215743|cfg  |3|01|Recognized container image
0306215743|cfg  |3|01|New load header information:
0306215743|cfg  |3|01|Code length:         0x003CFAB5
0306215743|cfg  |3|01|Code Checksum:       0x1E5A457E
0306215743|cfg  |3|01|Options:             0x00000102
0306215743|cfg  |3|01|Application header is different
0306215743|cfg  |3|01|Application in container image 1 is different
0306215743|cfg  |3|01|New load header information:
0306215743|cfg  |3|01|Code length:         0x000E32D0
0306215743|cfg  |3|01|Code Checksum:       0x071247D1
0306215743|cfg  |3|01|Options:             0x00000110
0306215743|cfg  |3|01|Updater header is different
0306215743|cfg  |3|01|Updater in container image 2 is different
0306215743|cfg  |3|01|Using Updater
0306215805|cfg  |*|01|Prov|Updating the Updater
0306215805|cfg  |3|01|Using compatible image 0
0306215810|copy |3|01|Download of '3111-30900-001.sip.ld' succeeded on attempt 1 (addr 1 of 1)
0306215810|sig  |*|01|Initial log entry. Current logging level 3
0306215810|sig  |3|01|hwSigParseRemove: found key Sig_3.
0306215810|cfg  |3|01|Good image signature
0306215811|cfg  |4|01|Removing application...
0306215812|cfg  |3|01|Programming Updater from sector 1 to 18
0306215833|cfg  |3|01|Programming to sector 1 complete
0306215834|cfg  |3|01|Invalidated old image at sector 19, offset 20.
0306215834|cfg  |*|01|Prov|Image has been changed
0306215834|cfg  |*|01|Prov|Provisioning needs to reboot to upgrade image(s)
000000.285|so   |*|01|---------- Initial log entry ----------
000000.285|so   |*|01|+++ Note that Updater log times are in GMT +++
000000.285|boot |*|01|Initial log entry. Current logging level 3
000000.285|copy |*|01|Initial log entry. Current logging level 3
000000.285|utilm|*|01|Initial log entry. Current logging level 4
000000.285|hw   |*|01|Initial log entry. Current logging level 4
000000.285|ethf |*|01|Initial log entry. Current logging level 4
000000.285|dns  |*|01|Initial log entry. Current logging level 3
000000.285|curl |*|01|Initial log entry. Current logging level 3
000000.285|sec  |*|01|Initial log entry. Current logging level 4
000000.445|wdog |*|01|Initial log entry. Current logging level 4
000000.445|lldp |*|01|Initial log entry. Current logging level 3
000000.445|cdp  |*|01|Initial log entry. Current logging level 3
000000.445|key  |*|01|Initial log entry. Current logging level 4
000000.445|so   |3|01|Platform: Model=SoundStation IP 5000, Assembly=3111-30900-001 Rev=G Region=0
000000.445|so   |3|01|Platform: Board=3111-30900-001 1 0
000000.445|so   |3|01|Platform: MAC=0004f2f32539
000000.445|so   |3|01|Platform: BootBlock=3.0.2.0024 (30900-001) 30-Nov-10 15:06
000000.445|so   |3|01|Application, main: Label=Updater, Version=Azurite 5.0.8.0935 14-Jan-15 20:29
000000.445|so   |3|01|Application, main: P/N=3150-11069-508
000000.445|log  |*|01|Install file upload callback for 'Updater'

000000.445|app1 |*|01|Initial log entry. Current logging level 3
000000.590|cfg  |*|01|Initial log entry. Current logging level 2
000000.660|dot1x|*|01|Initial log entry. Current logging level 3
000000.660|app1 |3|01|Starting provisioning because of the start type.
000001.440|so   |3|01|Link status is Net up Speed 100 full Duplex.
000003.490|tls  |*|01|Initial log entry. Current logging level 4
000012.525|lldp |3|01|LLDP did not receive a response from a switch. Disabling LLDP.
000017.915|cdp  |3|01|CDP did not receive a response from a switch. Disabling CDP.
000021.590|dns  |*|01|DNS resolver servers are '10.40.30.1' '0.0.0.0'
000021.590|dns  |*|01|DNS resolver search domain is 'cumulusnetworks.com'
0306215803|app1 |3|01|DNS resolver server is '10.40.30.1'
0306215803|app1 |3|01|DNS resolver search domain is 'cumulusnetworks.com'
0306215803|dns  |3|01|DNS lookup for (A) 'p.voxter.com'(74.114.208.245) TTL=75972
0306215803|app1 |3|01|Bootline: esw(3,0)bootHost:flash e=10.40.30.103:ffffff00:a8c0:13 h=74.114.208.245 g=10.40.30.1 u=**** pw=**** f=0x40 tn=CircaIP
0306215803|app1 |3|01|DHCP returned result 0x2E7 from server 10.40.30.1.
0306215803|app1 |3|01|   Phone IP address is 10.40.30.103.
0306215803|app1 |3|01|   Subnet mask is 255.255.255.0.
0306215803|app1 |3|01|   Gateway address is 10.40.30.1.
0306215803|app1 |3|01|   Time server is 10.40.30.1.
0306215803|app1 |3|01|   GMT offset is 0 seconds.
0306215803|app1 |3|01|   DNS server is 10.40.30.1.
0306215803|app1 |3|01|   DNS domain is cumulusnetworks.com.
0306215901|app1 |3|01|Time has been set from 10.40.30.1 (10.40.30.1).
0306215901|app1 |3|01|   1425679141: 2015-3-6, 21:59:1, DST off
0306215901|copy |3|01|'http://PlcmSpIp:****@p.voxter.com/0004f2f32539.cfg' from 'p.voxter.com(74.114.208.245)'
0306215901|copy |3|01|Download of '0004f2f32539.cfg' succeeded on attempt 1 (addr 1 of 1)
0306215901|cfg  |*|01|Prov|Starting to update 3111-30900-001.sip.ld
0306215901|copy |3|01|'http://PlcmSpIp:****@p.voxter.com/3111-30900-001.sip.ld' from 'p.voxter.com(74.114.208.245)'
0306215901|cfg  |3|01|New load header information:
0306215901|cfg  |3|01|Code length:         0x004B3678
0306215901|cfg  |3|01|Code Checksum:       0x0712E909
0306215901|cfg  |3|01|Options:             0x00000080
0306215901|cfg  |3|01|Recognized container image
0306215901|cfg  |3|01|New load header information:
0306215901|cfg  |3|01|Code length:         0x003CFAB5
0306215901|cfg  |3|01|Code Checksum:       0x1E5A457E
0306215901|cfg  |3|01|Options:             0x00000102
0306215901|cfg  |3|01|Could not open application file for checking
0306215901|cfg  |3|01|Application in container image 1 is different
0306215901|cfg  |3|01|New load header information:
0306215901|cfg  |3|01|Code length:         0x000E32D0
0306215901|cfg  |3|01|Code Checksum:       0x071247D1
0306215901|cfg  |3|01|Options:             0x00000110
0306215901|cfg  |3|01|Updater is already present
0306215901|cfg  |3|01|Updater in container image 2 is not different
0306215901|cfg  |3|01|Using application
0306215901|cfg  |*|01|Prov|Updating the Application
0306215901|cfg  |3|01|Using compatible image 0
0306215923|copy |3|01|buffered_write: transfer terminated
0306215923|copy |3|01|Download of '3111-30900-001.sip.ld' succeeded on attempt 1 (addr 1 of 1)
0306215923|sig  |*|01|Initial log entry. Current logging level 3
0306215923|sig  |3|01|hwSigParseRemove: found key Sig_3.
0306215924|cfg  |3|01|Good image signature
0306215925|cfg  |3|01|Programming 3996909 bytes into tffs in 4K blocks
0306220105|cfg  |*|01|Prov|Succeeded updating file 3111-30900-001.sip.ld
0306220105|cfg  |*|01|Prov|Image has been changed
0306220105|cfg  |3|01|Prov|Provisioning succeeded
0306220105|app1 |3|01|Application, load: Type=SIP, Version=4.0.8.1608 07-Feb-15 11:08
0306220105|boot |*|01|Using TFFS for flash load
0306220105|boot |*|01|Code length:         0x003CFAB5
0306220105|boot |*|01|Code checksum:       0x1E5A457E
0306220105|cfg  |*|01|Prov|Finished updating configuration
0306220116|app1 |4|01|Loaded application sip.ld from local system successfully.
0306220116|app1 |6|01|Uploading boot log, time is FRI MAR 06 22:01:17 2015

0306220116|copy |3|01|'http://PlcmSpIp:****@p.voxter.com/logs/0004f2f32539-boot.log' to 'p.voxter.com(74.114.208.245)'
0306220117|copy |3|01|Upload of 'logs/0004f2f32539-boot.log' succeeded on attempt 1 (addr 1 of 1)
0306220117|cfg  |3|01|Prov|Shutting down
000000.295|so   |*|01|---------- Initial log entry ----------
000000.295|so   |*|01|+++ Note that Updater log times are in GMT +++
000000.295|boot |*|01|Initial log entry. Current logging level 3
000000.295|copy |*|01|Initial log entry. Current logging level 3
000000.295|utilm|*|01|Initial log entry. Current logging level 4
000000.295|hw   |*|01|Initial log entry. Current logging level 4
000000.295|ethf |*|01|Initial log entry. Current logging level 4
000000.295|dns  |*|01|Initial log entry. Current logging level 3
000000.295|curl |*|01|Initial log entry. Current logging level 3
000000.295|sec  |*|01|Initial log entry. Current logging level 4
000000.460|wdog |*|01|Initial log entry. Current logging level 4
000000.460|lldp |*|01|Initial log entry. Current logging level 3
000000.460|cdp  |*|01|Initial log entry. Current logging level 3
000000.460|key  |*|01|Initial log entry. Current logging level 4
000000.460|so   |3|01|Platform: Model=SoundStation IP 5000, Assembly=3111-30900-001 Rev=G Region=0
000000.460|so   |3|01|Platform: Board=3111-30900-001 1 0
000000.460|so   |3|01|Platform: MAC=0004f2f32539
000000.460|so   |3|01|Platform: BootBlock=3.0.2.0024 (30900-001) 30-Nov-10 15:06
000000.460|so   |3|01|Application, main: Label=Updater, Version=Azurite 5.0.8.0935 14-Jan-15 20:29
000000.460|so   |3|01|Application, main: P/N=3150-11069-508
000000.460|log  |*|01|Install file upload callback for 'Updater'

000000.460|app1 |*|01|Initial log entry. Current logging level 3
000000.605|cfg  |*|01|Initial log entry. Current logging level 2
000000.685|app1 |3|01|Application, load: Type=SIP, Version=4.0.8.1608 07-Feb-15 11:08
000000.705|boot |*|01|Using TFFS for flash load
000000.715|boot |*|01|Code length:         0x003CFAB5
000000.715|boot |*|01|Code checksum:       0x1E5A457E
000001.455|so   |3|01|Link status is Net down.
000002.455|so   |3|01|Link status is Net up Speed 100 full Duplex.
000012.135|app1 |4|01|Loaded application sip.ld from local system successfully.
000000.285|so   |*|01|---------- Initial log entry ----------
000000.285|so   |*|01|+++ Note that Updater log times are in GMT +++
000000.285|boot |*|01|Initial log entry. Current logging level 3
000000.285|copy |*|01|Initial log entry. Current logging level 3
000000.285|utilm|*|01|Initial log entry. Current logging level 4
000000.285|hw   |*|01|Initial log entry. Current logging level 4
000000.285|ethf |*|01|Initial log entry. Current logging level 4
000000.285|dns  |*|01|Initial log entry. Current logging level 3
000000.285|curl |*|01|Initial log entry. Current logging level 3
000000.285|sec  |*|01|Initial log entry. Current logging level 4
000000.450|wdog |*|01|Initial log entry. Current logging level 4
000000.450|lldp |*|01|Initial log entry. Current logging level 3
000000.450|cdp  |*|01|Initial log entry. Current logging level 3
000000.450|key  |*|01|Initial log entry. Current logging level 4
000000.450|so   |3|01|Platform: Model=SoundStation IP 5000, Assembly=3111-30900-001 Rev=G Region=0
000000.450|so   |3|01|Platform: Board=3111-30900-001 1 0
000000.450|so   |3|01|Platform: MAC=0004f2f32539
000000.450|so   |3|01|Platform: BootBlock=3.0.2.0024 (30900-001) 30-Nov-10 15:06
000000.450|so   |3|01|Application, main: Label=Updater, Version=Azurite 5.0.8.0935 14-Jan-15 20:29
000000.450|so   |3|01|Application, main: P/N=3150-11069-508
000000.450|log  |*|01|Install file upload callback for 'Updater'

000000.450|app1 |*|01|Initial log entry. Current logging level 3
000000.600|cfg  |*|01|Initial log entry. Current logging level 2
000000.675|app1 |3|01|Application, load: Type=SIP, Version=4.0.8.1608 07-Feb-15 11:08
000000.695|boot |*|01|Using TFFS for flash load
000000.705|boot |*|01|Code length:         0x003CFAB5
000000.705|boot |*|01|Code checksum:       0x1E5A457E
000001.450|so   |3|01|Link status is Net down.
000002.450|so   |3|01|Link status is Net up Speed 100 full Duplex.
000012.130|app1 |4|01|Loaded application sip.ld from local system successfully.
000000.295|so   |*|01|---------- Initial log entry ----------
000000.295|so   |*|01|+++ Note that Updater log times are in GMT +++
000000.295|boot |*|01|Initial log entry. Current logging level 3
000000.295|copy |*|01|Initial log entry. Current logging level 3
000000.295|utilm|*|01|Initial log entry. Current logging level 4
000000.295|hw   |*|01|Initial log entry. Current logging level 4
000000.295|ethf |*|01|Initial log entry. Current logging level 4
000000.295|dns  |*|01|Initial log entry. Current logging level 3
000000.295|curl |*|01|Initial log entry. Current logging level 3
000000.295|sec  |*|01|Initial log entry. Current logging level 4
000000.455|wdog |*|01|Initial log entry. Current logging level 4
000000.460|lldp |*|01|Initial log entry. Current logging level 3
000000.460|cdp  |*|01|Initial log entry. Current logging level 3
000000.460|key  |*|01|Initial log entry. Current logging level 4
000000.460|so   |3|01|Platform: Model=SoundStation IP 5000, Assembly=3111-30900-001 Rev=G Region=0
000000.460|so   |3|01|Platform: Board=3111-30900-001 1 0
000000.460|so   |3|01|Platform: MAC=0004f2f32539
000000.460|so   |3|01|Platform: BootBlock=3.0.2.0024 (30900-001) 30-Nov-10 15:06
000000.460|so   |3|01|Application, main: Label=Updater, Version=Azurite 5.0.8.0935 14-Jan-15 20:29
000000.460|so   |3|01|Application, main: P/N=3150-11069-508
000000.460|log  |*|01|Install file upload callback for 'Updater'

000000.460|app1 |*|01|Initial log entry. Current logging level 3
000000.605|cfg  |*|01|Initial log entry. Current logging level 2
000000.685|app1 |3|01|Application, load: Type=SIP, Version=4.0.8.1608 07-Feb-15 11:08
000000.705|boot |*|01|Using TFFS for flash load
000000.715|boot |*|01|Code length:         0x003CFAB5
000000.715|boot |*|01|Code checksum:       0x1E5A457E
000001.455|so   |3|01|Link status is Net down.
000002.455|so   |3|01|Link status is Net up Speed 100 full Duplex.
000012.135|app1 |4|01|Loaded application sip.ld from local system successfully.
000000.285|so   |*|01|---------- Initial log entry ----------
000000.285|so   |*|01|+++ Note that Updater log times are in GMT +++
000000.285|boot |*|01|Initial log entry. Current logging level 3
000000.285|copy |*|01|Initial log entry. Current logging level 3
000000.285|utilm|*|01|Initial log entry. Current logging level 4
000000.285|hw   |*|01|Initial log entry. Current logging level 4
000000.285|ethf |*|01|Initial log entry. Current logging level 4
000000.285|dns  |*|01|Initial log entry. Current logging level 3
000000.285|curl |*|01|Initial log entry. Current logging level 3
000000.285|sec  |*|01|Initial log entry. Current logging level 4
000000.450|wdog |*|01|Initial log entry. Current logging level 4
000000.450|lldp |*|01|Initial log entry. Current logging level 3
000000.450|cdp  |*|01|Initial log entry. Current logging level 3
000000.450|key  |*|01|Initial log entry. Current logging level 4
000000.450|so   |3|01|Platform: Model=SoundStation IP 5000, Assembly=3111-30900-001 Rev=G Region=0
000000.450|so   |3|01|Platform: Board=3111-30900-001 1 0
000000.450|so   |3|01|Platform: MAC=0004f2f32539
000000.450|so   |3|01|Platform: BootBlock=3.0.2.0024 (30900-001) 30-Nov-10 15:06
000000.450|so   |3|01|Application, main: Label=Updater, Version=Azurite 5.0.8.0935 14-Jan-15 20:29
000000.450|so   |3|01|Application, main: P/N=3150-11069-508
000000.450|log  |*|01|Install file upload callback for 'Updater'

000000.450|app1 |*|01|Initial log entry. Current logging level 3
000000.600|cfg  |*|01|Initial log entry. Current logging level 2
000000.675|app1 |3|01|Application, load: Type=SIP, Version=4.0.8.1608 07-Feb-15 11:08
000000.695|boot |*|01|Using TFFS for flash load
000000.705|boot |*|01|Code length:         0x003CFAB5
000000.705|boot |*|01|Code checksum:       0x1E5A457E
000001.450|so   |3|01|Link status is Net down.
000002.450|so   |3|01|Link status is Net up Speed 100 full Duplex.
000012.130|app1 |4|01|Loaded application sip.ld from local system successfully.
