000008.713|so   |*|01|---------- Initial log entry ----------
000008.714|so   |*|01|+++ Note that Updater log times are in GMT +++
000008.714|boot |*|01|Initial log entry. Current logging level 3
000008.714|copy |*|01|Initial log entry. Current logging level 3
000008.714|utilm|*|01|Initial log entry. Current logging level 4
000008.714|hw   |*|01|Initial log entry. Current logging level 4
000008.714|ethf |*|01|Initial log entry. Current logging level 4
000008.715|dns  |*|01|Initial log entry. Current logging level 3
000008.715|curl |*|01|Initial log entry. Current logging level 3
000008.715|sec  |*|01|Initial log entry. Current logging level 4
000008.733|wdog |*|01|Initial log entry. Current logging level 4
000008.734|lldp |*|01|Initial log entry. Current logging level 3
000008.734|cdp  |*|01|Initial log entry. Current logging level 3
000008.734|key  |*|01|Initial log entry. Current logging level 4
000008.771|so   |3|01|Platform: Model=VVX 400, Assembly=3111-46157-002 Rev=A Region=0
000008.771|so   |3|01|Platform: Board=3111-46157-002 1 0
000008.771|so   |3|01|Platform: MAC=0004f28751ce
000008.772|so   |3|01|Platform: BootBlock=3.0.4.0006 (46157-002) 10-Jan-13 19:52
000008.773|so   |*|01|Platform: BootL1=1.0.0.0001 (46157-002) 10-Jan-13 19:27
000008.773|so   |3|01|Application, main: Label=Updater, Version=Peridot 5.1.4.0844 20-Mar-13 14:16
000008.773|so   |3|01|Application, main: P/N=3150-11069-514
000008.773|so   |5|01|Platform: Both images are incorrect, will use Primary Image.
000008.773|log  |*|01|Install file upload callback for 'Updater'

000008.775|app1 |*|01|Initial log entry. Current logging level 3
000008.819|cfg  |*|01|Initial log entry. Current logging level 2
000009.725|so   |3|01|Link status is Net up Speed 100 full Duplex, PC down.
000008.703|so   |*|01|---------- Initial log entry ----------
000008.703|so   |*|01|+++ Note that Updater log times are in GMT +++
000008.703|boot |*|01|Initial log entry. Current logging level 3
000008.703|copy |*|01|Initial log entry. Current logging level 3
000008.704|utilm|*|01|Initial log entry. Current logging level 4
000008.704|hw   |*|01|Initial log entry. Current logging level 4
000008.704|ethf |*|01|Initial log entry. Current logging level 4
000008.704|dns  |*|01|Initial log entry. Current logging level 3
000008.704|curl |*|01|Initial log entry. Current logging level 3
000008.704|sec  |*|01|Initial log entry. Current logging level 4
000008.724|wdog |*|01|Initial log entry. Current logging level 4
000008.724|lldp |*|01|Initial log entry. Current logging level 3
000008.724|cdp  |*|01|Initial log entry. Current logging level 3
000008.724|key  |*|01|Initial log entry. Current logging level 4
000008.761|so   |3|01|Platform: Model=VVX 400, Assembly=3111-46157-002 Rev=A Region=0
000008.761|so   |3|01|Platform: Board=3111-46157-002 1 0
000008.762|so   |3|01|Platform: MAC=0004f28751ce
000008.763|so   |3|01|Platform: BootBlock=3.0.4.0006 (46157-002) 10-Jan-13 19:52
000008.764|so   |*|01|Platform: BootL1=1.0.0.0001 (46157-002) 10-Jan-13 19:27
000008.764|so   |3|01|Application, main: Label=Updater, Version=Peridot 5.1.4.0844 20-Mar-13 14:16
000008.764|so   |3|01|Application, main: P/N=3150-11069-514
000008.764|so   |5|01|Platform: Both images are incorrect, will use Primary Image.
000008.764|log  |*|01|Install file upload callback for 'Updater'

000008.765|app1 |*|01|Initial log entry. Current logging level 3
000008.809|cfg  |*|01|Initial log entry. Current logging level 2
000009.719|so   |3|01|Link status is Net up Speed 100 full Duplex, PC down.
000008.702|so   |*|01|---------- Initial log entry ----------
000008.702|so   |*|01|+++ Note that Updater log times are in GMT +++
000008.702|boot |*|01|Initial log entry. Current logging level 3
000008.702|copy |*|01|Initial log entry. Current logging level 3
000008.702|utilm|*|01|Initial log entry. Current logging level 4
000008.702|hw   |*|01|Initial log entry. Current logging level 4
000008.702|ethf |*|01|Initial log entry. Current logging level 4
000008.702|dns  |*|01|Initial log entry. Current logging level 3
000008.703|curl |*|01|Initial log entry. Current logging level 3
000008.703|sec  |*|01|Initial log entry. Current logging level 4
000008.723|wdog |*|01|Initial log entry. Current logging level 4
000008.723|lldp |*|01|Initial log entry. Current logging level 3
000008.723|cdp  |*|01|Initial log entry. Current logging level 3
000008.723|key  |*|01|Initial log entry. Current logging level 4
000008.761|so   |3|01|Platform: Model=VVX 400, Assembly=3111-46157-002 Rev=A Region=0
000008.761|so   |3|01|Platform: Board=3111-46157-002 1 0
000008.762|so   |3|01|Platform: MAC=0004f28751ce
000008.763|so   |3|01|Platform: BootBlock=3.0.4.0006 (46157-002) 10-Jan-13 19:52
000008.764|so   |*|01|Platform: BootL1=1.0.0.0001 (46157-002) 10-Jan-13 19:27
000008.764|so   |3|01|Application, main: Label=Updater, Version=Peridot 5.1.4.0844 20-Mar-13 14:16
000008.764|so   |3|01|Application, main: P/N=3150-11069-514
000008.764|so   |5|01|Platform: Both images are incorrect, will use Primary Image.
000008.764|log  |*|01|Install file upload callback for 'Updater'

000008.765|app1 |*|01|Initial log entry. Current logging level 3
000008.809|cfg  |*|01|Initial log entry. Current logging level 2
000009.718|so   |3|01|Link status is Net down, PC down.
000012.718|so   |3|01|Link status is Net up Speed 100 full Duplex, PC down.
000007.958|so   |*|00|---------- Initial log entry ----------
000007.958|so   |*|00|+++ Note that Updater log times are in GMT +++
000007.958|boot |*|00|Initial log entry. Current logging level 3
000007.958|copy |*|00|Initial log entry. Current logging level 3
000007.959|utilm|*|00|Initial log entry. Current logging level 4
000007.959|hw   |*|00|Initial log entry. Current logging level 4
000007.959|ethf |*|00|Initial log entry. Current logging level 4
000007.959|dns  |*|00|Initial log entry. Current logging level 3
000007.959|curl |*|00|Initial log entry. Current logging level 3
000007.959|sec  |*|00|Initial log entry. Current logging level 4
000007.977|wdog |*|00|Initial log entry. Current logging level 4
000007.977|lldp |*|00|Initial log entry. Current logging level 3
000007.978|cdp  |*|00|Initial log entry. Current logging level 3
000007.978|key  |*|00|Initial log entry. Current logging level 4
000008.001|so   |3|00|Platform: Model=VVX 400, Assembly=3111-46157-002 Rev=A Region=0
000008.001|so   |3|00|Platform: Board=3111-46157-002 1 0
000008.002|so   |3|00|Platform: MAC=0004f28751ce
000008.003|so   |3|00|Platform: BootBlock=3.0.4.0006 (46157-002) 10-Jan-13 19:52
000008.003|so   |*|00|Platform: BootL1=1.0.0.0001 (46157-002) 10-Jan-13 19:27
000008.004|so   |3|00|Application, main: Label=Updater, Version=Peridot 5.1.4.0844 20-Mar-13 14:16
000008.004|so   |3|00|Application, main: P/N=3150-11069-514
000008.004|so   |5|00|Platform: Both images are incorrect, will use Primary Image.
000008.004|log  |*|00|Install file upload callback for 'Updater'

000008.005|app1 |*|00|Initial log entry. Current logging level 3
000008.048|cfg  |*|00|Initial log entry. Current logging level 2
000008.020|so   |*|00|---------- Initial log entry ----------
000008.021|so   |*|00|+++ Note that Updater log times are in GMT +++
000008.021|boot |*|00|Initial log entry. Current logging level 3
000008.021|copy |*|00|Initial log entry. Current logging level 3
000008.021|utilm|*|00|Initial log entry. Current logging level 4
000008.021|hw   |*|00|Initial log entry. Current logging level 4
000008.021|ethf |*|00|Initial log entry. Current logging level 4
000008.021|dns  |*|00|Initial log entry. Current logging level 3
000008.021|curl |*|00|Initial log entry. Current logging level 3
000008.021|sec  |*|00|Initial log entry. Current logging level 4
000008.040|wdog |*|00|Initial log entry. Current logging level 4
000008.040|lldp |*|00|Initial log entry. Current logging level 3
000008.040|cdp  |*|00|Initial log entry. Current logging level 3
000008.040|key  |*|00|Initial log entry. Current logging level 4
000008.081|so   |3|00|Platform: Model=VVX 400, Assembly=3111-46157-002 Rev=A Region=0
000008.081|so   |3|00|Platform: Board=3111-46157-002 1 0
000008.082|so   |3|00|Platform: MAC=0004f28751ce
000008.083|so   |3|00|Platform: BootBlock=3.0.4.0006 (46157-002) 10-Jan-13 19:52
000008.084|so   |*|00|Platform: BootL1=1.0.0.0001 (46157-002) 10-Jan-13 19:27
000008.084|so   |3|00|Application, main: Label=Updater, Version=Peridot 5.1.4.0844 20-Mar-13 14:16
000008.084|so   |3|00|Application, main: P/N=3150-11069-514
000008.084|so   |5|00|Platform: Both images are incorrect, will use Primary Image.
000008.084|log  |*|00|Install file upload callback for 'Updater'

000008.085|app1 |*|00|Initial log entry. Current logging level 3
000008.128|cfg  |*|00|Initial log entry. Current logging level 2
000009.038|so   |3|00|Link status is Net down, PC down.
000012.038|so   |3|00|Link status is Net up Speed 100 full Duplex, PC down.
000008.047|so   |*|00|---------- Initial log entry ----------
000008.047|so   |*|00|+++ Note that Updater log times are in GMT +++
000008.047|boot |*|00|Initial log entry. Current logging level 3
000008.047|copy |*|00|Initial log entry. Current logging level 3
000008.047|utilm|*|00|Initial log entry. Current logging level 4
000008.048|hw   |*|00|Initial log entry. Current logging level 4
000008.048|ethf |*|00|Initial log entry. Current logging level 4
000008.048|dns  |*|00|Initial log entry. Current logging level 3
000008.048|curl |*|00|Initial log entry. Current logging level 3
000008.048|sec  |*|00|Initial log entry. Current logging level 4
000008.066|wdog |*|00|Initial log entry. Current logging level 4
000008.067|lldp |*|00|Initial log entry. Current logging level 3
000008.067|cdp  |*|00|Initial log entry. Current logging level 3
000008.067|key  |*|00|Initial log entry. Current logging level 4
000008.091|so   |3|00|Platform: Model=VVX 400, Assembly=3111-46157-002 Rev=A Region=0
000008.091|so   |3|00|Platform: Board=3111-46157-002 1 0
000008.092|so   |3|00|Platform: MAC=0004f28751ce
000008.093|so   |3|00|Platform: BootBlock=3.0.4.0006 (46157-002) 10-Jan-13 19:52
000008.093|so   |*|00|Platform: BootL1=1.0.0.0001 (46157-002) 10-Jan-13 19:27
000008.094|so   |3|00|Application, main: Label=Updater, Version=Peridot 5.1.4.0844 20-Mar-13 14:16
000008.094|so   |3|00|Application, main: P/N=3150-11069-514
000008.094|so   |5|00|Platform: Both images are incorrect, will use Primary Image.
000008.094|log  |*|00|Install file upload callback for 'Updater'

000008.095|app1 |*|00|Initial log entry. Current logging level 3
000008.138|cfg  |*|00|Initial log entry. Current logging level 2
000009.066|so   |3|00|Link status is Net up Speed 100 full Duplex, PC down.
000008.034|so   |*|00|---------- Initial log entry ----------
000008.034|so   |*|00|+++ Note that Updater log times are in GMT +++
000008.034|boot |*|00|Initial log entry. Current logging level 3
000008.035|copy |*|00|Initial log entry. Current logging level 3
000008.035|utilm|*|00|Initial log entry. Current logging level 4
000008.035|hw   |*|00|Initial log entry. Current logging level 4
000008.035|ethf |*|00|Initial log entry. Current logging level 4
000008.035|dns  |*|00|Initial log entry. Current logging level 3
000008.035|curl |*|00|Initial log entry. Current logging level 3
000008.035|sec  |*|00|Initial log entry. Current logging level 4
000008.053|wdog |*|00|Initial log entry. Current logging level 4
000008.054|lldp |*|00|Initial log entry. Current logging level 3
000008.054|cdp  |*|00|Initial log entry. Current logging level 3
000008.054|key  |*|00|Initial log entry. Current logging level 4
000008.091|so   |3|00|Platform: Model=VVX 400, Assembly=3111-46157-002 Rev=A Region=0
000008.092|so   |3|00|Platform: Board=3111-46157-002 1 0
000008.092|so   |3|00|Platform: MAC=0004f28751ce
000008.093|so   |3|00|Platform: BootBlock=3.0.4.0006 (46157-002) 10-Jan-13 19:52
000008.094|so   |*|00|Platform: BootL1=1.0.0.0001 (46157-002) 10-Jan-13 19:27
000008.094|so   |3|00|Application, main: Label=Updater, Version=Peridot 5.1.4.0844 20-Mar-13 14:16
000008.094|so   |3|00|Application, main: P/N=3150-11069-514
000008.094|so   |5|00|Platform: Both images are incorrect, will use Primary Image.
000008.094|log  |*|00|Install file upload callback for 'Updater'

000008.095|app1 |*|00|Initial log entry. Current logging level 3
000008.138|cfg  |*|00|Initial log entry. Current logging level 2
000009.052|so   |3|00|Link status is Net up Speed 100 full Duplex, PC down.
000008.029|so   |*|00|---------- Initial log entry ----------
000008.029|so   |*|00|+++ Note that Updater log times are in GMT +++
000008.029|boot |*|00|Initial log entry. Current logging level 3
000008.029|copy |*|00|Initial log entry. Current logging level 3
000008.030|utilm|*|00|Initial log entry. Current logging level 4
000008.030|hw   |*|00|Initial log entry. Current logging level 4
000008.030|ethf |*|00|Initial log entry. Current logging level 4
000008.030|dns  |*|00|Initial log entry. Current logging level 3
000008.030|curl |*|00|Initial log entry. Current logging level 3
000008.030|sec  |*|00|Initial log entry. Current logging level 4
000008.048|wdog |*|00|Initial log entry. Current logging level 4
000008.048|lldp |*|00|Initial log entry. Current logging level 3
000008.048|cdp  |*|00|Initial log entry. Current logging level 3
000008.049|key  |*|00|Initial log entry. Current logging level 4
000008.071|so   |3|00|Platform: Model=VVX 400, Assembly=3111-46157-002 Rev=A Region=0
000008.071|so   |3|00|Platform: Board=3111-46157-002 1 0
000008.072|so   |3|00|Platform: MAC=0004f28751ce
000008.073|so   |3|00|Platform: BootBlock=3.0.4.0006 (46157-002) 10-Jan-13 19:52
000008.074|so   |*|00|Platform: BootL1=1.0.0.0001 (46157-002) 10-Jan-13 19:27
000008.074|so   |3|00|Application, main: Label=Updater, Version=Peridot 5.1.4.0844 20-Mar-13 14:16
000008.074|so   |3|00|Application, main: P/N=3150-11069-514
000008.074|so   |5|00|Platform: Both images are incorrect, will use Primary Image.
000008.074|log  |*|00|Install file upload callback for 'Updater'

000008.075|app1 |*|00|Initial log entry. Current logging level 3
000008.118|cfg  |*|00|Initial log entry. Current logging level 2
000009.047|so   |3|00|Link status is Net down, PC down.
000012.047|so   |3|00|Link status is Net up Speed 100 full Duplex, PC down.
000008.011|so   |*|00|---------- Initial log entry ----------
000008.011|so   |*|00|+++ Note that Updater log times are in GMT +++
000008.011|boot |*|00|Initial log entry. Current logging level 3
000008.011|copy |*|00|Initial log entry. Current logging level 3
000008.011|utilm|*|00|Initial log entry. Current logging level 4
000008.012|hw   |*|00|Initial log entry. Current logging level 4
000008.012|ethf |*|00|Initial log entry. Current logging level 4
000008.012|dns  |*|00|Initial log entry. Current logging level 3
000008.012|curl |*|00|Initial log entry. Current logging level 3
000008.012|sec  |*|00|Initial log entry. Current logging level 4
000008.030|wdog |*|00|Initial log entry. Current logging level 4
000008.030|lldp |*|00|Initial log entry. Current logging level 3
000008.031|cdp  |*|00|Initial log entry. Current logging level 3
000008.031|key  |*|00|Initial log entry. Current logging level 4
000008.071|so   |3|00|Platform: Model=VVX 400, Assembly=3111-46157-002 Rev=A Region=0
000008.071|so   |3|00|Platform: Board=3111-46157-002 1 0
000008.072|so   |3|00|Platform: MAC=0004f28751ce
000008.073|so   |3|00|Platform: BootBlock=3.0.4.0006 (46157-002) 10-Jan-13 19:52
000008.074|so   |*|00|Platform: BootL1=1.0.0.0001 (46157-002) 10-Jan-13 19:27
000008.074|so   |3|00|Application, main: Label=Updater, Version=Peridot 5.1.4.0844 20-Mar-13 14:16
000008.074|so   |3|00|Application, main: P/N=3150-11069-514
000008.074|so   |5|00|Platform: Both images are incorrect, will use Primary Image.
000008.074|log  |*|00|Install file upload callback for 'Updater'

000008.075|app1 |*|00|Initial log entry. Current logging level 3
000008.118|cfg  |*|00|Initial log entry. Current logging level 2
000009.029|so   |3|00|Link status is Net up Speed 100 full Duplex, PC down.
000008.059|so   |*|00|---------- Initial log entry ----------
000008.059|so   |*|00|+++ Note that Updater log times are in GMT +++
000008.059|boot |*|00|Initial log entry. Current logging level 3
000008.060|copy |*|00|Initial log entry. Current logging level 3
000008.060|utilm|*|00|Initial log entry. Current logging level 4
000008.060|hw   |*|00|Initial log entry. Current logging level 4
000008.060|ethf |*|00|Initial log entry. Current logging level 4
000008.060|dns  |*|00|Initial log entry. Current logging level 3
000008.060|curl |*|00|Initial log entry. Current logging level 3
000008.060|sec  |*|00|Initial log entry. Current logging level 4
000008.078|wdog |*|00|Initial log entry. Current logging level 4
000008.079|lldp |*|00|Initial log entry. Current logging level 3
000008.079|cdp  |*|00|Initial log entry. Current logging level 3
000008.079|key  |*|00|Initial log entry. Current logging level 4
000008.101|so   |3|00|Platform: Model=VVX 400, Assembly=3111-46157-002 Rev=A Region=0
000008.101|so   |3|00|Platform: Board=3111-46157-002 1 0
000008.102|so   |3|00|Platform: MAC=0004f28751ce
000008.103|so   |3|00|Platform: BootBlock=3.0.4.0006 (46157-002) 10-Jan-13 19:52
000008.104|so   |*|00|Platform: BootL1=1.0.0.0001 (46157-002) 10-Jan-13 19:27
000008.104|so   |3|00|Application, main: Label=Updater, Version=Peridot 5.1.4.0844 20-Mar-13 14:16
000008.104|so   |3|00|Application, main: P/N=3150-11069-514
000008.104|so   |5|00|Platform: Both images are incorrect, will use Primary Image.
000008.104|log  |*|00|Install file upload callback for 'Updater'

000008.105|app1 |*|00|Initial log entry. Current logging level 3
000008.148|cfg  |*|00|Initial log entry. Current logging level 2
000009.077|so   |3|00|Link status is Net down, PC down.
000012.077|so   |3|00|Link status is Net up Speed 100 full Duplex, PC down.
000008.045|so   |*|00|---------- Initial log entry ----------
000008.045|so   |*|00|+++ Note that Updater log times are in GMT +++
000008.045|boot |*|00|Initial log entry. Current logging level 3
000008.045|copy |*|00|Initial log entry. Current logging level 3
000008.045|utilm|*|00|Initial log entry. Current logging level 4
000008.046|hw   |*|00|Initial log entry. Current logging level 4
000008.046|ethf |*|00|Initial log entry. Current logging level 4
000008.046|dns  |*|00|Initial log entry. Current logging level 3
000008.046|curl |*|00|Initial log entry. Current logging level 3
000008.046|sec  |*|00|Initial log entry. Current logging level 4
000008.065|wdog |*|00|Initial log entry. Current logging level 4
000008.065|lldp |*|00|Initial log entry. Current logging level 3
000008.065|cdp  |*|00|Initial log entry. Current logging level 3
000008.065|key  |*|00|Initial log entry. Current logging level 4
000008.101|so   |3|00|Platform: Model=VVX 400, Assembly=3111-46157-002 Rev=A Region=0
000008.101|so   |3|00|Platform: Board=3111-46157-002 1 0
000008.102|so   |3|00|Platform: MAC=0004f28751ce
000008.103|so   |3|00|Platform: BootBlock=3.0.4.0006 (46157-002) 10-Jan-13 19:52
000008.104|so   |*|00|Platform: BootL1=1.0.0.0001 (46157-002) 10-Jan-13 19:27
000008.104|so   |3|00|Application, main: Label=Updater, Version=Peridot 5.1.4.0844 20-Mar-13 14:16
000008.104|so   |3|00|Application, main: P/N=3150-11069-514
000008.104|so   |5|00|Platform: Both images are incorrect, will use Primary Image.
000008.104|log  |*|00|Install file upload callback for 'Updater'

000008.105|app1 |*|00|Initial log entry. Current logging level 3
000008.148|cfg  |*|00|Initial log entry. Current logging level 2
000009.064|so   |3|00|Link status is Net up Speed 100 full Duplex, PC down.
000008.048|so   |*|00|---------- Initial log entry ----------
000008.049|so   |*|00|+++ Note that Updater log times are in GMT +++
000008.049|boot |*|00|Initial log entry. Current logging level 3
000008.049|copy |*|00|Initial log entry. Current logging level 3
000008.049|utilm|*|00|Initial log entry. Current logging level 4
000008.049|hw   |*|00|Initial log entry. Current logging level 4
000008.049|ethf |*|00|Initial log entry. Current logging level 4
000008.049|dns  |*|00|Initial log entry. Current logging level 3
000008.049|curl |*|00|Initial log entry. Current logging level 3
000008.050|sec  |*|00|Initial log entry. Current logging level 4
000008.068|wdog |*|00|Initial log entry. Current logging level 4
000008.068|lldp |*|00|Initial log entry. Current logging level 3
000008.068|cdp  |*|00|Initial log entry. Current logging level 3
000008.068|key  |*|00|Initial log entry. Current logging level 4
000008.091|so   |3|00|Platform: Model=VVX 400, Assembly=3111-46157-002 Rev=A Region=0
000008.091|so   |3|00|Platform: Board=3111-46157-002 1 0
000008.092|so   |3|00|Platform: MAC=0004f28751ce
000008.093|so   |3|00|Platform: BootBlock=3.0.4.0006 (46157-002) 10-Jan-13 19:52
000008.094|so   |*|00|Platform: BootL1=1.0.0.0001 (46157-002) 10-Jan-13 19:27
000008.094|so   |3|00|Application, main: Label=Updater, Version=Peridot 5.1.4.0844 20-Mar-13 14:16
000008.094|so   |3|00|Application, main: P/N=3150-11069-514
000008.094|so   |5|00|Platform: Both images are incorrect, will use Primary Image.
000008.094|log  |*|00|Install file upload callback for 'Updater'

000008.095|app1 |*|00|Initial log entry. Current logging level 3
000008.138|cfg  |*|00|Initial log entry. Current logging level 2
000009.067|so   |3|00|Link status is Net down, PC down.
000012.067|so   |3|00|Link status is Net up Speed 100 full Duplex, PC down.
000008.030|so   |*|00|---------- Initial log entry ----------
000008.030|so   |*|00|+++ Note that Updater log times are in GMT +++
000008.031|boot |*|00|Initial log entry. Current logging level 3
000008.031|copy |*|00|Initial log entry. Current logging level 3
000008.031|utilm|*|00|Initial log entry. Current logging level 4
000008.031|hw   |*|00|Initial log entry. Current logging level 4
000008.031|ethf |*|00|Initial log entry. Current logging level 4
000008.031|dns  |*|00|Initial log entry. Current logging level 3
000008.031|curl |*|00|Initial log entry. Current logging level 3
000008.031|sec  |*|00|Initial log entry. Current logging level 4
000008.050|wdog |*|00|Initial log entry. Current logging level 4
000008.050|lldp |*|00|Initial log entry. Current logging level 3
000008.051|cdp  |*|00|Initial log entry. Current logging level 3
000008.051|key  |*|00|Initial log entry. Current logging level 4
000008.091|so   |3|00|Platform: Model=VVX 400, Assembly=3111-46157-002 Rev=A Region=0
000008.091|so   |3|00|Platform: Board=3111-46157-002 1 0
000008.092|so   |3|00|Platform: MAC=0004f28751ce
000008.093|so   |3|00|Platform: BootBlock=3.0.4.0006 (46157-002) 10-Jan-13 19:52
000008.094|so   |*|00|Platform: BootL1=1.0.0.0001 (46157-002) 10-Jan-13 19:27
000008.094|so   |3|00|Application, main: Label=Updater, Version=Peridot 5.1.4.0844 20-Mar-13 14:16
000008.094|so   |3|00|Application, main: P/N=3150-11069-514
000008.094|so   |5|00|Platform: Both images are incorrect, will use Primary Image.
000008.094|log  |*|00|Install file upload callback for 'Updater'

000008.095|app1 |*|00|Initial log entry. Current logging level 3
000008.138|cfg  |*|00|Initial log entry. Current logging level 2
000009.048|so   |3|00|Link status is Net down, PC down.
000012.048|so   |3|00|Link status is Net up Speed 100 full Duplex, PC down.
000008.068|so   |*|00|---------- Initial log entry ----------
000008.068|so   |*|00|+++ Note that Updater log times are in GMT +++
000008.068|boot |*|00|Initial log entry. Current logging level 3
000008.069|copy |*|00|Initial log entry. Current logging level 3
000008.069|utilm|*|00|Initial log entry. Current logging level 4
000008.069|hw   |*|00|Initial log entry. Current logging level 4
000008.069|ethf |*|00|Initial log entry. Current logging level 4
000008.069|dns  |*|00|Initial log entry. Current logging level 3
000008.069|curl |*|00|Initial log entry. Current logging level 3
000008.069|sec  |*|00|Initial log entry. Current logging level 4
000008.088|wdog |*|00|Initial log entry. Current logging level 4
000008.088|lldp |*|00|Initial log entry. Current logging level 3
000008.088|cdp  |*|00|Initial log entry. Current logging level 3
000008.088|key  |*|00|Initial log entry. Current logging level 4
000008.111|so   |3|00|Platform: Model=VVX 400, Assembly=3111-46157-002 Rev=A Region=0
000008.111|so   |3|00|Platform: Board=3111-46157-002 1 0
000008.112|so   |3|00|Platform: MAC=0004f28751ce
000008.113|so   |3|00|Platform: BootBlock=3.0.4.0006 (46157-002) 10-Jan-13 19:52
000008.114|so   |*|00|Platform: BootL1=1.0.0.0001 (46157-002) 10-Jan-13 19:27
000008.114|so   |3|00|Application, main: Label=Updater, Version=Peridot 5.1.4.0844 20-Mar-13 14:16
000008.114|so   |3|00|Application, main: P/N=3150-11069-514
000008.114|so   |5|00|Platform: Both images are incorrect, will use Primary Image.
000008.114|log  |*|00|Install file upload callback for 'Updater'

000008.115|app1 |*|00|Initial log entry. Current logging level 3
000008.158|cfg  |*|00|Initial log entry. Current logging level 2
000009.086|so   |3|00|Link status is Net up Speed 100 full Duplex, PC down.
000008.041|so   |*|00|---------- Initial log entry ----------
000008.041|so   |*|00|+++ Note that Updater log times are in GMT +++
000008.041|boot |*|00|Initial log entry. Current logging level 3
000008.042|copy |*|00|Initial log entry. Current logging level 3
000008.042|utilm|*|00|Initial log entry. Current logging level 4
000008.042|hw   |*|00|Initial log entry. Current logging level 4
000008.042|ethf |*|00|Initial log entry. Current logging level 4
000008.042|dns  |*|00|Initial log entry. Current logging level 3
000008.042|curl |*|00|Initial log entry. Current logging level 3
000008.042|sec  |*|00|Initial log entry. Current logging level 4
000008.061|wdog |*|00|Initial log entry. Current logging level 4
000008.061|lldp |*|00|Initial log entry. Current logging level 3
000008.061|cdp  |*|00|Initial log entry. Current logging level 3
000008.061|key  |*|00|Initial log entry. Current logging level 4
000008.101|so   |3|00|Platform: Model=VVX 400, Assembly=3111-46157-002 Rev=A Region=0
000008.101|so   |3|00|Platform: Board=3111-46157-002 1 0
000008.102|so   |3|00|Platform: MAC=0004f28751ce
000008.103|so   |3|00|Platform: BootBlock=3.0.4.0006 (46157-002) 10-Jan-13 19:52
000008.104|so   |*|00|Platform: BootL1=1.0.0.0001 (46157-002) 10-Jan-13 19:27
000008.104|so   |3|00|Application, main: Label=Updater, Version=Peridot 5.1.4.0844 20-Mar-13 14:16
000008.104|so   |3|00|Application, main: P/N=3150-11069-514
000008.104|so   |5|00|Platform: Both images are incorrect, will use Primary Image.
000008.104|log  |*|00|Install file upload callback for 'Updater'

000008.105|app1 |*|00|Initial log entry. Current logging level 3
000008.148|cfg  |*|00|Initial log entry. Current logging level 2
000009.060|so   |3|00|Link status is Net down, PC down.
000012.060|so   |3|00|Link status is Net up Speed 100 full Duplex, PC down.
000008.029|so   |*|00|---------- Initial log entry ----------
000008.029|so   |*|00|+++ Note that Updater log times are in GMT +++
000008.029|boot |*|00|Initial log entry. Current logging level 3
000008.029|copy |*|00|Initial log entry. Current logging level 3
000008.029|utilm|*|00|Initial log entry. Current logging level 4
000008.029|hw   |*|00|Initial log entry. Current logging level 4
000008.029|ethf |*|00|Initial log entry. Current logging level 4
000008.030|dns  |*|00|Initial log entry. Current logging level 3
000008.030|curl |*|00|Initial log entry. Current logging level 3
000008.030|sec  |*|00|Initial log entry. Current logging level 4
000008.048|wdog |*|00|Initial log entry. Current logging level 4
000008.049|lldp |*|00|Initial log entry. Current logging level 3
000008.049|cdp  |*|00|Initial log entry. Current logging level 3
000008.049|key  |*|00|Initial log entry. Current logging level 4
000008.071|so   |3|00|Platform: Model=VVX 400, Assembly=3111-46157-002 Rev=A Region=0
000008.071|so   |3|00|Platform: Board=3111-46157-002 1 0
000008.072|so   |3|00|Platform: MAC=0004f28751ce
000008.073|so   |3|00|Platform: BootBlock=3.0.4.0006 (46157-002) 10-Jan-13 19:52
000008.074|so   |*|00|Platform: BootL1=1.0.0.0001 (46157-002) 10-Jan-13 19:27
000008.074|so   |3|00|Application, main: Label=Updater, Version=Peridot 5.1.4.0844 20-Mar-13 14:16
000008.074|so   |3|00|Application, main: P/N=3150-11069-514
000008.074|so   |5|00|Platform: Both images are incorrect, will use Primary Image.
000008.074|log  |*|00|Install file upload callback for 'Updater'

000008.075|app1 |*|00|Initial log entry. Current logging level 3
000008.118|cfg  |*|00|Initial log entry. Current logging level 2
000009.047|so   |3|00|Link status is Net down, PC down.
000012.047|so   |3|00|Link status is Net up Speed 100 full Duplex, PC down.
000008.035|so   |*|00|---------- Initial log entry ----------
000008.036|so   |*|00|+++ Note that Updater log times are in GMT +++
000008.036|boot |*|00|Initial log entry. Current logging level 3
000008.036|copy |*|00|Initial log entry. Current logging level 3
000008.036|utilm|*|00|Initial log entry. Current logging level 4
000008.036|hw   |*|00|Initial log entry. Current logging level 4
000008.036|ethf |*|00|Initial log entry. Current logging level 4
000008.036|dns  |*|00|Initial log entry. Current logging level 3
000008.036|curl |*|00|Initial log entry. Current logging level 3
000008.037|sec  |*|00|Initial log entry. Current logging level 4
000008.055|wdog |*|00|Initial log entry. Current logging level 4
000008.055|lldp |*|00|Initial log entry. Current logging level 3
000008.056|cdp  |*|00|Initial log entry. Current logging level 3
000008.056|key  |*|00|Initial log entry. Current logging level 4
000008.081|so   |3|00|Platform: Model=VVX 400, Assembly=3111-46157-002 Rev=A Region=0
000008.081|so   |3|00|Platform: Board=3111-46157-002 1 0
000008.082|so   |3|00|Platform: MAC=0004f28751ce
000008.083|so   |3|00|Platform: BootBlock=3.0.4.0006 (46157-002) 10-Jan-13 19:52
000008.084|so   |*|00|Platform: BootL1=1.0.0.0001 (46157-002) 10-Jan-13 19:27
000008.084|so   |3|00|Application, main: Label=Updater, Version=Peridot 5.1.4.0844 20-Mar-13 14:16
000008.084|so   |3|00|Application, main: P/N=3150-11069-514
000008.084|so   |5|00|Platform: Both images are incorrect, will use Primary Image.
000008.084|log  |*|00|Install file upload callback for 'Updater'

000008.085|app1 |*|00|Initial log entry. Current logging level 3
000008.128|cfg  |*|00|Initial log entry. Current logging level 2
000009.053|so   |3|00|Link status is Net up Speed 100 full Duplex, PC down.
000008.040|so   |*|00|---------- Initial log entry ----------
000008.040|so   |*|00|+++ Note that Updater log times are in GMT +++
000008.040|boot |*|00|Initial log entry. Current logging level 3
000008.041|copy |*|00|Initial log entry. Current logging level 3
000008.041|utilm|*|00|Initial log entry. Current logging level 4
000008.041|hw   |*|00|Initial log entry. Current logging level 4
000008.041|ethf |*|00|Initial log entry. Current logging level 4
000008.041|dns  |*|00|Initial log entry. Current logging level 3
000008.041|curl |*|00|Initial log entry. Current logging level 3
000008.041|sec  |*|00|Initial log entry. Current logging level 4
000008.060|wdog |*|00|Initial log entry. Current logging level 4
000008.061|lldp |*|00|Initial log entry. Current logging level 3
000008.061|cdp  |*|00|Initial log entry. Current logging level 3
000008.061|key  |*|00|Initial log entry. Current logging level 4
000008.101|so   |3|00|Platform: Model=VVX 400, Assembly=3111-46157-002 Rev=A Region=0
000008.101|so   |3|00|Platform: Board=3111-46157-002 1 0
000008.102|so   |3|00|Platform: MAC=0004f28751ce
000008.103|so   |3|00|Platform: BootBlock=3.0.4.0006 (46157-002) 10-Jan-13 19:52
000008.104|so   |*|00|Platform: BootL1=1.0.0.0001 (46157-002) 10-Jan-13 19:27
000008.104|so   |3|00|Application, main: Label=Updater, Version=Peridot 5.1.4.0844 20-Mar-13 14:16
000008.104|so   |3|00|Application, main: P/N=3150-11069-514
000008.104|so   |5|00|Platform: Both images are incorrect, will use Primary Image.
000008.104|log  |*|00|Install file upload callback for 'Updater'

000008.105|app1 |*|00|Initial log entry. Current logging level 3
000008.148|cfg  |*|00|Initial log entry. Current logging level 2
000009.057|so   |3|00|Link status is Net down, PC down.
000012.057|so   |3|00|Link status is Net up Speed 100 full Duplex, PC down.
