000008.736|so   |*|01|---------- Initial log entry ----------
000008.736|so   |*|01|+++ Note that Updater log times are in GMT +++
000008.736|boot |*|01|Initial log entry. Current logging level 3
000008.736|copy |*|01|Initial log entry. Current logging level 3
000008.736|utilm|*|01|Initial log entry. Current logging level 4
000008.736|hw   |*|01|Initial log entry. Current logging level 4
000008.736|ethf |*|01|Initial log entry. Current logging level 4
000008.737|dns  |*|01|Initial log entry. Current logging level 3
000008.737|curl |*|01|Initial log entry. Current logging level 3
000008.737|sec  |*|01|Initial log entry. Current logging level 4
000008.750|wdog |*|01|Initial log entry. Current logging level 4
000008.751|lldp |*|01|Initial log entry. Current logging level 3
000008.751|cdp  |*|01|Initial log entry. Current logging level 3
000008.751|key  |*|01|Initial log entry. Current logging level 4
000008.781|so   |3|01|Platform: Model=VVX 300, Assembly=3111-46135-002 Rev=A Region=0
000008.781|so   |3|01|Platform: Board=3111-46135-002 1 0
000008.782|so   |3|01|Platform: MAC=0004f28e7903
000008.783|so   |3|01|Platform: BootBlock=3.0.4.0028 (46135-002) 30-Jan-13 18:00
000008.784|so   |*|01|Platform: BootL1=1.0.0.0009 (46135-002) 11-Jan-13 14:23
000008.784|so   |3|01|Application, main: Label=Updater, Version=Peridot 5.1.4.0844 20-Mar-13 14:16
000008.784|so   |3|01|Application, main: P/N=3150-11069-514
000008.784|so   |5|01|Platform: Both images are incorrect, will use Primary Image.
000008.784|log  |*|01|Install file upload callback for 'Updater'

000008.785|app1 |*|01|Initial log entry. Current logging level 3
000008.800|cfg  |*|01|Initial log entry. Current logging level 2
000009.749|so   |3|01|Link status is Net up Speed 100 full Duplex, PC down.
000008.222|so   |*|00|---------- Initial log entry ----------
000008.223|so   |*|00|+++ Note that Updater log times are in GMT +++
000008.223|boot |*|00|Initial log entry. Current logging level 3
000008.223|copy |*|00|Initial log entry. Current logging level 3
000008.223|utilm|*|00|Initial log entry. Current logging level 4
000008.223|hw   |*|00|Initial log entry. Current logging level 4
000008.223|ethf |*|00|Initial log entry. Current logging level 4
000008.223|dns  |*|00|Initial log entry. Current logging level 3
000008.224|curl |*|00|Initial log entry. Current logging level 3
000008.224|sec  |*|00|Initial log entry. Current logging level 4
000008.236|wdog |*|00|Initial log entry. Current logging level 4
000008.236|lldp |*|00|Initial log entry. Current logging level 3
000008.237|cdp  |*|00|Initial log entry. Current logging level 3
000008.237|key  |*|00|Initial log entry. Current logging level 4
000008.261|so   |3|00|Platform: Model=VVX 300, Assembly=3111-46135-002 Rev=A Region=0
000008.261|so   |3|00|Platform: Board=3111-46135-002 1 0
000008.262|so   |3|00|Platform: MAC=0004f28e7903
000008.263|so   |3|00|Platform: BootBlock=3.0.4.0028 (46135-002) 30-Jan-13 18:00
000008.264|so   |*|00|Platform: BootL1=1.0.0.0009 (46135-002) 11-Jan-13 14:23
000008.264|so   |3|00|Application, main: Label=Updater, Version=Peridot 5.1.4.0844 20-Mar-13 14:16
000008.264|so   |3|00|Application, main: P/N=3150-11069-514
000008.264|so   |5|00|Platform: Both images are incorrect, will use Primary Image.
000008.264|log  |*|00|Install file upload callback for 'Updater'

000008.265|app1 |*|00|Initial log entry. Current logging level 3
000008.279|cfg  |*|00|Initial log entry. Current logging level 2
000009.231|so   |3|00|Link status is Net up Speed 100 full Duplex, PC down.
000008.082|so   |*|00|---------- Initial log entry ----------
000008.082|so   |*|00|+++ Note that Updater log times are in GMT +++
000008.082|boot |*|00|Initial log entry. Current logging level 3
000008.082|copy |*|00|Initial log entry. Current logging level 3
000008.082|utilm|*|00|Initial log entry. Current logging level 4
000008.082|hw   |*|00|Initial log entry. Current logging level 4
000008.082|ethf |*|00|Initial log entry. Current logging level 4
000008.082|dns  |*|00|Initial log entry. Current logging level 3
000008.082|curl |*|00|Initial log entry. Current logging level 3
000008.083|sec  |*|00|Initial log entry. Current logging level 4
000008.095|wdog |*|00|Initial log entry. Current logging level 4
000008.096|lldp |*|00|Initial log entry. Current logging level 3
000008.096|cdp  |*|00|Initial log entry. Current logging level 3
000008.096|key  |*|00|Initial log entry. Current logging level 4
000008.121|so   |3|00|Platform: Model=VVX 300, Assembly=3111-46135-002 Rev=A Region=0
000008.121|so   |3|00|Platform: Board=3111-46135-002 1 0
000008.122|so   |3|00|Platform: MAC=0004f28e7903
000008.123|so   |3|00|Platform: BootBlock=3.0.4.0028 (46135-002) 30-Jan-13 18:00
000008.124|so   |*|00|Platform: BootL1=1.0.0.0009 (46135-002) 11-Jan-13 14:23
000008.124|so   |3|00|Application, main: Label=Updater, Version=Peridot 5.1.4.0844 20-Mar-13 14:16
000008.124|so   |3|00|Application, main: P/N=3150-11069-514
000008.124|so   |5|00|Platform: Both images are incorrect, will use Primary Image.
000008.124|log  |*|00|Install file upload callback for 'Updater'

000008.125|app1 |*|00|Initial log entry. Current logging level 3
000008.139|cfg  |*|00|Initial log entry. Current logging level 2
000009.088|so   |3|00|Link status is Net up Speed 100 full Duplex, PC down.
000008.033|so   |*|00|---------- Initial log entry ----------
000008.033|so   |*|00|+++ Note that Updater log times are in GMT +++
000008.033|boot |*|00|Initial log entry. Current logging level 3
000008.033|copy |*|00|Initial log entry. Current logging level 3
000008.033|utilm|*|00|Initial log entry. Current logging level 4
000008.033|hw   |*|00|Initial log entry. Current logging level 4
000008.033|ethf |*|00|Initial log entry. Current logging level 4
000008.034|dns  |*|00|Initial log entry. Current logging level 3
000008.034|curl |*|00|Initial log entry. Current logging level 3
000008.034|sec  |*|00|Initial log entry. Current logging level 4
000008.046|wdog |*|00|Initial log entry. Current logging level 4
000008.047|lldp |*|00|Initial log entry. Current logging level 3
000008.047|cdp  |*|00|Initial log entry. Current logging level 3
000008.047|key  |*|00|Initial log entry. Current logging level 4
000008.071|so   |3|00|Platform: Model=VVX 300, Assembly=3111-46135-002 Rev=A Region=0
000008.071|so   |3|00|Platform: Board=3111-46135-002 1 0
000008.072|so   |3|00|Platform: MAC=0004f28e7903
000008.073|so   |3|00|Platform: BootBlock=3.0.4.0028 (46135-002) 30-Jan-13 18:00
000008.074|so   |*|00|Platform: BootL1=1.0.0.0009 (46135-002) 11-Jan-13 14:23
000008.074|so   |3|00|Application, main: Label=Updater, Version=Peridot 5.1.4.0844 20-Mar-13 14:16
000008.074|so   |3|00|Application, main: P/N=3150-11069-514
000008.074|so   |5|00|Platform: Both images are incorrect, will use Primary Image.
000008.074|log  |*|00|Install file upload callback for 'Updater'

000008.075|app1 |*|00|Initial log entry. Current logging level 3
000008.090|cfg  |*|00|Initial log entry. Current logging level 2
000008.093|dot1x|*|00|Initial log entry. Current logging level 3
000008.093|app1 |3|00|Starting provisioning because of the start type.
000008.294|tls  |*|00|Initial log entry. Current logging level 4
000009.040|so   |3|00|Link status is Net up Speed 100 full Duplex, PC down.
000011.461|lldp |3|00|Enabling 802.1Q tagging, VLAN ID = 111 (from LLDP/CDP)
000011.461|lldp |5|00|VLAN Id has changed to 111.
000014.373|lldp |3|00|LLDP received a response from a switch. LLDP enabled.
000014.430|dhcpc|*|00|Initial log entry. Current logging level 4
000018.166|dns  |*|00|DNS resolver servers are '8.8.8.8' '8.8.4.4'
000018.166|dns  |*|00|DNS resolver search domain is ''
000018.166|app1 |3|00|DNS resolver servers are '8.8.8.8' '8.8.4.4'
000018.166|app1 |3|00|DNS resolver search domain is ''
000018.282|dns  |3|00|DNS lookup for (A) 'p.voxter.com'(74.114.208.245) TTL=17575
000018.283|app1 |3|00|DHCP returned result 0x18F from server 10.2.0.2.
000018.283|app1 |3|00|   Phone IP address is 10.2.0.207.
000018.283|app1 |3|00|   Subnet mask is 255.255.255.0.
000018.283|app1 |3|00|   Gateway address is 10.2.0.1.
000018.283|app1 |3|00|   Provisioning server address is http://p.voxter.com/.
000018.283|app1 |3|00|   DNS server is 8.8.8.8.
000018.284|app1 |3|00|   DNS alternate server is 8.8.4.4.
000018.394|dns  |3|00|DNS lookup for (A) 'pool.ntp.org'(206.108.0.132,142.137.247.109,192.99.15.169) TTL=62
0422013745|app1 |3|00|Time has been set from pool.ntp.org (206.108.0.132).
0422013745|app1 |3|00|   1429666665: 2015-4-22, 1:37:45, DST off
0422013745|copy |3|00|'http://PlcmSpIp:****@p.voxter.com/0004f28e7903.cfg' from 'p.voxter.com(74.114.208.245)'
0422013745|copy |3|00|Download of '0004f28e7903.cfg' succeeded on attempt 1 (addr 1 of 1)
0422013745|cfg  |*|00|Prov|Starting to update 3111-46135-002.sip.ld
0422013745|copy |3|00|'http://PlcmSpIp:****@p.voxter.com/3111-46135-002.sip.ld' from 'p.voxter.com(74.114.208.245)'
0422013746|cfg  |3|00|New load header information:
0422013746|cfg  |3|00|Code length:         0x027559F0
0422013746|cfg  |3|00|Code Checksum:       0x38A3BFD9
0422013746|cfg  |3|00|Options:             0x00000080
0422013746|cfg  |3|00|Recognized container image
0422013746|cfg  |3|00|New load header information:
0422013746|cfg  |3|00|Code length:         0x020760FC
0422013746|cfg  |3|00|Code Checksum:       0x02B7DAEB
0422013746|cfg  |3|00|Options:             0x00000002
0422013746|cfg  |3|00|Application header is different
0422013746|cfg  |3|00|Application in container image 1 is different
0422013746|cfg  |3|00|New load header information:
0422013746|cfg  |3|00|Code length:         0x006DEFE4
0422013746|cfg  |3|00|Code Checksum:       0x38A32210
0422013746|cfg  |3|00|Options:             0x00000010
0422013746|cfg  |3|00|Updater header is different
0422013746|cfg  |3|00|Updater in container image 2 is different
0422013746|cfg  |3|00|Using Updater
0422014317|cfg  |*|00|Prov|Updating the Updater
0422014317|cfg  |3|00|Using compatible image 0
0422014606|copy |3|00|Download of '3111-46135-002.sip.ld' succeeded on attempt 1 (addr 1 of 1)
0422014606|sig  |*|00|Initial log entry. Current logging level 3
0422014606|sig  |3|00|hwSigParseRemove: found key Sig_3.
0422014607|cfg  |3|00|Good image signature
0422014607|cfg  |4|00|Removing application...
0422014612|cfg  |3|00|Programming Updater from sector 320 to 575
0422014618|cfg  |3|00|Programming to sector 320 complete
0422014621|cfg  |*|00|Prov|Image has been changed
0422014621|cfg  |*|00|Prov|Provisioning needs to reboot to upgrade image(s)
000008.607|so   |*|00|---------- Initial log entry ----------
000008.608|so   |*|00|+++ Note that Updater log times are in GMT +++
000008.608|boot |*|00|Initial log entry. Current logging level 3
000008.608|copy |*|00|Initial log entry. Current logging level 3
000008.608|utilm|*|00|Initial log entry. Current logging level 4
000008.608|hw   |*|00|Initial log entry. Current logging level 4
000008.608|ethf |*|00|Initial log entry. Current logging level 4
000008.609|dns  |*|00|Initial log entry. Current logging level 3
000008.609|curl |*|00|Initial log entry. Current logging level 3
000008.609|sec  |*|00|Initial log entry. Current logging level 4
000008.859|wdog |*|00|Initial log entry. Current logging level 4
000008.859|lldp |*|00|Initial log entry. Current logging level 3
000008.859|cdp  |*|00|Initial log entry. Current logging level 3
000008.859|key  |*|00|Initial log entry. Current logging level 4
000008.859|so   |3|00|SoKeyC::keyboardSetup(): Assigning virtual key: hwId 45 soKeyConcordVirtualTab[i].function 53
000008.891|so   |3|00|Platform: Model=VVX 300, Assembly=3111-46135-002 Rev=A Region=0
000008.891|so   |3|00|Platform: Board=3111-46135-002 1 0
000008.892|so   |3|00|Platform: MAC=0004f28e7903
000008.893|so   |3|00|Platform: BootBlock=3.0.4.0028 (46135-002) 30-Jan-13 18:00
000008.894|so   |*|00|Platform: BootL1=1.0.0.0009 (46135-002) 11-Jan-13 14:23
000008.894|so   |3|00|Application, main: Label=Updater, Version=Fayalite 5.5.0.13251 24-Mar-15 02:46
000008.894|so   |3|00|Application, main: P/N=3150-11069-550
000008.894|log  |*|00|Install file upload callback for 'Updater'

000008.895|app1 |*|00|Initial log entry. Current logging level 3
000008.907|cfg  |*|00|Initial log entry. Current logging level 2
000008.912|dot1x|*|00|Initial log entry. Current logging level 3
000008.912|app1 |3|00|Starting provisioning because of the start type.
000009.118|tls  |*|00|Initial log entry. Current logging level 4
000009.850|so   |3|00|Link status is Net up Speed 100 full Duplex, PC down.
000011.821|lldp |3|00|Enabling 802.1Q tagging, VLAN ID = 111 (from LLDP/CDP)
000011.821|lldp |5|00|VLAN Id has changed to 111.
000015.209|lldp |3|00|LLDP received a response from a switch. LLDP enabled.
000015.401|dhcpc|*|00|Initial log entry. Current logging level 2
000015.403|dhcpc|3|00|dhcAddIf v4 succeeds: eth0.111.
000015.408|dhcpc|3|00|dhcRebind v4: Will wait until sync rebind completes.
000015.943|dhcpc|3|00|relLease(0) v4: Succeeded to fork dhclient to terminate.
000016.594|dhcpc|3|00|dhcListener: Read succeeds: eth0.111 state: PREINIT
.
000016.594|dhcpc|4|00|DhcpClient::processLine: no callback for state 1 if eth0.111
000017.791|dhcpc|3|00|dhcListener: Read succeeds: eth0.111 ip: 10.2.0.207
.
000017.792|dhcpc|3|00|dhcListener: Read succeeds: eth0.111 option: subnet-mask 255.255.255.0
.
000017.794|dhcpc|3|00|dhcListener: Read succeeds: eth0.111 option: routers 10.2.0.1
.
000017.795|dhcpc|3|00|dhcListener: Read succeeds: eth0.111 option: domain-name-servers 8.8.8.8 8.8.4.4
.
000017.796|dhcpc|3|00|dhcListener: Read succeeds: eth0.111 option: dhcp-lease-time 600
.
000017.798|dhcpc|3|00|dhcListener: Read succeeds: eth0.111 option: tftp-server-name http://p.voxter.com/
.
000017.799|dhcpc|3|00|dhcListener: Read succeeds: eth0.111 option: dhcp-server-identifier 10.2.0.2
.
000017.804|dhcpc|3|00|dhcListener: Read succeeds: eth0.111 option: broadcast-address 10.2.0.255
.
000017.809|dhcpc|3|00|dhcListener: Read succeeds: eth0.111 option: dhcp-lease-time 600
.
000017.810|dhcpc|3|00|dhcListener: Read succeeds: eth0.111 option: dhcp-message-type 5
.
000017.845|dhcpc|3|00|dhcListener: Read succeeds: eth0.111 state: BOUND
.
000017.845|dhcpc|4|00|DhcpClient::processLine: no callback for state 2 if eth0.111
000017.846|dhcpc|3|00|dhcRebind v4: Sync rebind succeeds.
000017.847|dhcpc|3|00|Program eth0.111 to use subnet mask 255.255.255.0, result 0.
000017.847|dhcpc|3|00|Program eth0.111 to use ip address 10.2.0.207, result 0.
000017.848|dhcpc|3|00|Program eth0.111 to use router 10.2.0.1, result 0.
000017.866|dhcpc|3|00|getLease v4: Succeeded to fork dhclient for interface eth0.111.
000018.858|ares |*|00|Initial log entry. Current logging level 3
000018.860|dns  |*|00|DNS resolver servers are '8.8.8.8' '8.8.4.4'
000018.860|dns  |*|00|DNS resolver search domain is ''
000018.860|app1 |3|00|DNS resolver servers are '8.8.8.8' '8.8.4.4'
000018.860|app1 |3|00|DNS resolver search domain is ''
000019.035|app1 |3|00|DHCP returned result 0x18F from server 10.2.0.2.
000019.035|app1 |3|00|   Phone IPv4 address is 10.2.0.207.
000019.035|app1 |3|00|   Subnet mask is 255.255.255.0.
000019.035|app1 |3|00|   Gateway address is 10.2.0.1.
000019.035|app1 |3|00|   Provisioning server address is http://p.voxter.com/.
000019.036|app1 |3|00|   DNS server is 8.8.8.8
000019.036|app1 |3|00|   DNS alternate server is 8.8.4.4.
0422014655|app1 |3|00|Time has been set from pool.ntp.org (69.28.67.44).
0422014655|app1 |3|00|   1429667215: 2015-4-22, 1:46:55, DST off
0422014655|copy |3|00|'http://PlcmSpIp:****@p.voxter.com/0004f28e7903.cfg' from 'p.voxter.com(74.114.208.245)'
0422014655|copy |3|00|Download of '0004f28e7903.cfg' succeeded on attempt 1 (addr 1 of 1)
0422014655|cfg  |*|00|Prov|Starting to update 3111-46135-002.sip.ld
0422014655|copy |3|00|'http://PlcmSpIp:****@p.voxter.com/3111-46135-002.sip.ld' from 'p.voxter.com(74.114.208.245)'
0422014656|cfg  |3|00|New load header information:
0422014656|cfg  |3|00|Code length:         0x027559F0
0422014656|cfg  |3|00|Code Checksum:       0x38A3BFD9
0422014656|cfg  |3|00|Options:             0x00000080
0422014656|cfg  |3|00|Recognized container image
0422014656|cfg  |3|00|New load header information:
0422014656|cfg  |3|00|Code length:         0x020760FC
0422014656|cfg  |3|00|Code Checksum:       0x02B7DAEB
0422014656|cfg  |3|00|Options:             0x00000002
0422014656|cfg  |3|00|Could not open application file for checking
0422014656|cfg  |3|00|Application in container image 1 is different
0422014656|cfg  |3|00|New load header information:
0422014656|cfg  |3|00|Code length:         0x006DEFE4
0422014656|cfg  |3|00|Code Checksum:       0x38A32210
0422014656|cfg  |3|00|Options:             0x00000010
0422014656|cfg  |3|00|Updater is already present
0422014656|cfg  |3|00|Updater in container image 2 is not different
0422014656|cfg  |3|00|Using application
0422014656|cfg  |*|00|Prov|Updating the Application
0422014656|cfg  |3|00|Using compatible image 0
0422015122|dhcpc|3|00|dhcListener: Read succeeds: eth0.111 state: RENEW
.
0422015122|dhcpc|4|00|DhcpClient::processLine: no callback for state 6 if eth0.111
0422015622|dhcpc|3|00|dhcListener: Read succeeds: eth0.111 state: RENEW
.
0422015622|dhcpc|4|00|DhcpClient::processLine: no callback for state 6 if eth0.111
0422015850|copy |3|00|buffered_write: transfer terminated
0422015850|copy |3|00|Download of '3111-46135-002.sip.ld' succeeded on attempt 1 (addr 1 of 1)
0422015851|sig  |*|00|Initial log entry. Current logging level 3
0422015851|sig  |3|00|hwSigParseRemove: found key Sig_3.
0422015854|cfg  |3|00|Good image signature
0422015855|cfg  |3|00|Programming 34038588 bytes into tffs in 4K blocks
0422015857|cfg  |3|00|Extracting application files
0422015857|cfg  |3|00|New load header information:
0422015857|cfg  |3|00|Code length:         0x020760FC
0422015857|cfg  |3|00|Code Checksum:       0x02B7DAEB
0422015857|cfg  |3|00|Options:             0x00000002
0422020058|dhcpc|3|00|dhcListener: Read succeeds: eth0.111 state: RENEW
.
0422020058|dhcpc|4|00|DhcpClient::processLine: no callback for state 6 if eth0.111
0422020125|cfg  |3|00|Finished extracting application files (OK)
0422020129|cfg  |3|00|File system is synchronized
0422020129|cfg  |*|00|Prov|Succeeded updating file 3111-46135-002.sip.ld
0422020129|cfg  |*|00|Prov|Image has been changed
0422020129|cfg  |3|00|Prov|Provisioning succeeded
0422020129|app1 |3|00|Application, load: Type=SIP, Version=5.3.0.12074 24-Mar-15 03:06
0422020129|cfg  |*|00|Prov|Finished updating configuration
0422020129|boot |*|00|Using TFFS for flash load
0422020129|boot |*|00|Code length:         0x020760FC
0422020129|boot |*|00|Code checksum:       0x02B7DAEB
0422020129|app1 |4|00|Loaded application sip.ld from local system successfully.
0422020129|app1 |6|00|Uploading boot log, time is Wed Apr 22 02:01:30 2015

0422020130|copy |3|00|'http://PlcmSpIp:****@p.voxter.com/logs/0004f28e7903-boot.log' to 'p.voxter.com(74.114.208.245)'
0422020131|copy |3|00|Upload of 'logs/0004f28e7903-boot.log' succeeded on attempt 1 (addr 1 of 1)
0422020131|dhcpc|3|00|relLease(0) v4: Succeeded to fork dhclient to terminate.
0422020148|cfg  |3|00|Prov|Shutting down
