000006.358|so   |*|00|---------- Initial log entry ----------
000006.358|so   |*|00|+++ Note that Updater log times are in GMT +++
000006.358|boot |*|00|Initial log entry. Current logging level 3
000006.358|copy |*|00|Initial log entry. Current logging level 3
000006.358|utilm|*|00|Initial log entry. Current logging level 4
000006.358|hw   |*|00|Initial log entry. Current logging level 4
000006.358|ethf |*|00|Initial log entry. Current logging level 4
000006.358|dns  |*|00|Initial log entry. Current logging level 3
000006.358|curl |*|00|Initial log entry. Current logging level 3
000006.358|sec  |*|00|Initial log entry. Current logging level 4
000006.367|wdog |*|00|Initial log entry. Current logging level 4
000006.367|lldp |*|00|Initial log entry. Current logging level 3
000006.367|cdp  |*|00|Initial log entry. Current logging level 3
000006.367|key  |*|00|Initial log entry. Current logging level 4
000006.490|hw   |6|00|TouchScreen: found lds700x_ts on /dev/event1, firmware version: 0x1c.
000006.490|so   |3|00|Platform: Model=VVX 500, Assembly=3111-44500-001 Rev=A Region=0
000006.490|so   |3|00|Platform: Board=3111-44500-001 7 0
000006.491|so   |3|00|Platform: MAC=0004f281ff30
000006.491|so   |3|00|Platform: BootBlock=3.0.3.0013 (44500-001) 07-Oct-11 08:34
000006.492|so   |*|00|Platform: BootL1=1.0.0.0018 (44500-001) 06-Oct-11 17:01
000006.492|so   |3|00|Application, main: Label=Updater, Version=Peridot 5.1.3.10644 05-Feb-13 17:24
000006.492|so   |3|00|Application, main: P/N=3150-11069-513
000006.492|log  |*|00|Install file upload callback for 'Updater'

000006.492|app1 |*|00|Initial log entry. Current logging level 3
000006.518|cfg  |*|00|Initial log entry. Current logging level 2
000006.519|app1 |3|00|Application image is not present.
000006.528|dot1x|*|00|Initial log entry. Current logging level 3
000006.674|tls  |*|00|Initial log entry. Current logging level 4
000007.366|so   |3|00|Link status is Net up Speed 1000 full Duplex, PC down.
000009.758|lldp |3|00|Enabling 802.1Q tagging, VLAN ID = 206 (from LLDP/CDP)
000009.758|lldp |5|00|VLAN Id has changed to 206.
000012.745|lldp |3|00|LLDP received a response from a switch. LLDP enabled.
000012.800|dhcpc|*|00|Initial log entry. Current logging level 4
000018.854|dns  |*|00|DNS resolver servers are '172.24.192.11' '172.24.192.12'
000018.854|dns  |*|00|DNS resolver search domain is 'hq.squareup.com'
000018.854|app1 |3|00|DNS resolver servers are '172.24.192.11' '172.24.192.12'
000018.854|app1 |3|00|DNS resolver search domain is 'hq.squareup.com'
000018.855|app1 |3|00|DHCP returned result 0x3AF from server 172.24.192.11.
000018.855|app1 |3|00|   Phone IP address is 172.24.32.176.
000018.855|app1 |3|00|   Subnet mask is 255.255.254.0.
000018.855|app1 |3|00|   Gateway address is 172.24.32.1.
000018.855|app1 |3|00|   Provisioning server address is tftp://74.122.187.80.
000018.855|app1 |3|00|   Time server is 192.168.18.193.
000018.855|app1 |3|00|   DNS server is 172.24.192.11.
000018.855|app1 |3|00|   DNS alternate server is 172.24.192.12.
000018.855|app1 |3|00|   DNS domain is hq.squareup.com.
0701235112|app1 |3|00|Time has been set from 192.168.18.193 (192.168.18.193).
0701235112|app1 |3|00|   1404258672: 2014-7-1, 23:51:12, DST off
0701235112|copy |3|00|'tftp://74.122.187.80/0004f281ff30.cfg' from '74.122.187.80'
0701235112|copy |3|00|Download of '0004f281ff30.cfg' FAILED on attempt 1 (addr 1 of 1)
0701235112|copy |*|00|Server '74.122.187.80' said '0004f281ff30.cfg' is not present
0701235112|copy |3|00|Update of '/ffs0/newinit.mac' failed, leaving local copy intact
0701235112|copy |3|00|'tftp://74.122.187.80/000000000000.cfg' from '74.122.187.80'
0701235112|copy |3|00|Download of '000000000000.cfg' succeeded on attempt 1 (addr 1 of 1)
0701235112|cfg  |5|00|Prov|Cannot remove file /ffs0/init.mac.
0701235112|cfg  |*|00|Prov|Starting to update 3111-44500-001.3111-44500-001.sip.ld
0701235112|copy |3|00|'tftp://74.122.187.80/3111-44500-001.3111-44500-001.sip.ld' from '74.122.187.80'
0701235112|copy |3|00|Download of '3111-44500-001.3111-44500-001.sip.ld' FAILED on attempt 1 (addr 1 of 1)
0701235112|copy |*|00|Server '74.122.187.80' said '3111-44500-001.3111-44500-001.sip.ld' is not present
0701235112|cfg  |3|00|Could not get all 512 bytes of the header
0701235112|app1 |4|00|Error downloading 3111-44500-001.3111-44500-001.s
0701235112|cfg  |*|00|Prov|Starting to update 3111-44500-001.sip.ld
0701235112|copy |3|00|'tftp://74.122.187.80/3111-44500-001.sip.ld' from '74.122.187.80'
0701235112|cfg  |3|00|New load header information:
0701235112|cfg  |3|00|Code length:         0x037C8E44
0701235112|cfg  |3|00|Code Checksum:       0x37BB5507
0701235112|cfg  |3|00|Options:             0x00000080
0701235112|cfg  |3|00|Recognized container image
0701235112|cfg  |3|00|New load header information:
0701235112|cfg  |3|00|Code length:         0x03106000
0701235112|cfg  |3|00|Code Checksum:       0x9C1D838C
0701235112|cfg  |3|00|Options:             0x00000002
0701235112|cfg  |3|00|Could not open application file for checking
0701235112|cfg  |3|00|Application in container image 1 is different
0701235112|cfg  |3|00|New load header information:
0701235112|cfg  |3|00|Code length:         0x006C2514
0701235112|cfg  |3|00|Code Checksum:       0x37BAB52F
0701235112|cfg  |3|00|Options:             0x00000010
0701235112|cfg  |3|00|Updater is already present
0701235112|cfg  |3|00|Updater in container image 2 is not different
0701235112|cfg  |3|00|Using application
0701235112|cfg  |*|00|Prov|Updating the Application
0701235112|cfg  |3|00|Using compatible image 0
0701235133|copy |3|00|buffered_write: transfer terminated
0701235133|copy |3|00|Download of '3111-44500-001.sip.ld' succeeded on attempt 1 (addr 1 of 1)
0701235134|sig  |*|00|Initial log entry. Current logging level 3
0701235134|sig  |3|00|hwSigParseRemove: found key Sig_3.
0701235136|cfg  |3|00|Good image signature
0701235137|cfg  |3|00|Programming 51405384 bytes into tffs in 4K blocks
0701235140|cfg  |3|00|Extracting application files
0701235140|cfg  |3|00|New load header information:
0701235140|cfg  |3|00|Code length:         0x03106000
0701235140|cfg  |3|00|Code Checksum:       0x9C1D838C
0701235140|cfg  |3|00|Options:             0x00000002
0701235241|cfg  |3|00|Finished extracting application files (OK)
0701235252|cfg  |3|00|File system is synchronized
0701235253|cfg  |*|00|Prov|Succeeded updating file 3111-44500-001.sip.ld
0701235253|cfg  |*|00|Prov|Image has been changed
0701235253|cfg  |3|00|Prov|Provisioning succeeded
0701235253|app1 |3|00|Application, load: Type=SIP, Version=4.1.3.6827 05-Feb-13 17:31
0701235253|cfg  |*|00|Prov|Finished updating configuration
0701235253|boot |*|00|Using TFFS for flash load
0701235253|boot |*|00|Code length:         0x03106000
0701235253|boot |*|00|Code checksum:       0x9C1D838C
0701235253|app1 |4|00|Loaded application 3111-44500-001.sip.ld from local system successfully.
0701235253|app1 |6|00|Uploading boot log, time is Tue Jul  1 23:52:54 2014

0701235254|copy |3|00|'tftp://74.122.187.80/0004f281ff30-boot.log' to '74.122.187.80'
0701235254|copy |3|00|Upload of '0004f281ff30-boot.log' FAILED on attempt 1 (addr 1 of 1)
0701235254|copy |3|00|transport res: 71 respCode 0. transport error: TFTP: Illegal operation. transport error buffer: TFTP: Illegal operation.
0701235254|log  |4|00|UtilLogC::uploadFifoLog: upload error. protocol 0 result = -1
0701235317|cfg  |3|00|Prov|Shutting down
000006.173|so   |*|00|---------- Initial log entry ----------
000006.174|so   |*|00|+++ Note that Updater log times are in GMT +++
000006.174|boot |*|00|Initial log entry. Current logging level 3
000006.174|copy |*|00|Initial log entry. Current logging level 3
000006.174|utilm|*|00|Initial log entry. Current logging level 4
000006.174|hw   |*|00|Initial log entry. Current logging level 4
000006.174|ethf |*|00|Initial log entry. Current logging level 4
000006.174|dns  |*|00|Initial log entry. Current logging level 3
000006.174|curl |*|00|Initial log entry. Current logging level 3
000006.174|sec  |*|00|Initial log entry. Current logging level 4
000006.183|wdog |*|00|Initial log entry. Current logging level 4
000006.184|lldp |*|00|Initial log entry. Current logging level 3
000006.184|cdp  |*|00|Initial log entry. Current logging level 3
000006.184|key  |*|00|Initial log entry. Current logging level 4
000006.310|hw   |6|00|TouchScreen: found lds700x_ts on /dev/event1, firmware version: 0x1c.
000006.311|so   |3|00|Platform: Model=VVX 500, Assembly=3111-44500-001 Rev=A Region=0
000006.311|so   |3|00|Platform: Board=3111-44500-001 7 0
000006.311|so   |3|00|Platform: MAC=0004f281ff30
000006.312|so   |3|00|Platform: BootBlock=3.0.3.0013 (44500-001) 07-Oct-11 08:34
000006.312|so   |*|00|Platform: BootL1=1.0.0.0018 (44500-001) 06-Oct-11 17:01
000006.312|so   |3|00|Application, main: Label=Updater, Version=Peridot 5.1.3.10644 05-Feb-13 17:24
000006.312|so   |3|00|Application, main: P/N=3150-11069-513
000006.312|log  |*|00|Install file upload callback for 'Updater'

000006.313|app1 |*|00|Initial log entry. Current logging level 3
000006.338|cfg  |*|00|Initial log entry. Current logging level 2
000007.174|so   |3|00|Link status is Net down, PC down.
000012.262|dot1x|*|00|Initial log entry. Current logging level 3
000012.388|tls  |*|00|Initial log entry. Current logging level 4
000021.469|lldp |3|00|LLDP did not receive a response from a switch. Disabling LLDP.
000027.002|cdp  |3|00|CDP did not receive a response from a switch. Disabling CDP.
000027.030|dhcpc|*|00|Initial log entry. Current logging level 4
000039.244|app1 |3|00|About to flash the BootBlock, waiting for the network to initialize...
000135.174|so   |3|00|Link status is Net up Speed 1000 full Duplex, PC down.
000227.440|dns  |*|00|DNS resolver servers are '172.24.192.11' '172.24.192.12'
000227.440|dns  |*|00|DNS resolver search domain is 'hq.squareup.com'
000227.440|app1 |3|00|DNS resolver servers are '172.24.192.11' '172.24.192.12'
000227.440|app1 |3|00|DNS resolver search domain is 'hq.squareup.com'
000227.481|dns  |3|00|DNS lookup for (A) 'ztp.polycom.com'(174.129.22.184,50.19.91.154) TTL=60
000227.482|app1 |4|00|Could not load time from  (0.0.0.0).
000227.482|app1 |3|00|DHCP returned result 0x387 from server 172.24.192.12.
000227.482|app1 |3|00|   Phone IP address is 172.24.0.91.
000227.482|app1 |3|00|   Subnet mask is 255.255.254.0.
000227.482|app1 |3|00|   Gateway address is 172.24.0.1.
000227.482|app1 |3|00|   DNS server is 172.24.192.11.
000227.482|app1 |3|00|   DNS alternate server is 172.24.192.12.
000227.482|app1 |3|00|   DNS domain is hq.squareup.com.
000227.482|app1 |3|00|Provisioning server address has been set to ZTP.
000227.750|app1 |3|00|About to flash the BootBlock...
000227.751|app1 |6|00|Uploading boot log, time is Tue Jul  1 23:55:42 2014

000228.003|copy |3|00|'https://PlcmSpIp:****@ztp.polycom.com/0004f281ff30-boot.log' to 'ztp.polycom.com(174.129.22.184)'
000228.799|copy |3|00|Upload of '0004f281ff30-boot.log' FAILED on attempt 1 (addr 1 of 2)
000228.799|copy |*|00|Server 'ztp.polycom.com' said '0004f281ff30-boot.log' is not present
000228.799|log  |4|00|UtilLogC::uploadFifoLog: upload error. protocol 0 result = -1
000228.805|copy |3|00|'https://PlcmSpIp:****@ztp.polycom.com/0004f281ff30-appFlash.log' to 'ztp.polycom.com(174.129.22.184)'
000229.631|copy |3|00|Upload of '0004f281ff30-appFlash.log' FAILED on attempt 1 (addr 1 of 2)
000229.631|copy |*|00|Server 'ztp.polycom.com' said '0004f281ff30-appFlash.log' is not present
000229.631|log  |4|00|UtilLogC::uploadFifoLog: upload error. protocol 0 result = -1
000006.233|so   |*|00|---------- Initial log entry ----------
000006.233|so   |*|00|+++ Note that Updater log times are in GMT +++
000006.233|boot |*|00|Initial log entry. Current logging level 3
000006.233|copy |*|00|Initial log entry. Current logging level 3
000006.233|utilm|*|00|Initial log entry. Current logging level 4
000006.233|hw   |*|00|Initial log entry. Current logging level 4
000006.233|ethf |*|00|Initial log entry. Current logging level 4
000006.233|dns  |*|00|Initial log entry. Current logging level 3
000006.233|curl |*|00|Initial log entry. Current logging level 3
000006.233|sec  |*|00|Initial log entry. Current logging level 4
000006.243|wdog |*|00|Initial log entry. Current logging level 4
000006.243|lldp |*|00|Initial log entry. Current logging level 3
000006.243|cdp  |*|00|Initial log entry. Current logging level 3
000006.243|key  |*|00|Initial log entry. Current logging level 4
000006.370|hw   |6|00|TouchScreen: found lds700x_ts on /dev/event1, firmware version: 0x1c.
000006.371|so   |3|00|Platform: Model=VVX 500, Assembly=3111-44500-001 Rev=A Region=0
000006.371|so   |3|00|Platform: Board=3111-44500-001 7 0
000006.371|so   |3|00|Platform: MAC=0004f281ff30
000006.372|so   |3|00|Platform: BootBlock=3.0.3.0013 (44500-001) 07-Oct-11 08:34
000006.372|so   |*|00|Platform: BootL1=1.0.0.0018 (44500-001) 06-Oct-11 17:01
000006.372|so   |3|00|Application, main: Label=Updater, Version=Peridot 5.1.3.10644 05-Feb-13 17:24
000006.372|so   |3|00|Application, main: P/N=3150-11069-513
000006.372|log  |*|00|Install file upload callback for 'Updater'

000006.373|app1 |*|00|Initial log entry. Current logging level 3
000006.398|cfg  |*|00|Initial log entry. Current logging level 2
000007.234|so   |3|00|Link status is Net up Speed 1000 full Duplex, PC down.
000006.197|so   |*|00|---------- Initial log entry ----------
000006.197|so   |*|00|+++ Note that Updater log times are in GMT +++
000006.197|boot |*|00|Initial log entry. Current logging level 3
000006.197|copy |*|00|Initial log entry. Current logging level 3
000006.197|utilm|*|00|Initial log entry. Current logging level 4
000006.197|hw   |*|00|Initial log entry. Current logging level 4
000006.197|ethf |*|00|Initial log entry. Current logging level 4
000006.197|dns  |*|00|Initial log entry. Current logging level 3
000006.197|curl |*|00|Initial log entry. Current logging level 3
000006.197|sec  |*|00|Initial log entry. Current logging level 4
000006.207|wdog |*|00|Initial log entry. Current logging level 4
000006.207|lldp |*|00|Initial log entry. Current logging level 3
000006.207|cdp  |*|00|Initial log entry. Current logging level 3
000006.207|key  |*|00|Initial log entry. Current logging level 4
000006.340|hw   |6|00|TouchScreen: found lds700x_ts on /dev/event1, firmware version: 0x1c.
000006.341|so   |3|00|Platform: Model=VVX 500, Assembly=3111-44500-001 Rev=A Region=0
000006.341|so   |3|00|Platform: Board=3111-44500-001 7 0
000006.341|so   |3|00|Platform: MAC=0004f281ff30
000006.342|so   |3|00|Platform: BootBlock=3.0.3.0013 (44500-001) 07-Oct-11 08:34
000006.342|so   |*|00|Platform: BootL1=1.0.0.0018 (44500-001) 06-Oct-11 17:01
000006.342|so   |3|00|Application, main: Label=Updater, Version=Peridot 5.1.3.10644 05-Feb-13 17:24
000006.342|so   |3|00|Application, main: P/N=3150-11069-513
000006.342|log  |*|00|Install file upload callback for 'Updater'

000006.343|app1 |*|00|Initial log entry. Current logging level 3
000006.368|cfg  |*|00|Initial log entry. Current logging level 2
000006.379|dot1x|*|00|Initial log entry. Current logging level 3
000006.379|app1 |3|00|Starting provisioning because of the start type.
000006.512|tls  |*|00|Initial log entry. Current logging level 4
000007.197|so   |3|00|Link status is Net up Speed 1000 full Duplex, PC down.
000009.581|lldp |3|00|Enabling 802.1Q tagging, VLAN ID = 206 (from LLDP/CDP)
000009.581|lldp |5|00|VLAN Id has changed to 206.
000012.568|lldp |3|00|LLDP received a response from a switch. LLDP enabled.
000012.620|dhcpc|*|00|Initial log entry. Current logging level 4
000017.144|dns  |*|00|DNS resolver servers are '172.24.192.11' '172.24.192.12'
000017.144|dns  |*|00|DNS resolver search domain is 'hq.squareup.com'
000017.144|app1 |3|00|DNS resolver servers are '172.24.192.11' '172.24.192.12'
000017.144|app1 |3|00|DNS resolver search domain is 'hq.squareup.com'
000017.145|app1 |3|00|DHCP returned result 0x3AF from server 172.24.192.11.
000017.145|app1 |3|00|   Phone IP address is 172.24.32.176.
000017.145|app1 |3|00|   Subnet mask is 255.255.254.0.
000017.145|app1 |3|00|   Gateway address is 172.24.32.1.
000017.145|app1 |3|00|   Provisioning server address is tftp://74.122.187.80.
000017.145|app1 |3|00|   Time server is 192.168.18.193.
000017.145|app1 |3|00|   DNS server is 172.24.192.11.
000017.145|app1 |3|00|   DNS alternate server is 172.24.192.12.
000017.145|app1 |3|00|   DNS domain is hq.squareup.com.
0702000032|app1 |3|00|Time has been set from 192.168.18.193 (192.168.18.193).
0702000032|app1 |3|00|   1404259232: 2014-7-2, 0:0:32, DST off
0702000032|cfg  |*|00|Prov|Starting to update 
0702000032|dns  |3|00|DNS lookup for (A) 'downloads.polycom.com'(140.242.64.104) TTL=7156
0702000032|copy |3|00|'http://PlcmSpIp:****@downloads.polycom.com/voice/software/UC_Software_5_0_2D_release_sig_split/3111-44500-001.sip.ld' from 'downloads.polycom.com(140.242.64.104)'
0702000032|cfg  |3|00|New load header information:
0702000032|cfg  |3|00|Code length:         0x03B20AD4
0702000032|cfg  |3|00|Code Checksum:       0x3959BB29
0702000032|cfg  |3|00|Options:             0x00000080
0702000032|cfg  |3|00|Recognized container image
0702000032|cfg  |3|00|New load header information:
0702000032|cfg  |3|00|Code length:         0x0342C000
0702000032|cfg  |3|00|Code Checksum:       0xB617C9C4
0702000032|cfg  |3|00|Options:             0x00000002
0702000032|cfg  |3|00|Application header is different
0702000032|cfg  |3|00|Application in container image 1 is different
0702000032|cfg  |3|00|New load header information:
0702000032|cfg  |3|00|Code length:         0x006F4184
0702000032|cfg  |3|00|Code Checksum:       0x395918AA
0702000032|cfg  |3|00|Options:             0x00000010
0702000032|cfg  |3|00|Updater header is different
0702000032|cfg  |3|00|Updater in container image 2 is different
0702000032|cfg  |3|00|Using Updater
0702000042|cfg  |*|00|Prov|Updating the Updater
0702000042|cfg  |3|00|Using compatible image 0
0702000043|copy |3|00|Download of 'voice/software/UC_Software_5_0_2D_release_sig_split/3111-44500-001.sip.ld' succeeded on attempt 1 (addr 1 of 1)
0702000044|sig  |*|00|Initial log entry. Current logging level 3
0702000044|sig  |3|00|hwSigParseRemove: found key Sig_3.
0702000044|cfg  |3|00|Good image signature
0702000044|cfg  |4|00|Removing application...
0702000048|cfg  |3|00|Programming Updater from sector 64 to 319
0702000052|cfg  |3|00|Programming to sector 64 complete
0702000054|cfg  |*|00|Prov|Image has been changed
0702000054|copy |3|00|'tftp://74.122.187.80/0004f281ff30.cfg' from '74.122.187.80'
0702000054|copy |3|00|Download of '0004f281ff30.cfg' FAILED on attempt 1 (addr 1 of 1)
0702000054|copy |*|00|Server '74.122.187.80' said '0004f281ff30.cfg' is not present
0702000054|copy |3|00|Update of '/ffs0/newinit.mac' failed, leaving local copy intact
0702000054|copy |3|00|'tftp://74.122.187.80/000000000000.cfg' from '74.122.187.80'
0702000054|copy |3|00|Download of '000000000000.cfg' succeeded on attempt 1 (addr 1 of 1)
0702000054|cfg  |*|00|Prov|Provisioning needs to reboot to upgrade image(s)
000006.573|so   |*|00|---------- Initial log entry ----------
000006.573|so   |*|00|+++ Note that Updater log times are in GMT +++
000006.573|boot |*|00|Initial log entry. Current logging level 3
000006.573|copy |*|00|Initial log entry. Current logging level 3
000006.573|utilm|*|00|Initial log entry. Current logging level 4
000006.574|hw   |*|00|Initial log entry. Current logging level 4
000006.574|ethf |*|00|Initial log entry. Current logging level 4
000006.574|dns  |*|00|Initial log entry. Current logging level 3
000006.574|curl |*|00|Initial log entry. Current logging level 3
000006.574|sec  |*|00|Initial log entry. Current logging level 4
000006.583|wdog |*|00|Initial log entry. Current logging level 4
000006.583|lldp |*|00|Initial log entry. Current logging level 3
000006.583|cdp  |*|00|Initial log entry. Current logging level 3
000006.583|key  |*|00|Initial log entry. Current logging level 4
000006.710|hw   |6|00|TouchScreen: found lds700x_ts on /dev/event1, firmware version: 0x1c.0
000006.711|so   |3|00|Platform: Model=VVX 500, Assembly=3111-44500-001 Rev=A Region=0
000006.711|so   |3|00|Platform: Board=3111-44500-001 7 0
000006.711|so   |3|00|Platform: MAC=0004f281ff30
000006.712|so   |3|00|Platform: BootBlock=3.0.3.0013 (44500-001) 07-Oct-11 08:34
000006.712|so   |*|00|Platform: BootL1=1.0.0.0018 (44500-001) 06-Oct-11 17:01
000006.712|so   |3|00|Application, main: Label=Updater, Version=Hornblende 5.2.2.2723 18-Apr-14 19:52
000006.712|so   |3|00|Application, main: P/N=3150-11069-522
000006.712|log  |*|00|Install file upload callback for 'Updater'

000006.713|app1 |*|00|Initial log entry. Current logging level 3
000006.738|cfg  |*|00|Initial log entry. Current logging level 2
000006.748|dot1x|*|00|Initial log entry. Current logging level 3
000006.748|app1 |3|00|Starting provisioning because of the start type.
000006.884|tls  |*|00|Initial log entry. Current logging level 4
000007.578|so   |3|00|Link status is Net up Speed 1000 full Duplex, PC down.
000009.968|lldp |3|00|Enabling 802.1Q tagging, VLAN ID = 206 (from LLDP/CDP)
000009.968|lldp |5|00|VLAN Id has changed to 206.
000012.955|lldp |3|00|LLDP received a response from a switch. LLDP enabled.
000013.099|dhcpc|*|00|Initial log entry. Current logging level 2
000013.100|dhcpc|3|00|dhcAddIf v4 succeeds: eth0.206.
000013.104|dhcpc|3|00|dhcRebind v4: Will wait until sync rebind completes.
000013.624|dhcpc|3|00|relLease(0) v4: Succeeded to fork dhclient to terminate.
000014.213|dhcpc|3|00|dhcListener: Read succeeds: eth0.206 state: PREINIT
.
000015.430|dhcpc|3|00|dhcListener: Read succeeds: eth0.206 ip: 172.24.32.176
.
000015.431|dhcpc|3|00|dhcListener: Read succeeds: eth0.206 option: subnet-mask 255.255.254.0
.
000015.432|dhcpc|3|00|dhcListener: Read succeeds: eth0.206 option: routers 172.24.32.1
.
000015.433|dhcpc|3|00|dhcListener: Read succeeds: eth0.206 option: domain-name-servers 172.24.192.11 172.24.192.12
.
000015.433|dhcpc|3|00|dhcListener: Read succeeds: eth0.206 option: domain-name hq.squareup.com
.
000015.434|dhcpc|3|00|dhcListener: Read succeeds: eth0.206 option: dhcp-lease-time 43200
.
000015.435|dhcpc|3|00|dhcListener: Read succeeds: eth0.206 option: tftp-server-name 74.122.187.80
.
000015.436|dhcpc|3|00|dhcListener: Read succeeds: eth0.206 option: dhcp-server-identifier 172.24.192.12
.
000015.437|dhcpc|3|00|dhcListener: Read succeeds: eth0.206 option: ntp-servers 192.168.18.193
.
000015.439|dhcpc|3|00|dhcListener: Read succeeds: eth0.206 option: broadcast-address 172.24.33.255
.
000015.442|dhcpc|3|00|dhcListener: Read succeeds: eth0.206 option: dhcp-lease-time 43200
.
000015.443|dhcpc|3|00|dhcListener: Read succeeds: eth0.206 option: dhcp-message-type 5
.
000015.454|dhcpc|3|00|dhcListener: Read succeeds: eth0.206 option: o-160 tftp://74.122.187.80
.
000015.465|dhcpc|3|00|dhcListener: Read succeeds: eth0.206 state: BOUND
.
000015.465|dhcpc|3|00|dhcRebind v4: Sync rebind succeeds.
000015.466|dhcpc|3|00|Program eth0.206 to use subnet mask 255.255.254.0, result 0.
000015.466|dhcpc|3|00|Program eth0.206 to use ip address 172.24.32.176, result 0.
000015.467|dhcpc|3|00|Program eth0.206 to use router 172.24.32.1, result 0.
000015.479|dhcpc|3|00|getLease v4: Succeeded to fork dhclient.
000016.473|ares |*|00|Initial log entry. Current logging level 3
000016.474|dns  |*|00|DNS resolver servers are '172.24.192.11' '172.24.192.12'
000016.474|dns  |*|00|DNS resolver search domain is 'hq.squareup.com'
000016.474|app1 |3|00|DNS resolver servers are '172.24.192.11' '172.24.192.12'
000016.474|app1 |3|00|DNS resolver search domain is 'hq.squareup.com'
000016.475|app1 |3|00|DHCP returned result 0x3AF from server 172.24.192.12.
000016.475|app1 |3|00|   Phone IPv4 address is 172.24.32.176.
000016.476|app1 |3|00|   Subnet mask is 255.255.254.0.
000016.476|app1 |3|00|   Gateway address is 172.24.32.1.
000016.476|app1 |3|00|   Provisioning server address is tftp://74.122.187.80.
000016.476|app1 |3|00|   Time server is 192.168.18.193.
000016.476|app1 |3|00|   DNS server is 172.24.192.11
000016.476|app1 |3|00|   DNS alternate server is 172.24.192.12.
000016.476|app1 |3|00|   DNS domain is hq.squareup.com.
0702000120|app1 |3|00|Time has been set from 192.168.18.193 (192.168.18.193).
0702000120|app1 |3|00|   1404259280: 2014-7-2, 0:1:20, DST off
0702000120|cfg  |*|00|Prov|Starting to update 
0702000120|copy |3|00|'http://PlcmSpIp:****@downloads.polycom.com/voice/software/UC_Software_5_0_2D_release_sig_split/3111-44500-001.sip.ld' from 'downloads.polycom.com(140.242.64.104)'
0702000120|cfg  |3|00|New load header information:
0702000120|cfg  |3|00|Code length:         0x03B20AD4
0702000120|cfg  |3|00|Code Checksum:       0x3959BB29
0702000120|cfg  |3|00|Options:             0x00000080
0702000120|cfg  |3|00|Recognized container image
0702000120|cfg  |3|00|New load header information:
0702000120|cfg  |3|00|Code length:         0x0342C000
0702000120|cfg  |3|00|Code Checksum:       0xB617C9C4
0702000120|cfg  |3|00|Options:             0x00000002
0702000120|cfg  |3|00|Could not open application file for checking
0702000120|cfg  |3|00|Application in container image 1 is different
0702000120|cfg  |3|00|New load header information:
0702000120|cfg  |3|00|Code length:         0x006F4184
0702000120|cfg  |3|00|Code Checksum:       0x395918AA
0702000120|cfg  |3|00|Options:             0x00000010
0702000120|cfg  |3|00|Updater is already present
0702000120|cfg  |3|00|Updater in container image 2 is not different
0702000120|cfg  |3|00|Using application
0702000120|cfg  |*|00|Prov|Updating the Application
0702000120|cfg  |3|00|Using compatible image 0
0702000130|copy |3|00|buffered_write: transfer terminated
0702000130|copy |3|00|Download of 'voice/software/UC_Software_5_0_2D_release_sig_split/3111-44500-001.sip.ld' succeeded on attempt 1 (addr 1 of 1)
0702000131|sig  |*|00|Initial log entry. Current logging level 3
0702000131|sig  |3|00|hwSigParseRemove: found key Sig_3.
0702000134|cfg  |3|00|Good image signature
0702000135|cfg  |3|00|Programming 54706768 bytes into tffs in 4K blocks
0702000138|cfg  |3|00|Extracting application files
0702000138|cfg  |3|00|New load header information:
0702000138|cfg  |3|00|Code length:         0x0342C000
0702000138|cfg  |3|00|Code Checksum:       0xB617C9C4
0702000138|cfg  |3|00|Options:             0x00000002
0702000241|cfg  |3|00|Finished extracting application files (OK)
0702000254|cfg  |3|00|File system is synchronized
0702000255|cfg  |*|00|Prov|Succeeded updating file http://downloads.polycom.com/voice/software/UC_Software_5_0_2D_release_sig_split/3111-44500-001.sip.ld
0702000255|cfg  |*|00|Prov|Image has been changed
0702000255|copy |3|00|'tftp://74.122.187.80/0004f281ff30.cfg' from '74.122.187.80'
0702000255|copy |3|00|Download of '0004f281ff30.cfg' FAILED on attempt 1 (addr 1 of 1)
0702000255|copy |*|00|Server '74.122.187.80' said '0004f281ff30.cfg' is not present
0702000255|copy |3|00|Update of '/ffs0/newinit.mac' failed, leaving local copy intact
0702000255|copy |3|00|'tftp://74.122.187.80/000000000000.cfg' from '74.122.187.80'
0702000255|copy |3|00|Download of '000000000000.cfg' succeeded on attempt 1 (addr 1 of 1)
0702000255|cfg  |3|00|Prov|Provisioning succeeded
0702000255|app1 |3|00|Application, load: Type=SIP, Version=5.0.2.2756 18-Apr-14 19:59
0702000255|cfg  |*|00|Prov|Finished updating configuration
0702000255|boot |*|00|Using TFFS for flash load
0702000255|boot |*|00|Code length:         0x0342C000
0702000255|boot |*|00|Code checksum:       0xB617C9C4
0702000255|app1 |4|00|Loaded application 3111-44500-001.sip.ld from local system successfully.
0702000255|app1 |6|00|Uploading boot log, time is Wed Jul  2 00:02:55 2014

0702000255|copy |3|00|'tftp://74.122.187.80/0004f281ff30-boot.log' to '74.122.187.80'
0702000255|copy |3|00|Upload of '0004f281ff30-boot.log' FAILED on attempt 1 (addr 1 of 1)
0702000255|copy |3|00|transport res: 71 respCode 0. transport error: TFTP: Illegal operation. transport error buffer: TFTP: Illegal operation.
0702000255|log  |4|00|UtilLogC::uploadFifoLog: upload error. protocol 0 result = -1
0702000256|dhcpc|3|00|relLease(0) v4: Succeeded to fork dhclient to terminate.
0702000307|cfg  |3|00|Prov|Shutting down
000006.379|so   |*|00|---------- Initial log entry ----------
000006.379|so   |*|00|+++ Note that Updater log times are in GMT +++
000006.379|boot |*|00|Initial log entry. Current logging level 3
000006.379|copy |*|00|Initial log entry. Current logging level 3
000006.379|utilm|*|00|Initial log entry. Current logging level 4
000006.379|hw   |*|00|Initial log entry. Current logging level 4
000006.379|ethf |*|00|Initial log entry. Current logging level 4
000006.379|dns  |*|00|Initial log entry. Current logging level 3
000006.379|curl |*|00|Initial log entry. Current logging level 3
000006.379|sec  |*|00|Initial log entry. Current logging level 4
000006.389|wdog |*|00|Initial log entry. Current logging level 4
000006.389|lldp |*|00|Initial log entry. Current logging level 3
000006.389|cdp  |*|00|Initial log entry. Current logging level 3
000006.390|key  |*|00|Initial log entry. Current logging level 4
000006.510|hw   |6|00|TouchScreen: found lds700x_ts on /dev/event1, firmware version: 0x1c.0
000006.511|so   |3|00|Platform: Model=VVX 500, Assembly=3111-44500-001 Rev=A Region=0
000006.511|so   |3|00|Platform: Board=3111-44500-001 7 0
000006.511|so   |3|00|Platform: MAC=0004f281ff30
000006.512|so   |3|00|Platform: BootBlock=3.0.3.0013 (44500-001) 07-Oct-11 08:34
000006.512|so   |*|00|Platform: BootL1=1.0.0.0018 (44500-001) 06-Oct-11 17:01
000006.512|so   |3|00|Application, main: Label=Updater, Version=Hornblende 5.2.2.2723 18-Apr-14 19:52
000006.512|so   |3|00|Application, main: P/N=3150-11069-522
000006.512|log  |*|00|Install file upload callback for 'Updater'

000006.513|app1 |*|00|Initial log entry. Current logging level 3
000006.538|cfg  |*|00|Initial log entry. Current logging level 2
000007.379|so   |3|00|Link status is Net up Speed 1000 full Duplex, PC down.
000006.383|so   |*|00|---------- Initial log entry ----------
000006.383|so   |*|00|+++ Note that Updater log times are in GMT +++
000006.383|boot |*|00|Initial log entry. Current logging level 3
000006.383|copy |*|00|Initial log entry. Current logging level 3
000006.383|utilm|*|00|Initial log entry. Current logging level 4
000006.383|hw   |*|00|Initial log entry. Current logging level 4
000006.384|ethf |*|00|Initial log entry. Current logging level 4
000006.384|dns  |*|00|Initial log entry. Current logging level 3
000006.384|curl |*|00|Initial log entry. Current logging level 3
000006.384|sec  |*|00|Initial log entry. Current logging level 4
000006.392|wdog |*|00|Initial log entry. Current logging level 4
000006.392|lldp |*|00|Initial log entry. Current logging level 3
000006.392|cdp  |*|00|Initial log entry. Current logging level 3
000006.392|key  |*|00|Initial log entry. Current logging level 4
000006.530|hw   |6|00|TouchScreen: found lds700x_ts on /dev/event1, firmware version: 0x1c.0
000006.531|so   |3|00|Platform: Model=VVX 500, Assembly=3111-44500-001 Rev=A Region=0
000006.531|so   |3|00|Platform: Board=3111-44500-001 7 0
000006.531|so   |3|00|Platform: MAC=0004f281ff30
000006.532|so   |3|00|Platform: BootBlock=3.0.3.0013 (44500-001) 07-Oct-11 08:34
000006.532|so   |*|00|Platform: BootL1=1.0.0.0018 (44500-001) 06-Oct-11 17:01
000006.532|so   |3|00|Application, main: Label=Updater, Version=Hornblende 5.2.2.2723 18-Apr-14 19:52
000006.532|so   |3|00|Application, main: P/N=3150-11069-522
000006.532|log  |*|00|Install file upload callback for 'Updater'

000006.533|app1 |*|00|Initial log entry. Current logging level 3
000006.558|cfg  |*|00|Initial log entry. Current logging level 2
000007.388|so   |3|00|Link status is Net up Speed 1000 full Duplex, PC down.
000006.429|so   |*|00|---------- Initial log entry ----------
000006.429|so   |*|00|+++ Note that Updater log times are in GMT +++
000006.429|boot |*|00|Initial log entry. Current logging level 3
000006.429|copy |*|00|Initial log entry. Current logging level 3
000006.429|utilm|*|00|Initial log entry. Current logging level 4
000006.429|hw   |*|00|Initial log entry. Current logging level 4
000006.429|ethf |*|00|Initial log entry. Current logging level 4
000006.429|dns  |*|00|Initial log entry. Current logging level 3
000006.429|curl |*|00|Initial log entry. Current logging level 3
000006.429|sec  |*|00|Initial log entry. Current logging level 4
000006.438|wdog |*|00|Initial log entry. Current logging level 4
000006.439|lldp |*|00|Initial log entry. Current logging level 3
000006.439|cdp  |*|00|Initial log entry. Current logging level 3
000006.439|key  |*|00|Initial log entry. Current logging level 4
000006.570|hw   |6|00|TouchScreen: found lds700x_ts on /dev/event1, firmware version: 0x1c.0
000006.571|so   |3|00|Platform: Model=VVX 500, Assembly=3111-44500-001 Rev=A Region=0
000006.571|so   |3|00|Platform: Board=3111-44500-001 7 0
000006.571|so   |3|00|Platform: MAC=0004f281ff30
000006.572|so   |3|00|Platform: BootBlock=3.0.3.0013 (44500-001) 07-Oct-11 08:34
000006.572|so   |*|00|Platform: BootL1=1.0.0.0018 (44500-001) 06-Oct-11 17:01
000006.572|so   |3|00|Application, main: Label=Updater, Version=Hornblende 5.2.2.2723 18-Apr-14 19:52
000006.572|so   |3|00|Application, main: P/N=3150-11069-522
000006.572|log  |*|00|Install file upload callback for 'Updater'

000006.573|app1 |*|00|Initial log entry. Current logging level 3
000006.598|cfg  |*|00|Initial log entry. Current logging level 2
000007.432|so   |3|00|Link status is Net up Speed 1000 full Duplex, PC down.
000006.470|so   |*|00|---------- Initial log entry ----------
000006.470|so   |*|00|+++ Note that Updater log times are in GMT +++
000006.470|boot |*|00|Initial log entry. Current logging level 3
000006.470|copy |*|00|Initial log entry. Current logging level 3
000006.470|utilm|*|00|Initial log entry. Current logging level 4
000006.470|hw   |*|00|Initial log entry. Current logging level 4
000006.470|ethf |*|00|Initial log entry. Current logging level 4
000006.470|dns  |*|00|Initial log entry. Current logging level 3
000006.470|curl |*|00|Initial log entry. Current logging level 3
000006.470|sec  |*|00|Initial log entry. Current logging level 4
000006.480|wdog |*|00|Initial log entry. Current logging level 4
000006.480|lldp |*|00|Initial log entry. Current logging level 3
000006.480|cdp  |*|00|Initial log entry. Current logging level 3
000006.480|key  |*|00|Initial log entry. Current logging level 4
000006.600|hw   |6|00|TouchScreen: found lds700x_ts on /dev/event1, firmware version: 0x1c.0
000006.601|so   |3|00|Platform: Model=VVX 500, Assembly=3111-44500-001 Rev=A Region=0
000006.601|so   |3|00|Platform: Board=3111-44500-001 7 0
000006.601|so   |3|00|Platform: MAC=0004f281ff30
000006.601|so   |3|00|Platform: BootBlock=3.0.3.0013 (44500-001) 07-Oct-11 08:34
000006.602|so   |*|00|Platform: BootL1=1.0.0.0018 (44500-001) 06-Oct-11 17:01
000006.602|so   |3|00|Application, main: Label=Updater, Version=Hornblende 5.2.2.2723 18-Apr-14 19:52
000006.602|so   |3|00|Application, main: P/N=3150-11069-522
000006.602|log  |*|00|Install file upload callback for 'Updater'

000006.603|app1 |*|00|Initial log entry. Current logging level 3
000006.628|cfg  |*|00|Initial log entry. Current logging level 2
000007.475|so   |3|00|Link status is Net down, PC down.
000006.426|so   |*|00|---------- Initial log entry ----------
000006.426|so   |*|00|+++ Note that Updater log times are in GMT +++
000006.426|boot |*|00|Initial log entry. Current logging level 3
000006.426|copy |*|00|Initial log entry. Current logging level 3
000006.426|utilm|*|00|Initial log entry. Current logging level 4
000006.426|hw   |*|00|Initial log entry. Current logging level 4
000006.426|ethf |*|00|Initial log entry. Current logging level 4
000006.426|dns  |*|00|Initial log entry. Current logging level 3
000006.426|curl |*|00|Initial log entry. Current logging level 3
000006.426|sec  |*|00|Initial log entry. Current logging level 4
000006.436|wdog |*|00|Initial log entry. Current logging level 4
000006.436|lldp |*|00|Initial log entry. Current logging level 3
000006.436|cdp  |*|00|Initial log entry. Current logging level 3
000006.436|key  |*|00|Initial log entry. Current logging level 4
000006.560|hw   |6|00|TouchScreen: found lds700x_ts on /dev/event1, firmware version: 0x1c.0
000006.561|so   |3|00|Platform: Model=VVX 500, Assembly=3111-44500-001 Rev=A Region=0
000006.561|so   |3|00|Platform: Board=3111-44500-001 7 0
000006.561|so   |3|00|Platform: MAC=0004f281ff30
000006.562|so   |3|00|Platform: BootBlock=3.0.3.0013 (44500-001) 07-Oct-11 08:34
000006.562|so   |*|00|Platform: BootL1=1.0.0.0018 (44500-001) 06-Oct-11 17:01
000006.562|so   |3|00|Application, main: Label=Updater, Version=Hornblende 5.2.2.2723 18-Apr-14 19:52
000006.562|so   |3|00|Application, main: P/N=3150-11069-522
000006.562|log  |*|00|Install file upload callback for 'Updater'

000006.563|app1 |*|00|Initial log entry. Current logging level 3
000006.588|cfg  |*|00|Initial log entry. Current logging level 2
000007.431|so   |3|00|Link status is Net up Speed 1000 full Duplex, PC down.
000006.430|so   |*|00|---------- Initial log entry ----------
000006.430|so   |*|00|+++ Note that Updater log times are in GMT +++
000006.430|boot |*|00|Initial log entry. Current logging level 3
000006.430|copy |*|00|Initial log entry. Current logging level 3
000006.431|utilm|*|00|Initial log entry. Current logging level 4
000006.431|hw   |*|00|Initial log entry. Current logging level 4
000006.431|ethf |*|00|Initial log entry. Current logging level 4
000006.431|dns  |*|00|Initial log entry. Current logging level 3
000006.431|curl |*|00|Initial log entry. Current logging level 3
000006.431|sec  |*|00|Initial log entry. Current logging level 4
000006.440|wdog |*|00|Initial log entry. Current logging level 4
000006.440|lldp |*|00|Initial log entry. Current logging level 3
000006.440|cdp  |*|00|Initial log entry. Current logging level 3
000006.440|key  |*|00|Initial log entry. Current logging level 4
000006.560|hw   |6|00|TouchScreen: found lds700x_ts on /dev/event1, firmware version: 0x1c.0
000006.561|so   |3|00|Platform: Model=VVX 500, Assembly=3111-44500-001 Rev=A Region=0
000006.561|so   |3|00|Platform: Board=3111-44500-001 7 0
000006.561|so   |3|00|Platform: MAC=0004f281ff30
000006.561|so   |3|00|Platform: BootBlock=3.0.3.0013 (44500-001) 07-Oct-11 08:34
000006.562|so   |*|00|Platform: BootL1=1.0.0.0018 (44500-001) 06-Oct-11 17:01
000006.562|so   |3|00|Application, main: Label=Updater, Version=Hornblende 5.2.2.2723 18-Apr-14 19:52
000006.562|so   |3|00|Application, main: P/N=3150-11069-522
000006.562|log  |*|00|Install file upload callback for 'Updater'

000006.563|app1 |*|00|Initial log entry. Current logging level 3
000006.588|cfg  |*|00|Initial log entry. Current logging level 2
000007.434|so   |3|00|Link status is Net down, PC down.
