000000.410|so   |3|00|Application, main: P/N=3150-11069-440
000000.410|app1 |*|00|Initial log entry. Current logging level 3
000000.555|cfg  |*|00|Initial log entry. Current logging level 2
000000.625|cfg  |3|00|Current BootBlock revision is '3.0.2 (30900-001).0024'
000000.625|cfg  |*|00|Prov|Updating BootBlock
000000.625|cfg  |3|00|Checking pre-compiled image 3111-30900-001.bootblock.ld
000000.625|cfg  |3|00|New load header information:
000000.625|cfg  |3|00|Code length:         0x0000F119
000000.625|cfg  |3|00|Header check Sum:    0x0066D5C9
000000.625|cfg  |3|00|Code check Sum:      0x0065E284
000000.625|cfg  |3|00|Options:             0x00000020
000000.625|cfg  |3|00|Recognized compatible bootBlock
000000.635|cfg  |3|00|BootBlock is already present
000000.635|cfg  |3|00|Image is already up to date
000000.635|app1 |*|00|BootBlock is already up to date.
000001.395|so   |3|00|Link status is Net up Speed 100 full Duplex.
000012.205|lldp |3|00|LLDP did not receive a response from a switch. Disabling LLDP.
000018.185|cdp  |3|00|CDP did not receive a response from a switch. Disabling CDP.
000028.695|app1 |3|00|DNS resolver server is '10.2.0.1'
000028.695|app1 |3|00|DNS resolver search domain is 'lan'
000028.750|app1 |3|00|Bootline: esw(3,0)bootHost:flash e=10.2.0.162:ffffff00:15180:1b h=74.114.208.245 g=10.2.0.1 u=**** pw=**** f=0x40 tn=CircaIP
000028.750|app1 |4|00|Could not load time from  (0.0.0.0).
000028.750|app1 |3|00|DHCP returned result 0x287 from server 10.2.0.1.
000028.750|app1 |3|00|   Phone IP address is 10.2.0.162.
000028.750|app1 |3|00|   Subnet mask is 255.255.255.0.
000028.750|app1 |3|00|   Gateway address is 10.2.0.1.
000028.750|app1 |3|00|   DNS server is 10.2.0.1.
000028.750|app1 |3|00|   DNS domain is lan.
000029.090|dns  |3|00|DNS lookup for 'p.voxter.com'(74.114.208.245) TTL=14007
000029.090|copy |3|00|'http://PlcmSpIp:****@p.voxter.com/0004f2f33782.cfg' from 'p.voxter.com(74.114.208.245)'
000034.820|copy |3|00|Download of '0004f2f33782.cfg' succeeded on attempt 1 (addr 1 of 1)
000034.820|copy |3|00|File /ffs0/init.mac is up to date
000034.835|copy |3|00|'http://PlcmSpIp:****@p.voxter.com/000000000000.cfg' from 'p.voxter.com(74.114.208.245)'
000040.730|copy |3|00|Download of '000000000000.cfg' succeeded on attempt 1 (addr 1 of 1)
000040.800|cfg  |*|00|Prov|Starting to update 3111-30900-001.sip.ld
000040.915|copy |3|00|'http://PlcmSpIp:****@p.voxter.com/3111-30900-001.sip.ld' from 'p.voxter.com(74.114.208.245)'
000046.835|copy |3|00|Download of '3111-30900-001.sip.ld' succeeded on attempt 1 (addr 1 of 1)
000046.835|cfg  |3|00|Could not get all 512 bytes of the header
000046.940|app1 |4|00|Error downloading 3111-30900-001.sip.ld
000046.970|cfg  |*|00|Prov|Starting to update sip.ld
000047.065|copy |3|00|'http://PlcmSpIp:****@p.voxter.com/sip.ld' from 'p.voxter.com(74.114.208.245)'
000052.820|copy |3|00|Download of 'sip.ld' succeeded on attempt 1 (addr 1 of 1)
000052.825|cfg  |3|00|Could not get all 512 bytes of the header
000052.915|app1 |4|00|Error downloading sip.ld
000052.925|cfg  |4|00|Prov|Provisioning failed
000053.025|app1 |6|00|Error application is not present.
000053.025|app1 |6|00|Uploading boot log, time is MON JAN 01 00:00:52 2007

000053.280|copy |3|00|'http://PlcmSpIp:****@p.voxter.com/logs/0004f2f33782-boot.log' to 'p.voxter.com(74.114.208.245)'
000053.485|copy |3|00|Upload of 'logs/0004f2f33782-boot.log' succeeded on attempt 1 (addr 1 of 1)
000058.485|app1 |3|00|Event: Multiple Key Combo 1
000058.485|app1 |6|00|Manual Reboot
000101.400|wdog |4|00|Task 95e3ed70 is suspended
000102.400|wdog |*|00|Watchdog Expired: tApp1
000000.230|so   |*|00|---------- Initial log entry ----------
000000.230|so   |*|00|+++ Note that bootrom log times are in GMT +++
000000.230|copy |*|00|Initial log entry. Current logging level 3
000000.230|utilm|*|00|Initial log entry. Current logging level 4
000000.230|hw   |*|00|Initial log entry. Current logging level 4
000000.230|ethf |*|00|Initial log entry. Current logging level 4
000000.230|dns  |*|00|Initial log entry. Current logging level 3
000000.230|curl |*|00|Initial log entry. Current logging level 3
000000.230|sec  |*|00|Initial log entry. Current logging level 4
000000.390|wdog |*|00|Initial log entry. Current logging level 4
000000.390|lldp |*|00|Initial log entry. Current logging level 3
000000.390|lldp |3|00|LLDP is DISABLED.
000000.390|cdp  |*|00|Initial log entry. Current logging level 3
000000.390|cdp  |3|00|CDP is DISABLED.
000000.390|key  |*|00|Initial log entry. Current logging level 4
000000.400|so   |3|00|Platform: Model=SoundStation IP 5000, Assembly=3111-30900-001 Rev=G Region=0
000000.400|so   |3|00|Platform: Board=3111-30900-001 1 0
000000.400|so   |3|00|Platform: MAC=0004f2f33782, IP=Resolving, Subnet Mask=Resolving
000000.400|so   |3|00|Platform: BootBlock=3.0.2.0024 (30900-001) 30-Nov-10 15:06
000000.400|so   |3|00|Application, main: Label=BOOT, Version=Muscovite 4.4.0.0080 26-Jul-11 13:56
000000.400|so   |3|00|Application, main: P/N=3150-11069-440
000000.400|app1 |*|00|Initial log entry. Current logging level 3
000000.545|cfg  |*|00|Initial log entry. Current logging level 2
000000.615|cfg  |3|00|Current BootBlock revision is '3.0.2 (30900-001).0024'
000000.615|cfg  |*|00|Prov|Updating BootBlock
000000.615|cfg  |3|00|Checking pre-compiled image 3111-30900-001.bootblock.ld
000000.615|cfg  |3|00|New load header information:
000000.615|cfg  |3|00|Code length:         0x0000F119
000000.615|cfg  |3|00|Header check Sum:    0x0066D5C9
000000.615|cfg  |3|00|Code check Sum:      0x0065E284
000000.615|cfg  |3|00|Options:             0x00000020
000000.615|cfg  |3|00|Recognized compatible bootBlock
000000.630|cfg  |3|00|BootBlock is already present
000000.630|cfg  |3|00|Image is already up to date
000000.630|app1 |*|00|BootBlock is already up to date.
000001.385|so   |3|00|Link status is Net up Speed 100 full Duplex.
000012.205|lldp |3|00|LLDP did not receive a response from a switch. Disabling LLDP.
000018.185|cdp  |3|00|CDP did not receive a response from a switch. Disabling CDP.
000028.695|app1 |3|00|DNS resolver server is '10.2.0.1'
000028.695|app1 |3|00|DNS resolver search domain is 'lan'
000028.745|app1 |3|00|Bootline: esw(3,0)bootHost:flash e=10.2.0.162:ffffff00:15180:1b h=74.114.208.245 g=10.2.0.1 u=**** pw=**** f=0x40 tn=CircaIP
000028.745|app1 |4|00|Could not load time from  (0.0.0.0).
000028.745|app1 |3|00|DHCP returned result 0x287 from server 10.2.0.1.
000028.745|app1 |3|00|   Phone IP address is 10.2.0.162.
000028.750|app1 |3|00|   Subnet mask is 255.255.255.0.
000028.750|app1 |3|00|   Gateway address is 10.2.0.1.
000028.750|app1 |3|00|   DNS server is 10.2.0.1.
000028.750|app1 |3|00|   DNS domain is lan.
000029.085|dns  |3|00|DNS lookup for 'p.voxter.com'(74.114.208.245) TTL=14517
000029.085|copy |3|00|'http://PlcmSpIp:****@p.voxter.com/0004f2f33782.cfg' from 'p.voxter.com(74.114.208.245)'
000034.825|copy |3|00|Download of '0004f2f33782.cfg' succeeded on attempt 1 (addr 1 of 1)
000034.825|copy |3|00|File /ffs0/init.mac is up to date
000034.835|copy |3|00|'http://PlcmSpIp:****@p.voxter.com/000000000000.cfg' from 'p.voxter.com(74.114.208.245)'
000040.730|copy |3|00|Download of '000000000000.cfg' succeeded on attempt 1 (addr 1 of 1)
000040.805|cfg  |*|00|Prov|Starting to update 3111-30900-001.sip.ld
000040.920|copy |3|00|'http://PlcmSpIp:****@p.voxter.com/3111-30900-001.sip.ld' from 'p.voxter.com(74.114.208.245)'
000046.820|copy |3|00|Download of '3111-30900-001.sip.ld' succeeded on attempt 1 (addr 1 of 1)
000046.825|cfg  |3|00|Could not get all 512 bytes of the header
000046.930|app1 |4|00|Error downloading 3111-30900-001.sip.ld
000046.935|cfg  |*|00|Prov|Starting to update sip.ld
000047.040|copy |3|00|'http://PlcmSpIp:****@p.voxter.com/sip.ld' from 'p.voxter.com(74.114.208.245)'
000052.820|copy |3|00|Download of 'sip.ld' succeeded on attempt 1 (addr 1 of 1)
000052.825|cfg  |3|00|Could not get all 512 bytes of the header
000052.915|app1 |4|00|Error downloading sip.ld
000052.925|cfg  |4|00|Prov|Provisioning failed
000053.025|app1 |6|00|Error application is not present.
000053.025|app1 |6|00|Uploading boot log, time is MON JAN 01 00:00:52 2007

000053.275|copy |3|00|'http://PlcmSpIp:****@p.voxter.com/logs/0004f2f33782-boot.log' to 'p.voxter.com(74.114.208.245)'
000059.435|copy |3|00|Upload of 'logs/0004f2f33782-boot.log' succeeded on attempt 1 (addr 1 of 1)
000104.440|app1 |3|00|Event: Multiple Key Combo 1
000104.440|app1 |6|00|Manual Reboot
000108.390|wdog |*|00|Watchdog Expired: tApp1
000000.235|so   |*|00|---------- Initial log entry ----------
000000.235|so   |*|00|+++ Note that bootrom log times are in GMT +++
000000.235|copy |*|00|Initial log entry. Current logging level 3
000000.235|utilm|*|00|Initial log entry. Current logging level 4
000000.235|hw   |*|00|Initial log entry. Current logging level 4
000000.235|ethf |*|00|Initial log entry. Current logging level 4
000000.235|dns  |*|00|Initial log entry. Current logging level 3
000000.235|curl |*|00|Initial log entry. Current logging level 3
000000.235|sec  |*|00|Initial log entry. Current logging level 4
000000.395|wdog |*|00|Initial log entry. Current logging level 4
000000.395|lldp |*|00|Initial log entry. Current logging level 3
000000.395|lldp |3|00|LLDP is DISABLED.
000000.395|cdp  |*|00|Initial log entry. Current logging level 3
000000.395|cdp  |3|00|CDP is DISABLED.
000000.395|key  |*|00|Initial log entry. Current logging level 4
000000.405|so   |3|00|Platform: Model=SoundStation IP 5000, Assembly=3111-30900-001 Rev=G Region=0
000000.405|so   |3|00|Platform: Board=3111-30900-001 1 0
000000.405|so   |3|00|Platform: MAC=0004f2f33782, IP=Resolving, Subnet Mask=Resolving
000000.405|so   |3|00|Platform: BootBlock=3.0.2.0024 (30900-001) 30-Nov-10 15:06
000000.405|so   |3|00|Application, main: Label=BOOT, Version=Muscovite 4.4.0.0080 26-Jul-11 13:56
000000.405|so   |3|00|Application, main: P/N=3150-11069-440
000000.405|app1 |*|00|Initial log entry. Current logging level 3
000000.550|cfg  |*|00|Initial log entry. Current logging level 2
000000.620|cfg  |3|00|Current BootBlock revision is '3.0.2 (30900-001).0024'
000000.620|cfg  |*|00|Prov|Updating BootBlock
000000.620|cfg  |3|00|Checking pre-compiled image 3111-30900-001.bootblock.ld
000000.620|cfg  |3|00|New load header information:
000000.620|cfg  |3|00|Code length:         0x0000F119
000000.620|cfg  |3|00|Header check Sum:    0x0066D5C9
000000.620|cfg  |3|00|Code check Sum:      0x0065E284
000000.620|cfg  |3|00|Options:             0x00000020
000000.620|cfg  |3|00|Recognized compatible bootBlock
000000.635|cfg  |3|00|BootBlock is already present
000000.635|cfg  |3|00|Image is already up to date
000000.635|app1 |*|00|BootBlock is already up to date.
000001.390|so   |3|00|Link status is Net up Speed 100 full Duplex.
000012.205|lldp |3|00|LLDP did not receive a response from a switch. Disabling LLDP.
000018.185|cdp  |3|00|CDP did not receive a response from a switch. Disabling CDP.
000028.695|app1 |3|00|DNS resolver server is '10.2.0.1'
000028.695|app1 |3|00|DNS resolver search domain is 'lan'
000028.745|app1 |3|00|Bootline: esw(3,0)bootHost:flash e=10.2.0.162:ffffff00:15180:1b h=74.114.208.245 g=10.2.0.1 u=**** pw=**** f=0x40 tn=CircaIP
000028.745|app1 |4|00|Could not load time from  (0.0.0.0).
000028.745|app1 |3|00|DHCP returned result 0x287 from server 10.2.0.1.
000028.745|app1 |3|00|   Phone IP address is 10.2.0.162.
000028.745|app1 |3|00|   Subnet mask is 255.255.255.0.
000028.745|app1 |3|00|   Gateway address is 10.2.0.1.
000028.745|app1 |3|00|   DNS server is 10.2.0.1.
000028.745|app1 |3|00|   DNS domain is lan.
000029.100|dns  |3|00|DNS lookup for 'p.voxter.com'(74.114.208.245) TTL=13842
000029.100|copy |3|00|'http://PlcmSpIp:****@p.voxter.com/0004f2f33782.cfg' from 'p.voxter.com(74.114.208.245)'
000034.850|copy |3|00|Download of '0004f2f33782.cfg' succeeded on attempt 1 (addr 1 of 1)
000034.850|copy |3|00|File /ffs0/init.mac is up to date
000034.860|copy |3|00|'http://PlcmSpIp:****@p.voxter.com/000000000000.cfg' from 'p.voxter.com(74.114.208.245)'
000040.730|copy |3|00|Download of '000000000000.cfg' succeeded on attempt 1 (addr 1 of 1)
000040.805|cfg  |*|00|Prov|Starting to update 3111-30900-001.sip.ld
000040.920|copy |3|00|'http://PlcmSpIp:****@p.voxter.com/3111-30900-001.sip.ld' from 'p.voxter.com(74.114.208.245)'
000046.820|copy |3|00|Download of '3111-30900-001.sip.ld' succeeded on attempt 1 (addr 1 of 1)
000046.825|cfg  |3|00|Could not get all 512 bytes of the header
000046.930|app1 |4|00|Error downloading 3111-30900-001.sip.ld
000046.935|cfg  |*|00|Prov|Starting to update sip.ld
000047.040|copy |3|00|'http://PlcmSpIp:****@p.voxter.com/sip.ld' from 'p.voxter.com(74.114.208.245)'
000052.850|copy |3|00|Download of 'sip.ld' succeeded on attempt 1 (addr 1 of 1)
000052.850|cfg  |3|00|Could not get all 512 bytes of the header
000052.945|app1 |4|00|Error downloading sip.ld
000052.955|cfg  |4|00|Prov|Provisioning failed
000053.055|app1 |6|00|Error application is not present.
000053.055|app1 |6|00|Uploading boot log, time is MON JAN 01 00:00:52 2007

000053.315|copy |3|00|'http://PlcmSpIp:****@p.voxter.com/logs/0004f2f33782-boot.log' to 'p.voxter.com(74.114.208.245)'
000059.610|copy |3|00|Upload of 'logs/0004f2f33782-boot.log' succeeded on attempt 1 (addr 1 of 1)
000104.610|app1 |3|00|Event: Multiple Key Combo 1
000104.610|app1 |6|00|Manual Reboot
000108.395|wdog |*|00|Watchdog Expired: tApp1
000000.235|so   |*|00|---------- Initial log entry ----------
000000.235|so   |*|00|+++ Note that bootrom log times are in GMT +++
000000.235|copy |*|00|Initial log entry. Current logging level 3
000000.235|utilm|*|00|Initial log entry. Current logging level 4
000000.235|hw   |*|00|Initial log entry. Current logging level 4
000000.235|ethf |*|00|Initial log entry. Current logging level 4
000000.235|dns  |*|00|Initial log entry. Current logging level 3
000000.235|curl |*|00|Initial log entry. Current logging level 3
000000.235|sec  |*|00|Initial log entry. Current logging level 4
000000.395|wdog |*|00|Initial log entry. Current logging level 4
000000.395|lldp |*|00|Initial log entry. Current logging level 3
000000.395|lldp |3|00|LLDP is DISABLED.
000000.395|cdp  |*|00|Initial log entry. Current logging level 3
000000.395|cdp  |3|00|CDP is DISABLED.
000000.395|key  |*|00|Initial log entry. Current logging level 4
000000.405|so   |3|00|Platform: Model=SoundStation IP 5000, Assembly=3111-30900-001 Rev=G Region=0
000000.405|so   |3|00|Platform: Board=3111-30900-001 1 0
000000.405|so   |3|00|Platform: MAC=0004f2f33782, IP=Resolving, Subnet Mask=Resolving
000000.405|so   |3|00|Platform: BootBlock=3.0.2.0024 (30900-001) 30-Nov-10 15:06
000000.405|so   |3|00|Application, main: Label=BOOT, Version=Muscovite 4.4.0.0080 26-Jul-11 13:56
000000.405|so   |3|00|Application, main: P/N=3150-11069-440
000000.405|app1 |*|00|Initial log entry. Current logging level 3
000000.550|cfg  |*|00|Initial log entry. Current logging level 2
000000.620|cfg  |3|00|Current BootBlock revision is '3.0.2 (30900-001).0024'
000000.620|cfg  |*|00|Prov|Updating BootBlock
000000.620|cfg  |3|00|Checking pre-compiled image 3111-30900-001.bootblock.ld
000000.620|cfg  |3|00|New load header information:
000000.620|cfg  |3|00|Code length:         0x0000F119
000000.620|cfg  |3|00|Header check Sum:    0x0066D5C9
000000.620|cfg  |3|00|Code check Sum:      0x0065E284
000000.620|cfg  |3|00|Options:             0x00000020
000000.620|cfg  |3|00|Recognized compatible bootBlock
000000.635|cfg  |3|00|BootBlock is already present
000000.635|cfg  |3|00|Image is already up to date
000000.635|app1 |*|00|BootBlock is already up to date.
000001.390|so   |3|00|Link status is Net up Speed 100 full Duplex.
000012.205|lldp |3|00|LLDP did not receive a response from a switch. Disabling LLDP.
000018.185|cdp  |3|00|CDP did not receive a response from a switch. Disabling CDP.
000028.695|app1 |3|00|DNS resolver server is '10.2.0.1'
000028.695|app1 |3|00|DNS resolver search domain is 'lan'
000028.745|app1 |3|00|Bootline: esw(3,0)bootHost:flash e=10.2.0.162:ffffff00:15180:1b h=74.114.208.245 g=10.2.0.1 u=**** pw=**** f=0x40 tn=CircaIP
000028.745|app1 |4|00|Could not load time from  (0.0.0.0).
000028.745|app1 |3|00|DHCP returned result 0x287 from server 10.2.0.1.
000028.745|app1 |3|00|   Phone IP address is 10.2.0.162.
000028.750|app1 |3|00|   Subnet mask is 255.255.255.0.
000028.750|app1 |3|00|   Gateway address is 10.2.0.1.
000028.750|app1 |3|00|   DNS server is 10.2.0.1.
000028.750|app1 |3|00|   DNS domain is lan.
000029.110|dns  |3|00|DNS lookup for 'p.voxter.com'(74.114.208.245) TTL=21187
000029.110|copy |3|00|'http://PlcmSpIp:****@p.voxter.com/0004f2f33782.cfg' from 'p.voxter.com(74.114.208.245)'
000034.820|copy |3|00|Download of '0004f2f33782.cfg' succeeded on attempt 1 (addr 1 of 1)
000034.820|copy |3|00|File /ffs0/init.mac is up to date
000034.830|copy |3|00|'http://PlcmSpIp:****@p.voxter.com/000000000000.cfg' from 'p.voxter.com(74.114.208.245)'
000040.730|copy |3|00|Download of '000000000000.cfg' succeeded on attempt 1 (addr 1 of 1)
000040.805|cfg  |*|00|Prov|Starting to update 3111-30900-001.sip.ld
000040.920|copy |3|00|'http://PlcmSpIp:****@p.voxter.com/3111-30900-001.sip.ld' from 'p.voxter.com(74.114.208.245)'
000046.820|copy |3|00|Download of '3111-30900-001.sip.ld' succeeded on attempt 1 (addr 1 of 1)
000046.825|cfg  |3|00|Could not get all 512 bytes of the header
000046.930|app1 |4|00|Error downloading 3111-30900-001.sip.ld
000046.935|cfg  |*|00|Prov|Starting to update sip.ld
000047.040|copy |3|00|'http://PlcmSpIp:****@p.voxter.com/sip.ld' from 'p.voxter.com(74.114.208.245)'
000052.875|copy |3|00|Download of 'sip.ld' succeeded on attempt 1 (addr 1 of 1)
000052.875|cfg  |3|00|Could not get all 512 bytes of the header
000052.970|app1 |4|00|Error downloading sip.ld
000052.980|cfg  |4|00|Prov|Provisioning failed
000053.080|app1 |6|00|Error application is not present.
000053.080|app1 |6|00|Uploading boot log, time is MON JAN 01 00:00:52 2007

000053.335|copy |3|00|'http://PlcmSpIp:****@p.voxter.com/logs/0004f2f33782-boot.log' to 'p.voxter.com(74.114.208.245)'
000059.675|copy |3|00|Upload of 'logs/0004f2f33782-boot.log' succeeded on attempt 1 (addr 1 of 1)
000104.675|app1 |3|00|Event: Multiple Key Combo 1
000104.675|app1 |6|00|Manual Reboot
000108.395|wdog |*|00|Watchdog Expired: tApp1
000000.235|so   |*|00|---------- Initial log entry ----------
000000.235|so   |*|00|+++ Note that bootrom log times are in GMT +++
000000.235|copy |*|00|Initial log entry. Current logging level 3
000000.235|utilm|*|00|Initial log entry. Current logging level 4
000000.235|hw   |*|00|Initial log entry. Current logging level 4
000000.235|ethf |*|00|Initial log entry. Current logging level 4
000000.235|dns  |*|00|Initial log entry. Current logging level 3
000000.235|curl |*|00|Initial log entry. Current logging level 3
000000.235|sec  |*|00|Initial log entry. Current logging level 4
000000.395|wdog |*|00|Initial log entry. Current logging level 4
000000.395|lldp |*|00|Initial log entry. Current logging level 3
000000.395|lldp |3|00|LLDP is DISABLED.
000000.395|cdp  |*|00|Initial log entry. Current logging level 3
000000.395|cdp  |3|00|CDP is DISABLED.
000000.395|key  |*|00|Initial log entry. Current logging level 4
000000.410|so   |3|00|Platform: Model=SoundStation IP 5000, Assembly=3111-30900-001 Rev=G Region=0
000000.410|so   |3|00|Platform: Board=3111-30900-001 1 0
000000.410|so   |3|00|Platform: MAC=0004f2f33782, IP=Resolving, Subnet Mask=Resolving
000000.410|so   |3|00|Platform: BootBlock=3.0.2.0024 (30900-001) 30-Nov-10 15:06
000000.410|so   |3|00|Application, main: Label=BOOT, Version=Muscovite 4.4.0.0080 26-Jul-11 13:56
000000.410|so   |3|00|Application, main: P/N=3150-11069-440
000000.410|app1 |*|00|Initial log entry. Current logging level 3
000000.555|cfg  |*|00|Initial log entry. Current logging level 2
000000.620|cfg  |3|00|Current BootBlock revision is '3.0.2 (30900-001).0024'
000000.620|cfg  |*|00|Prov|Updating BootBlock
000000.620|cfg  |3|00|Checking pre-compiled image 3111-30900-001.bootblock.ld
000000.620|cfg  |3|00|New load header information:
000000.620|cfg  |3|00|Code length:         0x0000F119
000000.620|cfg  |3|00|Header check Sum:    0x0066D5C9
000000.620|cfg  |3|00|Code check Sum:      0x0065E284
000000.620|cfg  |3|00|Options:             0x00000020
000000.625|cfg  |3|00|Recognized compatible bootBlock
000000.635|cfg  |3|00|BootBlock is already present
000000.635|cfg  |3|00|Image is already up to date
000000.635|app1 |*|00|BootBlock is already up to date.
000001.395|so   |3|00|Link status is Net up Speed 100 full Duplex.
000012.205|lldp |3|00|LLDP did not receive a response from a switch. Disabling LLDP.
000018.020|cdp  |3|00|CDP did not receive a response from a switch. Disabling CDP.
000028.530|app1 |3|00|DNS resolver server is '10.2.0.1'
000028.530|app1 |3|00|DNS resolver search domain is 'lan'
000028.580|app1 |3|00|Bootline: esw(3,0)bootHost:flash e=10.2.0.162:ffffff00:15180:1b h=74.114.208.245 g=10.2.0.1 u=**** pw=**** f=0x40 tn=CircaIP
000028.580|app1 |4|00|Could not load time from  (0.0.0.0).
000028.580|app1 |3|00|DHCP returned result 0x287 from server 10.2.0.1.
000028.580|app1 |3|00|   Phone IP address is 10.2.0.162.
000028.580|app1 |3|00|   Subnet mask is 255.255.255.0.
000028.580|app1 |3|00|   Gateway address is 10.2.0.1.
000028.580|app1 |3|00|   DNS server is 10.2.0.1.
000028.580|app1 |3|00|   DNS domain is lan.
000029.175|dns  |3|00|DNS lookup for 'p.voxter.com'(74.114.208.245) TTL=15862
000029.175|copy |3|00|'http://PlcmSpIp:****@p.voxter.com/0004f2f33782.cfg' from 'p.voxter.com(74.114.208.245)'
000035.385|copy |3|00|Download of '0004f2f33782.cfg' succeeded on attempt 1 (addr 1 of 1)
000035.385|copy |3|00|File /ffs0/init.mac is up to date
000035.395|copy |3|00|'http://PlcmSpIp:****@p.voxter.com/000000000000.cfg' from 'p.voxter.com(74.114.208.245)'
000041.230|copy |3|00|Download of '000000000000.cfg' succeeded on attempt 1 (addr 1 of 1)
000041.310|cfg  |*|00|Prov|Starting to update 3111-30900-001.sip.ld
000041.425|copy |3|00|'http://PlcmSpIp:****@p.voxter.com/3111-30900-001.sip.ld' from 'p.voxter.com(74.114.208.245)'
000047.330|copy |3|00|Download of '3111-30900-001.sip.ld' succeeded on attempt 1 (addr 1 of 1)
000047.330|cfg  |3|00|Could not get all 512 bytes of the header
000047.435|app1 |4|00|Error downloading 3111-30900-001.sip.ld
000047.440|cfg  |*|00|Prov|Starting to update sip.ld
000047.545|copy |3|00|'http://PlcmSpIp:****@p.voxter.com/sip.ld' from 'p.voxter.com(74.114.208.245)'
000053.320|copy |3|00|Download of 'sip.ld' succeeded on attempt 1 (addr 1 of 1)
000053.320|cfg  |3|00|Could not get all 512 bytes of the header
000053.415|app1 |4|00|Error downloading sip.ld
000053.425|cfg  |4|00|Prov|Provisioning failed
000053.525|app1 |6|00|Error application is not present.
000053.525|app1 |6|00|Uploading boot log, time is MON JAN 01 00:00:53 2007

000053.785|copy |3|00|'http://PlcmSpIp:****@p.voxter.com/logs/0004f2f33782-boot.log' to 'p.voxter.com(74.114.208.245)'
000100.225|copy |3|00|Upload of 'logs/0004f2f33782-boot.log' succeeded on attempt 1 (addr 1 of 1)
000105.225|app1 |3|00|Event: Multiple Key Combo 1
000105.225|app1 |6|00|Manual Reboot
000108.395|wdog |*|00|Watchdog Expired: tApp1
000000.245|so   |*|00|---------- Initial log entry ----------
000000.245|so   |*|00|+++ Note that bootrom log times are in GMT +++
000000.245|copy |*|00|Initial log entry. Current logging level 3
000000.245|utilm|*|00|Initial log entry. Current logging level 4
000000.245|hw   |*|00|Initial log entry. Current logging level 4
000000.245|ethf |*|00|Initial log entry. Current logging level 4
000000.245|dns  |*|00|Initial log entry. Current logging level 3
000000.245|curl |*|00|Initial log entry. Current logging level 3
000000.245|sec  |*|00|Initial log entry. Current logging level 4
000000.405|wdog |*|00|Initial log entry. Current logging level 4
000000.405|lldp |*|00|Initial log entry. Current logging level 3
000000.405|lldp |3|00|LLDP is DISABLED.
000000.405|cdp  |*|00|Initial log entry. Current logging level 3
000000.405|cdp  |3|00|CDP is DISABLED.
000000.405|key  |*|00|Initial log entry. Current logging level 4
000000.415|so   |3|00|Platform: Model=SoundStation IP 5000, Assembly=3111-30900-001 Rev=G Region=0
000000.415|so   |3|00|Platform: Board=3111-30900-001 1 0
000000.415|so   |3|00|Platform: MAC=0004f2f33782, IP=Resolving, Subnet Mask=Resolving
000000.415|so   |3|00|Platform: BootBlock=3.0.2.0024 (30900-001) 30-Nov-10 15:06
000000.415|so   |3|00|Application, main: Label=BOOT, Version=Muscovite 4.4.0.0080 26-Jul-11 13:56
000000.415|so   |3|00|Application, main: P/N=3150-11069-440
000000.415|app1 |*|00|Initial log entry. Current logging level 3
000000.560|cfg  |*|00|Initial log entry. Current logging level 2
000000.630|cfg  |3|00|Current BootBlock revision is '3.0.2 (30900-001).0024'
000000.630|cfg  |*|00|Prov|Updating BootBlock
000000.630|cfg  |3|00|Checking pre-compiled image 3111-30900-001.bootblock.ld
000000.630|cfg  |3|00|New load header information:
000000.630|cfg  |3|00|Code length:         0x0000F119
000000.630|cfg  |3|00|Header check Sum:    0x0066D5C9
000000.630|cfg  |3|00|Code check Sum:      0x0065E284
000000.630|cfg  |3|00|Options:             0x00000020
000000.630|cfg  |3|00|Recognized compatible bootBlock
000000.645|cfg  |3|00|BootBlock is already present
000000.645|cfg  |3|00|Image is already up to date
000000.645|app1 |*|00|BootBlock is already up to date.
000001.400|so   |3|00|Link status is Net up Speed 100 full Duplex.
000012.205|lldp |3|00|LLDP did not receive a response from a switch. Disabling LLDP.
000018.185|cdp  |3|00|CDP did not receive a response from a switch. Disabling CDP.
000028.695|app1 |3|00|DNS resolver server is '10.2.0.1'
000028.695|app1 |3|00|DNS resolver search domain is 'lan'
000028.750|app1 |3|00|Bootline: esw(3,0)bootHost:flash e=10.2.0.162:ffffff00:15180:1b h=74.114.208.245 g=10.2.0.1 u=**** pw=**** f=0x40 tn=CircaIP
000028.750|app1 |4|00|Could not load time from  (0.0.0.0).
000028.750|app1 |3|00|DHCP returned result 0x287 from server 10.2.0.1.
000028.750|app1 |3|00|   Phone IP address is 10.2.0.162.
000028.750|app1 |3|00|   Subnet mask is 255.255.255.0.
000028.750|app1 |3|00|   Gateway address is 10.2.0.1.
000028.750|app1 |3|00|   DNS server is 10.2.0.1.
000028.750|app1 |3|00|   DNS domain is lan.
000029.115|dns  |3|00|DNS lookup for 'p.voxter.com'(74.114.208.245) TTL=14175
000029.115|copy |3|00|'http://PlcmSpIp:****@p.voxter.com/0004f2f33782.cfg' from 'p.voxter.com(74.114.208.245)'
000034.820|copy |3|00|Download of '0004f2f33782.cfg' succeeded on attempt 1 (addr 1 of 1)
000034.820|copy |3|00|File /ffs0/init.mac is up to date
000034.835|copy |3|00|'http://PlcmSpIp:****@p.voxter.com/000000000000.cfg' from 'p.voxter.com(74.114.208.245)'
000040.730|copy |3|00|Download of '000000000000.cfg' succeeded on attempt 1 (addr 1 of 1)
000040.805|cfg  |*|00|Prov|Starting to update 3111-30900-001.sip.ld
000040.920|copy |3|00|'http://PlcmSpIp:****@p.voxter.com/3111-30900-001.sip.ld' from 'p.voxter.com(74.114.208.245)'
000046.855|copy |3|00|Download of '3111-30900-001.sip.ld' succeeded on attempt 1 (addr 1 of 1)
000046.855|cfg  |3|00|Could not get all 512 bytes of the header
000046.960|app1 |4|00|Error downloading 3111-30900-001.sip.ld
000046.965|cfg  |*|00|Prov|Starting to update sip.ld
000047.075|copy |3|00|'http://PlcmSpIp:****@p.voxter.com/sip.ld' from 'p.voxter.com(74.114.208.245)'
000052.825|copy |3|00|Download of 'sip.ld' succeeded on attempt 1 (addr 1 of 1)
000052.825|cfg  |3|00|Could not get all 512 bytes of the header
000052.915|app1 |4|00|Error downloading sip.ld
000052.925|cfg  |4|00|Prov|Provisioning failed
000053.025|app1 |6|00|Error application is not present.
000053.025|app1 |6|00|Uploading boot log, time is MON JAN 01 00:00:52 2007

000053.280|copy |3|00|'http://PlcmSpIp:****@p.voxter.com/logs/0004f2f33782-boot.log' to 'p.voxter.com(74.114.208.245)'
000059.775|copy |3|00|Upload of 'logs/0004f2f33782-boot.log' succeeded on attempt 1 (addr 1 of 1)
000104.775|app1 |3|00|Event: Multiple Key Combo 1
000104.775|app1 |6|00|Manual Reboot
000108.405|wdog |*|00|Watchdog Expired: tApp1
000000.235|so   |*|00|---------- Initial log entry ----------
000000.235|so   |*|00|+++ Note that bootrom log times are in GMT +++
000000.235|copy |*|00|Initial log entry. Current logging level 3
000000.235|utilm|*|00|Initial log entry. Current logging level 4
000000.235|hw   |*|00|Initial log entry. Current logging level 4
000000.235|ethf |*|00|Initial log entry. Current logging level 4
000000.235|dns  |*|00|Initial log entry. Current logging level 3
000000.235|curl |*|00|Initial log entry. Current logging level 3
000000.235|sec  |*|00|Initial log entry. Current logging level 4
000000.395|wdog |*|00|Initial log entry. Current logging level 4
000000.395|lldp |*|00|Initial log entry. Current logging level 3
000000.395|lldp |3|00|LLDP is DISABLED.
000000.395|cdp  |*|00|Initial log entry. Current logging level 3
000000.395|cdp  |3|00|CDP is DISABLED.
000000.395|key  |*|00|Initial log entry. Current logging level 4
000000.405|so   |3|00|Platform: Model=SoundStation IP 5000, Assembly=3111-30900-001 Rev=G Region=0
000000.405|so   |3|00|Platform: Board=3111-30900-001 1 0
000000.405|so   |3|00|Platform: MAC=0004f2f33782, IP=Resolving, Subnet Mask=Resolving
000000.405|so   |3|00|Platform: BootBlock=3.0.2.0024 (30900-001) 30-Nov-10 15:06
000000.405|so   |3|00|Application, main: Label=BOOT, Version=Muscovite 4.4.0.0080 26-Jul-11 13:56
000000.405|so   |3|00|Application, main: P/N=3150-11069-440
000000.410|app1 |*|00|Initial log entry. Current logging level 3
000000.550|cfg  |*|00|Initial log entry. Current logging level 2
000000.620|cfg  |3|00|Current BootBlock revision is '3.0.2 (30900-001).0024'
000000.620|cfg  |*|00|Prov|Updating BootBlock
000000.620|cfg  |3|00|Checking pre-compiled image 3111-30900-001.bootblock.ld
000000.620|cfg  |3|00|New load header information:
000000.620|cfg  |3|00|Code length:         0x0000F119
000000.620|cfg  |3|00|Header check Sum:    0x0066D5C9
000000.620|cfg  |3|00|Code check Sum:      0x0065E284
000000.620|cfg  |3|00|Options:             0x00000020
000000.620|cfg  |3|00|Recognized compatible bootBlock
000000.635|cfg  |3|00|BootBlock is already present
000000.635|cfg  |3|00|Image is already up to date
000000.635|app1 |*|00|BootBlock is already up to date.
000001.395|so   |3|00|Link status is Net up Speed 100 full Duplex.
000012.205|lldp |3|00|LLDP did not receive a response from a switch. Disabling LLDP.
000018.185|cdp  |3|00|CDP did not receive a response from a switch. Disabling CDP.
000028.695|app1 |3|00|DNS resolver server is '10.2.0.1'
000028.695|app1 |3|00|DNS resolver search domain is 'lan'
000028.745|app1 |3|00|Bootline: esw(3,0)bootHost:flash e=10.2.0.162:ffffff00:15180:1b h=74.114.208.245 g=10.2.0.1 u=**** pw=**** f=0x40 tn=CircaIP
000028.745|app1 |4|00|Could not load time from  (0.0.0.0).
000028.745|app1 |3|00|DHCP returned result 0x287 from server 10.2.0.1.
000028.745|app1 |3|00|   Phone IP address is 10.2.0.162.
000028.745|app1 |3|00|   Subnet mask is 255.255.255.0.
000028.745|app1 |3|00|   Gateway address is 10.2.0.1.
000028.745|app1 |3|00|   DNS server is 10.2.0.1.
000028.745|app1 |3|00|   DNS domain is lan.
000029.100|dns  |3|00|DNS lookup for 'p.voxter.com'(74.114.208.245) TTL=13499
000029.100|copy |3|00|'http://PlcmSpIp:****@p.voxter.com/0004f2f33782.cfg' from 'p.voxter.com(74.114.208.245)'
000034.825|copy |3|00|Download of '0004f2f33782.cfg' succeeded on attempt 1 (addr 1 of 1)
000034.825|copy |3|00|File /ffs0/init.mac is up to date
000034.835|copy |3|00|'http://PlcmSpIp:****@p.voxter.com/000000000000.cfg' from 'p.voxter.com(74.114.208.245)'
000040.730|copy |3|00|Download of '000000000000.cfg' succeeded on attempt 1 (addr 1 of 1)
000040.820|cfg  |*|00|Prov|Starting to update 3111-30900-001.sip.ld
000040.935|copy |3|00|'http://PlcmSpIp:****@p.voxter.com/3111-30900-001.sip.ld' from 'p.voxter.com(74.114.208.245)'
000046.845|copy |3|00|Download of '3111-30900-001.sip.ld' succeeded on attempt 1 (addr 1 of 1)
000046.850|cfg  |3|00|Could not get all 512 bytes of the header
000046.955|app1 |4|00|Error downloading 3111-30900-001.sip.ld
000046.980|cfg  |*|00|Prov|Starting to update sip.ld
000047.075|copy |3|00|'http://PlcmSpIp:****@p.voxter.com/sip.ld' from 'p.voxter.com(74.114.208.245)'
000052.860|copy |3|00|Download of 'sip.ld' succeeded on attempt 1 (addr 1 of 1)
000052.860|cfg  |3|00|Could not get all 512 bytes of the header
000052.955|app1 |4|00|Error downloading sip.ld
000052.965|cfg  |4|00|Prov|Provisioning failed
000053.065|app1 |6|00|Error application is not present.
000053.065|app1 |6|00|Uploading boot log, time is MON JAN 01 00:00:52 2007

000053.320|copy |3|00|'http://PlcmSpIp:****@p.voxter.com/logs/0004f2f33782-boot.log' to 'p.voxter.com(74.114.208.245)'
000053.905|copy |3|00|Upload of 'logs/0004f2f33782-boot.log' succeeded on attempt 1 (addr 1 of 1)
000058.905|app1 |3|00|Event: Multiple Key Combo 1
000058.905|app1 |6|00|Manual Reboot
000101.395|wdog |4|00|Task 95e3ed70 is suspended
000102.395|wdog |*|00|Watchdog Expired: tApp1
000000.230|so   |*|00|---------- Initial log entry ----------
000000.230|so   |*|00|+++ Note that bootrom log times are in GMT +++
000000.230|copy |*|00|Initial log entry. Current logging level 3
000000.230|utilm|*|00|Initial log entry. Current logging level 4
000000.230|hw   |*|00|Initial log entry. Current logging level 4
000000.230|ethf |*|00|Initial log entry. Current logging level 4
000000.230|dns  |*|00|Initial log entry. Current logging level 3
000000.230|curl |*|00|Initial log entry. Current logging level 3
000000.230|sec  |*|00|Initial log entry. Current logging level 4
000000.390|wdog |*|00|Initial log entry. Current logging level 4
000000.390|lldp |*|00|Initial log entry. Current logging level 3
000000.390|lldp |3|00|LLDP is DISABLED.
000000.390|cdp  |*|00|Initial log entry. Current logging level 3
000000.390|cdp  |3|00|CDP is DISABLED.
000000.390|key  |*|00|Initial log entry. Current logging level 4
000000.405|so   |3|00|Platform: Model=SoundStation IP 5000, Assembly=3111-30900-001 Rev=G Region=0
000000.405|so   |3|00|Platform: Board=3111-30900-001 1 0
000000.405|so   |3|00|Platform: MAC=0004f2f33782, IP=Resolving, Subnet Mask=Resolving
000000.405|so   |3|00|Platform: BootBlock=3.0.2.0024 (30900-001) 30-Nov-10 15:06
000000.405|so   |3|00|Application, main: Label=BOOT, Version=Muscovite 4.4.0.0080 26-Jul-11 13:56
000000.405|so   |3|00|Application, main: P/N=3150-11069-440
000000.405|app1 |*|00|Initial log entry. Current logging level 3
000000.550|cfg  |*|00|Initial log entry. Current logging level 2
000000.620|cfg  |3|00|Current BootBlock revision is '3.0.2 (30900-001).0024'
000000.620|cfg  |*|00|Prov|Updating BootBlock
000000.620|cfg  |3|00|Checking pre-compiled image 3111-30900-001.bootblock.ld
000000.620|cfg  |3|00|New load header information:
000000.620|cfg  |3|00|Code length:         0x0000F119
000000.620|cfg  |3|00|Header check Sum:    0x0066D5C9
000000.620|cfg  |3|00|Code check Sum:      0x0065E284
000000.620|cfg  |3|00|Options:             0x00000020
000000.620|cfg  |3|00|Recognized compatible bootBlock
000000.630|cfg  |3|00|BootBlock is already present
000000.630|cfg  |3|00|Image is already up to date
000000.630|app1 |*|00|BootBlock is already up to date.
000001.390|so   |3|00|Link status is Net up Speed 100 full Duplex.
000012.205|lldp |3|00|LLDP did not receive a response from a switch. Disabling LLDP.
000018.185|cdp  |3|00|CDP did not receive a response from a switch. Disabling CDP.
000028.700|app1 |3|00|DNS resolver server is '10.2.0.1'
000028.700|app1 |3|00|DNS resolver search domain is 'lan'
000028.750|app1 |3|00|Bootline: esw(3,0)bootHost:flash e=10.2.0.162:ffffff00:15180:1b h=74.114.208.245 g=10.2.0.1 u=**** pw=**** f=0x40 tn=CircaIP
000028.750|app1 |4|00|Could not load time from  (0.0.0.0).
000028.750|app1 |3|00|DHCP returned result 0x287 from server 10.2.0.1.
000028.750|app1 |3|00|   Phone IP address is 10.2.0.162.
000028.750|app1 |3|00|   Subnet mask is 255.255.255.0.
000028.750|app1 |3|00|   Gateway address is 10.2.0.1.
000028.750|app1 |3|00|   DNS server is 10.2.0.1.
000028.750|app1 |3|00|   DNS domain is lan.
000029.100|dns  |3|00|DNS lookup for 'p.voxter.com'(74.114.208.245) TTL=14823
000029.100|copy |3|00|'http://PlcmSpIp:****@p.voxter.com/0004f2f33782.cfg' from 'p.voxter.com(74.114.208.245)'
000034.820|copy |3|00|Download of '0004f2f33782.cfg' succeeded on attempt 1 (addr 1 of 1)
000034.820|copy |3|00|File /ffs0/init.mac is up to date
000034.835|copy |3|00|'http://PlcmSpIp:****@p.voxter.com/000000000000.cfg' from 'p.voxter.com(74.114.208.245)'
000034.925|copy |3|00|Download of '000000000000.cfg' succeeded on attempt 1 (addr 1 of 1)
000035.010|cfg  |*|00|Prov|Starting to update 3111-30900-001.sip.ld
000035.125|copy |3|00|'http://PlcmSpIp:****@p.voxter.com/3111-30900-001.sip.ld' from 'p.voxter.com(74.114.208.245)'
000035.310|copy |3|00|Download of '3111-30900-001.sip.ld' succeeded on attempt 1 (addr 1 of 1)
000035.315|cfg  |3|00|Could not get all 512 bytes of the header
000035.420|app1 |4|00|Error downloading 3111-30900-001.sip.ld
000035.425|cfg  |*|00|Prov|Starting to update sip.ld
000035.525|copy |3|00|'http://PlcmSpIp:****@p.voxter.com/sip.ld' from 'p.voxter.com(74.114.208.245)'
000041.320|copy |3|00|Download of 'sip.ld' succeeded on attempt 1 (addr 1 of 1)
000041.325|cfg  |3|00|Could not get all 512 bytes of the header
000041.415|app1 |4|00|Error downloading sip.ld
000041.425|cfg  |4|00|Prov|Provisioning failed
000041.525|app1 |6|00|Error application is not present.
000041.525|app1 |6|00|Uploading boot log, time is MON JAN 01 00:00:41 2007

000041.810|copy |3|00|'http://PlcmSpIp:****@p.voxter.com/logs/0004f2f33782-boot.log' to 'p.voxter.com(74.114.208.245)'
000048.380|copy |3|00|Upload of 'logs/0004f2f33782-boot.log' succeeded on attempt 1 (addr 1 of 1)
000053.380|app1 |3|00|Event: Multiple Key Combo 1
000053.380|app1 |6|00|Manual Reboot
000057.390|wdog |*|00|Watchdog Expired: tApp1
000000.235|so   |*|00|---------- Initial log entry ----------
000000.235|so   |*|00|+++ Note that bootrom log times are in GMT +++
000000.235|copy |*|00|Initial log entry. Current logging level 3
000000.235|utilm|*|00|Initial log entry. Current logging level 4
000000.235|hw   |*|00|Initial log entry. Current logging level 4
000000.235|ethf |*|00|Initial log entry. Current logging level 4
000000.235|dns  |*|00|Initial log entry. Current logging level 3
000000.235|curl |*|00|Initial log entry. Current logging level 3
000000.235|sec  |*|00|Initial log entry. Current logging level 4
000000.395|wdog |*|00|Initial log entry. Current logging level 4
000000.395|lldp |*|00|Initial log entry. Current logging level 3
000000.395|lldp |3|00|LLDP is DISABLED.
000000.395|cdp  |*|00|Initial log entry. Current logging level 3
000000.395|cdp  |3|00|CDP is DISABLED.
000000.395|key  |*|00|Initial log entry. Current logging level 4
000000.405|so   |3|00|Platform: Model=SoundStation IP 5000, Assembly=3111-30900-001 Rev=G Region=0
000000.405|so   |3|00|Platform: Board=3111-30900-001 1 0
000000.405|so   |3|00|Platform: MAC=0004f2f33782, IP=Resolving, Subnet Mask=Resolving
000000.405|so   |3|00|Platform: BootBlock=3.0.2.0024 (30900-001) 30-Nov-10 15:06
000000.405|so   |3|00|Application, main: Label=BOOT, Version=Muscovite 4.4.0.0080 26-Jul-11 13:56
000000.405|so   |3|00|Application, main: P/N=3150-11069-440
000000.405|app1 |*|00|Initial log entry. Current logging level 3
000000.550|cfg  |*|00|Initial log entry. Current logging level 2
000000.620|cfg  |3|00|Current BootBlock revision is '3.0.2 (30900-001).0024'
000000.620|cfg  |*|00|Prov|Updating BootBlock
000000.620|cfg  |3|00|Checking pre-compiled image 3111-30900-001.bootblock.ld
000000.620|cfg  |3|00|New load header information:
000000.620|cfg  |3|00|Code length:         0x0000F119
000000.620|cfg  |3|00|Header check Sum:    0x0066D5C9
000000.620|cfg  |3|00|Code check Sum:      0x0065E284
000000.620|cfg  |3|00|Options:             0x00000020
000000.620|cfg  |3|00|Recognized compatible bootBlock
000000.630|cfg  |3|00|BootBlock is already present
000000.630|cfg  |3|00|Image is already up to date
000000.630|app1 |*|00|BootBlock is already up to date.
000001.390|so   |3|00|Link status is Net up Speed 100 full Duplex.
000012.205|lldp |3|00|LLDP did not receive a response from a switch. Disabling LLDP.
000018.185|cdp  |3|00|CDP did not receive a response from a switch. Disabling CDP.
000028.695|app1 |3|00|DNS resolver server is '10.2.0.1'
000028.695|app1 |3|00|DNS resolver search domain is 'lan'
000028.745|app1 |3|00|Bootline: esw(3,0)bootHost:flash e=10.2.0.162:ffffff00:15180:1b h=74.114.208.245 g=10.2.0.1 u=**** pw=**** f=0x40 tn=CircaIP
000028.745|app1 |4|00|Could not load time from  (0.0.0.0).
000028.745|app1 |3|00|DHCP returned result 0x287 from server 10.2.0.1.
000028.745|app1 |3|00|   Phone IP address is 10.2.0.162.
000028.750|app1 |3|00|   Subnet mask is 255.255.255.0.
000028.750|app1 |3|00|   Gateway address is 10.2.0.1.
000028.750|app1 |3|00|   DNS server is 10.2.0.1.
000028.750|app1 |3|00|   DNS domain is lan.
000029.100|dns  |3|00|DNS lookup for 'p.voxter.com'(74.114.208.245) TTL=13345
000029.100|copy |3|00|'http://PlcmSpIp:****@p.voxter.com/0004f2f33782.cfg' from 'p.voxter.com(74.114.208.245)'
000034.820|copy |3|00|Download of '0004f2f33782.cfg' succeeded on attempt 1 (addr 1 of 1)
000034.820|copy |3|00|File /ffs0/init.mac is up to date
000034.830|copy |3|00|'http://PlcmSpIp:****@p.voxter.com/000000000000.cfg' from 'p.voxter.com(74.114.208.245)'
000040.730|copy |3|00|Download of '000000000000.cfg' succeeded on attempt 1 (addr 1 of 1)
000040.800|cfg  |*|00|Prov|Starting to update 3111-30900-001.sip.ld
000040.915|copy |3|00|'http://PlcmSpIp:****@p.voxter.com/3111-30900-001.sip.ld' from 'p.voxter.com(74.114.208.245)'
000041.100|copy |3|00|Download of '3111-30900-001.sip.ld' succeeded on attempt 1 (addr 1 of 1)
000041.100|cfg  |3|00|Could not get all 512 bytes of the header
000041.210|app1 |4|00|Error downloading 3111-30900-001.sip.ld
000041.215|cfg  |*|00|Prov|Starting to update sip.ld
000041.315|copy |3|00|'http://PlcmSpIp:****@p.voxter.com/sip.ld' from 'p.voxter.com(74.114.208.245)'
000047.325|copy |3|00|Download of 'sip.ld' succeeded on attempt 1 (addr 1 of 1)
000047.325|cfg  |3|00|Could not get all 512 bytes of the header
000047.420|app1 |4|00|Error downloading sip.ld
000047.430|cfg  |4|00|Prov|Provisioning failed
000047.530|app1 |6|00|Error application is not present.
000047.530|app1 |6|00|Uploading boot log, time is MON JAN 01 00:00:47 2007

000047.810|copy |3|00|'http://PlcmSpIp:****@p.voxter.com/logs/0004f2f33782-boot.log' to 'p.voxter.com(74.114.208.245)'
000048.535|copy |3|00|Upload of 'logs/0004f2f33782-boot.log' succeeded on attempt 1 (addr 1 of 1)
000053.540|app1 |3|00|Event: Multiple Key Combo 1
000053.540|app1 |6|00|Manual Reboot
000057.395|wdog |*|00|Watchdog Expired: tApp1
000000.235|so   |*|00|---------- Initial log entry ----------
000000.235|so   |*|00|+++ Note that bootrom log times are in GMT +++
000000.235|copy |*|00|Initial log entry. Current logging level 3
000000.235|utilm|*|00|Initial log entry. Current logging level 4
000000.235|hw   |*|00|Initial log entry. Current logging level 4
000000.235|ethf |*|00|Initial log entry. Current logging level 4
000000.235|dns  |*|00|Initial log entry. Current logging level 3
000000.235|curl |*|00|Initial log entry. Current logging level 3
000000.235|sec  |*|00|Initial log entry. Current logging level 4
000000.390|wdog |*|00|Initial log entry. Current logging level 4
000000.395|lldp |*|00|Initial log entry. Current logging level 3
000000.395|lldp |3|00|LLDP is DISABLED.
000000.395|cdp  |*|00|Initial log entry. Current logging level 3
000000.395|cdp  |3|00|CDP is DISABLED.
000000.395|key  |*|00|Initial log entry. Current logging level 4
000000.405|so   |3|00|Platform: Model=SoundStation IP 5000, Assembly=3111-30900-001 Rev=G Region=0
000000.405|so   |3|00|Platform: Board=3111-30900-001 1 0
000000.405|so   |3|00|Platform: MAC=0004f2f33782, IP=Resolving, Subnet Mask=Resolving
000000.405|so   |3|00|Platform: BootBlock=3.0.2.0024 (30900-001) 30-Nov-10 15:06
000000.405|so   |3|00|Application, main: Label=BOOT, Version=Muscovite 4.4.0.0080 26-Jul-11 13:56
000000.405|so   |3|00|Application, main: P/N=3150-11069-440
000000.405|app1 |*|00|Initial log entry. Current logging level 3
000000.550|cfg  |*|00|Initial log entry. Current logging level 2
000000.620|cfg  |3|00|Current BootBlock revision is '3.0.2 (30900-001).0024'
000000.620|cfg  |*|00|Prov|Updating BootBlock
000000.620|cfg  |3|00|Checking pre-compiled image 3111-30900-001.bootblock.ld
000000.620|cfg  |3|00|New load header information:
000000.620|cfg  |3|00|Code length:         0x0000F119
000000.620|cfg  |3|00|Header check Sum:    0x0066D5C9
000000.620|cfg  |3|00|Code check Sum:      0x0065E284
000000.620|cfg  |3|00|Options:             0x00000020
000000.620|cfg  |3|00|Recognized compatible bootBlock
000000.630|cfg  |3|00|BootBlock is already present
000000.630|cfg  |3|00|Image is already up to date
000000.630|app1 |*|00|BootBlock is already up to date.
000001.390|so   |3|00|Link status is Net up Speed 100 full Duplex.
000012.205|lldp |3|00|LLDP did not receive a response from a switch. Disabling LLDP.
000018.185|cdp  |3|00|CDP did not receive a response from a switch. Disabling CDP.
000028.695|app1 |3|00|DNS resolver server is '10.2.0.1'
000028.695|app1 |3|00|DNS resolver search domain is 'lan'
000028.745|app1 |3|00|Bootline: esw(3,0)bootHost:flash e=10.2.0.162:ffffff00:15180:1b h=74.114.208.245 g=10.2.0.1 u=**** pw=**** f=0x40 tn=CircaIP
000028.750|app1 |4|00|Could not load time from  (0.0.0.0).
000028.750|app1 |3|00|DHCP returned result 0x287 from server 10.2.0.1.
000028.750|app1 |3|00|   Phone IP address is 10.2.0.162.
000028.750|app1 |3|00|   Subnet mask is 255.255.255.0.
000028.750|app1 |3|00|   Gateway address is 10.2.0.1.
000028.750|app1 |3|00|   DNS server is 10.2.0.1.
000028.750|app1 |3|00|   DNS domain is lan.
000029.090|dns  |3|00|DNS lookup for 'p.voxter.com'(74.114.208.245) TTL=13860
000029.090|copy |3|00|'http://PlcmSpIp:****@p.voxter.com/0004f2f33782.cfg' from 'p.voxter.com(74.114.208.245)'
000034.875|copy |3|00|Download of '0004f2f33782.cfg' succeeded on attempt 1 (addr 1 of 1)
000034.875|copy |3|00|File /ffs0/init.mac is up to date
000034.885|copy |3|00|'http://PlcmSpIp:****@p.voxter.com/000000000000.cfg' from 'p.voxter.com(74.114.208.245)'
000040.730|copy |3|00|Download of '000000000000.cfg' succeeded on attempt 1 (addr 1 of 1)
000040.815|cfg  |*|00|Prov|Starting to update 3111-30900-001.sip.ld
000040.930|copy |3|00|'http://PlcmSpIp:****@p.voxter.com/3111-30900-001.sip.ld' from 'p.voxter.com(74.114.208.245)'
000041.135|copy |3|00|Download of '3111-30900-001.sip.ld' succeeded on attempt 1 (addr 1 of 1)
000041.135|cfg  |3|00|Could not get all 512 bytes of the header
000041.245|app1 |4|00|Error downloading 3111-30900-001.sip.ld
000041.250|cfg  |*|00|Prov|Starting to update sip.ld
000041.350|copy |3|00|'http://PlcmSpIp:****@p.voxter.com/sip.ld' from 'p.voxter.com(74.114.208.245)'
000041.540|copy |3|00|Download of 'sip.ld' succeeded on attempt 1 (addr 1 of 1)
000041.540|cfg  |3|00|Could not get all 512 bytes of the header
000041.635|app1 |4|00|Error downloading sip.ld
000041.645|cfg  |4|00|Prov|Provisioning failed
000041.745|app1 |6|00|Error application is not present.
000041.745|app1 |6|00|Uploading boot log, time is MON JAN 01 00:00:41 2007

000042.035|copy |3|00|'http://PlcmSpIp:****@p.voxter.com/logs/0004f2f33782-boot.log' to 'p.voxter.com(74.114.208.245)'
000042.850|copy |3|00|Upload of 'logs/0004f2f33782-boot.log' succeeded on attempt 1 (addr 1 of 1)
000047.855|app1 |3|00|Event: Multiple Key Combo 1
000047.855|app1 |6|00|Manual Reboot
000051.395|wdog |*|00|Watchdog Expired: tApp1
000000.235|so   |*|00|---------- Initial log entry ----------
000000.235|so   |*|00|+++ Note that bootrom log times are in GMT +++
000000.235|copy |*|00|Initial log entry. Current logging level 3
000000.235|utilm|*|00|Initial log entry. Current logging level 4
000000.235|hw   |*|00|Initial log entry. Current logging level 4
000000.235|ethf |*|00|Initial log entry. Current logging level 4
000000.235|dns  |*|00|Initial log entry. Current logging level 3
000000.235|curl |*|00|Initial log entry. Current logging level 3
000000.235|sec  |*|00|Initial log entry. Current logging level 4
000000.395|wdog |*|00|Initial log entry. Current logging level 4
000000.395|lldp |*|00|Initial log entry. Current logging level 3
000000.395|lldp |3|00|LLDP is DISABLED.
000000.395|cdp  |*|00|Initial log entry. Current logging level 3
000000.395|cdp  |3|00|CDP is DISABLED.
000000.395|key  |*|00|Initial log entry. Current logging level 4
000000.405|so   |3|00|Platform: Model=SoundStation IP 5000, Assembly=3111-30900-001 Rev=G Region=0
000000.405|so   |3|00|Platform: Board=3111-30900-001 1 0
000000.405|so   |3|00|Platform: MAC=0004f2f33782, IP=Resolving, Subnet Mask=Resolving
000000.410|so   |3|00|Platform: BootBlock=3.0.2.0024 (30900-001) 30-Nov-10 15:06
000000.410|so   |3|00|Application, main: Label=BOOT, Version=Muscovite 4.4.0.0080 26-Jul-11 13:56
000000.410|so   |3|00|Application, main: P/N=3150-11069-440
000000.410|app1 |*|00|Initial log entry. Current logging level 3
000000.550|cfg  |*|00|Initial log entry. Current logging level 2
000000.620|cfg  |3|00|Current BootBlock revision is '3.0.2 (30900-001).0024'
000000.620|cfg  |*|00|Prov|Updating BootBlock
000000.620|cfg  |3|00|Checking pre-compiled image 3111-30900-001.bootblock.ld
000000.620|cfg  |3|00|New load header information:
000000.620|cfg  |3|00|Code length:         0x0000F119
000000.620|cfg  |3|00|Header check Sum:    0x0066D5C9
000000.620|cfg  |3|00|Code check Sum:      0x0065E284
000000.620|cfg  |3|00|Options:             0x00000020
000000.620|cfg  |3|00|Recognized compatible bootBlock
000000.635|cfg  |3|00|BootBlock is already present
000000.635|cfg  |3|00|Image is already up to date
000000.635|app1 |*|00|BootBlock is already up to date.
000001.395|so   |3|00|Link status is Net up Speed 100 full Duplex.
000012.205|lldp |3|00|LLDP did not receive a response from a switch. Disabling LLDP.
000018.185|cdp  |3|00|CDP did not receive a response from a switch. Disabling CDP.
000028.695|app1 |3|00|DNS resolver server is '10.2.0.1'
000028.695|app1 |3|00|DNS resolver search domain is 'lan'
000028.745|app1 |3|00|Bootline: esw(3,0)bootHost:flash e=10.2.0.162:ffffff00:15180:1b h=74.114.208.245 g=10.2.0.1 u=**** pw=**** f=0x40 tn=CircaIP
000028.745|app1 |4|00|Could not load time from  (0.0.0.0).
000028.745|app1 |3|00|DHCP returned result 0x287 from server 10.2.0.1.
000028.745|app1 |3|00|   Phone IP address is 10.2.0.162.
000028.745|app1 |3|00|   Subnet mask is 255.255.255.0.
000028.745|app1 |3|00|   Gateway address is 10.2.0.1.
000028.745|app1 |3|00|   DNS server is 10.2.0.1.
000028.745|app1 |3|00|   DNS domain is lan.
000029.095|dns  |3|00|DNS lookup for 'p.voxter.com'(74.114.208.245) TTL=20633
000029.100|copy |3|00|'http://PlcmSpIp:****@p.voxter.com/0004f2f33782.cfg' from 'p.voxter.com(74.114.208.245)'
000034.825|copy |3|00|Download of '0004f2f33782.cfg' succeeded on attempt 1 (addr 1 of 1)
000034.825|copy |3|00|File /ffs0/init.mac is up to date
000034.835|copy |3|00|'http://PlcmSpIp:****@p.voxter.com/000000000000.cfg' from 'p.voxter.com(74.114.208.245)'
000040.730|copy |3|00|Download of '000000000000.cfg' succeeded on attempt 1 (addr 1 of 1)
000040.805|cfg  |*|00|Prov|Starting to update 3111-30900-001.sip.ld
000040.920|copy |3|00|'http://PlcmSpIp:****@p.voxter.com/3111-30900-001.sip.ld' from 'p.voxter.com(74.114.208.245)'
000046.820|copy |3|00|Download of '3111-30900-001.sip.ld' succeeded on attempt 1 (addr 1 of 1)
000046.820|cfg  |3|00|Could not get all 512 bytes of the header
000046.930|app1 |4|00|Error downloading 3111-30900-001.sip.ld
000046.935|cfg  |*|00|Prov|Starting to update sip.ld
000047.040|copy |3|00|'http://PlcmSpIp:****@p.voxter.com/sip.ld' from 'p.voxter.com(74.114.208.245)'
000047.255|copy |3|00|Download of 'sip.ld' succeeded on attempt 1 (addr 1 of 1)
000047.255|cfg  |3|00|Could not get all 512 bytes of the header
000047.345|app1 |4|00|Error downloading sip.ld
000047.355|cfg  |4|00|Prov|Provisioning failed
000047.455|app1 |6|00|Error application is not present.
000047.455|app1 |6|00|Uploading boot log, time is MON JAN 01 00:00:47 2007

000047.970|copy |3|00|'http://PlcmSpIp:****@p.voxter.com/logs/0004f2f33782-boot.log' to 'p.voxter.com(74.114.208.245)'
000048.760|copy |3|00|Upload of 'logs/0004f2f33782-boot.log' succeeded on attempt 1 (addr 1 of 1)
000053.760|app1 |3|00|Event: Multiple Key Combo 1
000053.760|app1 |6|00|Manual Reboot
000057.395|wdog |*|00|Watchdog Expired: tApp1
000000.245|so   |*|00|---------- Initial log entry ----------
000000.245|so   |*|00|+++ Note that bootrom log times are in GMT +++
000000.245|copy |*|00|Initial log entry. Current logging level 3
000000.245|utilm|*|00|Initial log entry. Current logging level 4
000000.245|hw   |*|00|Initial log entry. Current logging level 4
000000.245|ethf |*|00|Initial log entry. Current logging level 4
000000.245|dns  |*|00|Initial log entry. Current logging level 3
000000.245|curl |*|00|Initial log entry. Current logging level 3
000000.245|sec  |*|00|Initial log entry. Current logging level 4
000000.400|wdog |*|00|Initial log entry. Current logging level 4
000000.400|lldp |*|00|Initial log entry. Current logging level 3
000000.400|lldp |3|00|LLDP is DISABLED.
000000.405|cdp  |*|00|Initial log entry. Current logging level 3
000000.405|cdp  |3|00|CDP is DISABLED.
000000.405|key  |*|00|Initial log entry. Current logging level 4
000000.415|so   |3|00|Platform: Model=SoundStation IP 5000, Assembly=3111-30900-001 Rev=G Region=0
000000.415|so   |3|00|Platform: Board=3111-30900-001 1 0
000000.415|so   |3|00|Platform: MAC=0004f2f33782, IP=Resolving, Subnet Mask=Resolving
000000.415|so   |3|00|Platform: BootBlock=3.0.2.0024 (30900-001) 30-Nov-10 15:06
000000.415|so   |3|00|Application, main: Label=BOOT, Version=Muscovite 4.4.0.0080 26-Jul-11 13:56
000000.415|so   |3|00|Application, main: P/N=3150-11069-440
000000.415|app1 |*|00|Initial log entry. Current logging level 3
000000.560|cfg  |*|00|Initial log entry. Current logging level 2
000000.630|cfg  |3|00|Current BootBlock revision is '3.0.2 (30900-001).0024'
000000.630|cfg  |*|00|Prov|Updating BootBlock
000000.630|cfg  |3|00|Checking pre-compiled image 3111-30900-001.bootblock.ld
000000.630|cfg  |3|00|New load header information:
000000.630|cfg  |3|00|Code length:         0x0000F119
000000.630|cfg  |3|00|Header check Sum:    0x0066D5C9
000000.630|cfg  |3|00|Code check Sum:      0x0065E284
000000.630|cfg  |3|00|Options:             0x00000020
000000.630|cfg  |3|00|Recognized compatible bootBlock
000000.640|cfg  |3|00|BootBlock is already present
000000.640|cfg  |3|00|Image is already up to date
000000.640|app1 |*|00|BootBlock is already up to date.
000001.400|so   |3|00|Link status is Net up Speed 100 full Duplex.
000012.205|lldp |3|00|LLDP did not receive a response from a switch. Disabling LLDP.
000018.185|cdp  |3|00|CDP did not receive a response from a switch. Disabling CDP.
000028.695|app1 |3|00|DNS resolver server is '10.2.0.1'
000028.695|app1 |3|00|DNS resolver search domain is 'lan'
000028.745|app1 |3|00|Bootline: esw(3,0)bootHost:flash e=10.2.0.162:ffffff00:15180:1b h=74.114.208.245 g=10.2.0.1 u=**** pw=**** f=0x40 tn=CircaIP
000028.750|app1 |4|00|Could not load time from  (0.0.0.0).
000028.750|app1 |3|00|DHCP returned result 0x287 from server 10.2.0.1.
000028.750|app1 |3|00|   Phone IP address is 10.2.0.162.
000028.750|app1 |3|00|   Subnet mask is 255.255.255.0.
000028.750|app1 |3|00|   Gateway address is 10.2.0.1.
000028.750|app1 |3|00|   DNS server is 10.2.0.1.
000028.750|app1 |3|00|   DNS domain is lan.
000029.095|dns  |3|00|DNS lookup for 'p.voxter.com'(74.114.208.245) TTL=11833
000029.095|copy |3|00|'http://PlcmSpIp:****@p.voxter.com/0004f2f33782.cfg' from 'p.voxter.com(74.114.208.245)'
000034.845|copy |3|00|Download of '0004f2f33782.cfg' succeeded on attempt 1 (addr 1 of 1)
000034.845|copy |3|00|File /ffs0/init.mac is up to date
000034.855|copy |3|00|'http://PlcmSpIp:****@p.voxter.com/000000000000.cfg' from 'p.voxter.com(74.114.208.245)'
000040.730|copy |3|00|Download of '000000000000.cfg' succeeded on attempt 1 (addr 1 of 1)
000040.805|cfg  |*|00|Prov|Starting to update 3111-30900-001.sip.ld
000040.920|copy |3|00|'http://PlcmSpIp:****@p.voxter.com/3111-30900-001.sip.ld' from 'p.voxter.com(74.114.208.245)'
000052.745|cfg  |3|00|New load header information:
000052.745|cfg  |3|00|Code length:         0x004AF4B8
000052.745|cfg  |3|00|Header check Sum:    0x07547284
000052.745|cfg  |3|00|Code check Sum:      0x07097CA8
000052.745|cfg  |3|00|Options:             0x00000080
000052.745|cfg  |3|00|Recognized container image
000052.745|cfg  |3|00|New load header information:
000052.745|cfg  |3|00|Code length:         0x003CD0B5
000052.745|cfg  |3|00|Header check Sum:    0x2840D2ED
000052.745|cfg  |3|00|Code check Sum:      0x1E4B19CF
000052.745|cfg  |3|00|Options:             0x00000102
000052.745|cfg  |3|00|Could not open application file for checking
000052.745|cfg  |3|00|Application in container image 1 is different
000052.745|cfg  |3|00|New load header information:
000052.750|cfg  |3|00|Code length:         0x000E1B10
000052.750|cfg  |3|00|Header check Sum:    0x3216FA02
000052.750|cfg  |3|00|Code check Sum:      0x0708DCBE
000052.750|cfg  |3|00|Options:             0x00000110
000052.750|cfg  |3|00|BootROM header is different
000052.750|cfg  |3|00|BootROM in container image 2 is different
000052.750|cfg  |3|00|Using bootROM
000125.140|cfg  |*|00|Prov|Updating BootROM
000125.145|cfg  |3|00|Using compatible image 0
000132.800|copy |3|00|Download of '3111-30900-001.sip.ld' succeeded on attempt 1 (addr 1 of 1)
000133.105|sig  |*|00|Initial log entry. Current logging level 3
000133.105|sig  |3|00|hwSigParseRemove: found key Sig_3.
000133.340|cfg  |3|00|Good image signature
000133.465|cfg  |4|00|Removing application...
000133.700|cfg  |3|00|Programming BootROM from sector 19 to 36
000150.370|cfg  |3|00|Programming to sector 19 complete
000150.535|cfg  |3|00|Invalidated old image at sector 1, offset 20.
000151.145|cfg  |*|00|Prov|Image has been changed
000151.235|cfg  |*|00|Prov|Provisioning needs to reboot to upgrade image(s)
000000.270|so   |*|01|---------- Initial log entry ----------
000000.270|so   |*|01|+++ Note that Updater log times are in GMT +++
000000.270|boot |*|01|Initial log entry. Current logging level 3
000000.270|copy |*|01|Initial log entry. Current logging level 3
000000.270|utilm|*|01|Initial log entry. Current logging level 4
000000.270|hw   |*|01|Initial log entry. Current logging level 4
000000.270|ethf |*|01|Initial log entry. Current logging level 4
000000.270|dns  |*|01|Initial log entry. Current logging level 3
000000.270|curl |*|01|Initial log entry. Current logging level 3
000000.270|sec  |*|01|Initial log entry. Current logging level 4
000000.430|wdog |*|01|Initial log entry. Current logging level 4
000000.430|lldp |*|01|Initial log entry. Current logging level 3
000000.430|cdp  |*|01|Initial log entry. Current logging level 3
000000.430|key  |*|01|Initial log entry. Current logging level 4
000000.430|so   |3|01|Platform: Model=SoundStation IP 5000, Assembly=3111-30900-001 Rev=G Region=0
000000.430|so   |3|01|Platform: Board=3111-30900-001 1 0
000000.430|so   |3|01|Platform: MAC=0004f2f33782
000000.430|so   |3|01|Platform: BootBlock=3.0.2.0024 (30900-001) 30-Nov-10 15:06
000000.430|so   |3|01|Application, main: Label=Updater, Version=Azurite 5.0.5.2324 09-Dec-13 16:11
000000.430|so   |3|01|Application, main: P/N=YYYY-YYYYY-YYY
000000.430|log  |*|01|Install file upload callback for 'Updater'

000000.430|app1 |*|01|Initial log entry. Current logging level 3
000000.575|cfg  |*|01|Initial log entry. Current logging level 2
000000.580|app1 |3|01|Application image is not present.
000000.650|dot1x|*|01|Initial log entry. Current logging level 3
000001.425|so   |3|01|Link status is Net up Speed 100 full Duplex.
000003.600|tls  |*|01|Initial log entry. Current logging level 4
000012.640|lldp |3|01|LLDP did not receive a response from a switch. Disabling LLDP.
000017.725|cdp  |3|01|CDP did not receive a response from a switch. Disabling CDP.
000028.235|dns  |*|01|DNS resolver servers are '10.2.0.1' '0.0.0.0'
000028.235|dns  |*|01|DNS resolver search domain is 'lan'
000028.235|app1 |3|01|DNS resolver server is '10.2.0.1'
000028.235|app1 |3|01|DNS resolver search domain is 'lan'
000028.290|dns  |3|01|DNS lookup for (A) 'p.voxter.com'(74.114.208.245) TTL=15203
000028.290|app1 |3|01|Bootline: esw(3,0)bootHost:flash e=10.2.0.162:ffffff00:15180:1a h=74.114.208.245 g=10.2.0.1 u=**** pw=**** f=0x40 tn=CircaIP
000028.290|app1 |4|01|Could not load time from  (0.0.0.0).
000028.290|app1 |3|01|DHCP returned result 0x287 from server 10.2.0.1.
000028.290|app1 |3|01|   Phone IP address is 10.2.0.162.
000028.290|app1 |3|01|   Subnet mask is 255.255.255.0.
000028.290|app1 |3|01|   Gateway address is 10.2.0.1.
000028.290|app1 |3|01|   DNS server is 10.2.0.1.
000028.290|app1 |3|01|   DNS domain is lan.
000028.915|copy |3|01|'http://PlcmSpIp:****@p.voxter.com/0004f2f33782.cfg' from 'p.voxter.com(74.114.208.245)'
000029.255|copy |3|01|Download of '0004f2f33782.cfg' succeeded on attempt 1 (addr 1 of 1)
000029.340|cfg  |*|01|Prov|Starting to update 3111-30900-001.sip.ld
000029.460|copy |3|01|'http://PlcmSpIp:****@p.voxter.com/3111-30900-001.sip.ld' from 'p.voxter.com(74.114.208.245)'
000029.905|cfg  |3|01|New load header information:
000029.905|cfg  |3|01|Code length:         0x004AF4B8
000029.905|cfg  |3|01|Code Checksum:       0x07097CA8
000029.905|cfg  |3|01|Options:             0x00000080
000029.905|cfg  |3|01|Recognized container image
000029.905|cfg  |3|01|New load header information:
000029.905|cfg  |3|01|Code length:         0x003CD0B5
000029.905|cfg  |3|01|Code Checksum:       0x1E4B19CF
000029.905|cfg  |3|01|Options:             0x00000102
000029.905|cfg  |3|01|Could not open application file for checking
000029.905|cfg  |3|01|Application in container image 1 is different
000029.905|cfg  |3|01|New load header information:
000029.905|cfg  |3|01|Code length:         0x000E1B10
000029.905|cfg  |3|01|Code Checksum:       0x0708DCBE
000029.905|cfg  |3|01|Options:             0x00000110
000029.910|cfg  |3|01|Updater is already present
000029.910|cfg  |3|01|Updater in container image 2 is not different
000029.910|cfg  |3|01|Using application
000030.035|cfg  |*|01|Prov|Updating the Application
000030.040|cfg  |3|01|Using compatible image 0
000102.495|copy |3|01|buffered_write: transfer terminated
000102.495|copy |3|01|Download of '3111-30900-001.sip.ld' succeeded on attempt 1 (addr 1 of 1)
000102.975|sig  |*|01|Initial log entry. Current logging level 3
000102.975|sig  |3|01|hwSigParseRemove: found key Sig_3.
000103.965|cfg  |3|01|Good image signature
000104.205|cfg  |3|01|Programming 3986157 bytes into tffs in 4K blocks
000233.105|cfg  |*|01|Prov|Succeeded updating file 3111-30900-001.sip.ld
000233.200|cfg  |*|01|Prov|Image has been changed
000233.315|cfg  |3|01|Prov|Provisioning succeeded
000233.385|app1 |3|01|Application, load: Type=SIP, Version=4.0.6.0711 26-Feb-14 08:43
000233.390|boot |*|01|Using TFFS for flash load
000233.390|boot |*|01|Code length:         0x003CD0B5
000233.390|boot |*|01|Code checksum:       0x1E4B19CF
000233.390|cfg  |*|01|Prov|Finished updating configuration
000244.635|app1 |4|01|Loaded application sip.ld from local system successfully.
000244.635|app1 |6|01|Uploading boot log, time is MON JAN 01 00:02:44 2007

000244.885|copy |3|01|'http://PlcmSpIp:****@p.voxter.com/logs/0004f2f33782-boot.log' to 'p.voxter.com(74.114.208.245)'
000245.790|copy |3|01|Upload of 'logs/0004f2f33782-boot.log' succeeded on attempt 1 (addr 1 of 1)
000245.980|cfg  |3|01|Prov|Shutting down
000000.280|so   |*|01|---------- Initial log entry ----------
000000.280|so   |*|01|+++ Note that Updater log times are in GMT +++
000000.280|boot |*|01|Initial log entry. Current logging level 3
000000.280|copy |*|01|Initial log entry. Current logging level 3
000000.280|utilm|*|01|Initial log entry. Current logging level 4
000000.280|hw   |*|01|Initial log entry. Current logging level 4
000000.280|ethf |*|01|Initial log entry. Current logging level 4
000000.280|dns  |*|01|Initial log entry. Current logging level 3
000000.280|curl |*|01|Initial log entry. Current logging level 3
000000.280|sec  |*|01|Initial log entry. Current logging level 4
000000.440|wdog |*|01|Initial log entry. Current logging level 4
000000.440|lldp |*|01|Initial log entry. Current logging level 3
000000.440|cdp  |*|01|Initial log entry. Current logging level 3
000000.440|key  |*|01|Initial log entry. Current logging level 4
000000.440|so   |3|01|Platform: Model=SoundStation IP 5000, Assembly=3111-30900-001 Rev=G Region=0
000000.440|so   |3|01|Platform: Board=3111-30900-001 1 0
000000.440|so   |3|01|Platform: MAC=0004f2f33782
000000.440|so   |3|01|Platform: BootBlock=3.0.2.0024 (30900-001) 30-Nov-10 15:06
000000.440|so   |3|01|Application, main: Label=Updater, Version=Azurite 5.0.5.2324 09-Dec-13 16:11
000000.440|so   |3|01|Application, main: P/N=YYYY-YYYYY-YYY
000000.440|log  |*|01|Install file upload callback for 'Updater'

000000.445|app1 |*|01|Initial log entry. Current logging level 3
000000.590|cfg  |*|01|Initial log entry. Current logging level 2
000000.670|app1 |3|01|Application, load: Type=SIP, Version=4.0.6.0711 26-Feb-14 08:43
000000.685|boot |*|01|Using TFFS for flash load
000000.695|boot |*|01|Code length:         0x003CD0B5
000000.695|boot |*|01|Code checksum:       0x1E4B19CF
000001.440|so   |3|01|Link status is Net down.
000002.440|so   |3|01|Link status is Net up Speed 100 full Duplex.
000012.135|app1 |4|01|Loaded application sip.ld from local system successfully.
000000.280|so   |*|01|---------- Initial log entry ----------
000000.280|so   |*|01|+++ Note that Updater log times are in GMT +++
000000.280|boot |*|01|Initial log entry. Current logging level 3
000000.280|copy |*|01|Initial log entry. Current logging level 3
000000.280|utilm|*|01|Initial log entry. Current logging level 4
000000.280|hw   |*|01|Initial log entry. Current logging level 4
000000.280|ethf |*|01|Initial log entry. Current logging level 4
000000.280|dns  |*|01|Initial log entry. Current logging level 3
000000.280|curl |*|01|Initial log entry. Current logging level 3
000000.280|sec  |*|01|Initial log entry. Current logging level 4
000000.440|wdog |*|01|Initial log entry. Current logging level 4
000000.440|lldp |*|01|Initial log entry. Current logging level 3
000000.440|cdp  |*|01|Initial log entry. Current logging level 3
000000.440|key  |*|01|Initial log entry. Current logging level 4
000000.440|so   |3|01|Platform: Model=SoundStation IP 5000, Assembly=3111-30900-001 Rev=G Region=0
000000.440|so   |3|01|Platform: Board=3111-30900-001 1 0
000000.440|so   |3|01|Platform: MAC=0004f2f33782
000000.440|so   |3|01|Platform: BootBlock=3.0.2.0024 (30900-001) 30-Nov-10 15:06
000000.440|so   |3|01|Application, main: Label=Updater, Version=Azurite 5.0.5.2324 09-Dec-13 16:11
000000.440|so   |3|01|Application, main: P/N=YYYY-YYYYY-YYY
000000.440|log  |*|01|Install file upload callback for 'Updater'

000000.445|app1 |*|01|Initial log entry. Current logging level 3
000000.585|cfg  |*|01|Initial log entry. Current logging level 2
000000.655|dot1x|*|01|Initial log entry. Current logging level 3
000000.655|app1 |3|01|Starting provisioning because of the start type.
000001.440|so   |3|01|Link status is Net up Speed 100 full Duplex.
000003.370|tls  |*|01|Initial log entry. Current logging level 4
000012.410|lldp |3|01|LLDP did not receive a response from a switch. Disabling LLDP.
000017.575|cdp  |3|01|CDP did not receive a response from a switch. Disabling CDP.
000028.085|dns  |*|01|DNS resolver servers are '10.2.0.1' '0.0.0.0'
000028.085|dns  |*|01|DNS resolver search domain is 'lan'
000028.085|app1 |3|01|DNS resolver server is '10.2.0.1'
000028.085|app1 |3|01|DNS resolver search domain is 'lan'
000028.135|dns  |3|01|DNS lookup for (A) 'p.voxter.com'(74.114.208.245) TTL=21526
000028.135|app1 |3|01|Bootline: esw(3,0)bootHost:flash e=10.2.0.165:ffffff00:15180:1a h=74.114.208.245 g=10.2.0.1 u=**** pw=**** f=0x40 tn=CircaIP
000028.135|app1 |3|01|DHCP returned result 0x287 from server 10.2.0.1.
000028.135|app1 |3|01|   Phone IP address is 10.2.0.165.
000028.135|app1 |3|01|   Subnet mask is 255.255.255.0.
000028.135|app1 |3|01|   Gateway address is 10.2.0.1.
000028.135|app1 |3|01|   DNS server is 10.2.0.1.
000028.135|app1 |3|01|   DNS domain is lan.
000028.185|dns  |3|01|DNS lookup for (A) 'pool.ntp.org'(204.2.134.164,66.228.42.59,198.55.111.5) TTL=105
0309164120|app1 |3|01|Time has been set from pool.ntp.org (204.2.134.164).
0309164120|app1 |3|01|   1425919280: 2015-3-9, 16:41:20, DST off
0309164120|copy |3|01|'http://PlcmSpIp:****@p.voxter.com/0004f2f33782.cfg' from 'p.voxter.com(74.114.208.245)'
0309164120|copy |3|01|Download of '0004f2f33782.cfg' succeeded on attempt 1 (addr 1 of 1)
0309164120|cfg  |*|01|Prov|Starting to update 3111-30900-001.sip.ld
0309164120|copy |3|01|'http://PlcmSpIp:****@p.voxter.com/3111-30900-001.sip.ld' from 'p.voxter.com(74.114.208.245)'
0309164121|cfg  |3|01|New load header information:
0309164121|cfg  |3|01|Code length:         0x004B3678
0309164121|cfg  |3|01|Code Checksum:       0x0712E909
0309164121|cfg  |3|01|Options:             0x00000080
0309164121|cfg  |3|01|Recognized container image
0309164121|cfg  |3|01|New load header information:
0309164121|cfg  |3|01|Code length:         0x003CFAB5
0309164121|cfg  |3|01|Code Checksum:       0x1E5A457E
0309164121|cfg  |3|01|Options:             0x00000102
0309164121|cfg  |3|01|Application header is different
0309164121|cfg  |3|01|Application in container image 1 is different
0309164121|cfg  |3|01|New load header information:
0309164121|cfg  |3|01|Code length:         0x000E32D0
0309164121|cfg  |3|01|Code Checksum:       0x071247D1
0309164121|cfg  |3|01|Options:             0x00000110
0309164121|cfg  |3|01|Updater header is different
0309164121|cfg  |3|01|Updater in container image 2 is different
0309164121|cfg  |3|01|Using Updater
0309164151|cfg  |*|01|Prov|Updating the Updater
0309164151|cfg  |3|01|Using compatible image 0
0309164159|copy |3|01|Download of '3111-30900-001.sip.ld' succeeded on attempt 1 (addr 1 of 1)
0309164159|sig  |*|01|Initial log entry. Current logging level 3
0309164159|sig  |3|01|hwSigParseRemove: found key Sig_3.
0309164159|cfg  |3|01|Good image signature
0309164159|cfg  |4|01|Removing application...
0309164200|cfg  |3|01|Programming Updater from sector 1 to 18
0309164218|cfg  |3|01|Programming to sector 1 complete
0309164218|cfg  |3|01|Invalidated old image at sector 19, offset 20.
0309164218|cfg  |*|01|Prov|Image has been changed
0309164218|cfg  |*|01|Prov|Provisioning needs to reboot to upgrade image(s)
000000.285|so   |*|01|---------- Initial log entry ----------
000000.285|so   |*|01|+++ Note that Updater log times are in GMT +++
000000.285|boot |*|01|Initial log entry. Current logging level 3
000000.285|copy |*|01|Initial log entry. Current logging level 3
000000.285|utilm|*|01|Initial log entry. Current logging level 4
000000.285|hw   |*|01|Initial log entry. Current logging level 4
000000.285|ethf |*|01|Initial log entry. Current logging level 4
000000.285|dns  |*|01|Initial log entry. Current logging level 3
000000.285|curl |*|01|Initial log entry. Current logging level 3
000000.285|sec  |*|01|Initial log entry. Current logging level 4
000000.445|wdog |*|01|Initial log entry. Current logging level 4
000000.445|lldp |*|01|Initial log entry. Current logging level 3
000000.445|cdp  |*|01|Initial log entry. Current logging level 3
000000.445|key  |*|01|Initial log entry. Current logging level 4
000000.445|so   |3|01|Platform: Model=SoundStation IP 5000, Assembly=3111-30900-001 Rev=G Region=0
000000.445|so   |3|01|Platform: Board=3111-30900-001 1 0
000000.445|so   |3|01|Platform: MAC=0004f2f33782
000000.445|so   |3|01|Platform: BootBlock=3.0.2.0024 (30900-001) 30-Nov-10 15:06
000000.445|so   |3|01|Application, main: Label=Updater, Version=Azurite 5.0.8.0935 14-Jan-15 20:29
000000.445|so   |3|01|Application, main: P/N=3150-11069-508
000000.445|log  |*|01|Install file upload callback for 'Updater'

000000.445|app1 |*|01|Initial log entry. Current logging level 3
000000.590|cfg  |*|01|Initial log entry. Current logging level 2
000000.660|dot1x|*|01|Initial log entry. Current logging level 3
000000.660|app1 |3|01|Starting provisioning because of the start type.
000001.440|so   |3|01|Link status is Net up Speed 100 full Duplex.
000003.245|tls  |*|01|Initial log entry. Current logging level 4
000012.285|lldp |3|01|LLDP did not receive a response from a switch. Disabling LLDP.
000017.715|cdp  |3|01|CDP did not receive a response from a switch. Disabling CDP.
000028.225|dns  |*|01|DNS resolver servers are '10.2.0.1' '0.0.0.0'
000028.225|dns  |*|01|DNS resolver search domain is 'lan'
000028.225|app1 |3|01|DNS resolver server is '10.2.0.1'
000028.225|app1 |3|01|DNS resolver search domain is 'lan'
000028.275|dns  |3|01|DNS lookup for (A) 'p.voxter.com'(74.114.208.245) TTL=21057
000028.275|app1 |3|01|Bootline: esw(3,0)bootHost:flash e=10.2.0.165:ffffff00:15180:1a h=74.114.208.245 g=10.2.0.1 u=**** pw=**** f=0x40 tn=CircaIP
000028.275|app1 |3|01|DHCP returned result 0x287 from server 10.2.0.1.
000028.275|app1 |3|01|   Phone IP address is 10.2.0.165.
000028.275|app1 |3|01|   Subnet mask is 255.255.255.0.
000028.275|app1 |3|01|   Gateway address is 10.2.0.1.
000028.275|app1 |3|01|   DNS server is 10.2.0.1.
000028.275|app1 |3|01|   DNS domain is lan.
000028.325|dns  |3|01|DNS lookup for (A) 'pool.ntp.org'(204.2.134.164,66.228.42.59,198.55.111.5) TTL=13
0309164252|app1 |3|01|Time has been set from pool.ntp.org (204.2.134.164).
0309164252|app1 |3|01|   1425919372: 2015-3-9, 16:42:52, DST off
0309164252|copy |3|01|'http://PlcmSpIp:****@p.voxter.com/0004f2f33782.cfg' from 'p.voxter.com(74.114.208.245)'
0309164252|copy |3|01|Download of '0004f2f33782.cfg' succeeded on attempt 1 (addr 1 of 1)
0309164252|cfg  |*|01|Prov|Starting to update 3111-30900-001.sip.ld
0309164253|copy |3|01|'http://PlcmSpIp:****@p.voxter.com/3111-30900-001.sip.ld' from 'p.voxter.com(74.114.208.245)'
0309164253|cfg  |3|01|New load header information:
0309164253|cfg  |3|01|Code length:         0x004B3678
0309164253|cfg  |3|01|Code Checksum:       0x0712E909
0309164253|cfg  |3|01|Options:             0x00000080
0309164253|cfg  |3|01|Recognized container image
0309164253|cfg  |3|01|New load header information:
0309164253|cfg  |3|01|Code length:         0x003CFAB5
0309164253|cfg  |3|01|Code Checksum:       0x1E5A457E
0309164253|cfg  |3|01|Options:             0x00000102
0309164253|cfg  |3|01|Could not open application file for checking
0309164253|cfg  |3|01|Application in container image 1 is different
0309164253|cfg  |3|01|New load header information:
0309164253|cfg  |3|01|Code length:         0x000E32D0
0309164253|cfg  |3|01|Code Checksum:       0x071247D1
0309164253|cfg  |3|01|Options:             0x00000110
0309164253|cfg  |3|01|Updater is already present
0309164253|cfg  |3|01|Updater in container image 2 is not different
0309164253|cfg  |3|01|Using application
0309164253|cfg  |*|01|Prov|Updating the Application
0309164253|cfg  |3|01|Using compatible image 0
0309164324|copy |3|01|buffered_write: transfer terminated
0309164324|copy |3|01|Download of '3111-30900-001.sip.ld' succeeded on attempt 1 (addr 1 of 1)
0309164324|sig  |*|01|Initial log entry. Current logging level 3
0309164324|sig  |3|01|hwSigParseRemove: found key Sig_3.
0309164325|cfg  |3|01|Good image signature
0309164325|cfg  |3|01|Programming 3996909 bytes into tffs in 4K blocks
0309164450|cfg  |*|01|Prov|Succeeded updating file 3111-30900-001.sip.ld
0309164450|cfg  |*|01|Prov|Image has been changed
0309164450|cfg  |3|01|Prov|Provisioning succeeded
0309164450|app1 |3|01|Application, load: Type=SIP, Version=4.0.8.1608 07-Feb-15 11:08
0309164450|boot |*|01|Using TFFS for flash load
0309164450|boot |*|01|Code length:         0x003CFAB5
0309164450|boot |*|01|Code checksum:       0x1E5A457E
0309164450|cfg  |*|01|Prov|Finished updating configuration
0309164502|app1 |4|01|Loaded application sip.ld from local system successfully.
0309164502|app1 |6|01|Uploading boot log, time is MON MAR 09 16:45:02 2015

0309164502|copy |3|01|'http://PlcmSpIp:****@p.voxter.com/logs/0004f2f33782-boot.log' to 'p.voxter.com(74.114.208.245)'
0309164503|copy |3|01|Upload of 'logs/0004f2f33782-boot.log' succeeded on attempt 1 (addr 1 of 1)
0309164503|cfg  |3|01|Prov|Shutting down
000000.285|so   |*|01|---------- Initial log entry ----------
000000.285|so   |*|01|+++ Note that Updater log times are in GMT +++
000000.285|boot |*|01|Initial log entry. Current logging level 3
000000.285|copy |*|01|Initial log entry. Current logging level 3
000000.285|utilm|*|01|Initial log entry. Current logging level 4
000000.285|hw   |*|01|Initial log entry. Current logging level 4
000000.285|ethf |*|01|Initial log entry. Current logging level 4
000000.285|dns  |*|01|Initial log entry. Current logging level 3
000000.285|curl |*|01|Initial log entry. Current logging level 3
000000.285|sec  |*|01|Initial log entry. Current logging level 4
000000.450|wdog |*|01|Initial log entry. Current logging level 4
000000.450|lldp |*|01|Initial log entry. Current logging level 3
000000.450|cdp  |*|01|Initial log entry. Current logging level 3
000000.450|key  |*|01|Initial log entry. Current logging level 4
000000.450|so   |3|01|Platform: Model=SoundStation IP 5000, Assembly=3111-30900-001 Rev=G Region=0
000000.450|so   |3|01|Platform: Board=3111-30900-001 1 0
000000.450|so   |3|01|Platform: MAC=0004f2f33782
000000.450|so   |3|01|Platform: BootBlock=3.0.2.0024 (30900-001) 30-Nov-10 15:06
000000.450|so   |3|01|Application, main: Label=Updater, Version=Azurite 5.0.8.0935 14-Jan-15 20:29
000000.450|so   |3|01|Application, main: P/N=3150-11069-508
000000.450|log  |*|01|Install file upload callback for 'Updater'

000000.450|app1 |*|01|Initial log entry. Current logging level 3
000000.600|cfg  |*|01|Initial log entry. Current logging level 2
000000.675|app1 |3|01|Application, load: Type=SIP, Version=4.0.8.1608 07-Feb-15 11:08
000000.690|boot |*|01|Using TFFS for flash load
000000.710|boot |*|01|Code length:         0x003CFAB5
000000.710|boot |*|01|Code checksum:       0x1E5A457E
000001.445|so   |3|01|Link status is Net down.
000002.445|so   |3|01|Link status is Net up Speed 100 full Duplex.
000012.125|app1 |4|01|Loaded application sip.ld from local system successfully.
000000.285|so   |*|01|---------- Initial log entry ----------
000000.285|so   |*|01|+++ Note that Updater log times are in GMT +++
000000.285|boot |*|01|Initial log entry. Current logging level 3
000000.285|copy |*|01|Initial log entry. Current logging level 3
000000.285|utilm|*|01|Initial log entry. Current logging level 4
000000.285|hw   |*|01|Initial log entry. Current logging level 4
000000.285|ethf |*|01|Initial log entry. Current logging level 4
000000.285|dns  |*|01|Initial log entry. Current logging level 3
000000.285|curl |*|01|Initial log entry. Current logging level 3
000000.285|sec  |*|01|Initial log entry. Current logging level 4
000000.450|wdog |*|01|Initial log entry. Current logging level 4
000000.450|lldp |*|01|Initial log entry. Current logging level 3
000000.450|cdp  |*|01|Initial log entry. Current logging level 3
000000.450|key  |*|01|Initial log entry. Current logging level 4
000000.450|so   |3|01|Platform: Model=SoundStation IP 5000, Assembly=3111-30900-001 Rev=G Region=0
000000.450|so   |3|01|Platform: Board=3111-30900-001 1 0
000000.450|so   |3|01|Platform: MAC=0004f2f33782
000000.450|so   |3|01|Platform: BootBlock=3.0.2.0024 (30900-001) 30-Nov-10 15:06
000000.450|so   |3|01|Application, main: Label=Updater, Version=Azurite 5.0.8.0935 14-Jan-15 20:29
000000.450|so   |3|01|Application, main: P/N=3150-11069-508
000000.450|log  |*|01|Install file upload callback for 'Updater'

000000.450|app1 |*|01|Initial log entry. Current logging level 3
000000.600|cfg  |*|01|Initial log entry. Current logging level 2
000000.675|app1 |3|01|Application, load: Type=SIP, Version=4.0.8.1608 07-Feb-15 11:08
000000.690|boot |*|01|Using TFFS for flash load
000000.710|boot |*|01|Code length:         0x003CFAB5
000000.710|boot |*|01|Code checksum:       0x1E5A457E
000001.445|so   |3|01|Link status is Net down.
000002.445|so   |3|01|Link status is Net up Speed 100 full Duplex.
000012.130|app1 |4|01|Loaded application sip.ld from local system successfully.
