000001.769|so   |*|01|---------- Initial log entry ----------
000001.769|so   |*|01|+++ Note that Updater log times are in GMT +++
000001.769|boot |*|01|Initial log entry. Current logging level 3
000001.769|copy |*|01|Initial log entry. Current logging level 3
000001.769|utilm|*|01|Initial log entry. Current logging level 4
000001.769|hw   |*|01|Initial log entry. Current logging level 4
000001.769|ethf |*|01|Initial log entry. Current logging level 4
000001.769|dns  |*|01|Initial log entry. Current logging level 3
000001.769|curl |*|01|Initial log entry. Current logging level 3
000001.769|sec  |*|01|Initial log entry. Current logging level 4
000002.072|wdog |*|01|Initial log entry. Current logging level 4
000002.072|lldp |*|01|Initial log entry. Current logging level 3
000002.072|cdp  |*|01|Initial log entry. Current logging level 3
000002.072|key  |*|01|Initial log entry. Current logging level 4
000002.073|so   |3|01|Platform: Model=SoundStation IP 7000, Assembly=3111-40000-001 Rev=N Region=
000002.073|so   |3|01|Platform: Board=3111-40000-001 1 0
000002.073|so   |3|01|Platform: MAC=0004f2efb439
000002.073|so   |3|01|Platform: BootBlock=3.0.2.0024 (40000-001) 30-Nov-10 15:04
000002.073|so   |*|01|Platform: BootL1=Standalone.0002 15-Jan-07 15:05:00
000002.073|so   |3|01|Application, main: Label=Updater, Version=Azurite 5.0.5.2324 09-Dec-13 14:37
000002.073|so   |3|01|Application, main: P/N=YYYY-YYYYY-YYY
000002.073|log  |*|01|Install file upload callback for 'Updater'

000002.073|app1 |*|01|Initial log entry. Current logging level 3
000002.077|cfg  |*|01|Initial log entry. Current logging level 2
000002.077|dot1x|*|01|Initial log entry. Current logging level 3
000002.077|app1 |3|01|Starting provisioning because of the start type.
000003.064|so   |3|01|Link status is Net up Speed 100 full Duplex.
000004.537|tls  |*|01|Initial log entry. Current logging level 4
000010.683|lldp |3|01|LLDP received a response from a switch. LLDP enabled.
000014.797|dns  |*|01|DNS resolver servers are '8.8.8.8' '8.8.4.4'
000014.797|dns  |*|01|DNS resolver search domain is ''
000014.854|dns  |3|01|DNS lookup for (A) 'p.voxter.com'(74.114.208.245) TTL=21562
000014.854|app1 |3|01|DHCP returned result 0x187 from server 10.2.0.1.
000014.854|app1 |3|01|   Phone IP address is 10.2.0.238.
000014.854|app1 |3|01|   Subnet mask is 255.255.255.0.
000014.854|app1 |3|01|   Gateway address is 10.2.0.1.
000014.854|app1 |3|01|   DNS server is 8.8.8.8.
000014.854|app1 |3|01|   DNS alternate server is 8.8.4.4.
000014.948|dns  |3|01|DNS lookup for (A) 'pool.ntp.org'(69.28.67.44,206.108.0.133,162.219.6.68) TTL=149
0108172704|app1 |3|01|Time has been set from pool.ntp.org (69.28.67.44).
0108172704|app1 |3|01|   1420738024: 2015-1-8, 17:27:4, DST off
0108172704|copy |3|01|'http://PlcmSpIp:****@p.voxter.com/3111-40000-001.updater.ld' from 'p.voxter.com(74.114.208.245)'
0108172704|cfg  |*|01|Prov|Starting to update 3111-40000-001.updater.ld
0108172704|cfg  |3|01|Image 3111-40000-001.updater.ld has not changed
0108172704|copy |3|01|buffered_write: transfer Terminated on entry. Return 0
0108172704|copy |3|01|Download of '3111-40000-001.updater.ld' succeeded on attempt 1 (addr 1 of 1)
0108172704|copy |3|01|'http://PlcmSpIp:****@p.voxter.com/0004f2efb439.cfg' from 'p.voxter.com(74.114.208.245)'
0108172704|copy |3|01|Download of '0004f2efb439.cfg' succeeded on attempt 1 (addr 1 of 1)
0108172704|cfg  |*|01|Prov|Starting to update 3111-40000-001.sip.ld
0108172704|copy |3|01|'http://PlcmSpIp:****@p.voxter.com/3111-40000-001.sip.ld' from 'p.voxter.com(74.114.208.245)'
0108172705|cfg  |3|01|New load header information:
0108172705|cfg  |3|01|Code length:         0x00B228B4
0108172705|cfg  |3|01|Code Checksum:       0x58BAE6F9
0108172705|cfg  |3|01|Options:             0x00000102
0108172705|cfg  |3|01|Application header is different
0108172705|cfg  |3|01|Recognized application
0108172705|cfg  |*|01|Prov|Updating the Application
0108172705|cfg  |3|01|Using compatible image 0
0108172836|copy |3|01|Download of '3111-40000-001.sip.ld' succeeded on attempt 1 (addr 1 of 1)
0108172836|sig  |*|01|Initial log entry. Current logging level 3
0108172836|sig  |3|01|hwSigParseRemove: found key Sig_3.
0108172837|cfg  |3|01|Good image signature
0108172837|cfg  |3|01|Programming 11676388 bytes into tffs in 4K blocks
0108173312|cfg  |*|01|Prov|Succeeded updating file 3111-40000-001.sip.ld
0108173312|cfg  |*|01|Prov|Image has been changed
0108173312|cfg  |3|01|Prov|Provisioning succeeded
0108173312|app1 |3|01|Application, load: Type=SIP, Version=4.0.7.2514 13-Jul-14 21:03
0108173312|cfg  |*|01|Prov|Finished updating configuration
0108173312|boot |*|01|Using TFFS for flash load
0108173312|boot |*|01|Code length:         0x00B228B4
0108173312|boot |*|01|Code checksum:       0x58BAE6F9
0108173327|app1 |4|01|Loaded application sip.ld from local system successfully.
0108173327|app1 |6|01|Uploading boot log, time is Thu Jan  8 17:33:27 2015

0108173327|copy |3|01|'http://PlcmSpIp:****@p.voxter.com/logs/0004f2efb439-boot.log' to 'p.voxter.com(74.114.208.245)'
0108173327|copy |3|01|Upload of 'logs/0004f2efb439-boot.log' succeeded on attempt 1 (addr 1 of 1)
0108173328|cfg  |3|01|Prov|Shutting down
000001.519|so   |*|01|---------- Initial log entry ----------
000001.519|so   |*|01|+++ Note that Updater log times are in GMT +++
000001.519|boot |*|01|Initial log entry. Current logging level 3
000001.519|copy |*|01|Initial log entry. Current logging level 3
000001.519|utilm|*|01|Initial log entry. Current logging level 4
000001.519|hw   |*|01|Initial log entry. Current logging level 4
000001.519|ethf |*|01|Initial log entry. Current logging level 4
000001.519|dns  |*|01|Initial log entry. Current logging level 3
000001.519|curl |*|01|Initial log entry. Current logging level 3
000001.519|sec  |*|01|Initial log entry. Current logging level 4
000001.831|wdog |*|01|Initial log entry. Current logging level 4
000001.831|lldp |*|01|Initial log entry. Current logging level 3
000001.831|cdp  |*|01|Initial log entry. Current logging level 3
000001.831|key  |*|01|Initial log entry. Current logging level 4
000001.831|so   |3|01|Platform: Model=SoundStation IP 7000, Assembly=3111-40000-001 Rev=N Region=
000001.831|so   |3|01|Platform: Board=3111-40000-001 1 0
000001.832|so   |3|01|Platform: MAC=0004f2efb439
000001.832|so   |3|01|Platform: BootBlock=3.0.2.0024 (40000-001) 30-Nov-10 15:04
000001.832|so   |*|01|Platform: BootL1=Standalone.0002 15-Jan-07 15:05:00
000001.832|so   |3|01|Application, main: Label=Updater, Version=Azurite 5.0.5.2324 09-Dec-13 14:37
000001.832|so   |3|01|Application, main: P/N=YYYY-YYYYY-YYY
000001.832|log  |*|01|Install file upload callback for 'Updater'

000001.832|app1 |*|01|Initial log entry. Current logging level 3
000001.836|cfg  |*|01|Initial log entry. Current logging level 2
000001.841|app1 |3|01|Application, load: Type=SIP, Version=4.0.7.2514 13-Jul-14 21:03
000001.842|boot |*|01|Using TFFS for flash load
000001.842|boot |*|01|Code length:         0x00B228B4
000001.842|boot |*|01|Code checksum:       0x58BAE6F9
000016.829|ethf |4|01|utilEthFilterInit: VLAN Filter disabled, Storm Filter enabled
000017.091|app1 |4|01|Loaded application sip.ld from local system successfully.
000001.520|so   |*|01|---------- Initial log entry ----------
000001.520|so   |*|01|+++ Note that Updater log times are in GMT +++
000001.520|boot |*|01|Initial log entry. Current logging level 3
000001.520|copy |*|01|Initial log entry. Current logging level 3
000001.520|utilm|*|01|Initial log entry. Current logging level 4
000001.520|hw   |*|01|Initial log entry. Current logging level 4
000001.520|ethf |*|01|Initial log entry. Current logging level 4
000001.520|dns  |*|01|Initial log entry. Current logging level 3
000001.520|curl |*|01|Initial log entry. Current logging level 3
000001.520|sec  |*|01|Initial log entry. Current logging level 4
000001.832|wdog |*|01|Initial log entry. Current logging level 4
000001.832|lldp |*|01|Initial log entry. Current logging level 3
000001.832|cdp  |*|01|Initial log entry. Current logging level 3
000001.832|key  |*|01|Initial log entry. Current logging level 4
000001.832|so   |3|01|Platform: Model=SoundStation IP 7000, Assembly=3111-40000-001 Rev=N Region=
000001.832|so   |3|01|Platform: Board=3111-40000-001 1 0
000001.832|so   |3|01|Platform: MAC=0004f2efb439
000001.833|so   |3|01|Platform: BootBlock=3.0.2.0024 (40000-001) 30-Nov-10 15:04
000001.833|so   |*|01|Platform: BootL1=Standalone.0002 15-Jan-07 15:05:00
000001.833|so   |3|01|Application, main: Label=Updater, Version=Azurite 5.0.5.2324 09-Dec-13 14:37
000001.833|so   |3|01|Application, main: P/N=YYYY-YYYYY-YYY
000001.833|log  |*|01|Install file upload callback for 'Updater'

000001.833|app1 |*|01|Initial log entry. Current logging level 3
000001.837|cfg  |*|01|Initial log entry. Current logging level 2
000001.842|app1 |3|01|Application, load: Type=SIP, Version=4.0.7.2514 13-Jul-14 21:03
000001.843|boot |*|01|Using TFFS for flash load
000001.843|boot |*|01|Code length:         0x00B228B4
000001.843|boot |*|01|Code checksum:       0x58BAE6F9
000016.924|ethf |4|01|utilEthFilterInit: VLAN Filter disabled, Storm Filter enabled
000017.297|app1 |4|01|Loaded application sip.ld from local system successfully.
000001.520|so   |*|01|---------- Initial log entry ----------
000001.520|so   |*|01|+++ Note that Updater log times are in GMT +++
000001.520|boot |*|01|Initial log entry. Current logging level 3
000001.520|copy |*|01|Initial log entry. Current logging level 3
000001.520|utilm|*|01|Initial log entry. Current logging level 4
000001.520|hw   |*|01|Initial log entry. Current logging level 4
000001.520|ethf |*|01|Initial log entry. Current logging level 4
000001.520|dns  |*|01|Initial log entry. Current logging level 3
000001.520|curl |*|01|Initial log entry. Current logging level 3
000001.520|sec  |*|01|Initial log entry. Current logging level 4
000001.832|wdog |*|01|Initial log entry. Current logging level 4
000001.832|lldp |*|01|Initial log entry. Current logging level 3
000001.832|cdp  |*|01|Initial log entry. Current logging level 3
000001.832|key  |*|01|Initial log entry. Current logging level 4
000001.832|so   |3|01|Platform: Model=SoundStation IP 7000, Assembly=3111-40000-001 Rev=N Region=
000001.832|so   |3|01|Platform: Board=3111-40000-001 1 0
000001.832|so   |3|01|Platform: MAC=0004f2efb439
000001.833|so   |3|01|Platform: BootBlock=3.0.2.0024 (40000-001) 30-Nov-10 15:04
000001.833|so   |*|01|Platform: BootL1=Standalone.0002 15-Jan-07 15:05:00
000001.833|so   |3|01|Application, main: Label=Updater, Version=Azurite 5.0.5.2324 09-Dec-13 14:37
000001.833|so   |3|01|Application, main: P/N=YYYY-YYYYY-YYY
000001.833|log  |*|01|Install file upload callback for 'Updater'

000001.833|app1 |*|01|Initial log entry. Current logging level 3
000001.837|cfg  |*|01|Initial log entry. Current logging level 2
000001.838|dot1x|*|01|Initial log entry. Current logging level 3
000002.816|so   |3|01|Link status is Net up Speed 100 full Duplex.
000004.387|tls  |*|01|Initial log entry. Current logging level 4
000010.532|lldp |3|01|LLDP received a response from a switch. LLDP enabled.
000014.646|dns  |*|01|DNS resolver servers are '8.8.8.8' '8.8.4.4'
000014.646|dns  |*|01|DNS resolver search domain is ''
000014.760|dns  |3|01|DNS lookup for (A) 'p.voxter.com'(74.114.208.245) TTL=21599
000014.760|app1 |3|01|DHCP returned result 0x187 from server 10.2.0.1.
000014.760|app1 |3|01|   Phone IP address is 10.2.0.238.
000014.760|app1 |3|01|   Subnet mask is 255.255.255.0.
000014.760|app1 |3|01|   Gateway address is 10.2.0.1.
000014.760|app1 |3|01|   DNS server is 8.8.8.8.
000014.760|app1 |3|01|   DNS alternate server is 8.8.4.4.
000014.800|dns  |3|01|DNS lookup for (A) 'pool.ntp.org'(198.55.111.5,173.44.32.10,171.66.97.126) TTL=22
000014.856|copy |3|01|'http://PlcmSpIp:****@p.voxter.com/3111-40000-001.updater.ld' from 'p.voxter.com(74.114.208.245)'
0305220941|app1 |3|01|Time has been set from pool.ntp.org (198.55.111.5).
0305220941|app1 |3|01|   1425593381: 2015-3-5, 22:9:41, DST off
0305220941|cfg  |*|01|Prov|Starting to update 3111-40000-001.updater.ld
0305220941|cfg  |3|01|Image 3111-40000-001.updater.ld has not changed
0305220941|copy |3|01|buffered_write: transfer Terminated on entry. Return 0
0305220941|copy |3|01|Download of '3111-40000-001.updater.ld' succeeded on attempt 1 (addr 1 of 1)
0305220941|copy |3|01|'http://PlcmSpIp:****@p.voxter.com/0004f2efb439.cfg' from 'p.voxter.com(74.114.208.245)'
0305220942|copy |3|01|Download of '0004f2efb439.cfg' succeeded on attempt 1 (addr 1 of 1)
0305220942|cfg  |*|01|Prov|Starting to update 3111-40000-001.sip.ld
0305220942|copy |3|01|'http://PlcmSpIp:****@p.voxter.com/3111-40000-001.sip.ld' from 'p.voxter.com(74.114.208.245)'
0305220942|cfg  |3|01|Image 3111-40000-001.sip.ld has not changed
0305220942|copy |3|01|buffered_write: transfer Terminated on entry. Return 0
0305220942|copy |3|01|Download of '3111-40000-001.sip.ld' succeeded on attempt 1 (addr 1 of 1)
0305220942|cfg  |3|01|Prov|Provisioning succeeded
0305220942|app1 |3|01|Application, load: Type=SIP, Version=4.0.7.2514 13-Jul-14 21:03
0305220942|cfg  |*|01|Prov|Finished updating configuration
0305220942|boot |*|01|Using TFFS for flash load
0305220942|boot |*|01|Code length:         0x00B228B4
0305220942|boot |*|01|Code checksum:       0x58BAE6F9
0305220957|app1 |4|01|Loaded application sip.ld from local system successfully.
0305220957|app1 |6|01|Uploading boot log, time is Thu Mar  5 22:09:57 2015

0305220958|copy |3|01|'http://PlcmSpIp:****@p.voxter.com/logs/0004f2efb439-boot.log' to 'p.voxter.com(74.114.208.245)'
0305220958|copy |3|01|Upload of 'logs/0004f2efb439-boot.log' succeeded on attempt 1 (addr 1 of 1)
0305220958|cfg  |3|01|Prov|Shutting down
000006.343|so   |*|01|---------- Initial log entry ----------
000006.343|so   |*|01|+++ Note that Updater log times are in GMT +++
000006.343|boot |*|01|Initial log entry. Current logging level 3
000006.343|copy |*|01|Initial log entry. Current logging level 3
000006.343|utilm|*|01|Initial log entry. Current logging level 4
000006.343|hw   |*|01|Initial log entry. Current logging level 4
000006.343|ethf |*|01|Initial log entry. Current logging level 4
000006.343|dns  |*|01|Initial log entry. Current logging level 3
000006.343|curl |*|01|Initial log entry. Current logging level 3
000006.343|sec  |*|01|Initial log entry. Current logging level 4
000006.655|wdog |*|01|Initial log entry. Current logging level 4
000006.655|lldp |*|01|Initial log entry. Current logging level 3
000006.655|cdp  |*|01|Initial log entry. Current logging level 3
000006.655|key  |*|01|Initial log entry. Current logging level 4
000006.655|so   |3|01|Platform: Model=SoundStation IP 7000, Assembly=3111-40000-001 Rev=N Region=
000006.655|so   |3|01|Platform: Board=3111-40000-001 1 0
000006.655|so   |3|01|Platform: MAC=0004f2efb439
000006.656|so   |3|01|Platform: BootBlock=3.0.2.0024 (40000-001) 30-Nov-10 15:04
000006.656|so   |*|01|Platform: BootL1=Standalone.0002 15-Jan-07 15:05:00
000006.656|so   |3|01|Application, main: Label=Updater, Version=Azurite 5.0.5.2324 09-Dec-13 14:37
000006.656|so   |3|01|Application, main: P/N=YYYY-YYYYY-YYY
000006.656|log  |*|01|Install file upload callback for 'Updater'

000006.656|app1 |*|01|Initial log entry. Current logging level 3
000006.660|cfg  |*|01|Initial log entry. Current logging level 2
000006.661|dot1x|*|01|Initial log entry. Current logging level 3
000007.639|so   |3|01|Link status is Net up Speed 100 full Duplex.
000017.779|tls  |*|01|Initial log entry. Current logging level 4
000023.923|lldp |3|01|LLDP received a response from a switch. LLDP enabled.
000028.038|dns  |*|01|DNS resolver servers are '8.8.8.8' '8.8.4.4'
000028.038|dns  |*|01|DNS resolver search domain is ''
000028.090|dns  |3|01|DNS lookup for (A) 'p.voxter.com'(74.114.208.245) TTL=12595
000028.090|app1 |3|01|DHCP returned result 0x187 from server 10.2.0.1.
000028.090|app1 |3|01|   Phone IP address is 10.2.0.238.
000028.090|app1 |3|01|   Subnet mask is 255.255.255.0.
000028.090|app1 |3|01|   Gateway address is 10.2.0.1.
000028.090|app1 |3|01|   DNS server is 8.8.8.8.
000028.090|app1 |3|01|   DNS alternate server is 8.8.4.4.
000028.130|dns  |3|01|DNS lookup for (A) 'pool.ntp.org'(96.44.142.5,108.61.56.35,173.49.198.27) TTL=118
0314021206|app1 |3|01|Time has been set from pool.ntp.org (96.44.142.5).
0314021206|app1 |3|01|   1426299126: 2015-3-14, 2:12:6, DST off
0314021207|copy |3|01|'http://PlcmSpIp:****@p.voxter.com/3111-40000-001.updater.ld' from 'p.voxter.com(74.114.208.245)'
0314021207|cfg  |*|01|Prov|Starting to update 3111-40000-001.updater.ld
0314021207|cfg  |3|01|Image 3111-40000-001.updater.ld has not changed
0314021207|copy |3|01|buffered_write: transfer Terminated on entry. Return 0
0314021207|copy |3|01|Download of '3111-40000-001.updater.ld' succeeded on attempt 1 (addr 1 of 1)
0314021207|copy |3|01|'http://PlcmSpIp:****@p.voxter.com/0004f2efb439.cfg' from 'p.voxter.com(74.114.208.245)'
0314021208|copy |3|01|Download of '0004f2efb439.cfg' succeeded on attempt 1 (addr 1 of 1)
0314021208|cfg  |*|01|Prov|Starting to update 3111-40000-001.sip.ld
0314021208|copy |3|01|'http://PlcmSpIp:****@p.voxter.com/3111-40000-001.sip.ld' from 'p.voxter.com(74.114.208.245)'
0314021208|cfg  |3|01|Image 3111-40000-001.sip.ld has not changed
0314021208|copy |3|01|buffered_write: transfer Terminated on entry. Return 0
0314021208|copy |3|01|Download of '3111-40000-001.sip.ld' succeeded on attempt 1 (addr 1 of 1)
0314021208|cfg  |3|01|Prov|Provisioning succeeded
0314021209|app1 |3|01|Application, load: Type=SIP, Version=4.0.7.2514 13-Jul-14 21:03
0314021209|cfg  |*|01|Prov|Finished updating configuration
0314021209|boot |*|01|Using TFFS for flash load
0314021209|boot |*|01|Code length:         0x00B228B4
0314021209|boot |*|01|Code checksum:       0x58BAE6F9
0314021224|app1 |4|01|Loaded application sip.ld from local system successfully.
0314021224|app1 |6|01|Uploading boot log, time is Sat Mar 14 02:12:24 2015

0314021224|copy |3|01|'http://PlcmSpIp:****@p.voxter.com/logs/0004f2efb439-boot.log' to 'p.voxter.com(74.114.208.245)'
0314021224|copy |3|01|Upload of 'logs/0004f2efb439-boot.log' succeeded on attempt 1 (addr 1 of 1)
0314021225|cfg  |3|01|Prov|Shutting down
000002.717|so   |*|01|---------- Initial log entry ----------
000002.717|so   |*|01|+++ Note that Updater log times are in GMT +++
000002.717|boot |*|01|Initial log entry. Current logging level 3
000002.717|copy |*|01|Initial log entry. Current logging level 3
000002.717|utilm|*|01|Initial log entry. Current logging level 4
000002.717|hw   |*|01|Initial log entry. Current logging level 4
000002.717|ethf |*|01|Initial log entry. Current logging level 4
000002.717|dns  |*|01|Initial log entry. Current logging level 3
000002.717|curl |*|01|Initial log entry. Current logging level 3
000002.717|sec  |*|01|Initial log entry. Current logging level 4
000003.029|wdog |*|01|Initial log entry. Current logging level 4
000003.029|lldp |*|01|Initial log entry. Current logging level 3
000003.029|cdp  |*|01|Initial log entry. Current logging level 3
000003.029|key  |*|01|Initial log entry. Current logging level 4
000003.029|so   |3|01|Platform: Model=SoundStation IP 7000, Assembly=3111-40000-001 Rev=N Region=
000003.029|so   |3|01|Platform: Board=3111-40000-001 1 0
000003.029|so   |3|01|Platform: MAC=0004f2efb439
000003.030|so   |3|01|Platform: BootBlock=3.0.2.0024 (40000-001) 30-Nov-10 15:04
000003.030|so   |*|01|Platform: BootL1=Standalone.0002 15-Jan-07 15:05:00
000003.030|so   |3|01|Application, main: Label=Updater, Version=Azurite 5.0.5.2324 09-Dec-13 14:37
000003.030|so   |3|01|Application, main: P/N=YYYY-YYYYY-YYY
000003.030|log  |*|01|Install file upload callback for 'Updater'

000003.030|app1 |*|01|Initial log entry. Current logging level 3
000003.034|cfg  |*|01|Initial log entry. Current logging level 2
000003.035|dot1x|*|01|Initial log entry. Current logging level 3
000004.013|so   |3|01|Link status is Net up Speed 100 full Duplex.
000005.557|tls  |*|01|Initial log entry. Current logging level 4
000011.703|lldp |3|01|LLDP received a response from a switch. LLDP enabled.
000015.817|dns  |*|01|DNS resolver servers are '8.8.8.8' '8.8.4.4'
000015.817|dns  |*|01|DNS resolver search domain is ''
000015.868|dns  |3|01|DNS lookup for (A) 'p.voxter.com'(74.114.208.245) TTL=10621
000015.869|app1 |3|01|DHCP returned result 0x187 from server 10.2.0.1.
000015.869|app1 |3|01|   Phone IP address is 10.2.0.238.
000015.869|app1 |3|01|   Subnet mask is 255.255.255.0.
000015.869|app1 |3|01|   Gateway address is 10.2.0.1.
000015.869|app1 |3|01|   DNS server is 8.8.8.8.
000015.869|app1 |3|01|   DNS alternate server is 8.8.4.4.
000015.925|dns  |3|01|DNS lookup for (A) 'pool.ntp.org'(206.108.0.131,67.215.197.149,198.27.65.66) TTL=67
0316181818|app1 |3|01|Time has been set from pool.ntp.org (206.108.0.131).
0316181818|app1 |3|01|   1426529898: 2015-3-16, 18:18:18, DST off
0316181818|copy |3|01|'http://PlcmSpIp:****@p.voxter.com/3111-40000-001.updater.ld' from 'p.voxter.com(74.114.208.245)'
0316181818|cfg  |*|01|Prov|Starting to update 3111-40000-001.updater.ld
0316181818|cfg  |3|01|Image 3111-40000-001.updater.ld has not changed
0316181818|copy |3|01|buffered_write: transfer Terminated on entry. Return 0
0316181818|copy |3|01|Download of '3111-40000-001.updater.ld' succeeded on attempt 1 (addr 1 of 1)
0316181818|copy |3|01|'http://PlcmSpIp:****@p.voxter.com/0004f2efb439.cfg' from 'p.voxter.com(74.114.208.245)'
0316181819|copy |3|01|Download of '0004f2efb439.cfg' succeeded on attempt 1 (addr 1 of 1)
0316181819|cfg  |*|01|Prov|Starting to update 3111-40000-001.sip.ld
0316181819|copy |3|01|'http://PlcmSpIp:****@p.voxter.com/3111-40000-001.sip.ld' from 'p.voxter.com(74.114.208.245)'
0316181819|cfg  |3|01|Image 3111-40000-001.sip.ld has not changed
0316181819|copy |3|01|buffered_write: transfer Terminated on entry. Return 0
0316181819|copy |3|01|Download of '3111-40000-001.sip.ld' succeeded on attempt 1 (addr 1 of 1)
0316181819|cfg  |3|01|Prov|Provisioning succeeded
0316181819|app1 |3|01|Application, load: Type=SIP, Version=4.0.7.2514 13-Jul-14 21:03
0316181819|cfg  |*|01|Prov|Finished updating configuration
0316181819|boot |*|01|Using TFFS for flash load
0316181819|boot |*|01|Code length:         0x00B228B4
0316181819|boot |*|01|Code checksum:       0x58BAE6F9
0316181835|app1 |4|01|Loaded application sip.ld from local system successfully.
0316181835|app1 |6|01|Uploading boot log, time is Mon Mar 16 18:18:35 2015

0316181835|copy |3|01|'http://PlcmSpIp:****@p.voxter.com/logs/0004f2efb439-boot.log' to 'p.voxter.com(74.114.208.245)'
0316181835|copy |3|01|Upload of 'logs/0004f2efb439-boot.log' succeeded on attempt 1 (addr 1 of 1)
0316181835|cfg  |3|01|Prov|Shutting down
000001.560|so   |*|01|---------- Initial log entry ----------
000001.560|so   |*|01|+++ Note that Updater log times are in GMT +++
000001.560|boot |*|01|Initial log entry. Current logging level 3
000001.560|copy |*|01|Initial log entry. Current logging level 3
000001.560|utilm|*|01|Initial log entry. Current logging level 4
000001.560|hw   |*|01|Initial log entry. Current logging level 4
000001.560|ethf |*|01|Initial log entry. Current logging level 4
000001.560|dns  |*|01|Initial log entry. Current logging level 3
000001.560|curl |*|01|Initial log entry. Current logging level 3
000001.560|sec  |*|01|Initial log entry. Current logging level 4
000001.872|wdog |*|01|Initial log entry. Current logging level 4
000001.872|lldp |*|01|Initial log entry. Current logging level 3
000001.872|cdp  |*|01|Initial log entry. Current logging level 3
000001.872|key  |*|01|Initial log entry. Current logging level 4
000001.872|so   |3|01|Platform: Model=SoundStation IP 7000, Assembly=3111-40000-001 Rev=N Region=
000001.872|so   |3|01|Platform: Board=3111-40000-001 1 0
000001.873|so   |3|01|Platform: MAC=0004f2efb439
000001.873|so   |3|01|Platform: BootBlock=3.0.2.0024 (40000-001) 30-Nov-10 15:04
000001.873|so   |*|01|Platform: BootL1=Standalone.0002 15-Jan-07 15:05:00
000001.873|so   |3|01|Application, main: Label=Updater, Version=Azurite 5.0.5.2324 09-Dec-13 14:37
000001.873|so   |3|01|Application, main: P/N=YYYY-YYYYY-YYY
000001.873|log  |*|01|Install file upload callback for 'Updater'

000001.873|app1 |*|01|Initial log entry. Current logging level 3
000001.877|cfg  |*|01|Initial log entry. Current logging level 2
000001.882|app1 |3|01|Application, load: Type=SIP, Version=4.0.7.2514 13-Jul-14 21:03
000001.883|boot |*|01|Using TFFS for flash load
000001.883|boot |*|01|Code length:         0x00B228B4
000001.883|boot |*|01|Code checksum:       0x58BAE6F9
000002.855|so   |3|01|Link status is Net up Speed 100 full Duplex.
000017.137|app1 |4|01|Loaded application sip.ld from local system successfully.
000001.520|so   |*|01|---------- Initial log entry ----------
000001.520|so   |*|01|+++ Note that Updater log times are in GMT +++
000001.520|boot |*|01|Initial log entry. Current logging level 3
000001.520|copy |*|01|Initial log entry. Current logging level 3
000001.520|utilm|*|01|Initial log entry. Current logging level 4
000001.520|hw   |*|01|Initial log entry. Current logging level 4
000001.520|ethf |*|01|Initial log entry. Current logging level 4
000001.520|dns  |*|01|Initial log entry. Current logging level 3
000001.520|curl |*|01|Initial log entry. Current logging level 3
000001.520|sec  |*|01|Initial log entry. Current logging level 4
000001.832|wdog |*|01|Initial log entry. Current logging level 4
000001.832|lldp |*|01|Initial log entry. Current logging level 3
000001.832|cdp  |*|01|Initial log entry. Current logging level 3
000001.832|key  |*|01|Initial log entry. Current logging level 4
000001.832|so   |3|01|Platform: Model=SoundStation IP 7000, Assembly=3111-40000-001 Rev=N Region=
000001.832|so   |3|01|Platform: Board=3111-40000-001 1 0
000001.833|so   |3|01|Platform: MAC=0004f2efb439
000001.833|so   |3|01|Platform: BootBlock=3.0.2.0024 (40000-001) 30-Nov-10 15:04
000001.833|so   |*|01|Platform: BootL1=Standalone.0002 15-Jan-07 15:05:00
000001.833|so   |3|01|Application, main: Label=Updater, Version=Azurite 5.0.5.2324 09-Dec-13 14:37
000001.833|so   |3|01|Application, main: P/N=YYYY-YYYYY-YYY
000001.833|log  |*|01|Install file upload callback for 'Updater'

000001.833|app1 |*|01|Initial log entry. Current logging level 3
000001.837|cfg  |*|01|Initial log entry. Current logging level 2
000001.838|dot1x|*|01|Initial log entry. Current logging level 3
000004.330|tls  |*|01|Initial log entry. Current logging level 4
000004.356|ethf |4|01|utilEthFilterInit: VLAN Filter disabled, Storm Filter enabled
000004.816|so   |3|01|Link status is Net up Speed 100 full Duplex.
000010.502|lldp |3|01|LLDP received a response from a switch. LLDP enabled.
000014.609|dns  |*|01|DNS resolver servers are '8.8.8.8' '8.8.4.4'
000014.609|dns  |*|01|DNS resolver search domain is ''
000014.661|dns  |3|01|DNS lookup for (A) 'p.voxter.com'(74.114.208.245) TTL=4018
000014.662|app1 |3|01|DHCP returned result 0x187 from server 10.2.0.1.
000014.662|app1 |3|01|   Phone IP address is 10.2.0.238.
000014.662|app1 |3|01|   Subnet mask is 255.255.255.0.
000014.662|app1 |3|01|   Gateway address is 10.2.0.1.
000014.662|app1 |3|01|   DNS server is 8.8.8.8.
000014.662|app1 |3|01|   DNS alternate server is 8.8.4.4.
000014.713|dns  |3|01|DNS lookup for (A) 'pool.ntp.org'(69.28.67.150,206.108.0.132,192.67.222.4) TTL=99
0319195419|app1 |3|01|Time has been set from pool.ntp.org (69.28.67.150).
0319195419|app1 |3|01|   1426794859: 2015-3-19, 19:54:19, DST off
0319195419|copy |3|01|'http://PlcmSpIp:****@p.voxter.com/3111-40000-001.updater.ld' from 'p.voxter.com(74.114.208.245)'
0319195419|cfg  |*|01|Prov|Starting to update 3111-40000-001.updater.ld
0319195419|cfg  |3|01|Image 3111-40000-001.updater.ld has not changed
0319195419|copy |3|01|buffered_write: transfer Terminated on entry. Return 0
0319195419|copy |3|01|Download of '3111-40000-001.updater.ld' succeeded on attempt 1 (addr 1 of 1)
0319195419|copy |3|01|'http://PlcmSpIp:****@p.voxter.com/0004f2efb439.cfg' from 'p.voxter.com(74.114.208.245)'
0319195421|copy |3|01|Download of '0004f2efb439.cfg' succeeded on attempt 1 (addr 1 of 1)
0319195421|cfg  |*|01|Prov|Starting to update 3111-40000-001.sip.ld
0319195421|copy |3|01|'http://PlcmSpIp:****@p.voxter.com/3111-40000-001.sip.ld' from 'p.voxter.com(74.114.208.245)'
0319195421|cfg  |3|01|Image 3111-40000-001.sip.ld has not changed
0319195421|copy |3|01|buffered_write: transfer Terminated on entry. Return 0
0319195421|copy |3|01|Download of '3111-40000-001.sip.ld' succeeded on attempt 1 (addr 1 of 1)
0319195421|cfg  |3|01|Prov|Provisioning succeeded
0319195421|app1 |3|01|Application, load: Type=SIP, Version=4.0.7.2514 13-Jul-14 21:03
0319195421|cfg  |*|01|Prov|Finished updating configuration
0319195421|boot |*|01|Using TFFS for flash load
0319195421|boot |*|01|Code length:         0x00B228B4
0319195421|boot |*|01|Code checksum:       0x58BAE6F9
0319195443|app1 |4|01|Loaded application sip.ld from local system successfully.
0319195443|app1 |6|01|Uploading boot log, time is Thu Mar 19 19:54:43 2015

0319195443|copy |3|01|'http://PlcmSpIp:****@p.voxter.com/logs/0004f2efb439-boot.log' to 'p.voxter.com(74.114.208.245)'
0319195444|copy |3|01|Upload of 'logs/0004f2efb439-boot.log' succeeded on attempt 1 (addr 1 of 1)
0319195444|cfg  |3|01|Prov|Shutting down
000001.560|so   |*|01|---------- Initial log entry ----------
000001.560|so   |*|01|+++ Note that Updater log times are in GMT +++
000001.560|boot |*|01|Initial log entry. Current logging level 3
000001.560|copy |*|01|Initial log entry. Current logging level 3
000001.560|utilm|*|01|Initial log entry. Current logging level 4
000001.560|hw   |*|01|Initial log entry. Current logging level 4
000001.560|ethf |*|01|Initial log entry. Current logging level 4
000001.560|dns  |*|01|Initial log entry. Current logging level 3
000001.560|curl |*|01|Initial log entry. Current logging level 3
000001.560|sec  |*|01|Initial log entry. Current logging level 4
000001.872|wdog |*|01|Initial log entry. Current logging level 4
000001.872|lldp |*|01|Initial log entry. Current logging level 3
000001.872|cdp  |*|01|Initial log entry. Current logging level 3
000001.872|key  |*|01|Initial log entry. Current logging level 4
000001.872|so   |3|01|Platform: Model=SoundStation IP 7000, Assembly=3111-40000-001 Rev=N Region=
000001.872|so   |3|01|Platform: Board=3111-40000-001 1 0
000001.873|so   |3|01|Platform: MAC=0004f2efb439
000001.873|so   |3|01|Platform: BootBlock=3.0.2.0024 (40000-001) 30-Nov-10 15:04
000001.873|so   |*|01|Platform: BootL1=Standalone.0002 15-Jan-07 15:05:00
000001.873|so   |3|01|Application, main: Label=Updater, Version=Azurite 5.0.5.2324 09-Dec-13 14:37
000001.873|so   |3|01|Application, main: P/N=YYYY-YYYYY-YYY
000001.873|log  |*|01|Install file upload callback for 'Updater'

000001.873|app1 |*|01|Initial log entry. Current logging level 3
000001.877|cfg  |*|01|Initial log entry. Current logging level 2
000001.882|app1 |3|01|Application, load: Type=SIP, Version=4.0.7.2514 13-Jul-14 21:03
000001.883|boot |*|01|Using TFFS for flash load
000001.883|boot |*|01|Code length:         0x00B228B4
000001.883|boot |*|01|Code checksum:       0x58BAE6F9
000002.856|so   |3|01|Link status is Net up Speed 100 full Duplex.
000017.137|app1 |4|01|Loaded application sip.ld from local system successfully.
000001.560|so   |*|01|---------- Initial log entry ----------
000001.560|so   |*|01|+++ Note that Updater log times are in GMT +++
000001.560|boot |*|01|Initial log entry. Current logging level 3
000001.560|copy |*|01|Initial log entry. Current logging level 3
000001.560|utilm|*|01|Initial log entry. Current logging level 4
000001.560|hw   |*|01|Initial log entry. Current logging level 4
000001.560|ethf |*|01|Initial log entry. Current logging level 4
000001.560|dns  |*|01|Initial log entry. Current logging level 3
000001.560|curl |*|01|Initial log entry. Current logging level 3
000001.560|sec  |*|01|Initial log entry. Current logging level 4
000001.872|wdog |*|01|Initial log entry. Current logging level 4
000001.872|lldp |*|01|Initial log entry. Current logging level 3
000001.872|cdp  |*|01|Initial log entry. Current logging level 3
000001.872|key  |*|01|Initial log entry. Current logging level 4
000001.872|so   |3|01|Platform: Model=SoundStation IP 7000, Assembly=3111-40000-001 Rev=N Region=
000001.872|so   |3|01|Platform: Board=3111-40000-001 1 0
000001.873|so   |3|01|Platform: MAC=0004f2efb439
000001.873|so   |3|01|Platform: BootBlock=3.0.2.0024 (40000-001) 30-Nov-10 15:04
000001.873|so   |*|01|Platform: BootL1=Standalone.0002 15-Jan-07 15:05:00
000001.873|so   |3|01|Application, main: Label=Updater, Version=Azurite 5.0.5.2324 09-Dec-13 14:37
000001.873|so   |3|01|Application, main: P/N=YYYY-YYYYY-YYY
000001.873|log  |*|01|Install file upload callback for 'Updater'

000001.873|app1 |*|01|Initial log entry. Current logging level 3
000001.877|cfg  |*|01|Initial log entry. Current logging level 2
000001.882|app1 |3|01|Application, load: Type=SIP, Version=4.0.7.2514 13-Jul-14 21:03
000001.883|boot |*|01|Using TFFS for flash load
000001.883|boot |*|01|Code length:         0x00B228B4
000001.883|boot |*|01|Code checksum:       0x58BAE6F9
000002.856|so   |3|01|Link status is Net up Speed 100 full Duplex.
000017.137|app1 |4|01|Loaded application sip.ld from local system successfully.
000001.520|so   |*|01|---------- Initial log entry ----------
000001.520|so   |*|01|+++ Note that Updater log times are in GMT +++
000001.520|boot |*|01|Initial log entry. Current logging level 3
000001.520|copy |*|01|Initial log entry. Current logging level 3
000001.520|utilm|*|01|Initial log entry. Current logging level 4
000001.520|hw   |*|01|Initial log entry. Current logging level 4
000001.520|ethf |*|01|Initial log entry. Current logging level 4
000001.520|dns  |*|01|Initial log entry. Current logging level 3
000001.520|curl |*|01|Initial log entry. Current logging level 3
000001.520|sec  |*|01|Initial log entry. Current logging level 4
000001.832|wdog |*|01|Initial log entry. Current logging level 4
000001.832|lldp |*|01|Initial log entry. Current logging level 3
000001.832|cdp  |*|01|Initial log entry. Current logging level 3
000001.832|key  |*|01|Initial log entry. Current logging level 4
000001.832|so   |3|01|Platform: Model=SoundStation IP 7000, Assembly=3111-40000-001 Rev=N Region=
000001.832|so   |3|01|Platform: Board=3111-40000-001 1 0
000001.833|so   |3|01|Platform: MAC=0004f2efb439
000001.833|so   |3|01|Platform: BootBlock=3.0.2.0024 (40000-001) 30-Nov-10 15:04
000001.833|so   |*|01|Platform: BootL1=Standalone.0002 15-Jan-07 15:05:00
000001.833|so   |3|01|Application, main: Label=Updater, Version=Azurite 5.0.5.2324 09-Dec-13 14:37
000001.833|so   |3|01|Application, main: P/N=YYYY-YYYYY-YYY
000001.833|log  |*|01|Install file upload callback for 'Updater'

000001.833|app1 |*|01|Initial log entry. Current logging level 3
000001.837|cfg  |*|01|Initial log entry. Current logging level 2
000001.842|app1 |3|01|Application, load: Type=SIP, Version=4.0.7.2514 13-Jul-14 21:03
000001.843|boot |*|01|Using TFFS for flash load
000001.843|boot |*|01|Code length:         0x00B228B4
000001.843|boot |*|01|Code checksum:       0x58BAE6F9
000002.816|so   |3|01|Link status is Net up Speed 100 full Duplex.
000018.920|app1 |4|01|Loaded application sip.ld from local system successfully.
000001.560|so   |*|01|---------- Initial log entry ----------
000001.560|so   |*|01|+++ Note that Updater log times are in GMT +++
000001.560|boot |*|01|Initial log entry. Current logging level 3
000001.560|copy |*|01|Initial log entry. Current logging level 3
000001.560|utilm|*|01|Initial log entry. Current logging level 4
000001.560|hw   |*|01|Initial log entry. Current logging level 4
000001.560|ethf |*|01|Initial log entry. Current logging level 4
000001.560|dns  |*|01|Initial log entry. Current logging level 3
000001.560|curl |*|01|Initial log entry. Current logging level 3
000001.560|sec  |*|01|Initial log entry. Current logging level 4
000001.872|wdog |*|01|Initial log entry. Current logging level 4
000001.872|lldp |*|01|Initial log entry. Current logging level 3
000001.872|cdp  |*|01|Initial log entry. Current logging level 3
000001.872|key  |*|01|Initial log entry. Current logging level 4
000001.872|so   |3|01|Platform: Model=SoundStation IP 7000, Assembly=3111-40000-001 Rev=N Region=
000001.872|so   |3|01|Platform: Board=3111-40000-001 1 0
000001.873|so   |3|01|Platform: MAC=0004f2efb439
000001.873|so   |3|01|Platform: BootBlock=3.0.2.0024 (40000-001) 30-Nov-10 15:04
000001.873|so   |*|01|Platform: BootL1=Standalone.0002 15-Jan-07 15:05:00
000001.873|so   |3|01|Application, main: Label=Updater, Version=Azurite 5.0.5.2324 09-Dec-13 14:37
000001.873|so   |3|01|Application, main: P/N=YYYY-YYYYY-YYY
000001.873|log  |*|01|Install file upload callback for 'Updater'

000001.873|app1 |*|01|Initial log entry. Current logging level 3
000001.877|cfg  |*|01|Initial log entry. Current logging level 2
000001.882|app1 |3|01|Application, load: Type=SIP, Version=4.0.7.2514 13-Jul-14 21:03
000001.883|boot |*|01|Using TFFS for flash load
000001.883|boot |*|01|Code length:         0x00B228B4
000001.883|boot |*|01|Code checksum:       0x58BAE6F9
000002.856|so   |3|01|Link status is Net up Speed 100 full Duplex.
000017.137|app1 |4|01|Loaded application sip.ld from local system successfully.
000001.560|so   |*|01|---------- Initial log entry ----------
000001.560|so   |*|01|+++ Note that Updater log times are in GMT +++
000001.560|boot |*|01|Initial log entry. Current logging level 3
000001.560|copy |*|01|Initial log entry. Current logging level 3
000001.560|utilm|*|01|Initial log entry. Current logging level 4
000001.560|hw   |*|01|Initial log entry. Current logging level 4
000001.560|ethf |*|01|Initial log entry. Current logging level 4
000001.560|dns  |*|01|Initial log entry. Current logging level 3
000001.560|curl |*|01|Initial log entry. Current logging level 3
000001.560|sec  |*|01|Initial log entry. Current logging level 4
000001.872|wdog |*|01|Initial log entry. Current logging level 4
000001.872|lldp |*|01|Initial log entry. Current logging level 3
000001.872|cdp  |*|01|Initial log entry. Current logging level 3
000001.872|key  |*|01|Initial log entry. Current logging level 4
000001.872|so   |3|01|Platform: Model=SoundStation IP 7000, Assembly=3111-40000-001 Rev=N Region=
000001.872|so   |3|01|Platform: Board=3111-40000-001 1 0
000001.872|so   |3|01|Platform: MAC=0004f2efb439
000001.873|so   |3|01|Platform: BootBlock=3.0.2.0024 (40000-001) 30-Nov-10 15:04
000001.873|so   |*|01|Platform: BootL1=Standalone.0002 15-Jan-07 15:05:00
000001.873|so   |3|01|Application, main: Label=Updater, Version=Azurite 5.0.5.2324 09-Dec-13 14:37
000001.873|so   |3|01|Application, main: P/N=YYYY-YYYYY-YYY
000001.873|log  |*|01|Install file upload callback for 'Updater'

000001.873|app1 |*|01|Initial log entry. Current logging level 3
000001.877|cfg  |*|01|Initial log entry. Current logging level 2
000001.882|app1 |3|01|Application, load: Type=SIP, Version=4.0.7.2514 13-Jul-14 21:03
000001.883|boot |*|01|Using TFFS for flash load
000001.883|boot |*|01|Code length:         0x00B228B4
000001.883|boot |*|01|Code checksum:       0x58BAE6F9
000002.856|so   |3|01|Link status is Net up Speed 100 full Duplex.
000017.137|app1 |4|01|Loaded application sip.ld from local system successfully.
