000008.581|so   |*|01|---------- Initial log entry ----------
000008.581|so   |*|01|+++ Note that Updater log times are in GMT +++
000008.581|boot |*|01|Initial log entry. Current logging level 3
000008.581|copy |*|01|Initial log entry. Current logging level 3
000008.581|utilm|*|01|Initial log entry. Current logging level 4
000008.581|hw   |*|01|Initial log entry. Current logging level 4
000008.581|ethf |*|01|Initial log entry. Current logging level 4
000008.581|dns  |*|01|Initial log entry. Current logging level 3
000008.582|curl |*|01|Initial log entry. Current logging level 3
000008.582|sec  |*|01|Initial log entry. Current logging level 4
000008.595|wdog |*|01|Initial log entry. Current logging level 4
000008.595|lldp |*|01|Initial log entry. Current logging level 3
000008.595|cdp  |*|01|Initial log entry. Current logging level 3
000008.595|key  |*|01|Initial log entry. Current logging level 4
000008.621|so   |3|01|Platform: Model=VVX 300, Assembly=3111-46135-002 Rev=A Region=0
000008.621|so   |3|01|Platform: Board=3111-46135-002 1 0
000008.622|so   |3|01|Platform: MAC=0004f28e7a52
000008.623|so   |3|01|Platform: BootBlock=3.0.4.0028 (46135-002) 30-Jan-13 18:00
000008.624|so   |*|01|Platform: BootL1=1.0.0.0009 (46135-002) 11-Jan-13 14:23
000008.624|so   |3|01|Application, main: Label=Updater, Version=Peridot 5.1.4.0844 20-Mar-13 14:16
000008.624|so   |3|01|Application, main: P/N=3150-11069-514
000008.624|so   |5|01|Platform: Both images are incorrect, will use Primary Image.
000008.624|log  |*|01|Install file upload callback for 'Updater'

000008.625|app1 |*|01|Initial log entry. Current logging level 3
000008.640|cfg  |*|01|Initial log entry. Current logging level 2
000009.593|so   |3|01|Link status is Net up Speed 100 full Duplex, PC down.
000008.656|so   |*|01|---------- Initial log entry ----------
000008.656|so   |*|01|+++ Note that Updater log times are in GMT +++
000008.656|boot |*|01|Initial log entry. Current logging level 3
000008.656|copy |*|01|Initial log entry. Current logging level 3
000008.656|utilm|*|01|Initial log entry. Current logging level 4
000008.656|hw   |*|01|Initial log entry. Current logging level 4
000008.656|ethf |*|01|Initial log entry. Current logging level 4
000008.657|dns  |*|01|Initial log entry. Current logging level 3
000008.657|curl |*|01|Initial log entry. Current logging level 3
000008.657|sec  |*|01|Initial log entry. Current logging level 4
000008.671|wdog |*|01|Initial log entry. Current logging level 4
000008.671|lldp |*|01|Initial log entry. Current logging level 3
000008.671|cdp  |*|01|Initial log entry. Current logging level 3
000008.671|key  |*|01|Initial log entry. Current logging level 4
000008.701|so   |3|01|Platform: Model=VVX 300, Assembly=3111-46135-002 Rev=A Region=0
000008.702|so   |3|01|Platform: Board=3111-46135-002 1 0
000008.702|so   |3|01|Platform: MAC=0004f28e7a52
000008.703|so   |3|01|Platform: BootBlock=3.0.4.0028 (46135-002) 30-Jan-13 18:00
000008.704|so   |*|01|Platform: BootL1=1.0.0.0009 (46135-002) 11-Jan-13 14:23
000008.704|so   |3|01|Application, main: Label=Updater, Version=Peridot 5.1.4.0844 20-Mar-13 14:16
000008.704|so   |3|01|Application, main: P/N=3150-11069-514
000008.704|so   |5|01|Platform: Both images are incorrect, will use Primary Image.
000008.704|log  |*|01|Install file upload callback for 'Updater'

000008.706|app1 |*|01|Initial log entry. Current logging level 3
000008.720|cfg  |*|01|Initial log entry. Current logging level 2
000009.661|so   |3|01|Link status is Net up Speed 100 full Duplex, PC down.
000008.089|so   |*|00|---------- Initial log entry ----------
000008.089|so   |*|00|+++ Note that Updater log times are in GMT +++
000008.089|boot |*|00|Initial log entry. Current logging level 3
000008.089|copy |*|00|Initial log entry. Current logging level 3
000008.089|utilm|*|00|Initial log entry. Current logging level 4
000008.089|hw   |*|00|Initial log entry. Current logging level 4
000008.089|ethf |*|00|Initial log entry. Current logging level 4
000008.089|dns  |*|00|Initial log entry. Current logging level 3
000008.090|curl |*|00|Initial log entry. Current logging level 3
000008.090|sec  |*|00|Initial log entry. Current logging level 4
000008.103|wdog |*|00|Initial log entry. Current logging level 4
000008.103|lldp |*|00|Initial log entry. Current logging level 3
000008.103|cdp  |*|00|Initial log entry. Current logging level 3
000008.103|key  |*|00|Initial log entry. Current logging level 4
000008.131|so   |3|00|Platform: Model=VVX 300, Assembly=3111-46135-002 Rev=A Region=0
000008.131|so   |3|00|Platform: Board=3111-46135-002 1 0
000008.132|so   |3|00|Platform: MAC=0004f28e7a52
000008.133|so   |3|00|Platform: BootBlock=3.0.4.0028 (46135-002) 30-Jan-13 18:00
000008.134|so   |*|00|Platform: BootL1=1.0.0.0009 (46135-002) 11-Jan-13 14:23
000008.134|so   |3|00|Application, main: Label=Updater, Version=Peridot 5.1.4.0844 20-Mar-13 14:16
000008.134|so   |3|00|Application, main: P/N=3150-11069-514
000008.134|so   |5|00|Platform: Both images are incorrect, will use Primary Image.
000008.134|log  |*|00|Install file upload callback for 'Updater'

000008.135|app1 |*|00|Initial log entry. Current logging level 3
000008.150|cfg  |*|00|Initial log entry. Current logging level 2
000009.095|so   |3|00|Link status is Net up Speed 100 full Duplex, PC down.
000008.558|so   |*|00|---------- Initial log entry ----------
000008.558|so   |*|00|+++ Note that Updater log times are in GMT +++
000008.558|boot |*|00|Initial log entry. Current logging level 3
000008.558|copy |*|00|Initial log entry. Current logging level 3
000008.558|utilm|*|00|Initial log entry. Current logging level 4
000008.558|hw   |*|00|Initial log entry. Current logging level 4
000008.558|ethf |*|00|Initial log entry. Current logging level 4
000008.558|dns  |*|00|Initial log entry. Current logging level 3
000008.559|curl |*|00|Initial log entry. Current logging level 3
000008.559|sec  |*|00|Initial log entry. Current logging level 4
000008.571|wdog |*|00|Initial log entry. Current logging level 4
000008.572|lldp |*|00|Initial log entry. Current logging level 3
000008.572|cdp  |*|00|Initial log entry. Current logging level 3
000008.572|key  |*|00|Initial log entry. Current logging level 4
000008.601|so   |3|00|Platform: Model=VVX 300, Assembly=3111-46135-002 Rev=A Region=0
000008.601|so   |3|00|Platform: Board=3111-46135-002 1 0
000008.602|so   |3|00|Platform: MAC=0004f28e7a52
000008.603|so   |3|00|Platform: BootBlock=3.0.4.0028 (46135-002) 30-Jan-13 18:00
000008.604|so   |*|00|Platform: BootL1=1.0.0.0009 (46135-002) 11-Jan-13 14:23
000008.604|so   |3|00|Application, main: Label=Updater, Version=Peridot 5.1.4.0844 20-Mar-13 14:16
000008.604|so   |3|00|Application, main: P/N=3150-11069-514
000008.604|so   |5|00|Platform: Both images are incorrect, will use Primary Image.
000008.604|log  |*|00|Install file upload callback for 'Updater'

000008.605|app1 |*|00|Initial log entry. Current logging level 3
000008.619|cfg  |*|00|Initial log entry. Current logging level 2
000009.566|so   |3|00|Link status is Net up Speed 100 full Duplex, PC down.
000008.045|so   |*|00|---------- Initial log entry ----------
000008.045|so   |*|00|+++ Note that Updater log times are in GMT +++
000008.045|boot |*|00|Initial log entry. Current logging level 3
000008.045|copy |*|00|Initial log entry. Current logging level 3
000008.045|utilm|*|00|Initial log entry. Current logging level 4
000008.045|hw   |*|00|Initial log entry. Current logging level 4
000008.045|ethf |*|00|Initial log entry. Current logging level 4
000008.046|dns  |*|00|Initial log entry. Current logging level 3
000008.046|curl |*|00|Initial log entry. Current logging level 3
000008.046|sec  |*|00|Initial log entry. Current logging level 4
000008.059|wdog |*|00|Initial log entry. Current logging level 4
000008.059|lldp |*|00|Initial log entry. Current logging level 3
000008.059|cdp  |*|00|Initial log entry. Current logging level 3
000008.059|key  |*|00|Initial log entry. Current logging level 4
000008.101|so   |3|00|Platform: Model=VVX 300, Assembly=3111-46135-002 Rev=A Region=0
000008.101|so   |3|00|Platform: Board=3111-46135-002 1 0
000008.102|so   |3|00|Platform: MAC=0004f28e7a52
000008.103|so   |3|00|Platform: BootBlock=3.0.4.0028 (46135-002) 30-Jan-13 18:00
000008.104|so   |*|00|Platform: BootL1=1.0.0.0009 (46135-002) 11-Jan-13 14:23
000008.104|so   |3|00|Application, main: Label=Updater, Version=Peridot 5.1.4.0844 20-Mar-13 14:16
000008.104|so   |3|00|Application, main: P/N=3150-11069-514
000008.104|so   |5|00|Platform: Both images are incorrect, will use Primary Image.
000008.104|log  |*|00|Install file upload callback for 'Updater'

000008.105|app1 |*|00|Initial log entry. Current logging level 3
000008.119|cfg  |*|00|Initial log entry. Current logging level 2
000009.054|so   |3|00|Link status is Net up Speed 100 full Duplex, PC down.
