000006.836|so   |*|01|---------- Initial log entry ----------
000006.836|so   |*|01|+++ Note that Updater log times are in GMT +++
000006.836|boot |*|01|Initial log entry. Current logging level 3
000006.836|copy |*|01|Initial log entry. Current logging level 3
000006.836|utilm|*|01|Initial log entry. Current logging level 4
000006.836|hw   |*|01|Initial log entry. Current logging level 4
000006.836|ethf |*|01|Initial log entry. Current logging level 4
000006.836|dns  |*|01|Initial log entry. Current logging level 3
000006.836|curl |*|01|Initial log entry. Current logging level 3
000006.836|sec  |*|01|Initial log entry. Current logging level 4
000006.846|wdog |*|01|Initial log entry. Current logging level 4
000006.846|lldp |*|01|Initial log entry. Current logging level 3
000006.846|cdp  |*|01|Initial log entry. Current logging level 3
000006.846|key  |*|01|Initial log entry. Current logging level 4
000006.980|hw   |6|01|TouchScreen: found lds700x_ts on /dev/event1, firmware version: 0x1c.
000006.980|so   |3|01|Platform: Model=VVX 500, Assembly=3111-44500-001 Rev=A Region=0
000006.980|so   |3|01|Platform: Board=3111-44500-001 7 0
000006.981|so   |3|01|Platform: MAC=0004f28319ab
000006.981|so   |3|01|Platform: BootBlock=3.0.4.0033 (44500-001) 11-Jul-12 12:30
000006.982|so   |*|01|Platform: BootL1=1.0.0.0018 (44500-001) 06-Oct-11 17:01
000006.982|so   |3|01|Application, main: Label=Updater, Version=Peridot 5.1.3.10644 05-Feb-13 17:24
000006.982|so   |3|01|Application, main: P/N=3150-11069-513
000006.982|log  |*|01|Install file upload callback for 'Updater'

000006.983|app1 |*|01|Initial log entry. Current logging level 3
000007.008|cfg  |*|01|Initial log entry. Current logging level 2
000007.844|so   |3|01|Link status is Net up Speed 1000 full Duplex, PC down.
000006.929|so   |*|01|---------- Initial log entry ----------
000006.929|so   |*|01|+++ Note that Updater log times are in GMT +++
000006.929|boot |*|01|Initial log entry. Current logging level 3
000006.929|copy |*|01|Initial log entry. Current logging level 3
000006.929|utilm|*|01|Initial log entry. Current logging level 4
000006.929|hw   |*|01|Initial log entry. Current logging level 4
000006.929|ethf |*|01|Initial log entry. Current logging level 4
000006.930|dns  |*|01|Initial log entry. Current logging level 3
000006.930|curl |*|01|Initial log entry. Current logging level 3
000006.930|sec  |*|01|Initial log entry. Current logging level 4
000006.939|wdog |*|01|Initial log entry. Current logging level 4
000006.940|lldp |*|01|Initial log entry. Current logging level 3
000006.940|cdp  |*|01|Initial log entry. Current logging level 3
000006.940|key  |*|01|Initial log entry. Current logging level 4
000007.070|hw   |6|01|TouchScreen: found lds700x_ts on /dev/event1, firmware version: 0x1c.
000007.071|so   |3|01|Platform: Model=VVX 500, Assembly=3111-44500-001 Rev=A Region=0
000007.071|so   |3|01|Platform: Board=3111-44500-001 7 0
000007.071|so   |3|01|Platform: MAC=0004f28319ab
000007.072|so   |3|01|Platform: BootBlock=3.0.4.0033 (44500-001) 11-Jul-12 12:30
000007.072|so   |*|01|Platform: BootL1=1.0.0.0018 (44500-001) 06-Oct-11 17:01
000007.072|so   |3|01|Application, main: Label=Updater, Version=Peridot 5.1.3.10644 05-Feb-13 17:24
000007.072|so   |3|01|Application, main: P/N=3150-11069-513
000007.073|log  |*|01|Install file upload callback for 'Updater'

000007.073|app1 |*|01|Initial log entry. Current logging level 3
000007.098|cfg  |*|01|Initial log entry. Current logging level 2
000007.932|so   |3|01|Link status is Net up Speed 1000 full Duplex, PC down.
000006.895|so   |*|01|---------- Initial log entry ----------
000006.895|so   |*|01|+++ Note that Updater log times are in GMT +++
000006.895|boot |*|01|Initial log entry. Current logging level 3
000006.896|copy |*|01|Initial log entry. Current logging level 3
000006.896|utilm|*|01|Initial log entry. Current logging level 4
000006.896|hw   |*|01|Initial log entry. Current logging level 4
000006.896|ethf |*|01|Initial log entry. Current logging level 4
000006.896|dns  |*|01|Initial log entry. Current logging level 3
000006.896|curl |*|01|Initial log entry. Current logging level 3
000006.896|sec  |*|01|Initial log entry. Current logging level 4
000006.906|wdog |*|01|Initial log entry. Current logging level 4
000006.906|lldp |*|01|Initial log entry. Current logging level 3
000006.906|cdp  |*|01|Initial log entry. Current logging level 3
000006.906|key  |*|01|Initial log entry. Current logging level 4
000007.030|hw   |6|01|TouchScreen: found lds700x_ts on /dev/event1, firmware version: 0x1c.
000007.031|so   |3|01|Platform: Model=VVX 500, Assembly=3111-44500-001 Rev=A Region=0
000007.031|so   |3|01|Platform: Board=3111-44500-001 7 0
000007.031|so   |3|01|Platform: MAC=0004f28319ab
000007.032|so   |3|01|Platform: BootBlock=3.0.4.0033 (44500-001) 11-Jul-12 12:30
000007.032|so   |*|01|Platform: BootL1=1.0.0.0018 (44500-001) 06-Oct-11 17:01
000007.032|so   |3|01|Application, main: Label=Updater, Version=Peridot 5.1.3.10644 05-Feb-13 17:24
000007.032|so   |3|01|Application, main: P/N=3150-11069-513
000007.033|log  |*|01|Install file upload callback for 'Updater'

000007.033|app1 |*|01|Initial log entry. Current logging level 3
000007.059|cfg  |*|01|Initial log entry. Current logging level 2
000007.899|so   |3|01|Link status is Net up Speed 1000 full Duplex, PC down.
000006.940|so   |*|01|---------- Initial log entry ----------
000006.940|so   |*|01|+++ Note that Updater log times are in GMT +++
000006.940|boot |*|01|Initial log entry. Current logging level 3
000006.940|copy |*|01|Initial log entry. Current logging level 3
000006.940|utilm|*|01|Initial log entry. Current logging level 4
000006.940|hw   |*|01|Initial log entry. Current logging level 4
000006.940|ethf |*|01|Initial log entry. Current logging level 4
000006.940|dns  |*|01|Initial log entry. Current logging level 3
000006.940|curl |*|01|Initial log entry. Current logging level 3
000006.940|sec  |*|01|Initial log entry. Current logging level 4
000006.950|wdog |*|01|Initial log entry. Current logging level 4
000006.950|lldp |*|01|Initial log entry. Current logging level 3
000006.950|cdp  |*|01|Initial log entry. Current logging level 3
000006.950|key  |*|01|Initial log entry. Current logging level 4
000007.090|hw   |6|01|TouchScreen: found lds700x_ts on /dev/event1, firmware version: 0x1c.
000007.091|so   |3|01|Platform: Model=VVX 500, Assembly=3111-44500-001 Rev=A Region=0
000007.091|so   |3|01|Platform: Board=3111-44500-001 7 0
000007.091|so   |3|01|Platform: MAC=0004f28319ab
000007.092|so   |3|01|Platform: BootBlock=3.0.4.0033 (44500-001) 11-Jul-12 12:30
000007.092|so   |*|01|Platform: BootL1=1.0.0.0018 (44500-001) 06-Oct-11 17:01
000007.092|so   |3|01|Application, main: Label=Updater, Version=Peridot 5.1.3.10644 05-Feb-13 17:24
000007.093|so   |3|01|Application, main: P/N=3150-11069-513
000007.093|log  |*|01|Install file upload callback for 'Updater'

000007.093|app1 |*|01|Initial log entry. Current logging level 3
000007.118|cfg  |*|01|Initial log entry. Current logging level 2
000007.129|dot1x|*|01|Initial log entry. Current logging level 3
000007.129|app1 |3|01|Starting provisioning because of the start type.
000007.266|tls  |*|01|Initial log entry. Current logging level 4
000007.943|so   |3|01|Link status is Net up Speed 1000 full Duplex, PC down.
000010.352|lldp |3|01|Enabling 802.1Q tagging, VLAN ID = 206 (from LLDP/CDP)
000010.352|lldp |5|01|VLAN Id has changed to 206.
000013.338|lldp |3|01|LLDP received a response from a switch. LLDP enabled.
000013.390|dhcpc|*|01|Initial log entry. Current logging level 4
000016.134|dns  |*|01|DNS resolver servers are '172.24.192.11' '172.24.192.12'
000016.134|dns  |*|01|DNS resolver search domain is 'hq.squareup.com'
000016.134|app1 |3|01|DNS resolver servers are '172.24.192.11' '172.24.192.12'
000016.134|app1 |3|01|DNS resolver search domain is 'hq.squareup.com'
000016.145|dns  |3|01|DNS lookup for (A) 'p.voxter.com'(74.114.208.245) TTL=85896
000016.146|app1 |3|01|DHCP returned result 0x3A7 from server 172.24.192.11.
000016.146|app1 |3|01|   Phone IP address is 172.24.32.190.
000016.146|app1 |3|01|   Subnet mask is 255.255.254.0.
000016.146|app1 |3|01|   Gateway address is 172.24.32.1.
0226205133|app1 |3|01|   Time server is 192.168.18.193.
0226205133|app1 |3|01|   DNS server is 172.24.192.11.
0226205133|app1 |3|01|   DNS alternate server is 172.24.192.12.
0226205133|app1 |3|01|   DNS domain is hq.squareup.com.
0226205201|app1 |3|01|Time has been set from 192.168.18.193 (192.168.18.193).
0226205201|app1 |3|01|   1424983921: 2015-2-26, 20:52:1, DST off
0226205201|copy |3|01|'http://PlcmSpIp:****@p.voxter.com/0004f28319ab.cfg' from 'p.voxter.com(74.114.208.245)'
0226205201|copy |3|01|Download of '0004f28319ab.cfg' succeeded on attempt 1 (addr 1 of 1)
0226205201|copy |3|01|File /ffs0/newinit.mac is up to date
0226205201|copy |3|01|'http://PlcmSpIp:****@p.voxter.com/000000000000.cfg' from 'p.voxter.com(74.114.208.245)'
0226205201|copy |3|01|Download of '000000000000.cfg' succeeded on attempt 1 (addr 1 of 1)
0226205201|cfg  |*|01|Prov|Starting to update /firmware/polycom/spipm/firmware/3111-44500-001.sip.ld
0226205201|copy |3|01|'http://PlcmSpIp:****@p.voxter.com/firmware/polycom/spipm/firmware/3111-44500-001.sip.ld' from 'p.voxter.com(74.114.208.245)'
0226205201|cfg  |3|01|New load header information:
0226205201|cfg  |3|01|Code length:         0x02E64F20
0226205201|cfg  |3|01|Code Checksum:       0x37659CDD
0226205201|cfg  |3|01|Options:             0x00000080
0226205201|cfg  |3|01|Recognized container image
0226205201|cfg  |3|01|New load header information:
0226205201|cfg  |3|01|Code length:         0x027AD000
0226205201|cfg  |3|01|Code Checksum:       0x4E23087A
0226205201|cfg  |3|01|Options:             0x00000002
0226205201|cfg  |3|01|Application header is different
0226205201|cfg  |3|01|Application in container image 1 is different
0226205201|cfg  |3|01|New load header information:
0226205201|cfg  |3|01|Code length:         0x006B75D0
0226205201|cfg  |3|01|Code Checksum:       0x3764F9B0
0226205201|cfg  |3|01|Options:             0x00000010
0226205201|cfg  |3|01|Updater header is different
0226205201|cfg  |3|01|Updater in container image 2 is different
0226205201|cfg  |3|01|Using Updater
0226205319|cfg  |*|01|Prov|Updating the Updater
0226205319|cfg  |3|01|Using compatible image 0
0226205335|copy |3|01|Download of 'firmware/polycom/spipm/firmware/3111-44500-001.sip.ld' succeeded on attempt 1 (addr 1 of 1)
0226205335|sig  |*|01|Initial log entry. Current logging level 3
0226205335|sig  |3|01|hwSigParseRemove: found key Sig_3.
0226205335|cfg  |3|01|Good image signature
0226205335|cfg  |4|01|Removing application...
0226205339|cfg  |3|01|Programming Updater from sector 320 to 575
0226205343|cfg  |3|01|Programming to sector 320 complete
0226205345|cfg  |*|01|Prov|Image has been changed
0226205345|cfg  |*|01|Prov|Provisioning needs to reboot to upgrade image(s)
000009.017|so   |*|01|---------- Initial log entry ----------
000009.017|so   |*|01|+++ Note that Updater log times are in GMT +++
000009.017|boot |*|01|Initial log entry. Current logging level 3
000009.018|copy |*|01|Initial log entry. Current logging level 3
000009.018|utilm|*|01|Initial log entry. Current logging level 4
000009.018|hw   |*|01|Initial log entry. Current logging level 4
000009.018|ethf |*|01|Initial log entry. Current logging level 4
000009.018|dns  |*|01|Initial log entry. Current logging level 3
000009.018|curl |*|01|Initial log entry. Current logging level 3
000009.018|sec  |*|01|Initial log entry. Current logging level 4
000009.028|wdog |*|01|Initial log entry. Current logging level 4
000009.028|lldp |*|01|Initial log entry. Current logging level 3
000009.028|cdp  |*|01|Initial log entry. Current logging level 3
000009.028|key  |*|01|Initial log entry. Current logging level 4
000009.142|hw   |6|01|TouchScreen: found lds700x_ts on /dev/event1, firmware version: 0x1c.0
000009.143|so   |3|01|Platform: Model=VVX 500, Assembly=3111-44500-001 Rev=A Region=0
000009.143|so   |3|01|Platform: Board=3111-44500-001 7 0
000009.143|so   |3|01|Platform: MAC=0004f28319ab
000009.144|so   |3|01|Platform: BootBlock=3.0.4.0033 (44500-001) 11-Jul-12 12:30
000009.144|so   |*|01|Platform: BootL1=1.0.0.0018 (44500-001) 06-Oct-11 17:01
000009.144|so   |3|01|Application, main: Label=Updater, Version=Azurite 5.0.6.0565 26-Feb-14 08:00
000009.144|so   |3|01|Application, main: P/N=YYYY-YYYYY-YYY
000009.144|log  |*|01|Install file upload callback for 'Updater'

000009.145|app1 |*|01|Initial log entry. Current logging level 3
000009.173|cfg  |*|01|Initial log entry. Current logging level 2
000009.183|dot1x|*|01|Initial log entry. Current logging level 3
000009.183|app1 |3|01|Starting provisioning because of the start type.
000009.323|tls  |*|01|Initial log entry. Current logging level 4
000010.022|so   |3|01|Link status is Net up Speed 1000 full Duplex, PC down.
000012.396|lldp |3|01|Enabling 802.1Q tagging, VLAN ID = 206 (from LLDP/CDP)
000012.396|lldp |5|01|VLAN Id has changed to 206.
000015.385|lldp |3|01|LLDP received a response from a switch. LLDP enabled.
000015.440|dhcpc|*|01|Initial log entry. Current logging level 4
000021.614|dns  |*|01|DNS resolver servers are '172.24.192.11' '172.24.192.12'
000021.614|dns  |*|01|DNS resolver search domain is 'hq.squareup.com'
000021.614|app1 |3|01|DNS resolver servers are '172.24.192.11' '172.24.192.12'
000021.614|app1 |3|01|DNS resolver search domain is 'hq.squareup.com'
000021.622|dns  |3|01|DNS lookup for (A) 'p.voxter.com'(74.114.208.245) TTL=85759
000021.623|app1 |3|01|DHCP returned result 0x3A7 from server 172.24.192.11.
000021.623|app1 |3|01|   Phone IP address is 172.24.32.190.
000021.623|app1 |3|01|   Subnet mask is 255.255.254.0.
000021.623|app1 |3|01|   Gateway address is 172.24.32.1.
000021.623|app1 |3|01|   Time server is 192.168.18.193.
000021.623|app1 |3|01|   DNS server is 172.24.192.11.
0226205213|app1 |3|01|   DNS alternate server is 172.24.192.12.
0226205213|app1 |3|01|   DNS domain is hq.squareup.com.
0226205418|app1 |3|01|Time has been set from 192.168.18.193 (192.168.18.193).
0226205418|app1 |3|01|   1424984058: 2015-2-26, 20:54:18, DST off
0226205418|copy |3|01|'http://PlcmSpIp:****@p.voxter.com/0004f28319ab.cfg' from 'p.voxter.com(74.114.208.245)'
0226205418|copy |3|01|Download of '0004f28319ab.cfg' succeeded on attempt 1 (addr 1 of 1)
0226205418|copy |3|01|File /ffs0/newinit.mac is up to date
0226205418|copy |3|01|'http://PlcmSpIp:****@p.voxter.com/000000000000.cfg' from 'p.voxter.com(74.114.208.245)'
0226205418|copy |3|01|Download of '000000000000.cfg' succeeded on attempt 1 (addr 1 of 1)
0226205418|cfg  |*|01|Prov|Starting to update /firmware/polycom/spipm/firmware/3111-44500-001.sip.ld
0226205418|copy |3|01|'http://PlcmSpIp:****@p.voxter.com/firmware/polycom/spipm/firmware/3111-44500-001.sip.ld' from 'p.voxter.com(74.114.208.245)'
0226205418|cfg  |3|01|New load header information:
0226205418|cfg  |3|01|Code length:         0x02E64F20
0226205418|cfg  |3|01|Code Checksum:       0x37659CDD
0226205418|cfg  |3|01|Options:             0x00000080
0226205418|cfg  |5|01|hwBoard.verDisplay: 23

0226205418|cfg  |3|01|Recognized container image
0226205418|cfg  |3|01|New load header information:
0226205418|cfg  |3|01|Code length:         0x027AD000
0226205418|cfg  |3|01|Code Checksum:       0x4E23087A
0226205418|cfg  |3|01|Options:             0x00000002
0226205418|cfg  |5|01|hwBoard.verDisplay: 23

0226205418|cfg  |3|01|Could not open application file for checking
0226205418|cfg  |3|01|Application in container image 1 is different
0226205418|cfg  |3|01|New load header information:
0226205418|cfg  |3|01|Code length:         0x006B75D0
0226205418|cfg  |3|01|Code Checksum:       0x3764F9B0
0226205418|cfg  |3|01|Options:             0x00000010
0226205418|cfg  |5|01|hwBoard.verDisplay: 23

0226205418|cfg  |3|01|Updater is already present
0226205418|cfg  |3|01|Updater in container image 2 is not different
0226205418|cfg  |3|01|Using application
0226205418|cfg  |*|01|Prov|Updating the Application
0226205418|cfg  |3|01|Using compatible image 0
0226205540|copy |3|01|buffered_write: transfer terminated
0226205540|copy |3|01|Download of 'firmware/polycom/spipm/firmware/3111-44500-001.sip.ld' succeeded on attempt 1 (addr 1 of 1)
0226205541|sig  |*|01|Initial log entry. Current logging level 3
0226205541|sig  |3|01|hwSigParseRemove: found key Sig_3.
0226205544|cfg  |3|01|Good image signature
0226205544|cfg  |3|01|Programming 41603664 bytes into tffs in 4K blocks
0226205606|cfg  |3|01|Extracting application files
0226205606|cfg  |3|01|New load header information:
0226205606|cfg  |3|01|Code length:         0x027AD000
0226205606|cfg  |3|01|Code Checksum:       0x4E23087A
0226205606|cfg  |3|01|Options:             0x00000002
0226205705|cfg  |3|01|Finished extracting application files (OK)
0226205710|cfg  |3|01|File system is synchronized
0226205711|cfg  |*|01|Prov|Succeeded updating file /firmware/polycom/spipm/firmware/3111-44500-001.sip.ld
0226205711|cfg  |*|01|Prov|Image has been changed
0226205712|cfg  |3|01|Prov|Provisioning succeeded
0226205712|app1 |3|01|Application, load: Type=SIP, Version=4.0.6.0711 26-Feb-14 08:15
0226205712|cfg  |*|01|Prov|Finished updating configuration
0226205712|boot |*|01|Using TFFS for flash load
0226205712|boot |*|01|Code length:         0x027AD000
0226205712|boot |*|01|Code checksum:       0x4E23087A
0226205712|app1 |4|01|Loaded application /firmware/polycom/spipm/firmware/sip.ld from local system successfully.
0226205712|app1 |6|01|Uploading boot log, time is Thu Feb 26 20:57:12 2015

0226205712|copy |3|01|'http://PlcmSpIp:****@p.voxter.com/logs/0004f28319ab-boot.log' to 'p.voxter.com(74.114.208.245)'
0226205712|copy |3|01|Upload of 'logs/0004f28319ab-boot.log' succeeded on attempt 1 (addr 1 of 1)
0226205724|cfg  |3|01|Prov|Shutting down
000008.856|so   |*|01|---------- Initial log entry ----------
000008.856|so   |*|01|+++ Note that Updater log times are in GMT +++
000008.856|boot |*|01|Initial log entry. Current logging level 3
000008.856|copy |*|01|Initial log entry. Current logging level 3
000008.856|utilm|*|01|Initial log entry. Current logging level 4
000008.856|hw   |*|01|Initial log entry. Current logging level 4
000008.856|ethf |*|01|Initial log entry. Current logging level 4
000008.856|dns  |*|01|Initial log entry. Current logging level 3
000008.856|curl |*|01|Initial log entry. Current logging level 3
000008.856|sec  |*|01|Initial log entry. Current logging level 4
000008.866|wdog |*|01|Initial log entry. Current logging level 4
000008.867|lldp |*|01|Initial log entry. Current logging level 3
000008.867|cdp  |*|01|Initial log entry. Current logging level 3
000008.867|key  |*|01|Initial log entry. Current logging level 4
000008.982|hw   |6|01|TouchScreen: found lds700x_ts on /dev/event1, firmware version: 0x1c.0
000008.983|so   |3|01|Platform: Model=VVX 500, Assembly=3111-44500-001 Rev=A Region=0
000008.983|so   |3|01|Platform: Board=3111-44500-001 7 0
000008.983|so   |3|01|Platform: MAC=0004f28319ab
000008.983|so   |3|01|Platform: BootBlock=3.0.4.0033 (44500-001) 11-Jul-12 12:30
000008.984|so   |*|01|Platform: BootL1=1.0.0.0018 (44500-001) 06-Oct-11 17:01
000008.984|so   |3|01|Application, main: Label=Updater, Version=Azurite 5.0.6.0565 26-Feb-14 08:00
000008.984|so   |3|01|Application, main: P/N=YYYY-YYYYY-YYY
000008.984|log  |*|01|Install file upload callback for 'Updater'

000008.985|app1 |*|01|Initial log entry. Current logging level 3
000009.013|cfg  |*|01|Initial log entry. Current logging level 2
000009.859|so   |3|01|Link status is Net up Speed 1000 full Duplex, PC down.
000008.861|so   |*|01|---------- Initial log entry ----------
000008.861|so   |*|01|+++ Note that Updater log times are in GMT +++
000008.861|boot |*|01|Initial log entry. Current logging level 3
000008.861|copy |*|01|Initial log entry. Current logging level 3
000008.861|utilm|*|01|Initial log entry. Current logging level 4
000008.861|hw   |*|01|Initial log entry. Current logging level 4
000008.861|ethf |*|01|Initial log entry. Current logging level 4
000008.861|dns  |*|01|Initial log entry. Current logging level 3
000008.861|curl |*|01|Initial log entry. Current logging level 3
000008.861|sec  |*|01|Initial log entry. Current logging level 4
000008.871|wdog |*|01|Initial log entry. Current logging level 4
000008.871|lldp |*|01|Initial log entry. Current logging level 3
000008.871|cdp  |*|01|Initial log entry. Current logging level 3
000008.871|key  |*|01|Initial log entry. Current logging level 4
000009.002|hw   |6|01|TouchScreen: found lds700x_ts on /dev/event1, firmware version: 0x1c.0
000009.003|so   |3|01|Platform: Model=VVX 500, Assembly=3111-44500-001 Rev=A Region=0
000009.003|so   |3|01|Platform: Board=3111-44500-001 7 0
000009.003|so   |3|01|Platform: MAC=0004f28319ab
000009.004|so   |3|01|Platform: BootBlock=3.0.4.0033 (44500-001) 11-Jul-12 12:30
000009.004|so   |*|01|Platform: BootL1=1.0.0.0018 (44500-001) 06-Oct-11 17:01
000009.004|so   |3|01|Application, main: Label=Updater, Version=Azurite 5.0.6.0565 26-Feb-14 08:00
000009.004|so   |3|01|Application, main: P/N=YYYY-YYYYY-YYY
000009.004|log  |*|01|Install file upload callback for 'Updater'

000009.005|app1 |*|01|Initial log entry. Current logging level 3
000009.033|cfg  |*|01|Initial log entry. Current logging level 2
000009.864|so   |3|01|Link status is Net up Speed 1000 full Duplex, PC down.
000008.855|so   |*|01|---------- Initial log entry ----------
000008.855|so   |*|01|+++ Note that Updater log times are in GMT +++
000008.855|boot |*|01|Initial log entry. Current logging level 3
000008.855|copy |*|01|Initial log entry. Current logging level 3
000008.855|utilm|*|01|Initial log entry. Current logging level 4
000008.855|hw   |*|01|Initial log entry. Current logging level 4
000008.855|ethf |*|01|Initial log entry. Current logging level 4
000008.855|dns  |*|01|Initial log entry. Current logging level 3
000008.855|curl |*|01|Initial log entry. Current logging level 3
000008.855|sec  |*|01|Initial log entry. Current logging level 4
000008.865|wdog |*|01|Initial log entry. Current logging level 4
000008.865|lldp |*|01|Initial log entry. Current logging level 3
000008.865|cdp  |*|01|Initial log entry. Current logging level 3
000008.865|key  |*|01|Initial log entry. Current logging level 4
000008.992|hw   |6|01|TouchScreen: found lds700x_ts on /dev/event1, firmware version: 0x1c.0
000008.993|so   |3|01|Platform: Model=VVX 500, Assembly=3111-44500-001 Rev=A Region=0
000008.993|so   |3|01|Platform: Board=3111-44500-001 7 0
000008.993|so   |3|01|Platform: MAC=0004f28319ab
000008.993|so   |3|01|Platform: BootBlock=3.0.4.0033 (44500-001) 11-Jul-12 12:30
000008.994|so   |*|01|Platform: BootL1=1.0.0.0018 (44500-001) 06-Oct-11 17:01
000008.994|so   |3|01|Application, main: Label=Updater, Version=Azurite 5.0.6.0565 26-Feb-14 08:00
000008.994|so   |3|01|Application, main: P/N=YYYY-YYYYY-YYY
000008.994|log  |*|01|Install file upload callback for 'Updater'

000008.995|app1 |*|01|Initial log entry. Current logging level 3
000009.023|cfg  |*|01|Initial log entry. Current logging level 2
000009.858|so   |3|01|Link status is Net up Speed 1000 full Duplex, PC down.
000008.812|so   |*|01|---------- Initial log entry ----------
000008.812|so   |*|01|+++ Note that Updater log times are in GMT +++
000008.812|boot |*|01|Initial log entry. Current logging level 3
000008.812|copy |*|01|Initial log entry. Current logging level 3
000008.812|utilm|*|01|Initial log entry. Current logging level 4
000008.812|hw   |*|01|Initial log entry. Current logging level 4
000008.812|ethf |*|01|Initial log entry. Current logging level 4
000008.812|dns  |*|01|Initial log entry. Current logging level 3
000008.812|curl |*|01|Initial log entry. Current logging level 3
000008.812|sec  |*|01|Initial log entry. Current logging level 4
000008.822|wdog |*|01|Initial log entry. Current logging level 4
000008.822|lldp |*|01|Initial log entry. Current logging level 3
000008.822|cdp  |*|01|Initial log entry. Current logging level 3
000008.822|key  |*|01|Initial log entry. Current logging level 4
000008.962|hw   |6|01|TouchScreen: found lds700x_ts on /dev/event1, firmware version: 0x1c.0
000008.963|so   |3|01|Platform: Model=VVX 500, Assembly=3111-44500-001 Rev=A Region=0
000008.963|so   |3|01|Platform: Board=3111-44500-001 7 0
000008.963|so   |3|01|Platform: MAC=0004f28319ab
000008.963|so   |3|01|Platform: BootBlock=3.0.4.0033 (44500-001) 11-Jul-12 12:30
000008.964|so   |*|01|Platform: BootL1=1.0.0.0018 (44500-001) 06-Oct-11 17:01
000008.964|so   |3|01|Application, main: Label=Updater, Version=Azurite 5.0.6.0565 26-Feb-14 08:00
000008.964|so   |3|01|Application, main: P/N=YYYY-YYYYY-YYY
000008.964|log  |*|01|Install file upload callback for 'Updater'

000008.965|app1 |*|01|Initial log entry. Current logging level 3
000008.993|cfg  |*|01|Initial log entry. Current logging level 2
000009.815|so   |3|01|Link status is Net up Speed 1000 full Duplex, PC down.
000008.838|so   |*|01|---------- Initial log entry ----------
000008.838|so   |*|01|+++ Note that Updater log times are in GMT +++
000008.838|boot |*|01|Initial log entry. Current logging level 3
000008.838|copy |*|01|Initial log entry. Current logging level 3
000008.838|utilm|*|01|Initial log entry. Current logging level 4
000008.838|hw   |*|01|Initial log entry. Current logging level 4
000008.838|ethf |*|01|Initial log entry. Current logging level 4
000008.839|dns  |*|01|Initial log entry. Current logging level 3
000008.839|curl |*|01|Initial log entry. Current logging level 3
000008.839|sec  |*|01|Initial log entry. Current logging level 4
000008.849|wdog |*|01|Initial log entry. Current logging level 4
000008.849|lldp |*|01|Initial log entry. Current logging level 3
000008.849|cdp  |*|01|Initial log entry. Current logging level 3
000008.849|key  |*|01|Initial log entry. Current logging level 4
000008.982|hw   |6|01|TouchScreen: found lds700x_ts on /dev/event1, firmware version: 0x1c.0
000008.983|so   |3|01|Platform: Model=VVX 500, Assembly=3111-44500-001 Rev=A Region=0
000008.983|so   |3|01|Platform: Board=3111-44500-001 7 0
000008.983|so   |3|01|Platform: MAC=0004f28319ab
000008.984|so   |3|01|Platform: BootBlock=3.0.4.0033 (44500-001) 11-Jul-12 12:30
000008.984|so   |*|01|Platform: BootL1=1.0.0.0018 (44500-001) 06-Oct-11 17:01
000008.984|so   |3|01|Application, main: Label=Updater, Version=Azurite 5.0.6.0565 26-Feb-14 08:00
000008.984|so   |3|01|Application, main: P/N=YYYY-YYYYY-YYY
000008.984|log  |*|01|Install file upload callback for 'Updater'

000008.985|app1 |*|01|Initial log entry. Current logging level 3
000009.013|cfg  |*|01|Initial log entry. Current logging level 2
000009.842|so   |3|01|Link status is Net up Speed 1000 full Duplex, PC down.
000008.160|so   |*|00|---------- Initial log entry ----------
000008.160|so   |*|00|+++ Note that Updater log times are in GMT +++
000008.160|boot |*|00|Initial log entry. Current logging level 3
000008.160|copy |*|00|Initial log entry. Current logging level 3
000008.160|utilm|*|00|Initial log entry. Current logging level 4
000008.160|hw   |*|00|Initial log entry. Current logging level 4
000008.160|ethf |*|00|Initial log entry. Current logging level 4
000008.160|dns  |*|00|Initial log entry. Current logging level 3
000008.160|curl |*|00|Initial log entry. Current logging level 3
000008.160|sec  |*|00|Initial log entry. Current logging level 4
000008.170|wdog |*|00|Initial log entry. Current logging level 4
000008.170|lldp |*|00|Initial log entry. Current logging level 3
000008.170|cdp  |*|00|Initial log entry. Current logging level 3
000008.170|key  |*|00|Initial log entry. Current logging level 4
000008.300|hw   |6|00|TouchScreen: found lds700x_ts on /dev/event1, firmware version: 0x1c.0
000008.301|so   |3|00|Platform: Model=VVX 500, Assembly=3111-44500-001 Rev=A Region=0
000008.301|so   |3|00|Platform: Board=3111-44500-001 7 0
000008.301|so   |3|00|Platform: MAC=0004f28319ab
000008.302|so   |3|00|Platform: BootBlock=3.0.4.0033 (44500-001) 11-Jul-12 12:30
000008.302|so   |*|00|Platform: BootL1=1.0.0.0018 (44500-001) 06-Oct-11 17:01
000008.302|so   |3|00|Application, main: Label=Updater, Version=Azurite 5.0.6.0565 26-Feb-14 08:00
000008.302|so   |3|00|Application, main: P/N=YYYY-YYYYY-YYY
000008.302|log  |*|00|Install file upload callback for 'Updater'

000008.303|app1 |*|00|Initial log entry. Current logging level 3
000008.331|cfg  |*|00|Initial log entry. Current logging level 2
000009.166|so   |3|00|Link status is Net up Speed 1000 full Duplex, PC down.
000008.195|so   |*|00|---------- Initial log entry ----------
000008.195|so   |*|00|+++ Note that Updater log times are in GMT +++
000008.195|boot |*|00|Initial log entry. Current logging level 3
000008.195|copy |*|00|Initial log entry. Current logging level 3
000008.195|utilm|*|00|Initial log entry. Current logging level 4
000008.195|hw   |*|00|Initial log entry. Current logging level 4
000008.195|ethf |*|00|Initial log entry. Current logging level 4
000008.195|dns  |*|00|Initial log entry. Current logging level 3
000008.195|curl |*|00|Initial log entry. Current logging level 3
000008.195|sec  |*|00|Initial log entry. Current logging level 4
000008.205|wdog |*|00|Initial log entry. Current logging level 4
000008.205|lldp |*|00|Initial log entry. Current logging level 3
000008.205|cdp  |*|00|Initial log entry. Current logging level 3
000008.205|key  |*|00|Initial log entry. Current logging level 4
000008.330|hw   |6|00|TouchScreen: found lds700x_ts on /dev/event1, firmware version: 0x1c.0
000008.331|so   |3|00|Platform: Model=VVX 500, Assembly=3111-44500-001 Rev=A Region=0
000008.331|so   |3|00|Platform: Board=3111-44500-001 7 0
000008.331|so   |3|00|Platform: MAC=0004f28319ab
000008.332|so   |3|00|Platform: BootBlock=3.0.4.0033 (44500-001) 11-Jul-12 12:30
000008.332|so   |*|00|Platform: BootL1=1.0.0.0018 (44500-001) 06-Oct-11 17:01
000008.332|so   |3|00|Application, main: Label=Updater, Version=Azurite 5.0.6.0565 26-Feb-14 08:00
000008.332|so   |3|00|Application, main: P/N=YYYY-YYYYY-YYY
000008.332|log  |*|00|Install file upload callback for 'Updater'

000008.333|app1 |*|00|Initial log entry. Current logging level 3
000008.361|cfg  |*|00|Initial log entry. Current logging level 2
000009.201|so   |3|00|Link status is Net up Speed 1000 full Duplex, PC down.
000008.226|so   |*|00|---------- Initial log entry ----------
000008.227|so   |*|00|+++ Note that Updater log times are in GMT +++
000008.227|boot |*|00|Initial log entry. Current logging level 3
000008.227|copy |*|00|Initial log entry. Current logging level 3
000008.227|utilm|*|00|Initial log entry. Current logging level 4
000008.227|hw   |*|00|Initial log entry. Current logging level 4
000008.227|ethf |*|00|Initial log entry. Current logging level 4
000008.227|dns  |*|00|Initial log entry. Current logging level 3
000008.227|curl |*|00|Initial log entry. Current logging level 3
000008.227|sec  |*|00|Initial log entry. Current logging level 4
000008.236|wdog |*|00|Initial log entry. Current logging level 4
000008.236|lldp |*|00|Initial log entry. Current logging level 3
000008.236|cdp  |*|00|Initial log entry. Current logging level 3
000008.236|key  |*|00|Initial log entry. Current logging level 4
000008.360|hw   |6|00|TouchScreen: found lds700x_ts on /dev/event1, firmware version: 0x1c.0
000008.361|so   |3|00|Platform: Model=VVX 500, Assembly=3111-44500-001 Rev=A Region=0
000008.361|so   |3|00|Platform: Board=3111-44500-001 7 0
000008.361|so   |3|00|Platform: MAC=0004f28319ab
000008.362|so   |3|00|Platform: BootBlock=3.0.4.0033 (44500-001) 11-Jul-12 12:30
000008.362|so   |*|00|Platform: BootL1=1.0.0.0018 (44500-001) 06-Oct-11 17:01
000008.362|so   |3|00|Application, main: Label=Updater, Version=Azurite 5.0.6.0565 26-Feb-14 08:00
000008.362|so   |3|00|Application, main: P/N=YYYY-YYYYY-YYY
000008.362|log  |*|00|Install file upload callback for 'Updater'

000008.363|app1 |*|00|Initial log entry. Current logging level 3
000008.391|cfg  |*|00|Initial log entry. Current logging level 2
000009.233|so   |3|00|Link status is Net up Speed 1000 full Duplex, PC down.
