0515140304|so   |*|00|947bd7fc                      : 947d209c (eeeeeeee, eeeeeeee, eeeeeeee, eeeeeeee)
0515140304|so   |*|00|Task Trace tSysLgIcmp
0515140304|so   |*|00|Task Trace tNetLoad
0515140304|so   |*|00|94584c34                      : 947c1e0c (1, eeeeeeee, eeeeeeee, eeeeeeee)
0515140304|so   |*|00|Task Trace tCpuLoad
0515140304|so   |*|00|94551328                      : 947c1e0c (eeeeeeee, eeeeeeee, eeeeeeee, eeeeeeee)
0515140304|so   |*|00|Task Trace tIdle
0515140304|so   |*|00|Task Trace tEntropyGather
0515140304|so   |*|00|9458745c                      : 947c1e0c (eeeeeeee, eeeeeeee, eeeeeeee, eeeeeeee)
0515140304|so   |*|00|Task Trace tSupObjs
0515140304|so   |*|00|94477b18                      : 945933a0 (40, 0, 948b5360, 1002)
0515140304|so   |*|00|94593418                      : 947bd158 (94b35510, 32, 0, 95f66f90)
0515140304|so   |*|00|947bd428                      : 947d209c (4, 86, 0, 95c17990)
0515140304|so   |*|00|Task Trace tWdbTask
0515140304|so   |*|00|Task Trace tCdpTx
0515140304|so   |*|00|943bcbb0                      : 947c1e0c (eeeeeeee, eeeeeeee, eeeeeeee, eeeeeeee)
0515140304|so   |*|00|Task Trace tDhcpcReadTask
0515140304|so   |*|00|Task Trace tDhcpcStateTask
0515140304|so   |*|00|Task Trace tCdpMon
0515140304|so   |*|00|943bc9ac                      : 947bd57c (9489a7f8, 1e, 0, 1f40)
0515140304|so   |*|00|947bd7fc                      : 947d209c (8, 943b5a94, 6000c, 94b343f4)
0515140304|so   |*|00|Task Trace tLldpMon
0515140304|so   |*|00|943a7b48                      : 947bd57c (95dc5988, eeeeeeee, eeeeeeee, eeeeeeee)
0515140304|so   |*|00|947bd7fc                      : 947d209c (fff0fff, fffeeee, 1, 0)
0515140304|so   |*|00|Task Trace tNetTask
0515140304|so   |*|00|Task Trace tDcacheUpd
0515140304|so   |*|00|9477451c                      : 947c1e0c (eeeeeeee, eeeeeeee, eeeeeeee, 1)
0515140304|so   |*|00|Task Trace tPmtShell
0515140304|so   |*|00|Task Trace tTffsPTask
0515140304|so   |*|00|947b0ec8                      : 947c1e0c (eeeeeeee, eeeeeeee, eeeeeeee, eeeeeeee)
0515140304|so   |*|00|Task Trace tLogTask
0515140304|so   |*|00|9478a908                      : 947bd57c (eeeeeeee, eeeeeeee, eeeeeeee, eeeeeeee)
0515140304|so   |*|00|947bd7fc                      : 947d209c (0, 0, 0, 0)
0515140304|so   |*|00|Task Trace tExcTask
0515140304|so   |*|00|947854c8                      : 947bd57c (eeeeeeee, eeeeeeee, eeeeeeee, eeeeeeee)
0515140304|so   |*|00|947bd7fc                      : 947d209c (eeeeeeee, eeeeeeee, eeeeeeee, eeeeeeee)
0515140304|so   |*|00|Task Trace tBkLt
0515140304|so   |*|00|943be89c                      : 947c1e0c (db, eeeeeeee, eeeeeeee, eeeeeeee)
0515140304|so   |*|00|############################################
