000005.507|res  |*|03|Initial log entry. Current logging level 4
000005.507|httpa|*|03|Initial log entry. Current logging level 4
000005.507|lldp |*|03|Initial log entry. Current logging level 4
000005.507|cdp  |*|03|Initial log entry. Current logging level 4
000005.553|ssps |*|03|Initial log entry. Current logging level 4
000005.639|so   |*|03|System Info Reports:
000005.639|so   |*|03|	CPU is pnx1700/TM5250, rev 0 running at 399MHz with memory at 199MHz.
000005.639|so   |*|03|	CAS latency (dram): 0x133; CAS latency (proc): 0x6; refresh rate: 0x616
000005.639|so   |*|03|	Board is identified as PLCM PNX1700 Onyx (ID 0x1004fb2c):
000005.639|so   |*|03|	DRAM_LO: 0x40000000.  DRAM_HI: 0x44000000.  C_LIMIT: 0x43ff0000.
000005.639|so   |*|03|	APERT1_LO: 0x1c000000.  APERT1_HI: 0x20000000.
000005.639|so   |*|03|	PCSW: 0x20001e02
000005.639|so   |*|03|	Application built in ASSERT mode.
000005.639|so   |*|03|  NOR flash detected is 14
000005.639|key  |*|03|Initial log entry. Current logging level 4
000005.642|httpd|*|03|Initial log entry. Current logging level 4
000005.642|poll |*|03|Initial log entry. Current logging level 4
000005.642|push |*|03|Initial log entry. Current logging level 4
000005.642|poll |*|03|Initial log entry. Current logging level 4
000005.642|poll |*|03|Initial log entry. Current logging level 4
000005.642|poll |*|03|Initial log entry. Current logging level 4
000005.642|poll |*|03|Initial log entry. Current logging level 4
000005.642|poll |*|03|Initial log entry. Current logging level 4
000005.642|ht   |*|03|Initial log entry. Current logging level 4
000005.645|dbuf |*|03|Initial log entry. Current logging level 4
000005.648|pps  |*|03|Initial log entry. Current logging level 4
000005.648|sip  |*|03|Initial log entry. Current logging level 4
000005.648|peer |*|03|Initial log entry. Current logging level 4
000005.648|mobil|*|03|Initial log entry. Current logging level 4
000005.648|ptt  |*|03|Initial log entry. Current logging level 4
000005.668|ssps |*|03|Application, comp. 1: Label=PolyDSP PNX1700 Mem1 FS1, Version=6.2.0.0117 23-Jan-13 15:46
000005.668|ssps |*|03|Application, comp. 1: P/N=3150-11580-620.
000005.739|so   |5|03|soCoreAudio compiledOffsetsApply error: unrecognized verAudio 6 for headset
000005.868|ssps |5|03|sspsHdiMsgProc: id=210 (SspsHdiMsgDtHAck), len=12, seq=23, req=24, extra=-1, extraRep=-2, resType=3, desc=3147.
000005.888|ssps |5|03|sspsHdiMsgProc: id=210 (SspsHdiMsgDtHAck), len=12, seq=26, req=27, extra=-1, extraRep=-2, resType=3, desc=3148.
000005.888|ssps |5|03|sspsHdiMsgProc: id=210 (SspsHdiMsgDtHAck), len=12, seq=32, req=33, extra=-1, extraRep=-2, resType=3, desc=3147.
000005.908|ssps |5|03|sspsHdiMsgProc: id=210 (SspsHdiMsgDtHAck), len=12, seq=35, req=36, extra=-1, extraRep=-2, resType=3, desc=3148.
000005.928|so   |*|03|Using TCP IP Media Port, configured initial RTP port 2222
000005.942|sshc |*|03|Initial log entry. Current logging level 4
000005.943|cmp  |*|03|Initial log entry. Current logging level 4
000005.943|wmgr |*|03|Initial log entry. Current logging level 4
000005.943|pnetm|*|03|WaitForProvisioningOverClink2(), returning 1 in task tSup (5505024)
000005.946|slog |*|03|Initial log entry. Current logging level 4
000005.968|ssps |5|03|sspsHdiMsgProc: id=210 (SspsHdiMsgDtHAck), len=12, seq=40, req=41, extra=-1, extraRep=-2, resType=3, desc=3147.
000006.145|app1 |*|03|Initial log entry. Current logging level 4
000006.145|pnetm|*|03|pnetModule::attach() VGA status call back:0x405087c0, appPtr:0x42d4b7ec 
000006.149|app1 |4|03|StatusBar is disabled
000006.152|app1 |4|03|mb.main.home parameter is empty
000006.156|mb   |*|03|Initial log entry. Current logging level 4
000006.233|ldap |*|03|Initial log entry. Current logging level 4
000006.233|ldap |4|03|cDynamicData::cDynamicData:cDynamicData:Failed
000006.483|efk  |*|03|Initial log entry. Current logging level 4
000004.654|log  |*|03|---------- Initial log entry ----------
000004.654|so   |*|03|Platform: Model=SoundStation IP 7000, Assembly=3111-40000-001 Rev=J Region=
000004.655|so   |*|03|Platform: Interface    eth0 MAC=0004f2edeea1
000004.655|so   |*|03|Platform: BootBlock=3.0.2.0024 (40000-001) 30-Nov-10 15:04
000004.655|so   |*|03|Platform: BootL1=Standalone.0002 15-Jan-07 15:05:00
000004.656|so   |*|03|Platform: Updater=5.0.5.2324 09-Dec-13 14:37
000004.656|so   |*|03|Application, main: Label=SIP, Version=Mink 4.0.7.2514 13-Jul-14 21:03
000004.656|so   |*|03|Application, main: P/N=3150-11530-407
000004.656|rdisk|*|03|RAM disk created, size: 8,388,608 bytes
000004.656|ocsp |*|03|O.C.S.P. Enabled = 0
000004.656|tls  |*|03|Initial log entry. Current logging level 4
000004.681|pmt  |*|03|Initial log entry. Current logging level 4
000004.681|wdog |*|03|Initial log entry. Current logging level 4
000004.681|ethf |*|03|Initial log entry. Current logging level 4
000004.681|hw   |*|03|Initial log entry. Current logging level 4
000004.681|ares |*|03|Initial log entry. Current logging level 4
000004.681|dns  |*|03|Initial log entry. Current logging level 4
000004.681|cfg  |*|03|Initial log entry. Current logging level 4
000004.681|dot1x|*|03|Initial log entry. Current logging level 4
000004.682|lic  |*|03|Initial log entry. Current logging level 4
000004.682|lic  |4|03|cfgCfsFlashKeyScratchLoad: key is blank
000004.782|cfg  |*|03|RT|Network eth0 link went up
000004.782|cfg  |*|03|RT|cfgRtNetInterfaceUpdate: Network not initialized
000004.965|pnetm|*|03|Initial log entry. Current logging level 4
000004.965|clink|*|03|Initial log entry. Current logging level 4
000005.102|curl |*|03|Initial log entry. Current logging level 4
000005.102|utilm|*|03|Initial log entry. Current logging level 4
000005.102|copy |*|03|Initial log entry. Current logging level 4
000005.102|rtos |*|03|Initial log entry. Current logging level 4
000005.102|sec  |*|03|Initial log entry. Current logging level 4
000005.103|so   |*|03|Configuration files: 0004f2edeea1_reg.cfg, provisioner.cfg, sip.cfg, features.cfg
000005.103|so   |*|03|Configuration file "0004f2edeea1_reg.cfg" SHA1 digest: 4FB01061E1EE4BDB4B0D60B758040B2A15C88927
000005.103|so   |*|03|Configuration file "provisioner.cfg" SHA1 digest: 51080CD89DA743106AF5139272C6860F0465BE9D
000005.103|so   |*|03|Configuration file "sip.cfg" SHA1 digest: 12D91DF16825686425BD72E5784525887A31A8A4
000005.103|so   |*|03|Configuration file "features.cfg" SHA1 digest: 4CC8F8E5A161C0EA5F932FF8A190910D0B78027B
000005.103|cfg  |4|03|Prm|Configuration file(s) statistics: 1 parameters were invalid and could not be interpreted.
000005.103|cfg  |4|03|Prm|Configuration file(s) statistics: 1 parameter values were used but were out of range. 5 were invalid and ignored.
000005.106|log  |*|03|Log render level set to 1
000005.581|srtp |*|03|Initial log entry. Current logging level 4
000005.581|res  |*|03|Initial log entry. Current logging level 4
000005.582|httpa|*|03|Initial log entry. Current logging level 4
000005.582|lldp |*|03|Initial log entry. Current logging level 4
000005.582|cdp  |*|03|Initial log entry. Current logging level 4
000005.628|ssps |*|03|Initial log entry. Current logging level 4
000005.713|so   |*|03|System Info Reports:
000005.713|so   |*|03|	CPU is pnx1700/TM5250, rev 0 running at 399MHz with memory at 199MHz.
000005.713|so   |*|03|	CAS latency (dram): 0x133; CAS latency (proc): 0x6; refresh rate: 0x616
000005.713|so   |*|03|	Board is identified as PLCM PNX1700 Onyx (ID 0x1004fb2c):
000005.713|so   |*|03|	DRAM_LO: 0x40000000.  DRAM_HI: 0x44000000.  C_LIMIT: 0x43ff0000.
000005.713|so   |*|03|	APERT1_LO: 0x1c000000.  APERT1_HI: 0x20000000.
000005.713|so   |*|03|	PCSW: 0x20001e02
000005.713|so   |*|03|	Application built in ASSERT mode.
000005.713|so   |*|03|  NOR flash detected is 14
000005.713|key  |*|03|Initial log entry. Current logging level 4
000005.715|httpd|*|03|Initial log entry. Current logging level 4
000005.715|poll |*|03|Initial log entry. Current logging level 4
000005.715|push |*|03|Initial log entry. Current logging level 4
000005.715|poll |*|03|Initial log entry. Current logging level 4
000005.715|poll |*|03|Initial log entry. Current logging level 4
000005.716|poll |*|03|Initial log entry. Current logging level 4
000005.716|poll |*|03|Initial log entry. Current logging level 4
000005.716|poll |*|03|Initial log entry. Current logging level 4
000005.716|ht   |*|03|Initial log entry. Current logging level 4
000005.716|dbuf |*|03|Initial log entry. Current logging level 4
000005.718|pps  |*|03|Initial log entry. Current logging level 4
000005.718|sip  |*|03|Initial log entry. Current logging level 4
000005.718|peer |*|03|Initial log entry. Current logging level 4
000005.718|mobil|*|03|Initial log entry. Current logging level 4
000005.718|ptt  |*|03|Initial log entry. Current logging level 4
000005.728|ssps |*|03|Application, comp. 1: Label=PolyDSP PNX1700 Mem1 FS1, Version=6.2.0.0117 23-Jan-13 15:46
000005.728|ssps |*|03|Application, comp. 1: P/N=3150-11580-620.
000005.800|so   |5|03|soCoreAudio compiledOffsetsApply error: unrecognized verAudio 6 for headset
000005.928|ssps |5|03|sspsHdiMsgProc: id=210 (SspsHdiMsgDtHAck), len=12, seq=23, req=24, extra=-1, extraRep=-2, resType=3, desc=3147.
000005.948|ssps |5|03|sspsHdiMsgProc: id=210 (SspsHdiMsgDtHAck), len=12, seq=26, req=27, extra=-1, extraRep=-2, resType=3, desc=3148.
000005.948|ssps |5|03|sspsHdiMsgProc: id=210 (SspsHdiMsgDtHAck), len=12, seq=32, req=33, extra=-1, extraRep=-2, resType=3, desc=3147.
000005.968|ssps |5|03|sspsHdiMsgProc: id=210 (SspsHdiMsgDtHAck), len=12, seq=35, req=36, extra=-1, extraRep=-2, resType=3, desc=3148.
000005.988|so   |*|03|Using TCP IP Media Port, configured initial RTP port 2222
000005.999|sshc |*|03|Initial log entry. Current logging level 4
000005.999|cmp  |*|03|Initial log entry. Current logging level 4
000006.000|wmgr |*|03|Initial log entry. Current logging level 4
000006.000|pnetm|*|03|WaitForProvisioningOverClink2(), returning 1 in task tSup (5505024)
000006.008|ssps |5|03|sspsHdiMsgProc: id=210 (SspsHdiMsgDtHAck), len=12, seq=40, req=41, extra=-1, extraRep=-2, resType=3, desc=3147.
000006.179|slog |*|03|Initial log entry. Current logging level 4
000006.202|app1 |*|03|Initial log entry. Current logging level 4
000006.202|pnetm|*|03|pnetModule::attach() VGA status call back:0x405087c0, appPtr:0x42d60224 
000006.206|app1 |4|03|StatusBar is disabled
000006.208|app1 |4|03|mb.main.home parameter is empty
000006.213|mb   |*|03|Initial log entry. Current logging level 4
000006.287|ldap |*|03|Initial log entry. Current logging level 4
000006.287|ldap |4|03|cDynamicData::cDynamicData:cDynamicData:Failed
000006.542|efk  |*|03|Initial log entry. Current logging level 4
000028.678|cfg  |*|03|RT|cfgRtNetInterfaceUpdate: Network not initialized
000028.678|app1 |4|03|[AppUserLoginC::Init]:flushing user cache file failed
000028.874|app1 |*|03|Ctx [2] Registered [false]
000028.874|app1 |*|03|Ctx [2] Registered [true]
000028.916|app1 |*|03|Ctx [1] Registered [false]
000036.273|cfg  |*|03|RT|Do not do DHCP VLAN Discovery.
000036.273|cfg  |*|03|RT|   Phone IP address is 192.168.1.174.
000036.273|cfg  |*|03|RT|   Subnet mask is 255.255.255.0.
000036.273|cfg  |*|03|RT|   Gateway address is 192.168.1.1.
000036.273|cfg  |*|03|RT|DHCP: Alternate DNS server is not specified
000036.273|cfg  |*|03|RT|   DNS server is 192.168.1.1.
000036.273|cfg  |*|03|RT|   GMT offset is -28800 seconds.
000036.273|dns  |*|03|DNS resolver servers are '192.168.1.1' '0.0.0.0'
000036.273|dns  |*|03|DNS resolver search domain is ''
000036.273|cfg  |*|03|RT|Primary IP changed to 192.168.1.174 subnet mask 255.255.255.0
000036.273|cfg  |*|03|RT|cfgRtNetInterfaceUpdate: bfeng -- calling network status callback
000036.678|so   |*|03|Network initialized. Starting network tasks.
000036.678|log  |*|03|Install file upload callback for 'so'

000036.685|app1 |4|03|[AppPhoneC]::LineInit(), attempting to initialize line 1 (protocol 1) multiple times.
000036.685|app1 |4|03|[AppPhoneC]::LineInit(), attempting to initialize line 2 (protocol 2) multiple times.
000036.686|app1 |*|03|Ctx [0] Registered [false]
000036.698|app1 |5|03|Corporate directory instance does not exists.
000036.716|dns  |4|03|doDnsLookupForList: given NULL hostname in task 0xf30000
000036.716|sip  |4|03|NAPTR query for host 'gbt.gauthiertech.sip.voxter.com' returned no results
000036.775|dns  |4|03|doDnsLookupForList: given NULL hostname in task 0x13f0000
000036.816|sip  |*|03|Fast Boot Measurement Point: Ready for Call, uptime: 36.816 sec.
000036.834|app1 |*|03|Ctx [0] Registered [true]
0415091114|copy |4|03|Error ending zlib (-3)
0415091116|cfg  |*|03|Prov|Starting to update 3111-40000-001.updater.ld
0415091116|cfg  |*|03|Prov|Updating the Updater
0415091116|cfg  |*|03|Prov|Image has been changed
0415091119|cfg  |*|03|Prov|Starting to update 3111-40000-001.sip.ld
0415091119|cfg  |*|03|Prov|Updating the Application
0415091119|cfg  |*|03|Prov|Image has been changed
0415091124|copy |*|03|Server 'p.voxter.com' said 'overrides/0004f2edeea1-phone.cfg' is not present
0415091124|copy |*|03|Server 'p.voxter.com' said 'overrides/0004f2edeea1-web.cfg' is not present
0415091124|copy |*|03|Server 'p.voxter.com' said 'licenses/000000000000-license.cfg' is not present
0415091124|copy |*|03|Server 'p.voxter.com' said 'licenses/0004f2edeea1-license.cfg' is not present
0415091124|cfg  |*|03|Prov|Provisioning needs to reboot to upgrade image(s)
0415091124|app1 |*|03|Manual Reboot
0415091124|cfg  |*|03|Prov|Finished updating configuration
0415091125|so   |*|03|SoNcasC::procMsg: Client service shutdown complete
0415091125|log  |4|03|UtilLogC: Upload succeeded. (ConsecutiveFailures 1 Total 1 MsgSendErr 0)
0415091125|wdog |*|03|Watchdog Expired: tSup
0415091125|ssps |*|03|sspsAlive: DSP Monitor Turning Off
