0414132706|so   |4|00|SoCoreAudioC::procMsgXIndCtrl: Indicator 8 control, state 1049 out of range
0414133006|so   |4|00|SoCoreAudioC::procMsgXIndCtrl: Indicator 8 control, state 1049 out of range
0414133306|so   |4|00|SoCoreAudioC::procMsgXIndCtrl: Indicator 8 control, state 1049 out of range
0414133606|so   |4|00|SoCoreAudioC::procMsgXIndCtrl: Indicator 8 control, state 1049 out of range
0414133904|so   |4|00|SoCoreAudioC::procMsgXIndCtrl: Indicator 8 control, state 1048 out of range
0414135102|so   |4|00|SoCoreAudioC::procMsgXIndCtrl: Indicator 8 control, state 1049 out of range
0414135318|so   |4|00|SoCoreAudioC::procMsgXIndCtrl: Indicator 8 control, state 1049 out of range
0414135354|so   |4|00|SoCoreAudioC::procMsgXIndCtrl: Indicator 8 control, state 1048 out of range
0414151315|so   |4|00|SoCoreAudioC::procMsgXIndCtrl: Indicator 8 control, state 1049 out of range
0414151423|so   |4|00|SoCoreAudioC::procMsgXIndCtrl: Indicator 8 control, state 1048 out of range
0414180038|clist|4|00|dbIO::processResult:copy error
0414180038|clist|4|00|dbSet::mem2srv:transfer failed
0414180325|so   |4|00|IsDivertFeaturesEnabled - EXIT
0414180325|so   |4|00|IsDivertFeaturesEnabled - EXIT
0414180338|clist|4|00|dbIO::processResult:copy error
0414180338|clist|4|00|dbSet::mem2srv:transfer failed
0414180504|app1 |5|00|Manual Reboot
0414180504|ldap |4|00|ldapXfer::start:xferStart failed cState=-1
0414180504|app1 |*|00|AppC::appReboot corp dir shutdown complete
0414180504|so   |*|00|SoNcasC::procMsg: Client service shutdown complete
0414180513|wdog |*|00|Watchdog Expired: tSupObjs, 8
0414180513|log  |*|00|---------- Final log entry ----------
