000008.807|so   |*|01|---------- Initial log entry ----------
000008.807|so   |*|01|+++ Note that Updater log times are in GMT +++
000008.807|boot |*|01|Initial log entry. Current logging level 3
000008.807|copy |*|01|Initial log entry. Current logging level 3
000008.807|utilm|*|01|Initial log entry. Current logging level 4
000008.807|hw   |*|01|Initial log entry. Current logging level 4
000008.807|ethf |*|01|Initial log entry. Current logging level 4
000008.807|dns  |*|01|Initial log entry. Current logging level 3
000008.808|curl |*|01|Initial log entry. Current logging level 3
000008.808|sec  |*|01|Initial log entry. Current logging level 4
000008.827|wdog |*|01|Initial log entry. Current logging level 4
000008.827|lldp |*|01|Initial log entry. Current logging level 3
000008.827|cdp  |*|01|Initial log entry. Current logging level 3
000008.827|key  |*|01|Initial log entry. Current logging level 4
000008.851|so   |3|01|Platform: Model=VVX 410, Assembly=3111-46162-001 Rev=A Region=0
000008.851|so   |3|01|Platform: Board=3111-46162-001 2 0
000008.851|so   |3|01|Platform: MAC=0004f28fd4d0
000008.852|so   |3|01|Platform: BootBlock=3.0.4.0146 (46162-001) 10-Jan-13 20:21
000008.853|so   |*|01|Platform: BootL1=1.0.0.0041 (46162-001) 10-Jan-13 20:16
000008.853|so   |3|01|Application, main: Label=Updater, Version=Peridot 5.1.4.0844 20-Mar-13 14:16
000008.853|so   |3|01|Application, main: P/N=3150-11069-514
000008.853|so   |5|01|Platform: Both images are incorrect, will use Primary Image.
000008.854|log  |*|01|Install file upload callback for 'Updater'

000008.855|app1 |*|01|Initial log entry. Current logging level 3
000008.899|cfg  |*|01|Initial log entry. Current logging level 2
000009.819|so   |3|01|Link status is Net up Speed 1000 full Duplex, PC down.
000008.149|so   |*|00|---------- Initial log entry ----------
000008.149|so   |*|00|+++ Note that Updater log times are in GMT +++
000008.149|boot |*|00|Initial log entry. Current logging level 3
000008.150|copy |*|00|Initial log entry. Current logging level 3
000008.150|utilm|*|00|Initial log entry. Current logging level 4
000008.150|hw   |*|00|Initial log entry. Current logging level 4
000008.150|ethf |*|00|Initial log entry. Current logging level 4
000008.150|dns  |*|00|Initial log entry. Current logging level 3
000008.150|curl |*|00|Initial log entry. Current logging level 3
000008.150|sec  |*|00|Initial log entry. Current logging level 4
000008.168|wdog |*|00|Initial log entry. Current logging level 4
000008.168|lldp |*|00|Initial log entry. Current logging level 3
000008.169|cdp  |*|00|Initial log entry. Current logging level 3
000008.169|key  |*|00|Initial log entry. Current logging level 4
000008.191|so   |3|00|Platform: Model=VVX 410, Assembly=3111-46162-001 Rev=A Region=0
000008.191|so   |3|00|Platform: Board=3111-46162-001 2 0
000008.192|so   |3|00|Platform: MAC=0004f28fd4d0
000008.193|so   |3|00|Platform: BootBlock=3.0.4.0146 (46162-001) 10-Jan-13 20:21
000008.194|so   |*|00|Platform: BootL1=1.0.0.0041 (46162-001) 10-Jan-13 20:16
000008.194|so   |3|00|Application, main: Label=Updater, Version=Peridot 5.1.4.0844 20-Mar-13 14:16
000008.194|so   |3|00|Application, main: P/N=3150-11069-514
000008.194|so   |5|00|Platform: Both images are incorrect, will use Primary Image.
000008.194|log  |*|00|Install file upload callback for 'Updater'

000008.195|app1 |*|00|Initial log entry. Current logging level 3
000008.238|cfg  |*|00|Initial log entry. Current logging level 2
000009.161|so   |3|00|Link status is Net up Speed 1000 full Duplex, PC down.
000008.173|so   |*|00|---------- Initial log entry ----------
000008.174|so   |*|00|+++ Note that Updater log times are in GMT +++
000008.174|boot |*|00|Initial log entry. Current logging level 3
000008.174|copy |*|00|Initial log entry. Current logging level 3
000008.174|utilm|*|00|Initial log entry. Current logging level 4
000008.174|hw   |*|00|Initial log entry. Current logging level 4
000008.174|ethf |*|00|Initial log entry. Current logging level 4
000008.174|dns  |*|00|Initial log entry. Current logging level 3
000008.174|curl |*|00|Initial log entry. Current logging level 3
000008.175|sec  |*|00|Initial log entry. Current logging level 4
000008.193|wdog |*|00|Initial log entry. Current logging level 4
000008.193|lldp |*|00|Initial log entry. Current logging level 3
000008.193|cdp  |*|00|Initial log entry. Current logging level 3
000008.193|key  |*|00|Initial log entry. Current logging level 4
000008.231|so   |3|00|Platform: Model=VVX 410, Assembly=3111-46162-001 Rev=A Region=0
000008.232|so   |3|00|Platform: Board=3111-46162-001 2 0
000008.232|so   |3|00|Platform: MAC=0004f28fd4d0
000008.233|so   |3|00|Platform: BootBlock=3.0.4.0146 (46162-001) 10-Jan-13 20:21
000008.234|so   |*|00|Platform: BootL1=1.0.0.0041 (46162-001) 10-Jan-13 20:16
000008.234|so   |3|00|Application, main: Label=Updater, Version=Peridot 5.1.4.0844 20-Mar-13 14:16
000008.234|so   |3|00|Application, main: P/N=3150-11069-514
000008.234|so   |5|00|Platform: Both images are incorrect, will use Primary Image.
000008.234|log  |*|00|Install file upload callback for 'Updater'

000008.235|app1 |*|00|Initial log entry. Current logging level 3
000008.278|cfg  |*|00|Initial log entry. Current logging level 2
000009.192|so   |3|00|Link status is Net up Speed 1000 full Duplex, PC up Speed 1000 full Duplex.
000008.146|so   |*|00|---------- Initial log entry ----------
000008.146|so   |*|00|+++ Note that Updater log times are in GMT +++
000008.146|boot |*|00|Initial log entry. Current logging level 3
000008.146|copy |*|00|Initial log entry. Current logging level 3
000008.146|utilm|*|00|Initial log entry. Current logging level 4
000008.146|hw   |*|00|Initial log entry. Current logging level 4
000008.146|ethf |*|00|Initial log entry. Current logging level 4
000008.147|dns  |*|00|Initial log entry. Current logging level 3
000008.147|curl |*|00|Initial log entry. Current logging level 3
000008.147|sec  |*|00|Initial log entry. Current logging level 4
000008.165|wdog |*|00|Initial log entry. Current logging level 4
000008.165|lldp |*|00|Initial log entry. Current logging level 3
000008.166|cdp  |*|00|Initial log entry. Current logging level 3
000008.166|key  |*|00|Initial log entry. Current logging level 4
000008.191|so   |3|00|Platform: Model=VVX 410, Assembly=3111-46162-001 Rev=A Region=0
000008.191|so   |3|00|Platform: Board=3111-46162-001 2 0
000008.192|so   |3|00|Platform: MAC=0004f28fd4d0
000008.193|so   |3|00|Platform: BootBlock=3.0.4.0146 (46162-001) 10-Jan-13 20:21
000008.194|so   |*|00|Platform: BootL1=1.0.0.0041 (46162-001) 10-Jan-13 20:16
000008.194|so   |3|00|Application, main: Label=Updater, Version=Peridot 5.1.4.0844 20-Mar-13 14:16
000008.194|so   |3|00|Application, main: P/N=3150-11069-514
000008.194|so   |5|00|Platform: Both images are incorrect, will use Primary Image.
000008.195|log  |*|00|Install file upload callback for 'Updater'

000008.196|app1 |*|00|Initial log entry. Current logging level 3
000008.241|cfg  |*|00|Initial log entry. Current logging level 2
000009.164|so   |3|00|Link status is Net up Speed 1000 full Duplex, PC up Speed 1000 full Duplex.
