000008.823|so   |*|01|---------- Initial log entry ----------
000008.823|so   |*|01|+++ Note that Updater log times are in GMT +++
000008.823|boot |*|01|Initial log entry. Current logging level 3
000008.823|copy |*|01|Initial log entry. Current logging level 3
000008.823|utilm|*|01|Initial log entry. Current logging level 4
000008.823|hw   |*|01|Initial log entry. Current logging level 4
000008.824|ethf |*|01|Initial log entry. Current logging level 4
000008.824|dns  |*|01|Initial log entry. Current logging level 3
000008.824|curl |*|01|Initial log entry. Current logging level 3
000008.824|sec  |*|01|Initial log entry. Current logging level 4
000008.843|wdog |*|01|Initial log entry. Current logging level 4
000008.843|lldp |*|01|Initial log entry. Current logging level 3
000008.843|cdp  |*|01|Initial log entry. Current logging level 3
000008.843|key  |*|01|Initial log entry. Current logging level 4
000008.881|so   |3|01|Platform: Model=VVX 410, Assembly=3111-46162-001 Rev=A Region=0
000008.881|so   |3|01|Platform: Board=3111-46162-001 2 0
000008.882|so   |3|01|Platform: MAC=0004f28fdcdb
000008.883|so   |3|01|Platform: BootBlock=3.0.4.0146 (46162-001) 10-Jan-13 20:21
000008.884|so   |*|01|Platform: BootL1=1.0.0.0041 (46162-001) 10-Jan-13 20:16
000008.884|so   |3|01|Application, main: Label=Updater, Version=Peridot 5.1.4.0844 20-Mar-13 14:16
000008.884|so   |3|01|Application, main: P/N=3150-11069-514
000008.884|so   |5|01|Platform: Both images are incorrect, will use Primary Image.
000008.884|log  |*|01|Install file upload callback for 'Updater'

000008.885|app1 |*|01|Initial log entry. Current logging level 3
000008.929|cfg  |*|01|Initial log entry. Current logging level 2
000009.839|so   |3|01|Link status is Net up Speed 1000 full Duplex, PC up Speed 1000 full Duplex.
000008.189|so   |*|00|---------- Initial log entry ----------
000008.190|so   |*|00|+++ Note that Updater log times are in GMT +++
000008.190|boot |*|00|Initial log entry. Current logging level 3
000008.190|copy |*|00|Initial log entry. Current logging level 3
000008.190|utilm|*|00|Initial log entry. Current logging level 4
000008.190|hw   |*|00|Initial log entry. Current logging level 4
000008.190|ethf |*|00|Initial log entry. Current logging level 4
000008.190|dns  |*|00|Initial log entry. Current logging level 3
000008.190|curl |*|00|Initial log entry. Current logging level 3
000008.190|sec  |*|00|Initial log entry. Current logging level 4
000008.209|wdog |*|00|Initial log entry. Current logging level 4
000008.210|lldp |*|00|Initial log entry. Current logging level 3
000008.210|cdp  |*|00|Initial log entry. Current logging level 3
000008.210|key  |*|00|Initial log entry. Current logging level 4
000008.251|so   |3|00|Platform: Model=VVX 410, Assembly=3111-46162-001 Rev=A Region=0
000008.251|so   |3|00|Platform: Board=3111-46162-001 2 0
000008.252|so   |3|00|Platform: MAC=0004f28fdcdb
000008.253|so   |3|00|Platform: BootBlock=3.0.4.0146 (46162-001) 10-Jan-13 20:21
000008.254|so   |*|00|Platform: BootL1=1.0.0.0041 (46162-001) 10-Jan-13 20:16
000008.254|so   |3|00|Application, main: Label=Updater, Version=Peridot 5.1.4.0844 20-Mar-13 14:16
000008.254|so   |3|00|Application, main: P/N=3150-11069-514
000008.254|so   |5|00|Platform: Both images are incorrect, will use Primary Image.
000008.254|log  |*|00|Install file upload callback for 'Updater'

000008.255|app1 |*|00|Initial log entry. Current logging level 3
000008.299|cfg  |*|00|Initial log entry. Current logging level 2
000009.209|so   |3|00|Link status is Net up Speed 1000 full Duplex, PC up Speed 1000 full Duplex.
000008.135|so   |*|00|---------- Initial log entry ----------
000008.136|so   |*|00|+++ Note that Updater log times are in GMT +++
000008.136|boot |*|00|Initial log entry. Current logging level 3
000008.136|copy |*|00|Initial log entry. Current logging level 3
000008.136|utilm|*|00|Initial log entry. Current logging level 4
000008.136|hw   |*|00|Initial log entry. Current logging level 4
000008.136|ethf |*|00|Initial log entry. Current logging level 4
000008.136|dns  |*|00|Initial log entry. Current logging level 3
000008.137|curl |*|00|Initial log entry. Current logging level 3
000008.137|sec  |*|00|Initial log entry. Current logging level 4
000008.156|wdog |*|00|Initial log entry. Current logging level 4
000008.156|lldp |*|00|Initial log entry. Current logging level 3
000008.156|cdp  |*|00|Initial log entry. Current logging level 3
000008.156|key  |*|00|Initial log entry. Current logging level 4
000008.181|so   |3|00|Platform: Model=VVX 410, Assembly=3111-46162-001 Rev=A Region=0
000008.181|so   |3|00|Platform: Board=3111-46162-001 2 0
000008.182|so   |3|00|Platform: MAC=0004f28fdcdb
000008.183|so   |3|00|Platform: BootBlock=3.0.4.0146 (46162-001) 10-Jan-13 20:21
000008.184|so   |*|00|Platform: BootL1=1.0.0.0041 (46162-001) 10-Jan-13 20:16
000008.184|so   |3|00|Application, main: Label=Updater, Version=Peridot 5.1.4.0844 20-Mar-13 14:16
000008.184|so   |3|00|Application, main: P/N=3150-11069-514
000008.184|so   |5|00|Platform: Both images are incorrect, will use Primary Image.
000008.184|log  |*|00|Install file upload callback for 'Updater'

000008.185|app1 |*|00|Initial log entry. Current logging level 3
000008.229|cfg  |*|00|Initial log entry. Current logging level 2
000009.154|so   |3|00|Link status is Net up Speed 1000 full Duplex, PC down.
000008.161|so   |*|00|---------- Initial log entry ----------
000008.161|so   |*|00|+++ Note that Updater log times are in GMT +++
000008.161|boot |*|00|Initial log entry. Current logging level 3
000008.161|copy |*|00|Initial log entry. Current logging level 3
000008.161|utilm|*|00|Initial log entry. Current logging level 4
000008.161|hw   |*|00|Initial log entry. Current logging level 4
000008.161|ethf |*|00|Initial log entry. Current logging level 4
000008.162|dns  |*|00|Initial log entry. Current logging level 3
000008.162|curl |*|00|Initial log entry. Current logging level 3
000008.162|sec  |*|00|Initial log entry. Current logging level 4
000008.181|wdog |*|00|Initial log entry. Current logging level 4
000008.181|lldp |*|00|Initial log entry. Current logging level 3
000008.181|cdp  |*|00|Initial log entry. Current logging level 3
000008.181|key  |*|00|Initial log entry. Current logging level 4
000008.221|so   |3|00|Platform: Model=VVX 410, Assembly=3111-46162-001 Rev=A Region=0
000008.221|so   |3|00|Platform: Board=3111-46162-001 2 0
000008.222|so   |3|00|Platform: MAC=0004f28fdcdb
000008.223|so   |3|00|Platform: BootBlock=3.0.4.0146 (46162-001) 10-Jan-13 20:21
000008.224|so   |*|00|Platform: BootL1=1.0.0.0041 (46162-001) 10-Jan-13 20:16
000008.224|so   |3|00|Application, main: Label=Updater, Version=Peridot 5.1.4.0844 20-Mar-13 14:16
000008.224|so   |3|00|Application, main: P/N=3150-11069-514
000008.224|so   |5|00|Platform: Both images are incorrect, will use Primary Image.
000008.224|log  |*|00|Install file upload callback for 'Updater'

000008.225|app1 |*|00|Initial log entry. Current logging level 3
000008.268|cfg  |*|00|Initial log entry. Current logging level 2
000009.179|so   |3|00|Link status is Net up Speed 1000 full Duplex, PC down.
000008.153|so   |*|00|---------- Initial log entry ----------
000008.154|so   |*|00|+++ Note that Updater log times are in GMT +++
000008.154|boot |*|00|Initial log entry. Current logging level 3
000008.154|copy |*|00|Initial log entry. Current logging level 3
000008.154|utilm|*|00|Initial log entry. Current logging level 4
000008.154|hw   |*|00|Initial log entry. Current logging level 4
000008.154|ethf |*|00|Initial log entry. Current logging level 4
000008.154|dns  |*|00|Initial log entry. Current logging level 3
000008.154|curl |*|00|Initial log entry. Current logging level 3
000008.154|sec  |*|00|Initial log entry. Current logging level 4
000008.173|wdog |*|00|Initial log entry. Current logging level 4
000008.174|lldp |*|00|Initial log entry. Current logging level 3
000008.174|cdp  |*|00|Initial log entry. Current logging level 3
000008.174|key  |*|00|Initial log entry. Current logging level 4
000008.211|so   |3|00|Platform: Model=VVX 410, Assembly=3111-46162-001 Rev=A Region=0
000008.211|so   |3|00|Platform: Board=3111-46162-001 2 0
000008.212|so   |3|00|Platform: MAC=0004f28fdcdb
000008.213|so   |3|00|Platform: BootBlock=3.0.4.0146 (46162-001) 10-Jan-13 20:21
000008.214|so   |*|00|Platform: BootL1=1.0.0.0041 (46162-001) 10-Jan-13 20:16
000008.214|so   |3|00|Application, main: Label=Updater, Version=Peridot 5.1.4.0844 20-Mar-13 14:16
000008.214|so   |3|00|Application, main: P/N=3150-11069-514
000008.214|so   |5|00|Platform: Both images are incorrect, will use Primary Image.
000008.214|log  |*|00|Install file upload callback for 'Updater'

000008.215|app1 |*|00|Initial log entry. Current logging level 3
000008.258|cfg  |*|00|Initial log entry. Current logging level 2
000009.173|so   |3|00|Link status is Net up Speed 1000 full Duplex, PC down.
000008.148|so   |*|00|---------- Initial log entry ----------
000008.148|so   |*|00|+++ Note that Updater log times are in GMT +++
000008.148|boot |*|00|Initial log entry. Current logging level 3
000008.148|copy |*|00|Initial log entry. Current logging level 3
000008.148|utilm|*|00|Initial log entry. Current logging level 4
000008.149|hw   |*|00|Initial log entry. Current logging level 4
000008.149|ethf |*|00|Initial log entry. Current logging level 4
000008.149|dns  |*|00|Initial log entry. Current logging level 3
000008.149|curl |*|00|Initial log entry. Current logging level 3
000008.149|sec  |*|00|Initial log entry. Current logging level 4
000008.168|wdog |*|00|Initial log entry. Current logging level 4
000008.168|lldp |*|00|Initial log entry. Current logging level 3
000008.168|cdp  |*|00|Initial log entry. Current logging level 3
000008.169|key  |*|00|Initial log entry. Current logging level 4
000008.191|so   |3|00|Platform: Model=VVX 410, Assembly=3111-46162-001 Rev=A Region=0
000008.191|so   |3|00|Platform: Board=3111-46162-001 2 0
000008.192|so   |3|00|Platform: MAC=0004f28fdcdb
000008.193|so   |3|00|Platform: BootBlock=3.0.4.0146 (46162-001) 10-Jan-13 20:21
000008.193|so   |*|00|Platform: BootL1=1.0.0.0041 (46162-001) 10-Jan-13 20:16
000008.194|so   |3|00|Application, main: Label=Updater, Version=Peridot 5.1.4.0844 20-Mar-13 14:16
000008.194|so   |3|00|Application, main: P/N=3150-11069-514
000008.194|so   |5|00|Platform: Both images are incorrect, will use Primary Image.
000008.194|log  |*|00|Install file upload callback for 'Updater'

000008.195|app1 |*|00|Initial log entry. Current logging level 3
000008.238|cfg  |*|00|Initial log entry. Current logging level 2
000009.167|so   |3|00|Link status is Net up Speed 1000 full Duplex, PC down.
000008.252|so   |*|00|---------- Initial log entry ----------
000008.252|so   |*|00|+++ Note that Updater log times are in GMT +++
000008.252|boot |*|00|Initial log entry. Current logging level 3
000008.253|copy |*|00|Initial log entry. Current logging level 3
000008.253|utilm|*|00|Initial log entry. Current logging level 4
000008.253|hw   |*|00|Initial log entry. Current logging level 4
000008.253|ethf |*|00|Initial log entry. Current logging level 4
000008.253|dns  |*|00|Initial log entry. Current logging level 3
000008.253|curl |*|00|Initial log entry. Current logging level 3
000008.253|sec  |*|00|Initial log entry. Current logging level 4
000008.272|wdog |*|00|Initial log entry. Current logging level 4
000008.272|lldp |*|00|Initial log entry. Current logging level 3
000008.273|cdp  |*|00|Initial log entry. Current logging level 3
000008.273|key  |*|00|Initial log entry. Current logging level 4
000008.311|so   |3|00|Platform: Model=VVX 410, Assembly=3111-46162-001 Rev=A Region=0
000008.311|so   |3|00|Platform: Board=3111-46162-001 2 0
000008.312|so   |3|00|Platform: MAC=0004f28fdcdb
000008.313|so   |3|00|Platform: BootBlock=3.0.4.0146 (46162-001) 10-Jan-13 20:21
000008.314|so   |*|00|Platform: BootL1=1.0.0.0041 (46162-001) 10-Jan-13 20:16
000008.314|so   |3|00|Application, main: Label=Updater, Version=Peridot 5.1.4.0844 20-Mar-13 14:16
000008.314|so   |3|00|Application, main: P/N=3150-11069-514
000008.314|so   |5|00|Platform: Both images are incorrect, will use Primary Image.
000008.314|log  |*|00|Install file upload callback for 'Updater'

000008.315|app1 |*|00|Initial log entry. Current logging level 3
000008.358|cfg  |*|00|Initial log entry. Current logging level 2
000009.271|so   |3|00|Link status is Net up Speed 1000 full Duplex, PC down.
000008.185|so   |*|00|---------- Initial log entry ----------
000008.185|so   |*|00|+++ Note that Updater log times are in GMT +++
000008.186|boot |*|00|Initial log entry. Current logging level 3
000008.186|copy |*|00|Initial log entry. Current logging level 3
000008.186|utilm|*|00|Initial log entry. Current logging level 4
000008.186|hw   |*|00|Initial log entry. Current logging level 4
000008.186|ethf |*|00|Initial log entry. Current logging level 4
000008.186|dns  |*|00|Initial log entry. Current logging level 3
000008.186|curl |*|00|Initial log entry. Current logging level 3
000008.187|sec  |*|00|Initial log entry. Current logging level 4
000008.205|wdog |*|00|Initial log entry. Current logging level 4
000008.205|lldp |*|00|Initial log entry. Current logging level 3
000008.206|cdp  |*|00|Initial log entry. Current logging level 3
000008.206|key  |*|00|Initial log entry. Current logging level 4
000008.231|so   |3|00|Platform: Model=VVX 410, Assembly=3111-46162-001 Rev=A Region=0
000008.231|so   |3|00|Platform: Board=3111-46162-001 2 0
000008.232|so   |3|00|Platform: MAC=0004f28fdcdb
000008.233|so   |3|00|Platform: BootBlock=3.0.4.0146 (46162-001) 10-Jan-13 20:21
000008.234|so   |*|00|Platform: BootL1=1.0.0.0041 (46162-001) 10-Jan-13 20:16
000008.234|so   |3|00|Application, main: Label=Updater, Version=Peridot 5.1.4.0844 20-Mar-13 14:16
000008.234|so   |3|00|Application, main: P/N=3150-11069-514
000008.234|so   |5|00|Platform: Both images are incorrect, will use Primary Image.
000008.234|log  |*|00|Install file upload callback for 'Updater'

000008.235|app1 |*|00|Initial log entry. Current logging level 3
000008.278|cfg  |*|00|Initial log entry. Current logging level 2
000009.204|so   |3|00|Link status is Net up Speed 1000 full Duplex, PC down.
000008.163|so   |*|00|---------- Initial log entry ----------
000008.163|so   |*|00|+++ Note that Updater log times are in GMT +++
000008.163|boot |*|00|Initial log entry. Current logging level 3
000008.163|copy |*|00|Initial log entry. Current logging level 3
000008.164|utilm|*|00|Initial log entry. Current logging level 4
000008.164|hw   |*|00|Initial log entry. Current logging level 4
000008.164|ethf |*|00|Initial log entry. Current logging level 4
000008.164|dns  |*|00|Initial log entry. Current logging level 3
000008.164|curl |*|00|Initial log entry. Current logging level 3
000008.164|sec  |*|00|Initial log entry. Current logging level 4
000008.183|wdog |*|00|Initial log entry. Current logging level 4
000008.183|lldp |*|00|Initial log entry. Current logging level 3
000008.183|cdp  |*|00|Initial log entry. Current logging level 3
000008.183|key  |*|00|Initial log entry. Current logging level 4
000008.221|so   |3|00|Platform: Model=VVX 410, Assembly=3111-46162-001 Rev=A Region=0
000008.221|so   |3|00|Platform: Board=3111-46162-001 2 0
000008.222|so   |3|00|Platform: MAC=0004f28fdcdb
000008.223|so   |3|00|Platform: BootBlock=3.0.4.0146 (46162-001) 10-Jan-13 20:21
000008.224|so   |*|00|Platform: BootL1=1.0.0.0041 (46162-001) 10-Jan-13 20:16
000008.224|so   |3|00|Application, main: Label=Updater, Version=Peridot 5.1.4.0844 20-Mar-13 14:16
000008.224|so   |3|00|Application, main: P/N=3150-11069-514
000008.224|so   |5|00|Platform: Both images are incorrect, will use Primary Image.
000008.224|log  |*|00|Install file upload callback for 'Updater'

000008.225|app1 |*|00|Initial log entry. Current logging level 3
000008.268|cfg  |*|00|Initial log entry. Current logging level 2
000009.181|so   |3|00|Link status is Net up Speed 1000 full Duplex, PC down.
000008.158|so   |*|00|---------- Initial log entry ----------
000008.158|so   |*|00|+++ Note that Updater log times are in GMT +++
000008.158|boot |*|00|Initial log entry. Current logging level 3
000008.158|copy |*|00|Initial log entry. Current logging level 3
000008.158|utilm|*|00|Initial log entry. Current logging level 4
000008.159|hw   |*|00|Initial log entry. Current logging level 4
000008.159|ethf |*|00|Initial log entry. Current logging level 4
000008.159|dns  |*|00|Initial log entry. Current logging level 3
000008.159|curl |*|00|Initial log entry. Current logging level 3
000008.159|sec  |*|00|Initial log entry. Current logging level 4
000008.178|wdog |*|00|Initial log entry. Current logging level 4
000008.178|lldp |*|00|Initial log entry. Current logging level 3
000008.178|cdp  |*|00|Initial log entry. Current logging level 3
000008.178|key  |*|00|Initial log entry. Current logging level 4
000008.201|so   |3|00|Platform: Model=VVX 410, Assembly=3111-46162-001 Rev=A Region=0
000008.201|so   |3|00|Platform: Board=3111-46162-001 2 0
000008.202|so   |3|00|Platform: MAC=0004f28fdcdb
000008.203|so   |3|00|Platform: BootBlock=3.0.4.0146 (46162-001) 10-Jan-13 20:21
000008.203|so   |*|00|Platform: BootL1=1.0.0.0041 (46162-001) 10-Jan-13 20:16
000008.204|so   |3|00|Application, main: Label=Updater, Version=Peridot 5.1.4.0844 20-Mar-13 14:16
000008.204|so   |3|00|Application, main: P/N=3150-11069-514
000008.204|so   |5|00|Platform: Both images are incorrect, will use Primary Image.
000008.204|log  |*|00|Install file upload callback for 'Updater'

000008.205|app1 |*|00|Initial log entry. Current logging level 3
000008.248|cfg  |*|00|Initial log entry. Current logging level 2
000009.176|so   |3|00|Link status is Net up Speed 1000 full Duplex, PC down.
000008.150|so   |*|00|---------- Initial log entry ----------
000008.150|so   |*|00|+++ Note that Updater log times are in GMT +++
000008.150|boot |*|00|Initial log entry. Current logging level 3
000008.150|copy |*|00|Initial log entry. Current logging level 3
000008.150|utilm|*|00|Initial log entry. Current logging level 4
000008.150|hw   |*|00|Initial log entry. Current logging level 4
000008.150|ethf |*|00|Initial log entry. Current logging level 4
000008.151|dns  |*|00|Initial log entry. Current logging level 3
000008.151|curl |*|00|Initial log entry. Current logging level 3
000008.151|sec  |*|00|Initial log entry. Current logging level 4
000008.169|wdog |*|00|Initial log entry. Current logging level 4
000008.170|lldp |*|00|Initial log entry. Current logging level 3
000008.170|cdp  |*|00|Initial log entry. Current logging level 3
000008.170|key  |*|00|Initial log entry. Current logging level 4
000008.211|so   |3|00|Platform: Model=VVX 410, Assembly=3111-46162-001 Rev=A Region=0
000008.211|so   |3|00|Platform: Board=3111-46162-001 2 0
000008.212|so   |3|00|Platform: MAC=0004f28fdcdb
000008.213|so   |3|00|Platform: BootBlock=3.0.4.0146 (46162-001) 10-Jan-13 20:21
000008.214|so   |*|00|Platform: BootL1=1.0.0.0041 (46162-001) 10-Jan-13 20:16
000008.214|so   |3|00|Application, main: Label=Updater, Version=Peridot 5.1.4.0844 20-Mar-13 14:16
000008.214|so   |3|00|Application, main: P/N=3150-11069-514
000008.214|so   |5|00|Platform: Both images are incorrect, will use Primary Image.
000008.214|log  |*|00|Install file upload callback for 'Updater'

000008.215|app1 |*|00|Initial log entry. Current logging level 3
000008.258|cfg  |*|00|Initial log entry. Current logging level 2
000009.168|so   |3|00|Link status is Net up Speed 1000 full Duplex, PC down.
000008.181|so   |*|00|---------- Initial log entry ----------
000008.182|so   |*|00|+++ Note that Updater log times are in GMT +++
000008.182|boot |*|00|Initial log entry. Current logging level 3
000008.182|copy |*|00|Initial log entry. Current logging level 3
000008.182|utilm|*|00|Initial log entry. Current logging level 4
000008.182|hw   |*|00|Initial log entry. Current logging level 4
000008.182|ethf |*|00|Initial log entry. Current logging level 4
000008.182|dns  |*|00|Initial log entry. Current logging level 3
000008.183|curl |*|00|Initial log entry. Current logging level 3
000008.183|sec  |*|00|Initial log entry. Current logging level 4
000008.201|wdog |*|00|Initial log entry. Current logging level 4
000008.202|lldp |*|00|Initial log entry. Current logging level 3
000008.202|cdp  |*|00|Initial log entry. Current logging level 3
000008.202|key  |*|00|Initial log entry. Current logging level 4
000008.241|so   |3|00|Platform: Model=VVX 410, Assembly=3111-46162-001 Rev=A Region=0
000008.241|so   |3|00|Platform: Board=3111-46162-001 2 0
000008.242|so   |3|00|Platform: MAC=0004f28fdcdb
000008.243|so   |3|00|Platform: BootBlock=3.0.4.0146 (46162-001) 10-Jan-13 20:21
000008.244|so   |*|00|Platform: BootL1=1.0.0.0041 (46162-001) 10-Jan-13 20:16
000008.244|so   |3|00|Application, main: Label=Updater, Version=Peridot 5.1.4.0844 20-Mar-13 14:16
000008.244|so   |3|00|Application, main: P/N=3150-11069-514
000008.244|so   |5|00|Platform: Both images are incorrect, will use Primary Image.
000008.244|log  |*|00|Install file upload callback for 'Updater'

000008.245|app1 |*|00|Initial log entry. Current logging level 3
000008.288|cfg  |*|00|Initial log entry. Current logging level 2
000009.199|so   |3|00|Link status is Net up Speed 1000 full Duplex, PC down.
000008.152|so   |*|00|---------- Initial log entry ----------
000008.152|so   |*|00|+++ Note that Updater log times are in GMT +++
000008.152|boot |*|00|Initial log entry. Current logging level 3
000008.152|copy |*|00|Initial log entry. Current logging level 3
000008.152|utilm|*|00|Initial log entry. Current logging level 4
000008.152|hw   |*|00|Initial log entry. Current logging level 4
000008.152|ethf |*|00|Initial log entry. Current logging level 4
000008.152|dns  |*|00|Initial log entry. Current logging level 3
000008.152|curl |*|00|Initial log entry. Current logging level 3
000008.153|sec  |*|00|Initial log entry. Current logging level 4
000008.171|wdog |*|00|Initial log entry. Current logging level 4
000008.172|lldp |*|00|Initial log entry. Current logging level 3
000008.172|cdp  |*|00|Initial log entry. Current logging level 3
000008.172|key  |*|00|Initial log entry. Current logging level 4
000008.211|so   |3|00|Platform: Model=VVX 410, Assembly=3111-46162-001 Rev=A Region=0
000008.212|so   |3|00|Platform: Board=3111-46162-001 2 0
000008.212|so   |3|00|Platform: MAC=0004f28fdcdb
000008.213|so   |3|00|Platform: BootBlock=3.0.4.0146 (46162-001) 10-Jan-13 20:21
000008.214|so   |*|00|Platform: BootL1=1.0.0.0041 (46162-001) 10-Jan-13 20:16
000008.214|so   |3|00|Application, main: Label=Updater, Version=Peridot 5.1.4.0844 20-Mar-13 14:16
000008.214|so   |3|00|Application, main: P/N=3150-11069-514
000008.214|so   |5|00|Platform: Both images are incorrect, will use Primary Image.
000008.214|log  |*|00|Install file upload callback for 'Updater'

000008.215|app1 |*|00|Initial log entry. Current logging level 3
000008.258|cfg  |*|00|Initial log entry. Current logging level 2
000009.161|so   |3|00|Link status is Net up Speed 1000 full Duplex, PC down.
000008.119|so   |*|00|---------- Initial log entry ----------
000008.120|so   |*|00|+++ Note that Updater log times are in GMT +++
000008.120|boot |*|00|Initial log entry. Current logging level 3
000008.120|copy |*|00|Initial log entry. Current logging level 3
000008.120|utilm|*|00|Initial log entry. Current logging level 4
000008.120|hw   |*|00|Initial log entry. Current logging level 4
000008.120|ethf |*|00|Initial log entry. Current logging level 4
000008.120|dns  |*|00|Initial log entry. Current logging level 3
000008.120|curl |*|00|Initial log entry. Current logging level 3
000008.120|sec  |*|00|Initial log entry. Current logging level 4
000008.139|wdog |*|00|Initial log entry. Current logging level 4
000008.140|lldp |*|00|Initial log entry. Current logging level 3
000008.140|cdp  |*|00|Initial log entry. Current logging level 3
000008.140|key  |*|00|Initial log entry. Current logging level 4
000008.181|so   |3|00|Platform: Model=VVX 410, Assembly=3111-46162-001 Rev=A Region=0
000008.181|so   |3|00|Platform: Board=3111-46162-001 2 0
000008.182|so   |3|00|Platform: MAC=0004f28fdcdb
000008.183|so   |3|00|Platform: BootBlock=3.0.4.0146 (46162-001) 10-Jan-13 20:21
000008.184|so   |*|00|Platform: BootL1=1.0.0.0041 (46162-001) 10-Jan-13 20:16
000008.184|so   |3|00|Application, main: Label=Updater, Version=Peridot 5.1.4.0844 20-Mar-13 14:16
000008.184|so   |3|00|Application, main: P/N=3150-11069-514
000008.184|so   |5|00|Platform: Both images are incorrect, will use Primary Image.
000008.184|log  |*|00|Install file upload callback for 'Updater'

000008.185|app1 |*|00|Initial log entry. Current logging level 3
000008.228|cfg  |*|00|Initial log entry. Current logging level 2
000009.136|so   |3|00|Link status is Net up Speed 1000 full Duplex, PC down.
000008.331|so   |*|00|---------- Initial log entry ----------
000008.331|so   |*|00|+++ Note that Updater log times are in GMT +++
000008.332|boot |*|00|Initial log entry. Current logging level 3
000008.332|copy |*|00|Initial log entry. Current logging level 3
000008.332|utilm|*|00|Initial log entry. Current logging level 4
000008.332|hw   |*|00|Initial log entry. Current logging level 4
000008.332|ethf |*|00|Initial log entry. Current logging level 4
000008.332|dns  |*|00|Initial log entry. Current logging level 3
000008.332|curl |*|00|Initial log entry. Current logging level 3
000008.332|sec  |*|00|Initial log entry. Current logging level 4
000008.352|wdog |*|00|Initial log entry. Current logging level 4
000008.352|lldp |*|00|Initial log entry. Current logging level 3
000008.352|cdp  |*|00|Initial log entry. Current logging level 3
000008.352|key  |*|00|Initial log entry. Current logging level 4
000008.391|so   |3|00|Platform: Model=VVX 410, Assembly=3111-46162-001 Rev=A Region=0
000008.391|so   |3|00|Platform: Board=3111-46162-001 2 0
000008.392|so   |3|00|Platform: MAC=0004f28fdcdb
000008.393|so   |3|00|Platform: BootBlock=3.0.4.0146 (46162-001) 10-Jan-13 20:21
000008.394|so   |*|00|Platform: BootL1=1.0.0.0041 (46162-001) 10-Jan-13 20:16
000008.394|so   |3|00|Application, main: Label=Updater, Version=Peridot 5.1.4.0844 20-Mar-13 14:16
000008.394|so   |3|00|Application, main: P/N=3150-11069-514
000008.394|so   |5|00|Platform: Both images are incorrect, will use Primary Image.
000008.394|log  |*|00|Install file upload callback for 'Updater'

000008.395|app1 |*|00|Initial log entry. Current logging level 3
000008.441|cfg  |*|00|Initial log entry. Current logging level 2
000009.345|so   |3|00|Link status is Net up Speed 1000 full Duplex, PC up Speed 100 full Duplex.
