000008.627|so   |*|01|---------- Initial log entry ----------
000008.627|so   |*|01|+++ Note that Updater log times are in GMT +++
000008.627|boot |*|01|Initial log entry. Current logging level 3
000008.627|copy |*|01|Initial log entry. Current logging level 3
000008.627|utilm|*|01|Initial log entry. Current logging level 4
000008.627|hw   |*|01|Initial log entry. Current logging level 4
000008.627|ethf |*|01|Initial log entry. Current logging level 4
000008.628|dns  |*|01|Initial log entry. Current logging level 3
000008.628|curl |*|01|Initial log entry. Current logging level 3
000008.628|sec  |*|01|Initial log entry. Current logging level 4
000008.641|wdog |*|01|Initial log entry. Current logging level 4
000008.642|lldp |*|01|Initial log entry. Current logging level 3
000008.642|cdp  |*|01|Initial log entry. Current logging level 3
000008.642|key  |*|01|Initial log entry. Current logging level 4
000008.671|so   |3|01|Platform: Model=VVX 300, Assembly=3111-46135-002 Rev=A Region=0
000008.671|so   |3|01|Platform: Board=3111-46135-002 1 0
000008.672|so   |3|01|Platform: MAC=0004f28e7abd
000008.673|so   |3|01|Platform: BootBlock=3.0.4.0028 (46135-002) 30-Jan-13 18:00
000008.674|so   |*|01|Platform: BootL1=1.0.0.0009 (46135-002) 11-Jan-13 14:23
000008.674|so   |3|01|Application, main: Label=Updater, Version=Peridot 5.1.4.0844 20-Mar-13 14:16
000008.674|so   |3|01|Application, main: P/N=3150-11069-514
000008.674|so   |5|01|Platform: Both images are incorrect, will use Primary Image.
000008.674|log  |*|01|Install file upload callback for 'Updater'

000008.675|app1 |*|01|Initial log entry. Current logging level 3
000008.690|cfg  |*|01|Initial log entry. Current logging level 2
000009.640|so   |3|01|Link status is Net up Speed 100 full Duplex, PC down.
000008.012|so   |*|00|---------- Initial log entry ----------
000008.012|so   |*|00|+++ Note that Updater log times are in GMT +++
000008.012|boot |*|00|Initial log entry. Current logging level 3
000008.013|copy |*|00|Initial log entry. Current logging level 3
000008.013|utilm|*|00|Initial log entry. Current logging level 4
000008.013|hw   |*|00|Initial log entry. Current logging level 4
000008.013|ethf |*|00|Initial log entry. Current logging level 4
000008.013|dns  |*|00|Initial log entry. Current logging level 3
000008.013|curl |*|00|Initial log entry. Current logging level 3
000008.013|sec  |*|00|Initial log entry. Current logging level 4
000008.026|wdog |*|00|Initial log entry. Current logging level 4
000008.026|lldp |*|00|Initial log entry. Current logging level 3
000008.026|cdp  |*|00|Initial log entry. Current logging level 3
000008.026|key  |*|00|Initial log entry. Current logging level 4
000008.051|so   |3|00|Platform: Model=VVX 300, Assembly=3111-46135-002 Rev=A Region=0
000008.051|so   |3|00|Platform: Board=3111-46135-002 1 0
000008.052|so   |3|00|Platform: MAC=0004f28e7abd
000008.053|so   |3|00|Platform: BootBlock=3.0.4.0028 (46135-002) 30-Jan-13 18:00
000008.054|so   |*|00|Platform: BootL1=1.0.0.0009 (46135-002) 11-Jan-13 14:23
000008.054|so   |3|00|Application, main: Label=Updater, Version=Peridot 5.1.4.0844 20-Mar-13 14:16
000008.054|so   |3|00|Application, main: P/N=3150-11069-514
000008.054|so   |5|00|Platform: Both images are incorrect, will use Primary Image.
000008.054|log  |*|00|Install file upload callback for 'Updater'

000008.055|app1 |*|00|Initial log entry. Current logging level 3
000008.069|cfg  |*|00|Initial log entry. Current logging level 2
000009.021|so   |3|00|Link status is Net up Speed 100 full Duplex, PC down.
000008.076|so   |*|00|---------- Initial log entry ----------
000008.076|so   |*|00|+++ Note that Updater log times are in GMT +++
000008.076|boot |*|00|Initial log entry. Current logging level 3
000008.076|copy |*|00|Initial log entry. Current logging level 3
000008.076|utilm|*|00|Initial log entry. Current logging level 4
000008.076|hw   |*|00|Initial log entry. Current logging level 4
000008.076|ethf |*|00|Initial log entry. Current logging level 4
000008.077|dns  |*|00|Initial log entry. Current logging level 3
000008.077|curl |*|00|Initial log entry. Current logging level 3
000008.077|sec  |*|00|Initial log entry. Current logging level 4
000008.090|wdog |*|00|Initial log entry. Current logging level 4
000008.090|lldp |*|00|Initial log entry. Current logging level 3
000008.090|cdp  |*|00|Initial log entry. Current logging level 3
000008.090|key  |*|00|Initial log entry. Current logging level 4
000008.121|so   |3|00|Platform: Model=VVX 300, Assembly=3111-46135-002 Rev=A Region=0
000008.121|so   |3|00|Platform: Board=3111-46135-002 1 0
000008.122|so   |3|00|Platform: MAC=0004f28e7abd
000008.123|so   |3|00|Platform: BootBlock=3.0.4.0028 (46135-002) 30-Jan-13 18:00
000008.124|so   |*|00|Platform: BootL1=1.0.0.0009 (46135-002) 11-Jan-13 14:23
000008.124|so   |3|00|Application, main: Label=Updater, Version=Peridot 5.1.4.0844 20-Mar-13 14:16
000008.124|so   |3|00|Application, main: P/N=3150-11069-514
000008.124|so   |5|00|Platform: Both images are incorrect, will use Primary Image.
000008.124|log  |*|00|Install file upload callback for 'Updater'

000008.125|app1 |*|00|Initial log entry. Current logging level 3
000008.139|cfg  |*|00|Initial log entry. Current logging level 2
000009.084|so   |3|00|Link status is Net up Speed 100 full Duplex, PC down.
000008.173|so   |*|00|---------- Initial log entry ----------
000008.174|so   |*|00|+++ Note that Updater log times are in GMT +++
000008.174|boot |*|00|Initial log entry. Current logging level 3
000008.174|copy |*|00|Initial log entry. Current logging level 3
000008.174|utilm|*|00|Initial log entry. Current logging level 4
000008.174|hw   |*|00|Initial log entry. Current logging level 4
000008.174|ethf |*|00|Initial log entry. Current logging level 4
000008.174|dns  |*|00|Initial log entry. Current logging level 3
000008.175|curl |*|00|Initial log entry. Current logging level 3
000008.175|sec  |*|00|Initial log entry. Current logging level 4
000008.187|wdog |*|00|Initial log entry. Current logging level 4
000008.187|lldp |*|00|Initial log entry. Current logging level 3
000008.187|cdp  |*|00|Initial log entry. Current logging level 3
000008.187|key  |*|00|Initial log entry. Current logging level 4
000008.211|so   |3|00|Platform: Model=VVX 300, Assembly=3111-46135-002 Rev=A Region=0
000008.212|so   |3|00|Platform: Board=3111-46135-002 1 0
000008.212|so   |3|00|Platform: MAC=0004f28e7abd
000008.213|so   |3|00|Platform: BootBlock=3.0.4.0028 (46135-002) 30-Jan-13 18:00
000008.214|so   |*|00|Platform: BootL1=1.0.0.0009 (46135-002) 11-Jan-13 14:23
000008.214|so   |3|00|Application, main: Label=Updater, Version=Peridot 5.1.4.0844 20-Mar-13 14:16
000008.214|so   |3|00|Application, main: P/N=3150-11069-514
000008.214|so   |5|00|Platform: Both images are incorrect, will use Primary Image.
000008.214|log  |*|00|Install file upload callback for 'Updater'

000008.216|app1 |*|00|Initial log entry. Current logging level 3
000008.229|cfg  |*|00|Initial log entry. Current logging level 2
000009.182|so   |3|00|Link status is Net up Speed 100 full Duplex, PC down.
000008.069|so   |*|00|---------- Initial log entry ----------
000008.069|so   |*|00|+++ Note that Updater log times are in GMT +++
000008.069|boot |*|00|Initial log entry. Current logging level 3
000008.069|copy |*|00|Initial log entry. Current logging level 3
000008.069|utilm|*|00|Initial log entry. Current logging level 4
000008.069|hw   |*|00|Initial log entry. Current logging level 4
000008.069|ethf |*|00|Initial log entry. Current logging level 4
000008.069|dns  |*|00|Initial log entry. Current logging level 3
000008.070|curl |*|00|Initial log entry. Current logging level 3
000008.070|sec  |*|00|Initial log entry. Current logging level 4
000008.083|wdog |*|00|Initial log entry. Current logging level 4
000008.083|lldp |*|00|Initial log entry. Current logging level 3
000008.083|cdp  |*|00|Initial log entry. Current logging level 3
000008.083|key  |*|00|Initial log entry. Current logging level 4
000008.111|so   |3|00|Platform: Model=VVX 300, Assembly=3111-46135-002 Rev=A Region=0
000008.111|so   |3|00|Platform: Board=3111-46135-002 1 0
000008.112|so   |3|00|Platform: MAC=0004f28e7abd
000008.113|so   |3|00|Platform: BootBlock=3.0.4.0028 (46135-002) 30-Jan-13 18:00
000008.114|so   |*|00|Platform: BootL1=1.0.0.0009 (46135-002) 11-Jan-13 14:23
000008.114|so   |3|00|Application, main: Label=Updater, Version=Peridot 5.1.4.0844 20-Mar-13 14:16
000008.114|so   |3|00|Application, main: P/N=3150-11069-514
000008.114|so   |5|00|Platform: Both images are incorrect, will use Primary Image.
000008.114|log  |*|00|Install file upload callback for 'Updater'

000008.115|app1 |*|00|Initial log entry. Current logging level 3
000008.129|cfg  |*|00|Initial log entry. Current logging level 2
000009.077|so   |3|00|Link status is Net up Speed 100 full Duplex, PC down.
000008.155|so   |*|00|---------- Initial log entry ----------
000008.155|so   |*|00|+++ Note that Updater log times are in GMT +++
000008.156|boot |*|00|Initial log entry. Current logging level 3
000008.156|copy |*|00|Initial log entry. Current logging level 3
000008.156|utilm|*|00|Initial log entry. Current logging level 4
000008.156|hw   |*|00|Initial log entry. Current logging level 4
000008.156|ethf |*|00|Initial log entry. Current logging level 4
000008.156|dns  |*|00|Initial log entry. Current logging level 3
000008.156|curl |*|00|Initial log entry. Current logging level 3
000008.156|sec  |*|00|Initial log entry. Current logging level 4
000008.169|wdog |*|00|Initial log entry. Current logging level 4
000008.169|lldp |*|00|Initial log entry. Current logging level 3
000008.170|cdp  |*|00|Initial log entry. Current logging level 3
000008.170|key  |*|00|Initial log entry. Current logging level 4
000008.201|so   |3|00|Platform: Model=VVX 300, Assembly=3111-46135-002 Rev=A Region=0
000008.201|so   |3|00|Platform: Board=3111-46135-002 1 0
000008.202|so   |3|00|Platform: MAC=0004f28e7abd
000008.203|so   |3|00|Platform: BootBlock=3.0.4.0028 (46135-002) 30-Jan-13 18:00
000008.204|so   |*|00|Platform: BootL1=1.0.0.0009 (46135-002) 11-Jan-13 14:23
000008.204|so   |3|00|Application, main: Label=Updater, Version=Peridot 5.1.4.0844 20-Mar-13 14:16
000008.204|so   |3|00|Application, main: P/N=3150-11069-514
000008.204|so   |5|00|Platform: Both images are incorrect, will use Primary Image.
000008.204|log  |*|00|Install file upload callback for 'Updater'

000008.205|app1 |*|00|Initial log entry. Current logging level 3
000008.219|cfg  |*|00|Initial log entry. Current logging level 2
000009.166|so   |3|00|Link status is Net up Speed 100 full Duplex, PC down.
000008.153|so   |*|00|---------- Initial log entry ----------
000008.153|so   |*|00|+++ Note that Updater log times are in GMT +++
000008.153|boot |*|00|Initial log entry. Current logging level 3
000008.153|copy |*|00|Initial log entry. Current logging level 3
000008.153|utilm|*|00|Initial log entry. Current logging level 4
000008.153|hw   |*|00|Initial log entry. Current logging level 4
000008.153|ethf |*|00|Initial log entry. Current logging level 4
000008.153|dns  |*|00|Initial log entry. Current logging level 3
000008.154|curl |*|00|Initial log entry. Current logging level 3
000008.154|sec  |*|00|Initial log entry. Current logging level 4
000008.166|wdog |*|00|Initial log entry. Current logging level 4
000008.167|lldp |*|00|Initial log entry. Current logging level 3
000008.167|cdp  |*|00|Initial log entry. Current logging level 3
000008.167|key  |*|00|Initial log entry. Current logging level 4
000008.191|so   |3|00|Platform: Model=VVX 300, Assembly=3111-46135-002 Rev=A Region=0
000008.192|so   |3|00|Platform: Board=3111-46135-002 1 0
000008.192|so   |3|00|Platform: MAC=0004f28e7abd
000008.193|so   |3|00|Platform: BootBlock=3.0.4.0028 (46135-002) 30-Jan-13 18:00
000008.194|so   |*|00|Platform: BootL1=1.0.0.0009 (46135-002) 11-Jan-13 14:23
000008.194|so   |3|00|Application, main: Label=Updater, Version=Peridot 5.1.4.0844 20-Mar-13 14:16
000008.194|so   |3|00|Application, main: P/N=3150-11069-514
000008.194|so   |5|00|Platform: Both images are incorrect, will use Primary Image.
000008.194|log  |*|00|Install file upload callback for 'Updater'

000008.195|app1 |*|00|Initial log entry. Current logging level 3
000008.209|cfg  |*|00|Initial log entry. Current logging level 2
000009.162|so   |3|00|Link status is Net up Speed 100 full Duplex, PC down.
000008.084|so   |*|00|---------- Initial log entry ----------
000008.084|so   |*|00|+++ Note that Updater log times are in GMT +++
000008.084|boot |*|00|Initial log entry. Current logging level 3
000008.084|copy |*|00|Initial log entry. Current logging level 3
000008.084|utilm|*|00|Initial log entry. Current logging level 4
000008.084|hw   |*|00|Initial log entry. Current logging level 4
000008.084|ethf |*|00|Initial log entry. Current logging level 4
000008.084|dns  |*|00|Initial log entry. Current logging level 3
000008.085|curl |*|00|Initial log entry. Current logging level 3
000008.085|sec  |*|00|Initial log entry. Current logging level 4
000008.097|wdog |*|00|Initial log entry. Current logging level 4
000008.098|lldp |*|00|Initial log entry. Current logging level 3
000008.098|cdp  |*|00|Initial log entry. Current logging level 3
000008.098|key  |*|00|Initial log entry. Current logging level 4
000008.121|so   |3|00|Platform: Model=VVX 300, Assembly=3111-46135-002 Rev=A Region=0
000008.122|so   |3|00|Platform: Board=3111-46135-002 1 0
000008.122|so   |3|00|Platform: MAC=0004f28e7abd
000008.123|so   |3|00|Platform: BootBlock=3.0.4.0028 (46135-002) 30-Jan-13 18:00
000008.124|so   |*|00|Platform: BootL1=1.0.0.0009 (46135-002) 11-Jan-13 14:23
000008.124|so   |3|00|Application, main: Label=Updater, Version=Peridot 5.1.4.0844 20-Mar-13 14:16
000008.124|so   |3|00|Application, main: P/N=3150-11069-514
000008.124|so   |5|00|Platform: Both images are incorrect, will use Primary Image.
000008.124|log  |*|00|Install file upload callback for 'Updater'

000008.125|app1 |*|00|Initial log entry. Current logging level 3
000008.139|cfg  |*|00|Initial log entry. Current logging level 2
000009.092|so   |3|00|Link status is Net up Speed 100 full Duplex, PC down.
000008.082|so   |*|00|---------- Initial log entry ----------
000008.083|so   |*|00|+++ Note that Updater log times are in GMT +++
000008.083|boot |*|00|Initial log entry. Current logging level 3
000008.083|copy |*|00|Initial log entry. Current logging level 3
000008.083|utilm|*|00|Initial log entry. Current logging level 4
000008.083|hw   |*|00|Initial log entry. Current logging level 4
000008.083|ethf |*|00|Initial log entry. Current logging level 4
000008.083|dns  |*|00|Initial log entry. Current logging level 3
000008.083|curl |*|00|Initial log entry. Current logging level 3
000008.083|sec  |*|00|Initial log entry. Current logging level 4
000008.096|wdog |*|00|Initial log entry. Current logging level 4
000008.096|lldp |*|00|Initial log entry. Current logging level 3
000008.096|cdp  |*|00|Initial log entry. Current logging level 3
000008.096|key  |*|00|Initial log entry. Current logging level 4
000008.121|so   |3|00|Platform: Model=VVX 300, Assembly=3111-46135-002 Rev=A Region=0
000008.121|so   |3|00|Platform: Board=3111-46135-002 1 0
000008.122|so   |3|00|Platform: MAC=0004f28e7abd
000008.123|so   |3|00|Platform: BootBlock=3.0.4.0028 (46135-002) 30-Jan-13 18:00
000008.124|so   |*|00|Platform: BootL1=1.0.0.0009 (46135-002) 11-Jan-13 14:23
000008.124|so   |3|00|Application, main: Label=Updater, Version=Peridot 5.1.4.0844 20-Mar-13 14:16
000008.124|so   |3|00|Application, main: P/N=3150-11069-514
000008.124|so   |5|00|Platform: Both images are incorrect, will use Primary Image.
000008.124|log  |*|00|Install file upload callback for 'Updater'

000008.125|app1 |*|00|Initial log entry. Current logging level 3
000008.139|cfg  |*|00|Initial log entry. Current logging level 2
000008.143|dot1x|*|00|Initial log entry. Current logging level 3
000008.143|app1 |3|00|Starting provisioning because of the start type.
000008.344|tls  |*|00|Initial log entry. Current logging level 4
000009.090|so   |3|00|Link status is Net up Speed 100 full Duplex, PC down.
000010.651|lldp |3|00|Enabling 802.1Q tagging, VLAN ID = 111 (from LLDP/CDP)
000010.651|lldp |5|00|VLAN Id has changed to 111.
000014.423|lldp |3|00|LLDP received a response from a switch. LLDP enabled.
000014.480|dhcpc|*|00|Initial log entry. Current logging level 4
000017.236|dns  |*|00|DNS resolver servers are '8.8.8.8' '8.8.4.4'
000017.236|dns  |*|00|DNS resolver search domain is ''
000017.236|app1 |3|00|DNS resolver servers are '8.8.8.8' '8.8.4.4'
000017.236|app1 |3|00|DNS resolver search domain is ''
000017.341|dns  |3|00|DNS lookup for (A) 'p.voxter.com'(74.114.208.245) TTL=2092
000017.343|app1 |3|00|DHCP returned result 0x18F from server 10.2.0.2.
000017.343|app1 |3|00|   Phone IP address is 10.2.0.209.
000017.343|app1 |3|00|   Subnet mask is 255.255.255.0.
000017.343|app1 |3|00|   Gateway address is 10.2.0.1.
000017.343|app1 |3|00|   Provisioning server address is http://p.voxter.com/.
000017.343|app1 |3|00|   DNS server is 8.8.8.8.
000017.343|app1 |3|00|   DNS alternate server is 8.8.4.4.
000017.438|dns  |3|00|DNS lookup for (A) 'pool.ntp.org'(206.108.0.132,192.99.15.169,104.167.108.120) TTL=112
0422014317|app1 |3|00|Time has been set from pool.ntp.org (206.108.0.132).
0422014317|app1 |3|00|   1429666997: 2015-4-22, 1:43:17, DST off
0422014317|copy |3|00|'http://PlcmSpIp:****@p.voxter.com/0004f28e7abd.cfg' from 'p.voxter.com(74.114.208.245)'
0422014317|copy |3|00|Download of '0004f28e7abd.cfg' succeeded on attempt 1 (addr 1 of 1)
0422014317|cfg  |*|00|Prov|Starting to update 3111-46135-002.sip.ld
0422014317|copy |3|00|'http://PlcmSpIp:****@p.voxter.com/3111-46135-002.sip.ld' from 'p.voxter.com(74.114.208.245)'
0422014318|cfg  |3|00|New load header information:
0422014318|cfg  |3|00|Code length:         0x027559F0
0422014318|cfg  |3|00|Code Checksum:       0x38A3BFD9
0422014318|cfg  |3|00|Options:             0x00000080
0422014318|cfg  |3|00|Recognized container image
0422014318|cfg  |3|00|New load header information:
0422014318|cfg  |3|00|Code length:         0x020760FC
0422014318|cfg  |3|00|Code Checksum:       0x02B7DAEB
0422014318|cfg  |3|00|Options:             0x00000002
0422014318|cfg  |3|00|Application header is different
0422014318|cfg  |3|00|Application in container image 1 is different
0422014318|cfg  |3|00|New load header information:
0422014318|cfg  |3|00|Code length:         0x006DEFE4
0422014318|cfg  |3|00|Code Checksum:       0x38A32210
0422014318|cfg  |3|00|Options:             0x00000010
0422014318|cfg  |3|00|Updater header is different
0422014318|cfg  |3|00|Updater in container image 2 is different
0422014318|cfg  |3|00|Using Updater
0422015544|cfg  |*|00|Prov|Updating the Updater
0422015544|cfg  |3|00|Using compatible image 0
0422015812|copy |3|00|Download of '3111-46135-002.sip.ld' succeeded on attempt 1 (addr 1 of 1)
0422015813|sig  |*|00|Initial log entry. Current logging level 3
0422015813|sig  |3|00|hwSigParseRemove: found key Sig_3.
0422015813|cfg  |3|00|Good image signature
0422015813|cfg  |4|00|Removing application...
0422015818|cfg  |3|00|Programming Updater from sector 320 to 575
0422015825|cfg  |3|00|Programming to sector 320 complete
0422015827|cfg  |*|00|Prov|Image has been changed
0422015827|cfg  |*|00|Prov|Provisioning needs to reboot to upgrade image(s)
000008.571|so   |*|00|---------- Initial log entry ----------
000008.571|so   |*|00|+++ Note that Updater log times are in GMT +++
000008.571|boot |*|00|Initial log entry. Current logging level 3
000008.572|copy |*|00|Initial log entry. Current logging level 3
000008.572|utilm|*|00|Initial log entry. Current logging level 4
000008.572|hw   |*|00|Initial log entry. Current logging level 4
000008.572|ethf |*|00|Initial log entry. Current logging level 4
000008.572|dns  |*|00|Initial log entry. Current logging level 3
000008.572|curl |*|00|Initial log entry. Current logging level 3
000008.572|sec  |*|00|Initial log entry. Current logging level 4
000008.865|wdog |*|00|Initial log entry. Current logging level 4
000008.865|lldp |*|00|Initial log entry. Current logging level 3
000008.865|cdp  |*|00|Initial log entry. Current logging level 3
000008.866|key  |*|00|Initial log entry. Current logging level 4
000008.866|so   |3|00|SoKeyC::keyboardSetup(): Assigning virtual key: hwId 45 soKeyConcordVirtualTab[i].function 53
000008.891|so   |3|00|Platform: Model=VVX 300, Assembly=3111-46135-002 Rev=A Region=0
000008.891|so   |3|00|Platform: Board=3111-46135-002 1 0
000008.892|so   |3|00|Platform: MAC=0004f28e7abd
000008.893|so   |3|00|Platform: BootBlock=3.0.4.0028 (46135-002) 30-Jan-13 18:00
000008.894|so   |*|00|Platform: BootL1=1.0.0.0009 (46135-002) 11-Jan-13 14:23
000008.894|so   |3|00|Application, main: Label=Updater, Version=Fayalite 5.5.0.13251 24-Mar-15 02:46
000008.894|so   |3|00|Application, main: P/N=3150-11069-550
000008.894|log  |*|00|Install file upload callback for 'Updater'

000008.895|app1 |*|00|Initial log entry. Current logging level 3
000008.907|cfg  |*|00|Initial log entry. Current logging level 2
000008.912|dot1x|*|00|Initial log entry. Current logging level 3
000008.912|app1 |3|00|Starting provisioning because of the start type.
000009.116|tls  |*|00|Initial log entry. Current logging level 4
000009.860|so   |3|00|Link status is Net up Speed 100 full Duplex, PC down.
000011.641|lldp |3|00|Enabling 802.1Q tagging, VLAN ID = 111 (from LLDP/CDP)
000011.641|lldp |5|00|VLAN Id has changed to 111.
000015.209|lldp |3|00|LLDP received a response from a switch. LLDP enabled.
000015.403|dhcpc|*|00|Initial log entry. Current logging level 2
000015.404|dhcpc|3|00|dhcAddIf v4 succeeds: eth0.111.
000015.409|dhcpc|3|00|dhcRebind v4: Will wait until sync rebind completes.
000015.944|dhcpc|3|00|relLease(0) v4: Succeeded to fork dhclient to terminate.
000016.596|dhcpc|3|00|dhcListener: Read succeeds: eth0.111 state: PREINIT
.
000016.596|dhcpc|4|00|DhcpClient::processLine: no callback for state 1 if eth0.111
000017.811|dhcpc|3|00|dhcListener: Read succeeds: eth0.111 ip: 10.2.0.209
.
000017.812|dhcpc|3|00|dhcListener: Read succeeds: eth0.111 option: subnet-mask 255.255.255.0
.
000017.814|dhcpc|3|00|dhcListener: Read succeeds: eth0.111 option: routers 10.2.0.1
.
000017.815|dhcpc|3|00|dhcListener: Read succeeds: eth0.111 option: domain-name-servers 8.8.8.8 8.8.4.4
.
000017.817|dhcpc|3|00|dhcListener: Read succeeds: eth0.111 option: dhcp-lease-time 600
.
000017.818|dhcpc|3|00|dhcListener: Read succeeds: eth0.111 option: tftp-server-name http://p.voxter.com/
.
000017.820|dhcpc|3|00|dhcListener: Read succeeds: eth0.111 option: dhcp-server-identifier 10.2.0.2
.
000017.825|dhcpc|3|00|dhcListener: Read succeeds: eth0.111 option: broadcast-address 10.2.0.255
.
000017.830|dhcpc|3|00|dhcListener: Read succeeds: eth0.111 option: dhcp-lease-time 600
.
000017.831|dhcpc|3|00|dhcListener: Read succeeds: eth0.111 option: dhcp-message-type 5
.
000017.868|dhcpc|3|00|dhcListener: Read succeeds: eth0.111 state: BOUND
.
000017.869|dhcpc|4|00|DhcpClient::processLine: no callback for state 2 if eth0.111
000017.870|dhcpc|3|00|dhcRebind v4: Sync rebind succeeds.
000017.870|dhcpc|3|00|Program eth0.111 to use subnet mask 255.255.255.0, result 0.
000017.871|dhcpc|3|00|Program eth0.111 to use ip address 10.2.0.209, result 0.
000017.872|dhcpc|3|00|Program eth0.111 to use router 10.2.0.1, result 0.
000017.888|dhcpc|3|00|getLease v4: Succeeded to fork dhclient for interface eth0.111.
000018.881|ares |*|00|Initial log entry. Current logging level 3
000018.882|dns  |*|00|DNS resolver servers are '8.8.8.8' '8.8.4.4'
000018.882|dns  |*|00|DNS resolver search domain is ''
000018.882|app1 |3|00|DNS resolver servers are '8.8.8.8' '8.8.4.4'
000018.882|app1 |3|00|DNS resolver search domain is ''
000019.050|app1 |3|00|DHCP returned result 0x18F from server 10.2.0.2.
000019.050|app1 |3|00|   Phone IPv4 address is 10.2.0.209.
000019.050|app1 |3|00|   Subnet mask is 255.255.255.0.
000019.050|app1 |3|00|   Gateway address is 10.2.0.1.
000019.051|app1 |3|00|   Provisioning server address is http://p.voxter.com/.
000019.051|app1 |3|00|   DNS server is 8.8.8.8
000019.051|app1 |3|00|   DNS alternate server is 8.8.4.4.
0422015901|app1 |3|00|Time has been set from pool.ntp.org (208.79.218.140).
0422015901|app1 |3|00|   1429667941: 2015-4-22, 1:59:1, DST off
0422015901|copy |3|00|'http://PlcmSpIp:****@p.voxter.com/0004f28e7abd.cfg' from 'p.voxter.com(74.114.208.245)'
0422015901|copy |3|00|Download of '0004f28e7abd.cfg' succeeded on attempt 1 (addr 1 of 1)
0422015901|cfg  |*|00|Prov|Starting to update 3111-46135-002.sip.ld
0422015901|copy |3|00|'http://PlcmSpIp:****@p.voxter.com/3111-46135-002.sip.ld' from 'p.voxter.com(74.114.208.245)'
0422015902|cfg  |3|00|New load header information:
0422015902|cfg  |3|00|Code length:         0x027559F0
0422015902|cfg  |3|00|Code Checksum:       0x38A3BFD9
0422015902|cfg  |3|00|Options:             0x00000080
0422015902|cfg  |3|00|Recognized container image
0422015902|cfg  |3|00|New load header information:
0422015902|cfg  |3|00|Code length:         0x020760FC
0422015902|cfg  |3|00|Code Checksum:       0x02B7DAEB
0422015902|cfg  |3|00|Options:             0x00000002
0422015902|cfg  |3|00|Could not open application file for checking
0422015902|cfg  |3|00|Application in container image 1 is different
0422015902|cfg  |3|00|New load header information:
0422015902|cfg  |3|00|Code length:         0x006DEFE4
0422015902|cfg  |3|00|Code Checksum:       0x38A32210
0422015902|cfg  |3|00|Options:             0x00000010
0422015902|cfg  |3|00|Updater is already present
0422015902|cfg  |3|00|Updater in container image 2 is not different
0422015902|cfg  |3|00|Using application
0422015902|cfg  |*|00|Prov|Updating the Application
0422015902|cfg  |3|00|Using compatible image 0
0422020342|dhcpc|3|00|dhcListener: Read succeeds: eth0.111 state: RENEW
.
0422020342|dhcpc|4|00|DhcpClient::processLine: no callback for state 6 if eth0.111
0422020731|copy |3|00|buffered_write: transfer terminated
0422020731|copy |3|00|Download of '3111-46135-002.sip.ld' succeeded on attempt 1 (addr 1 of 1)
0422020732|sig  |*|00|Initial log entry. Current logging level 3
0422020732|sig  |3|00|hwSigParseRemove: found key Sig_3.
0422020735|cfg  |3|00|Good image signature
0422020736|cfg  |3|00|Programming 34038588 bytes into tffs in 4K blocks
0422020739|cfg  |3|00|Extracting application files
0422020739|cfg  |3|00|New load header information:
0422020739|cfg  |3|00|Code length:         0x020760FC
0422020739|cfg  |3|00|Code Checksum:       0x02B7DAEB
0422020739|cfg  |3|00|Options:             0x00000002
0422020841|dhcpc|3|00|dhcListener: Read succeeds: eth0.111 state: RENEW
.
0422020841|dhcpc|4|00|DhcpClient::processLine: no callback for state 6 if eth0.111
0422021002|cfg  |3|00|Finished extracting application files (OK)
0422021010|cfg  |3|00|File system is synchronized
0422021010|cfg  |*|00|Prov|Succeeded updating file 3111-46135-002.sip.ld
0422021010|cfg  |*|00|Prov|Image has been changed
0422021010|cfg  |3|00|Prov|Provisioning succeeded
0422021010|app1 |3|00|Application, load: Type=SIP, Version=5.3.0.12074 24-Mar-15 03:06
0422021010|cfg  |*|00|Prov|Finished updating configuration
0422021010|boot |*|00|Using TFFS for flash load
0422021010|boot |*|00|Code length:         0x020760FC
0422021010|boot |*|00|Code checksum:       0x02B7DAEB
0422021011|app1 |4|00|Loaded application sip.ld from local system successfully.
0422021011|app1 |6|00|Uploading boot log, time is Wed Apr 22 02:10:11 2015

0422021011|copy |3|00|'http://PlcmSpIp:****@p.voxter.com/logs/0004f28e7abd-boot.log' to 'p.voxter.com(74.114.208.245)'
0422021011|copy |3|00|Upload of 'logs/0004f28e7abd-boot.log' succeeded on attempt 1 (addr 1 of 1)
0422021012|dhcpc|3|00|relLease(0) v4: Succeeded to fork dhclient to terminate.
0422021026|cfg  |3|00|Prov|Shutting down
