000029.577|poll |*|03|Initial log entry. Current logging level 4
000029.577|push |*|03|Initial log entry. Current logging level 4
000029.578|poll |*|03|Initial log entry. Current logging level 4
000029.578|poll |*|03|Initial log entry. Current logging level 4
000029.578|poll |*|03|Initial log entry. Current logging level 4
000029.578|poll |*|03|Initial log entry. Current logging level 4
000029.578|poll |*|03|Initial log entry. Current logging level 4
000029.578|ht   |*|03|Initial log entry. Current logging level 4
000029.588|dbuf |*|03|Initial log entry. Current logging level 4
000029.590|pps  |*|03|Initial log entry. Current logging level 4
000029.590|sip  |*|03|Initial log entry. Current logging level 4
000029.591|ptt  |*|03|Initial log entry. Current logging level 4
000029.600|ssps |*|03|Application, comp. 1: Label=PolyDSP PNX1500 Mem1 FS2, Version=6.2.0.0118 23-Jan-13 16:01
000029.600|ssps |*|03|Application, comp. 1: P/N=3150-11580-620.
000029.602|cfg  |*|03|Prov|Starting to update 3111-15600-001.updater.ld
000029.670|so   |5|03|soCoreAudio compiledOffsetsApply error: unrecognized verAudio 11 for headset
000029.800|so   |*|03|Using TCP IP Media Port, configured initial RTP port 2222
000029.813|sshc |*|03|Initial log entry. Current logging level 4
000029.814|cmp  |*|03|Initial log entry. Current logging level 4
000029.815|wmgr |*|03|Initial log entry. Current logging level 4
000029.816|so   |*|03|Network initialized. Starting network tasks.
000029.816|log  |*|03|Install file upload callback for 'so'

000029.820|ssps |5|03|sspsHdiMsgProc: id=210 (SspsHdiMsgDtHAck), len=12, seq=23, req=24, extra=-1, extraRep=-2, resType=3, desc=3147.
000029.840|ssps |5|03|sspsHdiMsgProc: id=210 (SspsHdiMsgDtHAck), len=12, seq=26, req=27, extra=-1, extraRep=-2, resType=3, desc=3148.
000029.840|ssps |5|03|sspsHdiMsgProc: id=210 (SspsHdiMsgDtHAck), len=12, seq=32, req=33, extra=-1, extraRep=-2, resType=3, desc=3147.
000029.860|ssps |5|03|sspsHdiMsgProc: id=210 (SspsHdiMsgDtHAck), len=12, seq=35, req=36, extra=-1, extraRep=-2, resType=3, desc=3148.
000029.860|ssps |5|03|sspsHdiMsgProc: id=210 (SspsHdiMsgDtHAck), len=12, seq=39, req=40, extra=-1, extraRep=-2, resType=3, desc=3147.
000030.016|app1 |*|03|Initial log entry. Current logging level 4
000030.017|app1 |4|03|StatusBar is disabled
000030.018|app1 |4|03|mb.main.home parameter is empty
000030.069|mb   |*|03|Initial log entry. Current logging level 4
000030.888|cfg  |*|03|Prov|Starting to update 3111-15600-001.sip.ld
000033.372|ldap |*|03|Initial log entry. Current logging level 4
000033.372|ldap |4|03|cDynamicData::cDynamicData:cDynamicData:Failed
000033.732|slog |*|03|Initial log entry. Current logging level 4
000033.771|efk  |*|03|Initial log entry. Current logging level 4
000033.781|app1 |4|03|[AppUserLoginC::Init]:flushing user cache file failed
000033.895|utilm|4|03|uBLFCompressed: File /ffs0/local/local-directory_xml.zzz does not exist or is empty
000033.896|cfg  |4|03|Edit|Error 0x2 loading local cfg /ffs0/local/local-directory_xml.zzz
000033.912|app1 |*|03|Ctx [0] Registered [false]
000033.963|app1 |5|03|Corporate directory instance does not exists.
000033.995|dns  |4|03|doDnsLookupForList: given NULL hostname in task 0x1160000
000033.995|sip  |4|03|NAPTR query for host 'vantage.fullymanaged.sip.voxter.com' returned no results
000034.107|sip  |*|03|Fast Boot Measurement Point: Ready for Call, uptime: 34.107 sec.
000034.608|app1 |*|03|Ctx [0] Registered [true]
000036.689|copy |*|03|Server 'p.voxter.com' said 'overrides/0004f2ecc889-phone.cfg' is not present
000037.621|copy |*|03|Server 'p.voxter.com' said 'overrides/0004f2ecc889-web.cfg' is not present
000037.942|copy |*|03|Server 'p.voxter.com' said 'licenses/000000000000-license.cfg' is not present
000038.508|copy |*|03|Server 'p.voxter.com' said 'licenses/0004f2ecc889-license.cfg' is not present
000038.520|cfg  |*|03|Prov|Setting device parameters from configuration files.
000038.702|cfg  |*|03|Prov|Finished updating configuration
0409200152|dns  |4|03|doDnsLookupForList: given NULL hostname in task 0x1160000
0409210152|dns  |4|03|doDnsLookupForList: given NULL hostname in task 0x1160000
000004.489|log  |*|03|---------- Initial log entry ----------
000004.489|so   |*|03|Platform: Model=SoundStation IP 6000, Assembly=3111-15600-001 Rev=N Region=
000004.489|so   |*|03|Platform: Interface    eth0 MAC=0004f2ecc889
000004.491|so   |*|03|Platform: BootBlock=3.0.2.0024 (15600-001) 30-Nov-10 15:05
000004.491|so   |*|03|Platform: BootL1=Standalone.0008 26-Feb-08 14:11:56
000004.491|so   |*|03|Platform: Updater=5.0.5.2324 09-Dec-13 15:31
000004.491|so   |*|03|Application, main: Label=SIP, Version=Mink 4.0.6.0711 26-Feb-14 08:14
000004.491|so   |*|03|Application, main: P/N=3150-11530-406
000004.491|rdisk|*|03|RAM disk created, size: 8,388,608 bytes
000004.491|ocsp |*|03|O.C.S.P. Enabled = 0
000004.492|tls  |*|03|Initial log entry. Current logging level 4
000004.521|pmt  |*|03|Initial log entry. Current logging level 4
000004.521|wdog |*|03|Initial log entry. Current logging level 4
000004.521|ethf |*|03|Initial log entry. Current logging level 4
000004.521|hw   |*|03|Initial log entry. Current logging level 4
000004.521|ares |*|03|Initial log entry. Current logging level 4
000004.521|dns  |*|03|Initial log entry. Current logging level 4
000004.521|cfg  |*|03|Initial log entry. Current logging level 4
000004.522|dot1x|*|03|Initial log entry. Current logging level 4
000004.523|cfg  |*|03|RT|Network eth0 link went up
000004.523|cfg  |*|03|RT|cfgRtNetInterfaceUpdate: Network not initialized
000004.629|lic  |*|03|Initial log entry. Current logging level 4
000004.629|lic  |4|03|cfgCfsFlashKeyScratchLoad: key is blank
000004.957|curl |*|03|Initial log entry. Current logging level 4
000004.957|utilm|*|03|Initial log entry. Current logging level 4
000004.957|copy |*|03|Initial log entry. Current logging level 4
000004.957|rtos |*|03|Initial log entry. Current logging level 4
000004.957|sec  |*|03|Initial log entry. Current logging level 4
000004.958|so   |*|03|Configuration files: 0004f2ecc889_reg.cfg, provisioner.cfg, sip.cfg, features.cfg
000004.958|so   |*|03|Configuration file "0004f2ecc889_reg.cfg" SHA1 digest: D6BF7E0BC5335B74FEA02DDE1A60317ED9C8269A
000004.958|so   |*|03|Configuration file "provisioner.cfg" SHA1 digest: 51080CD89DA743106AF5139272C6860F0465BE9D
000004.958|so   |*|03|Configuration file "sip.cfg" SHA1 digest: A7E68FC3951E632F96510DF062CFA78D2B7D409B
000004.958|so   |*|03|Configuration file "features.cfg" SHA1 digest: 4CC8F8E5A161C0EA5F932FF8A190910D0B78027B
000004.958|cfg  |4|03|Prm|Configuration file(s) statistics: 1 parameters were invalid and could not be interpreted.
000004.958|cfg  |4|03|Prm|Configuration file(s) statistics: 1 parameter values were used but were out of range. 5 were invalid and ignored.
000004.961|log  |*|03|Log render level set to 1
000005.233|srtp |*|03|Initial log entry. Current logging level 4
000005.234|res  |*|03|Initial log entry. Current logging level 4
000005.234|httpa|*|03|Initial log entry. Current logging level 4
000005.234|lldp |*|03|Initial log entry. Current logging level 4
000005.234|cdp  |*|03|Initial log entry. Current logging level 4
000005.251|ssps |*|03|Initial log entry. Current logging level 4
000005.338|so   |*|03|System Info Reports:
000005.338|so   |*|03|	CPU is pnx1500/TM3260, rev 1 running at 300MHz with memory at 199MHz.
000005.338|so   |*|03|	CAS latency (dram): 0x133; CAS latency (proc): 0x6; refresh rate: 0x616
000005.338|so   |*|03|	Board is identified as PLCM PNX1500 Mirage (ID 0x1005fb2c):
000005.338|so   |*|03|	DRAM_LO: 0x40000000.  DRAM_HI: 0x44000000.  C_LIMIT: 0x43ff0000.
000005.338|so   |*|03|	APERT1_LO: 0x1c000000.  APERT1_HI: 0x20000000.
000005.338|so   |*|03|	PCSW: 0x20000e02
000005.338|so   |*|03|	Application built in ASSERT mode.
000005.338|so   |*|03|  NOR flash detected is 16
000005.338|key  |*|03|Initial log entry. Current logging level 4
000005.340|httpd|*|03|Initial log entry. Current logging level 4
000005.340|poll |*|03|Initial log entry. Current logging level 4
000005.340|push |*|03|Initial log entry. Current logging level 4
000005.340|poll |*|03|Initial log entry. Current logging level 4
000005.340|poll |*|03|Initial log entry. Current logging level 4
000005.341|poll |*|03|Initial log entry. Current logging level 4
000005.341|poll |*|03|Initial log entry. Current logging level 4
000005.341|poll |*|03|Initial log entry. Current logging level 4
000005.341|ht   |*|03|Initial log entry. Current logging level 4
000005.341|dbuf |*|03|Initial log entry. Current logging level 4
000005.343|pps  |*|03|Initial log entry. Current logging level 4
000005.343|sip  |*|03|Initial log entry. Current logging level 4
000005.343|ptt  |*|03|Initial log entry. Current logging level 4
000005.353|ssps |*|03|Application, comp. 1: Label=PolyDSP PNX1500 Mem1 FS2, Version=6.2.0.0118 23-Jan-13 16:01
000005.353|ssps |*|03|Application, comp. 1: P/N=3150-11580-620.
000005.423|so   |5|03|soCoreAudio compiledOffsetsApply error: unrecognized verAudio 11 for headset
000005.533|so   |*|03|Using TCP IP Media Port, configured initial RTP port 2222
000005.542|sshc |*|03|Initial log entry. Current logging level 4
000005.543|cmp  |*|03|Initial log entry. Current logging level 4
000005.543|wmgr |*|03|Initial log entry. Current logging level 4
000005.553|ssps |5|03|sspsHdiMsgProc: id=210 (SspsHdiMsgDtHAck), len=12, seq=23, req=24, extra=-1, extraRep=-2, resType=3, desc=3147.
000005.573|ssps |5|03|sspsHdiMsgProc: id=210 (SspsHdiMsgDtHAck), len=12, seq=26, req=27, extra=-1, extraRep=-2, resType=3, desc=3148.
000005.573|ssps |5|03|sspsHdiMsgProc: id=210 (SspsHdiMsgDtHAck), len=12, seq=32, req=33, extra=-1, extraRep=-2, resType=3, desc=3147.
000005.593|ssps |5|03|sspsHdiMsgProc: id=210 (SspsHdiMsgDtHAck), len=12, seq=35, req=36, extra=-1, extraRep=-2, resType=3, desc=3148.
000005.593|ssps |5|03|sspsHdiMsgProc: id=210 (SspsHdiMsgDtHAck), len=12, seq=39, req=40, extra=-1, extraRep=-2, resType=3, desc=3147.
000005.610|slog |*|03|Initial log entry. Current logging level 4
000005.744|app1 |*|03|Initial log entry. Current logging level 4
000005.745|app1 |4|03|StatusBar is disabled
000005.746|app1 |4|03|mb.main.home parameter is empty
000005.747|mb   |*|03|Initial log entry. Current logging level 4
000005.783|ldap |*|03|Initial log entry. Current logging level 4
000005.783|ldap |4|03|cDynamicData::cDynamicData:cDynamicData:Failed
000006.248|efk  |*|03|Initial log entry. Current logging level 4
000006.257|app1 |4|03|[AppUserLoginC::Init]:flushing user cache file failed
000010.525|cfg  |*|03|RT|cfgRtNetInterfaceUpdate: Network not initialized
000042.524|cfg  |*|03|RT|cfgRtNetInterfaceUpdate: Network not initialized
000046.042|app1 |4|03|AppUiC::TimerOut500ms(), showWarning(WARNING_DHCP_FAILED)
000218.698|cfg  |*|03|RT|   Phone IP address is 10.19.1.105.
000218.698|cfg  |*|03|RT|   Subnet mask is 255.255.255.0.
000218.698|cfg  |*|03|RT|   Gateway address is 10.19.1.1.
000218.698|cfg  |*|03|RT|   DNS server is 10.76.144.114.
000218.698|cfg  |*|03|RT|   DNS alternate server is 10.76.144.124.
000218.698|cfg  |*|03|RT|   DNS domain is vantageairportgroup.com.
000218.698|cfg  |*|03|RT|   Time server is 192.95.20.208.
000218.698|cfg  |*|03|RT|   GMT offset is -28800 seconds.
000218.698|dns  |*|03|DNS resolver servers are '10.76.144.114' '10.76.144.124'
000218.698|dns  |*|03|DNS resolver search domain is 'vantageairportgroup.com'
000218.698|cfg  |*|03|RT|Primary IP changed to 10.19.1.105 subnet mask 255.255.255.0
000218.698|cfg  |*|03|RT|cfgRtNetInterfaceUpdate: bfeng -- calling network status callback
000219.524|so   |*|03|Network initialized. Starting network tasks.
000219.524|log  |*|03|Install file upload callback for 'so'

000219.534|app1 |*|03|Ctx [0] Registered [false]
000219.536|app1 |5|03|Corporate directory instance does not exists.
000219.550|sip  |4|03|NAPTR query for host 'vantage.fullymanaged.sip.voxter.com' returned no results
000219.566|sip  |*|03|Fast Boot Measurement Point: Ready for Call, uptime: 139.566 sec.
000219.588|app1 |*|03|Ctx [0] Registered [true]
0409211715|copy |4|03|Error ending zlib (-3)
0409211715|cfg  |*|03|Prov|Starting to update 3111-15600-001.updater.ld
0409211715|cfg  |5|03|hwBoard.verDisplay: 11

0409211715|cfg  |*|03|Prov|Updating the Updater
0409211715|cfg  |*|03|Prov|Image has been changed
0409211716|cfg  |*|03|Prov|Starting to update 3111-15600-001.sip.ld
0409211716|cfg  |5|03|hwBoard.verDisplay: 11

0409211716|cfg  |*|03|Prov|Updating the Application
0409211716|cfg  |*|03|Prov|Image has been changed
0409211718|copy |*|03|Server 'p.voxter.com' said 'overrides/0004f2ecc889-phone.cfg' is not present
0409211718|copy |*|03|Server 'p.voxter.com' said 'overrides/0004f2ecc889-web.cfg' is not present
0409211718|copy |*|03|Server 'p.voxter.com' said 'licenses/000000000000-license.cfg' is not present
0409211718|copy |*|03|Server 'p.voxter.com' said 'licenses/0004f2ecc889-license.cfg' is not present
0409211718|cfg  |*|03|Prov|Provisioning needs to reboot to upgrade image(s)
0409211718|app1 |*|03|Manual Reboot
0409211718|cfg  |*|03|Prov|Finished updating configuration
0409211718|so   |*|03|SoNcasC::procMsg: Client service shutdown complete
0409211718|log  |4|03|UtilLogC: Upload succeeded. (ConsecutiveFailures 1 Total 1 MsgSendErr 0)
0409211718|wdog |*|03|Watchdog Expired: tSup
