0420013548|dns  |4|00|doDnsLookupForList: given NULL hostname 
0420023548|dns  |4|00|doDnsLookupForList: given NULL hostname 
0420033548|dns  |4|00|doDnsLookupForList: given NULL hostname 
0420043548|dns  |4|00|doDnsLookupForList: given NULL hostname 
0420053947|dns  |4|00|doDnsLookupForList: given NULL hostname 
0420063947|dns  |4|00|doDnsLookupForList: given NULL hostname 
0420073947|dns  |4|00|doDnsLookupForList: given NULL hostname 
0420073947|sip  |4|00|NAPTR query for host 'vantage.fullymanaged.sip.voxter.com' returned no results
0420083948|dns  |4|00|doDnsLookupForList: given NULL hostname 
0420085457|cfg  |*|00|RT|cfgRtNetInterfaceUpdate: bfeng -- calling network status callback
0420085457|cfg  |*|00|RT|cfgRtNetInterfaceUpdate: bfeng -- calling network status callback
0420085457|cfg  |*|00|RT|cfgRtNetInterfaceUpdate: bfeng -- calling network status callback
0420085457|cfg  |*|00|RT|cfgRtNetInterfaceUpdate: bfeng -- calling network status callback
0420085457|cfg  |*|00|RT|cfgRtNetInterfaceUpdate: bfeng -- calling network status callback
0420085502|cfg  |*|00|RT|cfgRtNetInterfaceUpdate: bfeng -- calling network status callback
0420085502|cfg  |*|00|RT|cfgRtNetInterfaceUpdate: bfeng -- calling network status callback
0420085502|cfg  |*|00|RT|cfgRtNetInterfaceUpdate: bfeng -- calling network status callback
0420085502|cfg  |*|00|RT|cfgRtNetInterfaceUpdate: bfeng -- calling network status callback
0420085502|cfg  |*|00|RT|cfgRtNetInterfaceUpdate: bfeng -- calling network status callback
0420085527|cfg  |*|00|RT|cfgRtNetInterfaceUpdate: bfeng -- calling network status callback
0420085527|cfg  |*|00|RT|cfgRtNetInterfaceUpdate: bfeng -- calling network status callback
0420085527|cfg  |*|00|RT|cfgRtNetInterfaceUpdate: bfeng -- calling network status callback
0420085527|cfg  |*|00|RT|cfgRtNetInterfaceUpdate: bfeng -- calling network status callback
0420085527|cfg  |*|00|RT|cfgRtNetInterfaceUpdate: bfeng -- calling network status callback
0420085531|cfg  |*|00|RT|cfgRtNetInterfaceUpdate: bfeng -- calling network status callback
0420085531|cfg  |*|00|RT|cfgRtNetInterfaceUpdate: bfeng -- calling network status callback
0420085531|cfg  |*|00|RT|cfgRtNetInterfaceUpdate: bfeng -- calling network status callback
0420085531|cfg  |*|00|RT|cfgRtNetInterfaceUpdate: bfeng -- calling network status callback
0420085531|cfg  |*|00|RT|cfgRtNetInterfaceUpdate: bfeng -- calling network status callback
0420093948|dns  |4|00|doDnsLookupForList: given NULL hostname 
0420093953|clist|4|00|dbIO::processResult:copy error
0420093953|clist|4|00|dbSet::mem2srv:transfer failed
0420103948|dns  |4|00|doDnsLookupForList: given NULL hostname 
0420113948|dns  |4|00|doDnsLookupForList: given NULL hostname 
0420123948|dns  |4|00|doDnsLookupForList: given NULL hostname 
0420134243|dns  |4|00|doDnsLookupForList: given NULL hostname 
0420142653|clist|4|00|dbIO::processResult:copy error
0420142653|clist|4|00|dbSet::mem2srv:transfer failed
0420144243|dns  |4|00|doDnsLookupForList: given NULL hostname 
0420154243|dns  |4|00|doDnsLookupForList: given NULL hostname 
0420164243|dns  |4|00|doDnsLookupForList: given NULL hostname 
0420174243|dns  |4|00|doDnsLookupForList: given NULL hostname 
0420184243|dns  |4|00|doDnsLookupForList: given NULL hostname 
0420184244|ares |4|00|aresDnsLookup: select time-out 1 on A lookup for 'sbc01.van1.voxter.net.' after 0 sec
0420194244|dns  |4|00|doDnsLookupForList: given NULL hostname 
0420204244|dns  |4|00|doDnsLookupForList: given NULL hostname 
0420214643|dns  |4|00|doDnsLookupForList: given NULL hostname 
0420224643|dns  |4|00|doDnsLookupForList: given NULL hostname 
0420234643|dns  |4|00|doDnsLookupForList: given NULL hostname 
0421004643|dns  |4|00|doDnsLookupForList: given NULL hostname 
0421014643|dns  |4|00|doDnsLookupForList: given NULL hostname 
0421024643|dns  |4|00|doDnsLookupForList: given NULL hostname 
0421034643|dns  |4|00|doDnsLookupForList: given NULL hostname 
0421044643|dns  |4|00|doDnsLookupForList: given NULL hostname 
0421053444|sip  |4|00|NAPTR query for host 'vantage.fullymanaged.sip.voxter.com' returned no results
0421054643|dns  |4|00|doDnsLookupForList: given NULL hostname 
0421064643|dns  |4|00|doDnsLookupForList: given NULL hostname 
0421074643|dns  |4|00|doDnsLookupForList: given NULL hostname 
0421084643|dns  |4|00|doDnsLookupForList: given NULL hostname 
0421094643|dns  |4|00|doDnsLookupForList: given NULL hostname 
0421104643|dns  |4|00|doDnsLookupForList: given NULL hostname 
0421105536|cfg  |5|00|Prm|Parameter voIpProt.SIP.allowTransferOnProceeding requested type 2 but is of type 0
0421105552|clist|4|00|dbIO::processResult:copy error
0421105552|clist|4|00|dbSet::mem2srv:transfer failed
0421112532|cfg  |5|00|Prm|Parameter voIpProt.SIP.allowTransferOnProceeding requested type 2 but is of type 0
0421112552|clist|4|00|dbIO::processResult:copy error
0421112552|clist|4|00|dbSet::mem2srv:transfer failed
0421114643|dns  |4|00|doDnsLookupForList: given NULL hostname 
0421121054|cfg  |5|00|Prm|Parameter voIpProt.SIP.allowTransferOnProceeding requested type 2 but is of type 0
0421121152|clist|4|00|dbIO::processResult:copy error
0421121152|clist|4|00|dbSet::mem2srv:transfer failed
0421124643|dns  |4|00|doDnsLookupForList: given NULL hostname 
0421130708|cfg  |5|00|Prm|Parameter voIpProt.SIP.allowTransferOnProceeding requested type 2 but is of type 0
0421130752|clist|4|00|dbIO::processResult:copy error
0421130752|clist|4|00|dbSet::mem2srv:transfer failed
0421135042|dns  |4|00|doDnsLookupForList: given NULL hostname 
0421145042|dns  |4|00|doDnsLookupForList: given NULL hostname 
0421153951|clist|4|00|dbIO::processResult:copy error
0421153951|clist|4|00|dbSet::mem2srv:transfer failed
0421155042|dns  |4|00|doDnsLookupForList: given NULL hostname 
0421165042|dns  |4|00|doDnsLookupForList: given NULL hostname 
0421175042|dns  |4|00|doDnsLookupForList: given NULL hostname 
0421185042|dns  |4|00|doDnsLookupForList: given NULL hostname 
0421195042|dns  |4|00|doDnsLookupForList: given NULL hostname 
0421205042|dns  |4|00|doDnsLookupForList: given NULL hostname 
0421215042|dns  |4|00|doDnsLookupForList: given NULL hostname 
0421225042|dns  |4|00|doDnsLookupForList: given NULL hostname 
0421235042|dns  |4|00|doDnsLookupForList: given NULL hostname 
