0421184306|wdog |*|00|Watchdog Expired: tSupObjs, 8
0421184306|log  |*|00|---------- Final log entry ----------
001119.775|log  |*|00|---------- Initial log entry ----------
001119.479|rdisk|*|00|Initial log entry. Current logging level 4
001119.481|rdisk|*|00|RAM disk created and mounted at "/rfs0"
001119.481|rdisk|*|00|RAM disk created, size: 16,777,216 bytes
001119.766|so   |*|00|Platform: Model=VVX 300, Assembly=3111-46135-002 Rev=A Region=0
001119.767|so   |*|00|Platform: Interface    eth0 MAC=0004f28e7a51
001119.768|so   |*|00|Platform: BootBlock=3.0.4.0028 (46135-002) 30-Jan-13 18:00
001119.769|so   |*|00|Platform: BootL1=1.0.0.0009 (46135-002) 11-Jan-13 14:23
001119.772|so   |*|00|Platform: Updater=5.5.0.13251 24-Mar-15 03:06
001119.773|so   |*|00|Application, main: Label=SIP, Version=Congo 5.3.0.12074 24-Mar-15 02:31
001119.773|so   |*|00|Application, main: P/N=3150-11530-530
001119.773|rdisk|*|00|RAM disk created, size: 16,777,216 bytes
001119.773|ocsp |*|00|O.C.S.P. Enabled = 0
001119.839|tls  |*|00|Initial log entry. Current logging level 4
001119.894|pmt  |*|00|Initial log entry. Current logging level 4
001119.897|wdog |*|00|Initial log entry. Current logging level 4
001119.897|ethf |*|00|Initial log entry. Current logging level 4
001119.898|hw   |*|00|Initial log entry. Current logging level 4
001119.899|ares |*|00|Initial log entry. Current logging level 4
001119.899|dns  |*|00|Initial log entry. Current logging level 4
001119.899|cfg  |*|00|Initial log entry. Current logging level 4
001119.899|cfg  |*|00|Prm|cfgParamBaseProfileUpdate: Using Base Profile Generic
001119.902|dot1x|*|00|Initial log entry. Current logging level 4
001120.076|lic  |*|00|Initial log entry. Current logging level 4
001120.097|lic  |5|00|cfgCfsFlashKeyScratchLoad: could not load flash len 976
001120.098|lic  |*|00|License expiry check in 85868 seconds
001120.162|curl |*|00|Initial log entry. Current logging level 4
001120.163|utilm|*|00|Initial log entry. Current logging level 4
001120.163|copy |*|00|Initial log entry. Current logging level 4
001120.163|rtos |*|00|Initial log entry. Current logging level 4
001125.544|pgui |*|00|Initial log entry. Current logging level 4
001126.686|dhcpc|*|00|Initial log entry. Current logging level 4
001129.865|cfg  |*|00|RT|   Phone IP address is 10.2.0.210.
001129.865|cfg  |*|00|RT|   Subnet mask is 255.255.255.0.
001129.865|cfg  |*|00|RT|   Gateway address is 10.2.0.1.
001129.866|cfg  |*|00|RT|   DNS server is 8.8.8.8.
001129.866|cfg  |*|00|RT|   DNS alternate server is 8.8.4.4.
001129.866|cfg  |*|00|RT|   GMT offset is -28800 seconds.
001129.868|dns  |*|00|DNS resolver servers are '8.8.8.8' '8.8.4.4'
001129.868|dns  |*|00|DNS resolver search domain is ''
001129.870|cfg  |*|00|RT|Primary IP: 10.2.0.210 subnet mask 255.255.255.0
001130.507|cfg  |*|00|Prov|Starting to update 3111-46135-002.sip.ld
001132.605|copy |*|00|Server 'p.voxter.com' said 'overrides/0004f28e7a51-web.cfg' is not present
001132.671|copy |*|00|Server 'p.voxter.com' said 'licenses/000000000000-license.cfg' is not present
001132.736|copy |*|00|Server 'p.voxter.com' said 'licenses/0004f28e7a51-license.cfg' is not present
001132.747|cfg  |*|00|Prm|0004f28e7a51_reg.cfg: Value "" for configuration parameter reg.1.server.2.port is invalid, ignoring
001132.748|cfg  |*|00|Prm|0004f28e7a51_reg.cfg: Value "" for configuration parameter reg.1.outboundProxy.port is invalid, ignoring
001132.748|cfg  |*|00|Prm|0004f28e7a51_reg.cfg: Value "" for configuration parameter reg.1.lineKeys is invalid, ignoring
001132.756|cfg  |4|00|Prm|provisioner.cfg: Unknown parameter "sec.tagSerialNo.set" found, ignoring.
001132.785|cfg  |*|00|Prm|features.cfg: Value 9999 for configuration parameter dir.local.contacts.maxNum is too large, using 500, the maximum allowed
001132.820|cfg  |*|00|Prov|Setting device parameters from configuration files.
001132.821|cfg  |4|00|RT|cfgFlashUpdateFromConfig: Failed to update SerialConfig
001133.487|cfg  |*|00|RT|Changed prov general
001133.487|cfg  |*|00|Prov|Finished updating configuration
001133.488|sec  |*|00|Initial log entry. Current logging level 4
001133.490|so   |*|00|Configuration files: 0004f28e7a51_reg.cfg, provisioner.cfg, sip.cfg, features.cfg
001133.490|so   |*|00|Configuration file "0004f28e7a51_reg.cfg" SHA1 digest: 807FCE35C9F4765D363E76C9317FE2B13816294F
001133.491|so   |*|00|Configuration file "provisioner.cfg" SHA1 digest: 51080CD89DA743106AF5139272C6860F0465BE9D
001133.491|so   |*|00|Configuration file "sip.cfg" SHA1 digest: F9D8D2ABE0A6808AF8311D543810E06A4DE702A1
001133.491|so   |*|00|Configuration file "features.cfg" SHA1 digest: C581BA279B236C29DF1CFC79741E3FAED2E8A230
001133.491|cfg  |4|00|Prm|Configuration file(s) statistics: 1 parameters were invalid and could not be interpreted.
001133.491|cfg  |4|00|Prm|Configuration file(s) statistics: 1 parameter values were used but were out of range. 5 were invalid and ignored.
001133.494|log  |*|00|Log render level set to 1
001133.497|pcap |*|00|On-Phone Packet Capture disabled
001133.498|srtp |*|00|Initial log entry. Current logging level 4
001133.498|cfg  |5|00|Prm|Parameter 0 is out of range
001133.503|res  |*|00|Initial log entry. Current logging level 4
001133.504|httpa|*|00|Initial log entry. Current logging level 4
001133.504|lldp |*|00|Initial log entry. Current logging level 4
001133.504|cdp  |*|00|Initial log entry. Current logging level 4
001133.504|pcd  |*|00|Initial log entry. Current logging level 4
001133.519|tickt|*|00|Initial log entry. Current logging level 4
001133.520|loc  |*|00|Initial log entry. Current logging level 4
001133.527|ssps |*|00|Initial log entry. Current logging level 4
001133.529|ssps |5|00|Allocated 36992 bytes for SspsHdiMemBase=0xe76170
001133.529|ssps |4|00|sspsDspLoad: found Maroo 23.
001133.555|utilm|4|00|uBLFUnCompressed: File /ffs0/Config/Local/WebTicket/0/sip.usr doesn't exist or is empty
001133.558|tickt|4|00|soWebTicketCertMove: Could not copy key to new uiSlot
001133.559|tickt|4|00|soWebTicketCertMove: Could not copy cert to new uiSlot
001133.560|tickt|4|00|soWebTicketCertMove: Could not copy SIP user to new uiSlot
001133.562|tickt|4|00|soWebTicketCertMove: Could not copy SIP uuid to new uiSlot
001133.563|tickt|4|00|soWebTicketCertMove: Could not copy server to new uiSlot
001133.759|so   |*|00|System Info Reports:
001133.760|so   |*|00|  Cpu is ARMv6-compatible processor rev 7 (v6l), ID: 0x111700b0, running at 300MHz.
001133.760|so   |*|00|  Board is identified as PolycomVVX-VVX_300.
001133.760|so   |*|00|  DRAM_SIZE: 128 MB
001133.760|so   |*|00|  NAND flash detected is 20
001133.760|key  |*|00|Initial log entry. Current logging level 4
001133.790|httpd|*|00|Initial log entry. Current logging level 4
001133.791|poll |*|00|Initial log entry. Current logging level 4
001133.791|push |*|00|Initial log entry. Current logging level 4
001133.793|poll |*|00|Initial log entry. Current logging level 4
001133.793|poll |*|00|Initial log entry. Current logging level 4
001133.793|ht   |*|00|Initial log entry. Current logging level 4
001133.794|dbuf |*|00|Initial log entry. Current logging level 4
001133.796|ssps |*|00|sspsMain: Set HDI mem to be 0, was 0
001133.800|ssps |*|00|Application, comp. 1: Label=PolyDSP Vino BCM11193 Mem1 FS1, Version=8.4.1.2003 26-Nov-2014 14:26
001133.801|ssps |*|00|Application, comp. 1: P/N=3150-11580-841.
001133.801|ice  |*|00|Initial log entry. Current logging level 4
001133.802|pps  |*|00|Initial log entry. Current logging level 4
001133.802|sip  |*|00|Initial log entry. Current logging level 4
001133.803|sipt |*|00|Initial log entry. Current logging level 4
001133.803|sipp |*|00|Initial log entry. Current logging level 4
001133.805|ptt  |*|00|Initial log entry. Current logging level 4
001133.806|xmpp |*|00|Initial log entry. Current logging level 4
001133.807|btoe |*|00|Initial log entry. Current logging level 4
001133.809|btoe |5|00|PpsBtoeC::ppsProcMsg thread launched
001134.660|pwrsv|*|00|Initial log entry. Current logging level 4
001134.693|so   |*|00|Using TCP IP Media Port, configured initial RTP port 2222
001134.725|sshc |*|00|Initial log entry. Current logging level 4
001134.725|gbLoc|*|00|Initial log entry. Current logging level 4
001134.725|app1 |*|00|Initial log entry. Current logging level 4
001134.745|btoe |5|00|PpsBtoeC Callback is set
001134.782|app1 |*|00|AppPhoneC::AppPhoneC() Number Of Line Keys = 48
001134.782|app1 |*|00|AppPhoneC::AppPhoneC() - new AppRegLineC, szUser = 8720
001134.903|ldap |*|00|Initial log entry. Current logging level 4
001135.107|efk  |*|00|Initial log entry. Current logging level 4
001135.149|cmp  |*|00|Initial log entry. Current logging level 4
001135.150|wmgr |*|00|Initial log entry. Current logging level 4
001135.163|slog |*|00|Initial log entry. Current logging level 4
001135.208|so   |4|00|SoKeyC::procMsg unexpected message 4099
001135.253|so   |*|00|Network initialized. Starting network tasks.
001135.253|log  |*|00|Install file upload callback for 'so'

0421191101|pgui |*|00|Qt Mouse driver created.
0421191103|em   |*|00|Initial log entry. Current logging level 4
0421191103|osd  |*|00|Initial log entry. Current logging level 4
0421191103|dbs  |*|00|Initial log entry. Current logging level 4
0421191103|clist|*|00|Initial log entry. Current logging level 4
0421191103|clist|4|00|dbCfg::getServerDir:Unknown dbCfg type
0421191103|clist|4|00|dbCfg::getServerDir:Unknown dbCfg type
0421191103|clist|4|00|dbCfg::getServerDir:Unknown dbCfg type
0421191103|clist|4|00|dbCfg::getServerDir:Unknown dbCfg type
0421191105|clist|4|00|dbXML::createEntry:name=<bb> func=<0x1afd08><0x1afcb8>- invalid or already exist
0421191109|brow |*|00|Initial log entry. Current logging level 4
0421191110|app1 |5|00|[AppHybridC]: APP IS COMPLETELY INTIALIZED.
0421191110|sip  |*|00|Sip Register Usr:8720 Dsp:8720 Auth:'8720' Inx:0
0421191110|app1 |4|00|Corporate directory instance does not exists.
0421191110|clist|4|00|dbCfg::getServerDir:Unknown dbCfg type
0421191110|clist|4|00|dbCfg::getServerDir:Unknown dbCfg type
0421191110|moh  |*|00|Initial log entry. Current logging level 4
0421191110|moh  |4|00|SoNcasMohC::soNcasmohCfgInit: File provisioning for Moh is defined only for Lync Profile adn if Moh feature is enabled
