000001.548|so   |*|01|---------- Initial log entry ----------
000001.548|so   |*|01|+++ Note that Updater log times are in GMT +++
000001.548|boot |*|01|Initial log entry. Current logging level 3
000001.548|copy |*|01|Initial log entry. Current logging level 3
000001.548|utilm|*|01|Initial log entry. Current logging level 4
000001.548|hw   |*|01|Initial log entry. Current logging level 4
000001.548|ethf |*|01|Initial log entry. Current logging level 4
000001.548|dns  |*|01|Initial log entry. Current logging level 3
000001.548|curl |*|01|Initial log entry. Current logging level 3
000001.548|sec  |*|01|Initial log entry. Current logging level 4
000001.849|utilm|4|01|utilUtcGet: Couldn't open file /ffs0/time.utc for reading
000001.864|wdog |*|01|Initial log entry. Current logging level 4
000001.864|lldp |*|01|Initial log entry. Current logging level 3
000001.864|cdp  |*|01|Initial log entry. Current logging level 3
000001.864|key  |*|01|Initial log entry. Current logging level 4
000001.864|so   |3|01|Platform: Model=SoundStation IP 7000, Assembly=3111-40000-001 Rev=J Region=
000001.864|so   |3|01|Platform: Board=3111-40000-001 1 0
000001.864|so   |3|01|Platform: MAC=0004f2eb67a6
000001.865|so   |3|01|Platform: BootBlock=3.0.2.0024 (40000-001) 30-Nov-10 15:04
000001.865|so   |*|01|Platform: BootL1=Standalone.0002 15-Jan-07 15:05:00
000001.865|so   |3|01|Application, main: Label=Updater, Version=Azurite 5.0.5.2324 09-Dec-13 14:37
000001.865|so   |3|01|Application, main: P/N=YYYY-YYYYY-YYY
000001.865|log  |*|01|Install file upload callback for 'Updater'

000001.865|app1 |*|01|Initial log entry. Current logging level 3
000001.870|cfg  |*|01|Initial log entry. Current logging level 2
000001.870|app1 |3|01|Application image is not present.
000001.871|dot1x|*|01|Initial log entry. Current logging level 3
000002.797|tls  |*|01|Initial log entry. Current logging level 4
000002.849|so   |3|01|Link status is Net up Speed 100 full Duplex.
000011.940|lldp |3|01|LLDP did not receive a response from a switch. Disabling LLDP.
000016.941|cdp  |3|01|CDP did not receive a response from a switch. Disabling CDP.
000019.107|dns  |*|01|DNS resolver servers are '8.8.8.8' '0.0.0.0'
000019.107|dns  |*|01|DNS resolver search domain is 'hsd1.ca.comcast.net'
000019.161|dns  |3|01|DNS lookup for (A) 'p.voxter.com'(74.114.208.40,74.114.208.41) TTL=3599
000019.161|app1 |4|01|Could not load time from  (0.0.0.0).
000019.161|app1 |3|01|DHCP returned result 0x287 from server 10.0.1.5.
000019.161|app1 |3|01|   Phone IP address is 10.0.1.100.
000019.161|app1 |3|01|   Subnet mask is 255.255.255.0.
000019.161|app1 |3|01|   Gateway address is 10.0.1.1.
000019.161|app1 |3|01|   DNS server is 8.8.8.8.
000019.161|app1 |3|01|   DNS domain is hsd1.ca.comcast.net.
000019.772|copy |3|01|'http://PlcmSpIp:****@p.voxter.com/3111-40000-001.updater.ld' from 'p.voxter.com(74.114.208.40)'
000020.266|cfg  |*|01|Prov|Starting to update 3111-40000-001.updater.ld
000020.270|cfg  |3|01|Image 3111-40000-001.updater.ld has not changed
000020.271|copy |3|01|buffered_write: transfer Terminated on entry. Return 0
000020.271|copy |3|01|Download of '3111-40000-001.updater.ld' succeeded on attempt 1 (addr 1 of 2)
000020.274|copy |3|01|'http://PlcmSpIp:****@p.voxter.com/0004f2eb67a6.cfg' from 'p.voxter.com(74.114.208.40)'
000020.826|copy |3|01|Download of '0004f2eb67a6.cfg' succeeded on attempt 1 (addr 1 of 2)
000020.839|cfg  |5|01|Prov|Cannot remove file /ffs0/init.mac.
000020.848|cfg  |*|01|Prov|Starting to update 3111-40000-001.sip.ld
000020.853|copy |3|01|'http://PlcmSpIp:****@p.voxter.com/3111-40000-001.sip.ld' from 'p.voxter.com(74.114.208.40)'
000021.381|cfg  |3|01|New load header information:
000021.381|cfg  |3|01|Code length:         0x00B41764
000021.381|cfg  |3|01|Code Checksum:       0x59B48B65
000021.381|cfg  |3|01|Options:             0x00000102
000021.382|cfg  |3|01|Could not open application file for checking
000021.382|cfg  |3|01|Recognized application
000021.507|cfg  |*|01|Prov|Updating the Application
000021.507|cfg  |3|01|Using compatible image 0
000228.816|copy |3|01|Download of '3111-40000-001.sip.ld' succeeded on attempt 1 (addr 1 of 2)
000229.131|sig  |*|01|Initial log entry. Current logging level 3
000229.131|sig  |3|01|hwSigParseRemove: found key Sig_3.
000229.318|cfg  |3|01|Good image signature
000229.464|cfg  |3|01|Programming 11803028 bytes into tffs in 4K blocks
000348.775|cfg  |*|01|Prov|Succeeded updating file 3111-40000-001.sip.ld
000348.819|cfg  |*|01|Prov|Image has been changed
000348.824|cfg  |3|01|Prov|Provisioning succeeded
000348.829|app1 |3|01|Application, load: Type=SIP, Version=4.0.6.0711 26-Feb-14 07:40
000348.829|cfg  |*|01|Prov|Finished updating configuration
000348.830|boot |*|01|Using TFFS for flash load
000348.830|boot |*|01|Code length:         0x00B41764
000348.830|boot |*|01|Code checksum:       0x59B48B65
000404.279|app1 |4|01|Loaded application sip.ld from local system successfully.
000404.280|app1 |6|01|Uploading boot log, time is Mon Jan  1 00:04:02 2007

000404.531|copy |3|01|'http://PlcmSpIp:****@p.voxter.com/logs/0004f2eb67a6-boot.log' to 'p.voxter.com(74.114.208.40)'
000404.836|copy |3|01|Curl attempted to write at an unexpected time
000404.837|copy |3|01|Upload of 'logs/0004f2eb67a6-boot.log' succeeded on attempt 1 (addr 1 of 2)
000404.941|cfg  |3|01|Prov|Shutting down
000001.592|so   |*|01|---------- Initial log entry ----------
000001.592|so   |*|01|+++ Note that Updater log times are in GMT +++
000001.592|boot |*|01|Initial log entry. Current logging level 3
000001.592|copy |*|01|Initial log entry. Current logging level 3
000001.592|utilm|*|01|Initial log entry. Current logging level 4
000001.592|hw   |*|01|Initial log entry. Current logging level 4
000001.592|ethf |*|01|Initial log entry. Current logging level 4
000001.592|dns  |*|01|Initial log entry. Current logging level 3
000001.592|curl |*|01|Initial log entry. Current logging level 3
000001.592|sec  |*|01|Initial log entry. Current logging level 4
000001.904|wdog |*|01|Initial log entry. Current logging level 4
000001.904|lldp |*|01|Initial log entry. Current logging level 3
000001.904|cdp  |*|01|Initial log entry. Current logging level 3
000001.904|key  |*|01|Initial log entry. Current logging level 4
000001.904|so   |3|01|Platform: Model=SoundStation IP 7000, Assembly=3111-40000-001 Rev=J Region=
000001.904|so   |3|01|Platform: Board=3111-40000-001 1 0
000001.905|so   |3|01|Platform: MAC=0004f2eb67a6
000001.905|so   |3|01|Platform: BootBlock=3.0.2.0024 (40000-001) 30-Nov-10 15:04
000001.905|so   |*|01|Platform: BootL1=Standalone.0002 15-Jan-07 15:05:00
000001.905|so   |3|01|Application, main: Label=Updater, Version=Azurite 5.0.5.2324 09-Dec-13 14:37
000001.905|so   |3|01|Application, main: P/N=YYYY-YYYYY-YYY
000001.905|log  |*|01|Install file upload callback for 'Updater'

000001.905|app1 |*|01|Initial log entry. Current logging level 3
000001.909|cfg  |*|01|Initial log entry. Current logging level 2
000001.914|app1 |3|01|Application, load: Type=SIP, Version=4.0.6.0711 26-Feb-14 07:40
000001.915|boot |*|01|Using TFFS for flash load
000001.915|boot |*|01|Code length:         0x00B41764
000001.915|boot |*|01|Code checksum:       0x59B48B65
000002.888|so   |3|01|Link status is Net up Speed 100 full Duplex.
000017.564|app1 |4|01|Loaded application sip.ld from local system successfully.
000001.591|so   |*|01|---------- Initial log entry ----------
000001.591|so   |*|01|+++ Note that Updater log times are in GMT +++
000001.591|boot |*|01|Initial log entry. Current logging level 3
000001.591|copy |*|01|Initial log entry. Current logging level 3
000001.591|utilm|*|01|Initial log entry. Current logging level 4
000001.591|hw   |*|01|Initial log entry. Current logging level 4
000001.591|ethf |*|01|Initial log entry. Current logging level 4
000001.591|dns  |*|01|Initial log entry. Current logging level 3
000001.591|curl |*|01|Initial log entry. Current logging level 3
000001.591|sec  |*|01|Initial log entry. Current logging level 4
000001.903|wdog |*|01|Initial log entry. Current logging level 4
000001.903|lldp |*|01|Initial log entry. Current logging level 3
000001.903|cdp  |*|01|Initial log entry. Current logging level 3
000001.903|key  |*|01|Initial log entry. Current logging level 4
000001.903|so   |3|01|Platform: Model=SoundStation IP 7000, Assembly=3111-40000-001 Rev=J Region=
000001.903|so   |3|01|Platform: Board=3111-40000-001 1 0
000001.903|so   |3|01|Platform: MAC=0004f2eb67a6
000001.904|so   |3|01|Platform: BootBlock=3.0.2.0024 (40000-001) 30-Nov-10 15:04
000001.904|so   |*|01|Platform: BootL1=Standalone.0002 15-Jan-07 15:05:00
000001.904|so   |3|01|Application, main: Label=Updater, Version=Azurite 5.0.5.2324 09-Dec-13 14:37
000001.904|so   |3|01|Application, main: P/N=YYYY-YYYYY-YYY
000001.904|log  |*|01|Install file upload callback for 'Updater'

000001.904|app1 |*|01|Initial log entry. Current logging level 3
000001.908|cfg  |*|01|Initial log entry. Current logging level 2
000001.913|app1 |3|01|Application, load: Type=SIP, Version=4.0.6.0711 26-Feb-14 07:40
000001.914|boot |*|01|Using TFFS for flash load
000001.914|boot |*|01|Code length:         0x00B41764
000001.914|boot |*|01|Code checksum:       0x59B48B65
000002.887|so   |3|01|Link status is Net up Speed 100 full Duplex.
000017.563|app1 |4|01|Loaded application sip.ld from local system successfully.
000001.592|so   |*|01|---------- Initial log entry ----------
000001.592|so   |*|01|+++ Note that Updater log times are in GMT +++
000001.592|boot |*|01|Initial log entry. Current logging level 3
000001.592|copy |*|01|Initial log entry. Current logging level 3
000001.592|utilm|*|01|Initial log entry. Current logging level 4
000001.592|hw   |*|01|Initial log entry. Current logging level 4
000001.592|ethf |*|01|Initial log entry. Current logging level 4
000001.592|dns  |*|01|Initial log entry. Current logging level 3
000001.592|curl |*|01|Initial log entry. Current logging level 3
000001.592|sec  |*|01|Initial log entry. Current logging level 4
000001.904|wdog |*|01|Initial log entry. Current logging level 4
000001.904|lldp |*|01|Initial log entry. Current logging level 3
000001.904|cdp  |*|01|Initial log entry. Current logging level 3
000001.904|key  |*|01|Initial log entry. Current logging level 4
000001.904|so   |3|01|Platform: Model=SoundStation IP 7000, Assembly=3111-40000-001 Rev=J Region=
000001.904|so   |3|01|Platform: Board=3111-40000-001 1 0
000001.905|so   |3|01|Platform: MAC=0004f2eb67a6
000001.905|so   |3|01|Platform: BootBlock=3.0.2.0024 (40000-001) 30-Nov-10 15:04
000001.905|so   |*|01|Platform: BootL1=Standalone.0002 15-Jan-07 15:05:00
000001.905|so   |3|01|Application, main: Label=Updater, Version=Azurite 5.0.5.2324 09-Dec-13 14:37
000001.905|so   |3|01|Application, main: P/N=YYYY-YYYYY-YYY
000001.905|log  |*|01|Install file upload callback for 'Updater'

000001.905|app1 |*|01|Initial log entry. Current logging level 3
000001.909|cfg  |*|01|Initial log entry. Current logging level 2
000001.914|app1 |3|01|Application, load: Type=SIP, Version=4.0.6.0711 26-Feb-14 07:40
000001.915|boot |*|01|Using TFFS for flash load
000001.915|boot |*|01|Code length:         0x00B41764
000001.915|boot |*|01|Code checksum:       0x59B48B65
000002.888|so   |3|01|Link status is Net up Speed 100 full Duplex.
000018.375|app1 |4|01|Loaded application sip.ld from local system successfully.
000001.592|so   |*|01|---------- Initial log entry ----------
000001.592|so   |*|01|+++ Note that Updater log times are in GMT +++
000001.592|boot |*|01|Initial log entry. Current logging level 3
000001.592|copy |*|01|Initial log entry. Current logging level 3
000001.592|utilm|*|01|Initial log entry. Current logging level 4
000001.592|hw   |*|01|Initial log entry. Current logging level 4
000001.592|ethf |*|01|Initial log entry. Current logging level 4
000001.592|dns  |*|01|Initial log entry. Current logging level 3
000001.592|curl |*|01|Initial log entry. Current logging level 3
000001.592|sec  |*|01|Initial log entry. Current logging level 4
000001.904|wdog |*|01|Initial log entry. Current logging level 4
000001.904|lldp |*|01|Initial log entry. Current logging level 3
000001.904|cdp  |*|01|Initial log entry. Current logging level 3
000001.904|key  |*|01|Initial log entry. Current logging level 4
000001.904|so   |3|01|Platform: Model=SoundStation IP 7000, Assembly=3111-40000-001 Rev=J Region=
000001.904|so   |3|01|Platform: Board=3111-40000-001 1 0
000001.904|so   |3|01|Platform: MAC=0004f2eb67a6
000001.905|so   |3|01|Platform: BootBlock=3.0.2.0024 (40000-001) 30-Nov-10 15:04
000001.905|so   |*|01|Platform: BootL1=Standalone.0002 15-Jan-07 15:05:00
000001.905|so   |3|01|Application, main: Label=Updater, Version=Azurite 5.0.5.2324 09-Dec-13 14:37
000001.905|so   |3|01|Application, main: P/N=YYYY-YYYYY-YYY
000001.905|log  |*|01|Install file upload callback for 'Updater'

000001.905|app1 |*|01|Initial log entry. Current logging level 3
000001.909|cfg  |*|01|Initial log entry. Current logging level 2
000001.914|app1 |3|01|Application, load: Type=SIP, Version=4.0.6.0711 26-Feb-14 07:40
000001.915|boot |*|01|Using TFFS for flash load
000001.915|boot |*|01|Code length:         0x00B41764
000001.915|boot |*|01|Code checksum:       0x59B48B65
000002.888|so   |3|01|Link status is Net up Speed 100 full Duplex.
000017.564|app1 |4|01|Loaded application sip.ld from local system successfully.
000003.058|so   |*|01|---------- Initial log entry ----------
000003.058|so   |*|01|+++ Note that Updater log times are in GMT +++
000003.058|boot |*|01|Initial log entry. Current logging level 3
000003.058|copy |*|01|Initial log entry. Current logging level 3
000003.058|utilm|*|01|Initial log entry. Current logging level 4
000003.058|hw   |*|01|Initial log entry. Current logging level 4
000003.058|ethf |*|01|Initial log entry. Current logging level 4
000003.058|dns  |*|01|Initial log entry. Current logging level 3
000003.058|curl |*|01|Initial log entry. Current logging level 3
000003.058|sec  |*|01|Initial log entry. Current logging level 4
000003.370|wdog |*|01|Initial log entry. Current logging level 4
000003.370|lldp |*|01|Initial log entry. Current logging level 3
000003.370|cdp  |*|01|Initial log entry. Current logging level 3
000003.370|key  |*|01|Initial log entry. Current logging level 4
000003.370|so   |3|01|Platform: Model=SoundStation IP 7000, Assembly=3111-40000-001 Rev=J Region=
000003.370|so   |3|01|Platform: Board=3111-40000-001 1 0
000003.370|so   |3|01|Platform: MAC=0004f2eb67a6
000003.371|so   |3|01|Platform: BootBlock=3.0.2.0024 (40000-001) 30-Nov-10 15:04
000003.371|so   |*|01|Platform: BootL1=Standalone.0002 15-Jan-07 15:05:00
000003.371|so   |3|01|Application, main: Label=Updater, Version=Azurite 5.0.5.2324 09-Dec-13 14:37
000003.371|so   |3|01|Application, main: P/N=YYYY-YYYYY-YYY
000003.371|log  |*|01|Install file upload callback for 'Updater'

000003.371|app1 |*|01|Initial log entry. Current logging level 3
000003.375|cfg  |*|01|Initial log entry. Current logging level 2
000003.376|dot1x|*|01|Initial log entry. Current logging level 3
000004.354|so   |3|01|Link status is Net up Speed 100 full Duplex.
000005.670|tls  |*|01|Initial log entry. Current logging level 4
000014.816|lldp |3|01|LLDP did not receive a response from a switch. Disabling LLDP.
000019.817|cdp  |3|01|CDP did not receive a response from a switch. Disabling CDP.
000024.014|dns  |*|01|DNS resolver servers are '192.168.10.4' '8.8.8.8'
000024.014|dns  |*|01|DNS resolver search domain is ''
000025.231|dns  |3|01|DNS lookup for (A) 'p.voxter.com'(74.114.208.40,74.114.208.41) TTL=21599
000025.232|app1 |4|01|Could not load time from  (0.0.0.0).
000025.232|app1 |3|01|DHCP returned result 0x187 from server 192.168.20.1.
000025.232|app1 |3|01|   Phone IP address is 192.168.20.196.
000025.232|app1 |3|01|   Subnet mask is 255.255.255.0.
000025.232|app1 |3|01|   Gateway address is 192.168.20.1.
000025.232|app1 |3|01|   DNS server is 192.168.10.4.
000025.232|app1 |3|01|   DNS alternate server is 8.8.8.8.
000025.394|copy |3|01|'http://PlcmSpIp:****@p.voxter.com/3111-40000-001.updater.ld' from 'p.voxter.com(74.114.208.40)'
000025.842|cfg  |*|01|Prov|Starting to update 3111-40000-001.updater.ld
000025.847|cfg  |3|01|Image 3111-40000-001.updater.ld has not changed
000025.847|copy |3|01|buffered_write: transfer Terminated on entry. Return 0
000025.848|copy |3|01|Download of '3111-40000-001.updater.ld' succeeded on attempt 1 (addr 1 of 2)
000025.856|copy |3|01|'http://PlcmSpIp:****@p.voxter.com/0004f2eb67a6.cfg' from 'p.voxter.com(74.114.208.40)'
000026.211|copy |3|01|Download of '0004f2eb67a6.cfg' succeeded on attempt 1 (addr 1 of 2)
000026.296|cfg  |*|01|Prov|Starting to update 3111-40000-001.sip.ld
000026.301|copy |3|01|'http://PlcmSpIp:****@p.voxter.com/3111-40000-001.sip.ld' from 'p.voxter.com(74.114.208.40)'
000026.689|cfg  |3|01|Image 3111-40000-001.sip.ld has not changed
000026.689|copy |3|01|buffered_write: transfer Terminated on entry. Return 0
000026.690|copy |3|01|Download of '3111-40000-001.sip.ld' succeeded on attempt 1 (addr 1 of 2)
000026.691|cfg  |3|01|Prov|Provisioning succeeded
000026.701|app1 |3|01|Application, load: Type=SIP, Version=4.0.6.0711 26-Feb-14 07:40
000026.701|cfg  |*|01|Prov|Finished updating configuration
000026.704|boot |*|01|Using TFFS for flash load
000026.704|boot |*|01|Code length:         0x00B41764
000026.704|boot |*|01|Code checksum:       0x59B48B65
000041.947|app1 |4|01|Loaded application sip.ld from local system successfully.
000041.948|app1 |6|01|Uploading boot log, time is Sat May 17 07:53:15 2014

000042.199|copy |3|01|'http://PlcmSpIp:****@p.voxter.com/logs/0004f2eb67a6-boot.log' to 'p.voxter.com(74.114.208.40)'
000042.439|copy |3|01|Curl attempted to write at an unexpected time
000042.439|copy |3|01|Upload of 'logs/0004f2eb67a6-boot.log' succeeded on attempt 1 (addr 1 of 2)
000042.546|cfg  |3|01|Prov|Shutting down
000001.593|so   |*|01|---------- Initial log entry ----------
000001.593|so   |*|01|+++ Note that Updater log times are in GMT +++
000001.593|boot |*|01|Initial log entry. Current logging level 3
000001.593|copy |*|01|Initial log entry. Current logging level 3
000001.593|utilm|*|01|Initial log entry. Current logging level 4
000001.593|hw   |*|01|Initial log entry. Current logging level 4
000001.593|ethf |*|01|Initial log entry. Current logging level 4
000001.593|dns  |*|01|Initial log entry. Current logging level 3
000001.593|curl |*|01|Initial log entry. Current logging level 3
000001.593|sec  |*|01|Initial log entry. Current logging level 4
000001.905|wdog |*|01|Initial log entry. Current logging level 4
000001.905|lldp |*|01|Initial log entry. Current logging level 3
000001.905|cdp  |*|01|Initial log entry. Current logging level 3
000001.905|key  |*|01|Initial log entry. Current logging level 4
000001.905|so   |3|01|Platform: Model=SoundStation IP 7000, Assembly=3111-40000-001 Rev=J Region=
000001.905|so   |3|01|Platform: Board=3111-40000-001 1 0
000001.905|so   |3|01|Platform: MAC=0004f2eb67a6
000001.906|so   |3|01|Platform: BootBlock=3.0.2.0024 (40000-001) 30-Nov-10 15:04
000001.906|so   |*|01|Platform: BootL1=Standalone.0002 15-Jan-07 15:05:00
000001.906|so   |3|01|Application, main: Label=Updater, Version=Azurite 5.0.5.2324 09-Dec-13 14:37
000001.906|so   |3|01|Application, main: P/N=YYYY-YYYYY-YYY
000001.906|log  |*|01|Install file upload callback for 'Updater'

000001.906|app1 |*|01|Initial log entry. Current logging level 3
000001.910|cfg  |*|01|Initial log entry. Current logging level 2
000001.915|app1 |3|01|Application, load: Type=SIP, Version=4.0.6.0711 26-Feb-14 07:40
000001.916|boot |*|01|Using TFFS for flash load
000001.916|boot |*|01|Code length:         0x00B41764
000001.916|boot |*|01|Code checksum:       0x59B48B65
000002.889|so   |3|01|Link status is Net up Speed 100 full Duplex.
000017.565|app1 |4|01|Loaded application sip.ld from local system successfully.
000003.027|so   |*|01|---------- Initial log entry ----------
000003.027|so   |*|01|+++ Note that Updater log times are in GMT +++
000003.027|boot |*|01|Initial log entry. Current logging level 3
000003.027|copy |*|01|Initial log entry. Current logging level 3
000003.027|utilm|*|01|Initial log entry. Current logging level 4
000003.027|hw   |*|01|Initial log entry. Current logging level 4
000003.027|ethf |*|01|Initial log entry. Current logging level 4
000003.027|dns  |*|01|Initial log entry. Current logging level 3
000003.027|curl |*|01|Initial log entry. Current logging level 3
000003.027|sec  |*|01|Initial log entry. Current logging level 4
000003.339|wdog |*|01|Initial log entry. Current logging level 4
000003.339|lldp |*|01|Initial log entry. Current logging level 3
000003.339|cdp  |*|01|Initial log entry. Current logging level 3
000003.339|key  |*|01|Initial log entry. Current logging level 4
000003.339|so   |3|01|Platform: Model=SoundStation IP 7000, Assembly=3111-40000-001 Rev=J Region=
000003.339|so   |3|01|Platform: Board=3111-40000-001 1 0
000003.339|so   |3|01|Platform: MAC=0004f2eb67a6
000003.340|so   |3|01|Platform: BootBlock=3.0.2.0024 (40000-001) 30-Nov-10 15:04
000003.340|so   |*|01|Platform: BootL1=Standalone.0002 15-Jan-07 15:05:00
000003.340|so   |3|01|Application, main: Label=Updater, Version=Azurite 5.0.5.2324 09-Dec-13 14:37
000003.340|so   |3|01|Application, main: P/N=YYYY-YYYYY-YYY
000003.340|log  |*|01|Install file upload callback for 'Updater'

000003.340|app1 |*|01|Initial log entry. Current logging level 3
000003.344|cfg  |*|01|Initial log entry. Current logging level 2
000003.345|dot1x|*|01|Initial log entry. Current logging level 3
000004.323|so   |3|01|Link status is Net up Speed 100 full Duplex.
000010.642|tls  |*|01|Initial log entry. Current logging level 4
000019.786|lldp |3|01|LLDP did not receive a response from a switch. Disabling LLDP.
000024.787|cdp  |3|01|CDP did not receive a response from a switch. Disabling CDP.
000028.981|dns  |*|01|DNS resolver servers are '192.168.10.4' '8.8.8.8'
000028.981|dns  |*|01|DNS resolver search domain is ''
000030.197|dns  |3|01|DNS lookup for (A) 'p.voxter.com'(74.114.208.40,74.114.208.41) TTL=21599
000030.198|app1 |4|01|Could not load time from  (0.0.0.0).
000030.198|app1 |3|01|DHCP returned result 0x187 from server 192.168.20.1.
000030.198|app1 |3|01|   Phone IP address is 192.168.20.196.
000030.198|app1 |3|01|   Subnet mask is 255.255.255.0.
000030.198|app1 |3|01|   Gateway address is 192.168.20.1.
000030.198|app1 |3|01|   DNS server is 192.168.10.4.
000030.198|app1 |3|01|   DNS alternate server is 8.8.8.8.
000030.363|copy |3|01|'http://PlcmSpIp:****@p.voxter.com/3111-40000-001.updater.ld' from 'p.voxter.com(74.114.208.40)'
000030.876|cfg  |*|01|Prov|Starting to update 3111-40000-001.updater.ld
000030.880|cfg  |3|01|Image 3111-40000-001.updater.ld has not changed
000030.882|copy |3|01|buffered_write: transfer Terminated on entry. Return 0
000030.882|copy |3|01|Download of '3111-40000-001.updater.ld' succeeded on attempt 1 (addr 1 of 2)
000030.889|copy |3|01|'http://PlcmSpIp:****@p.voxter.com/0004f2eb67a6.cfg' from 'p.voxter.com(74.114.208.40)'
000031.226|copy |3|01|Download of '0004f2eb67a6.cfg' succeeded on attempt 1 (addr 1 of 2)
000031.345|cfg  |*|01|Prov|Starting to update 3111-40000-001.sip.ld
000031.349|copy |3|01|'http://PlcmSpIp:****@p.voxter.com/3111-40000-001.sip.ld' from 'p.voxter.com(74.114.208.40)'
000031.683|cfg  |3|01|Image 3111-40000-001.sip.ld has not changed
000031.684|copy |3|01|buffered_write: transfer Terminated on entry. Return 0
000031.684|copy |3|01|Download of '3111-40000-001.sip.ld' succeeded on attempt 1 (addr 1 of 2)
000031.686|cfg  |3|01|Prov|Provisioning succeeded
000031.693|app1 |3|01|Application, load: Type=SIP, Version=4.0.6.0711 26-Feb-14 07:40
000031.693|cfg  |*|01|Prov|Finished updating configuration
000031.694|boot |*|01|Using TFFS for flash load
000031.694|boot |*|01|Code length:         0x00B41764
000031.695|boot |*|01|Code checksum:       0x59B48B65
000046.939|app1 |4|01|Loaded application sip.ld from local system successfully.
000046.940|app1 |6|01|Uploading boot log, time is Sun Aug 10 15:35:40 2014

000047.191|copy |3|01|'http://PlcmSpIp:****@p.voxter.com/logs/0004f2eb67a6-boot.log' to 'p.voxter.com(74.114.208.40)'
000047.416|copy |3|01|Upload of 'logs/0004f2eb67a6-boot.log' succeeded on attempt 1 (addr 1 of 2)
000047.523|cfg  |3|01|Prov|Shutting down
000001.593|so   |*|01|---------- Initial log entry ----------
000001.593|so   |*|01|+++ Note that Updater log times are in GMT +++
000001.593|boot |*|01|Initial log entry. Current logging level 3
000001.593|copy |*|01|Initial log entry. Current logging level 3
000001.593|utilm|*|01|Initial log entry. Current logging level 4
000001.593|hw   |*|01|Initial log entry. Current logging level 4
000001.593|ethf |*|01|Initial log entry. Current logging level 4
000001.593|dns  |*|01|Initial log entry. Current logging level 3
000001.593|curl |*|01|Initial log entry. Current logging level 3
000001.593|sec  |*|01|Initial log entry. Current logging level 4
000001.905|wdog |*|01|Initial log entry. Current logging level 4
000001.905|lldp |*|01|Initial log entry. Current logging level 3
000001.905|cdp  |*|01|Initial log entry. Current logging level 3
000001.905|key  |*|01|Initial log entry. Current logging level 4
000001.905|so   |3|01|Platform: Model=SoundStation IP 7000, Assembly=3111-40000-001 Rev=J Region=
000001.905|so   |3|01|Platform: Board=3111-40000-001 1 0
000001.906|so   |3|01|Platform: MAC=0004f2eb67a6
000001.906|so   |3|01|Platform: BootBlock=3.0.2.0024 (40000-001) 30-Nov-10 15:04
000001.906|so   |*|01|Platform: BootL1=Standalone.0002 15-Jan-07 15:05:00
000001.906|so   |3|01|Application, main: Label=Updater, Version=Azurite 5.0.5.2324 09-Dec-13 14:37
000001.906|so   |3|01|Application, main: P/N=YYYY-YYYYY-YYY
000001.906|log  |*|01|Install file upload callback for 'Updater'

000001.906|app1 |*|01|Initial log entry. Current logging level 3
000001.910|cfg  |*|01|Initial log entry. Current logging level 2
000001.920|app1 |3|01|Application, load: Type=SIP, Version=4.0.6.0711 26-Feb-14 07:40
000001.921|boot |*|01|Using TFFS for flash load
000001.921|boot |*|01|Code length:         0x00B41764
000001.921|boot |*|01|Code checksum:       0x59B48B65
000002.889|so   |3|01|Link status is Net up Speed 100 full Duplex.
000017.565|app1 |4|01|Loaded application sip.ld from local system successfully.
000001.593|so   |*|01|---------- Initial log entry ----------
000001.593|so   |*|01|+++ Note that Updater log times are in GMT +++
000001.593|boot |*|01|Initial log entry. Current logging level 3
000001.593|copy |*|01|Initial log entry. Current logging level 3
000001.593|utilm|*|01|Initial log entry. Current logging level 4
000001.593|hw   |*|01|Initial log entry. Current logging level 4
000001.593|ethf |*|01|Initial log entry. Current logging level 4
000001.593|dns  |*|01|Initial log entry. Current logging level 3
000001.593|curl |*|01|Initial log entry. Current logging level 3
000001.593|sec  |*|01|Initial log entry. Current logging level 4
000001.905|wdog |*|01|Initial log entry. Current logging level 4
000001.905|lldp |*|01|Initial log entry. Current logging level 3
000001.905|cdp  |*|01|Initial log entry. Current logging level 3
000001.905|key  |*|01|Initial log entry. Current logging level 4
000001.905|so   |3|01|Platform: Model=SoundStation IP 7000, Assembly=3111-40000-001 Rev=J Region=
000001.905|so   |3|01|Platform: Board=3111-40000-001 1 0
000001.906|so   |3|01|Platform: MAC=0004f2eb67a6
000001.906|so   |3|01|Platform: BootBlock=3.0.2.0024 (40000-001) 30-Nov-10 15:04
000001.906|so   |*|01|Platform: BootL1=Standalone.0002 15-Jan-07 15:05:00
000001.906|so   |3|01|Application, main: Label=Updater, Version=Azurite 5.0.5.2324 09-Dec-13 14:37
000001.906|so   |3|01|Application, main: P/N=YYYY-YYYYY-YYY
000001.906|log  |*|01|Install file upload callback for 'Updater'

000001.906|app1 |*|01|Initial log entry. Current logging level 3
000001.910|cfg  |*|01|Initial log entry. Current logging level 2
000001.911|dot1x|*|01|Initial log entry. Current logging level 3
000001.911|app1 |3|01|Starting provisioning because of the start type.
000002.887|tls  |*|01|Initial log entry. Current logging level 4
000004.055|ethf |4|01|utilEthFilterInit: VLAN Filter disabled, Storm Filter enabled
000004.889|so   |3|01|Link status is Net up Speed 100 full Duplex.
000013.160|lldp |3|01|LLDP did not receive a response from a switch. Disabling LLDP.
000018.161|cdp  |3|01|CDP did not receive a response from a switch. Disabling CDP.
000022.378|dns  |*|01|DNS resolver servers are '192.168.10.4' '8.8.8.8'
000022.378|dns  |*|01|DNS resolver search domain is ''
000023.585|dns  |3|01|DNS lookup for (A) 'p.voxter.com'(74.114.208.245) TTL=6918
000023.585|app1 |4|01|Could not load time from  (0.0.0.0).
000023.585|app1 |3|01|DHCP returned result 0x187 from server 192.168.20.1.
000023.585|app1 |3|01|   Phone IP address is 192.168.20.196.
000023.585|app1 |3|01|   Subnet mask is 255.255.255.0.
000023.585|app1 |3|01|   Gateway address is 192.168.20.1.
000023.585|app1 |3|01|   DNS server is 192.168.10.4.
000023.585|app1 |3|01|   DNS alternate server is 8.8.8.8.
000023.918|copy |3|01|'http://PlcmSpIp:****@p.voxter.com/3111-40000-001.updater.ld' from 'p.voxter.com(74.114.208.245)'
000024.272|cfg  |*|01|Prov|Starting to update 3111-40000-001.updater.ld
000024.278|cfg  |3|01|Image 3111-40000-001.updater.ld has not changed
000024.279|copy |3|01|buffered_write: transfer Terminated on entry. Return 0
000024.279|copy |3|01|Download of '3111-40000-001.updater.ld' succeeded on attempt 1 (addr 1 of 1)
000024.286|copy |3|01|'http://PlcmSpIp:****@p.voxter.com/0004f2eb67a6.cfg' from 'p.voxter.com(74.114.208.245)'
000026.208|copy |3|01|Download of '0004f2eb67a6.cfg' succeeded on attempt 1 (addr 1 of 1)
000026.336|cfg  |*|01|Prov|Starting to update 3111-40000-001.sip.ld
000026.342|copy |3|01|'http://PlcmSpIp:****@p.voxter.com/3111-40000-001.sip.ld' from 'p.voxter.com(74.114.208.245)'
000026.671|cfg  |3|01|New load header information:
000026.671|cfg  |3|01|Code length:         0x00B228B4
000026.671|cfg  |3|01|Code Checksum:       0x58BAE6F9
000026.671|cfg  |3|01|Options:             0x00000102
000026.671|cfg  |3|01|Application header is different
000026.671|cfg  |3|01|Recognized application
000026.796|cfg  |*|01|Prov|Updating the Application
000026.796|cfg  |3|01|Using compatible image 0
000116.730|copy |3|01|Download of '3111-40000-001.sip.ld' succeeded on attempt 1 (addr 1 of 1)
000117.046|sig  |*|01|Initial log entry. Current logging level 3
000117.046|sig  |3|01|hwSigParseRemove: found key Sig_3.
000117.231|cfg  |3|01|Good image signature
000117.405|cfg  |3|01|Programming 11676388 bytes into tffs in 4K blocks
000338.633|cfg  |*|01|Prov|Succeeded updating file 3111-40000-001.sip.ld
000338.725|cfg  |*|01|Prov|Image has been changed
000338.731|cfg  |3|01|Prov|Provisioning succeeded
000338.734|app1 |3|01|Application, load: Type=SIP, Version=4.0.7.2514 13-Jul-14 21:03
000338.734|cfg  |*|01|Prov|Finished updating configuration
000338.736|boot |*|01|Using TFFS for flash load
000338.736|boot |*|01|Code length:         0x00B228B4
000338.736|boot |*|01|Code checksum:       0x58BAE6F9
000353.784|app1 |4|01|Loaded application sip.ld from local system successfully.
000353.785|app1 |6|01|Uploading boot log, time is Fri Oct 17 09:00:23 2014

000354.036|copy |3|01|'http://PlcmSpIp:****@p.voxter.com/logs/0004f2eb67a6-boot.log' to 'p.voxter.com(74.114.208.245)'
000354.253|copy |3|01|Upload of 'logs/0004f2eb67a6-boot.log' succeeded on attempt 1 (addr 1 of 1)
000354.359|cfg  |3|01|Prov|Shutting down
000001.552|so   |*|01|---------- Initial log entry ----------
000001.552|so   |*|01|+++ Note that Updater log times are in GMT +++
000001.552|boot |*|01|Initial log entry. Current logging level 3
000001.552|copy |*|01|Initial log entry. Current logging level 3
000001.552|utilm|*|01|Initial log entry. Current logging level 4
000001.552|hw   |*|01|Initial log entry. Current logging level 4
000001.552|ethf |*|01|Initial log entry. Current logging level 4
000001.552|dns  |*|01|Initial log entry. Current logging level 3
000001.552|curl |*|01|Initial log entry. Current logging level 3
000001.552|sec  |*|01|Initial log entry. Current logging level 4
000001.864|wdog |*|01|Initial log entry. Current logging level 4
000001.864|lldp |*|01|Initial log entry. Current logging level 3
000001.864|cdp  |*|01|Initial log entry. Current logging level 3
000001.864|key  |*|01|Initial log entry. Current logging level 4
000001.864|so   |3|01|Platform: Model=SoundStation IP 7000, Assembly=3111-40000-001 Rev=J Region=
000001.864|so   |3|01|Platform: Board=3111-40000-001 1 0
000001.864|so   |3|01|Platform: MAC=0004f2eb67a6
000001.865|so   |3|01|Platform: BootBlock=3.0.2.0024 (40000-001) 30-Nov-10 15:04
000001.865|so   |*|01|Platform: BootL1=Standalone.0002 15-Jan-07 15:05:00
000001.865|so   |3|01|Application, main: Label=Updater, Version=Azurite 5.0.5.2324 09-Dec-13 14:37
000001.865|so   |3|01|Application, main: P/N=YYYY-YYYYY-YYY
000001.865|log  |*|01|Install file upload callback for 'Updater'

000001.865|app1 |*|01|Initial log entry. Current logging level 3
000001.869|cfg  |*|01|Initial log entry. Current logging level 2
000001.879|app1 |3|01|Application, load: Type=SIP, Version=4.0.7.2514 13-Jul-14 21:03
000001.880|boot |*|01|Using TFFS for flash load
000001.880|boot |*|01|Code length:         0x00B228B4
000001.880|boot |*|01|Code checksum:       0x58BAE6F9
000002.848|so   |3|01|Link status is Net up Speed 100 full Duplex.
000017.324|app1 |4|01|Loaded application sip.ld from local system successfully.
000001.552|so   |*|01|---------- Initial log entry ----------
000001.552|so   |*|01|+++ Note that Updater log times are in GMT +++
000001.552|boot |*|01|Initial log entry. Current logging level 3
000001.552|copy |*|01|Initial log entry. Current logging level 3
000001.552|utilm|*|01|Initial log entry. Current logging level 4
000001.552|hw   |*|01|Initial log entry. Current logging level 4
000001.552|ethf |*|01|Initial log entry. Current logging level 4
000001.552|dns  |*|01|Initial log entry. Current logging level 3
000001.552|curl |*|01|Initial log entry. Current logging level 3
000001.552|sec  |*|01|Initial log entry. Current logging level 4
000001.855|wdog |*|01|Initial log entry. Current logging level 4
000001.855|lldp |*|01|Initial log entry. Current logging level 3
000001.855|cdp  |*|01|Initial log entry. Current logging level 3
000001.855|key  |*|01|Initial log entry. Current logging level 4
000001.856|so   |3|01|Platform: Model=SoundStation IP 7000, Assembly=3111-40000-001 Rev=J Region=
000001.856|so   |3|01|Platform: Board=3111-40000-001 1 0
000001.856|so   |3|01|Platform: MAC=0004f2eb67a6
000001.857|so   |3|01|Platform: BootBlock=3.0.2.0024 (40000-001) 30-Nov-10 15:04
000001.857|so   |*|01|Platform: BootL1=Standalone.0002 15-Jan-07 15:05:00
000001.857|so   |3|01|Application, main: Label=Updater, Version=Azurite 5.0.5.2324 09-Dec-13 14:37
000001.857|so   |3|01|Application, main: P/N=YYYY-YYYYY-YYY
000001.857|log  |*|01|Install file upload callback for 'Updater'

000001.857|app1 |*|01|Initial log entry. Current logging level 3
000001.860|cfg  |*|01|Initial log entry. Current logging level 2
000001.870|app1 |3|01|Application, load: Type=SIP, Version=4.0.7.2514 13-Jul-14 21:03
000001.871|boot |*|01|Using TFFS for flash load
000001.871|boot |*|01|Code length:         0x00B228B4
000001.871|boot |*|01|Code checksum:       0x58BAE6F9
000002.848|so   |3|01|Link status is Net up Speed 100 full Duplex.
000017.314|app1 |4|01|Loaded application sip.ld from local system successfully.
000001.592|so   |*|01|---------- Initial log entry ----------
000001.592|so   |*|01|+++ Note that Updater log times are in GMT +++
000001.592|boot |*|01|Initial log entry. Current logging level 3
000001.592|copy |*|01|Initial log entry. Current logging level 3
000001.592|utilm|*|01|Initial log entry. Current logging level 4
000001.592|hw   |*|01|Initial log entry. Current logging level 4
000001.592|ethf |*|01|Initial log entry. Current logging level 4
000001.592|dns  |*|01|Initial log entry. Current logging level 3
000001.592|curl |*|01|Initial log entry. Current logging level 3
000001.592|sec  |*|01|Initial log entry. Current logging level 4
000001.904|wdog |*|01|Initial log entry. Current logging level 4
000001.904|lldp |*|01|Initial log entry. Current logging level 3
000001.904|cdp  |*|01|Initial log entry. Current logging level 3
000001.904|key  |*|01|Initial log entry. Current logging level 4
000001.904|so   |3|01|Platform: Model=SoundStation IP 7000, Assembly=3111-40000-001 Rev=J Region=
000001.904|so   |3|01|Platform: Board=3111-40000-001 1 0
000001.905|so   |3|01|Platform: MAC=0004f2eb67a6
000001.905|so   |3|01|Platform: BootBlock=3.0.2.0024 (40000-001) 30-Nov-10 15:04
000001.905|so   |*|01|Platform: BootL1=Standalone.0002 15-Jan-07 15:05:00
000001.905|so   |3|01|Application, main: Label=Updater, Version=Azurite 5.0.5.2324 09-Dec-13 14:37
000001.905|so   |3|01|Application, main: P/N=YYYY-YYYYY-YYY
000001.905|log  |*|01|Install file upload callback for 'Updater'

000001.905|app1 |*|01|Initial log entry. Current logging level 3
000001.909|cfg  |*|01|Initial log entry. Current logging level 2
000001.919|app1 |3|01|Application, load: Type=SIP, Version=4.0.7.2514 13-Jul-14 21:03
000001.920|boot |*|01|Using TFFS for flash load
000001.920|boot |*|01|Code length:         0x00B228B4
000001.920|boot |*|01|Code checksum:       0x58BAE6F9
000002.888|so   |3|01|Link status is Net up Speed 100 full Duplex.
000017.364|app1 |4|01|Loaded application sip.ld from local system successfully.
000001.592|so   |*|01|---------- Initial log entry ----------
000001.592|so   |*|01|+++ Note that Updater log times are in GMT +++
000001.592|boot |*|01|Initial log entry. Current logging level 3
000001.592|copy |*|01|Initial log entry. Current logging level 3
000001.592|utilm|*|01|Initial log entry. Current logging level 4
000001.592|hw   |*|01|Initial log entry. Current logging level 4
000001.592|ethf |*|01|Initial log entry. Current logging level 4
000001.592|dns  |*|01|Initial log entry. Current logging level 3
000001.592|curl |*|01|Initial log entry. Current logging level 3
000001.592|sec  |*|01|Initial log entry. Current logging level 4
000001.904|wdog |*|01|Initial log entry. Current logging level 4
000001.904|lldp |*|01|Initial log entry. Current logging level 3
000001.904|cdp  |*|01|Initial log entry. Current logging level 3
000001.904|key  |*|01|Initial log entry. Current logging level 4
000001.904|so   |3|01|Platform: Model=SoundStation IP 7000, Assembly=3111-40000-001 Rev=J Region=
000001.904|so   |3|01|Platform: Board=3111-40000-001 1 0
000001.905|so   |3|01|Platform: MAC=0004f2eb67a6
000001.905|so   |3|01|Platform: BootBlock=3.0.2.0024 (40000-001) 30-Nov-10 15:04
000001.905|so   |*|01|Platform: BootL1=Standalone.0002 15-Jan-07 15:05:00
000001.905|so   |3|01|Application, main: Label=Updater, Version=Azurite 5.0.5.2324 09-Dec-13 14:37
000001.905|so   |3|01|Application, main: P/N=YYYY-YYYYY-YYY
000001.905|log  |*|01|Install file upload callback for 'Updater'

000001.905|app1 |*|01|Initial log entry. Current logging level 3
000001.909|cfg  |*|01|Initial log entry. Current logging level 2
000001.914|app1 |3|01|Application, load: Type=SIP, Version=4.0.7.2514 13-Jul-14 21:03
000001.915|boot |*|01|Using TFFS for flash load
000001.915|boot |*|01|Code length:         0x00B228B4
000001.915|boot |*|01|Code checksum:       0x58BAE6F9
000002.888|so   |3|01|Link status is Net up Speed 100 full Duplex.
000017.364|app1 |4|01|Loaded application sip.ld from local system successfully.
000001.592|so   |*|01|---------- Initial log entry ----------
000001.592|so   |*|01|+++ Note that Updater log times are in GMT +++
000001.592|boot |*|01|Initial log entry. Current logging level 3
000001.592|copy |*|01|Initial log entry. Current logging level 3
000001.592|utilm|*|01|Initial log entry. Current logging level 4
000001.592|hw   |*|01|Initial log entry. Current logging level 4
000001.592|ethf |*|01|Initial log entry. Current logging level 4
000001.592|dns  |*|01|Initial log entry. Current logging level 3
000001.592|curl |*|01|Initial log entry. Current logging level 3
000001.592|sec  |*|01|Initial log entry. Current logging level 4
000001.904|wdog |*|01|Initial log entry. Current logging level 4
000001.904|lldp |*|01|Initial log entry. Current logging level 3
000001.904|cdp  |*|01|Initial log entry. Current logging level 3
000001.904|key  |*|01|Initial log entry. Current logging level 4
000001.904|so   |3|01|Platform: Model=SoundStation IP 7000, Assembly=3111-40000-001 Rev=J Region=
000001.904|so   |3|01|Platform: Board=3111-40000-001 1 0
000001.904|so   |3|01|Platform: MAC=0004f2eb67a6
000001.905|so   |3|01|Platform: BootBlock=3.0.2.0024 (40000-001) 30-Nov-10 15:04
000001.905|so   |*|01|Platform: BootL1=Standalone.0002 15-Jan-07 15:05:00
000001.905|so   |3|01|Application, main: Label=Updater, Version=Azurite 5.0.5.2324 09-Dec-13 14:37
000001.905|so   |3|01|Application, main: P/N=YYYY-YYYYY-YYY
000001.905|log  |*|01|Install file upload callback for 'Updater'

000001.905|app1 |*|01|Initial log entry. Current logging level 3
000001.909|cfg  |*|01|Initial log entry. Current logging level 2
000001.914|app1 |3|01|Application, load: Type=SIP, Version=4.0.7.2514 13-Jul-14 21:03
000001.915|boot |*|01|Using TFFS for flash load
000001.915|boot |*|01|Code length:         0x00B228B4
000001.915|boot |*|01|Code checksum:       0x58BAE6F9
000002.888|so   |3|01|Link status is Net up Speed 100 full Duplex.
000017.364|app1 |4|01|Loaded application sip.ld from local system successfully.
000001.592|so   |*|01|---------- Initial log entry ----------
000001.592|so   |*|01|+++ Note that Updater log times are in GMT +++
000001.592|boot |*|01|Initial log entry. Current logging level 3
000001.592|copy |*|01|Initial log entry. Current logging level 3
000001.592|utilm|*|01|Initial log entry. Current logging level 4
000001.592|hw   |*|01|Initial log entry. Current logging level 4
000001.592|ethf |*|01|Initial log entry. Current logging level 4
000001.592|dns  |*|01|Initial log entry. Current logging level 3
000001.592|curl |*|01|Initial log entry. Current logging level 3
000001.592|sec  |*|01|Initial log entry. Current logging level 4
000001.904|wdog |*|01|Initial log entry. Current logging level 4
000001.904|lldp |*|01|Initial log entry. Current logging level 3
000001.904|cdp  |*|01|Initial log entry. Current logging level 3
000001.904|key  |*|01|Initial log entry. Current logging level 4
000001.904|so   |3|01|Platform: Model=SoundStation IP 7000, Assembly=3111-40000-001 Rev=J Region=
000001.904|so   |3|01|Platform: Board=3111-40000-001 1 0
000001.905|so   |3|01|Platform: MAC=0004f2eb67a6
000001.905|so   |3|01|Platform: BootBlock=3.0.2.0024 (40000-001) 30-Nov-10 15:04
000001.905|so   |*|01|Platform: BootL1=Standalone.0002 15-Jan-07 15:05:00
000001.905|so   |3|01|Application, main: Label=Updater, Version=Azurite 5.0.5.2324 09-Dec-13 14:37
000001.905|so   |3|01|Application, main: P/N=YYYY-YYYYY-YYY
000001.905|log  |*|01|Install file upload callback for 'Updater'

000001.905|app1 |*|01|Initial log entry. Current logging level 3
000001.909|cfg  |*|01|Initial log entry. Current logging level 2
000001.910|dot1x|*|01|Initial log entry. Current logging level 3
000001.910|app1 |3|01|Starting provisioning because of the start type.
000002.840|tls  |*|01|Initial log entry. Current logging level 4
000002.888|so   |3|01|Link status is Net up Speed 100 full Duplex.
000011.984|lldp |3|01|LLDP did not receive a response from a switch. Disabling LLDP.
000016.985|cdp  |3|01|CDP did not receive a response from a switch. Disabling CDP.
000021.179|dns  |*|01|DNS resolver servers are '192.168.10.4' '8.8.8.8'
000021.179|dns  |*|01|DNS resolver search domain is ''
000022.397|dns  |3|01|DNS lookup for (A) 'p.voxter.com'(74.114.208.245) TTL=13855
000022.397|app1 |4|01|Could not load time from  (0.0.0.0).
000022.397|app1 |3|01|DHCP returned result 0x187 from server 192.168.20.1.
000022.397|app1 |3|01|   Phone IP address is 192.168.20.196.
000022.397|app1 |3|01|   Subnet mask is 255.255.255.0.
000022.397|app1 |3|01|   Gateway address is 192.168.20.1.
000022.397|app1 |3|01|   DNS server is 192.168.10.4.
000022.397|app1 |3|01|   DNS alternate server is 8.8.8.8.
000022.917|copy |3|01|'http://PlcmSpIp:****@p.voxter.com/3111-40000-001.updater.ld' from 'p.voxter.com(74.114.208.245)'
000023.237|cfg  |*|01|Prov|Starting to update 3111-40000-001.updater.ld
000023.242|cfg  |3|01|Image 3111-40000-001.updater.ld has not changed
000023.247|copy |3|01|buffered_write: transfer Terminated on entry. Return 0
000023.248|copy |3|01|Download of '3111-40000-001.updater.ld' succeeded on attempt 1 (addr 1 of 1)
000023.254|copy |3|01|'http://PlcmSpIp:****@p.voxter.com/0004f2eb67a6.cfg' from 'p.voxter.com(74.114.208.245)'
000023.598|copy |3|01|Download of '0004f2eb67a6.cfg' succeeded on attempt 1 (addr 1 of 1)
000025.118|cfg  |*|01|Prov|Starting to update 3111-40000-001.sip.ld
000025.123|copy |3|01|'http://PlcmSpIp:****@p.voxter.com/3111-40000-001.sip.ld' from 'p.voxter.com(74.114.208.245)'
000025.491|cfg  |3|01|New load header information:
000025.491|cfg  |3|01|Code length:         0x00B41764
000025.491|cfg  |3|01|Code Checksum:       0x59B48B65
000025.491|cfg  |3|01|Options:             0x00000102
000025.492|cfg  |3|01|Application header is different
000025.492|cfg  |3|01|Recognized application
000025.617|cfg  |*|01|Prov|Updating the Application
000025.617|cfg  |3|01|Using compatible image 0
000114.219|copy |3|01|Download of '3111-40000-001.sip.ld' succeeded on attempt 1 (addr 1 of 1)
000114.536|sig  |*|01|Initial log entry. Current logging level 3
000114.536|sig  |3|01|hwSigParseRemove: found key Sig_3.
000114.723|cfg  |3|01|Good image signature
000114.899|cfg  |3|01|Programming 11803028 bytes into tffs in 4K blocks
000340.296|cfg  |*|01|Prov|Succeeded updating file 3111-40000-001.sip.ld
000340.384|cfg  |*|01|Prov|Image has been changed
000340.390|cfg  |3|01|Prov|Provisioning succeeded
000340.393|app1 |3|01|Application, load: Type=SIP, Version=4.0.6.0711 26-Feb-14 07:40
000340.393|cfg  |*|01|Prov|Finished updating configuration
000340.395|boot |*|01|Using TFFS for flash load
000340.395|boot |*|01|Code length:         0x00B41764
000340.395|boot |*|01|Code checksum:       0x59B48B65
000355.843|app1 |4|01|Loaded application sip.ld from local system successfully.
000355.844|app1 |6|01|Uploading boot log, time is Fri Nov  7 19:04:10 2014

000356.095|copy |3|01|'http://PlcmSpIp:****@p.voxter.com/logs/0004f2eb67a6-boot.log' to 'p.voxter.com(74.114.208.245)'
000356.399|copy |3|01|Upload of 'logs/0004f2eb67a6-boot.log' succeeded on attempt 1 (addr 1 of 1)
000356.503|cfg  |3|01|Prov|Shutting down
000001.552|so   |*|01|---------- Initial log entry ----------
000001.552|so   |*|01|+++ Note that Updater log times are in GMT +++
000001.552|boot |*|01|Initial log entry. Current logging level 3
000001.552|copy |*|01|Initial log entry. Current logging level 3
000001.552|utilm|*|01|Initial log entry. Current logging level 4
000001.552|hw   |*|01|Initial log entry. Current logging level 4
000001.552|ethf |*|01|Initial log entry. Current logging level 4
000001.552|dns  |*|01|Initial log entry. Current logging level 3
000001.552|curl |*|01|Initial log entry. Current logging level 3
000001.552|sec  |*|01|Initial log entry. Current logging level 4
000001.855|wdog |*|01|Initial log entry. Current logging level 4
000001.855|lldp |*|01|Initial log entry. Current logging level 3
000001.855|cdp  |*|01|Initial log entry. Current logging level 3
000001.855|key  |*|01|Initial log entry. Current logging level 4
000001.856|so   |3|01|Platform: Model=SoundStation IP 7000, Assembly=3111-40000-001 Rev=J Region=
000001.856|so   |3|01|Platform: Board=3111-40000-001 1 0
000001.856|so   |3|01|Platform: MAC=0004f2eb67a6
000001.857|so   |3|01|Platform: BootBlock=3.0.2.0024 (40000-001) 30-Nov-10 15:04
000001.857|so   |*|01|Platform: BootL1=Standalone.0002 15-Jan-07 15:05:00
000001.857|so   |3|01|Application, main: Label=Updater, Version=Azurite 5.0.5.2324 09-Dec-13 14:37
000001.857|so   |3|01|Application, main: P/N=YYYY-YYYYY-YYY
000001.857|log  |*|01|Install file upload callback for 'Updater'

000001.857|app1 |*|01|Initial log entry. Current logging level 3
000001.860|cfg  |*|01|Initial log entry. Current logging level 2
000001.865|app1 |3|01|Application, load: Type=SIP, Version=4.0.6.0711 26-Feb-14 07:40
000001.868|boot |*|01|Using TFFS for flash load
000001.868|boot |*|01|Code length:         0x00B41764
000001.868|boot |*|01|Code checksum:       0x59B48B65
000017.018|ethf |4|01|utilEthFilterInit: VLAN Filter disabled, Storm Filter enabled
000017.314|app1 |4|01|Loaded application sip.ld from local system successfully.
000001.593|so   |*|01|---------- Initial log entry ----------
000001.593|so   |*|01|+++ Note that Updater log times are in GMT +++
000001.593|boot |*|01|Initial log entry. Current logging level 3
000001.593|copy |*|01|Initial log entry. Current logging level 3
000001.593|utilm|*|01|Initial log entry. Current logging level 4
000001.593|hw   |*|01|Initial log entry. Current logging level 4
000001.593|ethf |*|01|Initial log entry. Current logging level 4
000001.593|dns  |*|01|Initial log entry. Current logging level 3
000001.593|curl |*|01|Initial log entry. Current logging level 3
000001.593|sec  |*|01|Initial log entry. Current logging level 4
000001.905|wdog |*|01|Initial log entry. Current logging level 4
000001.905|lldp |*|01|Initial log entry. Current logging level 3
000001.905|cdp  |*|01|Initial log entry. Current logging level 3
000001.905|key  |*|01|Initial log entry. Current logging level 4
000001.905|so   |3|01|Platform: Model=SoundStation IP 7000, Assembly=3111-40000-001 Rev=J Region=
000001.905|so   |3|01|Platform: Board=3111-40000-001 1 0
000001.906|so   |3|01|Platform: MAC=0004f2eb67a6
000001.906|so   |3|01|Platform: BootBlock=3.0.2.0024 (40000-001) 30-Nov-10 15:04
000001.906|so   |*|01|Platform: BootL1=Standalone.0002 15-Jan-07 15:05:00
000001.906|so   |3|01|Application, main: Label=Updater, Version=Azurite 5.0.5.2324 09-Dec-13 14:37
000001.906|so   |3|01|Application, main: P/N=YYYY-YYYYY-YYY
000001.906|log  |*|01|Install file upload callback for 'Updater'

000001.906|app1 |*|01|Initial log entry. Current logging level 3
000001.910|cfg  |*|01|Initial log entry. Current logging level 2
000001.915|app1 |3|01|Application, load: Type=SIP, Version=4.0.6.0711 26-Feb-14 07:40
000001.916|boot |*|01|Using TFFS for flash load
000001.916|boot |*|01|Code length:         0x00B41764
000001.916|boot |*|01|Code checksum:       0x59B48B65
000002.889|so   |3|01|Link status is Net up Speed 100 full Duplex.
000017.565|app1 |4|01|Loaded application sip.ld from local system successfully.
000002.943|so   |*|01|---------- Initial log entry ----------
000002.943|so   |*|01|+++ Note that Updater log times are in GMT +++
000002.943|boot |*|01|Initial log entry. Current logging level 3
000002.943|copy |*|01|Initial log entry. Current logging level 3
000002.943|utilm|*|01|Initial log entry. Current logging level 4
000002.943|hw   |*|01|Initial log entry. Current logging level 4
000002.943|ethf |*|01|Initial log entry. Current logging level 4
000002.943|dns  |*|01|Initial log entry. Current logging level 3
000002.943|curl |*|01|Initial log entry. Current logging level 3
000002.943|sec  |*|01|Initial log entry. Current logging level 4
000003.263|wdog |*|01|Initial log entry. Current logging level 4
000003.263|lldp |*|01|Initial log entry. Current logging level 3
000003.263|cdp  |*|01|Initial log entry. Current logging level 3
000003.263|key  |*|01|Initial log entry. Current logging level 4
000003.264|so   |3|01|Platform: Model=SoundStation IP 7000, Assembly=3111-40000-001 Rev=J Region=
000003.264|so   |3|01|Platform: Board=3111-40000-001 1 0
000003.264|so   |3|01|Platform: MAC=0004f2eb67a6
000003.264|so   |3|01|Platform: BootBlock=3.0.2.0024 (40000-001) 30-Nov-10 15:04
000003.264|so   |*|01|Platform: BootL1=Standalone.0002 15-Jan-07 15:05:00
000003.264|so   |3|01|Application, main: Label=Updater, Version=Azurite 5.0.5.2324 09-Dec-13 14:37
000003.264|so   |3|01|Application, main: P/N=YYYY-YYYYY-YYY
000003.264|log  |*|01|Install file upload callback for 'Updater'

000003.264|app1 |*|01|Initial log entry. Current logging level 3
000003.270|cfg  |*|01|Initial log entry. Current logging level 2
000003.274|app1 |3|01|Application, load: Type=SIP, Version=4.0.6.0711 26-Feb-14 07:40
000003.311|boot |*|01|Using TFFS for flash load
000003.312|boot |*|01|Code length:         0x00B41764
000003.312|boot |*|01|Code checksum:       0x59B48B65
000004.239|so   |3|01|Link status is Net up Speed 100 full Duplex.
000021.962|app1 |4|01|Loaded application sip.ld from local system successfully.
000001.593|so   |*|01|---------- Initial log entry ----------
000001.593|so   |*|01|+++ Note that Updater log times are in GMT +++
000001.593|boot |*|01|Initial log entry. Current logging level 3
000001.593|copy |*|01|Initial log entry. Current logging level 3
000001.593|utilm|*|01|Initial log entry. Current logging level 4
000001.593|hw   |*|01|Initial log entry. Current logging level 4
000001.593|ethf |*|01|Initial log entry. Current logging level 4
000001.593|dns  |*|01|Initial log entry. Current logging level 3
000001.593|curl |*|01|Initial log entry. Current logging level 3
000001.593|sec  |*|01|Initial log entry. Current logging level 4
000001.905|wdog |*|01|Initial log entry. Current logging level 4
000001.905|lldp |*|01|Initial log entry. Current logging level 3
000001.905|cdp  |*|01|Initial log entry. Current logging level 3
000001.905|key  |*|01|Initial log entry. Current logging level 4
000001.905|so   |3|01|Platform: Model=SoundStation IP 7000, Assembly=3111-40000-001 Rev=J Region=
000001.905|so   |3|01|Platform: Board=3111-40000-001 1 0
000001.905|so   |3|01|Platform: MAC=0004f2eb67a6
000001.906|so   |3|01|Platform: BootBlock=3.0.2.0024 (40000-001) 30-Nov-10 15:04
000001.906|so   |*|01|Platform: BootL1=Standalone.0002 15-Jan-07 15:05:00
000001.906|so   |3|01|Application, main: Label=Updater, Version=Azurite 5.0.5.2324 09-Dec-13 14:37
000001.906|so   |3|01|Application, main: P/N=YYYY-YYYYY-YYY
000001.906|log  |*|01|Install file upload callback for 'Updater'

000001.906|app1 |*|01|Initial log entry. Current logging level 3
000001.910|cfg  |*|01|Initial log entry. Current logging level 2
000001.920|app1 |3|01|Application, load: Type=SIP, Version=4.0.6.0711 26-Feb-14 07:40
000001.921|boot |*|01|Using TFFS for flash load
000001.921|boot |*|01|Code length:         0x00B41764
000001.921|boot |*|01|Code checksum:       0x59B48B65
000002.889|so   |3|01|Link status is Net up Speed 100 full Duplex.
000017.565|app1 |4|01|Loaded application sip.ld from local system successfully.
000001.593|so   |*|01|---------- Initial log entry ----------
000001.593|so   |*|01|+++ Note that Updater log times are in GMT +++
000001.593|boot |*|01|Initial log entry. Current logging level 3
000001.593|copy |*|01|Initial log entry. Current logging level 3
000001.593|utilm|*|01|Initial log entry. Current logging level 4
000001.593|hw   |*|01|Initial log entry. Current logging level 4
000001.593|ethf |*|01|Initial log entry. Current logging level 4
000001.593|dns  |*|01|Initial log entry. Current logging level 3
000001.593|curl |*|01|Initial log entry. Current logging level 3
000001.593|sec  |*|01|Initial log entry. Current logging level 4
000001.905|wdog |*|01|Initial log entry. Current logging level 4
000001.905|lldp |*|01|Initial log entry. Current logging level 3
000001.905|cdp  |*|01|Initial log entry. Current logging level 3
000001.905|key  |*|01|Initial log entry. Current logging level 4
000001.905|so   |3|01|Platform: Model=SoundStation IP 7000, Assembly=3111-40000-001 Rev=J Region=
000001.905|so   |3|01|Platform: Board=3111-40000-001 1 0
000001.905|so   |3|01|Platform: MAC=0004f2eb67a6
000001.906|so   |3|01|Platform: BootBlock=3.0.2.0024 (40000-001) 30-Nov-10 15:04
000001.906|so   |*|01|Platform: BootL1=Standalone.0002 15-Jan-07 15:05:00
000001.906|so   |3|01|Application, main: Label=Updater, Version=Azurite 5.0.5.2324 09-Dec-13 14:37
000001.906|so   |3|01|Application, main: P/N=YYYY-YYYYY-YYY
000001.906|log  |*|01|Install file upload callback for 'Updater'

000001.906|app1 |*|01|Initial log entry. Current logging level 3
000001.910|cfg  |*|01|Initial log entry. Current logging level 2
000001.911|dot1x|*|01|Initial log entry. Current logging level 3
000001.911|app1 |3|01|Starting provisioning because of the start type.
000002.889|so   |3|01|Link status is Net up Speed 100 full Duplex.
000004.870|tls  |*|01|Initial log entry. Current logging level 4
000014.015|lldp |3|01|LLDP did not receive a response from a switch. Disabling LLDP.
000019.016|cdp  |3|01|CDP did not receive a response from a switch. Disabling CDP.
000023.200|dns  |*|01|DNS resolver servers are '8.8.8.8' '4.2.2.2'
000023.200|dns  |*|01|DNS resolver search domain is ''
000023.226|dns  |3|01|DNS lookup for (A) 'p.voxter.com'(74.114.208.245) TTL=9914
000023.226|app1 |3|01|DHCP returned result 0x187 from server 192.168.20.1.
000023.226|app1 |3|01|   Phone IP address is 192.168.20.196.
000023.226|app1 |3|01|   Subnet mask is 255.255.255.0.
000023.226|app1 |3|01|   Gateway address is 192.168.20.1.
000023.226|app1 |3|01|   DNS server is 8.8.8.8.
000023.226|app1 |3|01|   DNS alternate server is 4.2.2.2.
000023.230|dns  |3|01|DNS lookup for (A) 'pool.ntp.org'(171.66.97.126,67.18.208.240,199.223.248.100) TTL=148
000023.918|copy |3|01|'http://PlcmSpIp:****@p.voxter.com/3111-40000-001.updater.ld' from 'p.voxter.com(74.114.208.245)'
000024.298|cfg  |*|01|Prov|Starting to update 3111-40000-001.updater.ld
000024.303|cfg  |3|01|Image 3111-40000-001.updater.ld has not changed
000024.304|copy |3|01|buffered_write: transfer Terminated on entry. Return 0
000024.304|copy |3|01|Download of '3111-40000-001.updater.ld' succeeded on attempt 1 (addr 1 of 1)
000024.312|copy |3|01|'http://PlcmSpIp:****@p.voxter.com/0004f2eb67a6.cfg' from 'p.voxter.com(74.114.208.245)'
000024.664|copy |3|01|Download of '0004f2eb67a6.cfg' succeeded on attempt 1 (addr 1 of 1)
000024.774|cfg  |*|01|Prov|Starting to update 3111-40000-001.sip.ld
000024.781|copy |3|01|'http://PlcmSpIp:****@p.voxter.com/3111-40000-001.sip.ld' from 'p.voxter.com(74.114.208.245)'
000025.128|cfg  |3|01|New load header information:
000025.128|cfg  |3|01|Code length:         0x00B228B4
000025.128|cfg  |3|01|Code Checksum:       0x58BAE6F9
000025.128|cfg  |3|01|Options:             0x00000102
000025.128|cfg  |3|01|Application header is different
000025.128|cfg  |3|01|Recognized application
000025.253|cfg  |*|01|Prov|Updating the Application
000025.253|cfg  |3|01|Using compatible image 0
000031.477|app1 |4|01|Could not load time from pool.ntp.org (171.66.97.126).
000120.955|copy |3|01|Download of '3111-40000-001.sip.ld' succeeded on attempt 1 (addr 1 of 1)
000121.270|sig  |*|01|Initial log entry. Current logging level 3
000121.270|sig  |3|01|hwSigParseRemove: found key Sig_3.
000121.454|cfg  |3|01|Good image signature
000121.632|cfg  |3|01|Programming 11676388 bytes into tffs in 4K blocks
000343.040|cfg  |*|01|Prov|Succeeded updating file 3111-40000-001.sip.ld
000343.136|cfg  |*|01|Prov|Image has been changed
000343.141|cfg  |3|01|Prov|Provisioning succeeded
000343.144|app1 |3|01|Application, load: Type=SIP, Version=4.0.7.2514 13-Jul-14 21:03
000343.144|cfg  |*|01|Prov|Finished updating configuration
000343.146|boot |*|01|Using TFFS for flash load
000343.146|boot |*|01|Code length:         0x00B228B4
000343.146|boot |*|01|Code checksum:       0x58BAE6F9
000359.410|app1 |4|01|Loaded application sip.ld from local system successfully.
000359.411|app1 |6|01|Uploading boot log, time is Tue Jan 13 22:43:55 2015

000359.662|copy |3|01|'http://PlcmSpIp:****@p.voxter.com/logs/0004f2eb67a6-boot.log' to 'p.voxter.com(74.114.208.245)'
000400.044|copy |3|01|Upload of 'logs/0004f2eb67a6-boot.log' succeeded on attempt 1 (addr 1 of 1)
000400.150|cfg  |3|01|Prov|Shutting down
000001.592|so   |*|01|---------- Initial log entry ----------
000001.592|so   |*|01|+++ Note that Updater log times are in GMT +++
000001.592|boot |*|01|Initial log entry. Current logging level 3
000001.592|copy |*|01|Initial log entry. Current logging level 3
000001.592|utilm|*|01|Initial log entry. Current logging level 4
000001.592|hw   |*|01|Initial log entry. Current logging level 4
000001.592|ethf |*|01|Initial log entry. Current logging level 4
000001.592|dns  |*|01|Initial log entry. Current logging level 3
000001.592|curl |*|01|Initial log entry. Current logging level 3
000001.592|sec  |*|01|Initial log entry. Current logging level 4
000001.904|wdog |*|01|Initial log entry. Current logging level 4
000001.904|lldp |*|01|Initial log entry. Current logging level 3
000001.904|cdp  |*|01|Initial log entry. Current logging level 3
000001.904|key  |*|01|Initial log entry. Current logging level 4
000001.904|so   |3|01|Platform: Model=SoundStation IP 7000, Assembly=3111-40000-001 Rev=J Region=
000001.904|so   |3|01|Platform: Board=3111-40000-001 1 0
000001.904|so   |3|01|Platform: MAC=0004f2eb67a6
000001.905|so   |3|01|Platform: BootBlock=3.0.2.0024 (40000-001) 30-Nov-10 15:04
000001.905|so   |*|01|Platform: BootL1=Standalone.0002 15-Jan-07 15:05:00
000001.905|so   |3|01|Application, main: Label=Updater, Version=Azurite 5.0.5.2324 09-Dec-13 14:37
000001.905|so   |3|01|Application, main: P/N=YYYY-YYYYY-YYY
000001.905|log  |*|01|Install file upload callback for 'Updater'

000001.905|app1 |*|01|Initial log entry. Current logging level 3
000001.909|cfg  |*|01|Initial log entry. Current logging level 2
000001.914|app1 |3|01|Application, load: Type=SIP, Version=4.0.7.2514 13-Jul-14 21:03
000001.915|boot |*|01|Using TFFS for flash load
000001.915|boot |*|01|Code length:         0x00B228B4
000001.915|boot |*|01|Code checksum:       0x58BAE6F9
000017.082|ethf |4|01|utilEthFilterInit: VLAN Filter disabled, Storm Filter enabled
000017.364|app1 |4|01|Loaded application sip.ld from local system successfully.
000001.592|so   |*|01|---------- Initial log entry ----------
000001.592|so   |*|01|+++ Note that Updater log times are in GMT +++
000001.592|boot |*|01|Initial log entry. Current logging level 3
000001.592|copy |*|01|Initial log entry. Current logging level 3
000001.592|utilm|*|01|Initial log entry. Current logging level 4
000001.592|hw   |*|01|Initial log entry. Current logging level 4
000001.592|ethf |*|01|Initial log entry. Current logging level 4
000001.592|dns  |*|01|Initial log entry. Current logging level 3
000001.592|curl |*|01|Initial log entry. Current logging level 3
000001.592|sec  |*|01|Initial log entry. Current logging level 4
000001.904|wdog |*|01|Initial log entry. Current logging level 4
000001.904|lldp |*|01|Initial log entry. Current logging level 3
000001.904|cdp  |*|01|Initial log entry. Current logging level 3
000001.904|key  |*|01|Initial log entry. Current logging level 4
000001.904|so   |3|01|Platform: Model=SoundStation IP 7000, Assembly=3111-40000-001 Rev=J Region=
000001.904|so   |3|01|Platform: Board=3111-40000-001 1 0
000001.904|so   |3|01|Platform: MAC=0004f2eb67a6
000001.905|so   |3|01|Platform: BootBlock=3.0.2.0024 (40000-001) 30-Nov-10 15:04
000001.905|so   |*|01|Platform: BootL1=Standalone.0002 15-Jan-07 15:05:00
000001.905|so   |3|01|Application, main: Label=Updater, Version=Azurite 5.0.5.2324 09-Dec-13 14:37
000001.905|so   |3|01|Application, main: P/N=YYYY-YYYYY-YYY
000001.905|log  |*|01|Install file upload callback for 'Updater'

000001.905|app1 |*|01|Initial log entry. Current logging level 3
000001.909|cfg  |*|01|Initial log entry. Current logging level 2
000001.910|dot1x|*|01|Initial log entry. Current logging level 3
000002.834|tls  |*|01|Initial log entry. Current logging level 4
000004.095|ethf |4|01|utilEthFilterInit: VLAN Filter disabled, Storm Filter enabled
000004.888|so   |3|01|Link status is Net up Speed 100 full Duplex.
000013.200|lldp |3|01|LLDP did not receive a response from a switch. Disabling LLDP.
000018.201|cdp  |3|01|CDP did not receive a response from a switch. Disabling CDP.
000023.429|dns  |*|01|DNS resolver servers are '8.8.8.8' '4.2.2.2'
000023.429|dns  |*|01|DNS resolver search domain is ''
000023.434|dns  |3|01|DNS lookup for (A) 'p.voxter.com'(74.114.208.245) TTL=18477
000023.434|app1 |3|01|DHCP returned result 0x187 from server 192.168.20.1.
000023.434|app1 |3|01|   Phone IP address is 192.168.20.196.
0117153609|app1 |3|01|   Subnet mask is 255.255.255.0.
0117153609|app1 |3|01|   Gateway address is 192.168.20.1.
0117153609|app1 |3|01|   DNS server is 8.8.8.8.
0117153609|app1 |3|01|   DNS alternate server is 4.2.2.2.
0117153609|dns  |3|01|DNS lookup for (A) 'pool.ntp.org'(98.143.24.53,72.20.40.62,149.20.68.17) TTL=65
0117153654|app1 |3|01|Time has been set from pool.ntp.org (98.143.24.53).
0117153654|app1 |3|01|   1421509014: 2015-1-17, 15:36:54, DST off
0117153655|copy |3|01|'http://PlcmSpIp:****@p.voxter.com/3111-40000-001.updater.ld' from 'p.voxter.com(74.114.208.245)'
0117153655|cfg  |*|01|Prov|Starting to update 3111-40000-001.updater.ld
0117153655|cfg  |3|01|Image 3111-40000-001.updater.ld has not changed
0117153655|copy |3|01|buffered_write: transfer Terminated on entry. Return 0
0117153655|copy |3|01|Download of '3111-40000-001.updater.ld' succeeded on attempt 1 (addr 1 of 1)
0117153655|copy |3|01|'http://PlcmSpIp:****@p.voxter.com/0004f2eb67a6.cfg' from 'p.voxter.com(74.114.208.245)'
0117153656|copy |3|01|Download of '0004f2eb67a6.cfg' succeeded on attempt 1 (addr 1 of 1)
0117153656|cfg  |*|01|Prov|Starting to update 3111-40000-001.sip.ld
0117153656|copy |3|01|'http://PlcmSpIp:****@p.voxter.com/3111-40000-001.sip.ld' from 'p.voxter.com(74.114.208.245)'
0117153657|cfg  |3|01|Image 3111-40000-001.sip.ld has not changed
0117153657|copy |3|01|buffered_write: transfer Terminated on entry. Return 0
0117153657|copy |3|01|Download of '3111-40000-001.sip.ld' succeeded on attempt 1 (addr 1 of 1)
0117153657|cfg  |3|01|Prov|Provisioning succeeded
0117153657|app1 |3|01|Application, load: Type=SIP, Version=4.0.7.2514 13-Jul-14 21:03
0117153657|cfg  |*|01|Prov|Finished updating configuration
0117153657|boot |*|01|Using TFFS for flash load
0117153657|boot |*|01|Code length:         0x00B228B4
0117153657|boot |*|01|Code checksum:       0x58BAE6F9
0117153712|app1 |4|01|Loaded application sip.ld from local system successfully.
0117153712|app1 |6|01|Uploading boot log, time is Sat Jan 17 15:37:12 2015

0117153712|copy |3|01|'http://PlcmSpIp:****@p.voxter.com/logs/0004f2eb67a6-boot.log' to 'p.voxter.com(74.114.208.245)'
0117153713|copy |3|01|Upload of 'logs/0004f2eb67a6-boot.log' succeeded on attempt 1 (addr 1 of 1)
0117153713|cfg  |3|01|Prov|Shutting down
000001.592|so   |*|01|---------- Initial log entry ----------
000001.592|so   |*|01|+++ Note that Updater log times are in GMT +++
000001.592|boot |*|01|Initial log entry. Current logging level 3
000001.592|copy |*|01|Initial log entry. Current logging level 3
000001.592|utilm|*|01|Initial log entry. Current logging level 4
000001.592|hw   |*|01|Initial log entry. Current logging level 4
000001.592|ethf |*|01|Initial log entry. Current logging level 4
000001.592|dns  |*|01|Initial log entry. Current logging level 3
000001.592|curl |*|01|Initial log entry. Current logging level 3
000001.592|sec  |*|01|Initial log entry. Current logging level 4
000001.904|wdog |*|01|Initial log entry. Current logging level 4
000001.904|lldp |*|01|Initial log entry. Current logging level 3
000001.904|cdp  |*|01|Initial log entry. Current logging level 3
000001.904|key  |*|01|Initial log entry. Current logging level 4
000001.904|so   |3|01|Platform: Model=SoundStation IP 7000, Assembly=3111-40000-001 Rev=J Region=
000001.904|so   |3|01|Platform: Board=3111-40000-001 1 0
000001.904|so   |3|01|Platform: MAC=0004f2eb67a6
000001.905|so   |3|01|Platform: BootBlock=3.0.2.0024 (40000-001) 30-Nov-10 15:04
000001.905|so   |*|01|Platform: BootL1=Standalone.0002 15-Jan-07 15:05:00
000001.905|so   |3|01|Application, main: Label=Updater, Version=Azurite 5.0.5.2324 09-Dec-13 14:37
000001.905|so   |3|01|Application, main: P/N=YYYY-YYYYY-YYY
000001.905|log  |*|01|Install file upload callback for 'Updater'

000001.905|app1 |*|01|Initial log entry. Current logging level 3
000001.909|cfg  |*|01|Initial log entry. Current logging level 2
000001.914|app1 |3|01|Application, load: Type=SIP, Version=4.0.7.2514 13-Jul-14 21:03
000001.915|boot |*|01|Using TFFS for flash load
000001.915|boot |*|01|Code length:         0x00B228B4
000001.915|boot |*|01|Code checksum:       0x58BAE6F9
000002.888|so   |3|01|Link status is Net up Speed 100 full Duplex.
000017.364|app1 |4|01|Loaded application sip.ld from local system successfully.
000001.592|so   |*|01|---------- Initial log entry ----------
000001.592|so   |*|01|+++ Note that Updater log times are in GMT +++
000001.592|boot |*|01|Initial log entry. Current logging level 3
000001.592|copy |*|01|Initial log entry. Current logging level 3
000001.592|utilm|*|01|Initial log entry. Current logging level 4
000001.592|hw   |*|01|Initial log entry. Current logging level 4
000001.592|ethf |*|01|Initial log entry. Current logging level 4
000001.592|dns  |*|01|Initial log entry. Current logging level 3
000001.592|curl |*|01|Initial log entry. Current logging level 3
000001.592|sec  |*|01|Initial log entry. Current logging level 4
000001.904|wdog |*|01|Initial log entry. Current logging level 4
000001.904|lldp |*|01|Initial log entry. Current logging level 3
000001.904|cdp  |*|01|Initial log entry. Current logging level 3
000001.904|key  |*|01|Initial log entry. Current logging level 4
000001.904|so   |3|01|Platform: Model=SoundStation IP 7000, Assembly=3111-40000-001 Rev=J Region=
000001.904|so   |3|01|Platform: Board=3111-40000-001 1 0
000001.904|so   |3|01|Platform: MAC=0004f2eb67a6
000001.905|so   |3|01|Platform: BootBlock=3.0.2.0024 (40000-001) 30-Nov-10 15:04
000001.905|so   |*|01|Platform: BootL1=Standalone.0002 15-Jan-07 15:05:00
000001.905|so   |3|01|Application, main: Label=Updater, Version=Azurite 5.0.5.2324 09-Dec-13 14:37
000001.905|so   |3|01|Application, main: P/N=YYYY-YYYYY-YYY
000001.905|log  |*|01|Install file upload callback for 'Updater'

000001.905|app1 |*|01|Initial log entry. Current logging level 3
000001.909|cfg  |*|01|Initial log entry. Current logging level 2
000001.914|app1 |3|01|Application, load: Type=SIP, Version=4.0.7.2514 13-Jul-14 21:03
000001.915|boot |*|01|Using TFFS for flash load
000001.915|boot |*|01|Code length:         0x00B228B4
000001.915|boot |*|01|Code checksum:       0x58BAE6F9
000017.062|ethf |4|01|utilEthFilterInit: VLAN Filter disabled, Storm Filter enabled
000017.364|app1 |4|01|Loaded application sip.ld from local system successfully.
000001.592|so   |*|01|---------- Initial log entry ----------
000001.592|so   |*|01|+++ Note that Updater log times are in GMT +++
000001.592|boot |*|01|Initial log entry. Current logging level 3
000001.592|copy |*|01|Initial log entry. Current logging level 3
000001.592|utilm|*|01|Initial log entry. Current logging level 4
000001.592|hw   |*|01|Initial log entry. Current logging level 4
000001.592|ethf |*|01|Initial log entry. Current logging level 4
000001.592|dns  |*|01|Initial log entry. Current logging level 3
000001.592|curl |*|01|Initial log entry. Current logging level 3
000001.592|sec  |*|01|Initial log entry. Current logging level 4
000001.904|wdog |*|01|Initial log entry. Current logging level 4
000001.904|lldp |*|01|Initial log entry. Current logging level 3
000001.904|cdp  |*|01|Initial log entry. Current logging level 3
000001.904|key  |*|01|Initial log entry. Current logging level 4
000001.904|so   |3|01|Platform: Model=SoundStation IP 7000, Assembly=3111-40000-001 Rev=J Region=
000001.904|so   |3|01|Platform: Board=3111-40000-001 1 0
000001.904|so   |3|01|Platform: MAC=0004f2eb67a6
000001.905|so   |3|01|Platform: BootBlock=3.0.2.0024 (40000-001) 30-Nov-10 15:04
000001.905|so   |*|01|Platform: BootL1=Standalone.0002 15-Jan-07 15:05:00
000001.905|so   |3|01|Application, main: Label=Updater, Version=Azurite 5.0.5.2324 09-Dec-13 14:37
000001.905|so   |3|01|Application, main: P/N=YYYY-YYYYY-YYY
000001.905|log  |*|01|Install file upload callback for 'Updater'

000001.905|app1 |*|01|Initial log entry. Current logging level 3
000001.909|cfg  |*|01|Initial log entry. Current logging level 2
000001.914|app1 |3|01|Application, load: Type=SIP, Version=4.0.7.2514 13-Jul-14 21:03
000001.915|boot |*|01|Using TFFS for flash load
000001.915|boot |*|01|Code length:         0x00B228B4
000001.915|boot |*|01|Code checksum:       0x58BAE6F9
000017.067|ethf |4|01|utilEthFilterInit: VLAN Filter disabled, Storm Filter enabled
000017.364|app1 |4|01|Loaded application sip.ld from local system successfully.
000001.593|so   |*|01|---------- Initial log entry ----------
000001.593|so   |*|01|+++ Note that Updater log times are in GMT +++
000001.593|boot |*|01|Initial log entry. Current logging level 3
000001.593|copy |*|01|Initial log entry. Current logging level 3
000001.593|utilm|*|01|Initial log entry. Current logging level 4
000001.593|hw   |*|01|Initial log entry. Current logging level 4
000001.593|ethf |*|01|Initial log entry. Current logging level 4
000001.593|dns  |*|01|Initial log entry. Current logging level 3
000001.593|curl |*|01|Initial log entry. Current logging level 3
000001.593|sec  |*|01|Initial log entry. Current logging level 4
000001.905|wdog |*|01|Initial log entry. Current logging level 4
000001.905|lldp |*|01|Initial log entry. Current logging level 3
000001.905|cdp  |*|01|Initial log entry. Current logging level 3
000001.905|key  |*|01|Initial log entry. Current logging level 4
000001.905|so   |3|01|Platform: Model=SoundStation IP 7000, Assembly=3111-40000-001 Rev=J Region=
000001.905|so   |3|01|Platform: Board=3111-40000-001 1 0
000001.905|so   |3|01|Platform: MAC=0004f2eb67a6
000001.906|so   |3|01|Platform: BootBlock=3.0.2.0024 (40000-001) 30-Nov-10 15:04
000001.906|so   |*|01|Platform: BootL1=Standalone.0002 15-Jan-07 15:05:00
000001.906|so   |3|01|Application, main: Label=Updater, Version=Azurite 5.0.5.2324 09-Dec-13 14:37
000001.906|so   |3|01|Application, main: P/N=YYYY-YYYYY-YYY
000001.906|log  |*|01|Install file upload callback for 'Updater'

000001.906|app1 |*|01|Initial log entry. Current logging level 3
000001.910|cfg  |*|01|Initial log entry. Current logging level 2
000001.915|app1 |3|01|Application, load: Type=SIP, Version=4.0.7.2514 13-Jul-14 21:03
000001.916|boot |*|01|Using TFFS for flash load
000001.916|boot |*|01|Code length:         0x00B228B4
000001.916|boot |*|01|Code checksum:       0x58BAE6F9
000002.889|so   |3|01|Link status is Net up Speed 100 full Duplex.
000017.570|app1 |4|01|Loaded application sip.ld from local system successfully.
