0421180234|cfg  |*|00|Edit|Save attempted after shutdown
0421180234|cfg  |*|00|Edit|Save attempted after shutdown
0421180234|so   |*|00|SoNcasC::procMsg: Client service shutdown complete
0421180241|pgui |4|00|Warning: received an insertion notification but the cached table [dbCallList] does not contain rowID information.
0421180241|pgui |4|00|Warning: received a delete notification but the cached table [dbCallList] does not contain rowID information.
0421180241|pgui |4|00|Warning: received an insertion notification but the cached table [dbCallList] does not contain rowID information.
0421180242|pgui |4|00|Warning: received a delete notification but the cached table [dbCallList] does not contain rowID information.
0421180242|pgui |4|00|Warning: received an insertion notification but the cached table [dbCallList] does not contain rowID information.
0421180242|pgui |4|00|Warning: received a delete notification but the cached table [dbCallList] does not contain rowID information.
0421180242|pgui |4|00|Warning: received an insertion notification but the cached table [dbCallList] does not contain rowID information.
0421180243|pgui |4|00|Warning: received a delete notification but the cached table [dbCallList] does not contain rowID information.
0421180243|pgui |4|00|Warning: received an insertion notification but the cached table [dbCallList] does not contain rowID information.
0421180243|pgui |4|00|Warning: received a delete notification but the cached table [dbCallList] does not contain rowID information.
0421180243|pgui |4|00|Warning: received an insertion notification but the cached table [dbCallList] does not contain rowID information.
0421180243|pgui |4|00|Warning: received a delete notification but the cached table [dbCallList] does not contain rowID information.
0421180244|pgui |4|00|Warning: received an insertion notification but the cached table [dbCallList] does not contain rowID information.
0421180244|wdog |*|00|Watchdog Expired: tSupObjs, 8
0421180244|log  |*|00|---------- Final log entry ----------
000401.381|log  |*|00|---------- Initial log entry ----------
000401.085|rdisk|*|00|Initial log entry. Current logging level 4
000401.087|rdisk|*|00|RAM disk created and mounted at "/rfs0"
000401.087|rdisk|*|00|RAM disk created, size: 16,777,216 bytes
000401.374|so   |*|00|Platform: Model=VVX 300, Assembly=3111-46135-002 Rev=A Region=0
000401.374|so   |*|00|Platform: Interface    eth0 MAC=0004f28e7821
000401.375|so   |*|00|Platform: BootBlock=3.0.4.0028 (46135-002) 30-Jan-13 18:00
000401.376|so   |*|00|Platform: BootL1=1.0.0.0009 (46135-002) 11-Jan-13 14:23
000401.379|so   |*|00|Platform: Updater=5.5.0.13251 24-Mar-15 03:06
000401.380|so   |*|00|Application, main: Label=SIP, Version=Congo 5.3.0.12074 24-Mar-15 02:31
000401.380|so   |*|00|Application, main: P/N=3150-11530-530
000401.380|rdisk|*|00|RAM disk created, size: 16,777,216 bytes
000401.380|ocsp |*|00|O.C.S.P. Enabled = 0
000401.459|tls  |*|00|Initial log entry. Current logging level 4
000401.507|pmt  |*|00|Initial log entry. Current logging level 4
000401.510|wdog |*|00|Initial log entry. Current logging level 4
000401.510|ethf |*|00|Initial log entry. Current logging level 4
000401.511|hw   |*|00|Initial log entry. Current logging level 4
000401.512|ares |*|00|Initial log entry. Current logging level 4
000401.512|dns  |*|00|Initial log entry. Current logging level 4
000401.512|cfg  |*|00|Initial log entry. Current logging level 4
000401.512|cfg  |*|00|Prm|cfgParamBaseProfileUpdate: Using Base Profile Generic
000401.515|dot1x|*|00|Initial log entry. Current logging level 4
000401.684|lic  |*|00|Initial log entry. Current logging level 4
000401.702|lic  |5|00|cfgCfsFlashKeyScratchLoad: could not load flash len 976
000401.703|lic  |*|00|License expiry check in 3109 seconds
000401.767|curl |*|00|Initial log entry. Current logging level 4
000401.767|utilm|*|00|Initial log entry. Current logging level 4
000401.767|copy |*|00|Initial log entry. Current logging level 4
000401.768|rtos |*|00|Initial log entry. Current logging level 4
000406.375|pgui |*|00|Initial log entry. Current logging level 4
000408.243|dhcpc|*|00|Initial log entry. Current logging level 4
000411.399|cfg  |*|00|RT|   Phone IP address is 10.75.1.118.
000411.399|cfg  |*|00|RT|   Subnet mask is 255.255.255.0.
000411.399|cfg  |*|00|RT|   Gateway address is 10.75.1.1.
000411.400|cfg  |*|00|RT|   DNS server is 10.75.3.210.
000411.400|cfg  |*|00|RT|   DNS alternate server is 10.75.3.204.
000411.400|cfg  |*|00|RT|   DNS domain is van.cdot.ca.
000411.400|cfg  |*|00|RT|   Time server is 10.75.3.210.
000411.400|cfg  |*|00|RT|   Time server is 10.75.133.67.
000411.400|cfg  |*|00|RT|   GMT offset is -28800 seconds.
000411.402|dns  |*|00|DNS resolver servers are '10.75.3.210' '10.75.3.204'
000411.402|dns  |*|00|DNS resolver search domain is 'van.cdot.ca'
000411.404|cfg  |*|00|RT|Primary IP: 10.75.1.118 subnet mask 255.255.255.0
000411.868|cfg  |*|00|Prov|Starting to update 3111-46135-002.sip.ld
000413.651|copy |*|00|Server 'p.voxter.com' said 'licenses/000000000000-license.cfg' is not present
000413.671|copy |*|00|Server 'p.voxter.com' said 'licenses/0004f28e7821-license.cfg' is not present
000413.684|cfg  |*|00|Prm|0004f28e7821_reg.cfg: Value "" for configuration parameter reg.1.server.2.port is invalid, ignoring
000413.685|cfg  |*|00|Prm|0004f28e7821_reg.cfg: Value "" for configuration parameter reg.1.outboundProxy.port is invalid, ignoring
000413.685|cfg  |*|00|Prm|0004f28e7821_reg.cfg: Value "" for configuration parameter reg.1.lineKeys is invalid, ignoring
000413.691|cfg  |4|00|Prm|provisioner.cfg: Unknown parameter "sec.tagSerialNo.set" found, ignoring.
000413.718|cfg  |*|00|Prm|features.cfg: Value 9999 for configuration parameter dir.local.contacts.maxNum is too large, using 500, the maximum allowed
000413.761|cfg  |*|00|Prov|Setting device parameters from configuration files.
000413.762|cfg  |4|00|RT|cfgFlashUpdateFromConfig: Failed to update SerialConfig
000414.170|cfg  |*|00|Prov|Finished updating configuration
000414.171|sec  |*|00|Initial log entry. Current logging level 4
000414.174|so   |*|00|Configuration files: 0004f28e7821_reg.cfg, provisioner.cfg, sip.cfg, features.cfg
000414.174|so   |*|00|Configuration file "0004f28e7821_reg.cfg" SHA1 digest: B7C750B88966BA5AED63DF206E77BD9D36EDA373
000414.174|so   |*|00|Configuration file "provisioner.cfg" SHA1 digest: 51080CD89DA743106AF5139272C6860F0465BE9D
000414.174|so   |*|00|Configuration file "sip.cfg" SHA1 digest: E3A8F60B0F05686D19445F14EBA0C5BDDA3727EC
000414.174|so   |*|00|Configuration file "features.cfg" SHA1 digest: C581BA279B236C29DF1CFC79741E3FAED2E8A230
000414.174|cfg  |4|00|Prm|Configuration file(s) statistics: 1 parameters were invalid and could not be interpreted.
000414.174|cfg  |4|00|Prm|Configuration file(s) statistics: 1 parameter values were used but were out of range. 5 were invalid and ignored.
000414.177|log  |*|00|Log render level set to 1
000414.180|pcap |*|00|On-Phone Packet Capture disabled
000414.180|srtp |*|00|Initial log entry. Current logging level 4
000414.181|cfg  |5|00|Prm|Parameter 0 is out of range
000414.185|res  |*|00|Initial log entry. Current logging level 4
000414.186|httpa|*|00|Initial log entry. Current logging level 4
000414.187|lldp |*|00|Initial log entry. Current logging level 4
000414.187|cdp  |*|00|Initial log entry. Current logging level 4
000414.187|pcd  |*|00|Initial log entry. Current logging level 4
000414.202|tickt|*|00|Initial log entry. Current logging level 4
000414.203|loc  |*|00|Initial log entry. Current logging level 4
000414.211|ssps |*|00|Initial log entry. Current logging level 4
000414.214|ssps |5|00|Allocated 36992 bytes for SspsHdiMemBase=0xe8aa90
000414.214|ssps |4|00|sspsDspLoad: found Maroo 23.
000414.236|utilm|4|00|uBLFUnCompressed: File /ffs0/Config/Local/WebTicket/0/sip.usr doesn't exist or is empty
000414.240|tickt|4|00|soWebTicketCertMove: Could not copy key to new uiSlot
000414.241|tickt|4|00|soWebTicketCertMove: Could not copy cert to new uiSlot
000414.242|tickt|4|00|soWebTicketCertMove: Could not copy SIP user to new uiSlot
000414.244|tickt|4|00|soWebTicketCertMove: Could not copy SIP uuid to new uiSlot
000414.245|tickt|4|00|soWebTicketCertMove: Could not copy server to new uiSlot
000414.450|so   |*|00|System Info Reports:
000414.450|so   |*|00|  Cpu is ARMv6-compatible processor rev 7 (v6l), ID: 0x111700b0, running at 300MHz.
000414.450|so   |*|00|  Board is identified as PolycomVVX-VVX_300.
000414.450|so   |*|00|  DRAM_SIZE: 128 MB
000414.450|so   |*|00|  NAND flash detected is 20
000414.450|key  |*|00|Initial log entry. Current logging level 4
000414.481|httpd|*|00|Initial log entry. Current logging level 4
000414.482|poll |*|00|Initial log entry. Current logging level 4
000414.482|push |*|00|Initial log entry. Current logging level 4
000414.483|poll |*|00|Initial log entry. Current logging level 4
000414.484|poll |*|00|Initial log entry. Current logging level 4
000414.484|ht   |*|00|Initial log entry. Current logging level 4
000414.485|dbuf |*|00|Initial log entry. Current logging level 4
000414.487|ssps |*|00|sspsMain: Set HDI mem to be 0, was 0
000414.491|ssps |*|00|Application, comp. 1: Label=PolyDSP Vino BCM11193 Mem1 FS1, Version=8.4.1.2003 26-Nov-2014 14:26
000414.491|ssps |*|00|Application, comp. 1: P/N=3150-11580-841.
000414.492|ice  |*|00|Initial log entry. Current logging level 4
000414.492|pps  |*|00|Initial log entry. Current logging level 4
000414.493|sip  |*|00|Initial log entry. Current logging level 4
000414.494|sipt |*|00|Initial log entry. Current logging level 4
000414.494|sipp |*|00|Initial log entry. Current logging level 4
000414.496|ptt  |*|00|Initial log entry. Current logging level 4
000414.497|xmpp |*|00|Initial log entry. Current logging level 4
000414.498|btoe |*|00|Initial log entry. Current logging level 4
000414.501|btoe |5|00|PpsBtoeC::ppsProcMsg thread launched
000415.349|pwrsv|*|00|Initial log entry. Current logging level 4
000415.382|so   |*|00|Using TCP IP Media Port, configured initial RTP port 2222
000415.414|sshc |*|00|Initial log entry. Current logging level 4
000415.414|gbLoc|*|00|Initial log entry. Current logging level 4
000415.414|app1 |*|00|Initial log entry. Current logging level 4
000415.434|btoe |5|00|PpsBtoeC Callback is set
000415.470|app1 |*|00|AppPhoneC::AppPhoneC() Number Of Line Keys = 48
000415.471|app1 |*|00|AppPhoneC::AppPhoneC() - new AppRegLineC, szUser = 8728
000415.509|app1 |*|00|AppPhoneC::AppPhoneC() - new AppRegLineC, szUser = 8718-8728
000415.549|app1 |*|00|AppPhoneC::AppPhoneC() - new AppRegLineC, szUser = 8737-8728
000415.670|ldap |*|00|Initial log entry. Current logging level 4
000415.874|efk  |*|00|Initial log entry. Current logging level 4
000415.911|cmp  |*|00|Initial log entry. Current logging level 4
000415.912|wmgr |*|00|Initial log entry. Current logging level 4
000415.924|slog |*|00|Initial log entry. Current logging level 4
000415.969|so   |4|00|SoKeyC::procMsg unexpected message 4099
000416.015|so   |*|00|Network initialized. Starting network tasks.
000416.015|log  |*|00|Install file upload callback for 'so'

0421180932|pgui |*|00|Qt Mouse driver created.
0421180934|em   |*|00|Initial log entry. Current logging level 4
0421180934|dbs  |*|00|Initial log entry. Current logging level 4
0421180934|osd  |*|00|Initial log entry. Current logging level 4
0421180934|clist|*|00|Initial log entry. Current logging level 4
0421180934|clist|4|00|dbCfg::getServerDir:Unknown dbCfg type
0421180934|clist|4|00|dbCfg::getServerDir:Unknown dbCfg type
0421180934|clist|4|00|dbCfg::getServerDir:Unknown dbCfg type
0421180934|clist|4|00|dbCfg::getServerDir:Unknown dbCfg type
0421180935|clist|4|00|dbXML::createEntry:name=<bb> func=<0x1afd08><0x1afcb8>- invalid or already exist
0421180936|clist|4|00|dbXML::createEntry:name=<bb> func=<0x1afd08><0x1afcb8>- invalid or already exist
0421180941|brow |*|00|Initial log entry. Current logging level 4
0421180945|app1 |5|00|[AppHybridC]: APP IS COMPLETELY INTIALIZED.
0421180945|sip  |*|00|Sip Register Usr:8728 Dsp:8728 Auth:'8728' Inx:0
0421180945|sip  |*|00|Fast Boot Measurement Point: Ready for Call, uptime: 293.980 sec.
0421180945|sip  |*|00|Sip Register Usr:8718-8728 Dsp:8718-8728 Auth:'8718-8728' Inx:1
0421180945|sip  |*|00|Sip Register Usr:8737-8728 Dsp:8737-8728 Auth:'8737-8728' Inx:2
0421180946|app1 |4|00|Corporate directory instance does not exists.
0421180946|clist|4|00|dbCfg::getServerDir:Unknown dbCfg type
0421180946|clist|4|00|dbCfg::getServerDir:Unknown dbCfg type
0421180946|moh  |*|00|Initial log entry. Current logging level 4
0421180946|moh  |4|00|SoNcasMohC::soNcasmohCfgInit: File provisioning for Moh is defined only for Lync Profile adn if Moh feature is enabled
 |*|00|System Info Reports:
000018.992|so   |*|00|  Cpu is ARMv6-compatible processor rev 7 (v6l), ID: 0x111700b0, running at 300MHz.
000018.992|so   |*|00|  Board is identified as PolycomVVX-VVX_300.
000018.992|so   |*|00|  DRAM_SIZE: 128 MB
000018.992|so   |*|00|  NAND flash detected is 20
000018.992|key  |*|00|Initial log entry. Current logging level 4
000019.018|httpd|*|00|Initial log entry. Current logging level 4
000019.025|poll |*|00|Initial log entry. Current logging level 4
000019.027|push |*|00|Initial log entry. Current logging level 4
000019.030|poll |*|00|Initial log entry. Current logging level 4
000019.033|poll |*|00|Initial log entry. Current logging level 4
000019.035|poll |*|00|Initial log entry. Current logging level 4
000019.035|poll |*|00|Initial log entry. Current logging level 4
000019.036|poll |*|00|Initial log entry. Current logging level 4
000019.039|ht   |*|00|Initial log entry. Current logging level 4
000019.041|dbuf |*|00|Initial log entry. Current logging level 4
000019.046|ssps |*|00|sspsMain: Set HDI mem to be 0, was 0
000019.060|ice  |*|00|Initial log entry. Current logging level 4
000019.062|ssps |*|00|Application, comp. 1: Label=PolyDSP Vino BCM11195 Mem1 FS1, Version=7.7.2.7234 19-Mar-2013 22:11
000019.062|ssps |*|00|Application, comp. 1: P/N=3150-11580-772.
000019.066|pps  |*|00|Initial log entry. Current logging level 4
000019.066|sip  |*|00|Initial log entry. Current logging level 4
000019.068|sipt |*|00|Initial log entry. Current logging level 4
000019.068|sipp |*|00|Initial log entry. Current logging level 4
000019.073|ptt  |*|00|Initial log entry. Current logging level 4
000019.944|pwrsv|*|00|Initial log entry. Current logging level 4
000019.949|so   |*|00|Using TCP IP Media Port, configured initial RTP port 2222
000020.002|sshc |*|00|Initial log entry. Current logging level 4
000020.008|app1 |*|00|Initial log entry. Current logging level 4
000020.018|app1 |*|00|AppPhoneC::AppPhoneC() Number Of Line Keys = 6
000020.018|app1 |*|00|AppPhoneC::AppPhoneC() - new AppRegLineC, szUser = 8728
000020.031|app1 |*|00|AppPhoneC::AppPhoneC() - new AppRegLineC, szUser = 8718-8728
000020.039|app1 |*|00|AppPhoneC::AppPhoneC() - new AppRegLineC, szUser = 8737-8728
000020.112|ldap |*|00|Initial log entry. Current logging level 4
000020.112|ldap |4|00|cDynamicData::cDynamicData:cDynamicData:Failed
000020.237|efk  |*|00|Initial log entry. Current logging level 4
000020.296|lic  |4|00|License: feature Nuance XT9 is not available
000020.300|cfg  |4|00|Dir|regAppCb set
000020.310|app1 |4|00|getCfgParams
000020.313|cmp  |*|00|Initial log entry. Current logging level 4
000020.316|wmgr |*|00|Initial log entry. Current logging level 4
000020.315|slog |*|00|Initial log entry. Current logging level 4
000020.404|so   |4|00|SoKeyC::procMsg unexpected message 4099
000024.174|dhcpc|*|00|Initial log entry. Current logging level 4
000025.386|pgui |*|00|Initial log entry. Current logging level 4
000028.780|cfg  |*|00|RT|   Phone IP address is 10.75.1.118.
000028.781|cfg  |*|00|RT|   Subnet mask is 255.255.255.0.
000028.781|cfg  |*|00|RT|   Gateway address is 10.75.1.1.
000028.781|cfg  |*|00|RT|   DNS server is 10.75.3.210.
000028.781|cfg  |*|00|RT|   DNS alternate server is 10.75.3.204.
000028.781|cfg  |*|00|RT|   DNS domain is van.cdot.ca.
000028.781|cfg  |*|00|RT|   Time server is 10.75.3.210.
000028.781|cfg  |*|00|RT|   Time server is 10.75.133.67.
000028.781|cfg  |*|00|RT|   GMT offset is -28800 seconds.
000028.785|dns  |*|00|DNS resolver servers are '10.75.3.210' '10.75.3.204'
000028.785|dns  |*|00|DNS resolver search domain is 'van.cdot.ca'
000028.787|cfg  |*|00|RT|Primary IP changed to 10.75.1.118 subnet mask 255.255.255.0
000028.977|so   |*|00|Network initialized. Starting network tasks.
000028.982|ice  |5|00|Network ICE stack failed to initialize in 5000 ms
000028.982|log  |*|00|Install file upload callback for 'so'

0421180223|pgui |*|00|Qt Mouse driver created.
0421180224|osd  |*|00|Initial log entry. Current logging level 4
0421180224|dbs  |*|00|Initial log entry. Current logging level 4
0421180225|clist|*|00|Initial log entry. Current logging level 4
0421180225|app1 |5|00|[connectToDatabase]: dbDirSet activated
0421180229|brow |*|00|Initial log entry. Current logging level 4
0421180231|sip  |*|00|Sip Register Usr:8728 Dsp:8728 Auth:'8728' Inx:0
0421180231|sip  |4|00|NAPTR query for host 'fmoffice.fullymanaged.sip.voxter.com' returned no results
0421180231|sip  |*|00|Fast Boot Measurement Point: Ready for Call, uptime: 60.283 sec.
0421180231|sip  |*|00|Sip Register Usr:8718-8728 Dsp:8718-8728 Auth:'8718-8728' Inx:1
0421180231|sip  |*|00|Sip Register Usr:8737-8728 Dsp:8737-8728 Auth:'8737-8728' Inx:2
0421180231|app1 |4|00|OnEvNotifyBLF 4 Total 2, refresh 1 m_nTotalSpeedDial 2
0421180231|so   |4|00|SoCoreAudioC::procMsgXIndCtrl: Indicator 10 control, state 1051 out of range
0421180231|app1 |4|00|OnEvNotifyBLF 4 Total 2, refresh 1 m_nTotalSpeedDial 2
0421180231|so   |4|00|SoCoreAudioC::procMsgXIndCtrl: Indicator 11 control, state 1051 out of range
0421180231|so   |4|00|SoCoreAudioC::procMsgXIndCtrl: Indicator 10 control, state 1051 out of range
0421180231|so   |4|00|SoCoreAudioC::procMsgXIndCtrl: Indicator 11 control, state 1051 out of range
0421180231|cfg  |*|00|Prov|Starting to update 3111-46135-002.sip.ld
0421180232|cfg  |*|00|Prov|Updating the Updater
0421180232|cfg  |*|00|Prov|Image has been changed
0421180233|so   |4|00|SoCoreAudioC::procMsgXIndCtrl: Indicator 10 control, state 1048 out of range
0421180233|so   |4|00|SoCoreAudioC::procMsgXIndCtrl: Indicator 10 control, state 1048 out of range
0421180233|so   |4|00|SoCoreAudioC::procMsgXIndCtrl: Indicator 11 control, state 1051 out of range
0421180234|copy |*|00|Server 'p.voxter.com' said 'licenses/000000000000-license.cfg' is not present
0421180234|copy |*|00|Server 'p.voxter.com' said 'licenses/0004f28e7821-license.cfg' is not present
0421180234|cfg  |*|00|Prov|Provisioning needs to reboot to upgrade image(s)
0421180234|app1 |*|00|Event: Multiple Key Combo 1
0421180234|app1 |*|00|Manual Reboot
0421180234|ldap |4|00|ldapXfer::start:xferStart failed cState=-1
0421180234|app1 |*|00|AppC::appReboot corp dir shutdown complete
0421180234|cfg  |*|00|Prov|Finished updating configuration
0421180234|cfg  |*|00|Edit|Save attempted after shutdown
0421180234|cfg  |*|00|Edit|Save attempted after shutdown
0421180234|so   |*|00|SoNcasC::procMsg: Client service shutdown complete
0421180241|pgui |4|00|Warning: received an insertion notification but the cached table [dbCallList] does not contain rowID information.
0421180241|pgui |4|00|Warning: received a delete notification but the cached table [dbCallList] does not contain rowID information.
0421180241|pgui |4|00|Warning: received an insertion notification but the cached table [dbCallList] does not contain rowID information.
0421180242|pgui |4|00|Warning: received a delete notification but the cached table [dbCallList] does not contain rowID information.
0421180242|pgui |4|00|Warning: received an insertion notification but the cached table [dbCallList] does not contain rowID information.
0421180242|pgui |4|00|Warning: received a delete notification but the cached table [dbCallList] does not contain rowID information.
0421180242|pgui |4|00|Warning: received an insertion notification but the cached table [dbCallList] does not contain rowID information.
0421180243|pgui |4|00|Warning: received a delete notification but the cached table [dbCallList] does not contain rowID information.
0421180243|pgui |4|00|Warning: received an insertion notification but the cached table [dbCallList] does not contain rowID information.
0421180243|pgui |4|00|Warning: received a delete notification but the cached table [dbCallList] does not contain rowID information.
0421180243|pgui |4|00|Warning: received an insertion notification but the cached table [dbCallList] does not contain rowID information.
0421180243|pgui |4|00|Warning: received a delete notification but the cached table [dbCallList] does not contain rowID information.
0421180244|pgui |4|00|Warning: received an insertion notification but the cached table [dbCallList] does not contain rowID information.
0421180244|wdog |*|00|Watchdog Expired: tSupObjs, 8
0421180244|log  |*|00|---------- Final log entry ----------
000401.381|log  |*|00|---------- Initial log entry ----------
000401.085|rdisk|*|00|Initial log entry. Current logging level 4
000401.087|rdisk|*|00|RAM disk created and mounted at "/rfs0"
000401.087|rdisk|*|00|RAM disk created, size: 16,777,216 bytes
000401.374|so   |*|00|Platform: Model=VVX 300, Assembly=3111-46135-002 Rev=A Region=0
000401.374|so   |*|00|Platform: Interface    eth0 MAC=0004f28e7821
000401.375|so   |*|00|Platform: BootBlock=3.0.4.0028 (46135-002) 30-Jan-13 18:00
000401.376|so   |*|00|Platform: BootL1=1.0.0.0009 (46135-002) 11-Jan-13 14:23
000401.379|so   |*|00|Platform: Updater=5.5.0.13251 24-Mar-15 03:06
000401.380|so   |*|00|Application, main: Label=SIP, Version=Congo 5.3.0.12074 24-Mar-15 02:31
000401.380|so   |*|00|Application, main: P/N=3150-11530-530
000401.380|rdisk|*|00|RAM disk created, size: 16,777,216 bytes
000401.380|ocsp |*|00|O.C.S.P. Enabled = 0
000401.459|tls  |*|00|Initial log entry. Current logging level 4
000401.507|pmt  |*|00|Initial log entry. Current logging level 4
000401.510|wdog |*|00|Initial log entry. Current logging level 4
000401.510|ethf |*|00|Initial log entry. Current logging level 4
000401.511|hw   |*|00|Initial log entry. Current logging level 4
000401.512|ares |*|00|Initial log entry. Current logging level 4
000401.512|dns  |*|00|Initial log entry. Current logging level 4
000401.512|cfg  |*|00|Initial log entry. Current logging level 4
000401.512|cfg  |*|00|Prm|cfgParamBaseProfileUpdate: Using Base Profile Generic
000401.515|dot1x|*|00|Initial log entry. Current logging level 4
000401.684|lic  |*|00|Initial log entry. Current logging level 4
000401.702|lic  |5|00|cfgCfsFlashKeyScratchLoad: could not load flash len 976
000401.703|lic  |*|00|License expiry check in 3109 seconds
000401.767|curl |*|00|Initial log entry. Current logging level 4
000401.767|utilm|*|00|Initial log entry. Current logging level 4
000401.767|copy |*|00|Initial log entry. Current logging level 4
000401.768|rtos |*|00|Initial log entry. Current logging level 4
000406.375|pgui |*|00|Initial log entry. Current logging level 4
000408.243|dhcpc|*|00|Initial log entry. Current logging level 4
000411.399|cfg  |*|00|RT|   Phone IP address is 10.75.1.118.
000411.399|cfg  |*|00|RT|   Subnet mask is 255.255.255.0.
000411.399|cfg  |*|00|RT|   Gateway address is 10.75.1.1.
000411.400|cfg  |*|00|RT|   DNS server is 10.75.3.210.
000411.400|cfg  |*|00|RT|   DNS alternate server is 10.75.3.204.
000411.400|cfg  |*|00|RT|   DNS domain is van.cdot.ca.
000411.400|cfg  |*|00|RT|   Time server is 10.75.3.210.
000411.400|cfg  |*|00|RT|   Time server is 10.75.133.67.
000411.400|cfg  |*|00|RT|   GMT offset is -28800 seconds.
000411.402|dns  |*|00|DNS resolver servers are '10.75.3.210' '10.75.3.204'
000411.402|dns  |*|00|DNS resolver search domain is 'van.cdot.ca'
000411.404|cfg  |*|00|RT|Primary IP: 10.75.1.118 subnet mask 255.255.255.0
000411.868|cfg  |*|00|Prov|Starting to update 3111-46135-002.sip.ld
000413.651|copy |*|00|Server 'p.voxter.com' said 'licenses/000000000000-license.cfg' is not present
000413.671|copy |*|00|Server 'p.voxter.com' said 'licenses/0004f28e7821-license.cfg' is not present
000413.684|cfg  |*|00|Prm|0004f28e7821_reg.cfg: Value "" for configuration parameter reg.1.server.2.port is invalid, ignoring
000413.685|cfg  |*|00|Prm|0004f28e7821_reg.cfg: Value "" for configuration parameter reg.1.outboundProxy.port is invalid, ignoring
000413.685|cfg  |*|00|Prm|0004f28e7821_reg.cfg: Value "" for configuration parameter reg.1.lineKeys is invalid, ignoring
000413.691|cfg  |4|00|Prm|provisioner.cfg: Unknown parameter "sec.tagSerialNo.set" found, ignoring.
000413.718|cfg  |*|00|Prm|features.cfg: Value 9999 for configuration parameter dir.local.contacts.maxNum is too large, using 500, the maximum allowed
000413.761|cfg  |*|00|Prov|Setting device parameters from configuration files.
000413.762|cfg  |4|00|RT|cfgFlashUpdateFromConfig: Failed to update SerialConfig
000414.170|cfg  |*|00|Prov|Finished updating configuration
000414.171|sec  |*|00|Initial log entry. Current logging level 4
000414.174|so   |*|00|Configuration files: 0004f28e7821_reg.cfg, provisioner.cfg, sip.cfg, features.cfg
000414.174|so   |*|00|Configuration file "0004f28e7821_reg.cfg" SHA1 digest: B7C750B88966BA5AED63DF206E77BD9D36EDA373
000414.174|so   |*|00|Configuration file "provisioner.cfg" SHA1 digest: 51080CD89DA743106AF5139272C6860F0465BE9D
000414.174|so   |*|00|Configuration file "sip.cfg" SHA1 digest: E3A8F60B0F05686D19445F14EBA0C5BDDA3727EC
000414.174|so   |*|00|Configuration file "features.cfg" SHA1 digest: C581BA279B236C29DF1CFC79741E3FAED2E8A230
000414.174|cfg  |4|00|Prm|Configuration file(s) statistics: 1 parameters were invalid and could not be interpreted.
000414.174|cfg  |4|00|Prm|Configuration file(s) statistics: 1 parameter values were used but were out of range. 5 were invalid and ignored.
000414.177|log  |*|00|Log render level set to 1
000414.180|pcap |*|00|On-Phone Packet Capture disabled
000414.180|srtp |*|00|Initial log entry. Current logging level 4
000414.181|cfg  |5|00|Prm|Parameter 0 is out of range
000414.185|res  |*|00|Initial log entry. Current logging level 4
000414.186|httpa|*|00|Initial log entry. Current logging level 4
000414.187|lldp |*|00|Initial log entry. Current logging level 4
000414.187|cdp  |*|00|Initial log entry. Current logging level 4
000414.187|pcd  |*|00|Initial log entry. Current logging level 4
000414.202|tickt|*|00|Initial log entry. Current logging level 4
000414.203|loc  |*|00|Initial log entry. Current logging level 4
000414.211|ssps |*|00|Initial log entry. Current logging level 4
000414.214|ssps |5|00|Allocated 36992 bytes for SspsHdiMemBase=0xe8aa90
000414.214|ssps |4|00|sspsDspLoad: found Maroo 23.
000414.236|utilm|4|00|uBLFUnCompressed: File /ffs0/Config/Local/WebTicket/0/sip.usr doesn't exist or is empty
000414.240|tickt|4|00|soWebTicketCertMove: Could not copy key to new uiSlot
000414.241|tickt|4|00|soWebTicketCertMove: Could not copy cert to new uiSlot
000414.242|tickt|4|00|soWebTicketCertMove: Could not copy SIP user to new uiSlot
000414.244|tickt|4|00|soWebTicketCertMove: Could not copy SIP uuid to new uiSlot
000414.245|tickt|4|00|soWebTicketCertMove: Could not copy server to new uiSlot
000414.450|so   |*|00|System Info Reports:
000414.450|so   |*|00|  Cpu is ARMv6-compatible processor rev 7 (v6l), ID: 0x111700b0, running at 300MHz.
000414.450|so   |*|00|  Board is identified as PolycomVVX-VVX_300.
000414.450|so   |*|00|  DRAM_SIZE: 128 MB
000414.450|so   |*|00|  NAND flash detected is 20
000414.450|key  |*|00|Initial log entry. Current logging level 4
000414.481|httpd|*|00|Initial log entry. Current logging level 4
000414.482|poll |*|00|Initial log entry. Current logging level 4
000414.482|push |*|00|Initial log entry. Current logging level 4
000414.483|poll |*|00|Initial log entry. Current logging level 4
000414.484|poll |*|00|Initial log entry. Current logging level 4
000414.484|ht   |*|00|Initial log entry. Current logging level 4
000414.485|dbuf |*|00|Initial log entry. Current logging level 4
000414.487|ssps |*|00|sspsMain: Set HDI mem to be 0, was 0
000414.491|ssps |*|00|Application, comp. 1: Label=PolyDSP Vino BCM11193 Mem1 FS1, Version=8.4.1.2003 26-Nov-2014 14:26
000414.491|ssps |*|00|Application, comp. 1: P/N=3150-11580-841.
000414.492|ice  |*|00|Initial log entry. Current logging level 4
000414.492|pps  |*|00|Initial log entry. Current logging level 4
000414.493|sip  |*|00|Initial log entry. Current logging level 4
000414.494|sipt |*|00|Initial log entry. Current logging level 4
000414.494|sipp |*|00|Initial log entry. Current logging level 4
000414.496|ptt  |*|00|Initial log entry. Current logging level 4
000414.497|xmpp |*|00|Initial log entry. Current logging level 4
000414.498|btoe |*|00|Initial log entry. Current logging level 4
000414.501|btoe |5|00|PpsBtoeC::ppsProcMsg thread launched
000415.349|pwrsv|*|00|Initial log entry. Current logging level 4
000415.382|so   |*|00|Using TCP IP Media Port, configured initial RTP port 2222
000415.414|sshc |*|00|Initial log entry. Current logging level 4
000415.414|gbLoc|*|00|Initial log entry. Current logging level 4
000415.414|app1 |*|00|Initial log entry. Current logging level 4
000415.434|btoe |5|00|PpsBtoeC Callback is set
000415.470|app1 |*|00|AppPhoneC::AppPhoneC() Number Of Line Keys = 48
000415.471|app1 |*|00|AppPhoneC::AppPhoneC() - new AppRegLineC, szUser = 8728
000415.509|app1 |*|00|AppPhoneC::AppPhoneC() - new AppRegLineC, szUser = 8718-8728
000415.549|app1 |*|00|AppPhoneC::AppPhoneC() - new AppRegLineC, szUser = 8737-8728
000415.670|ldap |*|00|Initial log entry. Current logging level 4
000415.874|efk  |*|00|Initial log entry. Current logging level 4
000415.911|cmp  |*|00|Initial log entry. Current logging level 4
000415.912|wmgr |*|00|Initial log entry. Current logging level 4
000415.924|slog |*|00|Initial log entry. Current logging level 4
000415.969|so   |4|00|SoKeyC::procMsg unexpected message 4099
000416.015|so   |*|00|Network initialized. Starting network tasks.
000416.015|log  |*|00|Install file upload callback for 'so'

0421180932|pgui |*|00|Qt Mouse driver created.
0421180934|em   |*|00|Initial log entry. Current logging level 4
0421180934|dbs  |*|00|Initial log entry. Current logging level 4
0421180934|osd  |*|00|Initial log entry. Current logging level 4
0421180934|clist|*|00|Initial log entry. Current logging level 4
0421180934|clist|4|00|dbCfg::getServerDir:Unknown dbCfg type
0421180934|clist|4|00|dbCfg::getServerDir:Unknown dbCfg type
0421180934|clist|4|00|dbCfg::getServerDir:Unknown dbCfg type
0421180934|clist|4|00|dbCfg::getServerDir:Unknown dbCfg type
0421180935|clist|4|00|dbXML::createEntry:name=<bb> func=<0x1afd08><0x1afcb8>- invalid or already exist
0421180936|clist|4|00|dbXML::createEntry:name=<bb> func=<0x1afd08><0x1afcb8>- invalid or already exist
0421180941|brow |*|00|Initial log entry. Current logging level 4
0421180945|app1 |5|00|[AppHybridC]: APP IS COMPLETELY INTIALIZED.
0421180945|sip  |*|00|Sip Register Usr:8728 Dsp:8728 Auth:'8728' Inx:0
0421180945|sip  |*|00|Fast Boot Measurement Point: Ready for Call, uptime: 293.980 sec.
0421180945|sip  |*|00|Sip Register Usr:8718-8728 Dsp:8718-8728 Auth:'8718-8728' Inx:1
0421180945|sip  |*|00|Sip Register Usr:8737-8728 Dsp:8737-8728 Auth:'8737-8728' Inx:2
0421180946|app1 |4|00|Corporate directory instance does not exists.
0421180946|clist|4|00|dbCfg::getServerDir:Unknown dbCfg type
0421180946|clist|4|00|dbCfg::getServerDir:Unknown dbCfg type
0421180946|moh  |*|00|Initial log entry. Current logging level 4
0421180946|moh  |4|00|SoNcasMohC::soNcasmohCfgInit: File provisioning for Moh is defined only for Lync Profile adn if Moh feature is enabled
0421181035|clist|4|00|dbIO::processResult:copy error
0421183308|cfg  |*|00|RT|   Phone IP address is 10.2.0.233.
0421183308|cfg  |*|00|RT|   Subnet mask is 255.255.255.0.
0421183308|cfg  |*|00|RT|   Gateway address is 10.2.0.1.
0421183308|cfg  |*|00|RT|Primary IP: 10.2.0.233 subnet mask 255.255.255.0
0421183308|so   |*|00|Restarting because of IP address change
0421183308|app1 |*|00|Event: Multiple Key Combo 7
0421183308|app1 |*|00|Manual Restart
0421183308|ldap |4|00|ldapXfer::start:xferStart failed cState=-1
0421183308|app1 |*|00|AppC::appReboot cDynamicData shutdown complete
0421183309|ares |4|00|aresDnsLookup: select time-out 1 on SRV lookup for '_sip._udp.fmoffice.fullymanaged.sip.voxter.com' after 0 sec
0421183309|ares |4|00|aresDnsLookup: select time-out 2 on SRV lookup for '_sip._udp.fmoffice.fullymanaged.sip.voxter.com' after 0 sec
0421183311|ares |4|00|aresDnsLookup: select time-out 3 on SRV lookup for '_sip._udp.fmoffice.fullymanaged.sip.voxter.com' after 0 sec
0421183311|ares |4|00|aresDnsLookup: select time-out 4 on SRV lookup for '_sip._udp.fmoffice.fullymanaged.sip.voxter.com' after 0 sec
0421183313|ares |4|00|aresDnsLookup: select time-out 5 on SRV lookup for '_sip._udp.fmoffice.fullymanaged.sip.voxter.com' after 0 sec
0421183315|ares |4|00|aresDnsLookup: select time-out 6 on SRV lookup for '_sip._udp.fmoffice.fullymanaged.sip.voxter.com' after 0 sec
0421183315|ares |4|00|aresDnsLookup: select time-out 7 on SRV lookup for '_sip._udp.fmoffice.fullymanaged.sip.voxter.com' after 0 sec
0421183315|ares |4|00|aresDnsLookup: select time-out 8 on SRV lookup for '_sip._udp.fmoffice.fullymanaged.sip.voxter.com' after 0 sec
0421183315|ares |4|00|aresDnsLookup: select time-out 9 on SRV lookup for '_sip._udp.fmoffice.fullymanaged.sip.voxter.com' after 0 sec
0421183315|ares |4|00|aresDnsLookup: select time-out 10 on SRV lookup for '_sip._udp.fmoffice.fullymanaged.sip.voxter.com' after 0 sec
0421183315|ares |4|00|aresDnsLookup: select time-out 11 on SRV lookup for '_sip._udp.fmoffice.fullymanaged.sip.voxter.com' after 0 sec
0421183315|ares |4|00|aresDnsLookup: select time-out 12 on SRV lookup for '_sip._udp.fmoffice.fullymanaged.sip.voxter.com' after 0 sec
0421183319|ares |4|00|aresDnsLookup: select time-out 13 on SRV lookup for '_sip._udp.fmoffice.fullymanaged.sip.voxter.com' after 0 sec
0421183319|ares |4|00|aresDnsLookup: select time-out 14 on SRV lookup for '_sip._udp.fmoffice.fullymanaged.sip.voxter.com' after 0 sec
0421183319|ares |4|00|aresDnsLookup: select time-out 15 on SRV lookup for '_sip._udp.fmoffice.fullymanaged.sip.voxter.com' after 0 sec
0421183319|ares |4|00|aresDnsLookup: select time-out 16 on SRV lookup for '_sip._udp.fmoffice.fullymanaged.sip.voxter.com' after 0 sec
0421183319|ares |4|00|aresDnsLookup: select time-out 17 on SRV lookup for '_sip._udp.fmoffice.fullymanaged.sip.voxter.com' after 0 sec
0421183319|ares |4|00|aresDnsLookup: select time-out 18 on SRV lookup for '_sip._udp.fmoffice.fullymanaged.sip.voxter.com' after 0 sec
0421183319|ares |4|00|aresDnsLookup: select time-out 19 on SRV lookup for '_sip._udp.fmoffice.fullymanaged.sip.voxter.com' after 0 sec
0421183319|ares |4|00|aresDnsLookup: select time-out 20 on SRV lookup for '_sip._udp.fmoffice.fullymanaged.sip.voxter.com' after 0 sec
0421183319|dns  |4|00|DNS server(s) unresponsive due to query timeout after 10 sec (Threshold = 5)
0421183319|sip  |4|00|doDnsListLookup(udp): doDnsSrvLookupForARecordList 'fmoffice.fullymanaged.sip.voxter.com' found no records
0421183319|sip  |4|00|Registration failed User: 8728, Error Code:480 Temporarily not available
0421183319|sip  |4|00|doDnsListLookup(udp): doDnsSrvLookupForARecordList 'fmoffice.fullymanaged.sip.voxter.com' found no records
0421183319|sip  |4|00|Registration failed User: 8718-8728, Error Code:480 Temporarily not available
0421183319|sip  |4|00|doDnsListLookup(udp): doDnsSrvLookupForARecordList 'fmoffice.fullymanaged.sip.voxter.com' found no records
0421183319|sip  |4|00|Registration failed User: 8737-8728, Error Code:480 Temporarily not available
0421183319|so   |*|00|SoNcasC::procMsg: Client service shutdown complete
0421183324|wdog |*|00|Watchdog Expired: tApp0, 45
0421183324|log  |*|00|---------- Final log entry ----------
002836.009|log  |*|00|---------- Initial log entry ----------
002835.730|rdisk|*|00|Initial log entry. Current logging level 4
002835.733|rdisk|*|00|RAM disk created and mounted at "/rfs0"
002835.733|rdisk|*|00|RAM disk created, size: 16,777,216 bytes
002835.998|so   |*|00|Platform: Model=VVX 300, Assembly=3111-46135-002 Rev=A Region=0
002835.999|so   |*|00|Platform: Interface    eth0 MAC=0004f28e7821
002836.000|so   |*|00|Platform: BootBlock=3.0.4.0028 (46135-002) 30-Jan-13 18:00
002836.001|so   |*|00|Platform: BootL1=1.0.0.0009 (46135-002) 11-Jan-13 14:23
002836.004|so   |*|00|Platform: Updater=5.5.0.13251 24-Mar-15 03:06
002836.004|so   |*|00|Application, main: Label=SIP, Version=Congo 5.3.0.12074 24-Mar-15 02:31
002836.004|so   |*|00|Application, main: P/N=3150-11530-530
002836.004|rdisk|*|00|RAM disk created, size: 16,777,216 bytes
002836.005|ocsp |*|00|O.C.S.P. Enabled = 0
002836.063|tls  |*|00|Initial log entry. Current logging level 4
002836.111|pmt  |*|00|Initial log entry. Current logging level 4
002836.114|wdog |*|00|Initial log entry. Current logging level 4
002836.114|ethf |*|00|Initial log entry. Current logging level 4
002836.115|hw   |*|00|Initial log entry. Current logging level 4
002836.115|ares |*|00|Initial log entry. Current logging level 4
002836.115|dns  |*|00|Initial log entry. Current logging level 4
002836.116|cfg  |*|00|Initial log entry. Current logging level 4
002836.116|cfg  |*|00|Prm|cfgParamBaseProfileUpdate: Using Base Profile Generic
002836.118|dot1x|*|00|Initial log entry. Current logging level 4
002836.237|lic  |*|00|Initial log entry. Current logging level 4
002836.256|lic  |5|00|cfgCfsFlashKeyScratchLoad: could not load flash len 976
002836.256|lic  |*|00|License expiry check in 3085 seconds
002836.319|curl |*|00|Initial log entry. Current logging level 4
002836.319|utilm|*|00|Initial log entry. Current logging level 4
002836.319|copy |*|00|Initial log entry. Current logging level 4
002836.319|rtos |*|00|Initial log entry. Current logging level 4
002838.067|brow |*|00|Initial log entry. Current logging level 4
002839.338|pgui |*|00|Qt Keyboard driver created.
002839.340|pgui |4|00|Reconnected with core app, reload the keyboard
002842.775|dhcpc|*|00|Initial log entry. Current logging level 4
002845.836|cfg  |*|00|RT|   Phone IP address is 10.2.0.233.
002845.836|cfg  |*|00|RT|   Subnet mask is 255.255.255.0.
002845.836|cfg  |*|00|RT|   Gateway address is 10.2.0.1.
002845.836|cfg  |*|00|RT|   DNS server is 8.8.8.8.
002845.836|cfg  |*|00|RT|   DNS alternate server is 8.8.4.4.
002845.837|cfg  |*|00|RT|   GMT offset is -28800 seconds.
002845.838|dns  |*|00|DNS resolver servers are '8.8.8.8' '8.8.4.4'
002845.838|dns  |*|00|DNS resolver search domain is ''
002845.840|cfg  |*|00|RT|Primary IP: 10.2.0.233 subnet mask 255.255.255.0
002846.531|cfg  |*|00|Prov|Starting to update 3111-46135-002.sip.ld
002849.465|copy |*|00|Server 'p.voxter.com' said 'licenses/000000000000-license.cfg' is not present
002849.530|copy |*|00|Server 'p.voxter.com' said 'licenses/0004f28e7821-license.cfg' is not present
002849.541|cfg  |*|00|Prm|0004f28e7821_reg.cfg: Value "" for configuration parameter reg.1.server.2.port is invalid, ignoring
002849.542|cfg  |*|00|Prm|0004f28e7821_reg.cfg: Value "" for configuration parameter reg.1.outboundProxy.port is invalid, ignoring
002849.542|cfg  |*|00|Prm|0004f28e7821_reg.cfg: Value "" for configuration parameter reg.1.lineKeys is invalid, ignoring
002849.549|cfg  |4|00|Prm|provisioner.cfg: Unknown parameter "sec.tagSerialNo.set" found, ignoring.
002849.575|cfg  |*|00|Prm|features.cfg: Value 9999 for configuration parameter dir.local.contacts.maxNum is too large, using 500, the maximum allowed
002849.613|cfg  |*|00|Prov|Setting device parameters from configuration files.
002849.615|cfg  |4|00|RT|cfgFlashUpdateFromConfig: Failed to update SerialConfig
002849.643|cfg  |*|00|Prov|Finished updating configuration
002849.643|sec  |*|00|Initial log entry. Current logging level 4
002849.646|so   |*|00|Configuration files: 0004f28e7821_reg.cfg, provisioner.cfg, sip.cfg, features.cfg
002849.646|so   |*|00|Configuration file "0004f28e7821_reg.cfg" SHA1 digest: B7C750B88966BA5AED63DF206E77BD9D36EDA373
002849.646|so   |*|00|Configuration file "provisioner.cfg" SHA1 digest: 51080CD89DA743106AF5139272C6860F0465BE9D
002849.646|so   |*|00|Configuration file "sip.cfg" SHA1 digest: E3A8F60B0F05686D19445F14EBA0C5BDDA3727EC
002849.646|so   |*|00|Configuration file "features.cfg" SHA1 digest: C581BA279B236C29DF1CFC79741E3FAED2E8A230
002849.646|cfg  |4|00|Prm|Configuration file(s) statistics: 1 parameters were invalid and could not be interpreted.
002849.646|cfg  |4|00|Prm|Configuration file(s) statistics: 1 parameter values were used but were out of range. 5 were invalid and ignored.
002849.648|log  |*|00|Log render level set to 1
002849.651|pcap |*|00|On-Phone Packet Capture disabled
002849.652|srtp |*|00|Initial log entry. Current logging level 4
002849.653|cfg  |5|00|Prm|Parameter 0 is out of range
002849.656|res  |*|00|Initial log entry. Current logging level 4
002849.657|httpa|*|00|Initial log entry. Current logging level 4
002849.658|lldp |*|00|Initial log entry. Current logging level 4
002849.658|cdp  |*|00|Initial log entry. Current logging level 4
002849.658|pcd  |*|00|Initial log entry. Current logging level 4
002849.670|tickt|*|00|Initial log entry. Current logging level 4
002849.670|loc  |*|00|Initial log entry. Current logging level 4
002849.674|ssps |*|00|Initial log entry. Current logging level 4
002849.676|ssps |5|00|Allocated 36992 bytes for SspsHdiMemBase=0x41906a48
002849.676|ssps |4|00|sspsDspLoad: found Maroo 23.
002849.700|utilm|4|00|uBLFUnCompressed: File /ffs0/Config/Local/WebTicket/0/sip.usr doesn't exist or is empty
002849.704|tickt|4|00|soWebTicketCertMove: Could not copy key to new uiSlot
002849.706|tickt|4|00|soWebTicketCertMove: Could not copy cert to new uiSlot
002849.707|tickt|4|00|soWebTicketCertMove: Could not copy SIP user to new uiSlot
002849.708|tickt|4|00|soWebTicketCertMove: Could not copy SIP uuid to new uiSlot
002849.709|tickt|4|00|soWebTicketCertMove: Could not copy NTLM user to new uiSlot
002849.710|tickt|4|00|soWebTicketCertMove: Could not copy NTLM domain to new uiSlot
002849.711|tickt|4|00|soWebTicketCertMove: Could not copy SIP password to new uiSlot
002849.712|tickt|4|00|soWebTicketCertMove: Could not copy server to new uiSlot
002849.905|so   |*|00|System Info Reports:
002849.905|so   |*|00|  Cpu is ARMv6-compatible processor rev 7 (v6l), ID: 0x111700b0, running at 300MHz.
002849.905|so   |*|00|  Board is identified as PolycomVVX-VVX_300.
002849.905|so   |*|00|  DRAM_SIZE: 128 MB
002849.905|so   |*|00|  NAND flash detected is 20
002849.905|key  |*|00|Initial log entry. Current logging level 4
002849.934|httpd|*|00|Initial log entry. Current logging level 4
002849.935|poll |*|00|Initial log entry. Current logging level 4
002849.935|push |*|00|Initial log entry. Current logging level 4
002849.936|poll |*|00|Initial log entry. Current logging level 4
002849.936|poll |*|00|Initial log entry. Current logging level 4
002849.936|ht   |*|00|Initial log entry. Current logging level 4
002849.937|dbuf |*|00|Initial log entry. Current logging level 4
002849.940|ssps |*|00|sspsMain: Set HDI mem to be 0, was 0
002849.943|ice  |*|00|Initial log entry. Current logging level 4
002849.944|pps  |*|00|Initial log entry. Current logging level 4
002849.944|sip  |*|00|Initial log entry. Current logging level 4
002849.945|ssps |*|00|Application, comp. 1: Label=PolyDSP Vino BCM11193 Mem1 FS1, Version=8.4.1.2003 26-Nov-2014 14:26
002849.945|ssps |*|00|Application, comp. 1: P/N=3150-11580-841.
002849.945|sipt |*|00|Initial log entry. Current logging level 4
002849.946|sipp |*|00|Initial log entry. Current logging level 4
002849.948|ptt  |*|00|Initial log entry. Current logging level 4
002849.949|xmpp |*|00|Initial log entry. Current logging level 4
002849.951|btoe |*|00|Initial log entry. Current logging level 4
002849.952|btoe |5|00|PpsBtoeC::ppsProcMsg thread launched
002850.784|pwrsv|*|00|Initial log entry. Current logging level 4
002850.817|so   |*|00|Using TCP IP Media Port, configured initial RTP port 2222
002850.853|sshc |*|00|Initial log entry. Current logging level 4
002850.853|gbLoc|*|00|Initial log entry. Current logging level 4
002850.854|app1 |*|00|Initial log entry. Current logging level 4
002850.873|btoe |5|00|PpsBtoeC Callback is set
002850.909|app1 |*|00|AppPhoneC::AppPhoneC() Number Of Line Keys = 48
002850.909|app1 |*|00|AppPhoneC::AppPhoneC() - new AppRegLineC, szUser = 8728
002850.915|app1 |*|00|AppPhoneC::AppPhoneC() - new AppRegLineC, szUser = 8718-8728
002850.923|app1 |*|00|AppPhoneC::AppPhoneC() - new AppRegLineC, szUser = 8737-8728
002851.028|ldap |*|00|Initial log entry. Current logging level 4
002851.239|efk  |*|00|Initial log entry. Current logging level 4
002851.280|cmp  |*|00|Initial log entry. Current logging level 4
002851.281|wmgr |*|00|Initial log entry. Current logging level 4
002851.286|slog |*|00|Initial log entry. Current logging level 4
002851.319|so   |4|00|SoKeyC::procMsg unexpected message 4099
002851.384|so   |*|00|Network initialized. Starting network tasks.
002851.386|log  |*|00|Install file upload callback for 'so'

002851.491|clist|*|00|Initial log entry. Current logging level 4
002851.516|clist|4|00|dbCfg::getServerDir:Unknown dbCfg type
002851.517|clist|4|00|dbCfg::getServerDir:Unknown dbCfg type
002851.527|clist|4|00|dbCfg::getServerDir:Unknown dbCfg type
002851.528|clist|4|00|dbCfg::getServerDir:Unknown dbCfg type
0421183343|clist|4|00|dbXML::createEntry:name=<bb> func=<0x1afd08><0x1afcb8>- invalid or already exist
0421183347|app1 |5|00|[AppHybridC]: APP IS COMPLETELY INTIALIZED.
0421183347|sip  |*|00|Sip Register Usr:8728 Dsp:8728 Auth:'8728' Inx:0
0421183347|app1 |4|00|Corporate directory instance does not exists.
0421183347|clist|4|00|dbCfg::getServerDir:Unknown dbCfg type
0421183347|clist|4|00|dbCfg::getServerDir:Unknown dbCfg type
0421183347|moh  |*|00|Initial log entry. Current logging level 4
0421183347|moh  |4|00|SoNcasMohC::soNcasmohCfgInit: File provisioning for Moh is defined only for Lync Profile adn if Moh feature is enabled
0421183347|sip  |*|00|Fast Boot Measurement Point: Ready for Call, uptime: 1736.085 sec.
0421183347|sip  |*|00|Sip Register Usr:8718-8728 Dsp:8718-8728 Auth:'8718-8728' Inx:1
0421183347|sip  |*|00|Sip Register Usr:8737-8728 Dsp:8737-8728 Auth:'8737-8728' Inx:2
0421183351|pgui |4|00|Unable to find token (en) from the cached table list, notification ignored
0421183351|pgui |4|00|Unable to find token (en) from the cached table list, notification ignored
0421183351|pgui |4|00|Unable to find token (en) from the cached table list, notification ignored
0421183351|pgui |4|00|Unable to find token (en) from the cached table list, notification ignored
000017.544|log  |*|00|---------- Initial log entry ----------
000017.153|rdisk|*|00|Initial log entry. Current logging level 4
000017.158|rdisk|*|00|RAM disk created and mounted at "/rfs0"
000017.161|rdisk|*|00|RAM disk created, size: 16,777,216 bytes
000017.526|so   |*|00|Platform: Model=VVX 300, Assembly=3111-46135-002 Rev=A Region=0
000017.527|so   |*|00|Platform: Interface    eth0 MAC=0004f28e7821
000017.529|so   |*|00|Platform: BootBlock=3.0.4.0028 (46135-002) 30-Jan-13 18:00
000017.530|so   |*|00|Platform: BootL1=1.0.0.0009 (46135-002) 11-Jan-13 14:23
000017.539|so   |*|00|Platform: Updater=5.5.0.13251 24-Mar-15 03:06
000017.539|so   |*|00|Application, main: Label=SIP, Version=Congo 5.3.0.12074 24-Mar-15 02:31
000017.539|so   |*|00|Application, main: P/N=3150-11530-530
000017.539|rdisk|*|00|RAM disk created, size: 16,777,216 bytes
000017.543|ocsp |*|00|O.C.S.P. Enabled = 0
000017.612|tls  |*|00|Initial log entry. Current logging level 4
000017.662|pmt  |*|00|Initial log entry. Current logging level 4
000017.679|wdog |*|00|Initial log entry. Current logging level 4
000017.680|ethf |*|00|Initial log entry. Current logging level 4
000017.681|hw   |*|00|Initial log entry. Current logging level 4
000017.684|ares |*|00|Initial log entry. Current logging level 4
000017.688|dns  |*|00|Initial log entry. Current logging level 4
000017.688|cfg  |*|00|Initial log entry. Current logging level 4
000017.689|cfg  |*|00|Prm|cfgParamBaseProfileUpdate: Using Base Profile Generic
000017.703|dot1x|*|00|Initial log entry. Current logging level 4
000017.899|lic  |*|00|Initial log entry. Current logging level 4
000017.917|lic  |5|00|cfgCfsFlashKeyScratchLoad: could not load flash len 976
000017.917|lic  |*|00|License expiry check in 1606 seconds
000018.044|curl |*|00|Initial log entry. Current logging level 4
000018.044|utilm|*|00|Initial log entry. Current logging level 4
000018.046|copy |*|00|Initial log entry. Current logging level 4
000018.048|rtos |*|00|Initial log entry. Current logging level 4
000018.050|sec  |*|00|Initial log entry. Current logging level 4
000018.076|so   |*|00|Configuration files: 0004f28e7821_reg.cfg, provisioner.cfg, sip.cfg, features.cfg
000018.077|so   |*|00|Configuration file "0004f28e7821_reg.cfg" SHA1 digest: B7C750B88966BA5AED63DF206E77BD9D36EDA373
000018.077|so   |*|00|Configuration file "provisioner.cfg" SHA1 digest: 51080CD89DA743106AF5139272C6860F0465BE9D
000018.077|so   |*|00|Configuration file "sip.cfg" SHA1 digest: E3A8F60B0F05686D19445F14EBA0C5BDDA3727EC
000018.077|so   |*|00|Configuration file "features.cfg" SHA1 digest: C581BA279B236C29DF1CFC79741E3FAED2E8A230
000018.077|cfg  |4|00|Prm|Configuration file(s) statistics: 1 parameters were invalid and could not be interpreted.
000018.077|cfg  |4|00|Prm|Configuration file(s) statistics: 1 parameter values were used but were out of range. 5 were invalid and ignored.
000018.093|log  |*|00|Log render level set to 1
000018.100|pcap |*|00|On-Phone Packet Capture disabled
000018.103|srtp |*|00|Initial log entry. Current logging level 4
000018.117|cfg  |5|00|Prm|Parameter 0 is out of range
000018.127|res  |*|00|Initial log entry. Current logging level 4
000018.132|httpa|*|00|Initial log entry. Current logging level 4
000018.132|lldp |*|00|Initial log entry. Current logging level 4
000018.132|cdp  |*|00|Initial log entry. Current logging level 4
000018.136|pcd  |*|00|Initial log entry. Current logging level 4
000018.172|tickt|*|00|Initial log entry. Current logging level 4
000018.174|loc  |*|00|Initial log entry. Current logging level 4
000018.186|utilm|4|00|uBLFUnCompressed: File /ffs0/Config/Local/WebTicket/0/sip.usr doesn't exist or is empty
000018.197|tickt|4|00|soWebTicketCertMove: Could not copy key to new uiSlot
000018.197|tickt|4|00|soWebTicketCertMove: Could not copy cert to new uiSlot
000018.199|tickt|4|00|soWebTicketCertMove: Could not copy SIP user to new uiSlot
000018.200|tickt|4|00|soWebTicketCertMove: Could not copy SIP uuid to new uiSlot
000018.201|tickt|4|00|soWebTicketCertMove: Could not copy NTLM user to new uiSlot
000018.201|tickt|4|00|soWebTicketCertMove: Could not copy NTLM domain to new uiSlot
000018.202|tickt|4|00|soWebTicketCertMove: Could not copy SIP password to new uiSlot
000018.203|tickt|4|00|soWebTicketCertMove: Could not copy server to new uiSlot
000018.217|ssps |*|00|Initial log entry. Current logging level 4
000018.231|ssps |5|00|Allocated 36992 bytes for SspsHdiMemBase=0x41a00c20
000018.234|ssps |4|00|sspsDspLoad: found Maroo 23.
000018.695|so   |*|00|System Info Reports:
000018.696|so   |*|00|  Cpu is ARMv6-compatible processor rev 7 (v6l), ID: 0x111700b0, running at 300MHz.
000018.696|so   |*|00|  Board is identified as PolycomVVX-VVX_300.
000018.696|so   |*|00|  DRAM_SIZE: 128 MB
000018.696|so   |*|00|  NAND flash detected is 20
000018.697|key  |*|00|Initial log entry. Current logging level 4
000018.743|httpd|*|00|Initial log entry. Current logging level 4
000018.744|poll |*|00|Initial log entry. Current logging level 4
000018.746|push |*|00|Initial log entry. Current logging level 4
000018.747|poll |*|00|Initial log entry. Current logging level 4
000018.749|poll |*|00|Initial log entry. Current logging level 4
000018.755|ht   |*|00|Initial log entry. Current logging level 4
000018.759|dbuf |*|00|Initial log entry. Current logging level 4
000018.765|ssps |*|00|sspsMain: Set HDI mem to be 0, was 0
000018.784|ice  |*|00|Initial log entry. Current logging level 4
000018.790|pps  |*|00|Initial log entry. Current logging level 4
000018.792|sip  |*|00|Initial log entry. Current logging level 4
000018.794|sipt |*|00|Initial log entry. Current logging level 4
000018.794|sipp |*|00|Initial log entry. Current logging level 4
000018.798|ssps |*|00|Application, comp. 1: Label=PolyDSP Vino BCM11193 Mem1 FS1, Version=8.4.1.2003 26-Nov-2014 14:26
000018.798|ssps |*|00|Application, comp. 1: P/N=3150-11580-841.
000018.803|ptt  |*|00|Initial log entry. Current logging level 4
000018.811|xmpp |*|00|Initial log entry. Current logging level 4
000018.821|btoe |*|00|Initial log entry. Current logging level 4
000018.828|btoe |5|00|PpsBtoeC::ppsProcMsg thread launched
000019.731|pwrsv|*|00|Initial log entry. Current logging level 4
000019.768|so   |*|00|Using TCP IP Media Port, configured initial RTP port 2222
000019.849|sshc |*|00|Initial log entry. Current logging level 4
000019.849|gbLoc|*|00|Initial log entry. Current logging level 4
000019.853|app1 |*|00|Initial log entry. Current logging level 4
000019.905|btoe |5|00|PpsBtoeC Callback is set
000019.951|app1 |*|00|AppPhoneC::AppPhoneC() Number Of Line Keys = 48
000019.951|app1 |*|00|AppPhoneC::AppPhoneC() - new AppRegLineC, szUser = 8728
000019.970|app1 |*|00|AppPhoneC::AppPhoneC() - new AppRegLineC, szUser = 8718-8728
000019.977|app1 |*|00|AppPhoneC::AppPhoneC() - new AppRegLineC, szUser = 8737-8728
000020.118|ldap |*|00|Initial log entry. Current logging level 4
000020.378|efk  |*|00|Initial log entry. Current logging level 4
000020.522|cmp  |*|00|Initial log entry. Current logging level 4
000020.526|wmgr |*|00|Initial log entry. Current logging level 4
000020.546|slog |*|00|Initial log entry. Current logging level 4
000020.636|so   |4|00|SoKeyC::procMsg unexpected message 4099
000024.438|dhcpc|*|00|Initial log entry. Current logging level 4
000025.516|pgui |*|00|Initial log entry. Current logging level 4
000027.771|cfg  |*|00|RT|   Phone IP address is 10.2.0.233.
000027.772|cfg  |*|00|RT|   Subnet mask is 255.255.255.0.
000027.772|cfg  |*|00|RT|   Gateway address is 10.2.0.1.
000027.772|cfg  |*|00|RT|   DNS server is 8.8.8.8.
000027.772|cfg  |*|00|RT|   DNS alternate server is 8.8.4.4.
000027.772|cfg  |*|00|RT|   GMT offset is -28800 seconds.
000027.775|dns  |*|00|DNS resolver servers are '8.8.8.8' '8.8.4.4'
000027.776|dns  |*|00|DNS resolver search domain is ''
000027.778|cfg  |*|00|RT|Primary IP: 10.2.0.233 subnet mask 255.255.255.0
000027.920|so   |*|00|Network initialized. Starting network tasks.
000027.923|log  |*|00|Install file upload callback for 'so'

000028.870|ares |4|00|aresDnsLookup: select time-out 1 on A lookup for 'pool.ntp.org' after 0 sec
0421184014|pgui |*|00|Qt Mouse driver created.
0421184016|em   |*|00|Initial log entry. Current logging level 4
0421184016|osd  |*|00|Initial log entry. Current logging level 4
0421184016|dbs  |*|00|Initial log entry. Current logging level 4
0421184016|clist|*|00|Initial log entry. Current logging level 4
0421184016|clist|4|00|dbCfg::getServerDir:Unknown dbCfg type
0421184016|clist|4|00|dbCfg::getServerDir:Unknown dbCfg type
0421184016|clist|4|00|dbCfg::getServerDir:Unknown dbCfg type
0421184016|clist|4|00|dbCfg::getServerDir:Unknown dbCfg type
0421184019|clist|4|00|dbXML::createEntry:name=<bb> func=<0x1afd08><0x1afcb8>- invalid or already exist
0421184022|brow |*|00|Initial log entry. Current logging level 4
0421184023|app1 |5|00|[AppHybridC]: APP IS COMPLETELY INTIALIZED.
0421184023|sip  |*|00|Sip Register Usr:8728 Dsp:8728 Auth:'8728' Inx:0
0421184023|app1 |4|00|Corporate directory instance does not exists.
0421184023|clist|4|00|dbCfg::getServerDir:Unknown dbCfg type
0421184023|clist|4|00|dbCfg::getServerDir:Unknown dbCfg type
0421184024|moh  |*|00|Initial log entry. Current logging level 4
0421184024|moh  |4|00|SoNcasMohC::soNcasmohCfgInit: File provisioning for Moh is defined only for Lync Profile adn if Moh feature is enabled
0421184024|cfg  |*|00|Prov|Starting to update 3111-46135-002.sip.ld
0421184024|sip  |*|00|Fast Boot Measurement Point: Ready for Call, uptime: 69.596 sec.
0421184024|sip  |*|00|Sip Register Usr:8718-8728 Dsp:8718-8728 Auth:'8718-8728' Inx:1
0421184024|sip  |*|00|Sip Register Usr:8737-8728 Dsp:8737-8728 Auth:'8737-8728' Inx:2
0421184029|copy |*|00|Server 'p.voxter.com' said 'licenses/000000000000-license.cfg' is not present
0421184029|copy |*|00|Server 'p.voxter.com' said 'licenses/0004f28e7821-license.cfg' is not present
0421184029|cfg  |*|00|Prm|0004f28e7821_reg.cfg: Value "" for configuration parameter reg.1.server.2.port is invalid, ignoring
0421184029|cfg  |*|00|Prm|0004f28e7821_reg.cfg: Value "" for configuration parameter reg.1.outboundProxy.port is invalid, ignoring
0421184029|cfg  |*|00|Prm|0004f28e7821_reg.cfg: Value "" for configuration parameter reg.1.lineKeys is invalid, ignoring
0421184029|cfg  |4|00|Prm|provisioner.cfg: Unknown parameter "sec.tagSerialNo.set" found, ignoring.
0421184029|cfg  |*|00|Prm|features.cfg: Value 9999 for configuration parameter dir.local.contacts.maxNum is too large, using 500, the maximum allowed
0421184029|cfg  |*|00|Prov|Setting device parameters from configuration files.
0421184029|cfg  |4|00|RT|cfgFlashUpdateFromConfig: Failed to update SerialConfig
0421184029|cfg  |*|00|Prov|Finished updating configuration
/0/sip.usr doesn't exist or is empty
002849.704|tickt|4|00|soWebTicketCertMove: Could not copy key to new uiSlot
002849.706|tickt|4|00|soWebTicketCertMove: Could not copy cert to new uiSlot
002849.707|tickt|4|00|soWebTicketCertMove: Could not copy SIP user to new uiSlot
002849.708|tickt|4|00|soWebTicketCertMove: Could not copy SIP uuid to new uiSlot
002849.709|tickt|4|00|soWebTicketCertMove: Could not copy NTLM user to new uiSlot
002849.710|tickt|4|00|soWebTicketCertMove: Could not copy NTLM domain to new uiSlot
002849.711|tickt|4|00|soWebTicketCertMove: Could not copy SIP password to new uiSlot
002849.712|tickt|4|00|soWebTicketCertMove: Could not copy server to new uiSlot
002849.905|so   |*|00|System Info Reports:
002849.905|so   |*|00|  Cpu is ARMv6-compatible processor rev 7 (v6l), ID: 0x111700b0, running at 300MHz.
002849.905|so   |*|00|  Board is identified as PolycomVVX-VVX_300.
002849.905|so   |*|00|  DRAM_SIZE: 128 MB
002849.905|so   |*|00|  NAND flash detected is 20
002849.905|key  |*|00|Initial log entry. Current logging level 4
002849.934|httpd|*|00|Initial log entry. Current logging level 4
002849.935|poll |*|00|Initial log entry. Current logging level 4
002849.935|push |*|00|Initial log entry. Current logging level 4
002849.936|poll |*|00|Initial log entry. Current logging level 4
002849.936|poll |*|00|Initial log entry. Current logging level 4
002849.936|ht   |*|00|Initial log entry. Current logging level 4
002849.937|dbuf |*|00|Initial log entry. Current logging level 4
002849.940|ssps |*|00|sspsMain: Set HDI mem to be 0, was 0
002849.943|ice  |*|00|Initial log entry. Current logging level 4
002849.944|pps  |*|00|Initial log entry. Current logging level 4
002849.944|sip  |*|00|Initial log entry. Current logging level 4
002849.945|ssps |*|00|Application, comp. 1: Label=PolyDSP Vino BCM11193 Mem1 FS1, Version=8.4.1.2003 26-Nov-2014 14:26
002849.945|ssps |*|00|Application, comp. 1: P/N=3150-11580-841.
002849.945|sipt |*|00|Initial log entry. Current logging level 4
002849.946|sipp |*|00|Initial log entry. Current logging level 4
002849.948|ptt  |*|00|Initial log entry. Current logging level 4
002849.949|xmpp |*|00|Initial log entry. Current logging level 4
002849.951|btoe |*|00|Initial log entry. Current logging level 4
002849.952|btoe |5|00|PpsBtoeC::ppsProcMsg thread launched
002850.784|pwrsv|*|00|Initial log entry. Current logging level 4
002850.817|so   |*|00|Using TCP IP Media Port, configured initial RTP port 2222
002850.853|sshc |*|00|Initial log entry. Current logging level 4
002850.853|gbLoc|*|00|Initial log entry. Current logging level 4
002850.854|app1 |*|00|Initial log entry. Current logging level 4
002850.873|btoe |5|00|PpsBtoeC Callback is set
002850.909|app1 |*|00|AppPhoneC::AppPhoneC() Number Of Line Keys = 48
002850.909|app1 |*|00|AppPhoneC::AppPhoneC() - new AppRegLineC, szUser = 8728
002850.915|app1 |*|00|AppPhoneC::AppPhoneC() - new AppRegLineC, szUser = 8718-8728
002850.923|app1 |*|00|AppPhoneC::AppPhoneC() - new AppRegLineC, szUser = 8737-8728
002851.028|ldap |*|00|Initial log entry. Current logging level 4
002851.239|efk  |*|00|Initial log entry. Current logging level 4
002851.280|cmp  |*|00|Initial log entry. Current logging level 4
002851.281|wmgr |*|00|Initial log entry. Current logging level 4
002851.286|slog |*|00|Initial log entry. Current logging level 4
002851.319|so   |4|00|SoKeyC::procMsg unexpected message 4099
002851.384|so   |*|00|Network initialized. Starting network tasks.
002851.386|log  |*|00|Install file upload callback for 'so'

002851.491|clist|*|00|Initial log entry. Current logging level 4
002851.516|clist|4|00|dbCfg::getServerDir:Unknown dbCfg type
002851.517|clist|4|00|dbCfg::getServerDir:Unknown dbCfg type
002851.527|clist|4|00|dbCfg::getServerDir:Unknown dbCfg type
002851.528|clist|4|00|dbCfg::getServerDir:Unknown dbCfg type
0421183343|clist|4|00|dbXML::createEntry:name=<bb> func=<0x1afd08><0x1afcb8>- invalid or already exist
0421183347|app1 |5|00|[AppHybridC]: APP IS COMPLETELY INTIALIZED.
0421183347|sip  |*|00|Sip Register Usr:8728 Dsp:8728 Auth:'8728' Inx:0
0421183347|app1 |4|00|Corporate directory instance does not exists.
0421183347|clist|4|00|dbCfg::getServerDir:Unknown dbCfg type
0421183347|clist|4|00|dbCfg::getServerDir:Unknown dbCfg type
0421183347|moh  |*|00|Initial log entry. Current logging level 4
0421183347|moh  |4|00|SoNcasMohC::soNcasmohCfgInit: File provisioning for Moh is defined only for Lync Profile adn if Moh feature is enabled
0421183347|sip  |*|00|Fast Boot Measurement Point: Ready for Call, uptime: 1736.085 sec.
0421183347|sip  |*|00|Sip Register Usr:8718-8728 Dsp:8718-8728 Auth:'8718-8728' Inx:1
0421183347|sip  |*|00|Sip Register Usr:8737-8728 Dsp:8737-8728 Auth:'8737-8728' Inx:2
0421183351|pgui |4|00|Unable to find token (en) from the cached table list, notification ignored
0421183351|pgui |4|00|Unable to find token (en) from the cached table list, notification ignored
0421183351|pgui |4|00|Unable to find token (en) from the cached table list, notification ignored
0421183351|pgui |4|00|Unable to find token (en) from the cached table list, notification ignored
000017.544|log  |*|00|---------- Initial log entry ----------
000017.153|rdisk|*|00|Initial log entry. Current logging level 4
000017.158|rdisk|*|00|RAM disk created and mounted at "/rfs0"
000017.161|rdisk|*|00|RAM disk created, size: 16,777,216 bytes
000017.526|so   |*|00|Platform: Model=VVX 300, Assembly=3111-46135-002 Rev=A Region=0
000017.527|so   |*|00|Platform: Interface    eth0 MAC=0004f28e7821
000017.529|so   |*|00|Platform: BootBlock=3.0.4.0028 (46135-002) 30-Jan-13 18:00
000017.530|so   |*|00|Platform: BootL1=1.0.0.0009 (46135-002) 11-Jan-13 14:23
000017.539|so   |*|00|Platform: Updater=5.5.0.13251 24-Mar-15 03:06
000017.539|so   |*|00|Application, main: Label=SIP, Version=Congo 5.3.0.12074 24-Mar-15 02:31
000017.539|so   |*|00|Application, main: P/N=3150-11530-530
000017.539|rdisk|*|00|RAM disk created, size: 16,777,216 bytes
000017.543|ocsp |*|00|O.C.S.P. Enabled = 0
000017.612|tls  |*|00|Initial log entry. Current logging level 4
000017.662|pmt  |*|00|Initial log entry. Current logging level 4
000017.679|wdog |*|00|Initial log entry. Current logging level 4
000017.680|ethf |*|00|Initial log entry. Current logging level 4
000017.681|hw   |*|00|Initial log entry. Current logging level 4
000017.684|ares |*|00|Initial log entry. Current logging level 4
000017.688|dns  |*|00|Initial log entry. Current logging level 4
000017.688|cfg  |*|00|Initial log entry. Current logging level 4
000017.689|cfg  |*|00|Prm|cfgParamBaseProfileUpdate: Using Base Profile Generic
000017.703|dot1x|*|00|Initial log entry. Current logging level 4
000017.899|lic  |*|00|Initial log entry. Current logging level 4
000017.917|lic  |5|00|cfgCfsFlashKeyScratchLoad: could not load flash len 976
000017.917|lic  |*|00|License expiry check in 1606 seconds
000018.044|curl |*|00|Initial log entry. Current logging level 4
000018.044|utilm|*|00|Initial log entry. Current logging level 4
000018.046|copy |*|00|Initial log entry. Current logging level 4
000018.048|rtos |*|00|Initial log entry. Current logging level 4
000018.050|sec  |*|00|Initial log entry. Current logging level 4
000018.076|so   |*|00|Configuration files: 0004f28e7821_reg.cfg, provisioner.cfg, sip.cfg, features.cfg
000018.077|so   |*|00|Configuration file "0004f28e7821_reg.cfg" SHA1 digest: B7C750B88966BA5AED63DF206E77BD9D36EDA373
000018.077|so   |*|00|Configuration file "provisioner.cfg" SHA1 digest: 51080CD89DA743106AF5139272C6860F0465BE9D
000018.077|so   |*|00|Configuration file "sip.cfg" SHA1 digest: E3A8F60B0F05686D19445F14EBA0C5BDDA3727EC
000018.077|so   |*|00|Configuration file "features.cfg" SHA1 digest: C581BA279B236C29DF1CFC79741E3FAED2E8A230
000018.077|cfg  |4|00|Prm|Configuration file(s) statistics: 1 parameters were invalid and could not be interpreted.
000018.077|cfg  |4|00|Prm|Configuration file(s) statistics: 1 parameter values were used but were out of range. 5 were invalid and ignored.
000018.093|log  |*|00|Log render level set to 1
000018.100|pcap |*|00|On-Phone Packet Capture disabled
000018.103|srtp |*|00|Initial log entry. Current logging level 4
000018.117|cfg  |5|00|Prm|Parameter 0 is out of range
000018.127|res  |*|00|Initial log entry. Current logging level 4
000018.132|httpa|*|00|Initial log entry. Current logging level 4
000018.132|lldp |*|00|Initial log entry. Current logging level 4
000018.132|cdp  |*|00|Initial log entry. Current logging level 4
000018.136|pcd  |*|00|Initial log entry. Current logging level 4
000018.172|tickt|*|00|Initial log entry. Current logging level 4
000018.174|loc  |*|00|Initial log entry. Current logging level 4
000018.186|utilm|4|00|uBLFUnCompressed: File /ffs0/Config/Local/WebTicket/0/sip.usr doesn't exist or is empty
000018.197|tickt|4|00|soWebTicketCertMove: Could not copy key to new uiSlot
000018.197|tickt|4|00|soWebTicketCertMove: Could not copy cert to new uiSlot
000018.199|tickt|4|00|soWebTicketCertMove: Could not copy SIP user to new uiSlot
000018.200|tickt|4|00|soWebTicketCertMove: Could not copy SIP uuid to new uiSlot
000018.201|tickt|4|00|soWebTicketCertMove: Could not copy NTLM user to new uiSlot
000018.201|tickt|4|00|soWebTicketCertMove: Could not copy NTLM domain to new uiSlot
000018.202|tickt|4|00|soWebTicketCertMove: Could not copy SIP password to new uiSlot
000018.203|tickt|4|00|soWebTicketCertMove: Could not copy server to new uiSlot
000018.217|ssps |*|00|Initial log entry. Current logging level 4
000018.231|ssps |5|00|Allocated 36992 bytes for SspsHdiMemBase=0x41a00c20
000018.234|ssps |4|00|sspsDspLoad: found Maroo 23.
000018.695|so   |*|00|System Info Reports:
000018.696|so   |*|00|  Cpu is ARMv6-compatible processor rev 7 (v6l), ID: 0x111700b0, running at 300MHz.
000018.696|so   |*|00|  Board is identified as PolycomVVX-VVX_300.
000018.696|so   |*|00|  DRAM_SIZE: 128 MB
000018.696|so   |*|00|  NAND flash detected is 20
000018.697|key  |*|00|Initial log entry. Current logging level 4
000018.743|httpd|*|00|Initial log entry. Current logging level 4
000018.744|poll |*|00|Initial log entry. Current logging level 4
000018.746|push |*|00|Initial log entry. Current logging level 4
000018.747|poll |*|00|Initial log entry. Current logging level 4
000018.749|poll |*|00|Initial log entry. Current logging level 4
000018.755|ht   |*|00|Initial log entry. Current logging level 4
000018.759|dbuf |*|00|Initial log entry. Current logging level 4
000018.765|ssps |*|00|sspsMain: Set HDI mem to be 0, was 0
000018.784|ice  |*|00|Initial log entry. Current logging level 4
000018.790|pps  |*|00|Initial log entry. Current logging level 4
000018.792|sip  |*|00|Initial log entry. Current logging level 4
000018.794|sipt |*|00|Initial log entry. Current logging level 4
000018.794|sipp |*|00|Initial log entry. Current logging level 4
000018.798|ssps |*|00|Application, comp. 1: Label=PolyDSP Vino BCM11193 Mem1 FS1, Version=8.4.1.2003 26-Nov-2014 14:26
000018.798|ssps |*|00|Application, comp. 1: P/N=3150-11580-841.
000018.803|ptt  |*|00|Initial log entry. Current logging level 4
000018.811|xmpp |*|00|Initial log entry. Current logging level 4
000018.821|btoe |*|00|Initial log entry. Current logging level 4
000018.828|btoe |5|00|PpsBtoeC::ppsProcMsg thread launched
000019.731|pwrsv|*|00|Initial log entry. Current logging level 4
000019.768|so   |*|00|Using TCP IP Media Port, configured initial RTP port 2222
000019.849|sshc |*|00|Initial log entry. Current logging level 4
000019.849|gbLoc|*|00|Initial log entry. Current logging level 4
000019.853|app1 |*|00|Initial log entry. Current logging level 4
000019.905|btoe |5|00|PpsBtoeC Callback is set
000019.951|app1 |*|00|AppPhoneC::AppPhoneC() Number Of Line Keys = 48
000019.951|app1 |*|00|AppPhoneC::AppPhoneC() - new AppRegLineC, szUser = 8728
000019.970|app1 |*|00|AppPhoneC::AppPhoneC() - new AppRegLineC, szUser = 8718-8728
000019.977|app1 |*|00|AppPhoneC::AppPhoneC() - new AppRegLineC, szUser = 8737-8728
000020.118|ldap |*|00|Initial log entry. Current logging level 4
000020.378|efk  |*|00|Initial log entry. Current logging level 4
000020.522|cmp  |*|00|Initial log entry. Current logging level 4
000020.526|wmgr |*|00|Initial log entry. Current logging level 4
000020.546|slog |*|00|Initial log entry. Current logging level 4
000020.636|so   |4|00|SoKeyC::procMsg unexpected message 4099
000024.438|dhcpc|*|00|Initial log entry. Current logging level 4
000025.516|pgui |*|00|Initial log entry. Current logging level 4
000027.771|cfg  |*|00|RT|   Phone IP address is 10.2.0.233.
000027.772|cfg  |*|00|RT|   Subnet mask is 255.255.255.0.
000027.772|cfg  |*|00|RT|   Gateway address is 10.2.0.1.
000027.772|cfg  |*|00|RT|   DNS server is 8.8.8.8.
000027.772|cfg  |*|00|RT|   DNS alternate server is 8.8.4.4.
000027.772|cfg  |*|00|RT|   GMT offset is -28800 seconds.
000027.775|dns  |*|00|DNS resolver servers are '8.8.8.8' '8.8.4.4'
000027.776|dns  |*|00|DNS resolver search domain is ''
000027.778|cfg  |*|00|RT|Primary IP: 10.2.0.233 subnet mask 255.255.255.0
000027.920|so   |*|00|Network initialized. Starting network tasks.
000027.923|log  |*|00|Install file upload callback for 'so'

000028.870|ares |4|00|aresDnsLookup: select time-out 1 on A lookup for 'pool.ntp.org' after 0 sec
0421184014|pgui |*|00|Qt Mouse driver created.
0421184016|em   |*|00|Initial log entry. Current logging level 4
0421184016|osd  |*|00|Initial log entry. Current logging level 4
0421184016|dbs  |*|00|Initial log entry. Current logging level 4
0421184016|clist|*|00|Initial log entry. Current logging level 4
0421184016|clist|4|00|dbCfg::getServerDir:Unknown dbCfg type
0421184016|clist|4|00|dbCfg::getServerDir:Unknown dbCfg type
0421184016|clist|4|00|dbCfg::getServerDir:Unknown dbCfg type
0421184016|clist|4|00|dbCfg::getServerDir:Unknown dbCfg type
0421184019|clist|4|00|dbXML::createEntry:name=<bb> func=<0x1afd08><0x1afcb8>- invalid or already exist
0421184022|brow |*|00|Initial log entry. Current logging level 4
0421184023|app1 |5|00|[AppHybridC]: APP IS COMPLETELY INTIALIZED.
0421184023|sip  |*|00|Sip Register Usr:8728 Dsp:8728 Auth:'8728' Inx:0
0421184023|app1 |4|00|Corporate directory instance does not exists.
0421184023|clist|4|00|dbCfg::getServerDir:Unknown dbCfg type
0421184023|clist|4|00|dbCfg::getServerDir:Unknown dbCfg type
0421184024|moh  |*|00|Initial log entry. Current logging level 4
0421184024|moh  |4|00|SoNcasMohC::soNcasmohCfgInit: File provisioning for Moh is defined only for Lync Profile adn if Moh feature is enabled
0421184024|cfg  |*|00|Prov|Starting to update 3111-46135-002.sip.ld
0421184024|sip  |*|00|Fast Boot Measurement Point: Ready for Call, uptime: 69.596 sec.
0421184024|sip  |*|00|Sip Register Usr:8718-8728 Dsp:8718-8728 Auth:'8718-8728' Inx:1
0421184024|sip  |*|00|Sip Register Usr:8737-8728 Dsp:8737-8728 Auth:'8737-8728' Inx:2
0421184029|copy |*|00|Server 'p.voxter.com' said 'licenses/000000000000-license.cfg' is not present
0421184029|copy |*|00|Server 'p.voxter.com' said 'licenses/0004f28e7821-license.cfg' is not present
0421184029|cfg  |*|00|Prm|0004f28e7821_reg.cfg: Value "" for configuration parameter reg.1.server.2.port is invalid, ignoring
0421184029|cfg  |*|00|Prm|0004f28e7821_reg.cfg: Value "" for configuration parameter reg.1.outboundProxy.port is invalid, ignoring
0421184029|cfg  |*|00|Prm|0004f28e7821_reg.cfg: Value "" for configuration parameter reg.1.lineKeys is invalid, ignoring
0421184029|cfg  |4|00|Prm|provisioner.cfg: Unknown parameter "sec.tagSerialNo.set" found, ignoring.
0421184029|cfg  |*|00|Prm|features.cfg: Value 9999 for configuration parameter dir.local.contacts.maxNum is too large, using 500, the maximum allowed
0421184029|cfg  |*|00|Prov|Setting device parameters from configuration files.
0421184029|cfg  |4|00|RT|cfgFlashUpdateFromConfig: Failed to update SerialConfig
0421184029|cfg  |*|00|Prov|Finished updating configuration
0421190621|lic  |*|00|License expiry check in 24853 seconds
0422020034|lic  |*|00|License expiry check in 86400 seconds
0422080916|clist|4|00|dbIO::processResult:copy error
