0421154515|so   |4|00|IsDivertFeaturesEnabled - EXIT
0421154515|so   |4|00|IsDivertFeaturesEnabled - EXIT
0421154559|clist|4|00|dbIO::processResult:copy error
0421154559|clist|4|00|dbSet::mem2srv:transfer failed
0421172458|clist|4|00|dbIO::processResult:copy error
0421172458|clist|4|00|dbSet::mem2srv:transfer failed
0421183239|cfg  |*|00|RT|   Phone IP address is 10.2.0.208.
0421183239|cfg  |*|00|RT|   Subnet mask is 255.255.255.0.
0421183239|cfg  |*|00|RT|   Gateway address is 10.2.0.1.
0421183239|cfg  |*|00|RT|   DNS server is 8.8.8.8.
0421183239|cfg  |*|00|RT|   DNS alternate server is 8.8.4.4.
0421183239|cfg  |*|00|RT|   GMT offset is -28800 seconds.
000016.236|log  |*|00|---------- Initial log entry ----------
000008.997|wdog |*|00|Initial log entry. Current logging level 4
000015.867|rdisk|*|00|Initial log entry. Current logging level 4
000015.873|rdisk|*|00|RAM disk created and mounted at "/rfs0"
000015.873|rdisk|*|00|RAM disk created, size: 16,777,216 bytes
000016.222|so   |*|00|Platform: Model=VVX 300, Assembly=3111-46135-002 Rev=A Region=0
000016.222|so   |*|00|Platform: Interface    eth0 MAC=0004f28e7808
000016.225|so   |*|00|Platform: BootBlock=3.0.4.0028 (46135-002) 30-Jan-13 18:00
000016.226|so   |*|00|Platform: BootL1=1.0.0.0009 (46135-002) 11-Jan-13 14:23
000016.232|so   |*|00|Platform: Updater=5.1.4.0844 20-Mar-13 14:23
000016.233|so   |*|00|Application, main: Label=SIP, Version=PrairieDog 4.1.4.7430 20-Mar-13 14:12
000016.233|so   |*|00|Application, main: P/N=3150-11530-414
000016.233|rdisk|*|00|RAM disk created, size: 16,777,216 bytes
000016.235|ocsp |*|00|O.C.S.P. Enabled = 0
000016.290|tls  |*|00|Initial log entry. Current logging level 4
000016.339|pmt  |*|00|Initial log entry. Current logging level 4
000016.346|wdog |*|00|Initial log entry. Current logging level 4
000016.346|ethf |*|00|Initial log entry. Current logging level 4
000016.347|hw   |*|00|Initial log entry. Current logging level 4
000016.353|ares |*|00|Initial log entry. Current logging level 4
000016.355|dns  |*|00|Initial log entry. Current logging level 4
000016.355|cfg  |*|00|Initial log entry. Current logging level 4
000016.355|cfg  |*|00|Prm|cfgParamBaseProfileUpdate: Using Base Profile Generic
000016.370|dot1x|*|00|Initial log entry. Current logging level 4
000016.390|ethf |4|00|utilEthFilterInit: VLAN Filter enabled, Storm Filter enabled
000016.477|cfg  |5|00|RT|Error installing DHCP event hook.
000016.574|lic  |*|00|Initial log entry. Current logging level 4
000016.592|lic  |5|00|cfgCfsFlashKeyScratchLoad: could not load flash len 976
000016.717|curl |*|00|Initial log entry. Current logging level 4
000016.717|utilm|*|00|Initial log entry. Current logging level 4
000016.719|copy |*|00|Initial log entry. Current logging level 4
000016.719|rtos |*|00|Initial log entry. Current logging level 4
000016.734|sec  |*|00|Initial log entry. Current logging level 4
000016.753|so   |*|00|Configuration files: 0004f28e7808_reg.cfg, sip.cfg
000016.753|so   |*|00|Configuration file "0004f28e7808_reg.cfg" SHA1 digest: ABE33C358ADCE3A577266392658BE809C4D8CED0
000016.753|so   |*|00|Configuration file "sip.cfg" SHA1 digest: F3B63F9AE11F665CC019E9116A0656F59774F0D2
000016.753|cfg  |4|00|Prm|Configuration file(s) statistics: 0 parameter values were used but were out of range. 5 were invalid and ignored.
000016.769|log  |*|00|Log render level set to 1
000016.778|srtp |*|00|Initial log entry. Current logging level 4
000016.789|cfg  |5|00|Prm|Parameter 0 is out of range
000016.797|res  |*|00|Initial log entry. Current logging level 4
000016.800|httpa|*|00|Initial log entry. Current logging level 4
000016.801|lldp |*|00|Initial log entry. Current logging level 4
000016.801|cdp  |*|00|Initial log entry. Current logging level 4
000016.805|pcd  |*|00|Initial log entry. Current logging level 4
000016.826|tickt|*|00|Initial log entry. Current logging level 4
000016.847|utilm|4|00|uBLFUnCompressed: File /ffs0/Config/Local/WebTicket/0/sip.usr doesn't exist or is empty
000016.853|tickt|4|00|soWebTicketCertMove: Could not copy key to new slot
000016.856|tickt|4|00|soWebTicketCertMove: Could not copy cert to new slot
000016.857|tickt|4|00|soWebTicketCertMove: Could not copy SIP user to new slot
000016.857|tickt|4|00|soWebTicketCertMove: Could not copy SIP uuid to new slot
000016.857|tickt|4|00|soWebTicketCertMove: Could not copy server to new slot
000016.862|loc  |*|00|Initial log entry. Current logging level 4
000016.878|ssps |*|00|Initial log entry. Current logging level 4
000016.887|ssps |5|00|Allocated 36992 bytes for SspsHdiMemBase=0xd69f70
000016.891|ssps |4|00|sspsDspLoad: found Maroo 23.
000017.411|so   |*|00|System Info Reports:
000017.412|so   |*|00|  Cpu is ARMv6-compatible processor rev 7 (v6l), ID: 0x111700b0, running at 300MHz.
000017.412|so   |*|00|  Board is identified as PolycomVVX-VVX_300.
000017.412|so   |*|00|  DRAM_SIZE: 128 MB
000017.412|so   |*|00|  NAND flash detected is 20
000017.412|key  |*|00|Initial log entry. Current logging level 4
000017.438|httpd|*|00|Initial log entry. Current logging level 4
000017.446|poll |*|00|Initial log entry. Current logging level 4
000017.448|push |*|00|Initial log entry. Current logging level 4
000017.450|poll |*|00|Initial log entry. Current logging level 4
000017.452|poll |*|00|Initial log entry. Current logging level 4
000017.456|poll |*|00|Initial log entry. Current logging level 4
000017.456|poll |*|00|Initial log entry. Current logging level 4
000017.456|poll |*|00|Initial log entry. Current logging level 4
000017.459|ht   |*|00|Initial log entry. Current logging level 4
000017.462|dbuf |*|00|Initial log entry. Current logging level 4
000017.467|ssps |*|00|sspsMain: Set HDI mem to be 0, was 0
000017.481|ice  |*|00|Initial log entry. Current logging level 4
000017.485|ssps |*|00|Application, comp. 1: Label=PolyDSP Vino BCM11195 Mem1 FS1, Version=7.7.2.7234 19-Mar-2013 22:11
000017.485|ssps |*|00|Application, comp. 1: P/N=3150-11580-772.
000017.488|pps  |*|00|Initial log entry. Current logging level 4
000017.488|sip  |*|00|Initial log entry. Current logging level 4
000017.490|sipt |*|00|Initial log entry. Current logging level 4
000017.491|sipp |*|00|Initial log entry. Current logging level 4
000017.497|ptt  |*|00|Initial log entry. Current logging level 4
000018.376|pwrsv|*|00|Initial log entry. Current logging level 4
000018.380|so   |*|00|Using TCP IP Media Port, configured initial RTP port 2222
000018.437|sshc |*|00|Initial log entry. Current logging level 4
000018.441|app1 |*|00|Initial log entry. Current logging level 4
000018.451|app1 |*|00|AppPhoneC::AppPhoneC() Number Of Line Keys = 6
000018.452|app1 |*|00|AppPhoneC::AppPhoneC() - new AppRegLineC, szUser = 8712
000018.530|ldap |*|00|Initial log entry. Current logging level 4
000018.531|ldap |4|00|cDynamicData::cDynamicData:cDynamicData:Failed
000018.657|efk  |*|00|Initial log entry. Current logging level 4
000018.714|lic  |4|00|License: feature Nuance XT9 is not available
000018.719|cfg  |4|00|Dir|regAppCb set
000018.729|app1 |4|00|getCfgParams
000018.734|cmp  |*|00|Initial log entry. Current logging level 4
000018.736|wmgr |*|00|Initial log entry. Current logging level 4
000018.749|slog |*|00|Initial log entry. Current logging level 4
000018.831|so   |4|00|SoKeyC::procMsg unexpected message 4099
000022.561|dhcpc|*|00|Initial log entry. Current logging level 4
000023.884|pgui |*|00|Initial log entry. Current logging level 4
000027.665|cfg  |*|00|RT|   Phone IP address is 10.2.0.208.
000027.666|cfg  |*|00|RT|   Subnet mask is 255.255.255.0.
000027.666|cfg  |*|00|RT|   Gateway address is 10.2.0.1.
000027.666|cfg  |*|00|RT|   DNS server is 8.8.8.8.
000027.666|cfg  |*|00|RT|   DNS alternate server is 8.8.4.4.
000027.666|cfg  |*|00|RT|   GMT offset is -28800 seconds.
000027.669|dns  |*|00|DNS resolver servers are '8.8.8.8' '8.8.4.4'
000027.669|dns  |*|00|DNS resolver search domain is ''
000027.672|cfg  |*|00|RT|Primary IP changed to 10.2.0.208 subnet mask 255.255.255.0
000027.672|cfg  |*|00|RT|   Phone IP address is 10.2.0.208.
000027.672|cfg  |*|00|RT|   Subnet mask is 255.255.255.0.
000027.672|cfg  |*|00|RT|   Gateway address is 10.2.0.1.
000027.672|cfg  |*|00|RT|   DNS server is 8.8.8.8.
000027.672|cfg  |*|00|RT|   DNS alternate server is 8.8.4.4.
000027.672|cfg  |*|00|RT|   GMT offset is -28800 seconds.
000027.757|so   |*|00|Network initialized. Starting network tasks.
000027.762|ice  |5|00|Network ICE stack failed to initialize in 5000 ms
000027.762|log  |*|00|Install file upload callback for 'so'

0421183715|cfg  |*|00|Prov|Starting to update 3111-46135-002.sip.ld
0421183717|so   |4|00|Could not find IP address for SNTP server.
0421183723|cfg  |*|00|RT|   Phone IP address is 10.2.0.208.
0421183723|cfg  |*|00|RT|   Subnet mask is 255.255.255.0.
0421183723|cfg  |*|00|RT|   Gateway address is 10.2.0.1.
0421183723|cfg  |*|00|RT|   DNS server is 8.8.8.8.
0421183723|cfg  |*|00|RT|   DNS alternate server is 8.8.4.4.
0421183723|cfg  |*|00|RT|   GMT offset is -28800 seconds.
0421183725|cfg  |*|00|Prov|Updating the Updater
0421183725|cfg  |*|00|Prov|Image has been changed
0421183728|copy |*|00|Server 'p.voxter.com' said 'overrides/0004f28e7808-web.cfg' is not present
0421183728|copy |*|00|Server 'p.voxter.com' said 'licenses/000000000000-license.cfg' is not present
0421183729|copy |*|00|Server 'p.voxter.com' said 'licenses/0004f28e7808-license.cfg' is not present
0421183729|cfg  |*|00|Prov|Provisioning needs to reboot to upgrade image(s)
0421183729|cfg  |*|00|Prov|Finished updating configuration
0421183729|app1 |*|00|Event: Multiple Key Combo 1
0421183729|app1 |*|00|Manual Reboot
0421183729|ldap |4|00|ldapXfer::start:xferStart failed cState=-1
0421183729|app1 |*|00|AppC::appReboot corp dir shutdown complete
0421183729|so   |*|00|SoNcasC::procMsg: Client service shutdown complete
0421183739|wdog |*|00|Watchdog Expired: tSupObjs, 8
0421183739|log  |*|00|---------- Final log entry ----------
001405.056|log  |*|00|---------- Initial log entry ----------
001404.738|rdisk|*|00|Initial log entry. Current logging level 4
001404.741|rdisk|*|00|RAM disk created and mounted at "/rfs0"
001404.742|rdisk|*|00|RAM disk created, size: 16,777,216 bytes
001405.047|so   |*|00|Platform: Model=VVX 300, Assembly=3111-46135-002 Rev=A Region=0
001405.048|so   |*|00|Platform: Interface    eth0 MAC=0004f28e7808
001405.049|so   |*|00|Platform: BootBlock=3.0.4.0028 (46135-002) 30-Jan-13 18:00
001405.050|so   |*|00|Platform: BootL1=1.0.0.0009 (46135-002) 11-Jan-13 14:23
001405.054|so   |*|00|Platform: Updater=5.5.0.13251 24-Mar-15 03:06
001405.054|so   |*|00|Application, main: Label=SIP, Version=Congo 5.3.0.12074 24-Mar-15 02:31
001405.054|so   |*|00|Application, main: P/N=3150-11530-530
001405.054|rdisk|*|00|RAM disk created, size: 16,777,216 bytes
001405.054|ocsp |*|00|O.C.S.P. Enabled = 0
001405.121|tls  |*|00|Initial log entry. Current logging level 4
001405.173|pmt  |*|00|Initial log entry. Current logging level 4
001405.175|wdog |*|00|Initial log entry. Current logging level 4
001405.176|ethf |*|00|Initial log entry. Current logging level 4
001405.177|hw   |*|00|Initial log entry. Current logging level 4
001405.177|ares |*|00|Initial log entry. Current logging level 4
001405.177|dns  |*|00|Initial log entry. Current logging level 4
001405.177|cfg  |*|00|Initial log entry. Current logging level 4
001405.177|cfg  |*|00|Prm|cfgParamBaseProfileUpdate: Using Base Profile Generic
001405.180|dot1x|*|00|Initial log entry. Current logging level 4
001405.359|lic  |*|00|Initial log entry. Current logging level 4
001405.380|lic  |5|00|cfgCfsFlashKeyScratchLoad: could not load flash len 976
001405.380|lic  |*|00|License expiry check in 86132 seconds
001405.445|curl |*|00|Initial log entry. Current logging level 4
001405.445|utilm|*|00|Initial log entry. Current logging level 4
001405.445|copy |*|00|Initial log entry. Current logging level 4
001405.445|rtos |*|00|Initial log entry. Current logging level 4
001410.294|pgui |*|00|Initial log entry. Current logging level 4
001411.947|dhcpc|*|00|Initial log entry. Current logging level 4
001415.120|cfg  |*|00|RT|   Phone IP address is 10.2.0.208.
001415.120|cfg  |*|00|RT|   Subnet mask is 255.255.255.0.
001415.121|cfg  |*|00|RT|   Gateway address is 10.2.0.1.
001415.121|cfg  |*|00|RT|   DNS server is 8.8.8.8.
001415.121|cfg  |*|00|RT|   DNS alternate server is 8.8.4.4.
001415.121|cfg  |*|00|RT|   GMT offset is -28800 seconds.
001415.123|dns  |*|00|DNS resolver servers are '8.8.8.8' '8.8.4.4'
001415.123|dns  |*|00|DNS resolver search domain is ''
001415.125|cfg  |*|00|RT|Primary IP: 10.2.0.208 subnet mask 255.255.255.0
001416.207|cfg  |*|00|Prov|Starting to update 3111-46135-002.sip.ld
001420.692|copy |*|00|Server 'p.voxter.com' said 'overrides/0004f28e7808-web.cfg' is not present
001421.164|copy |*|00|Server 'p.voxter.com' said 'licenses/000000000000-license.cfg' is not present
001421.720|copy |*|00|Server 'p.voxter.com' said 'licenses/0004f28e7808-license.cfg' is not present
001421.732|cfg  |*|00|Prm|0004f28e7808_reg.cfg: Value "" for configuration parameter reg.1.server.2.port is invalid, ignoring
001421.733|cfg  |*|00|Prm|0004f28e7808_reg.cfg: Value "" for configuration parameter reg.1.outboundProxy.port is invalid, ignoring
001421.733|cfg  |*|00|Prm|0004f28e7808_reg.cfg: Value "" for configuration parameter reg.1.lineKeys is invalid, ignoring
001421.740|cfg  |4|00|Prm|provisioner.cfg: Unknown parameter "sec.tagSerialNo.set" found, ignoring.
001421.769|cfg  |*|00|Prm|features.cfg: Value 9999 for configuration parameter dir.local.contacts.maxNum is too large, using 500, the maximum allowed
001421.806|cfg  |*|00|Prov|Setting device parameters from configuration files.
001421.807|cfg  |4|00|RT|cfgFlashUpdateFromConfig: Failed to update SerialConfig
001422.500|cfg  |*|00|RT|Changed prov general
001422.500|cfg  |*|00|Prov|Finished updating configuration
001422.501|sec  |*|00|Initial log entry. Current logging level 4
001422.504|so   |*|00|Configuration files: 0004f28e7808_reg.cfg, provisioner.cfg, sip.cfg, features.cfg
001422.504|so   |*|00|Configuration file "0004f28e7808_reg.cfg" SHA1 digest: 0C59D1ADC743C5663C951544BAFB23BE7695BCDA
001422.504|so   |*|00|Configuration file "provisioner.cfg" SHA1 digest: 51080CD89DA743106AF5139272C6860F0465BE9D
001422.504|so   |*|00|Configuration file "sip.cfg" SHA1 digest: 8D8CF20E721098220774B6C5107C7E860738707C
001422.504|so   |*|00|Configuration file "features.cfg" SHA1 digest: C581BA279B236C29DF1CFC79741E3FAED2E8A230
001422.504|cfg  |4|00|Prm|Configuration file(s) statistics: 1 parameters were invalid and could not be interpreted.
001422.504|cfg  |4|00|Prm|Configuration file(s) statistics: 1 parameter values were used but were out of range. 5 were invalid and ignored.
001422.506|log  |*|00|Log render level set to 1
001422.510|pcap |*|00|On-Phone Packet Capture disabled
001422.511|srtp |*|00|Initial log entry. Current logging level 4
001422.512|cfg  |5|00|Prm|Parameter 0 is out of range
001422.515|res  |*|00|Initial log entry. Current logging level 4
001422.516|httpa|*|00|Initial log entry. Current logging level 4
001422.516|lldp |*|00|Initial log entry. Current logging level 4
001422.517|cdp  |*|00|Initial log entry. Current logging level 4
001422.517|pcd  |*|00|Initial log entry. Current logging level 4
001422.533|tickt|*|00|Initial log entry. Current logging level 4
001422.534|loc  |*|00|Initial log entry. Current logging level 4
001422.543|ssps |*|00|Initial log entry. Current logging level 4
001422.545|ssps |5|00|Allocated 36992 bytes for SspsHdiMemBase=0xe8aef0
001422.545|ssps |4|00|sspsDspLoad: found Maroo 23.
001422.569|utilm|4|00|uBLFUnCompressed: File /ffs0/Config/Local/WebTicket/0/sip.usr doesn't exist or is empty
001422.572|tickt|4|00|soWebTicketCertMove: Could not copy key to new uiSlot
001422.574|tickt|4|00|soWebTicketCertMove: Could not copy cert to new uiSlot
001422.575|tickt|4|00|soWebTicketCertMove: Could not copy SIP user to new uiSlot
001422.575|tickt|4|00|soWebTicketCertMove: Could not copy SIP uuid to new uiSlot
001422.577|tickt|4|00|soWebTicketCertMove: Could not copy server to new uiSlot
001422.781|so   |*|00|System Info Reports:
001422.781|so   |*|00|  Cpu is ARMv6-compatible processor rev 7 (v6l), ID: 0x111700b0, running at 300MHz.
001422.781|so   |*|00|  Board is identified as PolycomVVX-VVX_300.
001422.781|so   |*|00|  DRAM_SIZE: 128 MB
001422.781|so   |*|00|  NAND flash detected is 20
001422.781|key  |*|00|Initial log entry. Current logging level 4
001422.812|httpd|*|00|Initial log entry. Current logging level 4
001422.813|poll |*|00|Initial log entry. Current logging level 4
001422.813|push |*|00|Initial log entry. Current logging level 4
001422.814|poll |*|00|Initial log entry. Current logging level 4
001422.814|poll |*|00|Initial log entry. Current logging level 4
001422.815|ht   |*|00|Initial log entry. Current logging level 4
001422.816|dbuf |*|00|Initial log entry. Current logging level 4
001422.818|ssps |*|00|sspsMain: Set HDI mem to be 0, was 0
001422.823|ssps |*|00|Application, comp. 1: Label=PolyDSP Vino BCM11193 Mem1 FS1, Version=8.4.1.2003 26-Nov-2014 14:26
001422.823|ssps |*|00|Application, comp. 1: P/N=3150-11580-841.
001422.823|ice  |*|00|Initial log entry. Current logging level 4
001422.824|pps  |*|00|Initial log entry. Current logging level 4
001422.824|sip  |*|00|Initial log entry. Current logging level 4
001422.824|sipt |*|00|Initial log entry. Current logging level 4
001422.824|sipp |*|00|Initial log entry. Current logging level 4
001422.826|ptt  |*|00|Initial log entry. Current logging level 4
001422.828|xmpp |*|00|Initial log entry. Current logging level 4
001422.829|btoe |*|00|Initial log entry. Current logging level 4
001422.832|btoe |5|00|PpsBtoeC::ppsProcMsg thread launched
001423.674|pwrsv|*|00|Initial log entry. Current logging level 4
001423.707|so   |*|00|Using TCP IP Media Port, configured initial RTP port 2222
001423.738|sshc |*|00|Initial log entry. Current logging level 4
001423.738|gbLoc|*|00|Initial log entry. Current logging level 4
001423.739|app1 |*|00|Initial log entry. Current logging level 4
001423.760|btoe |5|00|PpsBtoeC Callback is set
001423.797|app1 |*|00|AppPhoneC::AppPhoneC() Number Of Line Keys = 48
001423.797|app1 |*|00|AppPhoneC::AppPhoneC() - new AppRegLineC, szUser = 8712
001423.917|ldap |*|00|Initial log entry. Current logging level 4
001424.118|efk  |*|00|Initial log entry. Current logging level 4
001424.165|cmp  |*|00|Initial log entry. Current logging level 4
001424.166|wmgr |*|00|Initial log entry. Current logging level 4
001424.179|slog |*|00|Initial log entry. Current logging level 4
001424.218|so   |4|00|SoKeyC::procMsg unexpected message 4099
001424.268|so   |*|00|Network initialized. Starting network tasks.
001424.270|log  |*|00|Install file upload callback for 'so'

0421190522|pgui |*|00|Qt Mouse driver created.
0421190527|em   |*|00|Initial log entry. Current logging level 4
0421190527|dbs  |*|00|Initial log entry. Current logging level 4
0421190527|osd  |*|00|Initial log entry. Current logging level 4
0421190527|clist|*|00|Initial log entry. Current logging level 4
0421190527|clist|4|00|dbCfg::getServerDir:Unknown dbCfg type
0421190527|clist|4|00|dbCfg::getServerDir:Unknown dbCfg type
0421190527|clist|4|00|dbCfg::getServerDir:Unknown dbCfg type
0421190527|clist|4|00|dbCfg::getServerDir:Unknown dbCfg type
0421190529|clist|4|00|dbXML::createEntry:name=<bb> func=<0x1afd08><0x1afcb8>- invalid or already exist
0421190531|brow |*|00|Initial log entry. Current logging level 4
0421190534|app1 |5|00|[AppHybridC]: APP IS COMPLETELY INTIALIZED.
0421190534|sip  |*|00|Sip Register Usr:8712 Dsp:8712 Auth:'8712' Inx:0
0421190534|app1 |4|00|Corporate directory instance does not exists.
0421190534|clist|4|00|dbCfg::getServerDir:Unknown dbCfg type
0421190534|clist|4|00|dbCfg::getServerDir:Unknown dbCfg type
0421190534|moh  |*|00|Initial log entry. Current logging level 4
0421190534|moh  |4|00|SoNcasMohC::soNcasmohCfgInit: File provisioning for Moh is defined only for Lync Profile adn if Moh feature is enabled
0421190535|ares |4|00|aresDnsLookup: select time-out 1 on A lookup for 'sbc02.van1.voxter.net.' after 0 sec
0421190535|ares |4|00|aresDnsLookup: select time-out 2 on A lookup for 'sbc02.van1.voxter.net.' after 0 sec
0421190535|sip  |*|00|Fast Boot Measurement Point: Ready for Call, uptime: 895.490 sec.
000017.486|log  |*|00|---------- Initial log entry ----------
000017.093|rdisk|*|00|Initial log entry. Current logging level 4
000017.098|rdisk|*|00|RAM disk created and mounted at "/rfs0"
000017.100|rdisk|*|00|RAM disk created, size: 16,777,216 bytes
000017.468|so   |*|00|Platform: Model=VVX 300, Assembly=3111-46135-002 Rev=A Region=0
000017.468|so   |*|00|Platform: Interface    eth0 MAC=0004f28e7808
000017.471|so   |*|00|Platform: BootBlock=3.0.4.0028 (46135-002) 30-Jan-13 18:00
000017.472|so   |*|00|Platform: BootL1=1.0.0.0009 (46135-002) 11-Jan-13 14:23
000017.480|so   |*|00|Platform: Updater=5.5.0.13251 24-Mar-15 03:06
000017.480|so   |*|00|Application, main: Label=SIP, Version=Congo 5.3.0.12074 24-Mar-15 02:31
000017.480|so   |*|00|Application, main: P/N=3150-11530-530
000017.480|rdisk|*|00|RAM disk created, size: 16,777,216 bytes
000017.485|ocsp |*|00|O.C.S.P. Enabled = 0
000017.554|tls  |*|00|Initial log entry. Current logging level 4
000017.604|pmt  |*|00|Initial log entry. Current logging level 4
000017.620|wdog |*|00|Initial log entry. Current logging level 4
000017.620|ethf |*|00|Initial log entry. Current logging level 4
000017.622|hw   |*|00|Initial log entry. Current logging level 4
000017.625|ares |*|00|Initial log entry. Current logging level 4
000017.629|dns  |*|00|Initial log entry. Current logging level 4
000017.630|cfg  |*|00|Initial log entry. Current logging level 4
000017.630|cfg  |*|00|Prm|cfgParamBaseProfileUpdate: Using Base Profile Generic
000017.643|dot1x|*|00|Initial log entry. Current logging level 4
000017.839|lic  |*|00|Initial log entry. Current logging level 4
000017.857|lic  |5|00|cfgCfsFlashKeyScratchLoad: could not load flash len 976
000017.857|lic  |*|00|License expiry check in 42905 seconds
000017.986|curl |*|00|Initial log entry. Current logging level 4
000017.986|utilm|*|00|Initial log entry. Current logging level 4
000017.988|copy |*|00|Initial log entry. Current logging level 4
000017.990|rtos |*|00|Initial log entry. Current logging level 4
000017.992|sec  |*|00|Initial log entry. Current logging level 4
000018.018|so   |*|00|Configuration files: 0004f28e7808_reg.cfg, provisioner.cfg, sip.cfg, features.cfg
000018.018|so   |*|00|Configuration file "0004f28e7808_reg.cfg" SHA1 digest: 0C59D1ADC743C5663C951544BAFB23BE7695BCDA
000018.018|so   |*|00|Configuration file "provisioner.cfg" SHA1 digest: 51080CD89DA743106AF5139272C6860F0465BE9D
000018.018|so   |*|00|Configuration file "sip.cfg" SHA1 digest: 8D8CF20E721098220774B6C5107C7E860738707C
000018.018|so   |*|00|Configuration file "features.cfg" SHA1 digest: C581BA279B236C29DF1CFC79741E3FAED2E8A230
000018.018|cfg  |4|00|Prm|Configuration file(s) statistics: 1 parameters were invalid and could not be interpreted.
000018.018|cfg  |4|00|Prm|Configuration file(s) statistics: 1 parameter values were used but were out of range. 5 were invalid and ignored.
000018.034|log  |*|00|Log render level set to 1
000018.042|pcap |*|00|On-Phone Packet Capture disabled
000018.045|srtp |*|00|Initial log entry. Current logging level 4
000018.057|cfg  |5|00|Prm|Parameter 0 is out of range
000018.067|res  |*|00|Initial log entry. Current logging level 4
000018.073|httpa|*|00|Initial log entry. Current logging level 4
000018.073|lldp |*|00|Initial log entry. Current logging level 4
000018.073|cdp  |*|00|Initial log entry. Current logging level 4
000018.076|pcd  |*|00|Initial log entry. Current logging level 4
000018.113|tickt|*|00|Initial log entry. Current logging level 4
000018.116|loc  |*|00|Initial log entry. Current logging level 4
000018.127|utilm|4|00|uBLFUnCompressed: File /ffs0/Config/Local/WebTicket/0/sip.usr doesn't exist or is empty
000018.137|tickt|4|00|soWebTicketCertMove: Could not copy key to new uiSlot
000018.137|tickt|4|00|soWebTicketCertMove: Could not copy cert to new uiSlot
000018.139|tickt|4|00|soWebTicketCertMove: Could not copy SIP user to new uiSlot
000018.140|tickt|4|00|soWebTicketCertMove: Could not copy SIP uuid to new uiSlot
000018.141|tickt|4|00|soWebTicketCertMove: Could not copy NTLM user to new uiSlot
000018.142|tickt|4|00|soWebTicketCertMove: Could not copy NTLM domain to new uiSlot
000018.142|tickt|4|00|soWebTicketCertMove: Could not copy SIP password to new uiSlot
000018.143|tickt|4|00|soWebTicketCertMove: Could not copy server to new uiSlot
000018.158|ssps |*|00|Initial log entry. Current logging level 4
000018.171|ssps |5|00|Allocated 36992 bytes for SspsHdiMemBase=0x41a00c20
000018.175|ssps |4|00|sspsDspLoad: found Maroo 23.
000018.631|so   |*|00|System Info Reports:
000018.631|so   |*|00|  Cpu is ARMv6-compatible processor rev 7 (v6l), ID: 0x111700b0, running at 300MHz.
000018.631|so   |*|00|  Board is identified as PolycomVVX-VVX_300.
000018.631|so   |*|00|  DRAM_SIZE: 128 MB
000018.631|so   |*|00|  NAND flash detected is 20
000018.634|key  |*|00|Initial log entry. Current logging level 4
000018.679|httpd|*|00|Initial log entry. Current logging level 4
000018.680|poll |*|00|Initial log entry. Current logging level 4
000018.682|push |*|00|Initial log entry. Current logging level 4
000018.683|poll |*|00|Initial log entry. Current logging level 4
000018.685|poll |*|00|Initial log entry. Current logging level 4
000018.690|ht   |*|00|Initial log entry. Current logging level 4
000018.694|dbuf |*|00|Initial log entry. Current logging level 4
000018.700|ssps |*|00|sspsMain: Set HDI mem to be 0, was 0
000018.720|ssps |*|00|Application, comp. 1: Label=PolyDSP Vino BCM11193 Mem1 FS1, Version=8.4.1.2003 26-Nov-2014 14:26
000018.720|ssps |*|00|Application, comp. 1: P/N=3150-11580-841.
000018.721|ice  |*|00|Initial log entry. Current logging level 4
000018.727|pps  |*|00|Initial log entry. Current logging level 4
000018.729|sip  |*|00|Initial log entry. Current logging level 4
000018.732|sipt |*|00|Initial log entry. Current logging level 4
000018.732|sipp |*|00|Initial log entry. Current logging level 4
000018.740|ptt  |*|00|Initial log entry. Current logging level 4
000018.747|xmpp |*|00|Initial log entry. Current logging level 4
000018.756|btoe |*|00|Initial log entry. Current logging level 4
000018.766|btoe |5|00|PpsBtoeC::ppsProcMsg thread launched
000019.666|pwrsv|*|00|Initial log entry. Current logging level 4
000019.703|so   |*|00|Using TCP IP Media Port, configured initial RTP port 2222
000019.786|sshc |*|00|Initial log entry. Current logging level 4
000019.786|gbLoc|*|00|Initial log entry. Current logging level 4
000019.792|app1 |*|00|Initial log entry. Current logging level 4
000019.845|btoe |5|00|PpsBtoeC Callback is set
000019.891|app1 |*|00|AppPhoneC::AppPhoneC() Number Of Line Keys = 48
000019.891|app1 |*|00|AppPhoneC::AppPhoneC() - new AppRegLineC, szUser = 8712
000020.037|ldap |*|00|Initial log entry. Current logging level 4
000020.287|efk  |*|00|Initial log entry. Current logging level 4
000020.445|cmp  |*|00|Initial log entry. Current logging level 4
000020.449|wmgr |*|00|Initial log entry. Current logging level 4
000020.452|slog |*|00|Initial log entry. Current logging level 4
000020.555|so   |4|00|SoKeyC::procMsg unexpected message 4099
000024.393|dhcpc|*|00|Initial log entry. Current logging level 4
000025.424|pgui |*|00|Initial log entry. Current logging level 4
000027.754|cfg  |*|00|RT|   Phone IP address is 10.2.0.208.
000027.754|cfg  |*|00|RT|   Subnet mask is 255.255.255.0.
000027.754|cfg  |*|00|RT|   Gateway address is 10.2.0.1.
000027.754|cfg  |*|00|RT|   DNS server is 8.8.8.8.
000027.755|cfg  |*|00|RT|   DNS alternate server is 8.8.4.4.
000027.755|cfg  |*|00|RT|   GMT offset is -28800 seconds.
000027.758|dns  |*|00|DNS resolver servers are '8.8.8.8' '8.8.4.4'
000027.758|dns  |*|00|DNS resolver search domain is ''
000027.760|cfg  |*|00|RT|Primary IP: 10.2.0.208 subnet mask 255.255.255.0
000027.933|so   |*|00|Network initialized. Starting network tasks.
000027.937|log  |*|00|Install file upload callback for 'so'

0422082656|pgui |*|00|Qt Mouse driver created.
0422082658|em   |*|00|Initial log entry. Current logging level 4
0422082658|dbs  |*|00|Initial log entry. Current logging level 4
0422082658|osd  |*|00|Initial log entry. Current logging level 4
0422082658|clist|*|00|Initial log entry. Current logging level 4
0422082658|clist|4|00|dbCfg::getServerDir:Unknown dbCfg type
0422082658|clist|4|00|dbCfg::getServerDir:Unknown dbCfg type
0422082658|clist|4|00|dbCfg::getServerDir:Unknown dbCfg type
0422082658|clist|4|00|dbCfg::getServerDir:Unknown dbCfg type
0422082700|clist|4|00|dbXML::createEntry:name=<bb> func=<0x1afd08><0x1afcb8>- invalid or already exist
0422082705|brow |*|00|Initial log entry. Current logging level 4
0422082706|app1 |5|00|[AppHybridC]: APP IS COMPLETELY INTIALIZED.
0422082706|sip  |*|00|Sip Register Usr:8712 Dsp:8712 Auth:'8712' Inx:0
0422082706|app1 |4|00|Corporate directory instance does not exists.
0422082706|clist|4|00|dbCfg::getServerDir:Unknown dbCfg type
0422082706|clist|4|00|dbCfg::getServerDir:Unknown dbCfg type
0422082706|moh  |*|00|Initial log entry. Current logging level 4
0422082706|moh  |4|00|SoNcasMohC::soNcasmohCfgInit: File provisioning for Moh is defined only for Lync Profile adn if Moh feature is enabled
0422082706|sip  |*|00|Fast Boot Measurement Point: Ready for Call, uptime: 68.727 sec.
0422082706|cfg  |*|00|Prov|Starting to update 3111-46135-002.sip.ld
0422082708|copy |*|00|Server 'p.voxter.com' said 'overrides/0004f28e7808-web.cfg' is not present
0422082708|copy |*|00|Server 'p.voxter.com' said 'licenses/000000000000-license.cfg' is not present
0422082708|copy |*|00|Server 'p.voxter.com' said 'licenses/0004f28e7808-license.cfg' is not present
0422082708|cfg  |*|00|Prm|0004f28e7808_reg.cfg: Value "" for configuration parameter reg.1.server.2.port is invalid, ignoring
0422082708|cfg  |*|00|Prm|0004f28e7808_reg.cfg: Value "" for configuration parameter reg.1.outboundProxy.port is invalid, ignoring
0422082708|cfg  |*|00|Prm|0004f28e7808_reg.cfg: Value "" for configuration parameter reg.1.lineKeys is invalid, ignoring
0422082708|cfg  |4|00|Prm|provisioner.cfg: Unknown parameter "sec.tagSerialNo.set" found, ignoring.
0422082708|cfg  |*|00|Prm|features.cfg: Value 9999 for configuration parameter dir.local.contacts.maxNum is too large, using 500, the maximum allowed
0422082708|cfg  |*|00|Prov|Setting device parameters from configuration files.
0422082708|cfg  |4|00|RT|cfgFlashUpdateFromConfig: Failed to update SerialConfig
0422082708|cfg  |*|00|Prov|Finished updating configuration
 logging level 4
001405.173|pmt  |*|00|Initial log entry. Current logging level 4
001405.175|wdog |*|00|Initial log entry. Current logging level 4
001405.176|ethf |*|00|Initial log entry. Current logging level 4
001405.177|hw   |*|00|Initial log entry. Current logging level 4
001405.177|ares |*|00|Initial log entry. Current logging level 4
001405.177|dns  |*|00|Initial log entry. Current logging level 4
001405.177|cfg  |*|00|Initial log entry. Current logging level 4
001405.177|cfg  |*|00|Prm|cfgParamBaseProfileUpdate: Using Base Profile Generic
001405.180|dot1x|*|00|Initial log entry. Current logging level 4
001405.359|lic  |*|00|Initial log entry. Current logging level 4
001405.380|lic  |5|00|cfgCfsFlashKeyScratchLoad: could not load flash len 976
001405.380|lic  |*|00|License expiry check in 86132 seconds
001405.445|curl |*|00|Initial log entry. Current logging level 4
001405.445|utilm|*|00|Initial log entry. Current logging level 4
001405.445|copy |*|00|Initial log entry. Current logging level 4
001405.445|rtos |*|00|Initial log entry. Current logging level 4
001410.294|pgui |*|00|Initial log entry. Current logging level 4
001411.947|dhcpc|*|00|Initial log entry. Current logging level 4
001415.120|cfg  |*|00|RT|   Phone IP address is 10.2.0.208.
001415.120|cfg  |*|00|RT|   Subnet mask is 255.255.255.0.
001415.121|cfg  |*|00|RT|   Gateway address is 10.2.0.1.
001415.121|cfg  |*|00|RT|   DNS server is 8.8.8.8.
001415.121|cfg  |*|00|RT|   DNS alternate server is 8.8.4.4.
001415.121|cfg  |*|00|RT|   GMT offset is -28800 seconds.
001415.123|dns  |*|00|DNS resolver servers are '8.8.8.8' '8.8.4.4'
001415.123|dns  |*|00|DNS resolver search domain is ''
001415.125|cfg  |*|00|RT|Primary IP: 10.2.0.208 subnet mask 255.255.255.0
001416.207|cfg  |*|00|Prov|Starting to update 3111-46135-002.sip.ld
001420.692|copy |*|00|Server 'p.voxter.com' said 'overrides/0004f28e7808-web.cfg' is not present
001421.164|copy |*|00|Server 'p.voxter.com' said 'licenses/000000000000-license.cfg' is not present
001421.720|copy |*|00|Server 'p.voxter.com' said 'licenses/0004f28e7808-license.cfg' is not present
001421.732|cfg  |*|00|Prm|0004f28e7808_reg.cfg: Value "" for configuration parameter reg.1.server.2.port is invalid, ignoring
001421.733|cfg  |*|00|Prm|0004f28e7808_reg.cfg: Value "" for configuration parameter reg.1.outboundProxy.port is invalid, ignoring
001421.733|cfg  |*|00|Prm|0004f28e7808_reg.cfg: Value "" for configuration parameter reg.1.lineKeys is invalid, ignoring
001421.740|cfg  |4|00|Prm|provisioner.cfg: Unknown parameter "sec.tagSerialNo.set" found, ignoring.
001421.769|cfg  |*|00|Prm|features.cfg: Value 9999 for configuration parameter dir.local.contacts.maxNum is too large, using 500, the maximum allowed
001421.806|cfg  |*|00|Prov|Setting device parameters from configuration files.
001421.807|cfg  |4|00|RT|cfgFlashUpdateFromConfig: Failed to update SerialConfig
001422.500|cfg  |*|00|RT|Changed prov general
001422.500|cfg  |*|00|Prov|Finished updating configuration
001422.501|sec  |*|00|Initial log entry. Current logging level 4
001422.504|so   |*|00|Configuration files: 0004f28e7808_reg.cfg, provisioner.cfg, sip.cfg, features.cfg
001422.504|so   |*|00|Configuration file "0004f28e7808_reg.cfg" SHA1 digest: 0C59D1ADC743C5663C951544BAFB23BE7695BCDA
001422.504|so   |*|00|Configuration file "provisioner.cfg" SHA1 digest: 51080CD89DA743106AF5139272C6860F0465BE9D
001422.504|so   |*|00|Configuration file "sip.cfg" SHA1 digest: 8D8CF20E721098220774B6C5107C7E860738707C
001422.504|so   |*|00|Configuration file "features.cfg" SHA1 digest: C581BA279B236C29DF1CFC79741E3FAED2E8A230
001422.504|cfg  |4|00|Prm|Configuration file(s) statistics: 1 parameters were invalid and could not be interpreted.
001422.504|cfg  |4|00|Prm|Configuration file(s) statistics: 1 parameter values were used but were out of range. 5 were invalid and ignored.
001422.506|log  |*|00|Log render level set to 1
001422.510|pcap |*|00|On-Phone Packet Capture disabled
001422.511|srtp |*|00|Initial log entry. Current logging level 4
001422.512|cfg  |5|00|Prm|Parameter 0 is out of range
001422.515|res  |*|00|Initial log entry. Current logging level 4
001422.516|httpa|*|00|Initial log entry. Current logging level 4
001422.516|lldp |*|00|Initial log entry. Current logging level 4
001422.517|cdp  |*|00|Initial log entry. Current logging level 4
001422.517|pcd  |*|00|Initial log entry. Current logging level 4
001422.533|tickt|*|00|Initial log entry. Current logging level 4
001422.534|loc  |*|00|Initial log entry. Current logging level 4
001422.543|ssps |*|00|Initial log entry. Current logging level 4
001422.545|ssps |5|00|Allocated 36992 bytes for SspsHdiMemBase=0xe8aef0
001422.545|ssps |4|00|sspsDspLoad: found Maroo 23.
001422.569|utilm|4|00|uBLFUnCompressed: File /ffs0/Config/Local/WebTicket/0/sip.usr doesn't exist or is empty
001422.572|tickt|4|00|soWebTicketCertMove: Could not copy key to new uiSlot
001422.574|tickt|4|00|soWebTicketCertMove: Could not copy cert to new uiSlot
001422.575|tickt|4|00|soWebTicketCertMove: Could not copy SIP user to new uiSlot
001422.575|tickt|4|00|soWebTicketCertMove: Could not copy SIP uuid to new uiSlot
001422.577|tickt|4|00|soWebTicketCertMove: Could not copy server to new uiSlot
001422.781|so   |*|00|System Info Reports:
001422.781|so   |*|00|  Cpu is ARMv6-compatible processor rev 7 (v6l), ID: 0x111700b0, running at 300MHz.
001422.781|so   |*|00|  Board is identified as PolycomVVX-VVX_300.
001422.781|so   |*|00|  DRAM_SIZE: 128 MB
001422.781|so   |*|00|  NAND flash detected is 20
001422.781|key  |*|00|Initial log entry. Current logging level 4
001422.812|httpd|*|00|Initial log entry. Current logging level 4
001422.813|poll |*|00|Initial log entry. Current logging level 4
001422.813|push |*|00|Initial log entry. Current logging level 4
001422.814|poll |*|00|Initial log entry. Current logging level 4
001422.814|poll |*|00|Initial log entry. Current logging level 4
001422.815|ht   |*|00|Initial log entry. Current logging level 4
001422.816|dbuf |*|00|Initial log entry. Current logging level 4
001422.818|ssps |*|00|sspsMain: Set HDI mem to be 0, was 0
001422.823|ssps |*|00|Application, comp. 1: Label=PolyDSP Vino BCM11193 Mem1 FS1, Version=8.4.1.2003 26-Nov-2014 14:26
001422.823|ssps |*|00|Application, comp. 1: P/N=3150-11580-841.
001422.823|ice  |*|00|Initial log entry. Current logging level 4
001422.824|pps  |*|00|Initial log entry. Current logging level 4
001422.824|sip  |*|00|Initial log entry. Current logging level 4
001422.824|sipt |*|00|Initial log entry. Current logging level 4
001422.824|sipp |*|00|Initial log entry. Current logging level 4
001422.826|ptt  |*|00|Initial log entry. Current logging level 4
001422.828|xmpp |*|00|Initial log entry. Current logging level 4
001422.829|btoe |*|00|Initial log entry. Current logging level 4
001422.832|btoe |5|00|PpsBtoeC::ppsProcMsg thread launched
001423.674|pwrsv|*|00|Initial log entry. Current logging level 4
001423.707|so   |*|00|Using TCP IP Media Port, configured initial RTP port 2222
001423.738|sshc |*|00|Initial log entry. Current logging level 4
001423.738|gbLoc|*|00|Initial log entry. Current logging level 4
001423.739|app1 |*|00|Initial log entry. Current logging level 4
001423.760|btoe |5|00|PpsBtoeC Callback is set
001423.797|app1 |*|00|AppPhoneC::AppPhoneC() Number Of Line Keys = 48
001423.797|app1 |*|00|AppPhoneC::AppPhoneC() - new AppRegLineC, szUser = 8712
001423.917|ldap |*|00|Initial log entry. Current logging level 4
001424.118|efk  |*|00|Initial log entry. Current logging level 4
001424.165|cmp  |*|00|Initial log entry. Current logging level 4
001424.166|wmgr |*|00|Initial log entry. Current logging level 4
001424.179|slog |*|00|Initial log entry. Current logging level 4
001424.218|so   |4|00|SoKeyC::procMsg unexpected message 4099
001424.268|so   |*|00|Network initialized. Starting network tasks.
001424.270|log  |*|00|Install file upload callback for 'so'

0421190522|pgui |*|00|Qt Mouse driver created.
0421190527|em   |*|00|Initial log entry. Current logging level 4
0421190527|dbs  |*|00|Initial log entry. Current logging level 4
0421190527|osd  |*|00|Initial log entry. Current logging level 4
0421190527|clist|*|00|Initial log entry. Current logging level 4
0421190527|clist|4|00|dbCfg::getServerDir:Unknown dbCfg type
0421190527|clist|4|00|dbCfg::getServerDir:Unknown dbCfg type
0421190527|clist|4|00|dbCfg::getServerDir:Unknown dbCfg type
0421190527|clist|4|00|dbCfg::getServerDir:Unknown dbCfg type
0421190529|clist|4|00|dbXML::createEntry:name=<bb> func=<0x1afd08><0x1afcb8>- invalid or already exist
0421190531|brow |*|00|Initial log entry. Current logging level 4
0421190534|app1 |5|00|[AppHybridC]: APP IS COMPLETELY INTIALIZED.
0421190534|sip  |*|00|Sip Register Usr:8712 Dsp:8712 Auth:'8712' Inx:0
0421190534|app1 |4|00|Corporate directory instance does not exists.
0421190534|clist|4|00|dbCfg::getServerDir:Unknown dbCfg type
0421190534|clist|4|00|dbCfg::getServerDir:Unknown dbCfg type
0421190534|moh  |*|00|Initial log entry. Current logging level 4
0421190534|moh  |4|00|SoNcasMohC::soNcasmohCfgInit: File provisioning for Moh is defined only for Lync Profile adn if Moh feature is enabled
0421190535|ares |4|00|aresDnsLookup: select time-out 1 on A lookup for 'sbc02.van1.voxter.net.' after 0 sec
0421190535|ares |4|00|aresDnsLookup: select time-out 2 on A lookup for 'sbc02.van1.voxter.net.' after 0 sec
0421190535|sip  |*|00|Fast Boot Measurement Point: Ready for Call, uptime: 895.490 sec.
000017.486|log  |*|00|---------- Initial log entry ----------
000017.093|rdisk|*|00|Initial log entry. Current logging level 4
000017.098|rdisk|*|00|RAM disk created and mounted at "/rfs0"
000017.100|rdisk|*|00|RAM disk created, size: 16,777,216 bytes
000017.468|so   |*|00|Platform: Model=VVX 300, Assembly=3111-46135-002 Rev=A Region=0
000017.468|so   |*|00|Platform: Interface    eth0 MAC=0004f28e7808
000017.471|so   |*|00|Platform: BootBlock=3.0.4.0028 (46135-002) 30-Jan-13 18:00
000017.472|so   |*|00|Platform: BootL1=1.0.0.0009 (46135-002) 11-Jan-13 14:23
000017.480|so   |*|00|Platform: Updater=5.5.0.13251 24-Mar-15 03:06
000017.480|so   |*|00|Application, main: Label=SIP, Version=Congo 5.3.0.12074 24-Mar-15 02:31
000017.480|so   |*|00|Application, main: P/N=3150-11530-530
000017.480|rdisk|*|00|RAM disk created, size: 16,777,216 bytes
000017.485|ocsp |*|00|O.C.S.P. Enabled = 0
000017.554|tls  |*|00|Initial log entry. Current logging level 4
000017.604|pmt  |*|00|Initial log entry. Current logging level 4
000017.620|wdog |*|00|Initial log entry. Current logging level 4
000017.620|ethf |*|00|Initial log entry. Current logging level 4
000017.622|hw   |*|00|Initial log entry. Current logging level 4
000017.625|ares |*|00|Initial log entry. Current logging level 4
000017.629|dns  |*|00|Initial log entry. Current logging level 4
000017.630|cfg  |*|00|Initial log entry. Current logging level 4
000017.630|cfg  |*|00|Prm|cfgParamBaseProfileUpdate: Using Base Profile Generic
000017.643|dot1x|*|00|Initial log entry. Current logging level 4
000017.839|lic  |*|00|Initial log entry. Current logging level 4
000017.857|lic  |5|00|cfgCfsFlashKeyScratchLoad: could not load flash len 976
000017.857|lic  |*|00|License expiry check in 42905 seconds
000017.986|curl |*|00|Initial log entry. Current logging level 4
000017.986|utilm|*|00|Initial log entry. Current logging level 4
000017.988|copy |*|00|Initial log entry. Current logging level 4
000017.990|rtos |*|00|Initial log entry. Current logging level 4
000017.992|sec  |*|00|Initial log entry. Current logging level 4
000018.018|so   |*|00|Configuration files: 0004f28e7808_reg.cfg, provisioner.cfg, sip.cfg, features.cfg
000018.018|so   |*|00|Configuration file "0004f28e7808_reg.cfg" SHA1 digest: 0C59D1ADC743C5663C951544BAFB23BE7695BCDA
000018.018|so   |*|00|Configuration file "provisioner.cfg" SHA1 digest: 51080CD89DA743106AF5139272C6860F0465BE9D
000018.018|so   |*|00|Configuration file "sip.cfg" SHA1 digest: 8D8CF20E721098220774B6C5107C7E860738707C
000018.018|so   |*|00|Configuration file "features.cfg" SHA1 digest: C581BA279B236C29DF1CFC79741E3FAED2E8A230
000018.018|cfg  |4|00|Prm|Configuration file(s) statistics: 1 parameters were invalid and could not be interpreted.
000018.018|cfg  |4|00|Prm|Configuration file(s) statistics: 1 parameter values were used but were out of range. 5 were invalid and ignored.
000018.034|log  |*|00|Log render level set to 1
000018.042|pcap |*|00|On-Phone Packet Capture disabled
000018.045|srtp |*|00|Initial log entry. Current logging level 4
000018.057|cfg  |5|00|Prm|Parameter 0 is out of range
000018.067|res  |*|00|Initial log entry. Current logging level 4
000018.073|httpa|*|00|Initial log entry. Current logging level 4
000018.073|lldp |*|00|Initial log entry. Current logging level 4
000018.073|cdp  |*|00|Initial log entry. Current logging level 4
000018.076|pcd  |*|00|Initial log entry. Current logging level 4
000018.113|tickt|*|00|Initial log entry. Current logging level 4
000018.116|loc  |*|00|Initial log entry. Current logging level 4
000018.127|utilm|4|00|uBLFUnCompressed: File /ffs0/Config/Local/WebTicket/0/sip.usr doesn't exist or is empty
000018.137|tickt|4|00|soWebTicketCertMove: Could not copy key to new uiSlot
000018.137|tickt|4|00|soWebTicketCertMove: Could not copy cert to new uiSlot
000018.139|tickt|4|00|soWebTicketCertMove: Could not copy SIP user to new uiSlot
000018.140|tickt|4|00|soWebTicketCertMove: Could not copy SIP uuid to new uiSlot
000018.141|tickt|4|00|soWebTicketCertMove: Could not copy NTLM user to new uiSlot
000018.142|tickt|4|00|soWebTicketCertMove: Could not copy NTLM domain to new uiSlot
000018.142|tickt|4|00|soWebTicketCertMove: Could not copy SIP password to new uiSlot
000018.143|tickt|4|00|soWebTicketCertMove: Could not copy server to new uiSlot
000018.158|ssps |*|00|Initial log entry. Current logging level 4
000018.171|ssps |5|00|Allocated 36992 bytes for SspsHdiMemBase=0x41a00c20
000018.175|ssps |4|00|sspsDspLoad: found Maroo 23.
000018.631|so   |*|00|System Info Reports:
000018.631|so   |*|00|  Cpu is ARMv6-compatible processor rev 7 (v6l), ID: 0x111700b0, running at 300MHz.
000018.631|so   |*|00|  Board is identified as PolycomVVX-VVX_300.
000018.631|so   |*|00|  DRAM_SIZE: 128 MB
000018.631|so   |*|00|  NAND flash detected is 20
000018.634|key  |*|00|Initial log entry. Current logging level 4
000018.679|httpd|*|00|Initial log entry. Current logging level 4
000018.680|poll |*|00|Initial log entry. Current logging level 4
000018.682|push |*|00|Initial log entry. Current logging level 4
000018.683|poll |*|00|Initial log entry. Current logging level 4
000018.685|poll |*|00|Initial log entry. Current logging level 4
000018.690|ht   |*|00|Initial log entry. Current logging level 4
000018.694|dbuf |*|00|Initial log entry. Current logging level 4
000018.700|ssps |*|00|sspsMain: Set HDI mem to be 0, was 0
000018.720|ssps |*|00|Application, comp. 1: Label=PolyDSP Vino BCM11193 Mem1 FS1, Version=8.4.1.2003 26-Nov-2014 14:26
000018.720|ssps |*|00|Application, comp. 1: P/N=3150-11580-841.
000018.721|ice  |*|00|Initial log entry. Current logging level 4
000018.727|pps  |*|00|Initial log entry. Current logging level 4
000018.729|sip  |*|00|Initial log entry. Current logging level 4
000018.732|sipt |*|00|Initial log entry. Current logging level 4
000018.732|sipp |*|00|Initial log entry. Current logging level 4
000018.740|ptt  |*|00|Initial log entry. Current logging level 4
000018.747|xmpp |*|00|Initial log entry. Current logging level 4
000018.756|btoe |*|00|Initial log entry. Current logging level 4
000018.766|btoe |5|00|PpsBtoeC::ppsProcMsg thread launched
000019.666|pwrsv|*|00|Initial log entry. Current logging level 4
000019.703|so   |*|00|Using TCP IP Media Port, configured initial RTP port 2222
000019.786|sshc |*|00|Initial log entry. Current logging level 4
000019.786|gbLoc|*|00|Initial log entry. Current logging level 4
000019.792|app1 |*|00|Initial log entry. Current logging level 4
000019.845|btoe |5|00|PpsBtoeC Callback is set
000019.891|app1 |*|00|AppPhoneC::AppPhoneC() Number Of Line Keys = 48
000019.891|app1 |*|00|AppPhoneC::AppPhoneC() - new AppRegLineC, szUser = 8712
000020.037|ldap |*|00|Initial log entry. Current logging level 4
000020.287|efk  |*|00|Initial log entry. Current logging level 4
000020.445|cmp  |*|00|Initial log entry. Current logging level 4
000020.449|wmgr |*|00|Initial log entry. Current logging level 4
000020.452|slog |*|00|Initial log entry. Current logging level 4
000020.555|so   |4|00|SoKeyC::procMsg unexpected message 4099
000024.393|dhcpc|*|00|Initial log entry. Current logging level 4
000025.424|pgui |*|00|Initial log entry. Current logging level 4
000027.754|cfg  |*|00|RT|   Phone IP address is 10.2.0.208.
000027.754|cfg  |*|00|RT|   Subnet mask is 255.255.255.0.
000027.754|cfg  |*|00|RT|   Gateway address is 10.2.0.1.
000027.754|cfg  |*|00|RT|   DNS server is 8.8.8.8.
000027.755|cfg  |*|00|RT|   DNS alternate server is 8.8.4.4.
000027.755|cfg  |*|00|RT|   GMT offset is -28800 seconds.
000027.758|dns  |*|00|DNS resolver servers are '8.8.8.8' '8.8.4.4'
000027.758|dns  |*|00|DNS resolver search domain is ''
000027.760|cfg  |*|00|RT|Primary IP: 10.2.0.208 subnet mask 255.255.255.0
000027.933|so   |*|00|Network initialized. Starting network tasks.
000027.937|log  |*|00|Install file upload callback for 'so'

0422082656|pgui |*|00|Qt Mouse driver created.
0422082658|em   |*|00|Initial log entry. Current logging level 4
0422082658|dbs  |*|00|Initial log entry. Current logging level 4
0422082658|osd  |*|00|Initial log entry. Current logging level 4
0422082658|clist|*|00|Initial log entry. Current logging level 4
0422082658|clist|4|00|dbCfg::getServerDir:Unknown dbCfg type
0422082658|clist|4|00|dbCfg::getServerDir:Unknown dbCfg type
0422082658|clist|4|00|dbCfg::getServerDir:Unknown dbCfg type
0422082658|clist|4|00|dbCfg::getServerDir:Unknown dbCfg type
0422082700|clist|4|00|dbXML::createEntry:name=<bb> func=<0x1afd08><0x1afcb8>- invalid or already exist
0422082705|brow |*|00|Initial log entry. Current logging level 4
0422082706|app1 |5|00|[AppHybridC]: APP IS COMPLETELY INTIALIZED.
0422082706|sip  |*|00|Sip Register Usr:8712 Dsp:8712 Auth:'8712' Inx:0
0422082706|app1 |4|00|Corporate directory instance does not exists.
0422082706|clist|4|00|dbCfg::getServerDir:Unknown dbCfg type
0422082706|clist|4|00|dbCfg::getServerDir:Unknown dbCfg type
0422082706|moh  |*|00|Initial log entry. Current logging level 4
0422082706|moh  |4|00|SoNcasMohC::soNcasmohCfgInit: File provisioning for Moh is defined only for Lync Profile adn if Moh feature is enabled
0422082706|sip  |*|00|Fast Boot Measurement Point: Ready for Call, uptime: 68.727 sec.
0422082706|cfg  |*|00|Prov|Starting to update 3111-46135-002.sip.ld
0422082708|copy |*|00|Server 'p.voxter.com' said 'overrides/0004f28e7808-web.cfg' is not present
0422082708|copy |*|00|Server 'p.voxter.com' said 'licenses/000000000000-license.cfg' is not present
0422082708|copy |*|00|Server 'p.voxter.com' said 'licenses/0004f28e7808-license.cfg' is not present
0422082708|cfg  |*|00|Prm|0004f28e7808_reg.cfg: Value "" for configuration parameter reg.1.server.2.port is invalid, ignoring
0422082708|cfg  |*|00|Prm|0004f28e7808_reg.cfg: Value "" for configuration parameter reg.1.outboundProxy.port is invalid, ignoring
0422082708|cfg  |*|00|Prm|0004f28e7808_reg.cfg: Value "" for configuration parameter reg.1.lineKeys is invalid, ignoring
0422082708|cfg  |4|00|Prm|provisioner.cfg: Unknown parameter "sec.tagSerialNo.set" found, ignoring.
0422082708|cfg  |*|00|Prm|features.cfg: Value 9999 for configuration parameter dir.local.contacts.maxNum is too large, using 500, the maximum allowed
0422082708|cfg  |*|00|Prov|Setting device parameters from configuration files.
0422082708|cfg  |4|00|RT|cfgFlashUpdateFromConfig: Failed to update SerialConfig
0422082708|cfg  |*|00|Prov|Finished updating configuration
0422083716|app1 |4|00|Event: Unrecognizable key - appKeyFunc = 327, scan code 0
0422083722|cfg  |5|00|Prm|Parameter voIpProt.SIP.allowTransferOnProceeding requested type 2 but is of type 0
0422083724|app1 |4|00|Event: Unrecognizable key - appKeyFunc = 327, scan code 0
0422083759|clist|4|00|dbIO::processResult:copy error
0422083914|cfg  |5|00|Prm|Parameter voIpProt.SIP.allowTransferOnProceeding requested type 2 but is of type 0
0422083959|clist|4|00|dbIO::processResult:copy error
0422095522|app1 |4|00|Event: Unrecognizable key - appKeyFunc = 327, scan code 0
