000008.748|so   |*|01|---------- Initial log entry ----------
000008.748|so   |*|01|+++ Note that Updater log times are in GMT +++
000008.748|boot |*|01|Initial log entry. Current logging level 3
000008.748|copy |*|01|Initial log entry. Current logging level 3
000008.748|utilm|*|01|Initial log entry. Current logging level 4
000008.748|hw   |*|01|Initial log entry. Current logging level 4
000008.748|ethf |*|01|Initial log entry. Current logging level 4
000008.748|dns  |*|01|Initial log entry. Current logging level 3
000008.749|curl |*|01|Initial log entry. Current logging level 3
000008.749|sec  |*|01|Initial log entry. Current logging level 4
000008.767|wdog |*|01|Initial log entry. Current logging level 4
000008.768|lldp |*|01|Initial log entry. Current logging level 3
000008.768|cdp  |*|01|Initial log entry. Current logging level 3
000008.768|key  |*|01|Initial log entry. Current logging level 4
000008.791|so   |3|01|Platform: Model=VVX 410, Assembly=3111-46162-001 Rev=A Region=0
000008.791|so   |3|01|Platform: Board=3111-46162-001 2 0
000008.791|so   |3|01|Platform: MAC=0004f28b3f0d
000008.792|so   |3|01|Platform: BootBlock=3.0.4.0146 (46162-001) 10-Jan-13 20:21
000008.793|so   |*|01|Platform: BootL1=1.0.0.0041 (46162-001) 10-Jan-13 20:16
000008.793|so   |3|01|Application, main: Label=Updater, Version=Peridot 5.1.4.0844 20-Mar-13 14:16
000008.793|so   |3|01|Application, main: P/N=3150-11069-514
000008.793|so   |5|01|Platform: Both images are incorrect, will use Primary Image.
000008.794|log  |*|01|Install file upload callback for 'Updater'

000008.795|app1 |*|01|Initial log entry. Current logging level 3
000008.838|cfg  |*|01|Initial log entry. Current logging level 2
000009.761|so   |3|01|Link status is Net down, PC down.
000008.875|so   |*|01|---------- Initial log entry ----------
000008.875|so   |*|01|+++ Note that Updater log times are in GMT +++
000008.875|boot |*|01|Initial log entry. Current logging level 3
000008.875|copy |*|01|Initial log entry. Current logging level 3
000008.876|utilm|*|01|Initial log entry. Current logging level 4
000008.876|hw   |*|01|Initial log entry. Current logging level 4
000008.876|ethf |*|01|Initial log entry. Current logging level 4
000008.876|dns  |*|01|Initial log entry. Current logging level 3
000008.876|curl |*|01|Initial log entry. Current logging level 3
000008.876|sec  |*|01|Initial log entry. Current logging level 4
000008.896|wdog |*|01|Initial log entry. Current logging level 4
000008.896|lldp |*|01|Initial log entry. Current logging level 3
000008.896|cdp  |*|01|Initial log entry. Current logging level 3
000008.896|key  |*|01|Initial log entry. Current logging level 4
000008.921|so   |3|01|Platform: Model=VVX 410, Assembly=3111-46162-001 Rev=A Region=0
000008.921|so   |3|01|Platform: Board=3111-46162-001 2 0
000008.922|so   |3|01|Platform: MAC=0004f28b3f0d
000008.923|so   |3|01|Platform: BootBlock=3.0.4.0146 (46162-001) 10-Jan-13 20:21
000008.924|so   |*|01|Platform: BootL1=1.0.0.0041 (46162-001) 10-Jan-13 20:16
000008.924|so   |3|01|Application, main: Label=Updater, Version=Peridot 5.1.4.0844 20-Mar-13 14:16
000008.924|so   |3|01|Application, main: P/N=3150-11069-514
000008.924|so   |5|01|Platform: Both images are incorrect, will use Primary Image.
000008.924|log  |*|01|Install file upload callback for 'Updater'

000008.925|app1 |*|01|Initial log entry. Current logging level 3
000008.969|cfg  |*|01|Initial log entry. Current logging level 2
000009.887|so   |3|01|Link status is Net up Speed 1000 full Duplex, PC down.
000008.181|so   |*|00|---------- Initial log entry ----------
000008.181|so   |*|00|+++ Note that Updater log times are in GMT +++
000008.181|boot |*|00|Initial log entry. Current logging level 3
000008.181|copy |*|00|Initial log entry. Current logging level 3
000008.181|utilm|*|00|Initial log entry. Current logging level 4
000008.181|hw   |*|00|Initial log entry. Current logging level 4
000008.181|ethf |*|00|Initial log entry. Current logging level 4
000008.182|dns  |*|00|Initial log entry. Current logging level 3
000008.182|curl |*|00|Initial log entry. Current logging level 3
000008.182|sec  |*|00|Initial log entry. Current logging level 4
000008.200|wdog |*|00|Initial log entry. Current logging level 4
000008.200|lldp |*|00|Initial log entry. Current logging level 3
000008.200|cdp  |*|00|Initial log entry. Current logging level 3
000008.201|key  |*|00|Initial log entry. Current logging level 4
000008.241|so   |3|00|Platform: Model=VVX 410, Assembly=3111-46162-001 Rev=A Region=0
000008.241|so   |3|00|Platform: Board=3111-46162-001 2 0
000008.242|so   |3|00|Platform: MAC=0004f28b3f0d
000008.243|so   |3|00|Platform: BootBlock=3.0.4.0146 (46162-001) 10-Jan-13 20:21
000008.244|so   |*|00|Platform: BootL1=1.0.0.0041 (46162-001) 10-Jan-13 20:16
000008.244|so   |3|00|Application, main: Label=Updater, Version=Peridot 5.1.4.0844 20-Mar-13 14:16
000008.244|so   |3|00|Application, main: P/N=3150-11069-514
000008.244|so   |5|00|Platform: Both images are incorrect, will use Primary Image.
000008.244|log  |*|00|Install file upload callback for 'Updater'

000008.245|app1 |*|00|Initial log entry. Current logging level 3
000008.288|cfg  |*|00|Initial log entry. Current logging level 2
000009.198|so   |3|00|Link status is Net up Speed 1000 full Duplex, PC up Speed 10 full Duplex.
000008.182|so   |*|00|---------- Initial log entry ----------
000008.183|so   |*|00|+++ Note that Updater log times are in GMT +++
000008.183|boot |*|00|Initial log entry. Current logging level 3
000008.183|copy |*|00|Initial log entry. Current logging level 3
000008.183|utilm|*|00|Initial log entry. Current logging level 4
000008.183|hw   |*|00|Initial log entry. Current logging level 4
000008.184|ethf |*|00|Initial log entry. Current logging level 4
000008.184|dns  |*|00|Initial log entry. Current logging level 3
000008.184|curl |*|00|Initial log entry. Current logging level 3
000008.184|sec  |*|00|Initial log entry. Current logging level 4
000008.202|wdog |*|00|Initial log entry. Current logging level 4
000008.202|lldp |*|00|Initial log entry. Current logging level 3
000008.203|cdp  |*|00|Initial log entry. Current logging level 3
000008.203|key  |*|00|Initial log entry. Current logging level 4
000008.241|so   |3|00|Platform: Model=VVX 410, Assembly=3111-46162-001 Rev=A Region=0
000008.241|so   |3|00|Platform: Board=3111-46162-001 2 0
000008.242|so   |3|00|Platform: MAC=0004f28b3f0d
000008.243|so   |3|00|Platform: BootBlock=3.0.4.0146 (46162-001) 10-Jan-13 20:21
000008.244|so   |*|00|Platform: BootL1=1.0.0.0041 (46162-001) 10-Jan-13 20:16
000008.244|so   |3|00|Application, main: Label=Updater, Version=Peridot 5.1.4.0844 20-Mar-13 14:16
000008.244|so   |3|00|Application, main: P/N=3150-11069-514
000008.244|so   |5|00|Platform: Both images are incorrect, will use Primary Image.
000008.244|log  |*|00|Install file upload callback for 'Updater'

000008.245|app1 |*|00|Initial log entry. Current logging level 3
000008.290|cfg  |*|00|Initial log entry. Current logging level 2
000009.201|so   |3|00|Link status is Net up Speed 1000 full Duplex, PC up Speed 1000 full Duplex.
