000008.613|so   |*|01|---------- Initial log entry ----------
000008.613|so   |*|01|+++ Note that Updater log times are in GMT +++
000008.613|boot |*|01|Initial log entry. Current logging level 3
000008.614|copy |*|01|Initial log entry. Current logging level 3
000008.614|utilm|*|01|Initial log entry. Current logging level 4
000008.614|hw   |*|01|Initial log entry. Current logging level 4
000008.614|ethf |*|01|Initial log entry. Current logging level 4
000008.614|dns  |*|01|Initial log entry. Current logging level 3
000008.614|curl |*|01|Initial log entry. Current logging level 3
000008.615|sec  |*|01|Initial log entry. Current logging level 4
000008.628|wdog |*|01|Initial log entry. Current logging level 4
000008.628|lldp |*|01|Initial log entry. Current logging level 3
000008.628|cdp  |*|01|Initial log entry. Current logging level 3
000008.628|key  |*|01|Initial log entry. Current logging level 4
000008.651|so   |3|01|Platform: Model=VVX 300, Assembly=3111-46135-002 Rev=A Region=0
000008.651|so   |3|01|Platform: Board=3111-46135-002 1 0
000008.652|so   |3|01|Platform: MAC=0004f28e7af5
000008.653|so   |3|01|Platform: BootBlock=3.0.4.0028 (46135-002) 30-Jan-13 18:00
000008.654|so   |*|01|Platform: BootL1=1.0.0.0009 (46135-002) 11-Jan-13 14:23
000008.654|so   |3|01|Application, main: Label=Updater, Version=Peridot 5.1.4.0844 20-Mar-13 14:16
000008.654|so   |3|01|Application, main: P/N=3150-11069-514
000008.654|so   |5|01|Platform: Both images are incorrect, will use Primary Image.
000008.654|log  |*|01|Install file upload callback for 'Updater'

000008.655|app1 |*|01|Initial log entry. Current logging level 3
000008.670|cfg  |*|01|Initial log entry. Current logging level 2
000009.625|so   |3|01|Link status is Net up Speed 100 full Duplex, PC down.
000008.117|so   |*|00|---------- Initial log entry ----------
000008.118|so   |*|00|+++ Note that Updater log times are in GMT +++
000008.118|boot |*|00|Initial log entry. Current logging level 3
000008.118|copy |*|00|Initial log entry. Current logging level 3
000008.118|utilm|*|00|Initial log entry. Current logging level 4
000008.118|hw   |*|00|Initial log entry. Current logging level 4
000008.118|ethf |*|00|Initial log entry. Current logging level 4
000008.118|dns  |*|00|Initial log entry. Current logging level 3
000008.119|curl |*|00|Initial log entry. Current logging level 3
000008.119|sec  |*|00|Initial log entry. Current logging level 4
000008.132|wdog |*|00|Initial log entry. Current logging level 4
000008.132|lldp |*|00|Initial log entry. Current logging level 3
000008.132|cdp  |*|00|Initial log entry. Current logging level 3
000008.132|key  |*|00|Initial log entry. Current logging level 4
000008.161|so   |3|00|Platform: Model=VVX 300, Assembly=3111-46135-002 Rev=A Region=0
000008.161|so   |3|00|Platform: Board=3111-46135-002 1 0
000008.162|so   |3|00|Platform: MAC=0004f28e7af5
000008.163|so   |3|00|Platform: BootBlock=3.0.4.0028 (46135-002) 30-Jan-13 18:00
000008.164|so   |*|00|Platform: BootL1=1.0.0.0009 (46135-002) 11-Jan-13 14:23
000008.164|so   |3|00|Application, main: Label=Updater, Version=Peridot 5.1.4.0844 20-Mar-13 14:16
000008.164|so   |3|00|Application, main: P/N=3150-11069-514
000008.164|so   |5|00|Platform: Both images are incorrect, will use Primary Image.
000008.164|log  |*|00|Install file upload callback for 'Updater'

000008.165|app1 |*|00|Initial log entry. Current logging level 3
000008.180|cfg  |*|00|Initial log entry. Current logging level 2
000009.126|so   |3|00|Link status is Net up Speed 100 full Duplex, PC down.
000008.265|so   |*|00|---------- Initial log entry ----------
000008.265|so   |*|00|+++ Note that Updater log times are in GMT +++
000008.265|boot |*|00|Initial log entry. Current logging level 3
000008.265|copy |*|00|Initial log entry. Current logging level 3
000008.265|utilm|*|00|Initial log entry. Current logging level 4
000008.265|hw   |*|00|Initial log entry. Current logging level 4
000008.265|ethf |*|00|Initial log entry. Current logging level 4
000008.265|dns  |*|00|Initial log entry. Current logging level 3
000008.265|curl |*|00|Initial log entry. Current logging level 3
000008.266|sec  |*|00|Initial log entry. Current logging level 4
000008.279|wdog |*|00|Initial log entry. Current logging level 4
000008.280|lldp |*|00|Initial log entry. Current logging level 3
000008.280|cdp  |*|00|Initial log entry. Current logging level 3
000008.280|key  |*|00|Initial log entry. Current logging level 4
000008.321|so   |3|00|Platform: Model=VVX 300, Assembly=3111-46135-002 Rev=A Region=0
000008.321|so   |3|00|Platform: Board=3111-46135-002 1 0
000008.322|so   |3|00|Platform: MAC=0004f28e7af5
000008.323|so   |3|00|Platform: BootBlock=3.0.4.0028 (46135-002) 30-Jan-13 18:00
000008.324|so   |*|00|Platform: BootL1=1.0.0.0009 (46135-002) 11-Jan-13 14:23
000008.324|so   |3|00|Application, main: Label=Updater, Version=Peridot 5.1.4.0844 20-Mar-13 14:16
000008.324|so   |3|00|Application, main: P/N=3150-11069-514
000008.324|so   |5|00|Platform: Both images are incorrect, will use Primary Image.
000008.324|log  |*|00|Install file upload callback for 'Updater'

000008.325|app1 |*|00|Initial log entry. Current logging level 3
000008.339|cfg  |*|00|Initial log entry. Current logging level 2
000009.274|so   |3|00|Link status is Net up Speed 100 full Duplex, PC down.
000008.096|so   |*|00|---------- Initial log entry ----------
000008.096|so   |*|00|+++ Note that Updater log times are in GMT +++
000008.096|boot |*|00|Initial log entry. Current logging level 3
000008.096|copy |*|00|Initial log entry. Current logging level 3
000008.096|utilm|*|00|Initial log entry. Current logging level 4
000008.096|hw   |*|00|Initial log entry. Current logging level 4
000008.097|ethf |*|00|Initial log entry. Current logging level 4
000008.097|dns  |*|00|Initial log entry. Current logging level 3
000008.097|curl |*|00|Initial log entry. Current logging level 3
000008.097|sec  |*|00|Initial log entry. Current logging level 4
000008.110|wdog |*|00|Initial log entry. Current logging level 4
000008.111|lldp |*|00|Initial log entry. Current logging level 3
000008.111|cdp  |*|00|Initial log entry. Current logging level 3
000008.111|key  |*|00|Initial log entry. Current logging level 4
000008.141|so   |3|00|Platform: Model=VVX 300, Assembly=3111-46135-002 Rev=A Region=0
000008.141|so   |3|00|Platform: Board=3111-46135-002 1 0
000008.142|so   |3|00|Platform: MAC=0004f28e7af5
000008.143|so   |3|00|Platform: BootBlock=3.0.4.0028 (46135-002) 30-Jan-13 18:00
000008.144|so   |*|00|Platform: BootL1=1.0.0.0009 (46135-002) 11-Jan-13 14:23
000008.144|so   |3|00|Application, main: Label=Updater, Version=Peridot 5.1.4.0844 20-Mar-13 14:16
000008.144|so   |3|00|Application, main: P/N=3150-11069-514
000008.144|so   |5|00|Platform: Both images are incorrect, will use Primary Image.
000008.144|log  |*|00|Install file upload callback for 'Updater'

000008.145|app1 |*|00|Initial log entry. Current logging level 3
000008.159|cfg  |*|00|Initial log entry. Current logging level 2
000009.105|so   |3|00|Link status is Net up Speed 100 full Duplex, PC down.
