000008.718|so   |*|01|---------- Initial log entry ----------
000008.718|so   |*|01|+++ Note that Updater log times are in GMT +++
000008.718|boot |*|01|Initial log entry. Current logging level 3
000008.718|copy |*|01|Initial log entry. Current logging level 3
000008.718|utilm|*|01|Initial log entry. Current logging level 4
000008.718|hw   |*|01|Initial log entry. Current logging level 4
000008.718|ethf |*|01|Initial log entry. Current logging level 4
000008.719|dns  |*|01|Initial log entry. Current logging level 3
000008.719|curl |*|01|Initial log entry. Current logging level 3
000008.719|sec  |*|01|Initial log entry. Current logging level 4
000008.732|wdog |*|01|Initial log entry. Current logging level 4
000008.733|lldp |*|01|Initial log entry. Current logging level 3
000008.733|cdp  |*|01|Initial log entry. Current logging level 3
000008.733|key  |*|01|Initial log entry. Current logging level 4
000008.761|so   |3|01|Platform: Model=VVX 300, Assembly=3111-46135-002 Rev=A Region=0
000008.761|so   |3|01|Platform: Board=3111-46135-002 1 0
000008.762|so   |3|01|Platform: MAC=0004f28e7ac6
000008.763|so   |3|01|Platform: BootBlock=3.0.4.0028 (46135-002) 30-Jan-13 18:00
000008.764|so   |*|01|Platform: BootL1=1.0.0.0009 (46135-002) 11-Jan-13 14:23
000008.764|so   |3|01|Application, main: Label=Updater, Version=Peridot 5.1.4.0844 20-Mar-13 14:16
000008.764|so   |3|01|Application, main: P/N=3150-11069-514
000008.764|so   |5|01|Platform: Both images are incorrect, will use Primary Image.
000008.764|log  |*|01|Install file upload callback for 'Updater'

000008.765|app1 |*|01|Initial log entry. Current logging level 3
000008.780|cfg  |*|01|Initial log entry. Current logging level 2
000009.731|so   |3|01|Link status is Net up Speed 100 full Duplex, PC down.
000008.133|so   |*|00|---------- Initial log entry ----------
000008.133|so   |*|00|+++ Note that Updater log times are in GMT +++
000008.133|boot |*|00|Initial log entry. Current logging level 3
000008.134|copy |*|00|Initial log entry. Current logging level 3
000008.134|utilm|*|00|Initial log entry. Current logging level 4
000008.134|hw   |*|00|Initial log entry. Current logging level 4
000008.134|ethf |*|00|Initial log entry. Current logging level 4
000008.134|dns  |*|00|Initial log entry. Current logging level 3
000008.134|curl |*|00|Initial log entry. Current logging level 3
000008.134|sec  |*|00|Initial log entry. Current logging level 4
000008.147|wdog |*|00|Initial log entry. Current logging level 4
000008.147|lldp |*|00|Initial log entry. Current logging level 3
000008.147|cdp  |*|00|Initial log entry. Current logging level 3
000008.147|key  |*|00|Initial log entry. Current logging level 4
000008.171|so   |3|00|Platform: Model=VVX 300, Assembly=3111-46135-002 Rev=A Region=0
000008.171|so   |3|00|Platform: Board=3111-46135-002 1 0
000008.172|so   |3|00|Platform: MAC=0004f28e7ac6
000008.173|so   |3|00|Platform: BootBlock=3.0.4.0028 (46135-002) 30-Jan-13 18:00
000008.174|so   |*|00|Platform: BootL1=1.0.0.0009 (46135-002) 11-Jan-13 14:23
000008.174|so   |3|00|Application, main: Label=Updater, Version=Peridot 5.1.4.0844 20-Mar-13 14:16
000008.174|so   |3|00|Application, main: P/N=3150-11069-514
000008.174|so   |5|00|Platform: Both images are incorrect, will use Primary Image.
000008.174|log  |*|00|Install file upload callback for 'Updater'

000008.175|app1 |*|00|Initial log entry. Current logging level 3
000008.189|cfg  |*|00|Initial log entry. Current logging level 2
000009.141|so   |3|00|Link status is Net up Speed 100 full Duplex, PC down.
000008.091|so   |*|00|---------- Initial log entry ----------
000008.091|so   |*|00|+++ Note that Updater log times are in GMT +++
000008.091|boot |*|00|Initial log entry. Current logging level 3
000008.091|copy |*|00|Initial log entry. Current logging level 3
000008.091|utilm|*|00|Initial log entry. Current logging level 4
000008.091|hw   |*|00|Initial log entry. Current logging level 4
000008.091|ethf |*|00|Initial log entry. Current logging level 4
000008.092|dns  |*|00|Initial log entry. Current logging level 3
000008.092|curl |*|00|Initial log entry. Current logging level 3
000008.092|sec  |*|00|Initial log entry. Current logging level 4
000008.105|wdog |*|00|Initial log entry. Current logging level 4
000008.105|lldp |*|00|Initial log entry. Current logging level 3
000008.105|cdp  |*|00|Initial log entry. Current logging level 3
000008.105|key  |*|00|Initial log entry. Current logging level 4
000008.131|so   |3|00|Platform: Model=VVX 300, Assembly=3111-46135-002 Rev=A Region=0
000008.131|so   |3|00|Platform: Board=3111-46135-002 1 0
000008.132|so   |3|00|Platform: MAC=0004f28e7ac6
000008.133|so   |3|00|Platform: BootBlock=3.0.4.0028 (46135-002) 30-Jan-13 18:00
000008.134|so   |*|00|Platform: BootL1=1.0.0.0009 (46135-002) 11-Jan-13 14:23
000008.134|so   |3|00|Application, main: Label=Updater, Version=Peridot 5.1.4.0844 20-Mar-13 14:16
000008.134|so   |3|00|Application, main: P/N=3150-11069-514
000008.134|so   |5|00|Platform: Both images are incorrect, will use Primary Image.
000008.134|log  |*|00|Install file upload callback for 'Updater'

000008.135|app1 |*|00|Initial log entry. Current logging level 3
000008.149|cfg  |*|00|Initial log entry. Current logging level 2
000009.100|so   |3|00|Link status is Net up Speed 100 full Duplex, PC down.
000008.070|so   |*|00|---------- Initial log entry ----------
000008.071|so   |*|00|+++ Note that Updater log times are in GMT +++
000008.071|boot |*|00|Initial log entry. Current logging level 3
000008.071|copy |*|00|Initial log entry. Current logging level 3
000008.071|utilm|*|00|Initial log entry. Current logging level 4
000008.071|hw   |*|00|Initial log entry. Current logging level 4
000008.071|ethf |*|00|Initial log entry. Current logging level 4
000008.071|dns  |*|00|Initial log entry. Current logging level 3
000008.071|curl |*|00|Initial log entry. Current logging level 3
000008.072|sec  |*|00|Initial log entry. Current logging level 4
000008.084|wdog |*|00|Initial log entry. Current logging level 4
000008.084|lldp |*|00|Initial log entry. Current logging level 3
000008.084|cdp  |*|00|Initial log entry. Current logging level 3
000008.085|key  |*|00|Initial log entry. Current logging level 4
000008.111|so   |3|00|Platform: Model=VVX 300, Assembly=3111-46135-002 Rev=A Region=0
000008.111|so   |3|00|Platform: Board=3111-46135-002 1 0
000008.112|so   |3|00|Platform: MAC=0004f28e7ac6
000008.113|so   |3|00|Platform: BootBlock=3.0.4.0028 (46135-002) 30-Jan-13 18:00
000008.114|so   |*|00|Platform: BootL1=1.0.0.0009 (46135-002) 11-Jan-13 14:23
000008.114|so   |3|00|Application, main: Label=Updater, Version=Peridot 5.1.4.0844 20-Mar-13 14:16
000008.114|so   |3|00|Application, main: P/N=3150-11069-514
000008.114|so   |5|00|Platform: Both images are incorrect, will use Primary Image.
000008.114|log  |*|00|Install file upload callback for 'Updater'

000008.115|app1 |*|00|Initial log entry. Current logging level 3
000008.129|cfg  |*|00|Initial log entry. Current logging level 2
000009.079|so   |3|00|Link status is Net up Speed 100 full Duplex, PC down.
000008.031|so   |*|00|---------- Initial log entry ----------
000008.031|so   |*|00|+++ Note that Updater log times are in GMT +++
000008.031|boot |*|00|Initial log entry. Current logging level 3
000008.031|copy |*|00|Initial log entry. Current logging level 3
000008.031|utilm|*|00|Initial log entry. Current logging level 4
000008.031|hw   |*|00|Initial log entry. Current logging level 4
000008.031|ethf |*|00|Initial log entry. Current logging level 4
000008.032|dns  |*|00|Initial log entry. Current logging level 3
000008.032|curl |*|00|Initial log entry. Current logging level 3
000008.032|sec  |*|00|Initial log entry. Current logging level 4
000008.044|wdog |*|00|Initial log entry. Current logging level 4
000008.045|lldp |*|00|Initial log entry. Current logging level 3
000008.045|cdp  |*|00|Initial log entry. Current logging level 3
000008.045|key  |*|00|Initial log entry. Current logging level 4
000008.071|so   |3|00|Platform: Model=VVX 300, Assembly=3111-46135-002 Rev=A Region=0
000008.071|so   |3|00|Platform: Board=3111-46135-002 1 0
000008.072|so   |3|00|Platform: MAC=0004f28e7ac6
000008.073|so   |3|00|Platform: BootBlock=3.0.4.0028 (46135-002) 30-Jan-13 18:00
000008.074|so   |*|00|Platform: BootL1=1.0.0.0009 (46135-002) 11-Jan-13 14:23
000008.074|so   |3|00|Application, main: Label=Updater, Version=Peridot 5.1.4.0844 20-Mar-13 14:16
000008.074|so   |3|00|Application, main: P/N=3150-11069-514
000008.074|so   |5|00|Platform: Both images are incorrect, will use Primary Image.
000008.074|log  |*|00|Install file upload callback for 'Updater'

000008.075|app1 |*|00|Initial log entry. Current logging level 3
000008.089|cfg  |*|00|Initial log entry. Current logging level 2
000008.093|dot1x|*|00|Initial log entry. Current logging level 3
000008.093|app1 |3|00|Starting provisioning because of the start type.
000008.293|tls  |*|00|Initial log entry. Current logging level 4
000009.039|so   |3|00|Link status is Net up Speed 100 full Duplex, PC down.
000011.750|lldp |3|00|Enabling 802.1Q tagging, VLAN ID = 111 (from LLDP/CDP)
000011.750|lldp |5|00|VLAN Id has changed to 111.
000014.373|lldp |3|00|LLDP received a response from a switch. LLDP enabled.
000014.430|dhcpc|*|00|Initial log entry. Current logging level 4
000018.176|dns  |*|00|DNS resolver servers are '8.8.8.8' '8.8.4.4'
000018.176|dns  |*|00|DNS resolver search domain is ''
000018.176|app1 |3|00|DNS resolver servers are '8.8.8.8' '8.8.4.4'
000018.176|app1 |3|00|DNS resolver search domain is ''
000018.324|dns  |3|00|DNS lookup for (A) 'p.voxter.com'(74.114.208.245) TTL=14201
000018.326|app1 |3|00|DHCP returned result 0x18F from server 10.2.0.2.
000018.326|app1 |3|00|   Phone IP address is 10.2.0.197.
000018.326|app1 |3|00|   Subnet mask is 255.255.255.0.
000018.326|app1 |3|00|   Gateway address is 10.2.0.1.
000018.326|app1 |3|00|   Provisioning server address is http://p.voxter.com/.
000018.326|app1 |3|00|   DNS server is 8.8.8.8.
000018.326|app1 |3|00|   DNS alternate server is 8.8.4.4.
000018.584|dns  |3|00|DNS lookup for (A) 'pool.ntp.org'(69.28.67.44,199.182.221.110,208.73.56.29) TTL=149
0422014521|app1 |3|00|Time has been set from pool.ntp.org (69.28.67.44).
0422014521|app1 |3|00|   1429667121: 2015-4-22, 1:45:21, DST off
0422014521|copy |3|00|'http://PlcmSpIp:****@p.voxter.com/0004f28e7ac6.cfg' from 'p.voxter.com(74.114.208.245)'
0422014522|copy |3|00|Download of '0004f28e7ac6.cfg' succeeded on attempt 1 (addr 1 of 1)
0422014522|cfg  |*|00|Prov|Starting to update 3111-46135-002.sip.ld
0422014522|copy |3|00|'http://PlcmSpIp:****@p.voxter.com/3111-46135-002.sip.ld' from 'p.voxter.com(74.114.208.245)'
0422014523|cfg  |3|00|New load header information:
0422014523|cfg  |3|00|Code length:         0x027559F0
0422014523|cfg  |3|00|Code Checksum:       0x38A3BFD9
0422014523|cfg  |3|00|Options:             0x00000080
0422014523|cfg  |3|00|Recognized container image
0422014523|cfg  |3|00|New load header information:
0422014523|cfg  |3|00|Code length:         0x020760FC
0422014523|cfg  |3|00|Code Checksum:       0x02B7DAEB
0422014523|cfg  |3|00|Options:             0x00000002
0422014523|cfg  |3|00|Application header is different
0422014523|cfg  |3|00|Application in container image 1 is different
0422014523|cfg  |3|00|New load header information:
0422014523|cfg  |3|00|Code length:         0x006DEFE4
0422014523|cfg  |3|00|Code Checksum:       0x38A32210
0422014523|cfg  |3|00|Options:             0x00000010
0422014523|cfg  |3|00|Updater header is different
0422014523|cfg  |3|00|Updater in container image 2 is different
0422014523|cfg  |3|00|Using Updater
0422015803|cfg  |*|00|Prov|Updating the Updater
0422015803|cfg  |3|00|Using compatible image 0
0422015949|copy |3|00|Download of '3111-46135-002.sip.ld' succeeded on attempt 1 (addr 1 of 1)
0422015950|sig  |*|00|Initial log entry. Current logging level 3
0422015950|sig  |3|00|hwSigParseRemove: found key Sig_3.
0422015950|cfg  |3|00|Good image signature
0422015951|cfg  |4|00|Removing application...
0422015955|cfg  |3|00|Programming Updater from sector 320 to 575
0422020002|cfg  |3|00|Programming to sector 320 complete
0422020004|cfg  |*|00|Prov|Image has been changed
0422020004|cfg  |*|00|Prov|Provisioning needs to reboot to upgrade image(s)
000008.588|so   |*|00|---------- Initial log entry ----------
000008.588|so   |*|00|+++ Note that Updater log times are in GMT +++
000008.588|boot |*|00|Initial log entry. Current logging level 3
000008.589|copy |*|00|Initial log entry. Current logging level 3
000008.589|utilm|*|00|Initial log entry. Current logging level 4
000008.589|hw   |*|00|Initial log entry. Current logging level 4
000008.589|ethf |*|00|Initial log entry. Current logging level 4
000008.589|dns  |*|00|Initial log entry. Current logging level 3
000008.589|curl |*|00|Initial log entry. Current logging level 3
000008.589|sec  |*|00|Initial log entry. Current logging level 4
000008.832|wdog |*|00|Initial log entry. Current logging level 4
000008.832|lldp |*|00|Initial log entry. Current logging level 3
000008.832|cdp  |*|00|Initial log entry. Current logging level 3
000008.832|key  |*|00|Initial log entry. Current logging level 4
000008.833|so   |3|00|SoKeyC::keyboardSetup(): Assigning virtual key: hwId 45 soKeyConcordVirtualTab[i].function 53
000008.861|so   |3|00|Platform: Model=VVX 300, Assembly=3111-46135-002 Rev=A Region=0
000008.861|so   |3|00|Platform: Board=3111-46135-002 1 0
000008.862|so   |3|00|Platform: MAC=0004f28e7ac6
000008.863|so   |3|00|Platform: BootBlock=3.0.4.0028 (46135-002) 30-Jan-13 18:00
000008.864|so   |*|00|Platform: BootL1=1.0.0.0009 (46135-002) 11-Jan-13 14:23
000008.864|so   |3|00|Application, main: Label=Updater, Version=Fayalite 5.5.0.13251 24-Mar-15 02:46
000008.864|so   |3|00|Application, main: P/N=3150-11069-550
000008.864|log  |*|00|Install file upload callback for 'Updater'

000008.865|app1 |*|00|Initial log entry. Current logging level 3
000008.877|cfg  |*|00|Initial log entry. Current logging level 2
000008.882|dot1x|*|00|Initial log entry. Current logging level 3
000008.882|app1 |3|00|Starting provisioning because of the start type.
000009.087|tls  |*|00|Initial log entry. Current logging level 4
000009.831|so   |3|00|Link status is Net up Speed 100 full Duplex, PC down.
000011.452|lldp |3|00|Enabling 802.1Q tagging, VLAN ID = 111 (from LLDP/CDP)
000011.452|lldp |5|00|VLAN Id has changed to 111.
000015.179|lldp |3|00|LLDP received a response from a switch. LLDP enabled.
000015.372|dhcpc|*|00|Initial log entry. Current logging level 2
000015.374|dhcpc|3|00|dhcAddIf v4 succeeds: eth0.111.
000015.378|dhcpc|3|00|dhcRebind v4: Will wait until sync rebind completes.
000015.913|dhcpc|3|00|relLease(0) v4: Succeeded to fork dhclient to terminate.
000016.564|dhcpc|3|00|dhcListener: Read succeeds: eth0.111 state: PREINIT
.
000016.565|dhcpc|4|00|DhcpClient::processLine: no callback for state 1 if eth0.111
000017.761|dhcpc|3|00|dhcListener: Read succeeds: eth0.111 ip: 10.2.0.197
.
000017.763|dhcpc|3|00|dhcListener: Read succeeds: eth0.111 option: subnet-mask 255.255.255.0
.
000017.764|dhcpc|3|00|dhcListener: Read succeeds: eth0.111 option: routers 10.2.0.1
.
000017.765|dhcpc|3|00|dhcListener: Read succeeds: eth0.111 option: domain-name-servers 8.8.8.8 8.8.4.4
.
000017.767|dhcpc|3|00|dhcListener: Read succeeds: eth0.111 option: dhcp-lease-time 600
.
000017.768|dhcpc|3|00|dhcListener: Read succeeds: eth0.111 option: tftp-server-name http://p.voxter.com/
.
000017.769|dhcpc|3|00|dhcListener: Read succeeds: eth0.111 option: dhcp-server-identifier 10.2.0.2
.
000017.774|dhcpc|3|00|dhcListener: Read succeeds: eth0.111 option: broadcast-address 10.2.0.255
.
000017.779|dhcpc|3|00|dhcListener: Read succeeds: eth0.111 option: dhcp-lease-time 600
.
000017.781|dhcpc|3|00|dhcListener: Read succeeds: eth0.111 option: dhcp-message-type 5
.
000017.815|dhcpc|3|00|dhcListener: Read succeeds: eth0.111 state: BOUND
.
000017.816|dhcpc|4|00|DhcpClient::processLine: no callback for state 2 if eth0.111
000017.816|dhcpc|3|00|dhcRebind v4: Sync rebind succeeds.
000017.817|dhcpc|3|00|Program eth0.111 to use subnet mask 255.255.255.0, result 0.
000017.818|dhcpc|3|00|Program eth0.111 to use ip address 10.2.0.197, result 0.
000017.818|dhcpc|3|00|Program eth0.111 to use router 10.2.0.1, result 0.
000017.836|dhcpc|3|00|getLease v4: Succeeded to fork dhclient for interface eth0.111.
000018.827|ares |*|00|Initial log entry. Current logging level 3
000018.828|dns  |*|00|DNS resolver servers are '8.8.8.8' '8.8.4.4'
000018.828|dns  |*|00|DNS resolver search domain is ''
000018.828|app1 |3|00|DNS resolver servers are '8.8.8.8' '8.8.4.4'
000018.828|app1 |3|00|DNS resolver search domain is ''
000019.047|app1 |3|00|DHCP returned result 0x18F from server 10.2.0.2.
000019.047|app1 |3|00|   Phone IPv4 address is 10.2.0.197.
000019.048|app1 |3|00|   Subnet mask is 255.255.255.0.
000019.048|app1 |3|00|   Gateway address is 10.2.0.1.
000019.048|app1 |3|00|   Provisioning server address is http://p.voxter.com/.
000019.048|app1 |3|00|   DNS server is 8.8.8.8
000019.048|app1 |3|00|   DNS alternate server is 8.8.4.4.
0422020038|app1 |3|00|Time has been set from pool.ntp.org (167.88.40.177).
0422020038|app1 |3|00|   1429668038: 2015-4-22, 2:0:38, DST off
0422020038|copy |3|00|'http://PlcmSpIp:****@p.voxter.com/0004f28e7ac6.cfg' from 'p.voxter.com(74.114.208.245)'
0422020038|copy |3|00|Download of '0004f28e7ac6.cfg' succeeded on attempt 1 (addr 1 of 1)
0422020038|cfg  |*|00|Prov|Starting to update 3111-46135-002.sip.ld
0422020038|copy |3|00|'http://PlcmSpIp:****@p.voxter.com/3111-46135-002.sip.ld' from 'p.voxter.com(74.114.208.245)'
0422020039|cfg  |3|00|New load header information:
0422020039|cfg  |3|00|Code length:         0x027559F0
0422020039|cfg  |3|00|Code Checksum:       0x38A3BFD9
0422020039|cfg  |3|00|Options:             0x00000080
0422020039|cfg  |3|00|Recognized container image
0422020039|cfg  |3|00|New load header information:
0422020039|cfg  |3|00|Code length:         0x020760FC
0422020039|cfg  |3|00|Code Checksum:       0x02B7DAEB
0422020039|cfg  |3|00|Options:             0x00000002
0422020039|cfg  |3|00|Could not open application file for checking
0422020039|cfg  |3|00|Application in container image 1 is different
0422020039|cfg  |3|00|New load header information:
0422020039|cfg  |3|00|Code length:         0x006DEFE4
0422020039|cfg  |3|00|Code Checksum:       0x38A32210
0422020039|cfg  |3|00|Options:             0x00000010
0422020039|cfg  |3|00|Updater is already present
0422020039|cfg  |3|00|Updater in container image 2 is not different
0422020039|cfg  |3|00|Using application
0422020039|cfg  |*|00|Prov|Updating the Application
0422020039|cfg  |3|00|Using compatible image 0
0422020451|dhcpc|3|00|dhcListener: Read succeeds: eth0.111 state: RENEW
.
0422020451|dhcpc|4|00|DhcpClient::processLine: no callback for state 6 if eth0.111
0422020753|copy |3|00|buffered_write: transfer terminated
0422020753|copy |3|00|Download of '3111-46135-002.sip.ld' succeeded on attempt 1 (addr 1 of 1)
0422020754|sig  |*|00|Initial log entry. Current logging level 3
0422020754|sig  |3|00|hwSigParseRemove: found key Sig_3.
0422020757|cfg  |3|00|Good image signature
0422020758|cfg  |3|00|Programming 34038588 bytes into tffs in 4K blocks
0422020800|cfg  |3|00|Extracting application files
0422020800|cfg  |3|00|New load header information:
0422020800|cfg  |3|00|Code length:         0x020760FC
0422020800|cfg  |3|00|Code Checksum:       0x02B7DAEB
0422020800|cfg  |3|00|Options:             0x00000002
0422020943|dhcpc|3|00|dhcListener: Read succeeds: eth0.111 state: RENEW
.
0422020943|dhcpc|4|00|DhcpClient::processLine: no callback for state 6 if eth0.111
0422021022|cfg  |3|00|Finished extracting application files (OK)
0422021032|cfg  |3|00|File system is synchronized
0422021032|cfg  |*|00|Prov|Succeeded updating file 3111-46135-002.sip.ld
0422021032|cfg  |*|00|Prov|Image has been changed
0422021032|cfg  |3|00|Prov|Provisioning succeeded
0422021032|app1 |3|00|Application, load: Type=SIP, Version=5.3.0.12074 24-Mar-15 03:06
0422021032|cfg  |*|00|Prov|Finished updating configuration
0422021032|boot |*|00|Using TFFS for flash load
0422021032|boot |*|00|Code length:         0x020760FC
0422021032|boot |*|00|Code checksum:       0x02B7DAEB
0422021032|app1 |4|00|Loaded application sip.ld from local system successfully.
0422021032|app1 |6|00|Uploading boot log, time is Wed Apr 22 02:10:32 2015

0422021032|copy |3|00|'http://PlcmSpIp:****@p.voxter.com/logs/0004f28e7ac6-boot.log' to 'p.voxter.com(74.114.208.245)'
0422021033|copy |3|00|Upload of 'logs/0004f28e7ac6-boot.log' succeeded on attempt 1 (addr 1 of 1)
0422021033|dhcpc|3|00|relLease(0) v4: Succeeded to fork dhclient to terminate.
0422021048|cfg  |3|00|Prov|Shutting down
