000000.310|so   |*|01|---------- Initial log entry ----------
000000.310|so   |*|01|+++ Note that Updater log times are in GMT +++
000000.310|boot |*|01|Initial log entry. Current logging level 3
000000.310|copy |*|01|Initial log entry. Current logging level 3
000000.310|utilm|*|01|Initial log entry. Current logging level 4
000000.310|hw   |*|01|Initial log entry. Current logging level 4
000000.310|ethf |*|01|Initial log entry. Current logging level 4
000000.310|dns  |*|01|Initial log entry. Current logging level 3
000000.310|curl |*|01|Initial log entry. Current logging level 3
000000.310|sec  |*|01|Initial log entry. Current logging level 4
000000.470|wdog |*|01|Initial log entry. Current logging level 4
000000.470|lldp |*|01|Initial log entry. Current logging level 3
000000.470|cdp  |*|01|Initial log entry. Current logging level 3
000000.470|key  |*|01|Initial log entry. Current logging level 4
000000.470|so   |3|01|Platform: Model=SoundPoint IP 550, Assembly=2345-12500-001 Rev=A Region=
000000.470|so   |3|01|Platform: Board=2345-12500-001 1 0
000000.470|so   |3|01|Platform: MAC=0004f21b010a
000000.470|so   |3|01|Platform: BootBlock=3.0.2.0024 (12500-001) 30-Nov-10 15:00
000000.470|so   |3|01|Application, main: Label=Updater, Version=Azurite 5.0.5.2324 09-Dec-13 14:31
000000.470|so   |3|01|Application, main: P/N=YYYY-YYYYY-YYY
000000.470|log  |*|01|Install file upload callback for 'Updater'

000000.470|app1 |*|01|Initial log entry. Current logging level 3
000000.490|cfg  |*|01|Initial log entry. Current logging level 2
000000.510|app1 |3|01|Application, load: Type=SIP, Version=4.0.6.0711 26-Feb-14 06:47
000000.525|boot |*|01|Using TFFS for flash load
000000.555|boot |*|01|Code length:         0x0038930F
000000.555|boot |*|01|Code checksum:       0x1C2E9672
000001.470|so   |3|01|Link status is Net up Speed 100 full Duplex, PC up Speed 100 full Duplex.
000011.555|app1 |4|01|Loaded application unknown from local system successfully.
