000008.677|so   |*|01|---------- Initial log entry ----------
000008.677|so   |*|01|+++ Note that Updater log times are in GMT +++
000008.677|boot |*|01|Initial log entry. Current logging level 3
000008.677|copy |*|01|Initial log entry. Current logging level 3
000008.677|utilm|*|01|Initial log entry. Current logging level 4
000008.677|hw   |*|01|Initial log entry. Current logging level 4
000008.677|ethf |*|01|Initial log entry. Current logging level 4
000008.677|dns  |*|01|Initial log entry. Current logging level 3
000008.678|curl |*|01|Initial log entry. Current logging level 3
000008.678|sec  |*|01|Initial log entry. Current logging level 4
000008.691|wdog |*|01|Initial log entry. Current logging level 4
000008.691|lldp |*|01|Initial log entry. Current logging level 3
000008.691|cdp  |*|01|Initial log entry. Current logging level 3
000008.691|key  |*|01|Initial log entry. Current logging level 4
000008.721|so   |3|01|Platform: Model=VVX 300, Assembly=3111-46135-002 Rev=A Region=0
000008.721|so   |3|01|Platform: Board=3111-46135-002 1 0
000008.722|so   |3|01|Platform: MAC=0004f28e7a3f
000008.723|so   |3|01|Platform: BootBlock=3.0.4.0028 (46135-002) 30-Jan-13 18:00
000008.724|so   |*|01|Platform: BootL1=1.0.0.0009 (46135-002) 11-Jan-13 14:23
000008.724|so   |3|01|Application, main: Label=Updater, Version=Peridot 5.1.4.0844 20-Mar-13 14:16
000008.724|so   |3|01|Application, main: P/N=3150-11069-514
000008.724|so   |5|01|Platform: Both images are incorrect, will use Primary Image.
000008.724|log  |*|01|Install file upload callback for 'Updater'

000008.725|app1 |*|01|Initial log entry. Current logging level 3
000008.740|cfg  |*|01|Initial log entry. Current logging level 2
000009.689|so   |3|01|Link status is Net up Speed 100 full Duplex, PC down.
000008.073|so   |*|00|---------- Initial log entry ----------
000008.074|so   |*|00|+++ Note that Updater log times are in GMT +++
000008.074|boot |*|00|Initial log entry. Current logging level 3
000008.074|copy |*|00|Initial log entry. Current logging level 3
000008.074|utilm|*|00|Initial log entry. Current logging level 4
000008.074|hw   |*|00|Initial log entry. Current logging level 4
000008.074|ethf |*|00|Initial log entry. Current logging level 4
000008.074|dns  |*|00|Initial log entry. Current logging level 3
000008.074|curl |*|00|Initial log entry. Current logging level 3
000008.075|sec  |*|00|Initial log entry. Current logging level 4
000008.087|wdog |*|00|Initial log entry. Current logging level 4
000008.087|lldp |*|00|Initial log entry. Current logging level 3
000008.087|cdp  |*|00|Initial log entry. Current logging level 3
000008.087|key  |*|00|Initial log entry. Current logging level 4
000008.111|so   |3|00|Platform: Model=VVX 300, Assembly=3111-46135-002 Rev=A Region=0
000008.112|so   |3|00|Platform: Board=3111-46135-002 1 0
000008.112|so   |3|00|Platform: MAC=0004f28e7a3f
000008.113|so   |3|00|Platform: BootBlock=3.0.4.0028 (46135-002) 30-Jan-13 18:00
000008.114|so   |*|00|Platform: BootL1=1.0.0.0009 (46135-002) 11-Jan-13 14:23
000008.114|so   |3|00|Application, main: Label=Updater, Version=Peridot 5.1.4.0844 20-Mar-13 14:16
000008.114|so   |3|00|Application, main: P/N=3150-11069-514
000008.114|so   |5|00|Platform: Both images are incorrect, will use Primary Image.
000008.114|log  |*|00|Install file upload callback for 'Updater'

000008.115|app1 |*|00|Initial log entry. Current logging level 3
000008.129|cfg  |*|00|Initial log entry. Current logging level 2
000009.081|so   |3|00|Link status is Net up Speed 100 full Duplex, PC down.
000008.049|so   |*|00|---------- Initial log entry ----------
000008.049|so   |*|00|+++ Note that Updater log times are in GMT +++
000008.049|boot |*|00|Initial log entry. Current logging level 3
000008.050|copy |*|00|Initial log entry. Current logging level 3
000008.050|utilm|*|00|Initial log entry. Current logging level 4
000008.050|hw   |*|00|Initial log entry. Current logging level 4
000008.050|ethf |*|00|Initial log entry. Current logging level 4
000008.050|dns  |*|00|Initial log entry. Current logging level 3
000008.050|curl |*|00|Initial log entry. Current logging level 3
000008.050|sec  |*|00|Initial log entry. Current logging level 4
000008.063|wdog |*|00|Initial log entry. Current logging level 4
000008.063|lldp |*|00|Initial log entry. Current logging level 3
000008.063|cdp  |*|00|Initial log entry. Current logging level 3
000008.063|key  |*|00|Initial log entry. Current logging level 4
000008.091|so   |3|00|Platform: Model=VVX 300, Assembly=3111-46135-002 Rev=A Region=0
000008.091|so   |3|00|Platform: Board=3111-46135-002 1 0
000008.092|so   |3|00|Platform: MAC=0004f28e7a3f
000008.093|so   |3|00|Platform: BootBlock=3.0.4.0028 (46135-002) 30-Jan-13 18:00
000008.094|so   |*|00|Platform: BootL1=1.0.0.0009 (46135-002) 11-Jan-13 14:23
000008.094|so   |3|00|Application, main: Label=Updater, Version=Peridot 5.1.4.0844 20-Mar-13 14:16
000008.094|so   |3|00|Application, main: P/N=3150-11069-514
000008.094|so   |5|00|Platform: Both images are incorrect, will use Primary Image.
000008.094|log  |*|00|Install file upload callback for 'Updater'

000008.095|app1 |*|00|Initial log entry. Current logging level 3
000008.109|cfg  |*|00|Initial log entry. Current logging level 2
000009.058|so   |3|00|Link status is Net up Speed 100 full Duplex, PC down.
000009.435|so   |*|00|---------- Initial log entry ----------
000009.435|so   |*|00|+++ Note that Updater log times are in GMT +++
000009.435|boot |*|00|Initial log entry. Current logging level 3
000009.435|copy |*|00|Initial log entry. Current logging level 3
000009.435|utilm|*|00|Initial log entry. Current logging level 4
000009.435|hw   |*|00|Initial log entry. Current logging level 4
000009.435|ethf |*|00|Initial log entry. Current logging level 4
000009.435|dns  |*|00|Initial log entry. Current logging level 3
000009.435|curl |*|00|Initial log entry. Current logging level 3
000009.436|sec  |*|00|Initial log entry. Current logging level 4
000009.448|wdog |*|00|Initial log entry. Current logging level 4
000009.449|lldp |*|00|Initial log entry. Current logging level 3
000009.449|cdp  |*|00|Initial log entry. Current logging level 3
000009.449|key  |*|00|Initial log entry. Current logging level 4
000009.471|so   |3|00|Platform: Model=VVX 300, Assembly=3111-46135-002 Rev=A Region=0
000009.471|so   |3|00|Platform: Board=3111-46135-002 1 0
000009.472|so   |3|00|Platform: MAC=0004f28e7a3f
000009.473|so   |3|00|Platform: BootBlock=3.0.4.0028 (46135-002) 30-Jan-13 18:00
000009.474|so   |*|00|Platform: BootL1=1.0.0.0009 (46135-002) 11-Jan-13 14:23
000009.474|so   |3|00|Application, main: Label=Updater, Version=Peridot 5.1.4.0844 20-Mar-13 14:16
000009.474|so   |3|00|Application, main: P/N=3150-11069-514
000009.474|so   |5|00|Platform: Both images are incorrect, will use Primary Image.
000009.474|log  |*|00|Install file upload callback for 'Updater'

000009.475|app1 |*|00|Initial log entry. Current logging level 3
000009.489|cfg  |*|00|Initial log entry. Current logging level 2
000010.445|so   |3|00|Link status is Net up Speed 100 full Duplex, PC down.
000008.141|so   |*|00|---------- Initial log entry ----------
000008.141|so   |*|00|+++ Note that Updater log times are in GMT +++
000008.141|boot |*|00|Initial log entry. Current logging level 3
000008.141|copy |*|00|Initial log entry. Current logging level 3
000008.141|utilm|*|00|Initial log entry. Current logging level 4
000008.141|hw   |*|00|Initial log entry. Current logging level 4
000008.141|ethf |*|00|Initial log entry. Current logging level 4
000008.142|dns  |*|00|Initial log entry. Current logging level 3
000008.142|curl |*|00|Initial log entry. Current logging level 3
000008.142|sec  |*|00|Initial log entry. Current logging level 4
000008.155|wdog |*|00|Initial log entry. Current logging level 4
000008.155|lldp |*|00|Initial log entry. Current logging level 3
000008.155|cdp  |*|00|Initial log entry. Current logging level 3
000008.155|key  |*|00|Initial log entry. Current logging level 4
000008.181|so   |3|00|Platform: Model=VVX 300, Assembly=3111-46135-002 Rev=A Region=0
000008.181|so   |3|00|Platform: Board=3111-46135-002 1 0
000008.182|so   |3|00|Platform: MAC=0004f28e7a3f
000008.183|so   |3|00|Platform: BootBlock=3.0.4.0028 (46135-002) 30-Jan-13 18:00
000008.184|so   |*|00|Platform: BootL1=1.0.0.0009 (46135-002) 11-Jan-13 14:23
000008.184|so   |3|00|Application, main: Label=Updater, Version=Peridot 5.1.4.0844 20-Mar-13 14:16
000008.184|so   |3|00|Application, main: P/N=3150-11069-514
000008.184|so   |5|00|Platform: Both images are incorrect, will use Primary Image.
000008.184|log  |*|00|Install file upload callback for 'Updater'

000008.185|app1 |*|00|Initial log entry. Current logging level 3
000008.199|cfg  |*|00|Initial log entry. Current logging level 2
000009.151|so   |3|00|Link status is Net up Speed 100 full Duplex, PC down.
