000008.655|so   |*|01|---------- Initial log entry ----------
000008.655|so   |*|01|+++ Note that Updater log times are in GMT +++
000008.655|boot |*|01|Initial log entry. Current logging level 3
000008.656|copy |*|01|Initial log entry. Current logging level 3
000008.656|utilm|*|01|Initial log entry. Current logging level 4
000008.656|hw   |*|01|Initial log entry. Current logging level 4
000008.656|ethf |*|01|Initial log entry. Current logging level 4
000008.656|dns  |*|01|Initial log entry. Current logging level 3
000008.656|curl |*|01|Initial log entry. Current logging level 3
000008.656|sec  |*|01|Initial log entry. Current logging level 4
000008.669|wdog |*|01|Initial log entry. Current logging level 4
000008.670|lldp |*|01|Initial log entry. Current logging level 3
000008.670|cdp  |*|01|Initial log entry. Current logging level 3
000008.670|key  |*|01|Initial log entry. Current logging level 4
000008.701|so   |3|01|Platform: Model=VVX 300, Assembly=3111-46135-002 Rev=A Region=0
000008.701|so   |3|01|Platform: Board=3111-46135-002 1 0
000008.702|so   |3|01|Platform: MAC=0004f28e7905
000008.703|so   |3|01|Platform: BootBlock=3.0.4.0028 (46135-002) 30-Jan-13 18:00
000008.704|so   |*|01|Platform: BootL1=1.0.0.0009 (46135-002) 11-Jan-13 14:23
000008.704|so   |3|01|Application, main: Label=Updater, Version=Peridot 5.1.4.0844 20-Mar-13 14:16
000008.704|so   |3|01|Application, main: P/N=3150-11069-514
000008.704|so   |5|01|Platform: Both images are incorrect, will use Primary Image.
000008.704|log  |*|01|Install file upload callback for 'Updater'

000008.705|app1 |*|01|Initial log entry. Current logging level 3
000008.720|cfg  |*|01|Initial log entry. Current logging level 2
000009.668|so   |3|01|Link status is Net up Speed 100 full Duplex, PC down.
000008.072|so   |*|00|---------- Initial log entry ----------
000008.072|so   |*|00|+++ Note that Updater log times are in GMT +++
000008.073|boot |*|00|Initial log entry. Current logging level 3
000008.073|copy |*|00|Initial log entry. Current logging level 3
000008.073|utilm|*|00|Initial log entry. Current logging level 4
000008.073|hw   |*|00|Initial log entry. Current logging level 4
000008.073|ethf |*|00|Initial log entry. Current logging level 4
000008.073|dns  |*|00|Initial log entry. Current logging level 3
000008.073|curl |*|00|Initial log entry. Current logging level 3
000008.073|sec  |*|00|Initial log entry. Current logging level 4
000008.086|wdog |*|00|Initial log entry. Current logging level 4
000008.086|lldp |*|00|Initial log entry. Current logging level 3
000008.086|cdp  |*|00|Initial log entry. Current logging level 3
000008.086|key  |*|00|Initial log entry. Current logging level 4
000008.111|so   |3|00|Platform: Model=VVX 300, Assembly=3111-46135-002 Rev=A Region=0
000008.112|so   |3|00|Platform: Board=3111-46135-002 1 0
000008.112|so   |3|00|Platform: MAC=0004f28e7905
000008.113|so   |3|00|Platform: BootBlock=3.0.4.0028 (46135-002) 30-Jan-13 18:00
000008.114|so   |*|00|Platform: BootL1=1.0.0.0009 (46135-002) 11-Jan-13 14:23
000008.114|so   |3|00|Application, main: Label=Updater, Version=Peridot 5.1.4.0844 20-Mar-13 14:16
000008.114|so   |3|00|Application, main: P/N=3150-11069-514
000008.114|so   |5|00|Platform: Both images are incorrect, will use Primary Image.
000008.114|log  |*|00|Install file upload callback for 'Updater'

000008.115|app1 |*|00|Initial log entry. Current logging level 3
000008.129|cfg  |*|00|Initial log entry. Current logging level 2
000009.081|so   |3|00|Link status is Net up Speed 100 full Duplex, PC down.
000008.036|so   |*|00|---------- Initial log entry ----------
000008.036|so   |*|00|+++ Note that Updater log times are in GMT +++
000008.036|boot |*|00|Initial log entry. Current logging level 3
000008.036|copy |*|00|Initial log entry. Current logging level 3
000008.036|utilm|*|00|Initial log entry. Current logging level 4
000008.036|hw   |*|00|Initial log entry. Current logging level 4
000008.036|ethf |*|00|Initial log entry. Current logging level 4
000008.037|dns  |*|00|Initial log entry. Current logging level 3
000008.037|curl |*|00|Initial log entry. Current logging level 3
000008.037|sec  |*|00|Initial log entry. Current logging level 4
000008.050|wdog |*|00|Initial log entry. Current logging level 4
000008.050|lldp |*|00|Initial log entry. Current logging level 3
000008.050|cdp  |*|00|Initial log entry. Current logging level 3
000008.050|key  |*|00|Initial log entry. Current logging level 4
000008.081|so   |3|00|Platform: Model=VVX 300, Assembly=3111-46135-002 Rev=A Region=0
000008.081|so   |3|00|Platform: Board=3111-46135-002 1 0
000008.082|so   |3|00|Platform: MAC=0004f28e7905
000008.083|so   |3|00|Platform: BootBlock=3.0.4.0028 (46135-002) 30-Jan-13 18:00
000008.084|so   |*|00|Platform: BootL1=1.0.0.0009 (46135-002) 11-Jan-13 14:23
000008.084|so   |3|00|Application, main: Label=Updater, Version=Peridot 5.1.4.0844 20-Mar-13 14:16
000008.084|so   |3|00|Application, main: P/N=3150-11069-514
000008.084|so   |5|00|Platform: Both images are incorrect, will use Primary Image.
000008.084|log  |*|00|Install file upload callback for 'Updater'

000008.085|app1 |*|00|Initial log entry. Current logging level 3
000008.099|cfg  |*|00|Initial log entry. Current logging level 2
000009.045|so   |3|00|Link status is Net up Speed 100 full Duplex, PC down.
000008.045|so   |*|00|---------- Initial log entry ----------
000008.045|so   |*|00|+++ Note that Updater log times are in GMT +++
000008.045|boot |*|00|Initial log entry. Current logging level 3
000008.046|copy |*|00|Initial log entry. Current logging level 3
000008.046|utilm|*|00|Initial log entry. Current logging level 4
000008.046|hw   |*|00|Initial log entry. Current logging level 4
000008.046|ethf |*|00|Initial log entry. Current logging level 4
000008.046|dns  |*|00|Initial log entry. Current logging level 3
000008.046|curl |*|00|Initial log entry. Current logging level 3
000008.046|sec  |*|00|Initial log entry. Current logging level 4
000008.059|wdog |*|00|Initial log entry. Current logging level 4
000008.059|lldp |*|00|Initial log entry. Current logging level 3
000008.059|cdp  |*|00|Initial log entry. Current logging level 3
000008.059|key  |*|00|Initial log entry. Current logging level 4
000008.091|so   |3|00|Platform: Model=VVX 300, Assembly=3111-46135-002 Rev=A Region=0
000008.091|so   |3|00|Platform: Board=3111-46135-002 1 0
000008.092|so   |3|00|Platform: MAC=0004f28e7905
000008.093|so   |3|00|Platform: BootBlock=3.0.4.0028 (46135-002) 30-Jan-13 18:00
000008.094|so   |*|00|Platform: BootL1=1.0.0.0009 (46135-002) 11-Jan-13 14:23
000008.094|so   |3|00|Application, main: Label=Updater, Version=Peridot 5.1.4.0844 20-Mar-13 14:16
000008.094|so   |3|00|Application, main: P/N=3150-11069-514
000008.094|so   |5|00|Platform: Both images are incorrect, will use Primary Image.
000008.094|log  |*|00|Install file upload callback for 'Updater'

000008.095|app1 |*|00|Initial log entry. Current logging level 3
000008.109|cfg  |*|00|Initial log entry. Current logging level 2
000008.113|dot1x|*|00|Initial log entry. Current logging level 3
000008.113|app1 |3|00|Starting provisioning because of the start type.
000008.315|tls  |*|00|Initial log entry. Current logging level 4
000009.054|so   |3|00|Link status is Net up Speed 100 full Duplex, PC down.
000010.932|lldp |3|00|Enabling 802.1Q tagging, VLAN ID = 111 (from LLDP/CDP)
000010.932|lldp |5|00|VLAN Id has changed to 111.
000014.393|lldp |3|00|LLDP received a response from a switch. LLDP enabled.
000014.450|dhcpc|*|00|Initial log entry. Current logging level 4
000017.176|dns  |*|00|DNS resolver servers are '8.8.8.8' '8.8.4.4'
000017.176|dns  |*|00|DNS resolver search domain is ''
000017.177|app1 |3|00|DNS resolver servers are '8.8.8.8' '8.8.4.4'
000017.177|app1 |3|00|DNS resolver search domain is ''
000017.212|dns  |3|00|DNS lookup for (A) 'p.voxter.com'(74.114.208.245) TTL=5550
000017.214|app1 |3|00|DHCP returned result 0x18F from server 10.2.0.2.
000017.214|app1 |3|00|   Phone IP address is 10.2.0.202.
000017.214|app1 |3|00|   Subnet mask is 255.255.255.0.
000017.214|app1 |3|00|   Gateway address is 10.2.0.1.
000017.214|app1 |3|00|   Provisioning server address is http://p.voxter.com/.
000017.214|app1 |3|00|   DNS server is 8.8.8.8.
000017.214|app1 |3|00|   DNS alternate server is 8.8.4.4.
000017.253|dns  |3|00|DNS lookup for (A) 'pool.ntp.org'(206.108.0.132,199.167.128.130,104.167.108.120) TTL=140
0422013420|app1 |3|00|Time has been set from pool.ntp.org (206.108.0.132).
0422013420|app1 |3|00|   1429666460: 2015-4-22, 1:34:20, DST off
0422013420|copy |3|00|'http://PlcmSpIp:****@p.voxter.com/0004f28e7905.cfg' from 'p.voxter.com(74.114.208.245)'
0422013420|copy |3|00|Download of '0004f28e7905.cfg' succeeded on attempt 1 (addr 1 of 1)
0422013420|cfg  |*|00|Prov|Starting to update 3111-46135-002.sip.ld
0422013420|copy |3|00|'http://PlcmSpIp:****@p.voxter.com/3111-46135-002.sip.ld' from 'p.voxter.com(74.114.208.245)'
0422013420|cfg  |3|00|New load header information:
0422013420|cfg  |3|00|Code length:         0x027559F0
0422013420|cfg  |3|00|Code Checksum:       0x38A3BFD9
0422013420|cfg  |3|00|Options:             0x00000080
0422013420|cfg  |3|00|Recognized container image
0422013420|cfg  |3|00|New load header information:
0422013420|cfg  |3|00|Code length:         0x020760FC
0422013420|cfg  |3|00|Code Checksum:       0x02B7DAEB
0422013420|cfg  |3|00|Options:             0x00000002
0422013420|cfg  |3|00|Application header is different
0422013420|cfg  |3|00|Application in container image 1 is different
0422013420|cfg  |3|00|New load header information:
0422013420|cfg  |3|00|Code length:         0x006DEFE4
0422013420|cfg  |3|00|Code Checksum:       0x38A32210
0422013420|cfg  |3|00|Options:             0x00000010
0422013420|cfg  |3|00|Updater header is different
0422013420|cfg  |3|00|Updater in container image 2 is different
0422013420|cfg  |3|00|Using Updater
0422013605|cfg  |*|00|Prov|Updating the Updater
0422013605|cfg  |3|00|Using compatible image 0
0422013632|copy |3|00|Download of '3111-46135-002.sip.ld' succeeded on attempt 1 (addr 1 of 1)
0422013632|sig  |*|00|Initial log entry. Current logging level 3
0422013632|sig  |3|00|hwSigParseRemove: found key Sig_3.
0422013633|cfg  |3|00|Good image signature
0422013633|cfg  |4|00|Removing application...
0422013638|cfg  |3|00|Programming Updater from sector 320 to 575
0422013644|cfg  |3|00|Programming to sector 320 complete
0422013646|cfg  |*|00|Prov|Image has been changed
0422013646|cfg  |*|00|Prov|Provisioning needs to reboot to upgrade image(s)
000008.571|so   |*|00|---------- Initial log entry ----------
000008.571|so   |*|00|+++ Note that Updater log times are in GMT +++
000008.571|boot |*|00|Initial log entry. Current logging level 3
000008.571|copy |*|00|Initial log entry. Current logging level 3
000008.572|utilm|*|00|Initial log entry. Current logging level 4
000008.572|hw   |*|00|Initial log entry. Current logging level 4
000008.572|ethf |*|00|Initial log entry. Current logging level 4
000008.572|dns  |*|00|Initial log entry. Current logging level 3
000008.572|curl |*|00|Initial log entry. Current logging level 3
000008.572|sec  |*|00|Initial log entry. Current logging level 4
000008.824|wdog |*|00|Initial log entry. Current logging level 4
000008.824|lldp |*|00|Initial log entry. Current logging level 3
000008.824|cdp  |*|00|Initial log entry. Current logging level 3
000008.824|key  |*|00|Initial log entry. Current logging level 4
000008.824|so   |3|00|SoKeyC::keyboardSetup(): Assigning virtual key: hwId 45 soKeyConcordVirtualTab[i].function 53
000008.851|so   |3|00|Platform: Model=VVX 300, Assembly=3111-46135-002 Rev=A Region=0
000008.851|so   |3|00|Platform: Board=3111-46135-002 1 0
000008.852|so   |3|00|Platform: MAC=0004f28e7905
000008.853|so   |3|00|Platform: BootBlock=3.0.4.0028 (46135-002) 30-Jan-13 18:00
000008.853|so   |*|00|Platform: BootL1=1.0.0.0009 (46135-002) 11-Jan-13 14:23
000008.854|so   |3|00|Application, main: Label=Updater, Version=Fayalite 5.5.0.13251 24-Mar-15 02:46
000008.854|so   |3|00|Application, main: P/N=3150-11069-550
000008.854|log  |*|00|Install file upload callback for 'Updater'

000008.855|app1 |*|00|Initial log entry. Current logging level 3
000008.867|cfg  |*|00|Initial log entry. Current logging level 2
000008.872|dot1x|*|00|Initial log entry. Current logging level 3
000008.872|app1 |3|00|Starting provisioning because of the start type.
000009.077|tls  |*|00|Initial log entry. Current logging level 4
000009.819|so   |3|00|Link status is Net up Speed 100 full Duplex, PC down.
000011.987|lldp |3|00|Enabling 802.1Q tagging, VLAN ID = 111 (from LLDP/CDP)
000011.987|lldp |5|00|VLAN Id has changed to 111.
000015.169|lldp |3|00|LLDP received a response from a switch. LLDP enabled.
000015.362|dhcpc|*|00|Initial log entry. Current logging level 2
000015.364|dhcpc|3|00|dhcAddIf v4 succeeds: eth0.111.
000015.369|dhcpc|3|00|dhcRebind v4: Will wait until sync rebind completes.
000015.904|dhcpc|3|00|relLease(0) v4: Succeeded to fork dhclient to terminate.
000016.565|dhcpc|3|00|dhcListener: Read succeeds: eth0.111 state: PREINIT
.
000016.566|dhcpc|4|00|DhcpClient::processLine: no callback for state 1 if eth0.111
000017.781|dhcpc|3|00|dhcListener: Read succeeds: eth0.111 ip: 10.2.0.202
.
000017.782|dhcpc|3|00|dhcListener: Read succeeds: eth0.111 option: subnet-mask 255.255.255.0
.
000017.784|dhcpc|3|00|dhcListener: Read succeeds: eth0.111 option: routers 10.2.0.1
.
000017.785|dhcpc|3|00|dhcListener: Read succeeds: eth0.111 option: domain-name-servers 8.8.8.8 8.8.4.4
.
000017.786|dhcpc|3|00|dhcListener: Read succeeds: eth0.111 option: dhcp-lease-time 600
.
000017.788|dhcpc|3|00|dhcListener: Read succeeds: eth0.111 option: tftp-server-name http://p.voxter.com/
.
000017.789|dhcpc|3|00|dhcListener: Read succeeds: eth0.111 option: dhcp-server-identifier 10.2.0.2
.
000017.794|dhcpc|3|00|dhcListener: Read succeeds: eth0.111 option: broadcast-address 10.2.0.255
.
000017.799|dhcpc|3|00|dhcListener: Read succeeds: eth0.111 option: dhcp-lease-time 600
.
000017.800|dhcpc|3|00|dhcListener: Read succeeds: eth0.111 option: dhcp-message-type 5
.
000017.836|dhcpc|3|00|dhcListener: Read succeeds: eth0.111 state: BOUND
.
000017.836|dhcpc|4|00|DhcpClient::processLine: no callback for state 2 if eth0.111
000017.837|dhcpc|3|00|dhcRebind v4: Sync rebind succeeds.
000017.837|dhcpc|3|00|Program eth0.111 to use subnet mask 255.255.255.0, result 0.
000017.839|dhcpc|3|00|Program eth0.111 to use ip address 10.2.0.202, result 0.
000017.839|dhcpc|3|00|Program eth0.111 to use router 10.2.0.1, result 0.
000017.856|dhcpc|3|00|getLease v4: Succeeded to fork dhclient for interface eth0.111.
000018.848|ares |*|00|Initial log entry. Current logging level 3
000018.849|dns  |*|00|DNS resolver servers are '8.8.8.8' '8.8.4.4'
000018.849|dns  |*|00|DNS resolver search domain is ''
000018.849|app1 |3|00|DNS resolver servers are '8.8.8.8' '8.8.4.4'
000018.850|app1 |3|00|DNS resolver search domain is ''
000018.993|app1 |3|00|DHCP returned result 0x18F from server 10.2.0.2.
000018.994|app1 |3|00|   Phone IPv4 address is 10.2.0.202.
000018.994|app1 |3|00|   Subnet mask is 255.255.255.0.
000018.994|app1 |3|00|   Gateway address is 10.2.0.1.
000018.994|app1 |3|00|   Provisioning server address is http://p.voxter.com/.
000018.994|app1 |3|00|   DNS server is 8.8.8.8
000018.994|app1 |3|00|   DNS alternate server is 8.8.4.4.
0422013720|app1 |3|00|Time has been set from pool.ntp.org (208.75.88.4).
0422013720|app1 |3|00|   1429666640: 2015-4-22, 1:37:20, DST off
0422013720|copy |3|00|'http://PlcmSpIp:****@p.voxter.com/0004f28e7905.cfg' from 'p.voxter.com(74.114.208.245)'
0422013720|copy |3|00|Download of '0004f28e7905.cfg' succeeded on attempt 1 (addr 1 of 1)
0422013720|cfg  |*|00|Prov|Starting to update 3111-46135-002.sip.ld
0422013720|copy |3|00|'http://PlcmSpIp:****@p.voxter.com/3111-46135-002.sip.ld' from 'p.voxter.com(74.114.208.245)'
0422013721|cfg  |3|00|New load header information:
0422013721|cfg  |3|00|Code length:         0x027559F0
0422013721|cfg  |3|00|Code Checksum:       0x38A3BFD9
0422013721|cfg  |3|00|Options:             0x00000080
0422013721|cfg  |3|00|Recognized container image
0422013721|cfg  |3|00|New load header information:
0422013721|cfg  |3|00|Code length:         0x020760FC
0422013721|cfg  |3|00|Code Checksum:       0x02B7DAEB
0422013721|cfg  |3|00|Options:             0x00000002
0422013721|cfg  |3|00|Could not open application file for checking
0422013721|cfg  |3|00|Application in container image 1 is different
0422013721|cfg  |3|00|New load header information:
0422013721|cfg  |3|00|Code length:         0x006DEFE4
0422013721|cfg  |3|00|Code Checksum:       0x38A32210
0422013721|cfg  |3|00|Options:             0x00000010
0422013721|cfg  |3|00|Updater is already present
0422013721|cfg  |3|00|Updater in container image 2 is not different
0422013721|cfg  |3|00|Using application
0422013721|cfg  |*|00|Prov|Updating the Application
0422013721|cfg  |3|00|Using compatible image 0
0422014113|dhcpc|3|00|dhcListener: Read succeeds: eth0.111 state: RENEW
.
0422014113|dhcpc|4|00|DhcpClient::processLine: no callback for state 6 if eth0.111
0422014354|copy |3|00|buffered_write: transfer terminated
0422014354|copy |3|00|Download of '3111-46135-002.sip.ld' succeeded on attempt 1 (addr 1 of 1)
0422014355|sig  |*|00|Initial log entry. Current logging level 3
0422014355|sig  |3|00|hwSigParseRemove: found key Sig_3.
0422014358|cfg  |3|00|Good image signature
0422014359|cfg  |3|00|Programming 34038588 bytes into tffs in 4K blocks
0422014402|cfg  |3|00|Extracting application files
0422014402|cfg  |3|00|New load header information:
0422014402|cfg  |3|00|Code length:         0x020760FC
0422014402|cfg  |3|00|Code Checksum:       0x02B7DAEB
0422014402|cfg  |3|00|Options:             0x00000002
0422014532|dhcpc|3|00|dhcListener: Read succeeds: eth0.111 state: RENEW
.
0422014532|dhcpc|4|00|DhcpClient::processLine: no callback for state 6 if eth0.111
0422014627|cfg  |3|00|Finished extracting application files (OK)
0422014637|cfg  |3|00|File system is synchronized
0422014637|cfg  |*|00|Prov|Succeeded updating file 3111-46135-002.sip.ld
0422014637|cfg  |*|00|Prov|Image has been changed
0422014637|cfg  |3|00|Prov|Provisioning succeeded
0422014637|app1 |3|00|Application, load: Type=SIP, Version=5.3.0.12074 24-Mar-15 03:06
0422014637|cfg  |*|00|Prov|Finished updating configuration
0422014637|boot |*|00|Using TFFS for flash load
0422014637|boot |*|00|Code length:         0x020760FC
0422014637|boot |*|00|Code checksum:       0x02B7DAEB
0422014637|app1 |4|00|Loaded application sip.ld from local system successfully.
0422014637|app1 |6|00|Uploading boot log, time is Wed Apr 22 01:46:38 2015

0422014638|copy |3|00|'http://PlcmSpIp:****@p.voxter.com/logs/0004f28e7905-boot.log' to 'p.voxter.com(74.114.208.245)'
0422014639|copy |3|00|Upload of 'logs/0004f28e7905-boot.log' succeeded on attempt 1 (addr 1 of 1)
0422014639|dhcpc|3|00|relLease(0) v4: Succeeded to fork dhclient to terminate.
0422014657|cfg  |3|00|Prov|Shutting down
