000008.892|so   |*|01|---------- Initial log entry ----------
000008.892|so   |*|01|+++ Note that Updater log times are in GMT +++
000008.892|boot |*|01|Initial log entry. Current logging level 3
000008.893|copy |*|01|Initial log entry. Current logging level 3
000008.893|utilm|*|01|Initial log entry. Current logging level 4
000008.893|hw   |*|01|Initial log entry. Current logging level 4
000008.893|ethf |*|01|Initial log entry. Current logging level 4
000008.893|dns  |*|01|Initial log entry. Current logging level 3
000008.893|curl |*|01|Initial log entry. Current logging level 3
000008.893|sec  |*|01|Initial log entry. Current logging level 4
000008.912|wdog |*|01|Initial log entry. Current logging level 4
000008.912|lldp |*|01|Initial log entry. Current logging level 3
000008.912|cdp  |*|01|Initial log entry. Current logging level 3
000008.913|key  |*|01|Initial log entry. Current logging level 4
000008.951|so   |3|01|Platform: Model=VVX 410, Assembly=3111-46162-001 Rev=A Region=0
000008.951|so   |3|01|Platform: Board=3111-46162-001 2 0
000008.951|so   |3|01|Platform: MAC=0004f287b783
000008.952|so   |3|01|Platform: BootBlock=3.0.4.0146 (46162-001) 10-Jan-13 20:21
000008.953|so   |*|01|Platform: BootL1=1.0.0.0041 (46162-001) 10-Jan-13 20:16
000008.953|so   |3|01|Application, main: Label=Updater, Version=Peridot 5.1.4.0844 20-Mar-13 14:16
000008.953|so   |3|01|Application, main: P/N=3150-11069-514
000008.953|so   |5|01|Platform: Both images are incorrect, will use Primary Image.
000008.953|log  |*|01|Install file upload callback for 'Updater'

000008.955|app1 |*|01|Initial log entry. Current logging level 3
000008.998|cfg  |*|01|Initial log entry. Current logging level 2
000009.905|so   |3|01|Link status is Net up Speed 1000 full Duplex, PC down.
000008.887|so   |*|01|---------- Initial log entry ----------
000008.887|so   |*|01|+++ Note that Updater log times are in GMT +++
000008.888|boot |*|01|Initial log entry. Current logging level 3
000008.888|copy |*|01|Initial log entry. Current logging level 3
000008.888|utilm|*|01|Initial log entry. Current logging level 4
000008.888|hw   |*|01|Initial log entry. Current logging level 4
000008.888|ethf |*|01|Initial log entry. Current logging level 4
000008.888|dns  |*|01|Initial log entry. Current logging level 3
000008.888|curl |*|01|Initial log entry. Current logging level 3
000008.888|sec  |*|01|Initial log entry. Current logging level 4
000008.908|wdog |*|01|Initial log entry. Current logging level 4
000008.908|lldp |*|01|Initial log entry. Current logging level 3
000008.909|cdp  |*|01|Initial log entry. Current logging level 3
000008.909|key  |*|01|Initial log entry. Current logging level 4
000008.931|so   |3|01|Platform: Model=VVX 410, Assembly=3111-46162-001 Rev=A Region=0
000008.931|so   |3|01|Platform: Board=3111-46162-001 2 0
000008.932|so   |3|01|Platform: MAC=0004f287b783
000008.933|so   |3|01|Platform: BootBlock=3.0.4.0146 (46162-001) 10-Jan-13 20:21
000008.934|so   |*|01|Platform: BootL1=1.0.0.0041 (46162-001) 10-Jan-13 20:16
000008.934|so   |3|01|Application, main: Label=Updater, Version=Peridot 5.1.4.0844 20-Mar-13 14:16
000008.934|so   |3|01|Application, main: P/N=3150-11069-514
000008.934|so   |5|01|Platform: Both images are incorrect, will use Primary Image.
000008.934|log  |*|01|Install file upload callback for 'Updater'

000008.935|app1 |*|01|Initial log entry. Current logging level 3
000008.979|cfg  |*|01|Initial log entry. Current logging level 2
000009.904|so   |3|01|Link status is Net up Speed 1000 full Duplex, PC down.
000008.857|so   |*|01|---------- Initial log entry ----------
000008.857|so   |*|01|+++ Note that Updater log times are in GMT +++
000008.857|boot |*|01|Initial log entry. Current logging level 3
000008.857|copy |*|01|Initial log entry. Current logging level 3
000008.857|utilm|*|01|Initial log entry. Current logging level 4
000008.857|hw   |*|01|Initial log entry. Current logging level 4
000008.857|ethf |*|01|Initial log entry. Current logging level 4
000008.857|dns  |*|01|Initial log entry. Current logging level 3
000008.857|curl |*|01|Initial log entry. Current logging level 3
000008.857|sec  |*|01|Initial log entry. Current logging level 4
000008.877|wdog |*|01|Initial log entry. Current logging level 4
000008.878|lldp |*|01|Initial log entry. Current logging level 3
000008.878|cdp  |*|01|Initial log entry. Current logging level 3
000008.878|key  |*|01|Initial log entry. Current logging level 4
000008.901|so   |3|01|Platform: Model=VVX 410, Assembly=3111-46162-001 Rev=A Region=0
000008.901|so   |3|01|Platform: Board=3111-46162-001 2 0
000008.902|so   |3|01|Platform: MAC=0004f287b783
000008.903|so   |3|01|Platform: BootBlock=3.0.4.0146 (46162-001) 10-Jan-13 20:21
000008.904|so   |*|01|Platform: BootL1=1.0.0.0041 (46162-001) 10-Jan-13 20:16
000008.904|so   |3|01|Application, main: Label=Updater, Version=Peridot 5.1.4.0844 20-Mar-13 14:16
000008.904|so   |3|01|Application, main: P/N=3150-11069-514
000008.904|so   |5|01|Platform: Both images are incorrect, will use Primary Image.
000008.904|log  |*|01|Install file upload callback for 'Updater'

000008.905|app1 |*|01|Initial log entry. Current logging level 3
000008.949|cfg  |*|01|Initial log entry. Current logging level 2
000009.871|so   |3|01|Link status is Net up Speed 1000 full Duplex, PC down.
000008.207|so   |*|00|---------- Initial log entry ----------
000008.207|so   |*|00|+++ Note that Updater log times are in GMT +++
000008.207|boot |*|00|Initial log entry. Current logging level 3
000008.208|copy |*|00|Initial log entry. Current logging level 3
000008.208|utilm|*|00|Initial log entry. Current logging level 4
000008.208|hw   |*|00|Initial log entry. Current logging level 4
000008.208|ethf |*|00|Initial log entry. Current logging level 4
000008.208|dns  |*|00|Initial log entry. Current logging level 3
000008.208|curl |*|00|Initial log entry. Current logging level 3
000008.208|sec  |*|00|Initial log entry. Current logging level 4
000008.226|wdog |*|00|Initial log entry. Current logging level 4
000008.227|lldp |*|00|Initial log entry. Current logging level 3
000008.227|cdp  |*|00|Initial log entry. Current logging level 3
000008.227|key  |*|00|Initial log entry. Current logging level 4
000008.251|so   |3|00|Platform: Model=VVX 410, Assembly=3111-46162-001 Rev=A Region=0
000008.251|so   |3|00|Platform: Board=3111-46162-001 2 0
000008.252|so   |3|00|Platform: MAC=0004f287b783
000008.253|so   |3|00|Platform: BootBlock=3.0.4.0146 (46162-001) 10-Jan-13 20:21
000008.254|so   |*|00|Platform: BootL1=1.0.0.0041 (46162-001) 10-Jan-13 20:16
000008.254|so   |3|00|Application, main: Label=Updater, Version=Peridot 5.1.4.0844 20-Mar-13 14:16
000008.254|so   |3|00|Application, main: P/N=3150-11069-514
000008.254|so   |5|00|Platform: Both images are incorrect, will use Primary Image.
000008.254|log  |*|00|Install file upload callback for 'Updater'

000008.255|app1 |*|00|Initial log entry. Current logging level 3
000008.298|cfg  |*|00|Initial log entry. Current logging level 2
000009.217|so   |3|00|Link status is Net up Speed 1000 full Duplex, PC down.
000008.240|so   |*|00|---------- Initial log entry ----------
000008.241|so   |*|00|+++ Note that Updater log times are in GMT +++
000008.241|boot |*|00|Initial log entry. Current logging level 3
000008.241|copy |*|00|Initial log entry. Current logging level 3
000008.241|utilm|*|00|Initial log entry. Current logging level 4
000008.241|hw   |*|00|Initial log entry. Current logging level 4
000008.241|ethf |*|00|Initial log entry. Current logging level 4
000008.241|dns  |*|00|Initial log entry. Current logging level 3
000008.241|curl |*|00|Initial log entry. Current logging level 3
000008.241|sec  |*|00|Initial log entry. Current logging level 4
000008.261|wdog |*|00|Initial log entry. Current logging level 4
000008.261|lldp |*|00|Initial log entry. Current logging level 3
000008.261|cdp  |*|00|Initial log entry. Current logging level 3
000008.261|key  |*|00|Initial log entry. Current logging level 4
000008.301|so   |3|00|Platform: Model=VVX 410, Assembly=3111-46162-001 Rev=A Region=0
000008.301|so   |3|00|Platform: Board=3111-46162-001 2 0
000008.302|so   |3|00|Platform: MAC=0004f287b783
000008.303|so   |3|00|Platform: BootBlock=3.0.4.0146 (46162-001) 10-Jan-13 20:21
000008.304|so   |*|00|Platform: BootL1=1.0.0.0041 (46162-001) 10-Jan-13 20:16
000008.304|so   |3|00|Application, main: Label=Updater, Version=Peridot 5.1.4.0844 20-Mar-13 14:16
000008.304|so   |3|00|Application, main: P/N=3150-11069-514
000008.304|so   |5|00|Platform: Both images are incorrect, will use Primary Image.
000008.304|log  |*|00|Install file upload callback for 'Updater'

000008.306|app1 |*|00|Initial log entry. Current logging level 3
000008.350|cfg  |*|00|Initial log entry. Current logging level 2
000009.256|so   |3|00|Link status is Net up Speed 1000 full Duplex, PC down.
