0420075547|sip  |4|00|NAPTR query for host 'vantage.fullymanaged.sip.voxter.com' returned no results
0420100453|app1 |4|00|DBS event contains a handle (0xd57408) that's invalid
0420100453|app1 |4|00|DBS event contains a handle (0xd7ffa8) that's invalid
0420100522|clist|4|00|dbIO::processResult:copy error
0420100522|clist|4|00|dbSet::mem2srv:transfer failed
0420111714|app1 |4|00|DBS event contains a handle (0xd57408) that's invalid
0420111714|app1 |4|00|DBS event contains a handle (0xd7ffa8) that's invalid
0420111722|clist|4|00|dbIO::processResult:copy error
0420111722|clist|4|00|dbSet::mem2srv:transfer failed
0420111833|app1 |4|00|DBS event contains a handle (0xd57408) that's invalid
0420111833|app1 |4|00|DBS event contains a handle (0xd7ffa8) that's invalid
0420111922|clist|4|00|dbIO::processResult:copy error
0420111922|clist|4|00|dbSet::mem2srv:transfer failed
0420115140|so   |4|00|IsDivertFeaturesEnabled - EXIT
0420115140|so   |4|00|IsDivertFeaturesEnabled - EXIT
0420115410|app1 |4|00|DBS event contains a handle (0xd57408) that's invalid
0420115410|app1 |4|00|DBS event contains a handle (0xd7ffa8) that's invalid
0420115422|clist|4|00|dbIO::processResult:copy error
0420115422|clist|4|00|dbSet::mem2srv:transfer failed
0420125619|sip  |4|00|Registration failed User: 3832, Error Code:480 Temporarily not available
0420142742|so   |4|00|IsDivertFeaturesEnabled - EXIT
0420142742|so   |4|00|IsDivertFeaturesEnabled - EXIT
0420142754|app1 |4|00|DBS event contains a handle (0xd57408) that's invalid
0420142754|app1 |4|00|DBS event contains a handle (0xd7ffa8) that's invalid
0420142820|clist|4|00|dbIO::processResult:copy error
0420142820|clist|4|00|dbSet::mem2srv:transfer failed
0421054847|sip  |4|00|NAPTR query for host 'vantage.fullymanaged.sip.voxter.com' returned no results
0421093958|app1 |4|00|DBS event contains a handle (0xd57408) that's invalid
0421093958|app1 |4|00|DBS event contains a handle (0xd7ffa8) that's invalid
0421094020|clist|4|00|dbIO::processResult:copy error
0421094020|clist|4|00|dbSet::mem2srv:transfer failed
0421094029|app1 |4|00|DBS event contains a handle (0xd57408) that's invalid
0421094029|app1 |4|00|DBS event contains a handle (0xd7ffa8) that's invalid
0421094120|clist|4|00|dbIO::processResult:copy error
0421094120|clist|4|00|dbSet::mem2srv:transfer failed
0421094248|app1 |4|00|DBS event contains a handle (0xd57408) that's invalid
0421094248|app1 |4|00|DBS event contains a handle (0xd7ffa8) that's invalid
0421094320|clist|4|00|dbIO::processResult:copy error
0421094320|clist|4|00|dbSet::mem2srv:transfer failed
