0421183239|cfg  |*|00|RT|   Phone IP address is 10.2.0.207.
0421183239|cfg  |*|00|RT|   Subnet mask is 255.255.255.0.
0421183239|cfg  |*|00|RT|   Gateway address is 10.2.0.1.
0421183239|cfg  |*|00|RT|   DNS server is 8.8.8.8.
0421183239|cfg  |*|00|RT|   DNS alternate server is 8.8.4.4.
0421183239|cfg  |*|00|RT|   GMT offset is -28800 seconds.
000016.254|log  |*|00|---------- Initial log entry ----------
000008.995|wdog |*|00|Initial log entry. Current logging level 4
000015.886|rdisk|*|00|Initial log entry. Current logging level 4
000015.892|rdisk|*|00|RAM disk created and mounted at "/rfs0"
000015.892|rdisk|*|00|RAM disk created, size: 16,777,216 bytes
000016.240|so   |*|00|Platform: Model=VVX 300, Assembly=3111-46135-002 Rev=A Region=0
000016.240|so   |*|00|Platform: Interface    eth0 MAC=0004f28e7903
000016.243|so   |*|00|Platform: BootBlock=3.0.4.0028 (46135-002) 30-Jan-13 18:00
000016.244|so   |*|00|Platform: BootL1=1.0.0.0009 (46135-002) 11-Jan-13 14:23
000016.250|so   |*|00|Platform: Updater=5.1.4.0844 20-Mar-13 14:23
000016.250|so   |*|00|Application, main: Label=SIP, Version=PrairieDog 4.1.4.7430 20-Mar-13 14:12
000016.251|so   |*|00|Application, main: P/N=3150-11530-414
000016.251|rdisk|*|00|RAM disk created, size: 16,777,216 bytes
000016.253|ocsp |*|00|O.C.S.P. Enabled = 0
000016.306|tls  |*|00|Initial log entry. Current logging level 4
000016.356|pmt  |*|00|Initial log entry. Current logging level 4
000016.363|wdog |*|00|Initial log entry. Current logging level 4
000016.363|ethf |*|00|Initial log entry. Current logging level 4
000016.364|hw   |*|00|Initial log entry. Current logging level 4
000016.371|ares |*|00|Initial log entry. Current logging level 4
000016.373|dns  |*|00|Initial log entry. Current logging level 4
000016.373|cfg  |*|00|Initial log entry. Current logging level 4
000016.373|cfg  |*|00|Prm|cfgParamBaseProfileUpdate: Using Base Profile Generic
000016.386|dot1x|*|00|Initial log entry. Current logging level 4
000016.405|ethf |4|00|utilEthFilterInit: VLAN Filter enabled, Storm Filter enabled
000016.505|cfg  |5|00|RT|Error installing DHCP event hook.
000016.590|lic  |*|00|Initial log entry. Current logging level 4
000016.608|lic  |5|00|cfgCfsFlashKeyScratchLoad: could not load flash len 976
000016.732|curl |*|00|Initial log entry. Current logging level 4
000016.732|utilm|*|00|Initial log entry. Current logging level 4
000016.734|copy |*|00|Initial log entry. Current logging level 4
000016.734|rtos |*|00|Initial log entry. Current logging level 4
000016.741|sec  |*|00|Initial log entry. Current logging level 4
000016.771|so   |*|00|Configuration files: 0004f28e7903_reg.cfg, provisioner.cfg, sip.cfg, features.cfg
000016.771|so   |*|00|Configuration file "0004f28e7903_reg.cfg" SHA1 digest: 95E32EB13EF8BB3EAE78C1C57C5EBF8D6C04EE7F
000016.771|so   |*|00|Configuration file "provisioner.cfg" SHA1 digest: 51080CD89DA743106AF5139272C6860F0465BE9D
000016.771|so   |*|00|Configuration file "sip.cfg" SHA1 digest: 8E96BE7EF99F6137E9A98C2AFB5CCEE9F24923B3
000016.771|so   |*|00|Configuration file "features.cfg" SHA1 digest: 4CC8F8E5A161C0EA5F932FF8A190910D0B78027B
000016.771|cfg  |4|00|Prm|Configuration file(s) statistics: 1 parameters were invalid and could not be interpreted.
000016.771|cfg  |4|00|Prm|Configuration file(s) statistics: 1 parameter values were used but were out of range. 5 were invalid and ignored.
000016.784|log  |*|00|Log render level set to 1
000016.793|srtp |*|00|Initial log entry. Current logging level 4
000016.804|cfg  |5|00|Prm|Parameter 0 is out of range
000016.815|res  |*|00|Initial log entry. Current logging level 4
000016.819|httpa|*|00|Initial log entry. Current logging level 4
000016.819|lldp |*|00|Initial log entry. Current logging level 4
000016.819|cdp  |*|00|Initial log entry. Current logging level 4
000016.822|pcd  |*|00|Initial log entry. Current logging level 4
000016.839|tickt|*|00|Initial log entry. Current logging level 4
000016.861|utilm|4|00|uBLFUnCompressed: File /ffs0/Config/Local/WebTicket/0/sip.usr doesn't exist or is empty
000016.866|tickt|4|00|soWebTicketCertMove: Could not copy key to new slot
000016.868|tickt|4|00|soWebTicketCertMove: Could not copy cert to new slot
000016.868|tickt|4|00|soWebTicketCertMove: Could not copy SIP user to new slot
000016.868|tickt|4|00|soWebTicketCertMove: Could not copy SIP uuid to new slot
000016.869|tickt|4|00|soWebTicketCertMove: Could not copy server to new slot
000016.875|loc  |*|00|Initial log entry. Current logging level 4
000016.891|ssps |*|00|Initial log entry. Current logging level 4
000016.900|ssps |5|00|Allocated 36992 bytes for SspsHdiMemBase=0xd6c950
000016.904|ssps |4|00|sspsDspLoad: found Maroo 23.
000017.424|so   |*|00|System Info Reports:
000017.424|so   |*|00|  Cpu is ARMv6-compatible processor rev 7 (v6l), ID: 0x111700b0, running at 300MHz.
000017.424|so   |*|00|  Board is identified as PolycomVVX-VVX_300.
000017.424|so   |*|00|  DRAM_SIZE: 128 MB
000017.424|so   |*|00|  NAND flash detected is 20
000017.424|key  |*|00|Initial log entry. Current logging level 4
000017.450|httpd|*|00|Initial log entry. Current logging level 4
000017.458|poll |*|00|Initial log entry. Current logging level 4
000017.459|push |*|00|Initial log entry. Current logging level 4
000017.462|poll |*|00|Initial log entry. Current logging level 4
000017.464|poll |*|00|Initial log entry. Current logging level 4
000017.467|poll |*|00|Initial log entry. Current logging level 4
000017.467|poll |*|00|Initial log entry. Current logging level 4
000017.468|poll |*|00|Initial log entry. Current logging level 4
000017.470|ht   |*|00|Initial log entry. Current logging level 4
000017.473|dbuf |*|00|Initial log entry. Current logging level 4
000017.477|ssps |*|00|sspsMain: Set HDI mem to be 0, was 0
000017.491|ice  |*|00|Initial log entry. Current logging level 4
000017.494|ssps |*|00|Application, comp. 1: Label=PolyDSP Vino BCM11195 Mem1 FS1, Version=7.7.2.7234 19-Mar-2013 22:11
000017.494|ssps |*|00|Application, comp. 1: P/N=3150-11580-772.
000017.498|pps  |*|00|Initial log entry. Current logging level 4
000017.498|sip  |*|00|Initial log entry. Current logging level 4
000017.500|sipt |*|00|Initial log entry. Current logging level 4
000017.500|sipp |*|00|Initial log entry. Current logging level 4
000017.506|ptt  |*|00|Initial log entry. Current logging level 4
000018.389|pwrsv|*|00|Initial log entry. Current logging level 4
000018.393|so   |*|00|Using TCP IP Media Port, configured initial RTP port 2222
000018.446|sshc |*|00|Initial log entry. Current logging level 4
000018.451|app1 |*|00|Initial log entry. Current logging level 4
000018.463|app1 |*|00|AppPhoneC::AppPhoneC() Number Of Line Keys = 6
000018.463|app1 |*|00|AppPhoneC::AppPhoneC() - new AppRegLineC, szUser = 8724
000018.539|ldap |*|00|Initial log entry. Current logging level 4
000018.539|ldap |4|00|cDynamicData::cDynamicData:cDynamicData:Failed
000018.671|efk  |*|00|Initial log entry. Current logging level 4
000018.736|lic  |4|00|License: feature Nuance XT9 is not available
000018.740|cfg  |4|00|Dir|regAppCb set
000018.751|app1 |4|00|getCfgParams
000018.754|cmp  |*|00|Initial log entry. Current logging level 4
000018.756|wmgr |*|00|Initial log entry. Current logging level 4
000018.769|slog |*|00|Initial log entry. Current logging level 4
000018.864|so   |4|00|SoKeyC::procMsg unexpected message 4099
000022.581|dhcpc|*|00|Initial log entry. Current logging level 4
000023.797|pgui |*|00|Initial log entry. Current logging level 4
000025.676|cfg  |*|00|RT|   Phone IP address is 10.2.0.207.
000025.676|cfg  |*|00|RT|   Subnet mask is 255.255.255.0.
000025.676|cfg  |*|00|RT|   Gateway address is 10.2.0.1.
000025.676|cfg  |*|00|RT|   DNS server is 8.8.8.8.
000025.676|cfg  |*|00|RT|   DNS alternate server is 8.8.4.4.
000025.677|cfg  |*|00|RT|   GMT offset is -28800 seconds.
000025.685|dns  |*|00|DNS resolver servers are '8.8.8.8' '8.8.4.4'
000025.685|dns  |*|00|DNS resolver search domain is ''
000025.687|cfg  |*|00|RT|Primary IP changed to 10.2.0.207 subnet mask 255.255.255.0
000025.687|cfg  |*|00|RT|   Phone IP address is 10.2.0.207.
000025.688|cfg  |*|00|RT|   Subnet mask is 255.255.255.0.
000025.688|cfg  |*|00|RT|   Gateway address is 10.2.0.1.
000025.688|cfg  |*|00|RT|   DNS server is 8.8.8.8.
000025.688|cfg  |*|00|RT|   DNS alternate server is 8.8.4.4.
000025.688|cfg  |*|00|RT|   GMT offset is -28800 seconds.
000025.784|so   |*|00|Network initialized. Starting network tasks.
000025.789|ice  |5|00|Network ICE stack failed to initialize in 5000 ms
000025.790|log  |*|00|Install file upload callback for 'so'

0421183657|cfg  |*|00|Prov|Starting to update 3111-46135-002.sip.ld
0421183657|cfg  |*|00|Prov|Updating the Updater
0421183657|cfg  |*|00|Prov|Image has been changed
0421183700|copy |*|00|Server 'p.voxter.com' said 'overrides/0004f28e7903-phone.cfg' is not present
0421183700|copy |*|00|Server 'p.voxter.com' said 'overrides/0004f28e7903-web.cfg' is not present
0421183700|copy |*|00|Server 'p.voxter.com' said 'licenses/000000000000-license.cfg' is not present
0421183701|copy |*|00|Server 'p.voxter.com' said 'licenses/0004f28e7903-license.cfg' is not present
0421183701|cfg  |*|00|Prov|Provisioning needs to reboot to upgrade image(s)
0421183701|cfg  |*|00|Prov|Finished updating configuration
0421183701|app1 |*|00|Event: Multiple Key Combo 1
0421183701|app1 |*|00|Manual Reboot
0421183701|ldap |4|00|ldapXfer::start:xferStart failed cState=-1
0421183701|app1 |*|00|AppC::appReboot corp dir shutdown complete
0421183701|so   |*|00|SoNcasC::procMsg: Client service shutdown complete
0421183711|wdog |*|00|Watchdog Expired: tSupObjs, 8
0421183711|log  |*|00|---------- Final log entry ----------
001503.275|log  |*|00|---------- Initial log entry ----------
001502.983|rdisk|*|00|Initial log entry. Current logging level 4
001502.985|rdisk|*|00|RAM disk created and mounted at "/rfs0"
001502.985|rdisk|*|00|RAM disk created, size: 16,777,216 bytes
001503.267|so   |*|00|Platform: Model=VVX 300, Assembly=3111-46135-002 Rev=A Region=0
001503.267|so   |*|00|Platform: Interface    eth0 MAC=0004f28e7903
001503.268|so   |*|00|Platform: BootBlock=3.0.4.0028 (46135-002) 30-Jan-13 18:00
001503.269|so   |*|00|Platform: BootL1=1.0.0.0009 (46135-002) 11-Jan-13 14:23
001503.273|so   |*|00|Platform: Updater=5.5.0.13251 24-Mar-15 03:06
001503.273|so   |*|00|Application, main: Label=SIP, Version=Congo 5.3.0.12074 24-Mar-15 02:31
001503.273|so   |*|00|Application, main: P/N=3150-11530-530
001503.273|rdisk|*|00|RAM disk created, size: 16,777,216 bytes
001503.273|ocsp |*|00|O.C.S.P. Enabled = 0
001503.338|tls  |*|00|Initial log entry. Current logging level 4
001503.386|pmt  |*|00|Initial log entry. Current logging level 4
001503.389|wdog |*|00|Initial log entry. Current logging level 4
001503.389|ethf |*|00|Initial log entry. Current logging level 4
001503.391|hw   |*|00|Initial log entry. Current logging level 4
001503.391|ares |*|00|Initial log entry. Current logging level 4
001503.391|dns  |*|00|Initial log entry. Current logging level 4
001503.391|cfg  |*|00|Initial log entry. Current logging level 4
001503.392|cfg  |*|00|Prm|cfgParamBaseProfileUpdate: Using Base Profile Generic
001503.394|dot1x|*|00|Initial log entry. Current logging level 4
001503.565|lic  |*|00|Initial log entry. Current logging level 4
001503.583|lic  |5|00|cfgCfsFlashKeyScratchLoad: could not load flash len 976
001503.584|lic  |*|00|License expiry check in 86313 seconds
001503.648|curl |*|00|Initial log entry. Current logging level 4
001503.648|utilm|*|00|Initial log entry. Current logging level 4
001503.648|copy |*|00|Initial log entry. Current logging level 4
001503.649|rtos |*|00|Initial log entry. Current logging level 4
001508.532|pgui |*|00|Initial log entry. Current logging level 4
001510.074|dhcpc|*|00|Initial log entry. Current logging level 4
001513.221|cfg  |*|00|RT|   Phone IP address is 10.2.0.207.
001513.221|cfg  |*|00|RT|   Subnet mask is 255.255.255.0.
001513.221|cfg  |*|00|RT|   Gateway address is 10.2.0.1.
001513.221|cfg  |*|00|RT|   DNS server is 8.8.8.8.
001513.221|cfg  |*|00|RT|   DNS alternate server is 8.8.4.4.
001513.222|cfg  |*|00|RT|   GMT offset is -28800 seconds.
001513.223|dns  |*|00|DNS resolver servers are '8.8.8.8' '8.8.4.4'
001513.223|dns  |*|00|DNS resolver search domain is ''
001513.225|cfg  |*|00|RT|Primary IP: 10.2.0.207 subnet mask 255.255.255.0
001514.246|cfg  |*|00|Prov|Starting to update 3111-46135-002.sip.ld
001518.592|copy |*|00|Server 'p.voxter.com' said 'overrides/0004f28e7903-phone.cfg' is not present
001518.919|copy |*|00|Server 'p.voxter.com' said 'overrides/0004f28e7903-web.cfg' is not present
001519.274|copy |*|00|Server 'p.voxter.com' said 'licenses/000000000000-license.cfg' is not present
001519.601|copy |*|00|Server 'p.voxter.com' said 'licenses/0004f28e7903-license.cfg' is not present
001519.613|cfg  |*|00|Prm|0004f28e7903_reg.cfg: Value "" for configuration parameter reg.1.server.2.port is invalid, ignoring
001519.613|cfg  |*|00|Prm|0004f28e7903_reg.cfg: Value "" for configuration parameter reg.1.outboundProxy.port is invalid, ignoring
001519.614|cfg  |*|00|Prm|0004f28e7903_reg.cfg: Value "" for configuration parameter reg.1.lineKeys is invalid, ignoring
001519.621|cfg  |4|00|Prm|provisioner.cfg: Unknown parameter "sec.tagSerialNo.set" found, ignoring.
001519.647|cfg  |*|00|Prm|features.cfg: Value 9999 for configuration parameter dir.local.contacts.maxNum is too large, using 500, the maximum allowed
001519.677|cfg  |*|00|Prov|Setting device parameters from configuration files.
001519.680|cfg  |4|00|RT|cfgFlashUpdateFromConfig: Failed to update SerialConfig
001520.093|cfg  |*|00|Prov|Finished updating configuration
001520.093|sec  |*|00|Initial log entry. Current logging level 4
001520.096|so   |*|00|Configuration files: 0004f28e7903_reg.cfg, provisioner.cfg, sip.cfg, features.cfg
001520.096|so   |*|00|Configuration file "0004f28e7903_reg.cfg" SHA1 digest: 95E32EB13EF8BB3EAE78C1C57C5EBF8D6C04EE7F
001520.096|so   |*|00|Configuration file "provisioner.cfg" SHA1 digest: 51080CD89DA743106AF5139272C6860F0465BE9D
001520.096|so   |*|00|Configuration file "sip.cfg" SHA1 digest: F581C5040D3E42A9B1101D727930A834684388E6
001520.096|so   |*|00|Configuration file "features.cfg" SHA1 digest: C581BA279B236C29DF1CFC79741E3FAED2E8A230
001520.096|cfg  |4|00|Prm|Configuration file(s) statistics: 1 parameters were invalid and could not be interpreted.
001520.096|cfg  |4|00|Prm|Configuration file(s) statistics: 1 parameter values were used but were out of range. 5 were invalid and ignored.
001520.099|log  |*|00|Log render level set to 1
001520.103|pcap |*|00|On-Phone Packet Capture disabled
001520.103|srtp |*|00|Initial log entry. Current logging level 4
001520.104|cfg  |5|00|Prm|Parameter 0 is out of range
001520.108|res  |*|00|Initial log entry. Current logging level 4
001520.109|httpa|*|00|Initial log entry. Current logging level 4
001520.109|lldp |*|00|Initial log entry. Current logging level 4
001520.109|cdp  |*|00|Initial log entry. Current logging level 4
001520.110|pcd  |*|00|Initial log entry. Current logging level 4
001520.126|tickt|*|00|Initial log entry. Current logging level 4
001520.126|loc  |*|00|Initial log entry. Current logging level 4
001520.133|utilm|4|00|uBLFUnCompressed: File /ffs0/Config/Local/WebTicket/0/sip.usr doesn't exist or is empty
001520.135|tickt|4|00|soWebTicketCertMove: Could not copy key to new uiSlot
001520.136|tickt|4|00|soWebTicketCertMove: Could not copy cert to new uiSlot
001520.137|tickt|4|00|soWebTicketCertMove: Could not copy SIP user to new uiSlot
001520.138|tickt|4|00|soWebTicketCertMove: Could not copy SIP uuid to new uiSlot
001520.139|tickt|4|00|soWebTicketCertMove: Could not copy server to new uiSlot
001520.151|ssps |*|00|Initial log entry. Current logging level 4
001520.153|ssps |5|00|Allocated 36992 bytes for SspsHdiMemBase=0xe8af80
001520.153|ssps |4|00|sspsDspLoad: found Maroo 23.
001520.391|so   |*|00|System Info Reports:
001520.391|so   |*|00|  Cpu is ARMv6-compatible processor rev 7 (v6l), ID: 0x111700b0, running at 300MHz.
001520.391|so   |*|00|  Board is identified as PolycomVVX-VVX_300.
001520.391|so   |*|00|  DRAM_SIZE: 128 MB
001520.391|so   |*|00|  NAND flash detected is 20
001520.391|key  |*|00|Initial log entry. Current logging level 4
001520.421|httpd|*|00|Initial log entry. Current logging level 4
001520.422|poll |*|00|Initial log entry. Current logging level 4
001520.422|push |*|00|Initial log entry. Current logging level 4
001520.423|poll |*|00|Initial log entry. Current logging level 4
001520.423|poll |*|00|Initial log entry. Current logging level 4
001520.424|ht   |*|00|Initial log entry. Current logging level 4
001520.425|dbuf |*|00|Initial log entry. Current logging level 4
001520.427|ssps |*|00|sspsMain: Set HDI mem to be 0, was 0
001520.431|ssps |*|00|Application, comp. 1: Label=PolyDSP Vino BCM11193 Mem1 FS1, Version=8.4.1.2003 26-Nov-2014 14:26
001520.431|ssps |*|00|Application, comp. 1: P/N=3150-11580-841.
001520.432|ice  |*|00|Initial log entry. Current logging level 4
001520.432|pps  |*|00|Initial log entry. Current logging level 4
001520.433|sip  |*|00|Initial log entry. Current logging level 4
001520.433|sipt |*|00|Initial log entry. Current logging level 4
001520.433|sipp |*|00|Initial log entry. Current logging level 4
001520.435|ptt  |*|00|Initial log entry. Current logging level 4
001520.437|xmpp |*|00|Initial log entry. Current logging level 4
001520.438|btoe |*|00|Initial log entry. Current logging level 4
001520.440|btoe |5|00|PpsBtoeC::ppsProcMsg thread launched
001521.282|pwrsv|*|00|Initial log entry. Current logging level 4
001521.315|so   |*|00|Using TCP IP Media Port, configured initial RTP port 2222
001521.346|sshc |*|00|Initial log entry. Current logging level 4
001521.346|gbLoc|*|00|Initial log entry. Current logging level 4
001521.347|app1 |*|00|Initial log entry. Current logging level 4
001521.367|btoe |5|00|PpsBtoeC Callback is set
001521.405|app1 |*|00|AppPhoneC::AppPhoneC() Number Of Line Keys = 48
001521.405|app1 |*|00|AppPhoneC::AppPhoneC() - new AppRegLineC, szUser = 8724
001521.524|ldap |*|00|Initial log entry. Current logging level 4
001521.729|efk  |*|00|Initial log entry. Current logging level 4
001521.776|cmp  |*|00|Initial log entry. Current logging level 4
001521.777|wmgr |*|00|Initial log entry. Current logging level 4
001521.791|slog |*|00|Initial log entry. Current logging level 4
001521.828|so   |4|00|SoKeyC::procMsg unexpected message 4099
001521.879|so   |*|00|Network initialized. Starting network tasks.
001521.880|log  |*|00|Install file upload callback for 'so'

0421190215|pgui |*|00|Qt Mouse driver created.
0421190220|em   |*|00|Initial log entry. Current logging level 4
0421190220|dbs  |*|00|Initial log entry. Current logging level 4
0421190220|osd  |*|00|Initial log entry. Current logging level 4
0421190221|clist|*|00|Initial log entry. Current logging level 4
0421190221|clist|4|00|dbCfg::getServerDir:Unknown dbCfg type
0421190221|clist|4|00|dbCfg::getServerDir:Unknown dbCfg type
0421190221|clist|4|00|dbCfg::getServerDir:Unknown dbCfg type
0421190221|clist|4|00|dbCfg::getServerDir:Unknown dbCfg type
0421190222|clist|4|00|dbXML::createEntry:name=<bb> func=<0x1afd08><0x1afcb8>- invalid or already exist
0421190224|brow |*|00|Initial log entry. Current logging level 4
0421190227|app1 |5|00|[AppHybridC]: APP IS COMPLETELY INTIALIZED.
0421190227|sip  |*|00|Sip Register Usr:8724 Dsp:8724 Auth:'8724' Inx:0
0421190228|app1 |4|00|Corporate directory instance does not exists.
0421190228|clist|4|00|dbCfg::getServerDir:Unknown dbCfg type
0421190228|clist|4|00|dbCfg::getServerDir:Unknown dbCfg type
0421190228|moh  |*|00|Initial log entry. Current logging level 4
0421190228|moh  |4|00|SoNcasMohC::soNcasmohCfgInit: File provisioning for Moh is defined only for Lync Profile adn if Moh feature is enabled
