0420075144|sip  |4|00|NAPTR query for host 'vantage.fullymanaged.sip.voxter.com' returned no results
0420084822|so   |4|00|IsDivertFeaturesEnabled - EXIT
0420084822|so   |4|00|IsDivertFeaturesEnabled - EXIT
0420084906|app1 |4|00|DBS event contains a handle (0xeefe68) that's invalid
0420084906|app1 |4|00|DBS event contains a handle (0xf18488) that's invalid
0420084920|clist|4|00|dbIO::processResult:copy error
0420084920|clist|4|00|dbSet::mem2srv:transfer failed
0420100334|so   |4|00|IsDivertFeaturesEnabled - EXIT
0420100334|so   |4|00|IsDivertFeaturesEnabled - EXIT
0420100354|app1 |4|00|DBS event contains a handle (0xeefe68) that's invalid
0420100354|app1 |4|00|DBS event contains a handle (0xf18488) that's invalid
0420100420|clist|4|00|dbIO::processResult:copy error
0420100420|clist|4|00|dbSet::mem2srv:transfer failed
0420125617|sip  |4|00|Registration failed User: 3810, Error Code:480 Temporarily not available
0420143757|so   |4|00|IsDivertFeaturesEnabled - EXIT
0420143757|so   |4|00|IsDivertFeaturesEnabled - EXIT
0420143910|app1 |4|00|DBS event contains a handle (0xeefe68) that's invalid
0420143910|app1 |4|00|DBS event contains a handle (0xf18488) that's invalid
0420143918|clist|4|00|dbIO::processResult:copy error
0420143918|clist|4|00|dbSet::mem2srv:transfer failed
0421060044|sip  |4|00|NAPTR query for host 'vantage.fullymanaged.sip.voxter.com' returned no results
0421090909|so   |4|00|IsDivertFeaturesEnabled - EXIT
0421090909|so   |4|00|IsDivertFeaturesEnabled - EXIT
0421091248|app1 |4|00|DBS event contains a handle (0xeefe68) that's invalid
0421091248|app1 |4|00|DBS event contains a handle (0xf18488) that's invalid
0421091318|clist|4|00|dbIO::processResult:copy error
0421091318|clist|4|00|dbSet::mem2srv:transfer failed
0421100304|so   |4|00|IsDivertFeaturesEnabled - EXIT
0421100304|so   |4|00|IsDivertFeaturesEnabled - EXIT
0421100447|app1 |4|00|DBS event contains a handle (0xeefe68) that's invalid
0421100447|app1 |4|00|DBS event contains a handle (0xf18488) that's invalid
0421100518|clist|4|00|dbIO::processResult:copy error
0421100518|clist|4|00|dbSet::mem2srv:transfer failed
0421121744|so   |4|00|IsDivertFeaturesEnabled - EXIT
0421121744|so   |4|00|IsDivertFeaturesEnabled - EXIT
0421121840|app1 |4|00|DBS event contains a handle (0xeefe68) that's invalid
0421121840|app1 |4|00|DBS event contains a handle (0xf18488) that's invalid
0421121918|clist|4|00|dbIO::processResult:copy error
0421121918|clist|4|00|dbSet::mem2srv:transfer failed
0421122622|app1 |4|00|DBS event contains a handle (0xeefe68) that's invalid
0421122622|app1 |4|00|DBS event contains a handle (0xf18488) that's invalid
0421122718|clist|4|00|dbIO::processResult:copy error
0421122718|clist|4|00|dbSet::mem2srv:transfer failed
0421122739|app1 |4|00|DBS event contains a handle (0xeefe68) that's invalid
0421122740|app1 |4|00|DBS event contains a handle (0xf18488) that's invalid
0421122818|clist|4|00|dbIO::processResult:copy error
0421122818|clist|4|00|dbSet::mem2srv:transfer failed
