000008.628|so   |*|01|---------- Initial log entry ----------
000008.628|so   |*|01|+++ Note that Updater log times are in GMT +++
000008.628|boot |*|01|Initial log entry. Current logging level 3
000008.628|copy |*|01|Initial log entry. Current logging level 3
000008.628|utilm|*|01|Initial log entry. Current logging level 4
000008.628|hw   |*|01|Initial log entry. Current logging level 4
000008.628|ethf |*|01|Initial log entry. Current logging level 4
000008.628|dns  |*|01|Initial log entry. Current logging level 3
000008.629|curl |*|01|Initial log entry. Current logging level 3
000008.629|sec  |*|01|Initial log entry. Current logging level 4
000008.642|wdog |*|01|Initial log entry. Current logging level 4
000008.642|lldp |*|01|Initial log entry. Current logging level 3
000008.642|cdp  |*|01|Initial log entry. Current logging level 3
000008.642|key  |*|01|Initial log entry. Current logging level 4
000008.671|so   |3|01|Platform: Model=VVX 300, Assembly=3111-46135-002 Rev=A Region=0
000008.671|so   |3|01|Platform: Board=3111-46135-002 1 0
000008.672|so   |3|01|Platform: MAC=0004f28e7ae5
000008.673|so   |3|01|Platform: BootBlock=3.0.4.0028 (46135-002) 30-Jan-13 18:00
000008.674|so   |*|01|Platform: BootL1=1.0.0.0009 (46135-002) 11-Jan-13 14:23
000008.674|so   |3|01|Application, main: Label=Updater, Version=Peridot 5.1.4.0844 20-Mar-13 14:16
000008.674|so   |3|01|Application, main: P/N=3150-11069-514
000008.674|so   |5|01|Platform: Both images are incorrect, will use Primary Image.
000008.674|log  |*|01|Install file upload callback for 'Updater'

000008.675|app1 |*|01|Initial log entry. Current logging level 3
000008.690|cfg  |*|01|Initial log entry. Current logging level 2
000009.640|so   |3|01|Link status is Net up Speed 100 full Duplex, PC up Speed 100 full Duplex.
000008.707|so   |*|01|---------- Initial log entry ----------
000008.708|so   |*|01|+++ Note that Updater log times are in GMT +++
000008.708|boot |*|01|Initial log entry. Current logging level 3
000008.708|copy |*|01|Initial log entry. Current logging level 3
000008.708|utilm|*|01|Initial log entry. Current logging level 4
000008.708|hw   |*|01|Initial log entry. Current logging level 4
000008.708|ethf |*|01|Initial log entry. Current logging level 4
000008.708|dns  |*|01|Initial log entry. Current logging level 3
000008.708|curl |*|01|Initial log entry. Current logging level 3
000008.708|sec  |*|01|Initial log entry. Current logging level 4
000008.723|wdog |*|01|Initial log entry. Current logging level 4
000008.723|lldp |*|01|Initial log entry. Current logging level 3
000008.723|cdp  |*|01|Initial log entry. Current logging level 3
000008.723|key  |*|01|Initial log entry. Current logging level 4
000008.751|so   |3|01|Platform: Model=VVX 300, Assembly=3111-46135-002 Rev=A Region=0
000008.751|so   |3|01|Platform: Board=3111-46135-002 1 0
000008.752|so   |3|01|Platform: MAC=0004f28e7ae5
000008.753|so   |3|01|Platform: BootBlock=3.0.4.0028 (46135-002) 30-Jan-13 18:00
000008.754|so   |*|01|Platform: BootL1=1.0.0.0009 (46135-002) 11-Jan-13 14:23
000008.754|so   |3|01|Application, main: Label=Updater, Version=Peridot 5.1.4.0844 20-Mar-13 14:16
000008.754|so   |3|01|Application, main: P/N=3150-11069-514
000008.754|so   |5|01|Platform: Both images are incorrect, will use Primary Image.
000008.754|log  |*|01|Install file upload callback for 'Updater'

000008.755|app1 |*|01|Initial log entry. Current logging level 3
000008.770|cfg  |*|01|Initial log entry. Current logging level 2
000009.713|so   |3|01|Link status is Net up Speed 100 full Duplex, PC down.
000008.089|so   |*|00|---------- Initial log entry ----------
000008.089|so   |*|00|+++ Note that Updater log times are in GMT +++
000008.089|boot |*|00|Initial log entry. Current logging level 3
000008.090|copy |*|00|Initial log entry. Current logging level 3
000008.090|utilm|*|00|Initial log entry. Current logging level 4
000008.090|hw   |*|00|Initial log entry. Current logging level 4
000008.090|ethf |*|00|Initial log entry. Current logging level 4
000008.090|dns  |*|00|Initial log entry. Current logging level 3
000008.090|curl |*|00|Initial log entry. Current logging level 3
000008.090|sec  |*|00|Initial log entry. Current logging level 4
000008.103|wdog |*|00|Initial log entry. Current logging level 4
000008.103|lldp |*|00|Initial log entry. Current logging level 3
000008.103|cdp  |*|00|Initial log entry. Current logging level 3
000008.103|key  |*|00|Initial log entry. Current logging level 4
000008.131|so   |3|00|Platform: Model=VVX 300, Assembly=3111-46135-002 Rev=A Region=0
000008.131|so   |3|00|Platform: Board=3111-46135-002 1 0
000008.132|so   |3|00|Platform: MAC=0004f28e7ae5
000008.133|so   |3|00|Platform: BootBlock=3.0.4.0028 (46135-002) 30-Jan-13 18:00
000008.134|so   |*|00|Platform: BootL1=1.0.0.0009 (46135-002) 11-Jan-13 14:23
000008.134|so   |3|00|Application, main: Label=Updater, Version=Peridot 5.1.4.0844 20-Mar-13 14:16
000008.134|so   |3|00|Application, main: P/N=3150-11069-514
000008.134|so   |5|00|Platform: Both images are incorrect, will use Primary Image.
000008.134|log  |*|00|Install file upload callback for 'Updater'

000008.135|app1 |*|00|Initial log entry. Current logging level 3
000008.149|cfg  |*|00|Initial log entry. Current logging level 2
000009.097|so   |3|00|Link status is Net up Speed 100 full Duplex, PC down.
000008.068|so   |*|00|---------- Initial log entry ----------
000008.068|so   |*|00|+++ Note that Updater log times are in GMT +++
000008.068|boot |*|00|Initial log entry. Current logging level 3
000008.068|copy |*|00|Initial log entry. Current logging level 3
000008.068|utilm|*|00|Initial log entry. Current logging level 4
000008.068|hw   |*|00|Initial log entry. Current logging level 4
000008.068|ethf |*|00|Initial log entry. Current logging level 4
000008.069|dns  |*|00|Initial log entry. Current logging level 3
000008.069|curl |*|00|Initial log entry. Current logging level 3
000008.069|sec  |*|00|Initial log entry. Current logging level 4
000008.081|wdog |*|00|Initial log entry. Current logging level 4
000008.082|lldp |*|00|Initial log entry. Current logging level 3
000008.082|cdp  |*|00|Initial log entry. Current logging level 3
000008.082|key  |*|00|Initial log entry. Current logging level 4
000008.111|so   |3|00|Platform: Model=VVX 300, Assembly=3111-46135-002 Rev=A Region=0
000008.111|so   |3|00|Platform: Board=3111-46135-002 1 0
000008.112|so   |3|00|Platform: MAC=0004f28e7ae5
000008.113|so   |3|00|Platform: BootBlock=3.0.4.0028 (46135-002) 30-Jan-13 18:00
000008.114|so   |*|00|Platform: BootL1=1.0.0.0009 (46135-002) 11-Jan-13 14:23
000008.114|so   |3|00|Application, main: Label=Updater, Version=Peridot 5.1.4.0844 20-Mar-13 14:16
000008.114|so   |3|00|Application, main: P/N=3150-11069-514
000008.114|so   |5|00|Platform: Both images are incorrect, will use Primary Image.
000008.114|log  |*|00|Install file upload callback for 'Updater'

000008.115|app1 |*|00|Initial log entry. Current logging level 3
000008.129|cfg  |*|00|Initial log entry. Current logging level 2
000009.076|so   |3|00|Link status is Net up Speed 100 full Duplex, PC down.
000008.067|so   |*|00|---------- Initial log entry ----------
000008.068|so   |*|00|+++ Note that Updater log times are in GMT +++
000008.068|boot |*|00|Initial log entry. Current logging level 3
000008.068|copy |*|00|Initial log entry. Current logging level 3
000008.068|utilm|*|00|Initial log entry. Current logging level 4
000008.068|hw   |*|00|Initial log entry. Current logging level 4
000008.068|ethf |*|00|Initial log entry. Current logging level 4
000008.068|dns  |*|00|Initial log entry. Current logging level 3
000008.068|curl |*|00|Initial log entry. Current logging level 3
000008.068|sec  |*|00|Initial log entry. Current logging level 4
000008.081|wdog |*|00|Initial log entry. Current logging level 4
000008.081|lldp |*|00|Initial log entry. Current logging level 3
000008.082|cdp  |*|00|Initial log entry. Current logging level 3
000008.082|key  |*|00|Initial log entry. Current logging level 4
000008.111|so   |3|00|Platform: Model=VVX 300, Assembly=3111-46135-002 Rev=A Region=0
000008.111|so   |3|00|Platform: Board=3111-46135-002 1 0
000008.112|so   |3|00|Platform: MAC=0004f28e7ae5
000008.113|so   |3|00|Platform: BootBlock=3.0.4.0028 (46135-002) 30-Jan-13 18:00
000008.114|so   |*|00|Platform: BootL1=1.0.0.0009 (46135-002) 11-Jan-13 14:23
000008.114|so   |3|00|Application, main: Label=Updater, Version=Peridot 5.1.4.0844 20-Mar-13 14:16
000008.114|so   |3|00|Application, main: P/N=3150-11069-514
000008.114|so   |5|00|Platform: Both images are incorrect, will use Primary Image.
000008.114|log  |*|00|Install file upload callback for 'Updater'

000008.115|app1 |*|00|Initial log entry. Current logging level 3
000008.129|cfg  |*|00|Initial log entry. Current logging level 2
000009.075|so   |3|00|Link status is Net up Speed 100 full Duplex, PC down.
