0421184615|wdog |*|00|Watchdog Expired: tSupObjs, 8
0421184615|log  |*|00|---------- Final log entry ----------
000854.218|log  |*|00|---------- Initial log entry ----------
000853.897|rdisk|*|00|Initial log entry. Current logging level 4
000853.899|rdisk|*|00|RAM disk created and mounted at "/rfs0"
000853.899|rdisk|*|00|RAM disk created, size: 16,777,216 bytes
000854.210|so   |*|00|Platform: Model=VVX 300, Assembly=3111-46135-002 Rev=A Region=0
000854.210|so   |*|00|Platform: Interface    eth0 MAC=0004f28e7890
000854.211|so   |*|00|Platform: BootBlock=3.0.4.0028 (46135-002) 30-Jan-13 18:00
000854.212|so   |*|00|Platform: BootL1=1.0.0.0009 (46135-002) 11-Jan-13 14:23
000854.216|so   |*|00|Platform: Updater=5.5.0.13251 24-Mar-15 03:06
000854.216|so   |*|00|Application, main: Label=SIP, Version=Congo 5.3.0.12074 24-Mar-15 02:31
000854.216|so   |*|00|Application, main: P/N=3150-11530-530
000854.216|rdisk|*|00|RAM disk created, size: 16,777,216 bytes
000854.216|ocsp |*|00|O.C.S.P. Enabled = 0
000854.296|tls  |*|00|Initial log entry. Current logging level 4
000854.346|pmt  |*|00|Initial log entry. Current logging level 4
000854.349|wdog |*|00|Initial log entry. Current logging level 4
000854.349|ethf |*|00|Initial log entry. Current logging level 4
000854.351|hw   |*|00|Initial log entry. Current logging level 4
000854.351|ares |*|00|Initial log entry. Current logging level 4
000854.351|dns  |*|00|Initial log entry. Current logging level 4
000854.351|cfg  |*|00|Initial log entry. Current logging level 4
000854.351|cfg  |*|00|Prm|cfgParamBaseProfileUpdate: Using Base Profile Generic
000854.355|dot1x|*|00|Initial log entry. Current logging level 4
000854.531|lic  |*|00|Initial log entry. Current logging level 4
000854.552|lic  |5|00|cfgCfsFlashKeyScratchLoad: could not load flash len 976
000854.552|lic  |*|00|License expiry check in 85899 seconds
000854.617|curl |*|00|Initial log entry. Current logging level 4
000854.617|utilm|*|00|Initial log entry. Current logging level 4
000854.617|copy |*|00|Initial log entry. Current logging level 4
000854.618|rtos |*|00|Initial log entry. Current logging level 4
000859.430|pgui |*|00|Initial log entry. Current logging level 4
000901.076|dhcpc|*|00|Initial log entry. Current logging level 4
000904.229|cfg  |*|00|RT|   Phone IP address is 10.2.0.205.
000904.229|cfg  |*|00|RT|   Subnet mask is 255.255.255.0.
000904.229|cfg  |*|00|RT|   Gateway address is 10.2.0.1.
000904.229|cfg  |*|00|RT|   DNS server is 8.8.8.8.
000904.230|cfg  |*|00|RT|   DNS alternate server is 8.8.4.4.
000904.230|cfg  |*|00|RT|   GMT offset is -28800 seconds.
000904.231|dns  |*|00|DNS resolver servers are '8.8.8.8' '8.8.4.4'
000904.232|dns  |*|00|DNS resolver search domain is ''
000904.234|cfg  |*|00|RT|Primary IP: 10.2.0.205 subnet mask 255.255.255.0
000904.844|cfg  |*|00|Prov|Starting to update 3111-46135-002.sip.ld
000907.378|copy |*|00|Server 'p.voxter.com' said 'overrides/0004f28e7890-web.cfg' is not present
000907.446|copy |*|00|Server 'p.voxter.com' said 'licenses/000000000000-license.cfg' is not present
000907.511|copy |*|00|Server 'p.voxter.com' said 'licenses/0004f28e7890-license.cfg' is not present
000907.523|cfg  |*|00|Prm|0004f28e7890_reg.cfg: Value "" for configuration parameter reg.1.server.2.port is invalid, ignoring
000907.524|cfg  |*|00|Prm|0004f28e7890_reg.cfg: Value "" for configuration parameter reg.1.outboundProxy.port is invalid, ignoring
000907.524|cfg  |*|00|Prm|0004f28e7890_reg.cfg: Value "" for configuration parameter reg.1.lineKeys is invalid, ignoring
000907.531|cfg  |4|00|Prm|provisioner.cfg: Unknown parameter "sec.tagSerialNo.set" found, ignoring.
000907.559|cfg  |*|00|Prm|features.cfg: Value 9999 for configuration parameter dir.local.contacts.maxNum is too large, using 500, the maximum allowed
000907.594|cfg  |*|00|Prov|Setting device parameters from configuration files.
000907.596|cfg  |4|00|RT|cfgFlashUpdateFromConfig: Failed to update SerialConfig
000908.258|cfg  |*|00|RT|Changed prov general
000908.258|cfg  |*|00|Prov|Finished updating configuration
000908.259|sec  |*|00|Initial log entry. Current logging level 4
000908.261|so   |*|00|Configuration files: 0004f28e7890_reg.cfg, provisioner.cfg, sip.cfg, features.cfg
000908.262|so   |*|00|Configuration file "0004f28e7890_reg.cfg" SHA1 digest: 4E55244756C809158896E3F880CF975641FC831F
000908.262|so   |*|00|Configuration file "provisioner.cfg" SHA1 digest: 51080CD89DA743106AF5139272C6860F0465BE9D
000908.262|so   |*|00|Configuration file "sip.cfg" SHA1 digest: D39E72350F55A51F57A3F2CFB15F3CCC4B990DD8
000908.262|so   |*|00|Configuration file "features.cfg" SHA1 digest: C581BA279B236C29DF1CFC79741E3FAED2E8A230
000908.262|cfg  |4|00|Prm|Configuration file(s) statistics: 1 parameters were invalid and could not be interpreted.
000908.262|cfg  |4|00|Prm|Configuration file(s) statistics: 1 parameter values were used but were out of range. 5 were invalid and ignored.
000908.264|log  |*|00|Log render level set to 1
000908.268|pcap |*|00|On-Phone Packet Capture disabled
000908.269|srtp |*|00|Initial log entry. Current logging level 4
000908.270|cfg  |5|00|Prm|Parameter 0 is out of range
000908.273|res  |*|00|Initial log entry. Current logging level 4
000908.274|httpa|*|00|Initial log entry. Current logging level 4
000908.274|lldp |*|00|Initial log entry. Current logging level 4
000908.274|cdp  |*|00|Initial log entry. Current logging level 4
000908.275|pcd  |*|00|Initial log entry. Current logging level 4
000908.290|tickt|*|00|Initial log entry. Current logging level 4
000908.291|loc  |*|00|Initial log entry. Current logging level 4
000908.298|ssps |*|00|Initial log entry. Current logging level 4
000908.299|ssps |5|00|Allocated 36992 bytes for SspsHdiMemBase=0xe6d188
000908.300|ssps |4|00|sspsDspLoad: found Maroo 23.
000908.324|utilm|4|00|uBLFUnCompressed: File /ffs0/Config/Local/WebTicket/0/sip.usr doesn't exist or is empty
000908.329|tickt|4|00|soWebTicketCertMove: Could not copy key to new uiSlot
000908.331|tickt|4|00|soWebTicketCertMove: Could not copy cert to new uiSlot
000908.332|tickt|4|00|soWebTicketCertMove: Could not copy SIP user to new uiSlot
000908.333|tickt|4|00|soWebTicketCertMove: Could not copy SIP uuid to new uiSlot
000908.333|tickt|4|00|soWebTicketCertMove: Could not copy server to new uiSlot
000908.531|so   |*|00|System Info Reports:
000908.531|so   |*|00|  Cpu is ARMv6-compatible processor rev 7 (v6l), ID: 0x111700b0, running at 300MHz.
000908.531|so   |*|00|  Board is identified as PolycomVVX-VVX_300.
000908.531|so   |*|00|  DRAM_SIZE: 128 MB
000908.531|so   |*|00|  NAND flash detected is 20
000908.531|key  |*|00|Initial log entry. Current logging level 4
000908.561|httpd|*|00|Initial log entry. Current logging level 4
000908.561|poll |*|00|Initial log entry. Current logging level 4
000908.562|push |*|00|Initial log entry. Current logging level 4
000908.563|poll |*|00|Initial log entry. Current logging level 4
000908.563|poll |*|00|Initial log entry. Current logging level 4
000908.563|ht   |*|00|Initial log entry. Current logging level 4
000908.565|dbuf |*|00|Initial log entry. Current logging level 4
000908.567|ssps |*|00|sspsMain: Set HDI mem to be 0, was 0
000908.571|ssps |*|00|Application, comp. 1: Label=PolyDSP Vino BCM11193 Mem1 FS1, Version=8.4.1.2003 26-Nov-2014 14:26
000908.571|ssps |*|00|Application, comp. 1: P/N=3150-11580-841.
000908.572|ice  |*|00|Initial log entry. Current logging level 4
000908.572|pps  |*|00|Initial log entry. Current logging level 4
000908.572|sip  |*|00|Initial log entry. Current logging level 4
000908.573|sipt |*|00|Initial log entry. Current logging level 4
000908.573|sipp |*|00|Initial log entry. Current logging level 4
000908.575|ptt  |*|00|Initial log entry. Current logging level 4
000908.578|xmpp |*|00|Initial log entry. Current logging level 4
000908.580|btoe |*|00|Initial log entry. Current logging level 4
000908.582|btoe |5|00|PpsBtoeC::ppsProcMsg thread launched
000909.445|pwrsv|*|00|Initial log entry. Current logging level 4
000909.478|so   |*|00|Using TCP IP Media Port, configured initial RTP port 2222
000909.511|sshc |*|00|Initial log entry. Current logging level 4
000909.511|gbLoc|*|00|Initial log entry. Current logging level 4
000909.511|app1 |*|00|Initial log entry. Current logging level 4
000909.531|btoe |5|00|PpsBtoeC Callback is set
000909.568|app1 |*|00|AppPhoneC::AppPhoneC() Number Of Line Keys = 48
000909.568|app1 |*|00|AppPhoneC::AppPhoneC() - new AppRegLineC, szUser = 8716
000909.686|ldap |*|00|Initial log entry. Current logging level 4
000909.889|efk  |*|00|Initial log entry. Current logging level 4
000909.937|cmp  |*|00|Initial log entry. Current logging level 4
000909.938|wmgr |*|00|Initial log entry. Current logging level 4
000909.950|slog |*|00|Initial log entry. Current logging level 4
000909.988|so   |4|00|SoKeyC::procMsg unexpected message 4099
000910.040|so   |*|00|Network initialized. Starting network tasks.
000910.041|log  |*|00|Install file upload callback for 'so'

0421191129|pgui |*|00|Qt Mouse driver created.
0421191134|em   |*|00|Initial log entry. Current logging level 4
0421191134|dbs  |*|00|Initial log entry. Current logging level 4
0421191134|osd  |*|00|Initial log entry. Current logging level 4
0421191135|clist|*|00|Initial log entry. Current logging level 4
0421191135|clist|4|00|dbCfg::getServerDir:Unknown dbCfg type
0421191135|clist|4|00|dbCfg::getServerDir:Unknown dbCfg type
0421191135|clist|4|00|dbCfg::getServerDir:Unknown dbCfg type
0421191135|clist|4|00|dbCfg::getServerDir:Unknown dbCfg type
0421191136|clist|4|00|dbXML::createEntry:name=<bb> func=<0x1afd08><0x1afcb8>- invalid or already exist
0421191138|brow |*|00|Initial log entry. Current logging level 4
0421191141|app1 |5|00|[AppHybridC]: APP IS COMPLETELY INTIALIZED.
0421191141|sip  |*|00|Sip Register Usr:8716 Dsp:8716 Auth:'8716' Inx:0
0421191141|app1 |4|00|Corporate directory instance does not exists.
0421191141|clist|4|00|dbCfg::getServerDir:Unknown dbCfg type
0421191141|clist|4|00|dbCfg::getServerDir:Unknown dbCfg type
0421191141|moh  |*|00|Initial log entry. Current logging level 4
0421191141|moh  |4|00|SoNcasMohC::soNcasmohCfgInit: File provisioning for Moh is defined only for Lync Profile adn if Moh feature is enabled
