0420184345|sip  |4|00|Registration failed User: cc, Error Code:403 Forbidden
0420193322|sip  |4|00|Registration failed User: cc, Error Code:401 Unauthorized
0420193421|sip  |4|00|Registration failed User: cc, Error Code:403 Forbidden
0421132426|sip  |4|00|NAPTR query for host 'fmoffice.fullymanaged.sip.voxter.com' returned no results
0421140517|clist|4|00|dbIO::processResult:copy error
0421140517|clist|4|00|dbSet::mem2srv:transfer failed
000016.340|log  |*|00|---------- Initial log entry ----------
000008.985|wdog |*|00|Initial log entry. Current logging level 4
000015.976|rdisk|*|00|Initial log entry. Current logging level 4
000015.982|rdisk|*|00|RAM disk created and mounted at "/rfs0"
000015.982|rdisk|*|00|RAM disk created, size: 16,777,216 bytes
000016.326|so   |*|00|Platform: Model=VVX 300, Assembly=3111-46135-002 Rev=A Region=0
000016.326|so   |*|00|Platform: Interface    eth0 MAC=0004f28e753d
000016.329|so   |*|00|Platform: BootBlock=3.0.4.0028 (46135-002) 30-Jan-13 18:00
000016.330|so   |*|00|Platform: BootL1=1.0.0.0009 (46135-002) 11-Jan-13 14:23
000016.337|so   |*|00|Platform: Updater=5.1.4.0844 20-Mar-13 14:23
000016.337|so   |*|00|Application, main: Label=SIP, Version=PrairieDog 4.1.4.7430 20-Mar-13 14:12
000016.337|so   |*|00|Application, main: P/N=3150-11530-414
000016.337|rdisk|*|00|RAM disk created, size: 16,777,216 bytes
000016.339|ocsp |*|00|O.C.S.P. Enabled = 0
000016.393|tls  |*|00|Initial log entry. Current logging level 4
000016.443|pmt  |*|00|Initial log entry. Current logging level 4
000016.448|wdog |*|00|Initial log entry. Current logging level 4
000016.449|ethf |*|00|Initial log entry. Current logging level 4
000016.450|hw   |*|00|Initial log entry. Current logging level 4
000016.456|ares |*|00|Initial log entry. Current logging level 4
000016.457|dns  |*|00|Initial log entry. Current logging level 4
000016.457|cfg  |*|00|Initial log entry. Current logging level 4
000016.457|cfg  |*|00|Prm|cfgParamBaseProfileUpdate: Using Base Profile Generic
000016.472|dot1x|*|00|Initial log entry. Current logging level 4
000016.492|ethf |4|00|utilEthFilterInit: VLAN Filter enabled, Storm Filter enabled
000016.574|cfg  |5|00|RT|Error installing DHCP event hook.
000016.674|lic  |*|00|Initial log entry. Current logging level 4
000016.692|lic  |5|00|cfgCfsFlashKeyScratchLoad: could not load flash len 976
000016.814|curl |*|00|Initial log entry. Current logging level 4
000016.814|utilm|*|00|Initial log entry. Current logging level 4
000016.816|copy |*|00|Initial log entry. Current logging level 4
000016.816|rtos |*|00|Initial log entry. Current logging level 4
000016.823|sec  |*|00|Initial log entry. Current logging level 4
000016.853|so   |*|00|Configuration files: 0004f28e753d_reg.cfg, provisioner.cfg, sip.cfg, features.cfg
000016.853|so   |*|00|Configuration file "0004f28e753d_reg.cfg" SHA1 digest: 7E63CFD5F422BEBCC86CD16C342AE4B6E9B05396
000016.853|so   |*|00|Configuration file "provisioner.cfg" SHA1 digest: 51080CD89DA743106AF5139272C6860F0465BE9D
000016.853|so   |*|00|Configuration file "sip.cfg" SHA1 digest: 565A4AE71E86AC9D639FB895745C8524A83CF69D
000016.853|so   |*|00|Configuration file "features.cfg" SHA1 digest: C581BA279B236C29DF1CFC79741E3FAED2E8A230
000016.853|cfg  |4|00|Prm|Configuration file(s) statistics: 1 parameters were invalid and could not be interpreted.
000016.853|cfg  |4|00|Prm|Configuration file(s) statistics: 1 parameter values were used but were out of range. 5 were invalid and ignored.
000016.866|log  |*|00|Log render level set to 1
000016.874|srtp |*|00|Initial log entry. Current logging level 4
000016.885|cfg  |5|00|Prm|Parameter 0 is out of range
000016.893|res  |*|00|Initial log entry. Current logging level 4
000016.897|httpa|*|00|Initial log entry. Current logging level 4
000016.897|lldp |*|00|Initial log entry. Current logging level 4
000016.897|cdp  |*|00|Initial log entry. Current logging level 4
000016.899|pcd  |*|00|Initial log entry. Current logging level 4
000016.913|tickt|*|00|Initial log entry. Current logging level 4
000016.936|utilm|4|00|uBLFUnCompressed: File /ffs0/Config/Local/WebTicket/0/sip.usr doesn't exist or is empty
000016.944|tickt|4|00|soWebTicketCertMove: Could not copy key to new slot
000016.946|tickt|4|00|soWebTicketCertMove: Could not copy cert to new slot
000016.946|tickt|4|00|soWebTicketCertMove: Could not copy SIP user to new slot
000016.947|tickt|4|00|soWebTicketCertMove: Could not copy SIP uuid to new slot
000016.947|tickt|4|00|soWebTicketCertMove: Could not copy server to new slot
000016.953|loc  |*|00|Initial log entry. Current logging level 4
000016.968|ssps |*|00|Initial log entry. Current logging level 4
000016.976|ssps |5|00|Allocated 36992 bytes for SspsHdiMemBase=0xd6f298
000016.979|ssps |4|00|sspsDspLoad: found Maroo 23.
000017.498|so   |*|00|System Info Reports:
000017.498|so   |*|00|  Cpu is ARMv6-compatible processor rev 7 (v6l), ID: 0x111700b0, running at 300MHz.
000017.498|so   |*|00|  Board is identified as PolycomVVX-VVX_300.
000017.498|so   |*|00|  DRAM_SIZE: 128 MB
000017.498|so   |*|00|  NAND flash detected is 20
000017.498|key  |*|00|Initial log entry. Current logging level 4
000017.525|httpd|*|00|Initial log entry. Current logging level 4
000017.533|poll |*|00|Initial log entry. Current logging level 4
000017.535|push |*|00|Initial log entry. Current logging level 4
000017.537|poll |*|00|Initial log entry. Current logging level 4
000017.539|poll |*|00|Initial log entry. Current logging level 4
000017.542|poll |*|00|Initial log entry. Current logging level 4
000017.542|poll |*|00|Initial log entry. Current logging level 4
000017.542|poll |*|00|Initial log entry. Current logging level 4
000017.545|ht   |*|00|Initial log entry. Current logging level 4
000017.548|dbuf |*|00|Initial log entry. Current logging level 4
000017.553|ssps |*|00|sspsMain: Set HDI mem to be 0, was 0
000017.566|ice  |*|00|Initial log entry. Current logging level 4
000017.568|ssps |*|00|Application, comp. 1: Label=PolyDSP Vino BCM11195 Mem1 FS1, Version=7.7.2.7234 19-Mar-2013 22:11
000017.568|ssps |*|00|Application, comp. 1: P/N=3150-11580-772.
000017.572|pps  |*|00|Initial log entry. Current logging level 4
000017.572|sip  |*|00|Initial log entry. Current logging level 4
000017.574|sipt |*|00|Initial log entry. Current logging level 4
000017.575|sipp |*|00|Initial log entry. Current logging level 4
000017.582|ptt  |*|00|Initial log entry. Current logging level 4
000018.464|pwrsv|*|00|Initial log entry. Current logging level 4
000018.468|so   |*|00|Using TCP IP Media Port, configured initial RTP port 2222
000018.520|sshc |*|00|Initial log entry. Current logging level 4
000018.525|app1 |*|00|Initial log entry. Current logging level 4
000018.536|app1 |*|00|AppPhoneC::AppPhoneC() Number Of Line Keys = 6
000018.536|app1 |*|00|AppPhoneC::AppPhoneC() - new AppRegLineC, szUser = user_d1v3de
000018.549|app1 |*|00|AppPhoneC::AppPhoneC() - new AppRegLineC, szUser = cc
000018.622|ldap |*|00|Initial log entry. Current logging level 4
000018.622|ldap |4|00|cDynamicData::cDynamicData:cDynamicData:Failed
000018.747|efk  |*|00|Initial log entry. Current logging level 4
000018.805|lic  |4|00|License: feature Nuance XT9 is not available
000018.809|cfg  |4|00|Dir|regAppCb set
000018.819|app1 |4|00|getCfgParams
000018.823|cmp  |*|00|Initial log entry. Current logging level 4
000018.826|wmgr |*|00|Initial log entry. Current logging level 4
000018.838|slog |*|00|Initial log entry. Current logging level 4
000018.922|so   |4|00|SoKeyC::procMsg unexpected message 4099
000022.661|dhcpc|*|00|Initial log entry. Current logging level 4
000023.887|pgui |*|00|Initial log entry. Current logging level 4
000027.706|cfg  |*|00|RT|   Phone IP address is 10.2.0.247.
000027.706|cfg  |*|00|RT|   Subnet mask is 255.255.255.0.
000027.706|cfg  |*|00|RT|   Gateway address is 10.2.0.1.
000027.706|cfg  |*|00|RT|   DNS server is 8.8.8.8.
000027.706|cfg  |*|00|RT|   DNS alternate server is 8.8.4.4.
000027.707|cfg  |*|00|RT|   GMT offset is -28800 seconds.
000027.710|dns  |*|00|DNS resolver servers are '8.8.8.8' '8.8.4.4'
000027.710|dns  |*|00|DNS resolver search domain is ''
000027.712|cfg  |*|00|RT|Primary IP changed to 10.2.0.247 subnet mask 255.255.255.0
000027.713|cfg  |*|00|RT|   Phone IP address is 10.2.0.247.
000027.713|cfg  |*|00|RT|   Subnet mask is 255.255.255.0.
000027.713|cfg  |*|00|RT|   Gateway address is 10.2.0.1.
000027.713|cfg  |*|00|RT|   DNS server is 8.8.8.8.
000027.713|cfg  |*|00|RT|   DNS alternate server is 8.8.4.4.
000027.714|cfg  |*|00|RT|   GMT offset is -28800 seconds.
000027.864|so   |*|00|Network initialized. Starting network tasks.
000027.867|ice  |5|00|Network ICE stack failed to initialize in 5000 ms
000027.867|log  |*|00|Install file upload callback for 'so'

0421145151|cfg  |*|00|Prov|Starting to update 3111-46135-002.sip.ld
0421145153|so   |4|00|Could not find IP address for SNTP server.
0421145155|cfg  |*|00|RT|   Phone IP address is 10.2.0.247.
0421145155|cfg  |*|00|RT|   Subnet mask is 255.255.255.0.
0421145155|cfg  |*|00|RT|   Gateway address is 10.2.0.1.
0421145155|cfg  |*|00|RT|   DNS server is 8.8.8.8.
0421145155|cfg  |*|00|RT|   DNS alternate server is 8.8.4.4.
0421145155|cfg  |*|00|RT|   GMT offset is -28800 seconds.
0421145159|cfg  |*|00|Prov|Updating the Updater
0421145159|cfg  |*|00|Prov|Image has been changed
0421145201|copy |*|00|Server 'p.voxter.com' said 'overrides/0004f28e753d-web.cfg' is not present
0421145201|copy |*|00|Server 'p.voxter.com' said 'licenses/000000000000-license.cfg' is not present
0421145201|copy |*|00|Server 'p.voxter.com' said 'licenses/0004f28e753d-license.cfg' is not present
0421145201|cfg  |*|00|Prov|Provisioning needs to reboot to upgrade image(s)
0421145201|cfg  |*|00|Prov|Finished updating configuration
0421145201|app1 |*|00|Event: Multiple Key Combo 1
0421145201|app1 |*|00|Manual Reboot
0421145201|ldap |4|00|ldapXfer::start:xferStart failed cState=-1
0421145201|app1 |*|00|AppC::appReboot corp dir shutdown complete
0421145201|so   |*|00|SoNcasC::procMsg: Client service shutdown complete
0421145211|wdog |*|00|Watchdog Expired: tSupObjs, 8
0421145211|log  |*|00|---------- Final log entry ----------
000551.979|log  |*|00|---------- Initial log entry ----------
000551.681|rdisk|*|00|Initial log entry. Current logging level 4
000551.683|rdisk|*|00|RAM disk created and mounted at "/rfs0"
000551.683|rdisk|*|00|RAM disk created, size: 16,777,216 bytes
000551.971|so   |*|00|Platform: Model=VVX 300, Assembly=3111-46135-002 Rev=A Region=0
000551.971|so   |*|00|Platform: Interface    eth0 MAC=0004f28e753d
000551.972|so   |*|00|Platform: BootBlock=3.0.4.0028 (46135-002) 30-Jan-13 18:00
000551.973|so   |*|00|Platform: BootL1=1.0.0.0009 (46135-002) 11-Jan-13 14:23
000551.977|so   |*|00|Platform: Updater=5.5.0.13251 24-Mar-15 03:06
000551.977|so   |*|00|Application, main: Label=SIP, Version=Congo 5.3.0.12074 24-Mar-15 02:31
000551.977|so   |*|00|Application, main: P/N=3150-11530-530
000551.977|rdisk|*|00|RAM disk created, size: 16,777,216 bytes
000551.977|ocsp |*|00|O.C.S.P. Enabled = 0
000552.041|tls  |*|00|Initial log entry. Current logging level 4
000552.088|pmt  |*|00|Initial log entry. Current logging level 4
000552.091|wdog |*|00|Initial log entry. Current logging level 4
000552.091|ethf |*|00|Initial log entry. Current logging level 4
000552.093|hw   |*|00|Initial log entry. Current logging level 4
000552.093|ares |*|00|Initial log entry. Current logging level 4
000552.093|dns  |*|00|Initial log entry. Current logging level 4
000552.093|cfg  |*|00|Initial log entry. Current logging level 4
000552.093|cfg  |*|00|Prm|cfgParamBaseProfileUpdate: Using Base Profile Generic
000552.096|dot1x|*|00|Initial log entry. Current logging level 4
000552.266|lic  |*|00|Initial log entry. Current logging level 4
000552.284|lic  |5|00|cfgCfsFlashKeyScratchLoad: could not load flash len 976
000552.285|lic  |*|00|License expiry check in 14464 seconds
000552.349|curl |*|00|Initial log entry. Current logging level 4
000552.349|utilm|*|00|Initial log entry. Current logging level 4
000552.349|copy |*|00|Initial log entry. Current logging level 4
000552.350|rtos |*|00|Initial log entry. Current logging level 4
000557.041|pgui |*|00|Initial log entry. Current logging level 4
000558.773|dhcpc|*|00|Initial log entry. Current logging level 4
000601.993|cfg  |*|00|RT|   Phone IP address is 10.2.0.247.
000601.994|cfg  |*|00|RT|   Subnet mask is 255.255.255.0.
000601.994|cfg  |*|00|RT|   Gateway address is 10.2.0.1.
000601.994|cfg  |*|00|RT|   DNS server is 8.8.8.8.
000601.994|cfg  |*|00|RT|   DNS alternate server is 8.8.4.4.
000601.994|cfg  |*|00|RT|   GMT offset is -28800 seconds.
000601.996|dns  |*|00|DNS resolver servers are '8.8.8.8' '8.8.4.4'
000601.996|dns  |*|00|DNS resolver search domain is ''
000601.998|cfg  |*|00|RT|Primary IP: 10.2.0.247 subnet mask 255.255.255.0
000602.583|cfg  |*|00|Prov|Starting to update 3111-46135-002.sip.ld
000604.759|copy |*|00|Server 'p.voxter.com' said 'overrides/0004f28e753d-web.cfg' is not present
000604.825|copy |*|00|Server 'p.voxter.com' said 'licenses/000000000000-license.cfg' is not present
000604.891|copy |*|00|Server 'p.voxter.com' said 'licenses/0004f28e753d-license.cfg' is not present
000604.904|cfg  |*|00|Prm|0004f28e753d_reg.cfg: Value "" for configuration parameter reg.1.server.2.port is invalid, ignoring
000604.905|cfg  |*|00|Prm|0004f28e753d_reg.cfg: Value "" for configuration parameter reg.1.outboundProxy.port is invalid, ignoring
000604.906|cfg  |*|00|Prm|0004f28e753d_reg.cfg: Value "" for configuration parameter reg.1.lineKeys is invalid, ignoring
000604.913|cfg  |4|00|Prm|provisioner.cfg: Unknown parameter "sec.tagSerialNo.set" found, ignoring.
000604.939|cfg  |*|00|Prm|features.cfg: Value 9999 for configuration parameter dir.local.contacts.maxNum is too large, using 500, the maximum allowed
000604.976|cfg  |*|00|Prov|Setting device parameters from configuration files.
000604.978|cfg  |4|00|RT|cfgFlashUpdateFromConfig: Failed to update SerialConfig
000605.373|cfg  |*|00|Prov|Finished updating configuration
000605.373|sec  |*|00|Initial log entry. Current logging level 4
000605.376|so   |*|00|Configuration files: 0004f28e753d_reg.cfg, provisioner.cfg, sip.cfg, features.cfg
000605.376|so   |*|00|Configuration file "0004f28e753d_reg.cfg" SHA1 digest: 7E63CFD5F422BEBCC86CD16C342AE4B6E9B05396
000605.376|so   |*|00|Configuration file "provisioner.cfg" SHA1 digest: 51080CD89DA743106AF5139272C6860F0465BE9D
000605.376|so   |*|00|Configuration file "sip.cfg" SHA1 digest: 61E9E5B0C980DD02F7779E45AD0FA925D7E6552F
000605.376|so   |*|00|Configuration file "features.cfg" SHA1 digest: C581BA279B236C29DF1CFC79741E3FAED2E8A230
000605.376|cfg  |4|00|Prm|Configuration file(s) statistics: 1 parameters were invalid and could not be interpreted.
000605.376|cfg  |4|00|Prm|Configuration file(s) statistics: 1 parameter values were used but were out of range. 5 were invalid and ignored.
000605.378|log  |*|00|Log render level set to 1
000605.383|pcap |*|00|On-Phone Packet Capture disabled
000605.383|srtp |*|00|Initial log entry. Current logging level 4
000605.384|cfg  |5|00|Prm|Parameter 0 is out of range
000605.388|res  |*|00|Initial log entry. Current logging level 4
000605.388|httpa|*|00|Initial log entry. Current logging level 4
000605.388|lldp |*|00|Initial log entry. Current logging level 4
000605.388|cdp  |*|00|Initial log entry. Current logging level 4
000605.389|pcd  |*|00|Initial log entry. Current logging level 4
000605.406|tickt|*|00|Initial log entry. Current logging level 4
000605.406|loc  |*|00|Initial log entry. Current logging level 4
000605.412|ssps |*|00|Initial log entry. Current logging level 4
000605.414|ssps |5|00|Allocated 36992 bytes for SspsHdiMemBase=0xe77c38
000605.414|ssps |4|00|sspsDspLoad: found Maroo 23.
000605.438|utilm|4|00|uBLFUnCompressed: File /ffs0/Config/Local/WebTicket/0/sip.usr doesn't exist or is empty
000605.443|tickt|4|00|soWebTicketCertMove: Could not copy key to new uiSlot
000605.444|tickt|4|00|soWebTicketCertMove: Could not copy cert to new uiSlot
000605.445|tickt|4|00|soWebTicketCertMove: Could not copy SIP user to new uiSlot
000605.446|tickt|4|00|soWebTicketCertMove: Could not copy SIP uuid to new uiSlot
000605.447|tickt|4|00|soWebTicketCertMove: Could not copy server to new uiSlot
000605.653|so   |*|00|System Info Reports:
000605.653|so   |*|00|  Cpu is ARMv6-compatible processor rev 7 (v6l), ID: 0x111700b0, running at 300MHz.
000605.653|so   |*|00|  Board is identified as PolycomVVX-VVX_300.
000605.653|so   |*|00|  DRAM_SIZE: 128 MB
000605.653|so   |*|00|  NAND flash detected is 20
000605.653|key  |*|00|Initial log entry. Current logging level 4
000605.683|httpd|*|00|Initial log entry. Current logging level 4
000605.684|poll |*|00|Initial log entry. Current logging level 4
000605.684|push |*|00|Initial log entry. Current logging level 4
000605.685|poll |*|00|Initial log entry. Current logging level 4
000605.685|poll |*|00|Initial log entry. Current logging level 4
000605.686|ht   |*|00|Initial log entry. Current logging level 4
000605.687|dbuf |*|00|Initial log entry. Current logging level 4
000605.689|ssps |*|00|sspsMain: Set HDI mem to be 0, was 0
000605.693|ssps |*|00|Application, comp. 1: Label=PolyDSP Vino BCM11193 Mem1 FS1, Version=8.4.1.2003 26-Nov-2014 14:26
000605.694|ssps |*|00|Application, comp. 1: P/N=3150-11580-841.
000605.694|ice  |*|00|Initial log entry. Current logging level 4
000605.694|pps  |*|00|Initial log entry. Current logging level 4
000605.695|sip  |*|00|Initial log entry. Current logging level 4
000605.695|sipt |*|00|Initial log entry. Current logging level 4
000605.695|sipp |*|00|Initial log entry. Current logging level 4
000605.697|ptt  |*|00|Initial log entry. Current logging level 4
000605.699|xmpp |*|00|Initial log entry. Current logging level 4
000605.700|btoe |*|00|Initial log entry. Current logging level 4
000605.704|btoe |5|00|PpsBtoeC::ppsProcMsg thread launched
000606.562|pwrsv|*|00|Initial log entry. Current logging level 4
000606.595|so   |*|00|Using TCP IP Media Port, configured initial RTP port 2222
000606.626|sshc |*|00|Initial log entry. Current logging level 4
000606.626|gbLoc|*|00|Initial log entry. Current logging level 4
000606.626|app1 |*|00|Initial log entry. Current logging level 4
000606.646|btoe |5|00|PpsBtoeC Callback is set
000606.683|app1 |*|00|AppPhoneC::AppPhoneC() Number Of Line Keys = 48
000606.683|app1 |*|00|AppPhoneC::AppPhoneC() - new AppRegLineC, szUser = user_d1v3de
000606.723|app1 |*|00|AppPhoneC::AppPhoneC() - new AppRegLineC, szUser = cc
000606.847|ldap |*|00|Initial log entry. Current logging level 4
000607.051|efk  |*|00|Initial log entry. Current logging level 4
000607.093|cmp  |*|00|Initial log entry. Current logging level 4
000607.094|wmgr |*|00|Initial log entry. Current logging level 4
000607.107|slog |*|00|Initial log entry. Current logging level 4
000607.149|so   |4|00|SoKeyC::procMsg unexpected message 4099
000607.196|so   |*|00|Network initialized. Starting network tasks.
000607.196|log  |*|00|Install file upload callback for 'so'

0421150045|pgui |*|00|Qt Mouse driver created.
0421150046|em   |*|00|Initial log entry. Current logging level 4
0421150046|dbs  |*|00|Initial log entry. Current logging level 4
0421150046|osd  |*|00|Initial log entry. Current logging level 4
0421150047|clist|*|00|Initial log entry. Current logging level 4
0421150047|clist|4|00|dbCfg::getServerDir:Unknown dbCfg type
0421150047|clist|4|00|dbCfg::getServerDir:Unknown dbCfg type
0421150047|clist|4|00|dbCfg::getServerDir:Unknown dbCfg type
0421150047|clist|4|00|dbCfg::getServerDir:Unknown dbCfg type
0421150048|clist|4|00|dbXML::createEntry:name=<bb> func=<0x1afd08><0x1afcb8>- invalid or already exist
0421150048|app1 |5|00|[AppHybridC]: APP IS COMPLETELY INTIALIZED.
0421150048|sip  |*|00|Sip Register Usr:user_d1v3de Dsp:8727 Auth:'user_d1v3de' Inx:0
0421150048|app1 |4|00|Corporate directory instance does not exists.
0421150048|clist|4|00|dbCfg::getServerDir:Unknown dbCfg type
0421150048|clist|4|00|dbCfg::getServerDir:Unknown dbCfg type
0421150048|moh  |*|00|Initial log entry. Current logging level 4
0421150048|moh  |4|00|SoNcasMohC::soNcasmohCfgInit: File provisioning for Moh is defined only for Lync Profile adn if Moh feature is enabled
0421150048|sip  |*|00|Fast Boot Measurement Point: Ready for Call, uptime: 395.123 sec.
0421150048|sip  |*|00|Sip Register Usr:cc Dsp:americo Auth:'cc' Inx:1
0421150049|sip  |4|00|Registration failed User: cc, Error Code:403 Forbidden
0421150054|brow |*|00|Initial log entry. Current logging level 4
0421182550|ares |4|00|aresDnsLookup: select time-out 1 on SRV lookup for '_sip._udp.fmoffice.fullymanaged.sip.voxter.com' after 0 sec
0421182550|ares |4|00|aresDnsLookup: select time-out 2 on SRV lookup for '_sip._udp.fmoffice.fullymanaged.sip.voxter.com' after 0 sec
0421182550|ares |4|00|aresDnsLookup: select time-out 3 on SRV lookup for '_sip._udp.fmoffice.fullymanaged.sip.voxter.com' after 0 sec
0421182550|ares |4|00|aresDnsLookup: select time-out 4 on SRV lookup for '_sip._udp.fmoffice.fullymanaged.sip.voxter.com' after 0 sec
0421182550|ares |4|00|aresDnsLookup: select time-out 5 on SRV lookup for '_sip._udp.fmoffice.fullymanaged.sip.voxter.com' after 0 sec
0421182552|ares |4|00|aresDnsLookup: select time-out 6 on SRV lookup for '_sip._udp.fmoffice.fullymanaged.sip.voxter.com' after 0 sec
0421182554|ares |4|00|aresDnsLookup: select time-out 7 on SRV lookup for '_sip._udp.fmoffice.fullymanaged.sip.voxter.com' after 0 sec
0421182554|ares |4|00|aresDnsLookup: select time-out 8 on SRV lookup for '_sip._udp.fmoffice.fullymanaged.sip.voxter.com' after 0 sec
0421182556|ares |4|00|aresDnsLookup: select time-out 9 on SRV lookup for '_sip._udp.fmoffice.fullymanaged.sip.voxter.com' after 0 sec
0421182556|ares |4|00|aresDnsLookup: select time-out 10 on SRV lookup for '_sip._udp.fmoffice.fullymanaged.sip.voxter.com' after 0 sec
0421182558|ares |4|00|aresDnsLookup: select time-out 11 on SRV lookup for '_sip._udp.fmoffice.fullymanaged.sip.voxter.com' after 0 sec
0421182558|ares |4|00|aresDnsLookup: select time-out 12 on SRV lookup for '_sip._udp.fmoffice.fullymanaged.sip.voxter.com' after 0 sec
0421182558|dns  |4|00|DNS server(s) unresponsive due to query timeout after 9 sec (Threshold = 5)
0421182558|sip  |4|00|doDnsListLookup(udp): doDnsSrvLookupForARecordList 'fmoffice.fullymanaged.sip.voxter.com' found no records
0421182558|sip  |4|00|Registration failed User: user_d1v3de, Error Code:480 Temporarily not available
0421182621|dns  |4|00|DNS(NAPTR) query now allowed after unresponsive for 22 (of 10) sec
0421183647|clist|4|00|dbIO::processResult:copy error
000017.552|log  |*|00|---------- Initial log entry ----------
000017.162|rdisk|*|00|Initial log entry. Current logging level 4
000017.167|rdisk|*|00|RAM disk created and mounted at "/rfs0"
000017.169|rdisk|*|00|RAM disk created, size: 16,777,216 bytes
000017.535|so   |*|00|Platform: Model=VVX 300, Assembly=3111-46135-002 Rev=A Region=0
000017.535|so   |*|00|Platform: Interface    eth0 MAC=0004f28e753d
000017.537|so   |*|00|Platform: BootBlock=3.0.4.0028 (46135-002) 30-Jan-13 18:00
000017.539|so   |*|00|Platform: BootL1=1.0.0.0009 (46135-002) 11-Jan-13 14:23
000017.547|so   |*|00|Platform: Updater=5.5.0.13251 24-Mar-15 03:06
000017.547|so   |*|00|Application, main: Label=SIP, Version=Congo 5.3.0.12074 24-Mar-15 02:31
000017.547|so   |*|00|Application, main: P/N=3150-11530-530
000017.547|rdisk|*|00|RAM disk created, size: 16,777,216 bytes
000017.551|ocsp |*|00|O.C.S.P. Enabled = 0
000017.620|tls  |*|00|Initial log entry. Current logging level 4
000017.670|pmt  |*|00|Initial log entry. Current logging level 4
000017.686|wdog |*|00|Initial log entry. Current logging level 4
000017.686|ethf |*|00|Initial log entry. Current logging level 4
000017.687|hw   |*|00|Initial log entry. Current logging level 4
000017.691|ares |*|00|Initial log entry. Current logging level 4
000017.695|dns  |*|00|Initial log entry. Current logging level 4
000017.695|cfg  |*|00|Initial log entry. Current logging level 4
000017.695|cfg  |*|00|Prm|cfgParamBaseProfileUpdate: Using Base Profile Generic
000017.710|dot1x|*|00|Initial log entry. Current logging level 4
000017.907|lic  |*|00|Initial log entry. Current logging level 4
000017.925|lic  |5|00|cfgCfsFlashKeyScratchLoad: could not load flash len 976
000017.925|lic  |*|00|License expiry check in 14436 seconds
000018.055|curl |*|00|Initial log entry. Current logging level 4
000018.055|utilm|*|00|Initial log entry. Current logging level 4
000018.057|copy |*|00|Initial log entry. Current logging level 4
000018.059|rtos |*|00|Initial log entry. Current logging level 4
000018.061|sec  |*|00|Initial log entry. Current logging level 4
000018.089|so   |*|00|Configuration files: 0004f28e753d_reg.cfg, provisioner.cfg, sip.cfg, features.cfg
000018.089|so   |*|00|Configuration file "0004f28e753d_reg.cfg" SHA1 digest: 7E63CFD5F422BEBCC86CD16C342AE4B6E9B05396
000018.089|so   |*|00|Configuration file "provisioner.cfg" SHA1 digest: 51080CD89DA743106AF5139272C6860F0465BE9D
000018.089|so   |*|00|Configuration file "sip.cfg" SHA1 digest: 61E9E5B0C980DD02F7779E45AD0FA925D7E6552F
000018.089|so   |*|00|Configuration file "features.cfg" SHA1 digest: C581BA279B236C29DF1CFC79741E3FAED2E8A230
000018.090|cfg  |4|00|Prm|Configuration file(s) statistics: 1 parameters were invalid and could not be interpreted.
000018.090|cfg  |4|00|Prm|Configuration file(s) statistics: 1 parameter values were used but were out of range. 5 were invalid and ignored.
000018.105|log  |*|00|Log render level set to 1
000018.111|pcap |*|00|On-Phone Packet Capture disabled
000018.116|srtp |*|00|Initial log entry. Current logging level 4
000018.129|cfg  |5|00|Prm|Parameter 0 is out of range
000018.139|res  |*|00|Initial log entry. Current logging level 4
000018.144|httpa|*|00|Initial log entry. Current logging level 4
000018.145|lldp |*|00|Initial log entry. Current logging level 4
000018.145|cdp  |*|00|Initial log entry. Current logging level 4
000018.148|pcd  |*|00|Initial log entry. Current logging level 4
000018.185|tickt|*|00|Initial log entry. Current logging level 4
000018.187|loc  |*|00|Initial log entry. Current logging level 4
000018.199|utilm|4|00|uBLFUnCompressed: File /ffs0/Config/Local/WebTicket/0/sip.usr doesn't exist or is empty
000018.209|tickt|4|00|soWebTicketCertMove: Could not copy key to new uiSlot
000018.210|tickt|4|00|soWebTicketCertMove: Could not copy cert to new uiSlot
000018.211|tickt|4|00|soWebTicketCertMove: Could not copy SIP user to new uiSlot
000018.212|tickt|4|00|soWebTicketCertMove: Could not copy SIP uuid to new uiSlot
000018.213|tickt|4|00|soWebTicketCertMove: Could not copy NTLM user to new uiSlot
000018.214|tickt|4|00|soWebTicketCertMove: Could not copy NTLM domain to new uiSlot
000018.215|tickt|4|00|soWebTicketCertMove: Could not copy SIP password to new uiSlot
000018.216|tickt|4|00|soWebTicketCertMove: Could not copy server to new uiSlot
000018.230|ssps |*|00|Initial log entry. Current logging level 4
000018.242|ssps |5|00|Allocated 36992 bytes for SspsHdiMemBase=0x41a00c20
000018.246|ssps |4|00|sspsDspLoad: found Maroo 23.
000018.699|so   |*|00|System Info Reports:
000018.699|so   |*|00|  Cpu is ARMv6-compatible processor rev 7 (v6l), ID: 0x111700b0, running at 300MHz.
000018.700|so   |*|00|  Board is identified as PolycomVVX-VVX_300.
000018.700|so   |*|00|  DRAM_SIZE: 128 MB
000018.700|so   |*|00|  NAND flash detected is 20
000018.701|key  |*|00|Initial log entry. Current logging level 4
000018.747|httpd|*|00|Initial log entry. Current logging level 4
000018.747|poll |*|00|Initial log entry. Current logging level 4
000018.750|push |*|00|Initial log entry. Current logging level 4
000018.751|poll |*|00|Initial log entry. Current logging level 4
000018.754|poll |*|00|Initial log entry. Current logging level 4
000018.760|ht   |*|00|Initial log entry. Current logging level 4
000018.764|dbuf |*|00|Initial log entry. Current logging level 4
000018.770|ssps |*|00|sspsMain: Set HDI mem to be 0, was 0
000018.789|ice  |*|00|Initial log entry. Current logging level 4
000018.793|pps  |*|00|Initial log entry. Current logging level 4
000018.795|sip  |*|00|Initial log entry. Current logging level 4
000018.797|sipt |*|00|Initial log entry. Current logging level 4
000018.797|sipp |*|00|Initial log entry. Current logging level 4
000018.803|ssps |*|00|Application, comp. 1: Label=PolyDSP Vino BCM11193 Mem1 FS1, Version=8.4.1.2003 26-Nov-2014 14:26
000018.803|ssps |*|00|Application, comp. 1: P/N=3150-11580-841.
000018.807|ptt  |*|00|Initial log entry. Current logging level 4
000018.813|xmpp |*|00|Initial log entry. Current logging level 4
000018.822|btoe |*|00|Initial log entry. Current logging level 4
000018.832|btoe |5|00|PpsBtoeC::ppsProcMsg thread launched
000019.734|pwrsv|*|00|Initial log entry. Current logging level 4
000019.770|so   |*|00|Using TCP IP Media Port, configured initial RTP port 2222
000019.854|sshc |*|00|Initial log entry. Current logging level 4
000019.854|gbLoc|*|00|Initial log entry. Current logging level 4
000019.860|app1 |*|00|Initial log entry. Current logging level 4
000019.912|btoe |5|00|PpsBtoeC Callback is set
000019.958|app1 |*|00|AppPhoneC::AppPhoneC() Number Of Line Keys = 48
000019.958|app1 |*|00|AppPhoneC::AppPhoneC() - new AppRegLineC, szUser = user_d1v3de
000019.976|app1 |*|00|AppPhoneC::AppPhoneC() - new AppRegLineC, szUser = cc
000020.114|ldap |*|00|Initial log entry. Current logging level 4
000020.366|efk  |*|00|Initial log entry. Current logging level 4
000020.503|cmp  |*|00|Initial log entry. Current logging level 4
000020.507|wmgr |*|00|Initial log entry. Current logging level 4
000020.528|slog |*|00|Initial log entry. Current logging level 4
000020.619|so   |4|00|SoKeyC::procMsg unexpected message 4099
000024.420|dhcpc|*|00|Initial log entry. Current logging level 4
000025.520|pgui |*|00|Initial log entry. Current logging level 4
000027.820|cfg  |*|00|RT|   Phone IP address is 10.2.0.247.
000027.820|cfg  |*|00|RT|   Subnet mask is 255.255.255.0.
000027.821|cfg  |*|00|RT|   Gateway address is 10.2.0.1.
000027.821|cfg  |*|00|RT|   DNS server is 8.8.8.8.
000027.821|cfg  |*|00|RT|   DNS alternate server is 8.8.4.4.
000027.821|cfg  |*|00|RT|   GMT offset is -28800 seconds.
000027.824|dns  |*|00|DNS resolver servers are '8.8.8.8' '8.8.4.4'
000027.824|dns  |*|00|DNS resolver search domain is ''
000027.826|cfg  |*|00|RT|Primary IP: 10.2.0.247 subnet mask 255.255.255.0
000027.891|so   |*|00|Network initialized. Starting network tasks.
000027.893|log  |*|00|Install file upload callback for 'so'

0421184010|ares |4|00|aresDnsLookup: select time-out 1 on A lookup for 'pool.ntp.org' after 0 sec
0421184010|ares |4|00|aresDnsLookup: select time-out 2 on A lookup for 'pool.ntp.org' after 0 sec
0421184034|pgui |*|00|Qt Mouse driver created.
0421184036|em   |*|00|Initial log entry. Current logging level 4
0421184036|dbs  |*|00|Initial log entry. Current logging level 4
0421184036|osd  |*|00|Initial log entry. Current logging level 4
0421184036|clist|*|00|Initial log entry. Current logging level 4
0421184037|clist|4|00|dbCfg::getServerDir:Unknown dbCfg type
0421184037|clist|4|00|dbCfg::getServerDir:Unknown dbCfg type
0421184037|clist|4|00|dbCfg::getServerDir:Unknown dbCfg type
0421184037|clist|4|00|dbCfg::getServerDir:Unknown dbCfg type
0421184039|app1 |5|00|[AppHybridC]: APP IS COMPLETELY INTIALIZED.
0421184039|sip  |*|00|Sip Register Usr:user_d1v3de Dsp:8727 Auth:'user_d1v3de' Inx:0
0421184039|app1 |4|00|Corporate directory instance does not exists.
0421184039|clist|4|00|dbCfg::getServerDir:Unknown dbCfg type
0421184039|clist|4|00|dbCfg::getServerDir:Unknown dbCfg type
0421184039|moh  |*|00|Initial log entry. Current logging level 4
0421184039|moh  |4|00|SoNcasMohC::soNcasmohCfgInit: File provisioning for Moh is defined only for Lync Profile adn if Moh feature is enabled
0421184039|cfg  |*|00|Prov|Starting to update 3111-46135-002.sip.ld
0421184040|sip  |*|00|Fast Boot Measurement Point: Ready for Call, uptime: 63.863 sec.
0421184040|sip  |*|00|Sip Register Usr:cc Dsp:americo Auth:'cc' Inx:1
0421184040|clist|4|00|dbXML::createEntry:name=<bb> func=<0x1afd08><0x1afcb8>- invalid or already exist
0421184040|sip  |4|00|Registration failed User: cc, Error Code:403 Forbidden
0421184043|brow |*|00|Initial log entry. Current logging level 4
0421184047|copy |*|00|Server 'p.voxter.com' said 'overrides/0004f28e753d-web.cfg' is not present
0421184047|copy |*|00|Server 'p.voxter.com' said 'licenses/000000000000-license.cfg' is not present
0421184047|copy |*|00|Server 'p.voxter.com' said 'licenses/0004f28e753d-license.cfg' is not present
0421184047|cfg  |*|00|Prm|0004f28e753d_reg.cfg: Value "" for configuration parameter reg.1.server.2.port is invalid, ignoring
0421184047|cfg  |*|00|Prm|0004f28e753d_reg.cfg: Value "" for configuration parameter reg.1.outboundProxy.port is invalid, ignoring
0421184047|cfg  |*|00|Prm|0004f28e753d_reg.cfg: Value "" for configuration parameter reg.1.lineKeys is invalid, ignoring
0421184047|cfg  |4|00|Prm|provisioner.cfg: Unknown parameter "sec.tagSerialNo.set" found, ignoring.
0421184047|cfg  |*|00|Prm|features.cfg: Value 9999 for configuration parameter dir.local.contacts.maxNum is too large, using 500, the maximum allowed
0421184047|cfg  |*|00|Prov|Setting device parameters from configuration files.
0421184047|cfg  |4|00|RT|cfgFlashUpdateFromConfig: Failed to update SerialConfig
0421184047|cfg  |*|00|Prov|Finished updating configuration
BLFUnCompressed: File /ffs0/Config/Local/WebTicket/0/sip.usr doesn't exist or is empty
000605.443|tickt|4|00|soWebTicketCertMove: Could not copy key to new uiSlot
000605.444|tickt|4|00|soWebTicketCertMove: Could not copy cert to new uiSlot
000605.445|tickt|4|00|soWebTicketCertMove: Could not copy SIP user to new uiSlot
000605.446|tickt|4|00|soWebTicketCertMove: Could not copy SIP uuid to new uiSlot
000605.447|tickt|4|00|soWebTicketCertMove: Could not copy server to new uiSlot
000605.653|so   |*|00|System Info Reports:
000605.653|so   |*|00|  Cpu is ARMv6-compatible processor rev 7 (v6l), ID: 0x111700b0, running at 300MHz.
000605.653|so   |*|00|  Board is identified as PolycomVVX-VVX_300.
000605.653|so   |*|00|  DRAM_SIZE: 128 MB
000605.653|so   |*|00|  NAND flash detected is 20
000605.653|key  |*|00|Initial log entry. Current logging level 4
000605.683|httpd|*|00|Initial log entry. Current logging level 4
000605.684|poll |*|00|Initial log entry. Current logging level 4
000605.684|push |*|00|Initial log entry. Current logging level 4
000605.685|poll |*|00|Initial log entry. Current logging level 4
000605.685|poll |*|00|Initial log entry. Current logging level 4
000605.686|ht   |*|00|Initial log entry. Current logging level 4
000605.687|dbuf |*|00|Initial log entry. Current logging level 4
000605.689|ssps |*|00|sspsMain: Set HDI mem to be 0, was 0
000605.693|ssps |*|00|Application, comp. 1: Label=PolyDSP Vino BCM11193 Mem1 FS1, Version=8.4.1.2003 26-Nov-2014 14:26
000605.694|ssps |*|00|Application, comp. 1: P/N=3150-11580-841.
000605.694|ice  |*|00|Initial log entry. Current logging level 4
000605.694|pps  |*|00|Initial log entry. Current logging level 4
000605.695|sip  |*|00|Initial log entry. Current logging level 4
000605.695|sipt |*|00|Initial log entry. Current logging level 4
000605.695|sipp |*|00|Initial log entry. Current logging level 4
000605.697|ptt  |*|00|Initial log entry. Current logging level 4
000605.699|xmpp |*|00|Initial log entry. Current logging level 4
000605.700|btoe |*|00|Initial log entry. Current logging level 4
000605.704|btoe |5|00|PpsBtoeC::ppsProcMsg thread launched
000606.562|pwrsv|*|00|Initial log entry. Current logging level 4
000606.595|so   |*|00|Using TCP IP Media Port, configured initial RTP port 2222
000606.626|sshc |*|00|Initial log entry. Current logging level 4
000606.626|gbLoc|*|00|Initial log entry. Current logging level 4
000606.626|app1 |*|00|Initial log entry. Current logging level 4
000606.646|btoe |5|00|PpsBtoeC Callback is set
000606.683|app1 |*|00|AppPhoneC::AppPhoneC() Number Of Line Keys = 48
000606.683|app1 |*|00|AppPhoneC::AppPhoneC() - new AppRegLineC, szUser = user_d1v3de
000606.723|app1 |*|00|AppPhoneC::AppPhoneC() - new AppRegLineC, szUser = cc
000606.847|ldap |*|00|Initial log entry. Current logging level 4
000607.051|efk  |*|00|Initial log entry. Current logging level 4
000607.093|cmp  |*|00|Initial log entry. Current logging level 4
000607.094|wmgr |*|00|Initial log entry. Current logging level 4
000607.107|slog |*|00|Initial log entry. Current logging level 4
000607.149|so   |4|00|SoKeyC::procMsg unexpected message 4099
000607.196|so   |*|00|Network initialized. Starting network tasks.
000607.196|log  |*|00|Install file upload callback for 'so'

0421150045|pgui |*|00|Qt Mouse driver created.
0421150046|em   |*|00|Initial log entry. Current logging level 4
0421150046|dbs  |*|00|Initial log entry. Current logging level 4
0421150046|osd  |*|00|Initial log entry. Current logging level 4
0421150047|clist|*|00|Initial log entry. Current logging level 4
0421150047|clist|4|00|dbCfg::getServerDir:Unknown dbCfg type
0421150047|clist|4|00|dbCfg::getServerDir:Unknown dbCfg type
0421150047|clist|4|00|dbCfg::getServerDir:Unknown dbCfg type
0421150047|clist|4|00|dbCfg::getServerDir:Unknown dbCfg type
0421150048|clist|4|00|dbXML::createEntry:name=<bb> func=<0x1afd08><0x1afcb8>- invalid or already exist
0421150048|app1 |5|00|[AppHybridC]: APP IS COMPLETELY INTIALIZED.
0421150048|sip  |*|00|Sip Register Usr:user_d1v3de Dsp:8727 Auth:'user_d1v3de' Inx:0
0421150048|app1 |4|00|Corporate directory instance does not exists.
0421150048|clist|4|00|dbCfg::getServerDir:Unknown dbCfg type
0421150048|clist|4|00|dbCfg::getServerDir:Unknown dbCfg type
0421150048|moh  |*|00|Initial log entry. Current logging level 4
0421150048|moh  |4|00|SoNcasMohC::soNcasmohCfgInit: File provisioning for Moh is defined only for Lync Profile adn if Moh feature is enabled
0421150048|sip  |*|00|Fast Boot Measurement Point: Ready for Call, uptime: 395.123 sec.
0421150048|sip  |*|00|Sip Register Usr:cc Dsp:americo Auth:'cc' Inx:1
0421150049|sip  |4|00|Registration failed User: cc, Error Code:403 Forbidden
0421150054|brow |*|00|Initial log entry. Current logging level 4
0421182550|ares |4|00|aresDnsLookup: select time-out 1 on SRV lookup for '_sip._udp.fmoffice.fullymanaged.sip.voxter.com' after 0 sec
0421182550|ares |4|00|aresDnsLookup: select time-out 2 on SRV lookup for '_sip._udp.fmoffice.fullymanaged.sip.voxter.com' after 0 sec
0421182550|ares |4|00|aresDnsLookup: select time-out 3 on SRV lookup for '_sip._udp.fmoffice.fullymanaged.sip.voxter.com' after 0 sec
0421182550|ares |4|00|aresDnsLookup: select time-out 4 on SRV lookup for '_sip._udp.fmoffice.fullymanaged.sip.voxter.com' after 0 sec
0421182550|ares |4|00|aresDnsLookup: select time-out 5 on SRV lookup for '_sip._udp.fmoffice.fullymanaged.sip.voxter.com' after 0 sec
0421182552|ares |4|00|aresDnsLookup: select time-out 6 on SRV lookup for '_sip._udp.fmoffice.fullymanaged.sip.voxter.com' after 0 sec
0421182554|ares |4|00|aresDnsLookup: select time-out 7 on SRV lookup for '_sip._udp.fmoffice.fullymanaged.sip.voxter.com' after 0 sec
0421182554|ares |4|00|aresDnsLookup: select time-out 8 on SRV lookup for '_sip._udp.fmoffice.fullymanaged.sip.voxter.com' after 0 sec
0421182556|ares |4|00|aresDnsLookup: select time-out 9 on SRV lookup for '_sip._udp.fmoffice.fullymanaged.sip.voxter.com' after 0 sec
0421182556|ares |4|00|aresDnsLookup: select time-out 10 on SRV lookup for '_sip._udp.fmoffice.fullymanaged.sip.voxter.com' after 0 sec
0421182558|ares |4|00|aresDnsLookup: select time-out 11 on SRV lookup for '_sip._udp.fmoffice.fullymanaged.sip.voxter.com' after 0 sec
0421182558|ares |4|00|aresDnsLookup: select time-out 12 on SRV lookup for '_sip._udp.fmoffice.fullymanaged.sip.voxter.com' after 0 sec
0421182558|dns  |4|00|DNS server(s) unresponsive due to query timeout after 9 sec (Threshold = 5)
0421182558|sip  |4|00|doDnsListLookup(udp): doDnsSrvLookupForARecordList 'fmoffice.fullymanaged.sip.voxter.com' found no records
0421182558|sip  |4|00|Registration failed User: user_d1v3de, Error Code:480 Temporarily not available
0421182621|dns  |4|00|DNS(NAPTR) query now allowed after unresponsive for 22 (of 10) sec
0421183647|clist|4|00|dbIO::processResult:copy error
000017.552|log  |*|00|---------- Initial log entry ----------
000017.162|rdisk|*|00|Initial log entry. Current logging level 4
000017.167|rdisk|*|00|RAM disk created and mounted at "/rfs0"
000017.169|rdisk|*|00|RAM disk created, size: 16,777,216 bytes
000017.535|so   |*|00|Platform: Model=VVX 300, Assembly=3111-46135-002 Rev=A Region=0
000017.535|so   |*|00|Platform: Interface    eth0 MAC=0004f28e753d
000017.537|so   |*|00|Platform: BootBlock=3.0.4.0028 (46135-002) 30-Jan-13 18:00
000017.539|so   |*|00|Platform: BootL1=1.0.0.0009 (46135-002) 11-Jan-13 14:23
000017.547|so   |*|00|Platform: Updater=5.5.0.13251 24-Mar-15 03:06
000017.547|so   |*|00|Application, main: Label=SIP, Version=Congo 5.3.0.12074 24-Mar-15 02:31
000017.547|so   |*|00|Application, main: P/N=3150-11530-530
000017.547|rdisk|*|00|RAM disk created, size: 16,777,216 bytes
000017.551|ocsp |*|00|O.C.S.P. Enabled = 0
000017.620|tls  |*|00|Initial log entry. Current logging level 4
000017.670|pmt  |*|00|Initial log entry. Current logging level 4
000017.686|wdog |*|00|Initial log entry. Current logging level 4
000017.686|ethf |*|00|Initial log entry. Current logging level 4
000017.687|hw   |*|00|Initial log entry. Current logging level 4
000017.691|ares |*|00|Initial log entry. Current logging level 4
000017.695|dns  |*|00|Initial log entry. Current logging level 4
000017.695|cfg  |*|00|Initial log entry. Current logging level 4
000017.695|cfg  |*|00|Prm|cfgParamBaseProfileUpdate: Using Base Profile Generic
000017.710|dot1x|*|00|Initial log entry. Current logging level 4
000017.907|lic  |*|00|Initial log entry. Current logging level 4
000017.925|lic  |5|00|cfgCfsFlashKeyScratchLoad: could not load flash len 976
000017.925|lic  |*|00|License expiry check in 14436 seconds
000018.055|curl |*|00|Initial log entry. Current logging level 4
000018.055|utilm|*|00|Initial log entry. Current logging level 4
000018.057|copy |*|00|Initial log entry. Current logging level 4
000018.059|rtos |*|00|Initial log entry. Current logging level 4
000018.061|sec  |*|00|Initial log entry. Current logging level 4
000018.089|so   |*|00|Configuration files: 0004f28e753d_reg.cfg, provisioner.cfg, sip.cfg, features.cfg
000018.089|so   |*|00|Configuration file "0004f28e753d_reg.cfg" SHA1 digest: 7E63CFD5F422BEBCC86CD16C342AE4B6E9B05396
000018.089|so   |*|00|Configuration file "provisioner.cfg" SHA1 digest: 51080CD89DA743106AF5139272C6860F0465BE9D
000018.089|so   |*|00|Configuration file "sip.cfg" SHA1 digest: 61E9E5B0C980DD02F7779E45AD0FA925D7E6552F
000018.089|so   |*|00|Configuration file "features.cfg" SHA1 digest: C581BA279B236C29DF1CFC79741E3FAED2E8A230
000018.090|cfg  |4|00|Prm|Configuration file(s) statistics: 1 parameters were invalid and could not be interpreted.
000018.090|cfg  |4|00|Prm|Configuration file(s) statistics: 1 parameter values were used but were out of range. 5 were invalid and ignored.
000018.105|log  |*|00|Log render level set to 1
000018.111|pcap |*|00|On-Phone Packet Capture disabled
000018.116|srtp |*|00|Initial log entry. Current logging level 4
000018.129|cfg  |5|00|Prm|Parameter 0 is out of range
000018.139|res  |*|00|Initial log entry. Current logging level 4
000018.144|httpa|*|00|Initial log entry. Current logging level 4
000018.145|lldp |*|00|Initial log entry. Current logging level 4
000018.145|cdp  |*|00|Initial log entry. Current logging level 4
000018.148|pcd  |*|00|Initial log entry. Current logging level 4
000018.185|tickt|*|00|Initial log entry. Current logging level 4
000018.187|loc  |*|00|Initial log entry. Current logging level 4
000018.199|utilm|4|00|uBLFUnCompressed: File /ffs0/Config/Local/WebTicket/0/sip.usr doesn't exist or is empty
000018.209|tickt|4|00|soWebTicketCertMove: Could not copy key to new uiSlot
000018.210|tickt|4|00|soWebTicketCertMove: Could not copy cert to new uiSlot
000018.211|tickt|4|00|soWebTicketCertMove: Could not copy SIP user to new uiSlot
000018.212|tickt|4|00|soWebTicketCertMove: Could not copy SIP uuid to new uiSlot
000018.213|tickt|4|00|soWebTicketCertMove: Could not copy NTLM user to new uiSlot
000018.214|tickt|4|00|soWebTicketCertMove: Could not copy NTLM domain to new uiSlot
000018.215|tickt|4|00|soWebTicketCertMove: Could not copy SIP password to new uiSlot
000018.216|tickt|4|00|soWebTicketCertMove: Could not copy server to new uiSlot
000018.230|ssps |*|00|Initial log entry. Current logging level 4
000018.242|ssps |5|00|Allocated 36992 bytes for SspsHdiMemBase=0x41a00c20
000018.246|ssps |4|00|sspsDspLoad: found Maroo 23.
000018.699|so   |*|00|System Info Reports:
000018.699|so   |*|00|  Cpu is ARMv6-compatible processor rev 7 (v6l), ID: 0x111700b0, running at 300MHz.
000018.700|so   |*|00|  Board is identified as PolycomVVX-VVX_300.
000018.700|so   |*|00|  DRAM_SIZE: 128 MB
000018.700|so   |*|00|  NAND flash detected is 20
000018.701|key  |*|00|Initial log entry. Current logging level 4
000018.747|httpd|*|00|Initial log entry. Current logging level 4
000018.747|poll |*|00|Initial log entry. Current logging level 4
000018.750|push |*|00|Initial log entry. Current logging level 4
000018.751|poll |*|00|Initial log entry. Current logging level 4
000018.754|poll |*|00|Initial log entry. Current logging level 4
000018.760|ht   |*|00|Initial log entry. Current logging level 4
000018.764|dbuf |*|00|Initial log entry. Current logging level 4
000018.770|ssps |*|00|sspsMain: Set HDI mem to be 0, was 0
000018.789|ice  |*|00|Initial log entry. Current logging level 4
000018.793|pps  |*|00|Initial log entry. Current logging level 4
000018.795|sip  |*|00|Initial log entry. Current logging level 4
000018.797|sipt |*|00|Initial log entry. Current logging level 4
000018.797|sipp |*|00|Initial log entry. Current logging level 4
000018.803|ssps |*|00|Application, comp. 1: Label=PolyDSP Vino BCM11193 Mem1 FS1, Version=8.4.1.2003 26-Nov-2014 14:26
000018.803|ssps |*|00|Application, comp. 1: P/N=3150-11580-841.
000018.807|ptt  |*|00|Initial log entry. Current logging level 4
000018.813|xmpp |*|00|Initial log entry. Current logging level 4
000018.822|btoe |*|00|Initial log entry. Current logging level 4
000018.832|btoe |5|00|PpsBtoeC::ppsProcMsg thread launched
000019.734|pwrsv|*|00|Initial log entry. Current logging level 4
000019.770|so   |*|00|Using TCP IP Media Port, configured initial RTP port 2222
000019.854|sshc |*|00|Initial log entry. Current logging level 4
000019.854|gbLoc|*|00|Initial log entry. Current logging level 4
000019.860|app1 |*|00|Initial log entry. Current logging level 4
000019.912|btoe |5|00|PpsBtoeC Callback is set
000019.958|app1 |*|00|AppPhoneC::AppPhoneC() Number Of Line Keys = 48
000019.958|app1 |*|00|AppPhoneC::AppPhoneC() - new AppRegLineC, szUser = user_d1v3de
000019.976|app1 |*|00|AppPhoneC::AppPhoneC() - new AppRegLineC, szUser = cc
000020.114|ldap |*|00|Initial log entry. Current logging level 4
000020.366|efk  |*|00|Initial log entry. Current logging level 4
000020.503|cmp  |*|00|Initial log entry. Current logging level 4
000020.507|wmgr |*|00|Initial log entry. Current logging level 4
000020.528|slog |*|00|Initial log entry. Current logging level 4
000020.619|so   |4|00|SoKeyC::procMsg unexpected message 4099
000024.420|dhcpc|*|00|Initial log entry. Current logging level 4
000025.520|pgui |*|00|Initial log entry. Current logging level 4
000027.820|cfg  |*|00|RT|   Phone IP address is 10.2.0.247.
000027.820|cfg  |*|00|RT|   Subnet mask is 255.255.255.0.
000027.821|cfg  |*|00|RT|   Gateway address is 10.2.0.1.
000027.821|cfg  |*|00|RT|   DNS server is 8.8.8.8.
000027.821|cfg  |*|00|RT|   DNS alternate server is 8.8.4.4.
000027.821|cfg  |*|00|RT|   GMT offset is -28800 seconds.
000027.824|dns  |*|00|DNS resolver servers are '8.8.8.8' '8.8.4.4'
000027.824|dns  |*|00|DNS resolver search domain is ''
000027.826|cfg  |*|00|RT|Primary IP: 10.2.0.247 subnet mask 255.255.255.0
000027.891|so   |*|00|Network initialized. Starting network tasks.
000027.893|log  |*|00|Install file upload callback for 'so'

0421184010|ares |4|00|aresDnsLookup: select time-out 1 on A lookup for 'pool.ntp.org' after 0 sec
0421184010|ares |4|00|aresDnsLookup: select time-out 2 on A lookup for 'pool.ntp.org' after 0 sec
0421184034|pgui |*|00|Qt Mouse driver created.
0421184036|em   |*|00|Initial log entry. Current logging level 4
0421184036|dbs  |*|00|Initial log entry. Current logging level 4
0421184036|osd  |*|00|Initial log entry. Current logging level 4
0421184036|clist|*|00|Initial log entry. Current logging level 4
0421184037|clist|4|00|dbCfg::getServerDir:Unknown dbCfg type
0421184037|clist|4|00|dbCfg::getServerDir:Unknown dbCfg type
0421184037|clist|4|00|dbCfg::getServerDir:Unknown dbCfg type
0421184037|clist|4|00|dbCfg::getServerDir:Unknown dbCfg type
0421184039|app1 |5|00|[AppHybridC]: APP IS COMPLETELY INTIALIZED.
0421184039|sip  |*|00|Sip Register Usr:user_d1v3de Dsp:8727 Auth:'user_d1v3de' Inx:0
0421184039|app1 |4|00|Corporate directory instance does not exists.
0421184039|clist|4|00|dbCfg::getServerDir:Unknown dbCfg type
0421184039|clist|4|00|dbCfg::getServerDir:Unknown dbCfg type
0421184039|moh  |*|00|Initial log entry. Current logging level 4
0421184039|moh  |4|00|SoNcasMohC::soNcasmohCfgInit: File provisioning for Moh is defined only for Lync Profile adn if Moh feature is enabled
0421184039|cfg  |*|00|Prov|Starting to update 3111-46135-002.sip.ld
0421184040|sip  |*|00|Fast Boot Measurement Point: Ready for Call, uptime: 63.863 sec.
0421184040|sip  |*|00|Sip Register Usr:cc Dsp:americo Auth:'cc' Inx:1
0421184040|clist|4|00|dbXML::createEntry:name=<bb> func=<0x1afd08><0x1afcb8>- invalid or already exist
0421184040|sip  |4|00|Registration failed User: cc, Error Code:403 Forbidden
0421184043|brow |*|00|Initial log entry. Current logging level 4
0421184047|copy |*|00|Server 'p.voxter.com' said 'overrides/0004f28e753d-web.cfg' is not present
0421184047|copy |*|00|Server 'p.voxter.com' said 'licenses/000000000000-license.cfg' is not present
0421184047|copy |*|00|Server 'p.voxter.com' said 'licenses/0004f28e753d-license.cfg' is not present
0421184047|cfg  |*|00|Prm|0004f28e753d_reg.cfg: Value "" for configuration parameter reg.1.server.2.port is invalid, ignoring
0421184047|cfg  |*|00|Prm|0004f28e753d_reg.cfg: Value "" for configuration parameter reg.1.outboundProxy.port is invalid, ignoring
0421184047|cfg  |*|00|Prm|0004f28e753d_reg.cfg: Value "" for configuration parameter reg.1.lineKeys is invalid, ignoring
0421184047|cfg  |4|00|Prm|provisioner.cfg: Unknown parameter "sec.tagSerialNo.set" found, ignoring.
0421184047|cfg  |*|00|Prm|features.cfg: Value 9999 for configuration parameter dir.local.contacts.maxNum is too large, using 500, the maximum allowed
0421184047|cfg  |*|00|Prov|Setting device parameters from configuration files.
0421184047|cfg  |4|00|RT|cfgFlashUpdateFromConfig: Failed to update SerialConfig
0421184047|cfg  |*|00|Prov|Finished updating configuration
0421212935|sip  |4|00|Registration failed User: cc, Error Code:480 Temporarily not available
