0421183308|cfg  |*|00|RT|   Phone IP address is 10.2.0.232.
0421183308|cfg  |*|00|RT|   Subnet mask is 255.255.255.0.
0421183308|cfg  |*|00|RT|   Gateway address is 10.2.0.1.
0421183308|cfg  |*|00|RT|Primary IP: 10.2.0.232 subnet mask 255.255.255.0
0421183308|so   |*|00|Restarting because of IP address change
0421183308|app1 |*|00|Event: Multiple Key Combo 7
0421183308|app1 |*|00|Manual Restart
0421183308|ldap |4|00|ldapXfer::start:xferStart failed cState=-1
0421183308|app1 |*|00|AppC::appReboot cDynamicData shutdown complete
0421183309|ares |4|00|aresDnsLookup: select time-out 1 on SRV lookup for '_sip._udp.fmoffice.fullymanaged.sip.voxter.com' after 0 sec
0421183310|ares |4|00|aresDnsLookup: select time-out 2 on SRV lookup for '_sip._udp.fmoffice.fullymanaged.sip.voxter.com' after 0 sec
0421183310|ares |4|00|aresDnsLookup: select time-out 3 on SRV lookup for '_sip._udp.fmoffice.fullymanaged.sip.voxter.com' after 0 sec
0421183311|ares |4|00|aresDnsLookup: select time-out 4 on SRV lookup for '_sip._udp.fmoffice.fullymanaged.sip.voxter.com' after 0 sec
0421183313|ares |4|00|aresDnsLookup: select time-out 5 on SRV lookup for '_sip._udp.fmoffice.fullymanaged.sip.voxter.com' after 0 sec
0421183316|ares |4|00|aresDnsLookup: select time-out 6 on SRV lookup for '_sip._udp.fmoffice.fullymanaged.sip.voxter.com' after 0 sec
0421183316|ares |4|00|aresDnsLookup: select time-out 7 on SRV lookup for '_sip._udp.fmoffice.fullymanaged.sip.voxter.com' after 0 sec
0421183319|ares |4|00|aresDnsLookup: select time-out 8 on SRV lookup for '_sip._udp.fmoffice.fullymanaged.sip.voxter.com' after 0 sec
0421183319|ares |4|00|aresDnsLookup: select time-out 9 on SRV lookup for '_sip._udp.fmoffice.fullymanaged.sip.voxter.com' after 0 sec
0421183319|dns  |4|00|DNS server(s) unresponsive due to query timeout after 10 sec (Threshold = 5)
0421183319|sip  |4|00|doDnsListLookup(udp): doDnsSrvLookupForARecordList 'fmoffice.fullymanaged.sip.voxter.com' found no records
0421183319|sip  |4|00|Registration failed User: 8713, Error Code:480 Temporarily not available
0421183319|so   |*|00|SoNcasC::procMsg: Client service shutdown complete
0421183324|wdog |*|00|Watchdog Expired: tApp0, 45
0421183324|log  |*|00|---------- Final log entry ----------
002723.381|log  |*|00|---------- Initial log entry ----------
002723.103|rdisk|*|00|Initial log entry. Current logging level 4
002723.105|rdisk|*|00|RAM disk created and mounted at "/rfs0"
002723.105|rdisk|*|00|RAM disk created, size: 16,777,216 bytes
002723.371|so   |*|00|Platform: Model=VVX 300, Assembly=3111-46135-002 Rev=A Region=0
002723.371|so   |*|00|Platform: Interface    eth0 MAC=0004f28e788e
002723.373|so   |*|00|Platform: BootBlock=3.0.4.0028 (46135-002) 30-Jan-13 18:00
002723.374|so   |*|00|Platform: BootL1=1.0.0.0009 (46135-002) 11-Jan-13 14:23
002723.377|so   |*|00|Platform: Updater=5.5.0.13251 24-Mar-15 03:06
002723.377|so   |*|00|Application, main: Label=SIP, Version=Congo 5.3.0.12074 24-Mar-15 02:31
002723.377|so   |*|00|Application, main: P/N=3150-11530-530
002723.377|rdisk|*|00|RAM disk created, size: 16,777,216 bytes
002723.377|ocsp |*|00|O.C.S.P. Enabled = 0
002723.435|tls  |*|00|Initial log entry. Current logging level 4
002723.483|pmt  |*|00|Initial log entry. Current logging level 4
002723.486|wdog |*|00|Initial log entry. Current logging level 4
002723.486|ethf |*|00|Initial log entry. Current logging level 4
002723.487|hw   |*|00|Initial log entry. Current logging level 4
002723.487|ares |*|00|Initial log entry. Current logging level 4
002723.488|dns  |*|00|Initial log entry. Current logging level 4
002723.488|cfg  |*|00|Initial log entry. Current logging level 4
002723.488|cfg  |*|00|Prm|cfgParamBaseProfileUpdate: Using Base Profile Generic
002723.490|dot1x|*|00|Initial log entry. Current logging level 4
002723.608|lic  |*|00|Initial log entry. Current logging level 4
002723.627|lic  |5|00|cfgCfsFlashKeyScratchLoad: could not load flash len 976
002723.627|lic  |*|00|License expiry check in 3108 seconds
002723.689|curl |*|00|Initial log entry. Current logging level 4
002723.689|utilm|*|00|Initial log entry. Current logging level 4
002723.689|copy |*|00|Initial log entry. Current logging level 4
002723.690|rtos |*|00|Initial log entry. Current logging level 4
002725.363|brow |*|00|Initial log entry. Current logging level 4
002726.667|pgui |*|00|Qt Keyboard driver created.
002726.670|pgui |4|00|Reconnected with core app, reload the keyboard
002730.155|dhcpc|*|00|Initial log entry. Current logging level 4
002733.203|cfg  |*|00|RT|   Phone IP address is 10.2.0.232.
002733.203|cfg  |*|00|RT|   Subnet mask is 255.255.255.0.
002733.203|cfg  |*|00|RT|   Gateway address is 10.2.0.1.
002733.203|cfg  |*|00|RT|   DNS server is 8.8.8.8.
002733.203|cfg  |*|00|RT|   DNS alternate server is 8.8.4.4.
002733.204|cfg  |*|00|RT|   GMT offset is -28800 seconds.
002733.205|dns  |*|00|DNS resolver servers are '8.8.8.8' '8.8.4.4'
002733.205|dns  |*|00|DNS resolver search domain is ''
002733.207|cfg  |*|00|RT|Primary IP: 10.2.0.232 subnet mask 255.255.255.0
002733.759|cfg  |*|00|Prov|Starting to update 3111-46135-002.sip.ld
002735.943|copy |*|00|Server 'p.voxter.com' said 'overrides/0004f28e788e-web.cfg' is not present
002736.007|copy |*|00|Server 'p.voxter.com' said 'licenses/000000000000-license.cfg' is not present
002736.073|copy |*|00|Server 'p.voxter.com' said 'licenses/0004f28e788e-license.cfg' is not present
002736.084|cfg  |*|00|Prm|0004f28e788e_reg.cfg: Value "" for configuration parameter reg.1.server.2.port is invalid, ignoring
002736.085|cfg  |*|00|Prm|0004f28e788e_reg.cfg: Value "" for configuration parameter reg.1.outboundProxy.port is invalid, ignoring
002736.085|cfg  |*|00|Prm|0004f28e788e_reg.cfg: Value "" for configuration parameter reg.1.lineKeys is invalid, ignoring
002736.091|cfg  |4|00|Prm|provisioner.cfg: Unknown parameter "sec.tagSerialNo.set" found, ignoring.
002736.117|cfg  |*|00|Prm|features.cfg: Value 9999 for configuration parameter dir.local.contacts.maxNum is too large, using 500, the maximum allowed
002736.151|cfg  |*|00|Prov|Setting device parameters from configuration files.
002736.153|cfg  |4|00|RT|cfgFlashUpdateFromConfig: Failed to update SerialConfig
002736.178|cfg  |*|00|Prov|Finished updating configuration
002736.178|sec  |*|00|Initial log entry. Current logging level 4
002736.181|so   |*|00|Configuration files: 0004f28e788e_reg.cfg, provisioner.cfg, sip.cfg, features.cfg
002736.181|so   |*|00|Configuration file "0004f28e788e_reg.cfg" SHA1 digest: ADB69523AB1D42E1436891145748EB3487B77A06
002736.181|so   |*|00|Configuration file "provisioner.cfg" SHA1 digest: 51080CD89DA743106AF5139272C6860F0465BE9D
002736.181|so   |*|00|Configuration file "sip.cfg" SHA1 digest: 1F2DC0D4C374C757A04C82E9B26FE36A68BB82DC
002736.181|so   |*|00|Configuration file "features.cfg" SHA1 digest: C581BA279B236C29DF1CFC79741E3FAED2E8A230
002736.181|cfg  |4|00|Prm|Configuration file(s) statistics: 1 parameters were invalid and could not be interpreted.
002736.181|cfg  |4|00|Prm|Configuration file(s) statistics: 1 parameter values were used but were out of range. 5 were invalid and ignored.
002736.184|log  |*|00|Log render level set to 1
002736.187|pcap |*|00|On-Phone Packet Capture disabled
002736.188|srtp |*|00|Initial log entry. Current logging level 4
002736.189|cfg  |5|00|Prm|Parameter 0 is out of range
002736.192|res  |*|00|Initial log entry. Current logging level 4
002736.193|httpa|*|00|Initial log entry. Current logging level 4
002736.194|lldp |*|00|Initial log entry. Current logging level 4
002736.194|cdp  |*|00|Initial log entry. Current logging level 4
002736.194|pcd  |*|00|Initial log entry. Current logging level 4
002736.205|tickt|*|00|Initial log entry. Current logging level 4
002736.206|loc  |*|00|Initial log entry. Current logging level 4
002736.210|ssps |*|00|Initial log entry. Current logging level 4
002736.212|ssps |5|00|Allocated 36992 bytes for SspsHdiMemBase=0xe7c038
002736.212|ssps |4|00|sspsDspLoad: found Maroo 23.
002736.237|utilm|4|00|uBLFUnCompressed: File /ffs0/Config/Local/WebTicket/0/sip.usr doesn't exist or is empty
002736.241|tickt|4|00|soWebTicketCertMove: Could not copy key to new uiSlot
002736.242|tickt|4|00|soWebTicketCertMove: Could not copy cert to new uiSlot
002736.243|tickt|4|00|soWebTicketCertMove: Could not copy SIP user to new uiSlot
002736.244|tickt|4|00|soWebTicketCertMove: Could not copy SIP uuid to new uiSlot
002736.245|tickt|4|00|soWebTicketCertMove: Could not copy NTLM user to new uiSlot
002736.246|tickt|4|00|soWebTicketCertMove: Could not copy NTLM domain to new uiSlot
002736.247|tickt|4|00|soWebTicketCertMove: Could not copy SIP password to new uiSlot
002736.248|tickt|4|00|soWebTicketCertMove: Could not copy server to new uiSlot
002736.444|so   |*|00|System Info Reports:
002736.444|so   |*|00|  Cpu is ARMv6-compatible processor rev 7 (v6l), ID: 0x111700b0, running at 300MHz.
002736.444|so   |*|00|  Board is identified as PolycomVVX-VVX_300.
002736.444|so   |*|00|  DRAM_SIZE: 128 MB
002736.444|so   |*|00|  NAND flash detected is 20
002736.445|key  |*|00|Initial log entry. Current logging level 4
002736.474|httpd|*|00|Initial log entry. Current logging level 4
002736.474|poll |*|00|Initial log entry. Current logging level 4
002736.475|push |*|00|Initial log entry. Current logging level 4
002736.475|poll |*|00|Initial log entry. Current logging level 4
002736.476|poll |*|00|Initial log entry. Current logging level 4
002736.476|ht   |*|00|Initial log entry. Current logging level 4
002736.477|dbuf |*|00|Initial log entry. Current logging level 4
002736.479|ssps |*|00|sspsMain: Set HDI mem to be 0, was 0
002736.483|ice  |*|00|Initial log entry. Current logging level 4
002736.484|ssps |*|00|Application, comp. 1: Label=PolyDSP Vino BCM11193 Mem1 FS1, Version=8.4.1.2003 26-Nov-2014 14:26
002736.484|ssps |*|00|Application, comp. 1: P/N=3150-11580-841.
002736.485|pps  |*|00|Initial log entry. Current logging level 4
002736.485|sip  |*|00|Initial log entry. Current logging level 4
002736.485|sipt |*|00|Initial log entry. Current logging level 4
002736.485|sipp |*|00|Initial log entry. Current logging level 4
002736.488|ptt  |*|00|Initial log entry. Current logging level 4
002736.489|xmpp |*|00|Initial log entry. Current logging level 4
002736.490|btoe |*|00|Initial log entry. Current logging level 4
002736.492|btoe |5|00|PpsBtoeC::ppsProcMsg thread launched
002737.324|pwrsv|*|00|Initial log entry. Current logging level 4
002737.356|so   |*|00|Using TCP IP Media Port, configured initial RTP port 2222
002737.385|sshc |*|00|Initial log entry. Current logging level 4
002737.385|gbLoc|*|00|Initial log entry. Current logging level 4
002737.385|app1 |*|00|Initial log entry. Current logging level 4
002737.405|btoe |5|00|PpsBtoeC Callback is set
002737.442|app1 |*|00|AppPhoneC::AppPhoneC() Number Of Line Keys = 48
002737.442|app1 |*|00|AppPhoneC::AppPhoneC() - new AppRegLineC, szUser = 8713
002737.529|ldap |*|00|Initial log entry. Current logging level 4
002737.725|efk  |*|00|Initial log entry. Current logging level 4
002737.770|cmp  |*|00|Initial log entry. Current logging level 4
002737.770|wmgr |*|00|Initial log entry. Current logging level 4
002737.775|slog |*|00|Initial log entry. Current logging level 4
002737.808|so   |4|00|SoKeyC::procMsg unexpected message 4099
002737.873|so   |*|00|Network initialized. Starting network tasks.
002737.874|log  |*|00|Install file upload callback for 'so'

002737.987|clist|*|00|Initial log entry. Current logging level 4
002738.013|clist|4|00|dbCfg::getServerDir:Unknown dbCfg type
002738.014|clist|4|00|dbCfg::getServerDir:Unknown dbCfg type
002738.026|clist|4|00|dbCfg::getServerDir:Unknown dbCfg type
002738.027|clist|4|00|dbCfg::getServerDir:Unknown dbCfg type
0421183354|clist|4|00|dbXML::createEntry:name=<bb> func=<0x1afd08><0x1afcb8>- invalid or already exist
0421183357|app1 |5|00|[AppHybridC]: APP IS COMPLETELY INTIALIZED.
0421183357|sip  |*|00|Sip Register Usr:8713 Dsp:8713 Auth:'8713' Inx:0
0421183357|app1 |4|00|Corporate directory instance does not exists.
0421183357|clist|4|00|dbCfg::getServerDir:Unknown dbCfg type
0421183357|clist|4|00|dbCfg::getServerDir:Unknown dbCfg type
0421183357|moh  |*|00|Initial log entry. Current logging level 4
0421183357|moh  |4|00|SoNcasMohC::soNcasmohCfgInit: File provisioning for Moh is defined only for Lync Profile adn if Moh feature is enabled
0421183357|sip  |*|00|Fast Boot Measurement Point: Ready for Call, uptime: 1662.689 sec.
0421183400|pgui |4|00|Unable to find token (en) from the cached table list, notification ignored
0421183400|pgui |4|00|Unable to find token (en) from the cached table list, notification ignored
0421183400|pgui |4|00|Unable to find token (en) from the cached table list, notification ignored
0421183400|pgui |4|00|Unable to find token (en) from the cached table list, notification ignored
000017.526|log  |*|00|---------- Initial log entry ----------
000017.137|rdisk|*|00|Initial log entry. Current logging level 4
000017.142|rdisk|*|00|RAM disk created and mounted at "/rfs0"
000017.144|rdisk|*|00|RAM disk created, size: 16,777,216 bytes
000017.508|so   |*|00|Platform: Model=VVX 300, Assembly=3111-46135-002 Rev=A Region=0
000017.509|so   |*|00|Platform: Interface    eth0 MAC=0004f28e788e
000017.511|so   |*|00|Platform: BootBlock=3.0.4.0028 (46135-002) 30-Jan-13 18:00
000017.512|so   |*|00|Platform: BootL1=1.0.0.0009 (46135-002) 11-Jan-13 14:23
000017.520|so   |*|00|Platform: Updater=5.5.0.13251 24-Mar-15 03:06
000017.520|so   |*|00|Application, main: Label=SIP, Version=Congo 5.3.0.12074 24-Mar-15 02:31
000017.521|so   |*|00|Application, main: P/N=3150-11530-530
000017.521|rdisk|*|00|RAM disk created, size: 16,777,216 bytes
000017.525|ocsp |*|00|O.C.S.P. Enabled = 0
000017.594|tls  |*|00|Initial log entry. Current logging level 4
000017.644|pmt  |*|00|Initial log entry. Current logging level 4
000017.660|wdog |*|00|Initial log entry. Current logging level 4
000017.661|ethf |*|00|Initial log entry. Current logging level 4
000017.662|hw   |*|00|Initial log entry. Current logging level 4
000017.665|ares |*|00|Initial log entry. Current logging level 4
000017.670|dns  |*|00|Initial log entry. Current logging level 4
000017.670|cfg  |*|00|Initial log entry. Current logging level 4
000017.670|cfg  |*|00|Prm|cfgParamBaseProfileUpdate: Using Base Profile Generic
000017.683|dot1x|*|00|Initial log entry. Current logging level 4
000017.879|lic  |*|00|Initial log entry. Current logging level 4
000017.897|lic  |5|00|cfgCfsFlashKeyScratchLoad: could not load flash len 976
000017.898|lic  |*|00|License expiry check in 1705 seconds
000018.024|curl |*|00|Initial log entry. Current logging level 4
000018.024|utilm|*|00|Initial log entry. Current logging level 4
000018.027|copy |*|00|Initial log entry. Current logging level 4
000018.028|rtos |*|00|Initial log entry. Current logging level 4
000018.030|sec  |*|00|Initial log entry. Current logging level 4
000018.055|so   |*|00|Configuration files: 0004f28e788e_reg.cfg, provisioner.cfg, sip.cfg, features.cfg
000018.055|so   |*|00|Configuration file "0004f28e788e_reg.cfg" SHA1 digest: ADB69523AB1D42E1436891145748EB3487B77A06
000018.056|so   |*|00|Configuration file "provisioner.cfg" SHA1 digest: 51080CD89DA743106AF5139272C6860F0465BE9D
000018.056|so   |*|00|Configuration file "sip.cfg" SHA1 digest: 1F2DC0D4C374C757A04C82E9B26FE36A68BB82DC
000018.056|so   |*|00|Configuration file "features.cfg" SHA1 digest: C581BA279B236C29DF1CFC79741E3FAED2E8A230
000018.056|cfg  |4|00|Prm|Configuration file(s) statistics: 1 parameters were invalid and could not be interpreted.
000018.056|cfg  |4|00|Prm|Configuration file(s) statistics: 1 parameter values were used but were out of range. 5 were invalid and ignored.
000018.072|log  |*|00|Log render level set to 1
000018.080|pcap |*|00|On-Phone Packet Capture disabled
000018.083|srtp |*|00|Initial log entry. Current logging level 4
000018.096|cfg  |5|00|Prm|Parameter 0 is out of range
000018.106|res  |*|00|Initial log entry. Current logging level 4
000018.111|httpa|*|00|Initial log entry. Current logging level 4
000018.111|lldp |*|00|Initial log entry. Current logging level 4
000018.112|cdp  |*|00|Initial log entry. Current logging level 4
000018.115|pcd  |*|00|Initial log entry. Current logging level 4
000018.155|tickt|*|00|Initial log entry. Current logging level 4
000018.158|loc  |*|00|Initial log entry. Current logging level 4
000018.165|utilm|4|00|uBLFUnCompressed: File /ffs0/Config/Local/WebTicket/0/sip.usr doesn't exist or is empty
000018.178|tickt|4|00|soWebTicketCertMove: Could not copy key to new uiSlot
000018.179|tickt|4|00|soWebTicketCertMove: Could not copy cert to new uiSlot
000018.179|tickt|4|00|soWebTicketCertMove: Could not copy SIP user to new uiSlot
000018.180|tickt|4|00|soWebTicketCertMove: Could not copy SIP uuid to new uiSlot
000018.181|tickt|4|00|soWebTicketCertMove: Could not copy NTLM user to new uiSlot
000018.182|tickt|4|00|soWebTicketCertMove: Could not copy NTLM domain to new uiSlot
000018.183|tickt|4|00|soWebTicketCertMove: Could not copy SIP password to new uiSlot
000018.184|tickt|4|00|soWebTicketCertMove: Could not copy server to new uiSlot
000018.199|ssps |*|00|Initial log entry. Current logging level 4
000018.211|ssps |5|00|Allocated 36992 bytes for SspsHdiMemBase=0xe80eb0
000018.215|ssps |4|00|sspsDspLoad: found Maroo 23.
000018.671|so   |*|00|System Info Reports:
000018.671|so   |*|00|  Cpu is ARMv6-compatible processor rev 7 (v6l), ID: 0x111700b0, running at 300MHz.
000018.671|so   |*|00|  Board is identified as PolycomVVX-VVX_300.
000018.671|so   |*|00|  DRAM_SIZE: 128 MB
000018.671|so   |*|00|  NAND flash detected is 20
000018.673|key  |*|00|Initial log entry. Current logging level 4
000018.718|httpd|*|00|Initial log entry. Current logging level 4
000018.719|poll |*|00|Initial log entry. Current logging level 4
000018.721|push |*|00|Initial log entry. Current logging level 4
000018.722|poll |*|00|Initial log entry. Current logging level 4
000018.724|poll |*|00|Initial log entry. Current logging level 4
000018.731|ht   |*|00|Initial log entry. Current logging level 4
000018.734|dbuf |*|00|Initial log entry. Current logging level 4
000018.741|ssps |*|00|sspsMain: Set HDI mem to be 0, was 0
000018.761|ssps |*|00|Application, comp. 1: Label=PolyDSP Vino BCM11193 Mem1 FS1, Version=8.4.1.2003 26-Nov-2014 14:26
000018.761|ssps |*|00|Application, comp. 1: P/N=3150-11580-841.
000018.761|ice  |*|00|Initial log entry. Current logging level 4
000018.767|pps  |*|00|Initial log entry. Current logging level 4
000018.769|sip  |*|00|Initial log entry. Current logging level 4
000018.771|sipt |*|00|Initial log entry. Current logging level 4
000018.771|sipp |*|00|Initial log entry. Current logging level 4
000018.780|ptt  |*|00|Initial log entry. Current logging level 4
000018.787|xmpp |*|00|Initial log entry. Current logging level 4
000018.798|btoe |*|00|Initial log entry. Current logging level 4
000018.805|btoe |5|00|PpsBtoeC::ppsProcMsg thread launched
000019.706|pwrsv|*|00|Initial log entry. Current logging level 4
000019.742|so   |*|00|Using TCP IP Media Port, configured initial RTP port 2222
000019.819|sshc |*|00|Initial log entry. Current logging level 4
000019.819|gbLoc|*|00|Initial log entry. Current logging level 4
000019.825|app1 |*|00|Initial log entry. Current logging level 4
000019.877|btoe |5|00|PpsBtoeC Callback is set
000019.922|app1 |*|00|AppPhoneC::AppPhoneC() Number Of Line Keys = 48
000019.923|app1 |*|00|AppPhoneC::AppPhoneC() - new AppRegLineC, szUser = 8713
000020.052|ldap |*|00|Initial log entry. Current logging level 4
000020.287|efk  |*|00|Initial log entry. Current logging level 4
000020.418|cmp  |*|00|Initial log entry. Current logging level 4
000020.423|wmgr |*|00|Initial log entry. Current logging level 4
000020.439|slog |*|00|Initial log entry. Current logging level 4
000020.521|so   |4|00|SoKeyC::procMsg unexpected message 4099
000024.425|dhcpc|*|00|Initial log entry. Current logging level 4
000025.382|pgui |*|00|Initial log entry. Current logging level 4
000027.753|cfg  |*|00|RT|   Phone IP address is 10.2.0.232.
000027.753|cfg  |*|00|RT|   Subnet mask is 255.255.255.0.
000027.753|cfg  |*|00|RT|   Gateway address is 10.2.0.1.
000027.753|cfg  |*|00|RT|   DNS server is 8.8.8.8.
000027.753|cfg  |*|00|RT|   DNS alternate server is 8.8.4.4.
000027.754|cfg  |*|00|RT|   GMT offset is -28800 seconds.
000027.757|dns  |*|00|DNS resolver servers are '8.8.8.8' '8.8.4.4'
000027.757|dns  |*|00|DNS resolver search domain is ''
000027.760|cfg  |*|00|RT|Primary IP: 10.2.0.232 subnet mask 255.255.255.0
000027.773|so   |*|00|Network initialized. Starting network tasks.
000027.776|log  |*|00|Install file upload callback for 'so'

0421184049|pgui |*|00|Qt Mouse driver created.
0421184050|em   |*|00|Initial log entry. Current logging level 4
0421184050|dbs  |*|00|Initial log entry. Current logging level 4
0421184050|osd  |*|00|Initial log entry. Current logging level 4
0421184051|clist|*|00|Initial log entry. Current logging level 4
0421184051|clist|4|00|dbCfg::getServerDir:Unknown dbCfg type
0421184051|clist|4|00|dbCfg::getServerDir:Unknown dbCfg type
0421184051|clist|4|00|dbCfg::getServerDir:Unknown dbCfg type
0421184051|clist|4|00|dbCfg::getServerDir:Unknown dbCfg type
0421184057|brow |*|00|Initial log entry. Current logging level 4
0421184058|app1 |5|00|[AppHybridC]: APP IS COMPLETELY INTIALIZED.
0421184058|sip  |*|00|Sip Register Usr:8713 Dsp:8713 Auth:'8713' Inx:0
0421184058|app1 |4|00|Corporate directory instance does not exists.
0421184058|clist|4|00|dbCfg::getServerDir:Unknown dbCfg type
0421184058|clist|4|00|dbCfg::getServerDir:Unknown dbCfg type
0421184058|moh  |*|00|Initial log entry. Current logging level 4
0421184058|moh  |4|00|SoNcasMohC::soNcasmohCfgInit: File provisioning for Moh is defined only for Lync Profile adn if Moh feature is enabled
0421184059|cfg  |*|00|Prov|Starting to update 3111-46135-002.sip.ld
0421184059|sip  |*|00|Fast Boot Measurement Point: Ready for Call, uptime: 68.885 sec.
0421184102|clist|4|00|dbXML::createEntry:name=<bb> func=<0x1afd08><0x1afcb8>- invalid or already exist
0421184105|copy |*|00|Server 'p.voxter.com' said 'overrides/0004f28e788e-web.cfg' is not present
0421184105|copy |*|00|Server 'p.voxter.com' said 'licenses/000000000000-license.cfg' is not present
0421184106|copy |*|00|Server 'p.voxter.com' said 'licenses/0004f28e788e-license.cfg' is not present
0421184106|cfg  |*|00|Prm|0004f28e788e_reg.cfg: Value "" for configuration parameter reg.1.server.2.port is invalid, ignoring
0421184106|cfg  |*|00|Prm|0004f28e788e_reg.cfg: Value "" for configuration parameter reg.1.outboundProxy.port is invalid, ignoring
0421184106|cfg  |*|00|Prm|0004f28e788e_reg.cfg: Value "" for configuration parameter reg.1.lineKeys is invalid, ignoring
0421184106|cfg  |4|00|Prm|provisioner.cfg: Unknown parameter "sec.tagSerialNo.set" found, ignoring.
0421184106|cfg  |*|00|Prm|features.cfg: Value 9999 for configuration parameter dir.local.contacts.maxNum is too large, using 500, the maximum allowed
0421184106|cfg  |*|00|Prov|Setting device parameters from configuration files.
0421184106|cfg  |4|00|RT|cfgFlashUpdateFromConfig: Failed to update SerialConfig
0421184106|cfg  |*|00|Prov|Finished updating configuration

0421183324|wdog |*|00|Watchdog Expired: tApp0, 45
0421183324|log  |*|00|---------- Final log entry ----------
002723.381|log  |*|00|---------- Initial log entry ----------
002723.103|rdisk|*|00|Initial log entry. Current logging level 4
002723.105|rdisk|*|00|RAM disk created and mounted at "/rfs0"
002723.105|rdisk|*|00|RAM disk created, size: 16,777,216 bytes
002723.371|so   |*|00|Platform: Model=VVX 300, Assembly=3111-46135-002 Rev=A Region=0
002723.371|so   |*|00|Platform: Interface    eth0 MAC=0004f28e788e
002723.373|so   |*|00|Platform: BootBlock=3.0.4.0028 (46135-002) 30-Jan-13 18:00
002723.374|so   |*|00|Platform: BootL1=1.0.0.0009 (46135-002) 11-Jan-13 14:23
002723.377|so   |*|00|Platform: Updater=5.5.0.13251 24-Mar-15 03:06
002723.377|so   |*|00|Application, main: Label=SIP, Version=Congo 5.3.0.12074 24-Mar-15 02:31
002723.377|so   |*|00|Application, main: P/N=3150-11530-530
002723.377|rdisk|*|00|RAM disk created, size: 16,777,216 bytes
002723.377|ocsp |*|00|O.C.S.P. Enabled = 0
002723.435|tls  |*|00|Initial log entry. Current logging level 4
002723.483|pmt  |*|00|Initial log entry. Current logging level 4
002723.486|wdog |*|00|Initial log entry. Current logging level 4
002723.486|ethf |*|00|Initial log entry. Current logging level 4
002723.487|hw   |*|00|Initial log entry. Current logging level 4
002723.487|ares |*|00|Initial log entry. Current logging level 4
002723.488|dns  |*|00|Initial log entry. Current logging level 4
002723.488|cfg  |*|00|Initial log entry. Current logging level 4
002723.488|cfg  |*|00|Prm|cfgParamBaseProfileUpdate: Using Base Profile Generic
002723.490|dot1x|*|00|Initial log entry. Current logging level 4
002723.608|lic  |*|00|Initial log entry. Current logging level 4
002723.627|lic  |5|00|cfgCfsFlashKeyScratchLoad: could not load flash len 976
002723.627|lic  |*|00|License expiry check in 3108 seconds
002723.689|curl |*|00|Initial log entry. Current logging level 4
002723.689|utilm|*|00|Initial log entry. Current logging level 4
002723.689|copy |*|00|Initial log entry. Current logging level 4
002723.690|rtos |*|00|Initial log entry. Current logging level 4
002725.363|brow |*|00|Initial log entry. Current logging level 4
002726.667|pgui |*|00|Qt Keyboard driver created.
002726.670|pgui |4|00|Reconnected with core app, reload the keyboard
002730.155|dhcpc|*|00|Initial log entry. Current logging level 4
002733.203|cfg  |*|00|RT|   Phone IP address is 10.2.0.232.
002733.203|cfg  |*|00|RT|   Subnet mask is 255.255.255.0.
002733.203|cfg  |*|00|RT|   Gateway address is 10.2.0.1.
002733.203|cfg  |*|00|RT|   DNS server is 8.8.8.8.
002733.203|cfg  |*|00|RT|   DNS alternate server is 8.8.4.4.
002733.204|cfg  |*|00|RT|   GMT offset is -28800 seconds.
002733.205|dns  |*|00|DNS resolver servers are '8.8.8.8' '8.8.4.4'
002733.205|dns  |*|00|DNS resolver search domain is ''
002733.207|cfg  |*|00|RT|Primary IP: 10.2.0.232 subnet mask 255.255.255.0
002733.759|cfg  |*|00|Prov|Starting to update 3111-46135-002.sip.ld
002735.943|copy |*|00|Server 'p.voxter.com' said 'overrides/0004f28e788e-web.cfg' is not present
002736.007|copy |*|00|Server 'p.voxter.com' said 'licenses/000000000000-license.cfg' is not present
002736.073|copy |*|00|Server 'p.voxter.com' said 'licenses/0004f28e788e-license.cfg' is not present
002736.084|cfg  |*|00|Prm|0004f28e788e_reg.cfg: Value "" for configuration parameter reg.1.server.2.port is invalid, ignoring
002736.085|cfg  |*|00|Prm|0004f28e788e_reg.cfg: Value "" for configuration parameter reg.1.outboundProxy.port is invalid, ignoring
002736.085|cfg  |*|00|Prm|0004f28e788e_reg.cfg: Value "" for configuration parameter reg.1.lineKeys is invalid, ignoring
002736.091|cfg  |4|00|Prm|provisioner.cfg: Unknown parameter "sec.tagSerialNo.set" found, ignoring.
002736.117|cfg  |*|00|Prm|features.cfg: Value 9999 for configuration parameter dir.local.contacts.maxNum is too large, using 500, the maximum allowed
002736.151|cfg  |*|00|Prov|Setting device parameters from configuration files.
002736.153|cfg  |4|00|RT|cfgFlashUpdateFromConfig: Failed to update SerialConfig
002736.178|cfg  |*|00|Prov|Finished updating configuration
002736.178|sec  |*|00|Initial log entry. Current logging level 4
002736.181|so   |*|00|Configuration files: 0004f28e788e_reg.cfg, provisioner.cfg, sip.cfg, features.cfg
002736.181|so   |*|00|Configuration file "0004f28e788e_reg.cfg" SHA1 digest: ADB69523AB1D42E1436891145748EB3487B77A06
002736.181|so   |*|00|Configuration file "provisioner.cfg" SHA1 digest: 51080CD89DA743106AF5139272C6860F0465BE9D
002736.181|so   |*|00|Configuration file "sip.cfg" SHA1 digest: 1F2DC0D4C374C757A04C82E9B26FE36A68BB82DC
002736.181|so   |*|00|Configuration file "features.cfg" SHA1 digest: C581BA279B236C29DF1CFC79741E3FAED2E8A230
002736.181|cfg  |4|00|Prm|Configuration file(s) statistics: 1 parameters were invalid and could not be interpreted.
002736.181|cfg  |4|00|Prm|Configuration file(s) statistics: 1 parameter values were used but were out of range. 5 were invalid and ignored.
002736.184|log  |*|00|Log render level set to 1
002736.187|pcap |*|00|On-Phone Packet Capture disabled
002736.188|srtp |*|00|Initial log entry. Current logging level 4
002736.189|cfg  |5|00|Prm|Parameter 0 is out of range
002736.192|res  |*|00|Initial log entry. Current logging level 4
002736.193|httpa|*|00|Initial log entry. Current logging level 4
002736.194|lldp |*|00|Initial log entry. Current logging level 4
002736.194|cdp  |*|00|Initial log entry. Current logging level 4
002736.194|pcd  |*|00|Initial log entry. Current logging level 4
002736.205|tickt|*|00|Initial log entry. Current logging level 4
002736.206|loc  |*|00|Initial log entry. Current logging level 4
002736.210|ssps |*|00|Initial log entry. Current logging level 4
002736.212|ssps |5|00|Allocated 36992 bytes for SspsHdiMemBase=0xe7c038
002736.212|ssps |4|00|sspsDspLoad: found Maroo 23.
002736.237|utilm|4|00|uBLFUnCompressed: File /ffs0/Config/Local/WebTicket/0/sip.usr doesn't exist or is empty
002736.241|tickt|4|00|soWebTicketCertMove: Could not copy key to new uiSlot
002736.242|tickt|4|00|soWebTicketCertMove: Could not copy cert to new uiSlot
002736.243|tickt|4|00|soWebTicketCertMove: Could not copy SIP user to new uiSlot
002736.244|tickt|4|00|soWebTicketCertMove: Could not copy SIP uuid to new uiSlot
002736.245|tickt|4|00|soWebTicketCertMove: Could not copy NTLM user to new uiSlot
002736.246|tickt|4|00|soWebTicketCertMove: Could not copy NTLM domain to new uiSlot
002736.247|tickt|4|00|soWebTicketCertMove: Could not copy SIP password to new uiSlot
002736.248|tickt|4|00|soWebTicketCertMove: Could not copy server to new uiSlot
002736.444|so   |*|00|System Info Reports:
002736.444|so   |*|00|  Cpu is ARMv6-compatible processor rev 7 (v6l), ID: 0x111700b0, running at 300MHz.
002736.444|so   |*|00|  Board is identified as PolycomVVX-VVX_300.
002736.444|so   |*|00|  DRAM_SIZE: 128 MB
002736.444|so   |*|00|  NAND flash detected is 20
002736.445|key  |*|00|Initial log entry. Current logging level 4
002736.474|httpd|*|00|Initial log entry. Current logging level 4
002736.474|poll |*|00|Initial log entry. Current logging level 4
002736.475|push |*|00|Initial log entry. Current logging level 4
002736.475|poll |*|00|Initial log entry. Current logging level 4
002736.476|poll |*|00|Initial log entry. Current logging level 4
002736.476|ht   |*|00|Initial log entry. Current logging level 4
002736.477|dbuf |*|00|Initial log entry. Current logging level 4
002736.479|ssps |*|00|sspsMain: Set HDI mem to be 0, was 0
002736.483|ice  |*|00|Initial log entry. Current logging level 4
002736.484|ssps |*|00|Application, comp. 1: Label=PolyDSP Vino BCM11193 Mem1 FS1, Version=8.4.1.2003 26-Nov-2014 14:26
002736.484|ssps |*|00|Application, comp. 1: P/N=3150-11580-841.
002736.485|pps  |*|00|Initial log entry. Current logging level 4
002736.485|sip  |*|00|Initial log entry. Current logging level 4
002736.485|sipt |*|00|Initial log entry. Current logging level 4
002736.485|sipp |*|00|Initial log entry. Current logging level 4
002736.488|ptt  |*|00|Initial log entry. Current logging level 4
002736.489|xmpp |*|00|Initial log entry. Current logging level 4
002736.490|btoe |*|00|Initial log entry. Current logging level 4
002736.492|btoe |5|00|PpsBtoeC::ppsProcMsg thread launched
002737.324|pwrsv|*|00|Initial log entry. Current logging level 4
002737.356|so   |*|00|Using TCP IP Media Port, configured initial RTP port 2222
002737.385|sshc |*|00|Initial log entry. Current logging level 4
002737.385|gbLoc|*|00|Initial log entry. Current logging level 4
002737.385|app1 |*|00|Initial log entry. Current logging level 4
002737.405|btoe |5|00|PpsBtoeC Callback is set
002737.442|app1 |*|00|AppPhoneC::AppPhoneC() Number Of Line Keys = 48
002737.442|app1 |*|00|AppPhoneC::AppPhoneC() - new AppRegLineC, szUser = 8713
002737.529|ldap |*|00|Initial log entry. Current logging level 4
002737.725|efk  |*|00|Initial log entry. Current logging level 4
002737.770|cmp  |*|00|Initial log entry. Current logging level 4
002737.770|wmgr |*|00|Initial log entry. Current logging level 4
002737.775|slog |*|00|Initial log entry. Current logging level 4
002737.808|so   |4|00|SoKeyC::procMsg unexpected message 4099
002737.873|so   |*|00|Network initialized. Starting network tasks.
002737.874|log  |*|00|Install file upload callback for 'so'

002737.987|clist|*|00|Initial log entry. Current logging level 4
002738.013|clist|4|00|dbCfg::getServerDir:Unknown dbCfg type
002738.014|clist|4|00|dbCfg::getServerDir:Unknown dbCfg type
002738.026|clist|4|00|dbCfg::getServerDir:Unknown dbCfg type
002738.027|clist|4|00|dbCfg::getServerDir:Unknown dbCfg type
0421183354|clist|4|00|dbXML::createEntry:name=<bb> func=<0x1afd08><0x1afcb8>- invalid or already exist
0421183357|app1 |5|00|[AppHybridC]: APP IS COMPLETELY INTIALIZED.
0421183357|sip  |*|00|Sip Register Usr:8713 Dsp:8713 Auth:'8713' Inx:0
0421183357|app1 |4|00|Corporate directory instance does not exists.
0421183357|clist|4|00|dbCfg::getServerDir:Unknown dbCfg type
0421183357|clist|4|00|dbCfg::getServerDir:Unknown dbCfg type
0421183357|moh  |*|00|Initial log entry. Current logging level 4
0421183357|moh  |4|00|SoNcasMohC::soNcasmohCfgInit: File provisioning for Moh is defined only for Lync Profile adn if Moh feature is enabled
0421183357|sip  |*|00|Fast Boot Measurement Point: Ready for Call, uptime: 1662.689 sec.
0421183400|pgui |4|00|Unable to find token (en) from the cached table list, notification ignored
0421183400|pgui |4|00|Unable to find token (en) from the cached table list, notification ignored
0421183400|pgui |4|00|Unable to find token (en) from the cached table list, notification ignored
0421183400|pgui |4|00|Unable to find token (en) from the cached table list, notification ignored
000017.526|log  |*|00|---------- Initial log entry ----------
000017.137|rdisk|*|00|Initial log entry. Current logging level 4
000017.142|rdisk|*|00|RAM disk created and mounted at "/rfs0"
000017.144|rdisk|*|00|RAM disk created, size: 16,777,216 bytes
000017.508|so   |*|00|Platform: Model=VVX 300, Assembly=3111-46135-002 Rev=A Region=0
000017.509|so   |*|00|Platform: Interface    eth0 MAC=0004f28e788e
000017.511|so   |*|00|Platform: BootBlock=3.0.4.0028 (46135-002) 30-Jan-13 18:00
000017.512|so   |*|00|Platform: BootL1=1.0.0.0009 (46135-002) 11-Jan-13 14:23
000017.520|so   |*|00|Platform: Updater=5.5.0.13251 24-Mar-15 03:06
000017.520|so   |*|00|Application, main: Label=SIP, Version=Congo 5.3.0.12074 24-Mar-15 02:31
000017.521|so   |*|00|Application, main: P/N=3150-11530-530
000017.521|rdisk|*|00|RAM disk created, size: 16,777,216 bytes
000017.525|ocsp |*|00|O.C.S.P. Enabled = 0
000017.594|tls  |*|00|Initial log entry. Current logging level 4
000017.644|pmt  |*|00|Initial log entry. Current logging level 4
000017.660|wdog |*|00|Initial log entry. Current logging level 4
000017.661|ethf |*|00|Initial log entry. Current logging level 4
000017.662|hw   |*|00|Initial log entry. Current logging level 4
000017.665|ares |*|00|Initial log entry. Current logging level 4
000017.670|dns  |*|00|Initial log entry. Current logging level 4
000017.670|cfg  |*|00|Initial log entry. Current logging level 4
000017.670|cfg  |*|00|Prm|cfgParamBaseProfileUpdate: Using Base Profile Generic
000017.683|dot1x|*|00|Initial log entry. Current logging level 4
000017.879|lic  |*|00|Initial log entry. Current logging level 4
000017.897|lic  |5|00|cfgCfsFlashKeyScratchLoad: could not load flash len 976
000017.898|lic  |*|00|License expiry check in 1705 seconds
000018.024|curl |*|00|Initial log entry. Current logging level 4
000018.024|utilm|*|00|Initial log entry. Current logging level 4
000018.027|copy |*|00|Initial log entry. Current logging level 4
000018.028|rtos |*|00|Initial log entry. Current logging level 4
000018.030|sec  |*|00|Initial log entry. Current logging level 4
000018.055|so   |*|00|Configuration files: 0004f28e788e_reg.cfg, provisioner.cfg, sip.cfg, features.cfg
000018.055|so   |*|00|Configuration file "0004f28e788e_reg.cfg" SHA1 digest: ADB69523AB1D42E1436891145748EB3487B77A06
000018.056|so   |*|00|Configuration file "provisioner.cfg" SHA1 digest: 51080CD89DA743106AF5139272C6860F0465BE9D
000018.056|so   |*|00|Configuration file "sip.cfg" SHA1 digest: 1F2DC0D4C374C757A04C82E9B26FE36A68BB82DC
000018.056|so   |*|00|Configuration file "features.cfg" SHA1 digest: C581BA279B236C29DF1CFC79741E3FAED2E8A230
000018.056|cfg  |4|00|Prm|Configuration file(s) statistics: 1 parameters were invalid and could not be interpreted.
000018.056|cfg  |4|00|Prm|Configuration file(s) statistics: 1 parameter values were used but were out of range. 5 were invalid and ignored.
000018.072|log  |*|00|Log render level set to 1
000018.080|pcap |*|00|On-Phone Packet Capture disabled
000018.083|srtp |*|00|Initial log entry. Current logging level 4
000018.096|cfg  |5|00|Prm|Parameter 0 is out of range
000018.106|res  |*|00|Initial log entry. Current logging level 4
000018.111|httpa|*|00|Initial log entry. Current logging level 4
000018.111|lldp |*|00|Initial log entry. Current logging level 4
000018.112|cdp  |*|00|Initial log entry. Current logging level 4
000018.115|pcd  |*|00|Initial log entry. Current logging level 4
000018.155|tickt|*|00|Initial log entry. Current logging level 4
000018.158|loc  |*|00|Initial log entry. Current logging level 4
000018.165|utilm|4|00|uBLFUnCompressed: File /ffs0/Config/Local/WebTicket/0/sip.usr doesn't exist or is empty
000018.178|tickt|4|00|soWebTicketCertMove: Could not copy key to new uiSlot
000018.179|tickt|4|00|soWebTicketCertMove: Could not copy cert to new uiSlot
000018.179|tickt|4|00|soWebTicketCertMove: Could not copy SIP user to new uiSlot
000018.180|tickt|4|00|soWebTicketCertMove: Could not copy SIP uuid to new uiSlot
000018.181|tickt|4|00|soWebTicketCertMove: Could not copy NTLM user to new uiSlot
000018.182|tickt|4|00|soWebTicketCertMove: Could not copy NTLM domain to new uiSlot
000018.183|tickt|4|00|soWebTicketCertMove: Could not copy SIP password to new uiSlot
000018.184|tickt|4|00|soWebTicketCertMove: Could not copy server to new uiSlot
000018.199|ssps |*|00|Initial log entry. Current logging level 4
000018.211|ssps |5|00|Allocated 36992 bytes for SspsHdiMemBase=0xe80eb0
000018.215|ssps |4|00|sspsDspLoad: found Maroo 23.
000018.671|so   |*|00|System Info Reports:
000018.671|so   |*|00|  Cpu is ARMv6-compatible processor rev 7 (v6l), ID: 0x111700b0, running at 300MHz.
000018.671|so   |*|00|  Board is identified as PolycomVVX-VVX_300.
000018.671|so   |*|00|  DRAM_SIZE: 128 MB
000018.671|so   |*|00|  NAND flash detected is 20
000018.673|key  |*|00|Initial log entry. Current logging level 4
000018.718|httpd|*|00|Initial log entry. Current logging level 4
000018.719|poll |*|00|Initial log entry. Current logging level 4
000018.721|push |*|00|Initial log entry. Current logging level 4
000018.722|poll |*|00|Initial log entry. Current logging level 4
000018.724|poll |*|00|Initial log entry. Current logging level 4
000018.731|ht   |*|00|Initial log entry. Current logging level 4
000018.734|dbuf |*|00|Initial log entry. Current logging level 4
000018.741|ssps |*|00|sspsMain: Set HDI mem to be 0, was 0
000018.761|ssps |*|00|Application, comp. 1: Label=PolyDSP Vino BCM11193 Mem1 FS1, Version=8.4.1.2003 26-Nov-2014 14:26
000018.761|ssps |*|00|Application, comp. 1: P/N=3150-11580-841.
000018.761|ice  |*|00|Initial log entry. Current logging level 4
000018.767|pps  |*|00|Initial log entry. Current logging level 4
000018.769|sip  |*|00|Initial log entry. Current logging level 4
000018.771|sipt |*|00|Initial log entry. Current logging level 4
000018.771|sipp |*|00|Initial log entry. Current logging level 4
000018.780|ptt  |*|00|Initial log entry. Current logging level 4
000018.787|xmpp |*|00|Initial log entry. Current logging level 4
000018.798|btoe |*|00|Initial log entry. Current logging level 4
000018.805|btoe |5|00|PpsBtoeC::ppsProcMsg thread launched
000019.706|pwrsv|*|00|Initial log entry. Current logging level 4
000019.742|so   |*|00|Using TCP IP Media Port, configured initial RTP port 2222
000019.819|sshc |*|00|Initial log entry. Current logging level 4
000019.819|gbLoc|*|00|Initial log entry. Current logging level 4
000019.825|app1 |*|00|Initial log entry. Current logging level 4
000019.877|btoe |5|00|PpsBtoeC Callback is set
000019.922|app1 |*|00|AppPhoneC::AppPhoneC() Number Of Line Keys = 48
000019.923|app1 |*|00|AppPhoneC::AppPhoneC() - new AppRegLineC, szUser = 8713
000020.052|ldap |*|00|Initial log entry. Current logging level 4
000020.287|efk  |*|00|Initial log entry. Current logging level 4
000020.418|cmp  |*|00|Initial log entry. Current logging level 4
000020.423|wmgr |*|00|Initial log entry. Current logging level 4
000020.439|slog |*|00|Initial log entry. Current logging level 4
000020.521|so   |4|00|SoKeyC::procMsg unexpected message 4099
000024.425|dhcpc|*|00|Initial log entry. Current logging level 4
000025.382|pgui |*|00|Initial log entry. Current logging level 4
000027.753|cfg  |*|00|RT|   Phone IP address is 10.2.0.232.
000027.753|cfg  |*|00|RT|   Subnet mask is 255.255.255.0.
000027.753|cfg  |*|00|RT|   Gateway address is 10.2.0.1.
000027.753|cfg  |*|00|RT|   DNS server is 8.8.8.8.
000027.753|cfg  |*|00|RT|   DNS alternate server is 8.8.4.4.
000027.754|cfg  |*|00|RT|   GMT offset is -28800 seconds.
000027.757|dns  |*|00|DNS resolver servers are '8.8.8.8' '8.8.4.4'
000027.757|dns  |*|00|DNS resolver search domain is ''
000027.760|cfg  |*|00|RT|Primary IP: 10.2.0.232 subnet mask 255.255.255.0
000027.773|so   |*|00|Network initialized. Starting network tasks.
000027.776|log  |*|00|Install file upload callback for 'so'

0421184049|pgui |*|00|Qt Mouse driver created.
0421184050|em   |*|00|Initial log entry. Current logging level 4
0421184050|dbs  |*|00|Initial log entry. Current logging level 4
0421184050|osd  |*|00|Initial log entry. Current logging level 4
0421184051|clist|*|00|Initial log entry. Current logging level 4
0421184051|clist|4|00|dbCfg::getServerDir:Unknown dbCfg type
0421184051|clist|4|00|dbCfg::getServerDir:Unknown dbCfg type
0421184051|clist|4|00|dbCfg::getServerDir:Unknown dbCfg type
0421184051|clist|4|00|dbCfg::getServerDir:Unknown dbCfg type
0421184057|brow |*|00|Initial log entry. Current logging level 4
0421184058|app1 |5|00|[AppHybridC]: APP IS COMPLETELY INTIALIZED.
0421184058|sip  |*|00|Sip Register Usr:8713 Dsp:8713 Auth:'8713' Inx:0
0421184058|app1 |4|00|Corporate directory instance does not exists.
0421184058|clist|4|00|dbCfg::getServerDir:Unknown dbCfg type
0421184058|clist|4|00|dbCfg::getServerDir:Unknown dbCfg type
0421184058|moh  |*|00|Initial log entry. Current logging level 4
0421184058|moh  |4|00|SoNcasMohC::soNcasmohCfgInit: File provisioning for Moh is defined only for Lync Profile adn if Moh feature is enabled
0421184059|cfg  |*|00|Prov|Starting to update 3111-46135-002.sip.ld
0421184059|sip  |*|00|Fast Boot Measurement Point: Ready for Call, uptime: 68.885 sec.
0421184102|clist|4|00|dbXML::createEntry:name=<bb> func=<0x1afd08><0x1afcb8>- invalid or already exist
0421184105|copy |*|00|Server 'p.voxter.com' said 'overrides/0004f28e788e-web.cfg' is not present
0421184105|copy |*|00|Server 'p.voxter.com' said 'licenses/000000000000-license.cfg' is not present
0421184106|copy |*|00|Server 'p.voxter.com' said 'licenses/0004f28e788e-license.cfg' is not present
0421184106|cfg  |*|00|Prm|0004f28e788e_reg.cfg: Value "" for configuration parameter reg.1.server.2.port is invalid, ignoring
0421184106|cfg  |*|00|Prm|0004f28e788e_reg.cfg: Value "" for configuration parameter reg.1.outboundProxy.port is invalid, ignoring
0421184106|cfg  |*|00|Prm|0004f28e788e_reg.cfg: Value "" for configuration parameter reg.1.lineKeys is invalid, ignoring
0421184106|cfg  |4|00|Prm|provisioner.cfg: Unknown parameter "sec.tagSerialNo.set" found, ignoring.
0421184106|cfg  |*|00|Prm|features.cfg: Value 9999 for configuration parameter dir.local.contacts.maxNum is too large, using 500, the maximum allowed
0421184106|cfg  |*|00|Prov|Setting device parameters from configuration files.
0421184106|cfg  |4|00|RT|cfgFlashUpdateFromConfig: Failed to update SerialConfig
0421184106|cfg  |*|00|Prov|Finished updating configuration
0421190835|lic  |*|00|License expiry check in 24828 seconds
0422020223|lic  |*|00|License expiry check in 86400 seconds
0422031104|ares |4|00|aresDnsLookup: select time-out 1 on A lookup for 'sbc01.van1.voxter.net.' after 0 sec
0422031104|ares |4|00|aresDnsLookup: select time-out 2 on A lookup for 'sbc01.van1.voxter.net.' after 0 sec
0422061952|clist|4|00|dbIO::processResult:copy error
0422062052|clist|4|00|dbIO::processResult:copy error
0422081415|app1 |4|00|Event: Unrecognizable key - appKeyFunc = 327, scan code 0
