000044.987|log  |*|00|---------- Initial log entry ----------
000044.830|rdisk|*|00|Initial log entry. Current logging level 4
000044.831|rdisk|*|00|RAM disk created and mounted at "/rfs0"
000044.831|rdisk|*|00|RAM disk created, size: 16,777,216 bytes
000044.980|so   |*|00|Platform: Model=VVX 500, Assembly=3111-44500-001 Rev=A Region=0
000044.980|so   |*|00|Platform: Interface    eth0 MAC=0004f2900dc6
000044.981|so   |*|00|Platform: BootBlock=3.0.4.0033 (44500-001) 11-Jul-12 12:30
000044.981|so   |*|00|Platform: BootL1=1.0.0.0018 (44500-001) 06-Oct-11 17:01
000044.983|so   |*|00|Platform: Updater=5.0.6.0565 26-Feb-14 08:15
000044.983|so   |*|00|Application, main: Label=SIP, Version=Mink 4.0.6.0711 26-Feb-14 07:57
000044.983|so   |*|00|Application, main: P/N=3150-11530-406
000044.983|rdisk|*|00|RAM disk created, size: 16,777,216 bytes
000044.984|ocsp |*|00|O.C.S.P. Enabled = 0
000045.017|tls  |*|00|Initial log entry. Current logging level 4
000045.048|pmt  |*|00|Initial log entry. Current logging level 4
000045.048|wdog |*|00|Initial log entry. Current logging level 4
000045.048|ethf |*|00|Initial log entry. Current logging level 4
000045.049|hw   |*|00|Initial log entry. Current logging level 4
000045.049|ares |*|00|Initial log entry. Current logging level 4
000045.049|dns  |*|00|Initial log entry. Current logging level 4
000045.049|cfg  |*|00|Initial log entry. Current logging level 4
000045.051|dot1x|*|00|Initial log entry. Current logging level 4
000045.060|ethf |4|00|utilEthFilterInit: VLAN Filter enabled, Storm Filter enabled
000045.130|cfg  |5|00|RT|Error installing DHCP event hook.
000045.132|lic  |*|00|Initial log entry. Current logging level 4
000045.143|lic  |5|00|cfgCfsFlashKeyScratchLoad: could not load flash len 976
000045.148|curl |*|00|Initial log entry. Current logging level 4
000045.148|utilm|*|00|Initial log entry. Current logging level 4
000045.148|copy |*|00|Initial log entry. Current logging level 4
000045.148|rtos |*|00|Initial log entry. Current logging level 4
000045.149|sec  |*|00|Initial log entry. Current logging level 4
000045.150|so   |*|00|Configuration files: 0004f2900dc6_reg.cfg, provisioner.cfg, sip.cfg, features.cfg
000045.150|so   |*|00|Configuration file "0004f2900dc6_reg.cfg" SHA1 digest: E422F4748E7AF7A32BC62A2C958F2E7AD7DC75D6
000045.150|so   |*|00|Configuration file "provisioner.cfg" SHA1 digest: 51080CD89DA743106AF5139272C6860F0465BE9D
000045.150|so   |*|00|Configuration file "sip.cfg" SHA1 digest: FC541A0AD740665E18369624548CDCB2D8844DFB
000045.150|so   |*|00|Configuration file "features.cfg" SHA1 digest: 4CC8F8E5A161C0EA5F932FF8A190910D0B78027B
000045.150|cfg  |4|00|Prm|Configuration file(s) statistics: 1 parameters were invalid and could not be interpreted.
000045.150|cfg  |4|00|Prm|Configuration file(s) statistics: 1 parameter values were used but were out of range. 5 were invalid and ignored.
000045.150|rtos |4|00|rtosSocket: couldn't find valid IP TOS value for Video RTP in config file. Using 0.
000045.150|rtos |4|00|rtosSocket: couldn't find valid IP TOS value for Video RTP in config file. Using 0.
000045.151|log  |*|00|Log render level set to 1
000045.155|srtp |*|00|Initial log entry. Current logging level 4
000045.157|res  |*|00|Initial log entry. Current logging level 4
000045.157|httpa|*|00|Initial log entry. Current logging level 4
000045.157|lldp |*|00|Initial log entry. Current logging level 4
000045.157|cdp  |*|00|Initial log entry. Current logging level 4
000045.157|pcd  |*|00|Initial log entry. Current logging level 4
000045.159|ssps |*|00|Initial log entry. Current logging level 4
000045.160|ssps |5|00|Allocated 36992 bytes for SspsHdiMemBase=0xcf95b8
000045.337|so   |*|00|System Info Reports:
000045.337|so   |*|00|  Cpu is ARMv6-compatible processor rev 7 (v6l), ID: 0x111070b2, running at 500MHz.
000045.337|so   |*|00|  Board is identified as PolycomVVX-VVX_500.
000045.337|so   |*|00|  DRAM_SIZE: 224 MB
000045.337|so   |*|00|  NAND flash detected is 20
000045.337|key  |*|00|Initial log entry. Current logging level 4
000045.342|httpd|*|00|Initial log entry. Current logging level 4
000045.342|poll |*|00|Initial log entry. Current logging level 4
000045.342|push |*|00|Initial log entry. Current logging level 4
000045.343|poll |*|00|Initial log entry. Current logging level 4
000045.343|poll |*|00|Initial log entry. Current logging level 4
000045.343|poll |*|00|Initial log entry. Current logging level 4
000045.343|poll |*|00|Initial log entry. Current logging level 4
000045.343|poll |*|00|Initial log entry. Current logging level 4
000045.344|ht   |*|00|Initial log entry. Current logging level 4
000045.344|cap  |*|00|Initial log entry. Current logging level 4
000045.345|vid  |*|00|Initial log entry. Current logging level 4
000045.346|dbuf |*|00|Initial log entry. Current logging level 4
000045.350|ssps |*|00|sspsMain: Set HDI mem to be 0, was 0
000045.352|pps  |*|00|Initial log entry. Current logging level 4
000045.352|sip  |*|00|Initial log entry. Current logging level 4
000045.353|ptt  |*|00|Initial log entry. Current logging level 4
000045.353|xmpp |*|00|Initial log entry. Current logging level 4
000045.357|ssps |*|00|Application, comp. 1: Label=PolyDSP Vino BCM11107 Mem1 FS1, Version=6.4.3.0002 18-Nov-2012 12:50
000045.357|ssps |*|00|Application, comp. 1: P/N=3150-11580-643.
000046.023|pwrsv|*|00|Initial log entry. Current logging level 4
000046.024|so   |*|00|Using TCP IP Media Port, configured initial RTP port 2222
000046.037|usb  |*|00|Initial log entry. Current logging level 4
000046.038|sshc |*|00|Initial log entry. Current logging level 4
000046.039|app1 |*|00|Initial log entry. Current logging level 4
000046.072|ldap |*|00|Initial log entry. Current logging level 4
000046.072|ldap |4|00|cDynamicData::cDynamicData:cDynamicData:Failed
000046.078|efk  |*|00|Initial log entry. Current logging level 4
000046.126|cmp  |*|00|Initial log entry. Current logging level 4
000046.127|wmgr |*|00|Initial log entry. Current logging level 4
000046.134|slog |*|00|Initial log entry. Current logging level 4
000046.164|so   |4|00|SoKeyC::procMsg unexpected message 4099
000046.339|app1 |4|00|[AppUserLoginC::Init]:flushing user cache file failed
000046.874|brow |*|00|Initial log entry. Current logging level 4
000046.941|lic  |4|00|License: feature Nuance XT9 is not available
000049.524|lic  |4|00|License: feature Nuance XT9 is not available
000049.530|lic  |4|00|License: feature Nuance XT9 is not available
000049.540|pgui |*|00|Qt Keyboard driver created.
000049.542|pgui |4|00|Reconnected with core app, reload the keyboard
000049.574|lic  |4|00|License: feature Nuance XT9 is not available
000049.593|app1 |*|00|Continuum Client: Feature is disabled by User
000049.594|lic  |4|00|License: feature Nuance XT9 is not available
000049.615|lic  |4|00|License: feature Nuance XT9 is not available
000049.633|clist|*|00|Initial log entry. Current logging level 4
000049.641|app1 |5|00|[connectToDatabase]: dbDirSet activated
000049.648|lic  |4|00|License: feature Nuance XT9 is not available
000049.700|copy |4|00|DNS lookup failed for p.voxter.com
000049.858|clist|4|00|dbIO::processResult:copy error
000049.858|clist|4|00|dbSet::srv2mem:transfer failed, trying to get local file
000049.864|clist|4|00|dbXML::createEntry:name=<bb> func=<0x116ad0><0x116a80>- invalid or already exist
000051.205|dhcpc|*|00|Initial log entry. Current logging level 4
000051.211|cfg  |*|00|RT|cfgRtNetInterfaceUpdate: Network not initialized
000053.986|cfg  |*|00|RT|   Phone IP address is 10.2.0.10.
000053.986|cfg  |*|00|RT|   Subnet mask is 255.255.255.0.
000053.986|cfg  |*|00|RT|   Gateway address is 10.2.0.1.
000053.986|cfg  |*|00|RT|   DNS server is 8.8.8.8.
000053.986|cfg  |*|00|RT|   DNS alternate server is 8.8.4.4.
000053.986|cfg  |*|00|RT|   GMT offset is -25200 seconds.
000053.987|dns  |*|00|DNS resolver servers are '8.8.8.8' '8.8.4.4'
000053.987|dns  |*|00|DNS resolver search domain is ''
000053.988|cfg  |*|00|RT|Primary IP changed to 10.2.0.10 subnet mask 255.255.255.0
000053.988|cfg  |*|00|RT|cfgRtNetInterfaceUpdate: bfeng -- calling network status callback
000053.988|cfg  |*|00|RT|cfgRtNetInterfaceUpdate: bfeng -- calling network status callback
000053.988|cfg  |*|00|RT|cfgRtNetInterfaceUpdate: bfeng -- calling network status callback
000053.989|lic  |4|00|License: feature Nuance XT9 is not available
000054.002|so   |*|00|Network initialized. Starting network tasks.
000054.002|log  |*|00|Install file upload callback for 'so'

000054.023|app1 |5|00|Corporate directory instance does not exists.
000054.076|dns  |4|00|doDnsLookupForList: given NULL hostname 
000054.076|sip  |4|00|NAPTR query for host 'thompsonbros.fullymanaged.sip.voxter.com' returned no results
000054.105|dns  |4|00|doDnsLookupForList: given NULL hostname 
000054.168|sip  |*|00|Fast Boot Measurement Point: Ready for Call, uptime: 54.168 sec.
000054.198|clist|4|00|dbXML::createEntry:name=<bb> func=<0x116ad0><0x116a80>- invalid or already exist
0326100441|acom |4|00|App "ec" has failed to read a message, error number = 92
0326100441|acom |5|00|AppComServer encountered a connection error.
0326100441|acom |4|00|Application ec from 127.0.0.1 [63171] has been disconnected.
0326100441|cfg  |*|00|Prov|Starting to update 3111-44500-001.sip.ld
0326100442|copy |*|00|Server 'p.voxter.com' said 'overrides/0004f2900dc6-phone.cfg' is not present
0326100443|copy |*|00|Server 'p.voxter.com' said 'licenses/000000000000-license.cfg' is not present
0326100443|copy |*|00|Server 'p.voxter.com' said 'licenses/0004f2900dc6-license.cfg' is not present
0326100443|cfg  |*|00|Prm|0004f2900dc6_reg.cfg: Value "" for configuration parameter reg.1.server.2.port is invalid, ignoring
0326100443|cfg  |*|00|Prm|0004f2900dc6_reg.cfg: Value "" for configuration parameter reg.1.outboundProxy.port is invalid, ignoring
0326100443|cfg  |*|00|Prm|0004f2900dc6_reg.cfg: Value "" for configuration parameter reg.1.lineKeys is invalid, ignoring
0326100443|cfg  |4|00|Prm|provisioner.cfg: Unknown parameter "sec.tagSerialNo.set" found, ignoring.
0326100443|cfg  |*|00|Prm|features.cfg: Value 9999 for configuration parameter dir.local.contacts.maxNum is too large, using 500, the maximum allowed
0326100443|cfg  |*|00|Prov|Setting device parameters from configuration files.
0326100443|cfg  |*|00|Prov|Finished updating configuration
