000002.293|so   |*|01|---------- Initial log entry ----------
000002.293|so   |*|01|+++ Note that Updater log times are in GMT +++
000002.293|boot |*|01|Initial log entry. Current logging level 3
000002.293|copy |*|01|Initial log entry. Current logging level 3
000002.293|utilm|*|01|Initial log entry. Current logging level 4
000002.293|hw   |*|01|Initial log entry. Current logging level 4
000002.293|ethf |*|01|Initial log entry. Current logging level 4
000002.293|dns  |*|01|Initial log entry. Current logging level 3
000002.293|curl |*|01|Initial log entry. Current logging level 3
000002.293|sec  |*|01|Initial log entry. Current logging level 4
000002.590|utilm|4|01|utilUtcGet: Couldn't open file /ffs0/time.utc for reading
000002.612|wdog |*|01|Initial log entry. Current logging level 4
000002.612|lldp |*|01|Initial log entry. Current logging level 3
000002.612|cdp  |*|01|Initial log entry. Current logging level 3
000002.612|key  |*|01|Initial log entry. Current logging level 4
000002.612|so   |3|01|Platform: Model=SoundStation IP 6000, Assembly=3111-15600-001 Rev=N Region=
000002.612|so   |3|01|Platform: Board=3111-15600-001 B 0
000002.612|so   |3|01|Platform: MAC=0004f2ecc889
000002.614|so   |3|01|Platform: BootBlock=3.0.2.0024 (15600-001) 30-Nov-10 15:05
000002.614|so   |*|01|Platform: BootL1=Standalone.0008 26-Feb-08 14:11:56
000002.614|so   |3|01|Application, main: Label=Updater, Version=Azurite 5.0.8.0935 14-Jan-15 20:17
000002.614|so   |3|01|Application, main: P/N=3150-11069-508
000002.614|log  |*|01|Install file upload callback for 'Updater'

000002.614|app1 |*|01|Initial log entry. Current logging level 3
000002.615|cfg  |*|01|Initial log entry. Current logging level 2
000002.616|app1 |3|01|Application image is not present.
000002.616|dot1x|*|01|Initial log entry. Current logging level 3
000003.590|so   |3|01|Link status is Net up Speed 100 full Duplex.
000004.184|tls  |*|01|Initial log entry. Current logging level 4
000004.212|lldp |3|01|Enabling 802.1Q tagging, VLAN ID = 200 (from FLASH)
000004.212|lldp |5|01|VLAN Id has changed to 200.
000010.212|lldp |3|01|LLDP received a response from a switch. LLDP enabled.
000012.435|dns  |*|01|DNS resolver servers are '10.76.144.114' '10.76.144.124'
000012.435|dns  |*|01|DNS resolver search domain is 'vantageairportgroup.com'
000012.456|dns  |3|01|DNS lookup for (A) 'p.voxter.com'(74.114.208.245) TTL=41264
000012.457|app1 |3|01|DHCP returned result 0x3A7 from server 10.19.1.58.
000012.457|app1 |3|01|   Phone IP address is 10.19.1.105.
000012.457|app1 |3|01|   Subnet mask is 255.255.255.0.
000012.457|app1 |3|01|   Gateway address is 10.19.1.1.
000012.457|app1 |3|01|   Time server is 192.95.20.208.
000012.457|app1 |3|01|   DNS server is 10.76.144.114.
000012.457|app1 |3|01|   DNS alternate server is 10.76.144.124.
000012.457|app1 |3|01|   DNS domain is vantageairportgroup.com.
0410042048|app1 |3|01|Time has been set from 192.95.20.208 (192.95.20.208).
0410042048|app1 |3|01|   1428639648: 2015-4-10, 4:20:48, DST off
0410042048|copy |3|01|'http://PlcmSpIp:****@p.voxter.com/3111-15600-001.updater.ld' from 'p.voxter.com(74.114.208.245)'
0410042048|cfg  |*|01|Prov|Starting to update 3111-15600-001.updater.ld
0410042048|cfg  |3|01|Image 3111-15600-001.updater.ld has not changed
0410042048|copy |3|01|buffered_write: transfer Terminated on entry. Return 0
0410042048|copy |3|01|Download of '3111-15600-001.updater.ld' succeeded on attempt 1 (addr 1 of 1)
0410042048|copy |3|01|'http://PlcmSpIp:****@p.voxter.com/0004f2ecc889.cfg' from 'p.voxter.com(74.114.208.245)'
0410042048|copy |3|01|Download of '0004f2ecc889.cfg' succeeded on attempt 1 (addr 1 of 1)
0410042048|cfg  |5|01|Prov|Cannot remove file /ffs0/init.mac.
0410042048|cfg  |*|01|Prov|Starting to update 3111-15600-001.sip.ld
0410042048|copy |3|01|'http://PlcmSpIp:****@p.voxter.com/3111-15600-001.sip.ld' from 'p.voxter.com(74.114.208.245)'
0410042048|cfg  |3|01|New load header information:
0410042048|cfg  |3|01|Code length:         0x009C37DF
0410042048|cfg  |3|01|Code Checksum:       0x4DCA98E3
0410042048|cfg  |3|01|Options:             0x00000102
0410042048|cfg  |3|01|Could not open application file for checking
0410042048|cfg  |3|01|Recognized application
0410042048|cfg  |*|01|Prov|Updating the Application
0410042048|cfg  |3|01|Using compatible image 0
0410042056|copy |3|01|Download of '3111-15600-001.sip.ld' succeeded on attempt 1 (addr 1 of 1)
0410042056|sig  |*|01|Initial log entry. Current logging level 3
0410042056|sig  |3|01|hwSigParseRemove: found key Sig_3.
0410042057|cfg  |3|01|Good image signature
0410042057|cfg  |3|01|Programming 10238483 bytes into tffs in 4K blocks
0410042313|cfg  |*|01|Prov|Succeeded updating file 3111-15600-001.sip.ld
0410042313|cfg  |*|01|Prov|Image has been changed
0410042313|cfg  |3|01|Prov|Provisioning succeeded
0410042313|app1 |3|01|Application, load: Type=SIP, Version=4.0.8.1608 07-Feb-15 10:39
0410042313|cfg  |*|01|Prov|Finished updating configuration
0410042313|boot |*|01|Using TFFS for flash load
0410042313|boot |*|01|Code length:         0x009C37DF
0410042313|boot |*|01|Code checksum:       0x4DCA98E3
0410042328|app1 |4|01|Loaded application sip.ld from local system successfully.
0410042328|app1 |6|01|Uploading boot log, time is Fri Apr 10 04:23:28 2015

0410042328|copy |3|01|'http://PlcmSpIp:****@p.voxter.com/logs/0004f2ecc889-boot.log' to 'p.voxter.com(74.114.208.245)'
0410042328|copy |3|01|Upload of 'logs/0004f2ecc889-boot.log' succeeded on attempt 1 (addr 1 of 1)
0410042328|cfg  |3|01|Prov|Shutting down
