000008.660|so   |*|01|---------- Initial log entry ----------
000008.660|so   |*|01|+++ Note that Updater log times are in GMT +++
000008.661|boot |*|01|Initial log entry. Current logging level 3
000008.661|copy |*|01|Initial log entry. Current logging level 3
000008.661|utilm|*|01|Initial log entry. Current logging level 4
000008.661|hw   |*|01|Initial log entry. Current logging level 4
000008.661|ethf |*|01|Initial log entry. Current logging level 4
000008.661|dns  |*|01|Initial log entry. Current logging level 3
000008.661|curl |*|01|Initial log entry. Current logging level 3
000008.661|sec  |*|01|Initial log entry. Current logging level 4
000008.674|wdog |*|01|Initial log entry. Current logging level 4
000008.675|lldp |*|01|Initial log entry. Current logging level 3
000008.675|cdp  |*|01|Initial log entry. Current logging level 3
000008.675|key  |*|01|Initial log entry. Current logging level 4
000008.701|so   |3|01|Platform: Model=VVX 300, Assembly=3111-46135-002 Rev=A Region=0
000008.701|so   |3|01|Platform: Board=3111-46135-002 1 0
000008.702|so   |3|01|Platform: MAC=0004f28e7562
000008.703|so   |3|01|Platform: BootBlock=3.0.4.0028 (46135-002) 30-Jan-13 18:00
000008.704|so   |*|01|Platform: BootL1=1.0.0.0009 (46135-002) 11-Jan-13 14:23
000008.704|so   |3|01|Application, main: Label=Updater, Version=Peridot 5.1.4.0844 20-Mar-13 14:16
000008.704|so   |3|01|Application, main: P/N=3150-11069-514
000008.704|so   |5|01|Platform: Both images are incorrect, will use Primary Image.
000008.705|log  |*|01|Install file upload callback for 'Updater'

000008.706|app1 |*|01|Initial log entry. Current logging level 3
000008.720|cfg  |*|01|Initial log entry. Current logging level 2
000009.673|so   |3|01|Link status is Net up Speed 100 full Duplex, PC down.
000008.655|so   |*|01|---------- Initial log entry ----------
000008.655|so   |*|01|+++ Note that Updater log times are in GMT +++
000008.655|boot |*|01|Initial log entry. Current logging level 3
000008.655|copy |*|01|Initial log entry. Current logging level 3
000008.655|utilm|*|01|Initial log entry. Current logging level 4
000008.655|hw   |*|01|Initial log entry. Current logging level 4
000008.655|ethf |*|01|Initial log entry. Current logging level 4
000008.655|dns  |*|01|Initial log entry. Current logging level 3
000008.656|curl |*|01|Initial log entry. Current logging level 3
000008.656|sec  |*|01|Initial log entry. Current logging level 4
000008.670|wdog |*|01|Initial log entry. Current logging level 4
000008.670|lldp |*|01|Initial log entry. Current logging level 3
000008.670|cdp  |*|01|Initial log entry. Current logging level 3
000008.670|key  |*|01|Initial log entry. Current logging level 4
000008.711|so   |3|01|Platform: Model=VVX 300, Assembly=3111-46135-002 Rev=A Region=0
000008.711|so   |3|01|Platform: Board=3111-46135-002 1 0
000008.712|so   |3|01|Platform: MAC=0004f28e7562
000008.713|so   |3|01|Platform: BootBlock=3.0.4.0028 (46135-002) 30-Jan-13 18:00
000008.714|so   |*|01|Platform: BootL1=1.0.0.0009 (46135-002) 11-Jan-13 14:23
000008.714|so   |3|01|Application, main: Label=Updater, Version=Peridot 5.1.4.0844 20-Mar-13 14:16
000008.714|so   |3|01|Application, main: P/N=3150-11069-514
000008.714|so   |5|01|Platform: Both images are incorrect, will use Primary Image.
000008.714|log  |*|01|Install file upload callback for 'Updater'

000008.715|app1 |*|01|Initial log entry. Current logging level 3
000008.730|cfg  |*|01|Initial log entry. Current logging level 2
000009.661|so   |3|01|Link status is Net up Speed 100 full Duplex, PC down.
000008.103|so   |*|00|---------- Initial log entry ----------
000008.103|so   |*|00|+++ Note that Updater log times are in GMT +++
000008.103|boot |*|00|Initial log entry. Current logging level 3
000008.103|copy |*|00|Initial log entry. Current logging level 3
000008.103|utilm|*|00|Initial log entry. Current logging level 4
000008.104|hw   |*|00|Initial log entry. Current logging level 4
000008.104|ethf |*|00|Initial log entry. Current logging level 4
000008.104|dns  |*|00|Initial log entry. Current logging level 3
000008.104|curl |*|00|Initial log entry. Current logging level 3
000008.104|sec  |*|00|Initial log entry. Current logging level 4
000008.117|wdog |*|00|Initial log entry. Current logging level 4
000008.117|lldp |*|00|Initial log entry. Current logging level 3
000008.117|cdp  |*|00|Initial log entry. Current logging level 3
000008.117|key  |*|00|Initial log entry. Current logging level 4
000008.141|so   |3|00|Platform: Model=VVX 300, Assembly=3111-46135-002 Rev=A Region=0
000008.141|so   |3|00|Platform: Board=3111-46135-002 1 0
000008.142|so   |3|00|Platform: MAC=0004f28e7562
000008.143|so   |3|00|Platform: BootBlock=3.0.4.0028 (46135-002) 30-Jan-13 18:00
000008.144|so   |*|00|Platform: BootL1=1.0.0.0009 (46135-002) 11-Jan-13 14:23
000008.144|so   |3|00|Application, main: Label=Updater, Version=Peridot 5.1.4.0844 20-Mar-13 14:16
000008.144|so   |3|00|Application, main: P/N=3150-11069-514
000008.144|so   |5|00|Platform: Both images are incorrect, will use Primary Image.
000008.144|log  |*|00|Install file upload callback for 'Updater'

000008.145|app1 |*|00|Initial log entry. Current logging level 3
000008.159|cfg  |*|00|Initial log entry. Current logging level 2
000009.110|so   |3|00|Link status is Net up Speed 100 full Duplex, PC down.
000008.037|so   |*|00|---------- Initial log entry ----------
000008.037|so   |*|00|+++ Note that Updater log times are in GMT +++
000008.037|boot |*|00|Initial log entry. Current logging level 3
000008.038|copy |*|00|Initial log entry. Current logging level 3
000008.038|utilm|*|00|Initial log entry. Current logging level 4
000008.038|hw   |*|00|Initial log entry. Current logging level 4
000008.038|ethf |*|00|Initial log entry. Current logging level 4
000008.038|dns  |*|00|Initial log entry. Current logging level 3
000008.038|curl |*|00|Initial log entry. Current logging level 3
000008.038|sec  |*|00|Initial log entry. Current logging level 4
000008.051|wdog |*|00|Initial log entry. Current logging level 4
000008.051|lldp |*|00|Initial log entry. Current logging level 3
000008.051|cdp  |*|00|Initial log entry. Current logging level 3
000008.051|key  |*|00|Initial log entry. Current logging level 4
000008.081|so   |3|00|Platform: Model=VVX 300, Assembly=3111-46135-002 Rev=A Region=0
000008.081|so   |3|00|Platform: Board=3111-46135-002 1 0
000008.082|so   |3|00|Platform: MAC=0004f28e7562
000008.083|so   |3|00|Platform: BootBlock=3.0.4.0028 (46135-002) 30-Jan-13 18:00
000008.084|so   |*|00|Platform: BootL1=1.0.0.0009 (46135-002) 11-Jan-13 14:23
000008.084|so   |3|00|Application, main: Label=Updater, Version=Peridot 5.1.4.0844 20-Mar-13 14:16
000008.084|so   |3|00|Application, main: P/N=3150-11069-514
000008.084|so   |5|00|Platform: Both images are incorrect, will use Primary Image.
000008.084|log  |*|00|Install file upload callback for 'Updater'

000008.085|app1 |*|00|Initial log entry. Current logging level 3
000008.100|cfg  |*|00|Initial log entry. Current logging level 2
000009.045|so   |3|00|Link status is Net up Speed 100 full Duplex, PC down.
000008.093|so   |*|00|---------- Initial log entry ----------
000008.093|so   |*|00|+++ Note that Updater log times are in GMT +++
000008.093|boot |*|00|Initial log entry. Current logging level 3
000008.093|copy |*|00|Initial log entry. Current logging level 3
000008.093|utilm|*|00|Initial log entry. Current logging level 4
000008.093|hw   |*|00|Initial log entry. Current logging level 4
000008.093|ethf |*|00|Initial log entry. Current logging level 4
000008.093|dns  |*|00|Initial log entry. Current logging level 3
000008.094|curl |*|00|Initial log entry. Current logging level 3
000008.094|sec  |*|00|Initial log entry. Current logging level 4
000008.106|wdog |*|00|Initial log entry. Current logging level 4
000008.107|lldp |*|00|Initial log entry. Current logging level 3
000008.107|cdp  |*|00|Initial log entry. Current logging level 3
000008.107|key  |*|00|Initial log entry. Current logging level 4
000008.131|so   |3|00|Platform: Model=VVX 300, Assembly=3111-46135-002 Rev=A Region=0
000008.131|so   |3|00|Platform: Board=3111-46135-002 1 0
000008.132|so   |3|00|Platform: MAC=0004f28e7562
000008.133|so   |3|00|Platform: BootBlock=3.0.4.0028 (46135-002) 30-Jan-13 18:00
000008.134|so   |*|00|Platform: BootL1=1.0.0.0009 (46135-002) 11-Jan-13 14:23
000008.134|so   |3|00|Application, main: Label=Updater, Version=Peridot 5.1.4.0844 20-Mar-13 14:16
000008.134|so   |3|00|Application, main: P/N=3150-11069-514
000008.134|so   |5|00|Platform: Both images are incorrect, will use Primary Image.
000008.134|log  |*|00|Install file upload callback for 'Updater'

000008.135|app1 |*|00|Initial log entry. Current logging level 3
000008.149|cfg  |*|00|Initial log entry. Current logging level 2
000009.101|so   |3|00|Link status is Net up Speed 100 full Duplex, PC down.
000008.094|so   |*|00|---------- Initial log entry ----------
000008.094|so   |*|00|+++ Note that Updater log times are in GMT +++
000008.094|boot |*|00|Initial log entry. Current logging level 3
000008.094|copy |*|00|Initial log entry. Current logging level 3
000008.094|utilm|*|00|Initial log entry. Current logging level 4
000008.094|hw   |*|00|Initial log entry. Current logging level 4
000008.094|ethf |*|00|Initial log entry. Current logging level 4
000008.094|dns  |*|00|Initial log entry. Current logging level 3
000008.095|curl |*|00|Initial log entry. Current logging level 3
000008.095|sec  |*|00|Initial log entry. Current logging level 4
000008.107|wdog |*|00|Initial log entry. Current logging level 4
000008.107|lldp |*|00|Initial log entry. Current logging level 3
000008.108|cdp  |*|00|Initial log entry. Current logging level 3
000008.108|key  |*|00|Initial log entry. Current logging level 4
000008.131|so   |3|00|Platform: Model=VVX 300, Assembly=3111-46135-002 Rev=A Region=0
000008.131|so   |3|00|Platform: Board=3111-46135-002 1 0
000008.132|so   |3|00|Platform: MAC=0004f28e7562
000008.133|so   |3|00|Platform: BootBlock=3.0.4.0028 (46135-002) 30-Jan-13 18:00
000008.134|so   |*|00|Platform: BootL1=1.0.0.0009 (46135-002) 11-Jan-13 14:23
000008.134|so   |3|00|Application, main: Label=Updater, Version=Peridot 5.1.4.0844 20-Mar-13 14:16
000008.134|so   |3|00|Application, main: P/N=3150-11069-514
000008.134|so   |5|00|Platform: Both images are incorrect, will use Primary Image.
000008.134|log  |*|00|Install file upload callback for 'Updater'

000008.135|app1 |*|00|Initial log entry. Current logging level 3
000008.149|cfg  |*|00|Initial log entry. Current logging level 2
000009.101|so   |3|00|Link status is Net up Speed 100 full Duplex, PC down.
000008.090|so   |*|00|---------- Initial log entry ----------
000008.090|so   |*|00|+++ Note that Updater log times are in GMT +++
000008.090|boot |*|00|Initial log entry. Current logging level 3
000008.090|copy |*|00|Initial log entry. Current logging level 3
000008.090|utilm|*|00|Initial log entry. Current logging level 4
000008.090|hw   |*|00|Initial log entry. Current logging level 4
000008.090|ethf |*|00|Initial log entry. Current logging level 4
000008.091|dns  |*|00|Initial log entry. Current logging level 3
000008.091|curl |*|00|Initial log entry. Current logging level 3
000008.091|sec  |*|00|Initial log entry. Current logging level 4
000008.103|wdog |*|00|Initial log entry. Current logging level 4
000008.104|lldp |*|00|Initial log entry. Current logging level 3
000008.104|cdp  |*|00|Initial log entry. Current logging level 3
000008.104|key  |*|00|Initial log entry. Current logging level 4
000008.131|so   |3|00|Platform: Model=VVX 300, Assembly=3111-46135-002 Rev=A Region=0
000008.131|so   |3|00|Platform: Board=3111-46135-002 1 0
000008.132|so   |3|00|Platform: MAC=0004f28e7562
000008.133|so   |3|00|Platform: BootBlock=3.0.4.0028 (46135-002) 30-Jan-13 18:00
000008.134|so   |*|00|Platform: BootL1=1.0.0.0009 (46135-002) 11-Jan-13 14:23
000008.134|so   |3|00|Application, main: Label=Updater, Version=Peridot 5.1.4.0844 20-Mar-13 14:16
000008.134|so   |3|00|Application, main: P/N=3150-11069-514
000008.134|so   |5|00|Platform: Both images are incorrect, will use Primary Image.
000008.134|log  |*|00|Install file upload callback for 'Updater'

000008.135|app1 |*|00|Initial log entry. Current logging level 3
000008.149|cfg  |*|00|Initial log entry. Current logging level 2
000009.097|so   |3|00|Link status is Net up Speed 100 full Duplex, PC down.
000008.076|so   |*|00|---------- Initial log entry ----------
000008.076|so   |*|00|+++ Note that Updater log times are in GMT +++
000008.077|boot |*|00|Initial log entry. Current logging level 3
000008.077|copy |*|00|Initial log entry. Current logging level 3
000008.077|utilm|*|00|Initial log entry. Current logging level 4
000008.077|hw   |*|00|Initial log entry. Current logging level 4
000008.077|ethf |*|00|Initial log entry. Current logging level 4
000008.077|dns  |*|00|Initial log entry. Current logging level 3
000008.077|curl |*|00|Initial log entry. Current logging level 3
000008.077|sec  |*|00|Initial log entry. Current logging level 4
000008.090|wdog |*|00|Initial log entry. Current logging level 4
000008.090|lldp |*|00|Initial log entry. Current logging level 3
000008.090|cdp  |*|00|Initial log entry. Current logging level 3
000008.090|key  |*|00|Initial log entry. Current logging level 4
000008.121|so   |3|00|Platform: Model=VVX 300, Assembly=3111-46135-002 Rev=A Region=0
000008.122|so   |3|00|Platform: Board=3111-46135-002 1 0
000008.122|so   |3|00|Platform: MAC=0004f28e7562
000008.123|so   |3|00|Platform: BootBlock=3.0.4.0028 (46135-002) 30-Jan-13 18:00
000008.124|so   |*|00|Platform: BootL1=1.0.0.0009 (46135-002) 11-Jan-13 14:23
000008.124|so   |3|00|Application, main: Label=Updater, Version=Peridot 5.1.4.0844 20-Mar-13 14:16
000008.124|so   |3|00|Application, main: P/N=3150-11069-514
000008.124|so   |5|00|Platform: Both images are incorrect, will use Primary Image.
000008.124|log  |*|00|Install file upload callback for 'Updater'

000008.126|app1 |*|00|Initial log entry. Current logging level 3
000008.139|cfg  |*|00|Initial log entry. Current logging level 2
000008.143|dot1x|*|00|Initial log entry. Current logging level 3
000008.143|app1 |3|00|Starting provisioning because of the start type.
000008.344|tls  |*|00|Initial log entry. Current logging level 4
000009.082|so   |3|00|Link status is Net up Speed 100 full Duplex, PC down.
000011.463|lldp |3|00|Enabling 802.1Q tagging, VLAN ID = 111 (from LLDP/CDP)
000011.463|lldp |5|00|VLAN Id has changed to 111.
000014.423|lldp |3|00|LLDP received a response from a switch. LLDP enabled.
000014.480|dhcpc|*|00|Initial log entry. Current logging level 4
000019.236|dns  |*|00|DNS resolver servers are '8.8.8.8' '8.8.4.4'
000019.236|dns  |*|00|DNS resolver search domain is ''
000019.237|app1 |3|00|DNS resolver servers are '8.8.8.8' '8.8.4.4'
000019.237|app1 |3|00|DNS resolver search domain is ''
000019.357|dns  |3|00|DNS lookup for (A) 'p.voxter.com'(74.114.208.245) TTL=4703
000019.359|app1 |3|00|DHCP returned result 0x18F from server 10.2.0.2.
000019.359|app1 |3|00|   Phone IP address is 10.2.0.196.
000019.359|app1 |3|00|   Subnet mask is 255.255.255.0.
000019.359|app1 |3|00|   Gateway address is 10.2.0.1.
000019.359|app1 |3|00|   Provisioning server address is http://p.voxter.com/.
000019.359|app1 |3|00|   DNS server is 8.8.8.8.
000019.359|app1 |3|00|   DNS alternate server is 8.8.4.4.
000019.508|dns  |3|00|DNS lookup for (A) 'pool.ntp.org'(24.102.6.62,199.182.221.110,69.28.67.44) TTL=87
0422014416|app1 |3|00|Time has been set from pool.ntp.org (24.102.6.62).
0422014416|app1 |3|00|   1429667056: 2015-4-22, 1:44:16, DST off
0422014416|copy |3|00|'http://PlcmSpIp:****@p.voxter.com/0004f28e7562.cfg' from 'p.voxter.com(74.114.208.245)'
0422014416|copy |3|00|Download of '0004f28e7562.cfg' succeeded on attempt 1 (addr 1 of 1)
0422014416|cfg  |*|00|Prov|Starting to update 3111-46135-002.sip.ld
0422014416|copy |3|00|'http://PlcmSpIp:****@p.voxter.com/3111-46135-002.sip.ld' from 'p.voxter.com(74.114.208.245)'
0422014417|cfg  |3|00|New load header information:
0422014417|cfg  |3|00|Code length:         0x027559F0
0422014417|cfg  |3|00|Code Checksum:       0x38A3BFD9
0422014417|cfg  |3|00|Options:             0x00000080
0422014417|cfg  |3|00|Recognized container image
0422014417|cfg  |3|00|New load header information:
0422014417|cfg  |3|00|Code length:         0x020760FC
0422014417|cfg  |3|00|Code Checksum:       0x02B7DAEB
0422014417|cfg  |3|00|Options:             0x00000002
0422014417|cfg  |3|00|Application header is different
0422014417|cfg  |3|00|Application in container image 1 is different
0422014417|cfg  |3|00|New load header information:
0422014417|cfg  |3|00|Code length:         0x006DEFE4
0422014417|cfg  |3|00|Code Checksum:       0x38A32210
0422014417|cfg  |3|00|Options:             0x00000010
0422014417|cfg  |3|00|Updater header is different
0422014417|cfg  |3|00|Updater in container image 2 is different
0422014417|cfg  |3|00|Using Updater
0422015615|cfg  |*|00|Prov|Updating the Updater
0422015615|cfg  |3|00|Using compatible image 0
0422015828|copy |3|00|Download of '3111-46135-002.sip.ld' succeeded on attempt 1 (addr 1 of 1)
0422015828|sig  |*|00|Initial log entry. Current logging level 3
0422015828|sig  |3|00|hwSigParseRemove: found key Sig_3.
0422015829|cfg  |3|00|Good image signature
0422015829|cfg  |4|00|Removing application...
0422015834|cfg  |3|00|Programming Updater from sector 320 to 575
0422015840|cfg  |3|00|Programming to sector 320 complete
0422015842|cfg  |*|00|Prov|Image has been changed
0422015842|cfg  |*|00|Prov|Provisioning needs to reboot to upgrade image(s)
000008.565|so   |*|00|---------- Initial log entry ----------
000008.565|so   |*|00|+++ Note that Updater log times are in GMT +++
000008.565|boot |*|00|Initial log entry. Current logging level 3
000008.565|copy |*|00|Initial log entry. Current logging level 3
000008.565|utilm|*|00|Initial log entry. Current logging level 4
000008.566|hw   |*|00|Initial log entry. Current logging level 4
000008.566|ethf |*|00|Initial log entry. Current logging level 4
000008.566|dns  |*|00|Initial log entry. Current logging level 3
000008.566|curl |*|00|Initial log entry. Current logging level 3
000008.566|sec  |*|00|Initial log entry. Current logging level 4
000008.810|wdog |*|00|Initial log entry. Current logging level 4
000008.810|lldp |*|00|Initial log entry. Current logging level 3
000008.810|cdp  |*|00|Initial log entry. Current logging level 3
000008.811|key  |*|00|Initial log entry. Current logging level 4
000008.811|so   |3|00|SoKeyC::keyboardSetup(): Assigning virtual key: hwId 45 soKeyConcordVirtualTab[i].function 53
000008.841|so   |3|00|Platform: Model=VVX 300, Assembly=3111-46135-002 Rev=A Region=0
000008.841|so   |3|00|Platform: Board=3111-46135-002 1 0
000008.842|so   |3|00|Platform: MAC=0004f28e7562
000008.843|so   |3|00|Platform: BootBlock=3.0.4.0028 (46135-002) 30-Jan-13 18:00
000008.844|so   |*|00|Platform: BootL1=1.0.0.0009 (46135-002) 11-Jan-13 14:23
000008.844|so   |3|00|Application, main: Label=Updater, Version=Fayalite 5.5.0.13251 24-Mar-15 02:46
000008.844|so   |3|00|Application, main: P/N=3150-11069-550
000008.844|log  |*|00|Install file upload callback for 'Updater'

000008.845|app1 |*|00|Initial log entry. Current logging level 3
000008.857|cfg  |*|00|Initial log entry. Current logging level 2
000008.862|dot1x|*|00|Initial log entry. Current logging level 3
000008.862|app1 |3|00|Starting provisioning because of the start type.
000009.067|tls  |*|00|Initial log entry. Current logging level 4
000009.805|so   |3|00|Link status is Net up Speed 100 full Duplex, PC down.
000011.886|lldp |3|00|Enabling 802.1Q tagging, VLAN ID = 111 (from LLDP/CDP)
000011.886|lldp |5|00|VLAN Id has changed to 111.
000015.159|lldp |3|00|LLDP received a response from a switch. LLDP enabled.
000015.352|dhcpc|*|00|Initial log entry. Current logging level 2
000015.353|dhcpc|3|00|dhcAddIf v4 succeeds: eth0.111.
000015.358|dhcpc|3|00|dhcRebind v4: Will wait until sync rebind completes.
000015.893|dhcpc|3|00|relLease(0) v4: Succeeded to fork dhclient to terminate.
000016.545|dhcpc|3|00|dhcListener: Read succeeds: eth0.111 state: PREINIT
.
000016.545|dhcpc|4|00|DhcpClient::processLine: no callback for state 1 if eth0.111
000017.761|dhcpc|3|00|dhcListener: Read succeeds: eth0.111 ip: 10.2.0.196
.
000017.762|dhcpc|3|00|dhcListener: Read succeeds: eth0.111 option: subnet-mask 255.255.255.0
.
000017.764|dhcpc|3|00|dhcListener: Read succeeds: eth0.111 option: routers 10.2.0.1
.
000017.766|dhcpc|3|00|dhcListener: Read succeeds: eth0.111 option: domain-name-servers 8.8.8.8 8.8.4.4
.
000017.767|dhcpc|3|00|dhcListener: Read succeeds: eth0.111 option: dhcp-lease-time 600
.
000017.768|dhcpc|3|00|dhcListener: Read succeeds: eth0.111 option: tftp-server-name http://p.voxter.com/
.
000017.770|dhcpc|3|00|dhcListener: Read succeeds: eth0.111 option: dhcp-server-identifier 10.2.0.2
.
000017.775|dhcpc|3|00|dhcListener: Read succeeds: eth0.111 option: broadcast-address 10.2.0.255
.
000017.779|dhcpc|3|00|dhcListener: Read succeeds: eth0.111 option: dhcp-lease-time 600
.
000017.781|dhcpc|3|00|dhcListener: Read succeeds: eth0.111 option: dhcp-message-type 5
.
000017.816|dhcpc|3|00|dhcListener: Read succeeds: eth0.111 state: BOUND
.
000017.817|dhcpc|4|00|DhcpClient::processLine: no callback for state 2 if eth0.111
000017.818|dhcpc|3|00|dhcRebind v4: Sync rebind succeeds.
000017.818|dhcpc|3|00|Program eth0.111 to use subnet mask 255.255.255.0, result 0.
000017.819|dhcpc|3|00|Program eth0.111 to use ip address 10.2.0.196, result 0.
000017.819|dhcpc|3|00|Program eth0.111 to use router 10.2.0.1, result 0.
000017.836|dhcpc|3|00|getLease v4: Succeeded to fork dhclient for interface eth0.111.
000018.828|ares |*|00|Initial log entry. Current logging level 3
000018.829|dns  |*|00|DNS resolver servers are '8.8.8.8' '8.8.4.4'
000018.829|dns  |*|00|DNS resolver search domain is ''
000018.830|app1 |3|00|DNS resolver servers are '8.8.8.8' '8.8.4.4'
000018.830|app1 |3|00|DNS resolver search domain is ''
000019.036|app1 |3|00|DHCP returned result 0x18F from server 10.2.0.2.
000019.036|app1 |3|00|   Phone IPv4 address is 10.2.0.196.
000019.036|app1 |3|00|   Subnet mask is 255.255.255.0.
000019.036|app1 |3|00|   Gateway address is 10.2.0.1.
000019.036|app1 |3|00|   Provisioning server address is http://p.voxter.com/.
000019.036|app1 |3|00|   DNS server is 8.8.8.8
000019.036|app1 |3|00|   DNS alternate server is 8.8.4.4.
0422015917|app1 |3|00|Time has been set from pool.ntp.org (208.80.96.96).
0422015917|app1 |3|00|   1429667957: 2015-4-22, 1:59:17, DST off
0422015917|copy |3|00|'http://PlcmSpIp:****@p.voxter.com/0004f28e7562.cfg' from 'p.voxter.com(74.114.208.245)'
0422015917|copy |3|00|Download of '0004f28e7562.cfg' succeeded on attempt 1 (addr 1 of 1)
0422015917|cfg  |*|00|Prov|Starting to update 3111-46135-002.sip.ld
0422015917|copy |3|00|'http://PlcmSpIp:****@p.voxter.com/3111-46135-002.sip.ld' from 'p.voxter.com(74.114.208.245)'
0422015918|cfg  |3|00|New load header information:
0422015918|cfg  |3|00|Code length:         0x027559F0
0422015918|cfg  |3|00|Code Checksum:       0x38A3BFD9
0422015918|cfg  |3|00|Options:             0x00000080
0422015918|cfg  |3|00|Recognized container image
0422015918|cfg  |3|00|New load header information:
0422015918|cfg  |3|00|Code length:         0x020760FC
0422015918|cfg  |3|00|Code Checksum:       0x02B7DAEB
0422015918|cfg  |3|00|Options:             0x00000002
0422015918|cfg  |3|00|Could not open application file for checking
0422015918|cfg  |3|00|Application in container image 1 is different
0422015918|cfg  |3|00|New load header information:
0422015918|cfg  |3|00|Code length:         0x006DEFE4
0422015918|cfg  |3|00|Code Checksum:       0x38A32210
0422015918|cfg  |3|00|Options:             0x00000010
0422015918|cfg  |3|00|Updater is already present
0422015918|cfg  |3|00|Updater in container image 2 is not different
0422015918|cfg  |3|00|Using application
0422015918|cfg  |*|00|Prov|Updating the Application
0422015918|cfg  |3|00|Using compatible image 0
0422020352|dhcpc|3|00|dhcListener: Read succeeds: eth0.111 state: RENEW
.
0422020352|dhcpc|4|00|DhcpClient::processLine: no callback for state 6 if eth0.111
0422020739|copy |3|00|buffered_write: transfer terminated
0422020739|copy |3|00|Download of '3111-46135-002.sip.ld' succeeded on attempt 1 (addr 1 of 1)
0422020740|sig  |*|00|Initial log entry. Current logging level 3
0422020740|sig  |3|00|hwSigParseRemove: found key Sig_3.
0422020742|cfg  |3|00|Good image signature
0422020743|cfg  |3|00|Programming 34038588 bytes into tffs in 4K blocks
0422020746|cfg  |3|00|Extracting application files
0422020746|cfg  |3|00|New load header information:
0422020746|cfg  |3|00|Code length:         0x020760FC
0422020746|cfg  |3|00|Code Checksum:       0x02B7DAEB
0422020746|cfg  |3|00|Options:             0x00000002
0422020809|dhcpc|3|00|dhcListener: Read succeeds: eth0.111 state: RENEW
.
0422020809|dhcpc|4|00|DhcpClient::processLine: no callback for state 6 if eth0.111
0422021011|cfg  |3|00|Finished extracting application files (OK)
0422021018|cfg  |3|00|File system is synchronized
0422021019|cfg  |*|00|Prov|Succeeded updating file 3111-46135-002.sip.ld
0422021019|cfg  |*|00|Prov|Image has been changed
0422021019|cfg  |3|00|Prov|Provisioning succeeded
0422021019|app1 |3|00|Application, load: Type=SIP, Version=5.3.0.12074 24-Mar-15 03:06
0422021019|cfg  |*|00|Prov|Finished updating configuration
0422021019|boot |*|00|Using TFFS for flash load
0422021019|boot |*|00|Code length:         0x020760FC
0422021019|boot |*|00|Code checksum:       0x02B7DAEB
0422021019|app1 |4|00|Loaded application sip.ld from local system successfully.
0422021019|app1 |6|00|Uploading boot log, time is Wed Apr 22 02:10:19 2015

0422021019|copy |3|00|'http://PlcmSpIp:****@p.voxter.com/logs/0004f28e7562-boot.log' to 'p.voxter.com(74.114.208.245)'
0422021019|copy |3|00|Upload of 'logs/0004f28e7562-boot.log' succeeded on attempt 1 (addr 1 of 1)
0422021020|dhcpc|3|00|relLease(0) v4: Succeeded to fork dhclient to terminate.
0422021035|cfg  |3|00|Prov|Shutting down
