000001.810|so   |*|01|---------- Initial log entry ----------
000001.810|so   |*|01|+++ Note that Updater log times are in GMT +++
000001.810|boot |*|01|Initial log entry. Current logging level 3
000001.810|copy |*|01|Initial log entry. Current logging level 3
000001.810|utilm|*|01|Initial log entry. Current logging level 4
000001.810|hw   |*|01|Initial log entry. Current logging level 4
000001.810|ethf |*|01|Initial log entry. Current logging level 4
000001.810|dns  |*|01|Initial log entry. Current logging level 3
000001.810|curl |*|01|Initial log entry. Current logging level 3
000001.810|sec  |*|01|Initial log entry. Current logging level 4
000002.120|wdog |*|01|Initial log entry. Current logging level 4
000002.120|lldp |*|01|Initial log entry. Current logging level 3
000002.120|cdp  |*|01|Initial log entry. Current logging level 3
000002.120|key  |*|01|Initial log entry. Current logging level 4
000002.121|so   |3|01|Platform: Model=SoundStation IP 7000, Assembly=3111-40000-001 Rev=N Region=
000002.121|so   |3|01|Platform: Board=3111-40000-001 1 0
000002.121|so   |3|01|Platform: MAC=0004f2efb1d5
000002.121|so   |3|01|Platform: BootBlock=3.0.2.0024 (40000-001) 30-Nov-10 15:04
000002.121|so   |*|01|Platform: BootL1=Standalone.0002 15-Jan-07 15:05:00
000002.121|so   |3|01|Application, main: Label=Updater, Version=Azurite 5.0.5.2324 09-Dec-13 14:37
000002.121|so   |3|01|Application, main: P/N=YYYY-YYYYY-YYY
000002.121|log  |*|01|Install file upload callback for 'Updater'

000002.121|app1 |*|01|Initial log entry. Current logging level 3
000002.124|cfg  |*|01|Initial log entry. Current logging level 2
000002.125|dot1x|*|01|Initial log entry. Current logging level 3
000002.125|app1 |3|01|Starting provisioning because of the start type.
000003.108|so   |3|01|Link status is Net up Speed 100 full Duplex.
000005.813|tls  |*|01|Initial log entry. Current logging level 4
000011.959|lldp |3|01|LLDP received a response from a switch. LLDP enabled.
000016.073|dns  |*|01|DNS resolver servers are '8.8.8.8' '8.8.4.4'
000016.073|dns  |*|01|DNS resolver search domain is ''
000016.121|dns  |3|01|DNS lookup for (A) 'p.voxter.com'(74.114.208.245) TTL=154
000016.122|app1 |3|01|DHCP returned result 0x187 from server 10.2.0.1.
000016.122|app1 |3|01|   Phone IP address is 10.2.0.17.
000016.122|app1 |3|01|   Subnet mask is 255.255.255.0.
000016.122|app1 |3|01|   Gateway address is 10.2.0.1.
000016.122|app1 |3|01|   DNS server is 8.8.8.8.
000016.122|app1 |3|01|   DNS alternate server is 8.8.4.4.
000016.131|copy |3|01|'http://PlcmSpIp:****@p.voxter.com/3111-40000-001.updater.ld' from 'p.voxter.com(74.114.208.245)'
000016.155|dns  |3|01|DNS lookup for (A) 'pool.ntp.org'(166.70.136.41,209.118.204.201,67.227.252.196) TTL=81
1221095139|app1 |3|01|Time has been set from pool.ntp.org (166.70.136.41).
1221095139|app1 |3|01|   1419155499: 2014-12-21, 9:51:39, DST off
1221095139|cfg  |*|01|Prov|Starting to update 3111-40000-001.updater.ld
1221095139|cfg  |3|01|Image 3111-40000-001.updater.ld has not changed
1221095139|copy |3|01|buffered_write: transfer Terminated on entry. Return 0
1221095139|copy |3|01|Download of '3111-40000-001.updater.ld' succeeded on attempt 1 (addr 1 of 1)
1221095139|copy |3|01|'http://PlcmSpIp:****@p.voxter.com/0004f2efb1d5.cfg' from 'p.voxter.com(74.114.208.245)'
1221095139|copy |3|01|Download of '0004f2efb1d5.cfg' succeeded on attempt 1 (addr 1 of 1)
1221095139|cfg  |*|01|Prov|Starting to update 3111-40000-001.sip.ld
1221095139|copy |3|01|'http://PlcmSpIp:****@p.voxter.com/3111-40000-001.sip.ld' from 'p.voxter.com(74.114.208.245)'
1221095140|cfg  |3|01|New load header information:
1221095140|cfg  |3|01|Code length:         0x00B228B4
1221095140|cfg  |3|01|Code Checksum:       0x58BAE6F9
1221095140|cfg  |3|01|Options:             0x00000102
1221095140|cfg  |3|01|Application header is different
1221095140|cfg  |3|01|Recognized application
1221095140|cfg  |*|01|Prov|Updating the Application
1221095140|cfg  |3|01|Using compatible image 0
1221095224|copy |3|01|Download of '3111-40000-001.sip.ld' succeeded on attempt 1 (addr 1 of 1)
1221095224|sig  |*|01|Initial log entry. Current logging level 3
1221095224|sig  |3|01|hwSigParseRemove: found key Sig_3.
1221095224|cfg  |3|01|Good image signature
1221095225|cfg  |3|01|Programming 11676388 bytes into tffs in 4K blocks
1221095633|cfg  |*|01|Prov|Succeeded updating file 3111-40000-001.sip.ld
1221095633|cfg  |*|01|Prov|Image has been changed
1221095633|cfg  |3|01|Prov|Provisioning succeeded
1221095633|app1 |3|01|Application, load: Type=SIP, Version=4.0.7.2514 13-Jul-14 21:03
1221095633|cfg  |*|01|Prov|Finished updating configuration
1221095633|boot |*|01|Using TFFS for flash load
1221095633|boot |*|01|Code length:         0x00B228B4
1221095633|boot |*|01|Code checksum:       0x58BAE6F9
1221095649|app1 |4|01|Loaded application sip.ld from local system successfully.
1221095649|app1 |6|01|Uploading boot log, time is Sun Dec 21 09:56:49 2014

1221095649|dns  |3|01|DNS lookup for (A) 'p.voxter.com'(74.114.208.245) TTL=21599
1221095649|copy |3|01|'http://PlcmSpIp:****@p.voxter.com/logs/0004f2efb1d5-boot.log' to 'p.voxter.com(74.114.208.245)'
1221095649|copy |3|01|Upload of 'logs/0004f2efb1d5-boot.log' succeeded on attempt 1 (addr 1 of 1)
1221095649|cfg  |3|01|Prov|Shutting down
000040.279|so   |*|01|---------- Initial log entry ----------
000040.279|so   |*|01|+++ Note that Updater log times are in GMT +++
000040.279|boot |*|01|Initial log entry. Current logging level 3
000040.279|copy |*|01|Initial log entry. Current logging level 3
000040.279|utilm|*|01|Initial log entry. Current logging level 4
000040.279|hw   |*|01|Initial log entry. Current logging level 4
000040.279|ethf |*|01|Initial log entry. Current logging level 4
000040.279|dns  |*|01|Initial log entry. Current logging level 3
000040.279|curl |*|01|Initial log entry. Current logging level 3
000040.279|sec  |*|01|Initial log entry. Current logging level 4
000040.591|wdog |*|01|Initial log entry. Current logging level 4
000040.591|lldp |*|01|Initial log entry. Current logging level 3
000040.591|cdp  |*|01|Initial log entry. Current logging level 3
000040.591|key  |*|01|Initial log entry. Current logging level 4
000040.591|so   |3|01|Platform: Model=SoundStation IP 7000, Assembly=3111-40000-001 Rev=N Region=
000040.591|so   |3|01|Platform: Board=3111-40000-001 1 0
000040.592|so   |3|01|Platform: MAC=0004f2efb1d5
000040.592|so   |3|01|Platform: BootBlock=3.0.2.0024 (40000-001) 30-Nov-10 15:04
000040.592|so   |*|01|Platform: BootL1=Standalone.0002 15-Jan-07 15:05:00
000040.592|so   |3|01|Application, main: Label=Updater, Version=Azurite 5.0.5.2324 09-Dec-13 14:37
000040.592|so   |3|01|Application, main: P/N=YYYY-YYYYY-YYY
000040.592|log  |*|01|Install file upload callback for 'Updater'

000040.592|app1 |*|01|Initial log entry. Current logging level 3
000040.592|app1 |5|01|System shutdown failed.
000040.596|cfg  |*|01|Initial log entry. Current logging level 2
000040.601|app1 |3|01|Application, load: Type=SIP, Version=4.0.7.2514 13-Jul-14 21:03
000040.602|boot |*|01|Using TFFS for flash load
000040.602|boot |*|01|Code length:         0x00B228B4
000040.602|boot |*|01|Code checksum:       0x58BAE6F9
000041.575|so   |3|01|Link status is Net up Speed 100 full Duplex.
000057.470|app1 |4|01|Loaded application sip.ld from local system successfully.
000001.558|so   |*|01|---------- Initial log entry ----------
000001.558|so   |*|01|+++ Note that Updater log times are in GMT +++
000001.558|boot |*|01|Initial log entry. Current logging level 3
000001.558|copy |*|01|Initial log entry. Current logging level 3
000001.558|utilm|*|01|Initial log entry. Current logging level 4
000001.558|hw   |*|01|Initial log entry. Current logging level 4
000001.558|ethf |*|01|Initial log entry. Current logging level 4
000001.558|dns  |*|01|Initial log entry. Current logging level 3
000001.558|curl |*|01|Initial log entry. Current logging level 3
000001.558|sec  |*|01|Initial log entry. Current logging level 4
000001.870|wdog |*|01|Initial log entry. Current logging level 4
000001.870|lldp |*|01|Initial log entry. Current logging level 3
000001.870|cdp  |*|01|Initial log entry. Current logging level 3
000001.870|key  |*|01|Initial log entry. Current logging level 4
000001.870|so   |3|01|Platform: Model=SoundStation IP 7000, Assembly=3111-40000-001 Rev=N Region=
000001.870|so   |3|01|Platform: Board=3111-40000-001 1 0
000001.870|so   |3|01|Platform: MAC=0004f2efb1d5
000001.871|so   |3|01|Platform: BootBlock=3.0.2.0024 (40000-001) 30-Nov-10 15:04
000001.871|so   |*|01|Platform: BootL1=Standalone.0002 15-Jan-07 15:05:00
000001.871|so   |3|01|Application, main: Label=Updater, Version=Azurite 5.0.5.2324 09-Dec-13 14:37
000001.871|so   |3|01|Application, main: P/N=YYYY-YYYYY-YYY
000001.871|log  |*|01|Install file upload callback for 'Updater'

000001.871|app1 |*|01|Initial log entry. Current logging level 3
000001.875|cfg  |*|01|Initial log entry. Current logging level 2
000001.876|dot1x|*|01|Initial log entry. Current logging level 3
000005.665|tls  |*|01|Initial log entry. Current logging level 4
000005.691|ethf |4|01|utilEthFilterInit: VLAN Filter disabled, Storm Filter enabled
000005.854|so   |3|01|Link status is Net up Speed 100 full Duplex.
000011.836|lldp |3|01|LLDP received a response from a switch. LLDP enabled.
000015.954|dns  |*|01|DNS resolver servers are '8.8.8.8' '8.8.4.4'
000015.954|dns  |*|01|DNS resolver search domain is ''
000016.001|dns  |3|01|DNS lookup for (A) 'p.voxter.com'(74.114.208.245) TTL=21568
000016.002|app1 |3|01|DHCP returned result 0x187 from server 10.2.0.1.
000016.002|app1 |3|01|   Phone IP address is 10.2.0.17.
000016.002|app1 |3|01|   Subnet mask is 255.255.255.0.
000016.002|app1 |3|01|   Gateway address is 10.2.0.1.
000016.002|app1 |3|01|   DNS server is 8.8.8.8.
000016.002|app1 |3|01|   DNS alternate server is 8.8.4.4.
000016.038|dns  |3|01|DNS lookup for (A) 'pool.ntp.org'(66.228.42.59,50.116.56.17,70.35.113.43) TTL=104
0203060015|app1 |3|01|Time has been set from pool.ntp.org (66.228.42.59).
0203060015|app1 |3|01|   1422943215: 2015-2-3, 6:0:15, DST off
0203060016|copy |3|01|'http://PlcmSpIp:****@p.voxter.com/3111-40000-001.updater.ld' from 'p.voxter.com(74.114.208.245)'
0203060016|cfg  |*|01|Prov|Starting to update 3111-40000-001.updater.ld
0203060016|cfg  |3|01|Image 3111-40000-001.updater.ld has not changed
0203060016|copy |3|01|buffered_write: transfer Terminated on entry. Return 0
0203060016|copy |3|01|Download of '3111-40000-001.updater.ld' succeeded on attempt 1 (addr 1 of 1)
0203060016|copy |3|01|'http://PlcmSpIp:****@p.voxter.com/0004f2efb1d5.cfg' from 'p.voxter.com(74.114.208.245)'
0203060016|copy |3|01|Download of '0004f2efb1d5.cfg' succeeded on attempt 1 (addr 1 of 1)
0203060017|cfg  |*|01|Prov|Starting to update 3111-40000-001.sip.ld
0203060017|copy |3|01|'http://PlcmSpIp:****@p.voxter.com/3111-40000-001.sip.ld' from 'p.voxter.com(74.114.208.245)'
0203060017|cfg  |3|01|Image 3111-40000-001.sip.ld has not changed
0203060017|copy |3|01|buffered_write: transfer Terminated on entry. Return 0
0203060017|copy |3|01|Download of '3111-40000-001.sip.ld' succeeded on attempt 1 (addr 1 of 1)
0203060017|cfg  |3|01|Prov|Provisioning succeeded
0203060017|app1 |3|01|Application, load: Type=SIP, Version=4.0.7.2514 13-Jul-14 21:03
0203060017|cfg  |*|01|Prov|Finished updating configuration
0203060017|boot |*|01|Using TFFS for flash load
0203060017|boot |*|01|Code length:         0x00B228B4
0203060017|boot |*|01|Code checksum:       0x58BAE6F9
0203060032|app1 |4|01|Loaded application sip.ld from local system successfully.
0203060032|app1 |6|01|Uploading boot log, time is Tue Feb  3 06:00:32 2015

0203060033|copy |3|01|'http://PlcmSpIp:****@p.voxter.com/logs/0004f2efb1d5-boot.log' to 'p.voxter.com(74.114.208.245)'
0203060033|copy |3|01|Upload of 'logs/0004f2efb1d5-boot.log' succeeded on attempt 1 (addr 1 of 1)
0203060033|cfg  |3|01|Prov|Shutting down
000001.519|so   |*|01|---------- Initial log entry ----------
000001.519|so   |*|01|+++ Note that Updater log times are in GMT +++
000001.519|boot |*|01|Initial log entry. Current logging level 3
000001.519|copy |*|01|Initial log entry. Current logging level 3
000001.519|utilm|*|01|Initial log entry. Current logging level 4
000001.519|hw   |*|01|Initial log entry. Current logging level 4
000001.519|ethf |*|01|Initial log entry. Current logging level 4
000001.519|dns  |*|01|Initial log entry. Current logging level 3
000001.519|curl |*|01|Initial log entry. Current logging level 3
000001.519|sec  |*|01|Initial log entry. Current logging level 4
000001.831|wdog |*|01|Initial log entry. Current logging level 4
000001.831|lldp |*|01|Initial log entry. Current logging level 3
000001.831|cdp  |*|01|Initial log entry. Current logging level 3
000001.831|key  |*|01|Initial log entry. Current logging level 4
000001.831|so   |3|01|Platform: Model=SoundStation IP 7000, Assembly=3111-40000-001 Rev=N Region=
000001.831|so   |3|01|Platform: Board=3111-40000-001 1 0
000001.831|so   |3|01|Platform: MAC=0004f2efb1d5
000001.832|so   |3|01|Platform: BootBlock=3.0.2.0024 (40000-001) 30-Nov-10 15:04
000001.832|so   |*|01|Platform: BootL1=Standalone.0002 15-Jan-07 15:05:00
000001.832|so   |3|01|Application, main: Label=Updater, Version=Azurite 5.0.5.2324 09-Dec-13 14:37
000001.832|so   |3|01|Application, main: P/N=YYYY-YYYYY-YYY
000001.832|log  |*|01|Install file upload callback for 'Updater'

000001.832|app1 |*|01|Initial log entry. Current logging level 3
000001.836|cfg  |*|01|Initial log entry. Current logging level 2
000001.841|app1 |3|01|Application, load: Type=SIP, Version=4.0.7.2514 13-Jul-14 21:03
000001.842|boot |*|01|Using TFFS for flash load
000001.842|boot |*|01|Code length:         0x00B228B4
000001.842|boot |*|01|Code checksum:       0x58BAE6F9
000002.815|so   |3|01|Link status is Net up Speed 100 full Duplex.
000017.096|app1 |4|01|Loaded application sip.ld from local system successfully.
