000008.790|so   |*|01|---------- Initial log entry ----------
000008.790|so   |*|01|+++ Note that Updater log times are in GMT +++
000008.790|boot |*|01|Initial log entry. Current logging level 3
000008.790|copy |*|01|Initial log entry. Current logging level 3
000008.790|utilm|*|01|Initial log entry. Current logging level 4
000008.790|hw   |*|01|Initial log entry. Current logging level 4
000008.790|ethf |*|01|Initial log entry. Current logging level 4
000008.790|dns  |*|01|Initial log entry. Current logging level 3
000008.790|curl |*|01|Initial log entry. Current logging level 3
000008.791|sec  |*|01|Initial log entry. Current logging level 4
000008.809|wdog |*|01|Initial log entry. Current logging level 4
000008.809|lldp |*|01|Initial log entry. Current logging level 3
000008.810|cdp  |*|01|Initial log entry. Current logging level 3
000008.810|key  |*|01|Initial log entry. Current logging level 4
000008.851|so   |3|01|Platform: Model=VVX 410, Assembly=3111-46162-001 Rev=A Region=0
000008.851|so   |3|01|Platform: Board=3111-46162-001 2 0
000008.851|so   |3|01|Platform: MAC=0004f28c8e64
000008.852|so   |3|01|Platform: BootBlock=3.0.4.0146 (46162-001) 10-Jan-13 20:21
000008.853|so   |*|01|Platform: BootL1=1.0.0.0041 (46162-001) 10-Jan-13 20:16
000008.853|so   |3|01|Application, main: Label=Updater, Version=Peridot 5.1.4.0844 20-Mar-13 14:16
000008.854|so   |3|01|Application, main: P/N=3150-11069-514
000008.854|so   |5|01|Platform: Both images are incorrect, will use Primary Image.
000008.854|log  |*|01|Install file upload callback for 'Updater'

000008.855|app1 |*|01|Initial log entry. Current logging level 3
000008.899|cfg  |*|01|Initial log entry. Current logging level 2
000009.803|so   |3|01|Link status is Net up Speed 1000 full Duplex, PC down.
000008.156|so   |*|00|---------- Initial log entry ----------
000008.156|so   |*|00|+++ Note that Updater log times are in GMT +++
000008.156|boot |*|00|Initial log entry. Current logging level 3
000008.156|copy |*|00|Initial log entry. Current logging level 3
000008.157|utilm|*|00|Initial log entry. Current logging level 4
000008.157|hw   |*|00|Initial log entry. Current logging level 4
000008.157|ethf |*|00|Initial log entry. Current logging level 4
000008.157|dns  |*|00|Initial log entry. Current logging level 3
000008.157|curl |*|00|Initial log entry. Current logging level 3
000008.157|sec  |*|00|Initial log entry. Current logging level 4
000008.175|wdog |*|00|Initial log entry. Current logging level 4
000008.176|lldp |*|00|Initial log entry. Current logging level 3
000008.176|cdp  |*|00|Initial log entry. Current logging level 3
000008.176|key  |*|00|Initial log entry. Current logging level 4
000008.201|so   |3|00|Platform: Model=VVX 410, Assembly=3111-46162-001 Rev=A Region=0
000008.201|so   |3|00|Platform: Board=3111-46162-001 2 0
000008.202|so   |3|00|Platform: MAC=0004f28c8e64
000008.203|so   |3|00|Platform: BootBlock=3.0.4.0146 (46162-001) 10-Jan-13 20:21
000008.204|so   |*|00|Platform: BootL1=1.0.0.0041 (46162-001) 10-Jan-13 20:16
000008.204|so   |3|00|Application, main: Label=Updater, Version=Peridot 5.1.4.0844 20-Mar-13 14:16
000008.204|so   |3|00|Application, main: P/N=3150-11069-514
000008.204|so   |5|00|Platform: Both images are incorrect, will use Primary Image.
000008.204|log  |*|00|Install file upload callback for 'Updater'

000008.205|app1 |*|00|Initial log entry. Current logging level 3
000008.248|cfg  |*|00|Initial log entry. Current logging level 2
000009.168|so   |3|00|Link status is Net up Speed 1000 full Duplex, PC down.
000008.147|so   |*|00|---------- Initial log entry ----------
000008.147|so   |*|00|+++ Note that Updater log times are in GMT +++
000008.147|boot |*|00|Initial log entry. Current logging level 3
000008.147|copy |*|00|Initial log entry. Current logging level 3
000008.147|utilm|*|00|Initial log entry. Current logging level 4
000008.147|hw   |*|00|Initial log entry. Current logging level 4
000008.147|ethf |*|00|Initial log entry. Current logging level 4
000008.147|dns  |*|00|Initial log entry. Current logging level 3
000008.148|curl |*|00|Initial log entry. Current logging level 3
000008.148|sec  |*|00|Initial log entry. Current logging level 4
000008.166|wdog |*|00|Initial log entry. Current logging level 4
000008.167|lldp |*|00|Initial log entry. Current logging level 3
000008.167|cdp  |*|00|Initial log entry. Current logging level 3
000008.167|key  |*|00|Initial log entry. Current logging level 4
000008.191|so   |3|00|Platform: Model=VVX 410, Assembly=3111-46162-001 Rev=A Region=0
000008.191|so   |3|00|Platform: Board=3111-46162-001 2 0
000008.192|so   |3|00|Platform: MAC=0004f28c8e64
000008.193|so   |3|00|Platform: BootBlock=3.0.4.0146 (46162-001) 10-Jan-13 20:21
000008.193|so   |*|00|Platform: BootL1=1.0.0.0041 (46162-001) 10-Jan-13 20:16
000008.194|so   |3|00|Application, main: Label=Updater, Version=Peridot 5.1.4.0844 20-Mar-13 14:16
000008.194|so   |3|00|Application, main: P/N=3150-11069-514
000008.194|so   |5|00|Platform: Both images are incorrect, will use Primary Image.
000008.194|log  |*|00|Install file upload callback for 'Updater'

000008.195|app1 |*|00|Initial log entry. Current logging level 3
000008.239|cfg  |*|00|Initial log entry. Current logging level 2
000009.165|so   |3|00|Link status is Net up Speed 1000 full Duplex, PC up Speed 1000 full Duplex.
000008.235|so   |*|00|---------- Initial log entry ----------
000008.235|so   |*|00|+++ Note that Updater log times are in GMT +++
000008.235|boot |*|00|Initial log entry. Current logging level 3
000008.235|copy |*|00|Initial log entry. Current logging level 3
000008.235|utilm|*|00|Initial log entry. Current logging level 4
000008.235|hw   |*|00|Initial log entry. Current logging level 4
000008.235|ethf |*|00|Initial log entry. Current logging level 4
000008.236|dns  |*|00|Initial log entry. Current logging level 3
000008.236|curl |*|00|Initial log entry. Current logging level 3
000008.236|sec  |*|00|Initial log entry. Current logging level 4
000008.255|wdog |*|00|Initial log entry. Current logging level 4
000008.255|lldp |*|00|Initial log entry. Current logging level 3
000008.255|cdp  |*|00|Initial log entry. Current logging level 3
000008.255|key  |*|00|Initial log entry. Current logging level 4
000008.281|so   |3|00|Platform: Model=VVX 410, Assembly=3111-46162-001 Rev=A Region=0
000008.281|so   |3|00|Platform: Board=3111-46162-001 2 0
000008.282|so   |3|00|Platform: MAC=0004f28c8e64
000008.283|so   |3|00|Platform: BootBlock=3.0.4.0146 (46162-001) 10-Jan-13 20:21
000008.284|so   |*|00|Platform: BootL1=1.0.0.0041 (46162-001) 10-Jan-13 20:16
000008.284|so   |3|00|Application, main: Label=Updater, Version=Peridot 5.1.4.0844 20-Mar-13 14:16
000008.284|so   |3|00|Application, main: P/N=3150-11069-514
000008.284|so   |5|00|Platform: Both images are incorrect, will use Primary Image.
000008.284|log  |*|00|Install file upload callback for 'Updater'

000008.285|app1 |*|00|Initial log entry. Current logging level 3
000008.331|cfg  |*|00|Initial log entry. Current logging level 2
000009.251|so   |3|00|Link status is Net up Speed 1000 full Duplex, PC up Speed 1000 full Duplex.
