0421183349|wdog |*|00|Watchdog Expired: tSupObjs, 8
0421183349|log  |*|00|---------- Final log entry ----------
001219.150|log  |*|00|---------- Initial log entry ----------
001218.831|rdisk|*|00|Initial log entry. Current logging level 4
001218.834|rdisk|*|00|RAM disk created and mounted at "/rfs0"
001218.834|rdisk|*|00|RAM disk created, size: 16,777,216 bytes
001219.142|so   |*|00|Platform: Model=VVX 300, Assembly=3111-46135-002 Rev=A Region=0
001219.143|so   |*|00|Platform: Interface    eth0 MAC=0004f28e7561
001219.144|so   |*|00|Platform: BootBlock=3.0.4.0028 (46135-002) 30-Jan-13 18:00
001219.145|so   |*|00|Platform: BootL1=1.0.0.0009 (46135-002) 11-Jan-13 14:23
001219.148|so   |*|00|Platform: Updater=5.5.0.13251 24-Mar-15 03:06
001219.148|so   |*|00|Application, main: Label=SIP, Version=Congo 5.3.0.12074 24-Mar-15 02:31
001219.148|so   |*|00|Application, main: P/N=3150-11530-530
001219.148|rdisk|*|00|RAM disk created, size: 16,777,216 bytes
001219.148|ocsp |*|00|O.C.S.P. Enabled = 0
001219.229|tls  |*|00|Initial log entry. Current logging level 4
001219.279|pmt  |*|00|Initial log entry. Current logging level 4
001219.283|wdog |*|00|Initial log entry. Current logging level 4
001219.283|ethf |*|00|Initial log entry. Current logging level 4
001219.284|hw   |*|00|Initial log entry. Current logging level 4
001219.284|ares |*|00|Initial log entry. Current logging level 4
001219.285|dns  |*|00|Initial log entry. Current logging level 4
001219.285|cfg  |*|00|Initial log entry. Current logging level 4
001219.285|cfg  |*|00|Prm|cfgParamBaseProfileUpdate: Using Base Profile Generic
001219.287|dot1x|*|00|Initial log entry. Current logging level 4
001219.463|lic  |*|00|Initial log entry. Current logging level 4
001219.484|lic  |5|00|cfgCfsFlashKeyScratchLoad: could not load flash len 976
001219.485|lic  |*|00|License expiry check in 671 seconds
001219.549|curl |*|00|Initial log entry. Current logging level 4
001219.549|utilm|*|00|Initial log entry. Current logging level 4
001219.549|copy |*|00|Initial log entry. Current logging level 4
001219.549|rtos |*|00|Initial log entry. Current logging level 4
001225.033|pgui |*|00|Initial log entry. Current logging level 4
001228.209|dhcpc|*|00|Initial log entry. Current logging level 4
001231.366|cfg  |*|00|RT|   Phone IP address is 10.2.0.228.
001231.367|cfg  |*|00|RT|   Subnet mask is 255.255.255.0.
001231.367|cfg  |*|00|RT|   Gateway address is 10.2.0.1.
001231.367|cfg  |*|00|RT|   DNS server is 8.8.8.8.
001231.367|cfg  |*|00|RT|   DNS alternate server is 8.8.4.4.
001231.367|cfg  |*|00|RT|   GMT offset is -28800 seconds.
001231.369|dns  |*|00|DNS resolver servers are '8.8.8.8' '8.8.4.4'
001231.369|dns  |*|00|DNS resolver search domain is ''
001231.371|cfg  |*|00|RT|Primary IP: 10.2.0.228 subnet mask 255.255.255.0
001232.523|cfg  |*|00|Prov|Starting to update 3111-46135-002.sip.ld
001238.081|copy |*|00|Server 'p.voxter.com' said 'overrides/0004f28e7561-web.cfg' is not present
001238.294|copy |*|00|Server 'p.voxter.com' said 'licenses/000000000000-license.cfg' is not present
001238.567|copy |*|00|Server 'p.voxter.com' said 'licenses/0004f28e7561-license.cfg' is not present
001238.578|cfg  |*|00|Prm|0004f28e7561_reg.cfg: Value "" for configuration parameter reg.1.server.2.port is invalid, ignoring
001238.579|cfg  |*|00|Prm|0004f28e7561_reg.cfg: Value "" for configuration parameter reg.1.outboundProxy.port is invalid, ignoring
001238.580|cfg  |*|00|Prm|0004f28e7561_reg.cfg: Value "" for configuration parameter reg.1.lineKeys is invalid, ignoring
001238.587|cfg  |4|00|Prm|provisioner.cfg: Unknown parameter "sec.tagSerialNo.set" found, ignoring.
001238.614|cfg  |*|00|Prm|features.cfg: Value 9999 for configuration parameter dir.local.contacts.maxNum is too large, using 500, the maximum allowed
001238.648|cfg  |*|00|Prov|Setting device parameters from configuration files.
001238.650|cfg  |4|00|RT|cfgFlashUpdateFromConfig: Failed to update SerialConfig
001239.063|cfg  |*|00|Prov|Finished updating configuration
001239.063|sec  |*|00|Initial log entry. Current logging level 4
001239.066|so   |*|00|Configuration files: 0004f28e7561_reg.cfg, provisioner.cfg, sip.cfg, features.cfg
001239.066|so   |*|00|Configuration file "0004f28e7561_reg.cfg" SHA1 digest: F0AA43D593D404F0AC64780DFD4EF9C574B2853F
001239.066|so   |*|00|Configuration file "provisioner.cfg" SHA1 digest: 51080CD89DA743106AF5139272C6860F0465BE9D
001239.066|so   |*|00|Configuration file "sip.cfg" SHA1 digest: 99CC2F1AAADF34C3842A5EE3D54134960FD0626E
001239.066|so   |*|00|Configuration file "features.cfg" SHA1 digest: C581BA279B236C29DF1CFC79741E3FAED2E8A230
001239.066|cfg  |4|00|Prm|Configuration file(s) statistics: 1 parameters were invalid and could not be interpreted.
001239.066|cfg  |4|00|Prm|Configuration file(s) statistics: 1 parameter values were used but were out of range. 5 were invalid and ignored.
001239.068|log  |*|00|Log render level set to 1
001239.073|pcap |*|00|On-Phone Packet Capture disabled
001239.073|srtp |*|00|Initial log entry. Current logging level 4
001239.074|cfg  |5|00|Prm|Parameter 0 is out of range
001239.078|res  |*|00|Initial log entry. Current logging level 4
001239.079|httpa|*|00|Initial log entry. Current logging level 4
001239.079|lldp |*|00|Initial log entry. Current logging level 4
001239.079|cdp  |*|00|Initial log entry. Current logging level 4
001239.079|pcd  |*|00|Initial log entry. Current logging level 4
001239.095|tickt|*|00|Initial log entry. Current logging level 4
001239.096|loc  |*|00|Initial log entry. Current logging level 4
001239.106|ssps |*|00|Initial log entry. Current logging level 4
001239.108|ssps |5|00|Allocated 36992 bytes for SspsHdiMemBase=0xe8b108
001239.108|ssps |4|00|sspsDspLoad: found Maroo 23.
001239.132|utilm|4|00|uBLFUnCompressed: File /ffs0/Config/Local/WebTicket/0/sip.usr doesn't exist or is empty
001239.136|tickt|4|00|soWebTicketCertMove: Could not copy key to new uiSlot
001239.137|tickt|4|00|soWebTicketCertMove: Could not copy cert to new uiSlot
001239.138|tickt|4|00|soWebTicketCertMove: Could not copy SIP user to new uiSlot
001239.140|tickt|4|00|soWebTicketCertMove: Could not copy SIP uuid to new uiSlot
001239.141|tickt|4|00|soWebTicketCertMove: Could not copy server to new uiSlot
001239.340|so   |*|00|System Info Reports:
001239.340|so   |*|00|  Cpu is ARMv6-compatible processor rev 7 (v6l), ID: 0x111700b0, running at 300MHz.
001239.340|so   |*|00|  Board is identified as PolycomVVX-VVX_300.
001239.340|so   |*|00|  DRAM_SIZE: 128 MB
001239.340|so   |*|00|  NAND flash detected is 20
001239.340|key  |*|00|Initial log entry. Current logging level 4
001239.370|httpd|*|00|Initial log entry. Current logging level 4
001239.371|poll |*|00|Initial log entry. Current logging level 4
001239.371|push |*|00|Initial log entry. Current logging level 4
001239.373|poll |*|00|Initial log entry. Current logging level 4
001239.373|poll |*|00|Initial log entry. Current logging level 4
001239.373|ht   |*|00|Initial log entry. Current logging level 4
001239.374|dbuf |*|00|Initial log entry. Current logging level 4
001239.377|ssps |*|00|sspsMain: Set HDI mem to be 0, was 0
001239.381|ssps |*|00|Application, comp. 1: Label=PolyDSP Vino BCM11193 Mem1 FS1, Version=8.4.1.2003 26-Nov-2014 14:26
001239.381|ssps |*|00|Application, comp. 1: P/N=3150-11580-841.
001239.381|ice  |*|00|Initial log entry. Current logging level 4
001239.382|pps  |*|00|Initial log entry. Current logging level 4
001239.382|sip  |*|00|Initial log entry. Current logging level 4
001239.383|sipt |*|00|Initial log entry. Current logging level 4
001239.383|sipp |*|00|Initial log entry. Current logging level 4
001239.385|ptt  |*|00|Initial log entry. Current logging level 4
001239.386|xmpp |*|00|Initial log entry. Current logging level 4
001239.387|btoe |*|00|Initial log entry. Current logging level 4
001239.389|btoe |5|00|PpsBtoeC::ppsProcMsg thread launched
001240.231|pwrsv|*|00|Initial log entry. Current logging level 4
001240.264|so   |*|00|Using TCP IP Media Port, configured initial RTP port 2222
001240.295|sshc |*|00|Initial log entry. Current logging level 4
001240.295|gbLoc|*|00|Initial log entry. Current logging level 4
001240.296|app1 |*|00|Initial log entry. Current logging level 4
001240.317|btoe |5|00|PpsBtoeC Callback is set
001240.354|app1 |*|00|AppPhoneC::AppPhoneC() Number Of Line Keys = 48
001240.355|app1 |*|00|AppPhoneC::AppPhoneC() - new AppRegLineC, szUser = 8718
001240.473|ldap |*|00|Initial log entry. Current logging level 4
001240.675|efk  |*|00|Initial log entry. Current logging level 4
001240.725|cmp  |*|00|Initial log entry. Current logging level 4
001240.725|wmgr |*|00|Initial log entry. Current logging level 4
001240.739|slog |*|00|Initial log entry. Current logging level 4
001240.778|so   |4|00|SoKeyC::procMsg unexpected message 4099
001240.828|so   |*|00|Network initialized. Starting network tasks.
001240.828|log  |*|00|Install file upload callback for 'so'

0421185112|pgui |*|00|Qt Mouse driver created.
0421185117|em   |*|00|Initial log entry. Current logging level 4
0421185117|dbs  |*|00|Initial log entry. Current logging level 4
0421185117|osd  |*|00|Initial log entry. Current logging level 4
0421185117|clist|*|00|Initial log entry. Current logging level 4
0421185117|clist|4|00|dbCfg::getServerDir:Unknown dbCfg type
0421185117|clist|4|00|dbCfg::getServerDir:Unknown dbCfg type
0421185117|clist|4|00|dbCfg::getServerDir:Unknown dbCfg type
0421185117|clist|4|00|dbCfg::getServerDir:Unknown dbCfg type
0421185119|clist|4|00|dbXML::createEntry:name=<bb> func=<0x1afd08><0x1afcb8>- invalid or already exist
0421185121|brow |*|00|Initial log entry. Current logging level 4
0421185124|app1 |5|00|[AppHybridC]: APP IS COMPLETELY INTIALIZED.
0421185124|sip  |*|00|Sip Register Usr:8718 Dsp:8718 Auth:'8718' Inx:0
0421185124|app1 |4|00|Corporate directory instance does not exists.
0421185124|clist|4|00|dbCfg::getServerDir:Unknown dbCfg type
0421185124|clist|4|00|dbCfg::getServerDir:Unknown dbCfg type
0421185124|moh  |*|00|Initial log entry. Current logging level 4
0421185124|moh  |4|00|SoNcasMohC::soNcasmohCfgInit: File provisioning for Moh is defined only for Lync Profile adn if Moh feature is enabled
