000000.280|so   |*|01|---------- Initial log entry ----------
000000.280|so   |*|01|+++ Note that Updater log times are in GMT +++
000000.280|boot |*|01|Initial log entry. Current logging level 3
000000.280|copy |*|01|Initial log entry. Current logging level 3
000000.280|utilm|*|01|Initial log entry. Current logging level 4
000000.280|hw   |*|01|Initial log entry. Current logging level 4
000000.280|ethf |*|01|Initial log entry. Current logging level 4
000000.280|dns  |*|01|Initial log entry. Current logging level 3
000000.280|curl |*|01|Initial log entry. Current logging level 3
000000.280|sec  |*|01|Initial log entry. Current logging level 4
000000.440|wdog |*|01|Initial log entry. Current logging level 4
000000.440|lldp |*|01|Initial log entry. Current logging level 3
000000.440|cdp  |*|01|Initial log entry. Current logging level 3
000000.440|key  |*|01|Initial log entry. Current logging level 4
000000.440|so   |3|01|Platform: Model=SoundStation IP 5000, Assembly=3111-30900-001 Rev=B Region=
000000.440|so   |3|01|Platform: Board=3111-30900-001 1 0
000000.440|so   |3|01|Platform: MAC=0004f2e7363a
000000.440|so   |3|01|Platform: BootBlock=3.0.2.0024 (30900-001) 30-Nov-10 15:06
000000.440|so   |3|01|Application, main: Label=Updater, Version=Azurite 5.0.2.12692 08-Mar-12 10:16
000000.440|so   |3|01|Application, main: P/N=3150-11069-502
000000.440|log  |*|01|Install file upload callback for 'Updater'

000000.440|app1 |*|01|Initial log entry. Current logging level 3
000000.585|cfg  |*|01|Initial log entry. Current logging level 2
000000.665|app1 |3|01|Application, load: Type=SIP, Version=4.0.2.11307 21-Mar-12 15:19
000000.675|boot |*|01|Using TFFS for flash load
000000.685|boot |*|01|Code length:         0x003A8F1A
000000.685|boot |*|01|Code checksum:       0x1D2E3869
000001.440|so   |3|01|Link status is Net up Speed 100 full Duplex.
000011.995|app1 |4|01|Loaded application sip.ld from local system successfully.
000000.280|so   |*|01|---------- Initial log entry ----------
000000.280|so   |*|01|+++ Note that Updater log times are in GMT +++
000000.280|boot |*|01|Initial log entry. Current logging level 3
000000.280|copy |*|01|Initial log entry. Current logging level 3
000000.280|utilm|*|01|Initial log entry. Current logging level 4
000000.280|hw   |*|01|Initial log entry. Current logging level 4
000000.280|ethf |*|01|Initial log entry. Current logging level 4
000000.280|dns  |*|01|Initial log entry. Current logging level 3
000000.280|curl |*|01|Initial log entry. Current logging level 3
000000.280|sec  |*|01|Initial log entry. Current logging level 4
000000.440|wdog |*|01|Initial log entry. Current logging level 4
000000.440|lldp |*|01|Initial log entry. Current logging level 3
000000.440|cdp  |*|01|Initial log entry. Current logging level 3
000000.440|key  |*|01|Initial log entry. Current logging level 4
000000.440|so   |3|01|Platform: Model=SoundStation IP 5000, Assembly=3111-30900-001 Rev=B Region=
000000.440|so   |3|01|Platform: Board=3111-30900-001 1 0
000000.440|so   |3|01|Platform: MAC=0004f2e7363a
000000.440|so   |3|01|Platform: BootBlock=3.0.2.0024 (30900-001) 30-Nov-10 15:06
000000.440|so   |3|01|Application, main: Label=Updater, Version=Azurite 5.0.2.12692 08-Mar-12 10:16
000000.440|so   |3|01|Application, main: P/N=3150-11069-502
000000.440|log  |*|01|Install file upload callback for 'Updater'

000000.445|app1 |*|01|Initial log entry. Current logging level 3
000000.585|cfg  |*|01|Initial log entry. Current logging level 2
000000.665|app1 |3|01|Application, load: Type=SIP, Version=4.0.2.11307 21-Mar-12 15:19
000000.675|boot |*|01|Using TFFS for flash load
000000.685|boot |*|01|Code length:         0x003A8F1A
000000.685|boot |*|01|Code checksum:       0x1D2E3869
000001.440|so   |3|01|Link status is Net up Speed 100 full Duplex.
000011.715|app1 |4|01|Loaded application sip.ld from local system successfully.
000000.280|so   |*|01|---------- Initial log entry ----------
000000.280|so   |*|01|+++ Note that Updater log times are in GMT +++
000000.280|boot |*|01|Initial log entry. Current logging level 3
000000.280|copy |*|01|Initial log entry. Current logging level 3
000000.280|utilm|*|01|Initial log entry. Current logging level 4
000000.280|hw   |*|01|Initial log entry. Current logging level 4
000000.280|ethf |*|01|Initial log entry. Current logging level 4
000000.280|dns  |*|01|Initial log entry. Current logging level 3
000000.280|curl |*|01|Initial log entry. Current logging level 3
000000.280|sec  |*|01|Initial log entry. Current logging level 4
000000.440|wdog |*|01|Initial log entry. Current logging level 4
000000.440|lldp |*|01|Initial log entry. Current logging level 3
000000.440|cdp  |*|01|Initial log entry. Current logging level 3
000000.440|key  |*|01|Initial log entry. Current logging level 4
000000.440|so   |3|01|Platform: Model=SoundStation IP 5000, Assembly=3111-30900-001 Rev=B Region=
000000.440|so   |3|01|Platform: Board=3111-30900-001 1 0
000000.440|so   |3|01|Platform: MAC=0004f2e7363a
000000.440|so   |3|01|Platform: BootBlock=3.0.2.0024 (30900-001) 30-Nov-10 15:06
000000.440|so   |3|01|Application, main: Label=Updater, Version=Azurite 5.0.2.12692 08-Mar-12 10:16
000000.440|so   |3|01|Application, main: P/N=3150-11069-502
000000.440|log  |*|01|Install file upload callback for 'Updater'

000000.445|app1 |*|01|Initial log entry. Current logging level 3
000000.585|cfg  |*|01|Initial log entry. Current logging level 2
000000.655|dot1x|*|01|Initial log entry. Current logging level 3
000000.655|app1 |3|01|Starting provisioning because of the start type.
000001.440|so   |3|01|Link status is Net up Speed 100 full Duplex.
000002.265|tls  |*|01|Initial log entry. Current logging level 4
000005.250|lldp |3|01|Enabling 802.1Q tagging, VLAN ID = 20 (from LLDP/CDP)
000005.250|lldp |5|01|VLAN Id has changed to 20.
000009.250|lldp |3|01|LLDP received a response from a switch. LLDP enabled.
000020.750|dns  |*|01|DNS resolver servers are '10.2.0.1' '0.0.0.0'
000020.750|dns  |*|01|DNS resolver search domain is ''
000020.750|app1 |3|01|DNS resolver server is '10.2.0.1'
000020.750|app1 |3|01|DNS resolver search domain is ''
000020.755|dns  |3|01|DNS lookup for (A) 'p.voxter.com'(74.114.208.245) TTL=82895
000020.755|app1 |3|01|Bootline: esw(3,0)bootHost:flash e=10.2.0.247:ffffff00:3f480:13 h=74.114.208.245 g=10.2.0.1 u=**** pw=**** f=0x40 tn=CircaIP
000020.760|app1 |4|01|Could not load time from  (0.0.0.0).
000020.760|app1 |3|01|DHCP returned result 0x87 from server 10.2.0.1.
000020.760|app1 |3|01|   Phone IP address is 10.2.0.247.
000020.760|app1 |3|01|   Subnet mask is 255.255.255.0.
000020.760|app1 |3|01|   Gateway address is 10.2.0.1.
000020.760|app1 |3|01|   DNS server is 10.2.0.1.
000021.850|copy |3|01|'http://PlcmSpIp:****@p.voxter.com/0004f2e7363a.cfg' from 'p.voxter.com(74.114.208.245)'
000022.905|copy |3|01|Download of '0004f2e7363a.cfg' succeeded on attempt 1 (addr 1 of 1)
000022.940|cfg  |*|01|Prov|Starting to update 3111-30900-001.sip.ld
000023.055|copy |3|01|'http://PlcmSpIp:****@p.voxter.com/3111-30900-001.sip.ld' from 'p.voxter.com(74.114.208.245)'
000024.165|cfg  |3|01|New load header information:
000024.165|cfg  |3|01|Code length:         0x004AF4B8
000024.165|cfg  |3|01|Code Checksum:       0x07097CA8
000024.165|cfg  |3|01|Options:             0x00000080
000024.165|cfg  |3|01|Recognized container image
000024.165|cfg  |3|01|New load header information:
000024.165|cfg  |3|01|Code length:         0x003CD0B5
000024.165|cfg  |3|01|Code Checksum:       0x1E4B19CF
000024.165|cfg  |3|01|Options:             0x00000102
000024.170|cfg  |3|01|Application header is different
000024.170|cfg  |3|01|Application in container image 1 is different
000024.170|cfg  |3|01|New load header information:
000024.170|cfg  |3|01|Code length:         0x000E1B10
000024.170|cfg  |3|01|Code Checksum:       0x0708DCBE
000024.170|cfg  |3|01|Options:             0x00000110
000024.170|cfg  |3|01|Updater header is different
000024.170|cfg  |3|01|Updater in container image 2 is different
000024.170|cfg  |3|01|Using Updater
000049.100|cfg  |*|01|Prov|Updating the Updater
000049.105|cfg  |3|01|Using compatible image 0
000055.085|copy |3|01|Download of '3111-30900-001.sip.ld' succeeded on attempt 1 (addr 1 of 1)
000055.390|sig  |*|01|Initial log entry. Current logging level 3
000055.390|sig  |3|01|hwSigParseRemove: found key Sig_3.
000055.625|cfg  |3|01|Good image signature
000055.750|cfg  |4|01|Removing application...
000056.355|cfg  |3|01|Programming Updater from sector 1 to 18
000105.480|cfg  |3|01|Programming to sector 1 complete
000105.645|cfg  |3|01|Invalidated old image at sector 19, offset 20.
000105.645|cfg  |*|01|Prov|Image has been changed
000105.745|cfg  |*|01|Prov|Provisioning needs to reboot to upgrade image(s)
000000.280|so   |*|01|---------- Initial log entry ----------
000000.280|so   |*|01|+++ Note that Updater log times are in GMT +++
000000.280|boot |*|01|Initial log entry. Current logging level 3
000000.280|copy |*|01|Initial log entry. Current logging level 3
000000.280|utilm|*|01|Initial log entry. Current logging level 4
000000.280|hw   |*|01|Initial log entry. Current logging level 4
000000.280|ethf |*|01|Initial log entry. Current logging level 4
000000.280|dns  |*|01|Initial log entry. Current logging level 3
000000.280|curl |*|01|Initial log entry. Current logging level 3
000000.280|sec  |*|01|Initial log entry. Current logging level 4
000000.440|wdog |*|01|Initial log entry. Current logging level 4
000000.440|lldp |*|01|Initial log entry. Current logging level 3
000000.440|cdp  |*|01|Initial log entry. Current logging level 3
000000.440|key  |*|01|Initial log entry. Current logging level 4
000000.440|so   |3|01|Platform: Model=SoundStation IP 5000, Assembly=3111-30900-001 Rev=B Region=
000000.440|so   |3|01|Platform: Board=3111-30900-001 1 0
000000.440|so   |3|01|Platform: MAC=0004f2e7363a
000000.440|so   |3|01|Platform: BootBlock=3.0.2.0024 (30900-001) 30-Nov-10 15:06
000000.440|so   |3|01|Application, main: Label=Updater, Version=Azurite 5.0.5.2324 09-Dec-13 16:11
000000.440|so   |3|01|Application, main: P/N=YYYY-YYYYY-YYY
000000.440|log  |*|01|Install file upload callback for 'Updater'

000000.440|app1 |*|01|Initial log entry. Current logging level 3
000000.585|cfg  |*|01|Initial log entry. Current logging level 2
000000.655|dot1x|*|01|Initial log entry. Current logging level 3
000000.655|app1 |3|01|Starting provisioning because of the start type.
000001.440|so   |3|01|Link status is Net up Speed 100 full Duplex.
000002.285|tls  |*|01|Initial log entry. Current logging level 4
000005.250|lldp |3|01|Enabling 802.1Q tagging, VLAN ID = 20 (from LLDP/CDP)
000005.250|lldp |5|01|VLAN Id has changed to 20.
000009.250|lldp |3|01|LLDP received a response from a switch. LLDP enabled.
000020.770|dns  |*|01|DNS resolver servers are '10.2.0.1' '0.0.0.0'
000020.770|dns  |*|01|DNS resolver search domain is ''
000020.770|app1 |3|01|DNS resolver server is '10.2.0.1'
000020.770|app1 |3|01|DNS resolver search domain is ''
000020.775|dns  |3|01|DNS lookup for (A) 'p.voxter.com'(74.114.208.245) TTL=82824
000020.775|app1 |3|01|Bootline: esw(3,0)bootHost:flash e=10.2.0.247:ffffff00:3f480:13 h=74.114.208.245 g=10.2.0.1 u=**** pw=**** f=0x40 tn=CircaIP
000020.780|app1 |4|01|Could not load time from  (0.0.0.0).
000020.780|app1 |3|01|DHCP returned result 0x87 from server 10.2.0.1.
000020.780|app1 |3|01|   Phone IP address is 10.2.0.247.
000020.780|app1 |3|01|   Subnet mask is 255.255.255.0.
000020.780|app1 |3|01|   Gateway address is 10.2.0.1.
000020.780|app1 |3|01|   DNS server is 10.2.0.1.
000021.850|copy |3|01|'http://PlcmSpIp:****@p.voxter.com/0004f2e7363a.cfg' from 'p.voxter.com(74.114.208.245)'
000022.905|copy |3|01|Download of '0004f2e7363a.cfg' succeeded on attempt 1 (addr 1 of 1)
000022.935|cfg  |*|01|Prov|Starting to update 3111-30900-001.sip.ld
000023.050|copy |3|01|'http://PlcmSpIp:****@p.voxter.com/3111-30900-001.sip.ld' from 'p.voxter.com(74.114.208.245)'
000024.230|cfg  |3|01|New load header information:
000024.230|cfg  |3|01|Code length:         0x004AF4B8
000024.230|cfg  |3|01|Code Checksum:       0x07097CA8
000024.230|cfg  |3|01|Options:             0x00000080
000024.235|cfg  |3|01|Recognized container image
000024.235|cfg  |3|01|New load header information:
000024.235|cfg  |3|01|Code length:         0x003CD0B5
000024.235|cfg  |3|01|Code Checksum:       0x1E4B19CF
000024.235|cfg  |3|01|Options:             0x00000102
000024.235|cfg  |3|01|Could not open application file for checking
000024.235|cfg  |3|01|Application in container image 1 is different
000024.235|cfg  |3|01|New load header information:
000024.235|cfg  |3|01|Code length:         0x000E1B10
000024.235|cfg  |3|01|Code Checksum:       0x0708DCBE
000024.235|cfg  |3|01|Options:             0x00000110
000024.235|cfg  |3|01|Updater is already present
000024.235|cfg  |3|01|Updater in container image 2 is not different
000024.235|cfg  |3|01|Using application
000024.360|cfg  |*|01|Prov|Updating the Application
000024.365|cfg  |3|01|Using compatible image 0
000050.085|copy |3|01|buffered_write: transfer terminated
000050.085|copy |3|01|Download of '3111-30900-001.sip.ld' succeeded on attempt 1 (addr 1 of 1)
000050.565|sig  |*|01|Initial log entry. Current logging level 3
000050.565|sig  |3|01|hwSigParseRemove: found key Sig_3.
000051.555|cfg  |3|01|Good image signature
000051.795|cfg  |3|01|Programming 3986157 bytes into tffs in 4K blocks
000132.905|cfg  |*|01|Prov|Succeeded updating file 3111-30900-001.sip.ld
000132.940|cfg  |*|01|Prov|Image has been changed
000133.040|cfg  |3|01|Prov|Provisioning succeeded
000133.115|app1 |3|01|Application, load: Type=SIP, Version=4.0.6.0711 26-Feb-14 08:43
000133.120|boot |*|01|Using TFFS for flash load
000133.120|boot |*|01|Code length:         0x003CD0B5
000133.120|boot |*|01|Code checksum:       0x1E4B19CF
000133.120|cfg  |*|01|Prov|Finished updating configuration
000144.360|app1 |4|01|Loaded application sip.ld from local system successfully.
000144.360|app1 |6|01|Uploading boot log, time is THU FEB 05 00:15:11 2015

000144.610|copy |3|01|'http://PlcmSpIp:****@p.voxter.com/logs/0004f2e7363a-boot.log' to 'p.voxter.com(74.114.208.245)'
000144.950|copy |3|01|Upload of 'logs/0004f2e7363a-boot.log' succeeded on attempt 1 (addr 1 of 1)
000145.140|cfg  |3|01|Prov|Shutting down
