0420151250|so   |4|00|IsDivertFeaturesEnabled - EXIT
0420151359|clist|4|00|dbIO::processResult:copy error
0420151359|clist|4|00|dbSet::mem2srv:transfer failed
0421003146|sip  |4|00|NAPTR query for host 'fmoffice.fullymanaged.sip.voxter.com' returned no results
0421033546|ares |4|00|aresDnsLookup: select time-out 1 on A lookup for 'sbc02.van1.voxter.net.' after 0 sec
0421183240|cfg  |*|00|RT|   Phone IP address is 10.2.0.201.
0421183240|cfg  |*|00|RT|   Subnet mask is 255.255.255.0.
0421183240|cfg  |*|00|RT|   Gateway address is 10.2.0.1.
0421183240|cfg  |*|00|RT|   DNS server is 8.8.8.8.
0421183240|cfg  |*|00|RT|   DNS alternate server is 8.8.4.4.
0421183240|cfg  |*|00|RT|   GMT offset is -28800 seconds.
0421183947|ares |4|00|aresDnsLookup: select time-out 1 on SRV lookup for '_sip._udp.fmoffice.fullymanaged.sip.voxter.com' after 0 sec
000016.341|log  |*|00|---------- Initial log entry ----------
000009.056|wdog |*|00|Initial log entry. Current logging level 4
000015.973|rdisk|*|00|Initial log entry. Current logging level 4
000015.979|rdisk|*|00|RAM disk created and mounted at "/rfs0"
000015.979|rdisk|*|00|RAM disk created, size: 16,777,216 bytes
000016.327|so   |*|00|Platform: Model=VVX 300, Assembly=3111-46135-002 Rev=A Region=0
000016.328|so   |*|00|Platform: Interface    eth0 MAC=0004f28e7841
000016.331|so   |*|00|Platform: BootBlock=3.0.4.0028 (46135-002) 30-Jan-13 18:00
000016.332|so   |*|00|Platform: BootL1=1.0.0.0009 (46135-002) 11-Jan-13 14:23
000016.338|so   |*|00|Platform: Updater=5.1.4.0844 20-Mar-13 14:23
000016.338|so   |*|00|Application, main: Label=SIP, Version=PrairieDog 4.1.4.7430 20-Mar-13 14:12
000016.338|so   |*|00|Application, main: P/N=3150-11530-414
000016.339|rdisk|*|00|RAM disk created, size: 16,777,216 bytes
000016.340|ocsp |*|00|O.C.S.P. Enabled = 0
000016.394|tls  |*|00|Initial log entry. Current logging level 4
000016.444|pmt  |*|00|Initial log entry. Current logging level 4
000016.450|wdog |*|00|Initial log entry. Current logging level 4
000016.450|ethf |*|00|Initial log entry. Current logging level 4
000016.451|hw   |*|00|Initial log entry. Current logging level 4
000016.457|ares |*|00|Initial log entry. Current logging level 4
000016.458|dns  |*|00|Initial log entry. Current logging level 4
000016.459|cfg  |*|00|Initial log entry. Current logging level 4
000016.459|cfg  |*|00|Prm|cfgParamBaseProfileUpdate: Using Base Profile Generic
000016.472|dot1x|*|00|Initial log entry. Current logging level 4
000016.492|ethf |4|00|utilEthFilterInit: VLAN Filter enabled, Storm Filter enabled
000016.595|cfg  |5|00|RT|Error installing DHCP event hook.
000016.679|lic  |*|00|Initial log entry. Current logging level 4
000016.696|lic  |5|00|cfgCfsFlashKeyScratchLoad: could not load flash len 976
000016.824|curl |*|00|Initial log entry. Current logging level 4
000016.825|utilm|*|00|Initial log entry. Current logging level 4
000016.826|copy |*|00|Initial log entry. Current logging level 4
000016.826|rtos |*|00|Initial log entry. Current logging level 4
000016.833|sec  |*|00|Initial log entry. Current logging level 4
000016.857|so   |*|00|Configuration files: 0004f28e7841_reg.cfg, provisioner.cfg, sip.cfg, features.cfg
000016.857|so   |*|00|Configuration file "0004f28e7841_reg.cfg" SHA1 digest: BEB8C1E6565DD71B3D090C2252B5E683A57A3BFA
000016.857|so   |*|00|Configuration file "provisioner.cfg" SHA1 digest: 51080CD89DA743106AF5139272C6860F0465BE9D
000016.857|so   |*|00|Configuration file "sip.cfg" SHA1 digest: 16CF73654F351F322FB60187C1E56605DA26C68F
000016.857|so   |*|00|Configuration file "features.cfg" SHA1 digest: C581BA279B236C29DF1CFC79741E3FAED2E8A230
000016.857|cfg  |4|00|Prm|Configuration file(s) statistics: 1 parameters were invalid and could not be interpreted.
000016.857|cfg  |4|00|Prm|Configuration file(s) statistics: 1 parameter values were used but were out of range. 5 were invalid and ignored.
000016.873|log  |*|00|Log render level set to 1
000016.881|srtp |*|00|Initial log entry. Current logging level 4
000016.893|cfg  |5|00|Prm|Parameter 0 is out of range
000016.901|res  |*|00|Initial log entry. Current logging level 4
000016.905|httpa|*|00|Initial log entry. Current logging level 4
000016.905|lldp |*|00|Initial log entry. Current logging level 4
000016.905|cdp  |*|00|Initial log entry. Current logging level 4
000016.908|pcd  |*|00|Initial log entry. Current logging level 4
000016.920|tickt|*|00|Initial log entry. Current logging level 4
000016.941|utilm|4|00|uBLFUnCompressed: File /ffs0/Config/Local/WebTicket/0/sip.usr doesn't exist or is empty
000016.948|tickt|4|00|soWebTicketCertMove: Could not copy key to new slot
000016.950|tickt|4|00|soWebTicketCertMove: Could not copy cert to new slot
000016.950|tickt|4|00|soWebTicketCertMove: Could not copy SIP user to new slot
000016.950|tickt|4|00|soWebTicketCertMove: Could not copy SIP uuid to new slot
000016.951|tickt|4|00|soWebTicketCertMove: Could not copy server to new slot
000016.955|loc  |*|00|Initial log entry. Current logging level 4
000016.974|ssps |*|00|Initial log entry. Current logging level 4
000016.981|ssps |5|00|Allocated 36992 bytes for SspsHdiMemBase=0x41055ae0
000016.985|ssps |4|00|sspsDspLoad: found Maroo 23.
000017.502|so   |*|00|System Info Reports:
000017.502|so   |*|00|  Cpu is ARMv6-compatible processor rev 7 (v6l), ID: 0x111700b0, running at 300MHz.
000017.502|so   |*|00|  Board is identified as PolycomVVX-VVX_300.
000017.502|so   |*|00|  DRAM_SIZE: 128 MB
000017.502|so   |*|00|  NAND flash detected is 20
000017.503|key  |*|00|Initial log entry. Current logging level 4
000017.530|httpd|*|00|Initial log entry. Current logging level 4
000017.536|poll |*|00|Initial log entry. Current logging level 4
000017.538|push |*|00|Initial log entry. Current logging level 4
000017.541|poll |*|00|Initial log entry. Current logging level 4
000017.543|poll |*|00|Initial log entry. Current logging level 4
000017.546|poll |*|00|Initial log entry. Current logging level 4
000017.546|poll |*|00|Initial log entry. Current logging level 4
000017.547|poll |*|00|Initial log entry. Current logging level 4
000017.549|ht   |*|00|Initial log entry. Current logging level 4
000017.552|dbuf |*|00|Initial log entry. Current logging level 4
000017.557|ssps |*|00|sspsMain: Set HDI mem to be 0, was 0
000017.571|ice  |*|00|Initial log entry. Current logging level 4
000017.574|ssps |*|00|Application, comp. 1: Label=PolyDSP Vino BCM11195 Mem1 FS1, Version=7.7.2.7234 19-Mar-2013 22:11
000017.574|ssps |*|00|Application, comp. 1: P/N=3150-11580-772.
000017.577|pps  |*|00|Initial log entry. Current logging level 4
000017.577|sip  |*|00|Initial log entry. Current logging level 4
000017.580|sipt |*|00|Initial log entry. Current logging level 4
000017.580|sipp |*|00|Initial log entry. Current logging level 4
000017.586|ptt  |*|00|Initial log entry. Current logging level 4
000018.478|pwrsv|*|00|Initial log entry. Current logging level 4
000018.482|so   |*|00|Using TCP IP Media Port, configured initial RTP port 2222
000018.540|sshc |*|00|Initial log entry. Current logging level 4
000018.544|app1 |*|00|Initial log entry. Current logging level 4
000018.556|app1 |*|00|AppPhoneC::AppPhoneC() Number Of Line Keys = 6
000018.556|app1 |*|00|AppPhoneC::AppPhoneC() - new AppRegLineC, szUser = 8710
000018.645|ldap |*|00|Initial log entry. Current logging level 4
000018.645|ldap |4|00|cDynamicData::cDynamicData:cDynamicData:Failed
000018.779|efk  |*|00|Initial log entry. Current logging level 4
000018.840|lic  |4|00|License: feature Nuance XT9 is not available
000018.842|cfg  |4|00|Dir|regAppCb set
000018.854|app1 |4|00|getCfgParams
000018.856|cmp  |*|00|Initial log entry. Current logging level 4
000018.859|wmgr |*|00|Initial log entry. Current logging level 4
000018.872|slog |*|00|Initial log entry. Current logging level 4
000018.958|so   |4|00|SoKeyC::procMsg unexpected message 4099
000022.681|dhcpc|*|00|Initial log entry. Current logging level 4
000023.914|pgui |*|00|Initial log entry. Current logging level 4
000027.745|cfg  |*|00|RT|   Phone IP address is 10.2.0.201.
000027.745|cfg  |*|00|RT|   Subnet mask is 255.255.255.0.
000027.745|cfg  |*|00|RT|   Gateway address is 10.2.0.1.
000027.746|cfg  |*|00|RT|   DNS server is 8.8.8.8.
000027.746|cfg  |*|00|RT|   DNS alternate server is 8.8.4.4.
000027.746|cfg  |*|00|RT|   GMT offset is -28800 seconds.
000027.749|dns  |*|00|DNS resolver servers are '8.8.8.8' '8.8.4.4'
000027.749|dns  |*|00|DNS resolver search domain is ''
000027.751|cfg  |*|00|RT|Primary IP changed to 10.2.0.201 subnet mask 255.255.255.0
000027.752|cfg  |*|00|RT|   Phone IP address is 10.2.0.201.
000027.752|cfg  |*|00|RT|   Subnet mask is 255.255.255.0.
000027.752|cfg  |*|00|RT|   Gateway address is 10.2.0.1.
000027.752|cfg  |*|00|RT|   DNS server is 8.8.8.8.
000027.752|cfg  |*|00|RT|   DNS alternate server is 8.8.4.4.
000027.752|cfg  |*|00|RT|   GMT offset is -28800 seconds.
000027.879|so   |*|00|Network initialized. Starting network tasks.
000027.883|ice  |5|00|Network ICE stack failed to initialize in 5000 ms
000027.883|log  |*|00|Install file upload callback for 'so'

0421184133|cfg  |*|00|Prov|Starting to update 3111-46135-002.sip.ld
0421184134|cfg  |*|00|Prov|Updating the Updater
0421184134|cfg  |*|00|Prov|Image has been changed
0421184139|copy |*|00|Server 'p.voxter.com' said 'overrides/0004f28e7841-phone.cfg' is not present
0421184139|copy |*|00|Server 'p.voxter.com' said 'overrides/0004f28e7841-web.cfg' is not present
0421184140|copy |*|00|Server 'p.voxter.com' said 'licenses/000000000000-license.cfg' is not present
0421184140|copy |*|00|Server 'p.voxter.com' said 'licenses/0004f28e7841-license.cfg' is not present
0421184140|cfg  |*|00|Prov|Provisioning needs to reboot to upgrade image(s)
0421184140|cfg  |*|00|Prov|Finished updating configuration
0421184140|app1 |*|00|Event: Multiple Key Combo 1
0421184140|app1 |*|00|Manual Reboot
0421184140|ldap |4|00|ldapXfer::start:xferStart failed cState=-1
0421184140|app1 |*|00|AppC::appReboot corp dir shutdown complete
0421184140|so   |*|00|SoNcasC::procMsg: Client service shutdown complete
0421184150|wdog |*|00|Watchdog Expired: tSupObjs, 8
0421184150|log  |*|00|---------- Final log entry ----------
001157.139|log  |*|00|---------- Initial log entry ----------
001156.809|rdisk|*|00|Initial log entry. Current logging level 4
001156.811|rdisk|*|00|RAM disk created and mounted at "/rfs0"
001156.811|rdisk|*|00|RAM disk created, size: 16,777,216 bytes
001157.131|so   |*|00|Platform: Model=VVX 300, Assembly=3111-46135-002 Rev=A Region=0
001157.131|so   |*|00|Platform: Interface    eth0 MAC=0004f28e7841
001157.132|so   |*|00|Platform: BootBlock=3.0.4.0028 (46135-002) 30-Jan-13 18:00
001157.133|so   |*|00|Platform: BootL1=1.0.0.0009 (46135-002) 11-Jan-13 14:23
001157.136|so   |*|00|Platform: Updater=5.5.0.13251 24-Mar-15 03:06
001157.136|so   |*|00|Application, main: Label=SIP, Version=Congo 5.3.0.12074 24-Mar-15 02:31
001157.136|so   |*|00|Application, main: P/N=3150-11530-530
001157.137|rdisk|*|00|RAM disk created, size: 16,777,216 bytes
001157.137|ocsp |*|00|O.C.S.P. Enabled = 0
001157.221|tls  |*|00|Initial log entry. Current logging level 4
001157.272|pmt  |*|00|Initial log entry. Current logging level 4
001157.275|wdog |*|00|Initial log entry. Current logging level 4
001157.275|ethf |*|00|Initial log entry. Current logging level 4
001157.276|hw   |*|00|Initial log entry. Current logging level 4
001157.277|ares |*|00|Initial log entry. Current logging level 4
001157.277|dns  |*|00|Initial log entry. Current logging level 4
001157.277|cfg  |*|00|Initial log entry. Current logging level 4
001157.277|cfg  |*|00|Prm|cfgParamBaseProfileUpdate: Using Base Profile Generic
001157.280|dot1x|*|00|Initial log entry. Current logging level 4
001157.460|lic  |*|00|Initial log entry. Current logging level 4
001157.481|lic  |5|00|cfgCfsFlashKeyScratchLoad: could not load flash len 976
001157.481|lic  |*|00|License expiry check in 85868 seconds
001157.546|curl |*|00|Initial log entry. Current logging level 4
001157.546|utilm|*|00|Initial log entry. Current logging level 4
001157.546|copy |*|00|Initial log entry. Current logging level 4
001157.546|rtos |*|00|Initial log entry. Current logging level 4
001202.217|pgui |*|00|Initial log entry. Current logging level 4
001204.043|dhcpc|*|00|Initial log entry. Current logging level 4
001207.222|cfg  |*|00|RT|   Phone IP address is 10.2.0.201.
001207.222|cfg  |*|00|RT|   Subnet mask is 255.255.255.0.
001207.223|cfg  |*|00|RT|   Gateway address is 10.2.0.1.
001207.223|cfg  |*|00|RT|   DNS server is 8.8.8.8.
001207.223|cfg  |*|00|RT|   DNS alternate server is 8.8.4.4.
001207.223|cfg  |*|00|RT|   GMT offset is -28800 seconds.
001207.225|dns  |*|00|DNS resolver servers are '8.8.8.8' '8.8.4.4'
001207.225|dns  |*|00|DNS resolver search domain is ''
001207.227|cfg  |*|00|RT|Primary IP: 10.2.0.201 subnet mask 255.255.255.0
001207.753|cfg  |*|00|Prov|Starting to update 3111-46135-002.sip.ld
001209.805|copy |*|00|Server 'p.voxter.com' said 'overrides/0004f28e7841-phone.cfg' is not present
001209.871|copy |*|00|Server 'p.voxter.com' said 'overrides/0004f28e7841-web.cfg' is not present
001209.941|copy |*|00|Server 'p.voxter.com' said 'licenses/000000000000-license.cfg' is not present
001210.006|copy |*|00|Server 'p.voxter.com' said 'licenses/0004f28e7841-license.cfg' is not present
001210.017|cfg  |*|00|Prm|0004f28e7841_reg.cfg: Value "" for configuration parameter reg.1.server.2.port is invalid, ignoring
001210.018|cfg  |*|00|Prm|0004f28e7841_reg.cfg: Value "" for configuration parameter reg.1.outboundProxy.port is invalid, ignoring
001210.019|cfg  |*|00|Prm|0004f28e7841_reg.cfg: Value "" for configuration parameter reg.1.lineKeys is invalid, ignoring
001210.026|cfg  |4|00|Prm|provisioner.cfg: Unknown parameter "sec.tagSerialNo.set" found, ignoring.
001210.053|cfg  |*|00|Prm|features.cfg: Value 9999 for configuration parameter dir.local.contacts.maxNum is too large, using 500, the maximum allowed
001210.083|cfg  |*|00|Prov|Setting device parameters from configuration files.
001210.086|cfg  |4|00|RT|cfgFlashUpdateFromConfig: Failed to update SerialConfig
001210.492|cfg  |*|00|Prov|Finished updating configuration
001210.492|sec  |*|00|Initial log entry. Current logging level 4
001210.495|so   |*|00|Configuration files: 0004f28e7841_reg.cfg, provisioner.cfg, sip.cfg, features.cfg
001210.495|so   |*|00|Configuration file "0004f28e7841_reg.cfg" SHA1 digest: BEB8C1E6565DD71B3D090C2252B5E683A57A3BFA
001210.495|so   |*|00|Configuration file "provisioner.cfg" SHA1 digest: 51080CD89DA743106AF5139272C6860F0465BE9D
001210.495|so   |*|00|Configuration file "sip.cfg" SHA1 digest: 8586813B7435B984DA6A80E87263E363E1CF76C1
001210.495|so   |*|00|Configuration file "features.cfg" SHA1 digest: C581BA279B236C29DF1CFC79741E3FAED2E8A230
001210.495|cfg  |4|00|Prm|Configuration file(s) statistics: 1 parameters were invalid and could not be interpreted.
001210.495|cfg  |4|00|Prm|Configuration file(s) statistics: 1 parameter values were used but were out of range. 5 were invalid and ignored.
001210.498|log  |*|00|Log render level set to 1
001210.502|pcap |*|00|On-Phone Packet Capture disabled
001210.502|srtp |*|00|Initial log entry. Current logging level 4
001210.503|cfg  |5|00|Prm|Parameter 0 is out of range
001210.507|res  |*|00|Initial log entry. Current logging level 4
001210.508|httpa|*|00|Initial log entry. Current logging level 4
001210.508|lldp |*|00|Initial log entry. Current logging level 4
001210.508|cdp  |*|00|Initial log entry. Current logging level 4
001210.508|pcd  |*|00|Initial log entry. Current logging level 4
001210.524|tickt|*|00|Initial log entry. Current logging level 4
001210.525|loc  |*|00|Initial log entry. Current logging level 4
001210.532|ssps |*|00|Initial log entry. Current logging level 4
001210.534|ssps |5|00|Allocated 36992 bytes for SspsHdiMemBase=0xe77208
001210.534|ssps |4|00|sspsDspLoad: found Maroo 23.
001210.560|utilm|4|00|uBLFUnCompressed: File /ffs0/Config/Local/WebTicket/0/sip.usr doesn't exist or is empty
001210.564|tickt|4|00|soWebTicketCertMove: Could not copy key to new uiSlot
001210.565|tickt|4|00|soWebTicketCertMove: Could not copy cert to new uiSlot
001210.566|tickt|4|00|soWebTicketCertMove: Could not copy SIP user to new uiSlot
001210.567|tickt|4|00|soWebTicketCertMove: Could not copy SIP uuid to new uiSlot
001210.569|tickt|4|00|soWebTicketCertMove: Could not copy server to new uiSlot
001210.772|so   |*|00|System Info Reports:
001210.772|so   |*|00|  Cpu is ARMv6-compatible processor rev 7 (v6l), ID: 0x111700b0, running at 300MHz.
001210.772|so   |*|00|  Board is identified as PolycomVVX-VVX_300.
001210.772|so   |*|00|  DRAM_SIZE: 128 MB
001210.772|so   |*|00|  NAND flash detected is 20
001210.772|key  |*|00|Initial log entry. Current logging level 4
001210.802|httpd|*|00|Initial log entry. Current logging level 4
001210.803|poll |*|00|Initial log entry. Current logging level 4
001210.803|push |*|00|Initial log entry. Current logging level 4
001210.804|poll |*|00|Initial log entry. Current logging level 4
001210.804|poll |*|00|Initial log entry. Current logging level 4
001210.805|ht   |*|00|Initial log entry. Current logging level 4
001210.806|dbuf |*|00|Initial log entry. Current logging level 4
001210.808|ssps |*|00|sspsMain: Set HDI mem to be 0, was 0
001210.812|ssps |*|00|Application, comp. 1: Label=PolyDSP Vino BCM11193 Mem1 FS1, Version=8.4.1.2003 26-Nov-2014 14:26
001210.813|ssps |*|00|Application, comp. 1: P/N=3150-11580-841.
001210.813|ice  |*|00|Initial log entry. Current logging level 4
001210.814|pps  |*|00|Initial log entry. Current logging level 4
001210.814|sip  |*|00|Initial log entry. Current logging level 4
001210.814|sipt |*|00|Initial log entry. Current logging level 4
001210.814|sipp |*|00|Initial log entry. Current logging level 4
001210.817|ptt  |*|00|Initial log entry. Current logging level 4
001210.818|xmpp |*|00|Initial log entry. Current logging level 4
001210.820|btoe |*|00|Initial log entry. Current logging level 4
001210.821|btoe |5|00|PpsBtoeC::ppsProcMsg thread launched
001211.672|pwrsv|*|00|Initial log entry. Current logging level 4
001211.705|so   |*|00|Using TCP IP Media Port, configured initial RTP port 2222
001211.736|sshc |*|00|Initial log entry. Current logging level 4
001211.736|gbLoc|*|00|Initial log entry. Current logging level 4
001211.737|app1 |*|00|Initial log entry. Current logging level 4
001211.759|btoe |5|00|PpsBtoeC Callback is set
001211.796|app1 |*|00|AppPhoneC::AppPhoneC() Number Of Line Keys = 48
001211.796|app1 |*|00|AppPhoneC::AppPhoneC() - new AppRegLineC, szUser = 8710
001211.916|ldap |*|00|Initial log entry. Current logging level 4
001212.121|efk  |*|00|Initial log entry. Current logging level 4
001212.165|cmp  |*|00|Initial log entry. Current logging level 4
001212.166|wmgr |*|00|Initial log entry. Current logging level 4
001212.178|slog |*|00|Initial log entry. Current logging level 4
001212.207|so   |4|00|SoKeyC::procMsg unexpected message 4099
001212.268|so   |*|00|Network initialized. Starting network tasks.
001212.269|log  |*|00|Install file upload callback for 'so'

0421191043|pgui |*|00|Qt Mouse driver created.
0421191045|em   |*|00|Initial log entry. Current logging level 4
0421191045|dbs  |*|00|Initial log entry. Current logging level 4
0421191045|osd  |*|00|Initial log entry. Current logging level 4
0421191046|clist|*|00|Initial log entry. Current logging level 4
0421191046|clist|4|00|dbCfg::getServerDir:Unknown dbCfg type
0421191046|clist|4|00|dbCfg::getServerDir:Unknown dbCfg type
0421191046|clist|4|00|dbCfg::getServerDir:Unknown dbCfg type
0421191046|clist|4|00|dbCfg::getServerDir:Unknown dbCfg type
0421191047|clist|4|00|dbXML::createEntry:name=<bb> func=<0x1afd08><0x1afcb8>- invalid or already exist
0421191052|brow |*|00|Initial log entry. Current logging level 4
0421191052|app1 |5|00|[AppHybridC]: APP IS COMPLETELY INTIALIZED.
0421191052|sip  |*|00|Sip Register Usr:8710 Dsp:8710 Auth:'8710' Inx:0
0421191052|app1 |4|00|Corporate directory instance does not exists.
0421191052|clist|4|00|dbCfg::getServerDir:Unknown dbCfg type
0421191052|clist|4|00|dbCfg::getServerDir:Unknown dbCfg type
0421191052|moh  |*|00|Initial log entry. Current logging level 4
0421191052|moh  |4|00|SoNcasMohC::soNcasmohCfgInit: File provisioning for Moh is defined only for Lync Profile adn if Moh feature is enabled
