0421105622|cfg  |*|00|RT|cfgRtNetInterfaceUpdate: bfeng -- calling network status callback
0421105622|cfg  |*|00|RT|cfgRtNetInterfaceUpdate: bfeng -- calling network status callback
0421113238|dns  |4|00|doDnsLookupForList: given NULL hostname 
0421120656|cfg  |*|00|RT|cfgRtNetInterfaceUpdate: bfeng -- calling network status callback
0421120656|cfg  |*|00|RT|cfgRtNetInterfaceUpdate: bfeng -- calling network status callback
0421120656|cfg  |*|00|RT|cfgRtNetInterfaceUpdate: bfeng -- calling network status callback
0421120656|cfg  |*|00|RT|cfgRtNetInterfaceUpdate: bfeng -- calling network status callback
0421120656|cfg  |*|00|RT|cfgRtNetInterfaceUpdate: bfeng -- calling network status callback
0421120700|cfg  |*|00|RT|cfgRtNetInterfaceUpdate: bfeng -- calling network status callback
0421120700|cfg  |*|00|RT|cfgRtNetInterfaceUpdate: bfeng -- calling network status callback
0421120700|cfg  |*|00|RT|cfgRtNetInterfaceUpdate: bfeng -- calling network status callback
0421120700|cfg  |*|00|RT|cfgRtNetInterfaceUpdate: bfeng -- calling network status callback
0421120700|cfg  |*|00|RT|cfgRtNetInterfaceUpdate: bfeng -- calling network status callback
0421120821|cfg  |5|00|Prm|Parameter voIpProt.SIP.allowTransferOnProceeding requested type 2 but is of type 0
0421120859|clist|4|00|dbIO::processResult:copy error
0421120859|clist|4|00|dbSet::mem2srv:transfer failed
0421121837|cfg  |5|00|Prm|Parameter voIpProt.SIP.allowTransferOnProceeding requested type 2 but is of type 0
0421121859|clist|4|00|dbIO::processResult:copy error
0421121859|clist|4|00|dbSet::mem2srv:transfer failed
0421123238|dns  |4|00|doDnsLookupForList: given NULL hostname 
0421130226|cfg  |*|00|RT|cfgRtNetInterfaceUpdate: bfeng -- calling network status callback
0421130226|cfg  |*|00|RT|cfgRtNetInterfaceUpdate: bfeng -- calling network status callback
0421130226|cfg  |*|00|RT|cfgRtNetInterfaceUpdate: bfeng -- calling network status callback
0421130226|cfg  |*|00|RT|cfgRtNetInterfaceUpdate: bfeng -- calling network status callback
0421130226|cfg  |*|00|RT|cfgRtNetInterfaceUpdate: bfeng -- calling network status callback
0421130228|cfg  |*|00|RT|cfgRtNetInterfaceUpdate: bfeng -- calling network status callback
0421130228|cfg  |*|00|RT|cfgRtNetInterfaceUpdate: bfeng -- calling network status callback
0421130228|cfg  |*|00|RT|cfgRtNetInterfaceUpdate: bfeng -- calling network status callback
0421130228|cfg  |*|00|RT|cfgRtNetInterfaceUpdate: bfeng -- calling network status callback
0421130228|cfg  |*|00|RT|cfgRtNetInterfaceUpdate: bfeng -- calling network status callback
0421130235|cfg  |*|00|RT|cfgRtNetInterfaceUpdate: bfeng -- calling network status callback
0421130235|cfg  |*|00|RT|cfgRtNetInterfaceUpdate: bfeng -- calling network status callback
0421130235|cfg  |*|00|RT|cfgRtNetInterfaceUpdate: bfeng -- calling network status callback
0421130235|cfg  |*|00|RT|cfgRtNetInterfaceUpdate: bfeng -- calling network status callback
0421130235|cfg  |*|00|RT|cfgRtNetInterfaceUpdate: bfeng -- calling network status callback
0421130237|cfg  |*|00|RT|cfgRtNetInterfaceUpdate: bfeng -- calling network status callback
0421130237|cfg  |*|00|RT|cfgRtNetInterfaceUpdate: bfeng -- calling network status callback
0421130237|cfg  |*|00|RT|cfgRtNetInterfaceUpdate: bfeng -- calling network status callback
0421130237|cfg  |*|00|RT|cfgRtNetInterfaceUpdate: bfeng -- calling network status callback
0421130237|cfg  |*|00|RT|cfgRtNetInterfaceUpdate: bfeng -- calling network status callback
0421131253|cfg  |*|00|RT|cfgRtNetInterfaceUpdate: bfeng -- calling network status callback
0421131253|cfg  |*|00|RT|cfgRtNetInterfaceUpdate: bfeng -- calling network status callback
0421131253|cfg  |*|00|RT|cfgRtNetInterfaceUpdate: bfeng -- calling network status callback
0421131253|cfg  |*|00|RT|cfgRtNetInterfaceUpdate: bfeng -- calling network status callback
0421131253|cfg  |*|00|RT|cfgRtNetInterfaceUpdate: bfeng -- calling network status callback
0421131257|cfg  |*|00|RT|cfgRtNetInterfaceUpdate: bfeng -- calling network status callback
0421131257|cfg  |*|00|RT|cfgRtNetInterfaceUpdate: bfeng -- calling network status callback
0421131257|cfg  |*|00|RT|cfgRtNetInterfaceUpdate: bfeng -- calling network status callback
0421131257|cfg  |*|00|RT|cfgRtNetInterfaceUpdate: bfeng -- calling network status callback
0421131257|cfg  |*|00|RT|cfgRtNetInterfaceUpdate: bfeng -- calling network status callback
0421131430|cfg  |5|00|Prm|Parameter voIpProt.SIP.allowTransferOnProceeding requested type 2 but is of type 0
0421131459|clist|4|00|dbIO::processResult:copy error
0421131459|clist|4|00|dbSet::mem2srv:transfer failed
0421133238|dns  |4|00|doDnsLookupForList: given NULL hostname 
0421134125|cfg  |*|00|RT|cfgRtNetInterfaceUpdate: bfeng -- calling network status callback
0421134125|cfg  |*|00|RT|cfgRtNetInterfaceUpdate: bfeng -- calling network status callback
0421134125|cfg  |*|00|RT|cfgRtNetInterfaceUpdate: bfeng -- calling network status callback
0421134125|cfg  |*|00|RT|cfgRtNetInterfaceUpdate: bfeng -- calling network status callback
0421134125|cfg  |*|00|RT|cfgRtNetInterfaceUpdate: bfeng -- calling network status callback
0421134127|cfg  |*|00|RT|cfgRtNetInterfaceUpdate: bfeng -- calling network status callback
0421134127|cfg  |*|00|RT|cfgRtNetInterfaceUpdate: bfeng -- calling network status callback
0421134127|cfg  |*|00|RT|cfgRtNetInterfaceUpdate: bfeng -- calling network status callback
0421134127|cfg  |*|00|RT|cfgRtNetInterfaceUpdate: bfeng -- calling network status callback
0421134127|cfg  |*|00|RT|cfgRtNetInterfaceUpdate: bfeng -- calling network status callback
0421134134|cfg  |*|00|RT|cfgRtNetInterfaceUpdate: bfeng -- calling network status callback
0421134134|cfg  |*|00|RT|cfgRtNetInterfaceUpdate: bfeng -- calling network status callback
0421134134|cfg  |*|00|RT|cfgRtNetInterfaceUpdate: bfeng -- calling network status callback
0421134134|cfg  |*|00|RT|cfgRtNetInterfaceUpdate: bfeng -- calling network status callback
0421134134|cfg  |*|00|RT|cfgRtNetInterfaceUpdate: bfeng -- calling network status callback
0421134136|cfg  |*|00|RT|cfgRtNetInterfaceUpdate: bfeng -- calling network status callback
0421134136|cfg  |*|00|RT|cfgRtNetInterfaceUpdate: bfeng -- calling network status callback
0421134136|cfg  |*|00|RT|cfgRtNetInterfaceUpdate: bfeng -- calling network status callback
0421134136|cfg  |*|00|RT|cfgRtNetInterfaceUpdate: bfeng -- calling network status callback
0421134136|cfg  |*|00|RT|cfgRtNetInterfaceUpdate: bfeng -- calling network status callback
0421134241|cfg  |*|00|RT|cfgRtNetInterfaceUpdate: bfeng -- calling network status callback
0421134241|cfg  |*|00|RT|cfgRtNetInterfaceUpdate: bfeng -- calling network status callback
0421134241|cfg  |*|00|RT|cfgRtNetInterfaceUpdate: bfeng -- calling network status callback
0421134241|cfg  |*|00|RT|cfgRtNetInterfaceUpdate: bfeng -- calling network status callback
0421134241|cfg  |*|00|RT|cfgRtNetInterfaceUpdate: bfeng -- calling network status callback
0421134245|cfg  |*|00|RT|cfgRtNetInterfaceUpdate: bfeng -- calling network status callback
0421134245|cfg  |*|00|RT|cfgRtNetInterfaceUpdate: bfeng -- calling network status callback
0421134245|cfg  |*|00|RT|cfgRtNetInterfaceUpdate: bfeng -- calling network status callback
0421134245|cfg  |*|00|RT|cfgRtNetInterfaceUpdate: bfeng -- calling network status callback
0421134245|cfg  |*|00|RT|cfgRtNetInterfaceUpdate: bfeng -- calling network status callback
0421134604|cfg  |5|00|Prm|Parameter voIpProt.SIP.allowTransferOnProceeding requested type 2 but is of type 0
0421134659|clist|4|00|dbIO::processResult:copy error
0421134659|clist|4|00|dbSet::mem2srv:transfer failed
0421135127|cfg  |5|00|Prm|Parameter voIpProt.SIP.allowTransferOnProceeding requested type 2 but is of type 0
0421135159|clist|4|00|dbIO::processResult:copy error
0421135159|clist|4|00|dbSet::mem2srv:transfer failed
0421135616|cfg  |5|00|Prm|Parameter voIpProt.SIP.allowTransferOnProceeding requested type 2 but is of type 0
0421135659|clist|4|00|dbIO::processResult:copy error
