000008.755|so   |*|01|---------- Initial log entry ----------
000008.755|so   |*|01|+++ Note that Updater log times are in GMT +++
000008.755|boot |*|01|Initial log entry. Current logging level 3
000008.755|copy |*|01|Initial log entry. Current logging level 3
000008.755|utilm|*|01|Initial log entry. Current logging level 4
000008.755|hw   |*|01|Initial log entry. Current logging level 4
000008.756|ethf |*|01|Initial log entry. Current logging level 4
000008.756|dns  |*|01|Initial log entry. Current logging level 3
000008.756|curl |*|01|Initial log entry. Current logging level 3
000008.756|sec  |*|01|Initial log entry. Current logging level 4
000008.775|wdog |*|01|Initial log entry. Current logging level 4
000008.775|lldp |*|01|Initial log entry. Current logging level 3
000008.775|cdp  |*|01|Initial log entry. Current logging level 3
000008.775|key  |*|01|Initial log entry. Current logging level 4
000008.801|so   |3|01|Platform: Model=VVX 410, Assembly=3111-46162-001 Rev=A Region=0
000008.801|so   |3|01|Platform: Board=3111-46162-001 2 0
000008.801|so   |3|01|Platform: MAC=0004f28c89ae
000008.802|so   |3|01|Platform: BootBlock=3.0.4.0146 (46162-001) 10-Jan-13 20:21
000008.803|so   |*|01|Platform: BootL1=1.0.0.0041 (46162-001) 10-Jan-13 20:16
000008.803|so   |3|01|Application, main: Label=Updater, Version=Peridot 5.1.4.0844 20-Mar-13 14:16
000008.803|so   |3|01|Application, main: P/N=3150-11069-514
000008.803|so   |5|01|Platform: Both images are incorrect, will use Primary Image.
000008.804|log  |*|01|Install file upload callback for 'Updater'

000008.805|app1 |*|01|Initial log entry. Current logging level 3
000008.849|cfg  |*|01|Initial log entry. Current logging level 2
000009.767|so   |3|01|Link status is Net up Speed 1000 full Duplex, PC up Speed 1000 full Duplex.
000008.510|so   |*|00|---------- Initial log entry ----------
000008.510|so   |*|00|+++ Note that Updater log times are in GMT +++
000008.510|boot |*|00|Initial log entry. Current logging level 3
000008.510|copy |*|00|Initial log entry. Current logging level 3
000008.510|utilm|*|00|Initial log entry. Current logging level 4
000008.510|hw   |*|00|Initial log entry. Current logging level 4
000008.510|ethf |*|00|Initial log entry. Current logging level 4
000008.511|dns  |*|00|Initial log entry. Current logging level 3
000008.511|curl |*|00|Initial log entry. Current logging level 3
000008.511|sec  |*|00|Initial log entry. Current logging level 4
000008.530|wdog |*|00|Initial log entry. Current logging level 4
000008.531|lldp |*|00|Initial log entry. Current logging level 3
000008.531|cdp  |*|00|Initial log entry. Current logging level 3
000008.531|key  |*|00|Initial log entry. Current logging level 4
000008.571|so   |3|00|Platform: Model=VVX 410, Assembly=3111-46162-001 Rev=A Region=0
000008.571|so   |3|00|Platform: Board=3111-46162-001 2 0
000008.572|so   |3|00|Platform: MAC=0004f28c89ae
000008.573|so   |3|00|Platform: BootBlock=3.0.4.0146 (46162-001) 10-Jan-13 20:21
000008.574|so   |*|00|Platform: BootL1=1.0.0.0041 (46162-001) 10-Jan-13 20:16
000008.574|so   |3|00|Application, main: Label=Updater, Version=Peridot 5.1.4.0844 20-Mar-13 14:16
000008.574|so   |3|00|Application, main: P/N=3150-11069-514
000008.574|so   |5|00|Platform: Both images are incorrect, will use Primary Image.
000008.574|log  |*|00|Install file upload callback for 'Updater'

000008.575|app1 |*|00|Initial log entry. Current logging level 3
000008.620|cfg  |*|00|Initial log entry. Current logging level 2
000009.527|so   |3|00|Link status is Net up Speed 1000 full Duplex, PC up Speed 1000 full Duplex.
000008.110|so   |*|00|---------- Initial log entry ----------
000008.110|so   |*|00|+++ Note that Updater log times are in GMT +++
000008.110|boot |*|00|Initial log entry. Current logging level 3
000008.110|copy |*|00|Initial log entry. Current logging level 3
000008.110|utilm|*|00|Initial log entry. Current logging level 4
000008.110|hw   |*|00|Initial log entry. Current logging level 4
000008.111|ethf |*|00|Initial log entry. Current logging level 4
000008.111|dns  |*|00|Initial log entry. Current logging level 3
000008.111|curl |*|00|Initial log entry. Current logging level 3
000008.111|sec  |*|00|Initial log entry. Current logging level 4
000008.129|wdog |*|00|Initial log entry. Current logging level 4
000008.130|lldp |*|00|Initial log entry. Current logging level 3
000008.130|cdp  |*|00|Initial log entry. Current logging level 3
000008.130|key  |*|00|Initial log entry. Current logging level 4
000008.171|so   |3|00|Platform: Model=VVX 410, Assembly=3111-46162-001 Rev=A Region=0
000008.171|so   |3|00|Platform: Board=3111-46162-001 2 0
000008.172|so   |3|00|Platform: MAC=0004f28c89ae
000008.173|so   |3|00|Platform: BootBlock=3.0.4.0146 (46162-001) 10-Jan-13 20:21
000008.174|so   |*|00|Platform: BootL1=1.0.0.0041 (46162-001) 10-Jan-13 20:16
000008.174|so   |3|00|Application, main: Label=Updater, Version=Peridot 5.1.4.0844 20-Mar-13 14:16
000008.174|so   |3|00|Application, main: P/N=3150-11069-514
000008.174|so   |5|00|Platform: Both images are incorrect, will use Primary Image.
000008.174|log  |*|00|Install file upload callback for 'Updater'

000008.175|app1 |*|00|Initial log entry. Current logging level 3
000008.219|cfg  |*|00|Initial log entry. Current logging level 2
000009.128|so   |3|00|Link status is Net up Speed 1000 full Duplex, PC up Speed 1000 full Duplex.
000008.148|so   |*|00|---------- Initial log entry ----------
000008.149|so   |*|00|+++ Note that Updater log times are in GMT +++
000008.149|boot |*|00|Initial log entry. Current logging level 3
000008.149|copy |*|00|Initial log entry. Current logging level 3
000008.149|utilm|*|00|Initial log entry. Current logging level 4
000008.149|hw   |*|00|Initial log entry. Current logging level 4
000008.149|ethf |*|00|Initial log entry. Current logging level 4
000008.149|dns  |*|00|Initial log entry. Current logging level 3
000008.149|curl |*|00|Initial log entry. Current logging level 3
000008.149|sec  |*|00|Initial log entry. Current logging level 4
000008.167|wdog |*|00|Initial log entry. Current logging level 4
000008.168|lldp |*|00|Initial log entry. Current logging level 3
000008.168|cdp  |*|00|Initial log entry. Current logging level 3
000008.168|key  |*|00|Initial log entry. Current logging level 4
000008.191|so   |3|00|Platform: Model=VVX 410, Assembly=3111-46162-001 Rev=A Region=0
000008.191|so   |3|00|Platform: Board=3111-46162-001 2 0
000008.192|so   |3|00|Platform: MAC=0004f28c89ae
000008.193|so   |3|00|Platform: BootBlock=3.0.4.0146 (46162-001) 10-Jan-13 20:21
000008.193|so   |*|00|Platform: BootL1=1.0.0.0041 (46162-001) 10-Jan-13 20:16
000008.194|so   |3|00|Application, main: Label=Updater, Version=Peridot 5.1.4.0844 20-Mar-13 14:16
000008.194|so   |3|00|Application, main: P/N=3150-11069-514
000008.194|so   |5|00|Platform: Both images are incorrect, will use Primary Image.
000008.194|log  |*|00|Install file upload callback for 'Updater'

000008.195|app1 |*|00|Initial log entry. Current logging level 3
000008.238|cfg  |*|00|Initial log entry. Current logging level 2
000009.166|so   |3|00|Link status is Net up Speed 1000 full Duplex, PC up Speed 1000 full Duplex.
000008.145|so   |*|00|---------- Initial log entry ----------
000008.145|so   |*|00|+++ Note that Updater log times are in GMT +++
000008.145|boot |*|00|Initial log entry. Current logging level 3
000008.145|copy |*|00|Initial log entry. Current logging level 3
000008.145|utilm|*|00|Initial log entry. Current logging level 4
000008.145|hw   |*|00|Initial log entry. Current logging level 4
000008.145|ethf |*|00|Initial log entry. Current logging level 4
000008.146|dns  |*|00|Initial log entry. Current logging level 3
000008.146|curl |*|00|Initial log entry. Current logging level 3
000008.146|sec  |*|00|Initial log entry. Current logging level 4
000008.164|wdog |*|00|Initial log entry. Current logging level 4
000008.164|lldp |*|00|Initial log entry. Current logging level 3
000008.165|cdp  |*|00|Initial log entry. Current logging level 3
000008.165|key  |*|00|Initial log entry. Current logging level 4
000008.201|so   |3|00|Platform: Model=VVX 410, Assembly=3111-46162-001 Rev=A Region=0
000008.202|so   |3|00|Platform: Board=3111-46162-001 2 0
000008.202|so   |3|00|Platform: MAC=0004f28c89ae
000008.203|so   |3|00|Platform: BootBlock=3.0.4.0146 (46162-001) 10-Jan-13 20:21
000008.204|so   |*|00|Platform: BootL1=1.0.0.0041 (46162-001) 10-Jan-13 20:16
000008.204|so   |3|00|Application, main: Label=Updater, Version=Peridot 5.1.4.0844 20-Mar-13 14:16
000008.204|so   |3|00|Application, main: P/N=3150-11069-514
000008.204|so   |5|00|Platform: Both images are incorrect, will use Primary Image.
000008.204|log  |*|00|Install file upload callback for 'Updater'

000008.205|app1 |*|00|Initial log entry. Current logging level 3
000008.248|cfg  |*|00|Initial log entry. Current logging level 2
000009.163|so   |3|00|Link status is Net up Speed 1000 full Duplex, PC up Speed 1000 full Duplex.
000008.137|so   |*|00|---------- Initial log entry ----------
000008.137|so   |*|00|+++ Note that Updater log times are in GMT +++
000008.137|boot |*|00|Initial log entry. Current logging level 3
000008.137|copy |*|00|Initial log entry. Current logging level 3
000008.138|utilm|*|00|Initial log entry. Current logging level 4
000008.138|hw   |*|00|Initial log entry. Current logging level 4
000008.138|ethf |*|00|Initial log entry. Current logging level 4
000008.138|dns  |*|00|Initial log entry. Current logging level 3
000008.138|curl |*|00|Initial log entry. Current logging level 3
000008.138|sec  |*|00|Initial log entry. Current logging level 4
000008.156|wdog |*|00|Initial log entry. Current logging level 4
000008.156|lldp |*|00|Initial log entry. Current logging level 3
000008.156|cdp  |*|00|Initial log entry. Current logging level 3
000008.157|key  |*|00|Initial log entry. Current logging level 4
000008.181|so   |3|00|Platform: Model=VVX 410, Assembly=3111-46162-001 Rev=A Region=0
000008.181|so   |3|00|Platform: Board=3111-46162-001 2 0
000008.182|so   |3|00|Platform: MAC=0004f28c89ae
000008.183|so   |3|00|Platform: BootBlock=3.0.4.0146 (46162-001) 10-Jan-13 20:21
000008.184|so   |*|00|Platform: BootL1=1.0.0.0041 (46162-001) 10-Jan-13 20:16
000008.184|so   |3|00|Application, main: Label=Updater, Version=Peridot 5.1.4.0844 20-Mar-13 14:16
000008.184|so   |3|00|Application, main: P/N=3150-11069-514
000008.184|so   |5|00|Platform: Both images are incorrect, will use Primary Image.
000008.184|log  |*|00|Install file upload callback for 'Updater'

000008.185|app1 |*|00|Initial log entry. Current logging level 3
000008.229|cfg  |*|00|Initial log entry. Current logging level 2
000009.155|so   |3|00|Link status is Net up Speed 1000 full Duplex, PC up Speed 1000 full Duplex.
000008.111|so   |*|00|---------- Initial log entry ----------
000008.111|so   |*|00|+++ Note that Updater log times are in GMT +++
000008.111|boot |*|00|Initial log entry. Current logging level 3
000008.111|copy |*|00|Initial log entry. Current logging level 3
000008.111|utilm|*|00|Initial log entry. Current logging level 4
000008.111|hw   |*|00|Initial log entry. Current logging level 4
000008.111|ethf |*|00|Initial log entry. Current logging level 4
000008.112|dns  |*|00|Initial log entry. Current logging level 3
000008.112|curl |*|00|Initial log entry. Current logging level 3
000008.112|sec  |*|00|Initial log entry. Current logging level 4
000008.130|wdog |*|00|Initial log entry. Current logging level 4
000008.130|lldp |*|00|Initial log entry. Current logging level 3
000008.130|cdp  |*|00|Initial log entry. Current logging level 3
000008.130|key  |*|00|Initial log entry. Current logging level 4
000008.171|so   |3|00|Platform: Model=VVX 410, Assembly=3111-46162-001 Rev=A Region=0
000008.171|so   |3|00|Platform: Board=3111-46162-001 2 0
000008.172|so   |3|00|Platform: MAC=0004f28c89ae
000008.173|so   |3|00|Platform: BootBlock=3.0.4.0146 (46162-001) 10-Jan-13 20:21
000008.174|so   |*|00|Platform: BootL1=1.0.0.0041 (46162-001) 10-Jan-13 20:16
000008.174|so   |3|00|Application, main: Label=Updater, Version=Peridot 5.1.4.0844 20-Mar-13 14:16
000008.174|so   |3|00|Application, main: P/N=3150-11069-514
000008.174|so   |5|00|Platform: Both images are incorrect, will use Primary Image.
000008.174|log  |*|00|Install file upload callback for 'Updater'

000008.175|app1 |*|00|Initial log entry. Current logging level 3
000008.218|cfg  |*|00|Initial log entry. Current logging level 2
000009.129|so   |3|00|Link status is Net up Speed 1000 full Duplex, PC up Speed 1000 full Duplex.
000008.144|so   |*|00|---------- Initial log entry ----------
000008.144|so   |*|00|+++ Note that Updater log times are in GMT +++
000008.145|boot |*|00|Initial log entry. Current logging level 3
000008.145|copy |*|00|Initial log entry. Current logging level 3
000008.145|utilm|*|00|Initial log entry. Current logging level 4
000008.145|hw   |*|00|Initial log entry. Current logging level 4
000008.145|ethf |*|00|Initial log entry. Current logging level 4
000008.145|dns  |*|00|Initial log entry. Current logging level 3
000008.145|curl |*|00|Initial log entry. Current logging level 3
000008.145|sec  |*|00|Initial log entry. Current logging level 4
000008.164|wdog |*|00|Initial log entry. Current logging level 4
000008.164|lldp |*|00|Initial log entry. Current logging level 3
000008.164|cdp  |*|00|Initial log entry. Current logging level 3
000008.164|key  |*|00|Initial log entry. Current logging level 4
000008.201|so   |3|00|Platform: Model=VVX 410, Assembly=3111-46162-001 Rev=A Region=0
000008.202|so   |3|00|Platform: Board=3111-46162-001 2 0
000008.202|so   |3|00|Platform: MAC=0004f28c89ae
000008.203|so   |3|00|Platform: BootBlock=3.0.4.0146 (46162-001) 10-Jan-13 20:21
000008.204|so   |*|00|Platform: BootL1=1.0.0.0041 (46162-001) 10-Jan-13 20:16
000008.204|so   |3|00|Application, main: Label=Updater, Version=Peridot 5.1.4.0844 20-Mar-13 14:16
000008.204|so   |3|00|Application, main: P/N=3150-11069-514
000008.204|so   |5|00|Platform: Both images are incorrect, will use Primary Image.
000008.204|log  |*|00|Install file upload callback for 'Updater'

000008.205|app1 |*|00|Initial log entry. Current logging level 3
000008.248|cfg  |*|00|Initial log entry. Current logging level 2
000009.162|so   |3|00|Link status is Net up Speed 1000 full Duplex, PC up Speed 1000 full Duplex.
000008.125|so   |*|00|---------- Initial log entry ----------
000008.126|so   |*|00|+++ Note that Updater log times are in GMT +++
000008.126|boot |*|00|Initial log entry. Current logging level 3
000008.126|copy |*|00|Initial log entry. Current logging level 3
000008.126|utilm|*|00|Initial log entry. Current logging level 4
000008.126|hw   |*|00|Initial log entry. Current logging level 4
000008.126|ethf |*|00|Initial log entry. Current logging level 4
000008.126|dns  |*|00|Initial log entry. Current logging level 3
000008.126|curl |*|00|Initial log entry. Current logging level 3
000008.127|sec  |*|00|Initial log entry. Current logging level 4
000008.145|wdog |*|00|Initial log entry. Current logging level 4
000008.145|lldp |*|00|Initial log entry. Current logging level 3
000008.145|cdp  |*|00|Initial log entry. Current logging level 3
000008.145|key  |*|00|Initial log entry. Current logging level 4
000008.171|so   |3|00|Platform: Model=VVX 410, Assembly=3111-46162-001 Rev=A Region=0
000008.171|so   |3|00|Platform: Board=3111-46162-001 2 0
000008.172|so   |3|00|Platform: MAC=0004f28c89ae
000008.173|so   |3|00|Platform: BootBlock=3.0.4.0146 (46162-001) 10-Jan-13 20:21
000008.174|so   |*|00|Platform: BootL1=1.0.0.0041 (46162-001) 10-Jan-13 20:16
000008.174|so   |3|00|Application, main: Label=Updater, Version=Peridot 5.1.4.0844 20-Mar-13 14:16
000008.174|so   |3|00|Application, main: P/N=3150-11069-514
000008.174|so   |5|00|Platform: Both images are incorrect, will use Primary Image.
000008.174|log  |*|00|Install file upload callback for 'Updater'

000008.175|app1 |*|00|Initial log entry. Current logging level 3
000008.218|cfg  |*|00|Initial log entry. Current logging level 2
000009.143|so   |3|00|Link status is Net up Speed 1000 full Duplex, PC up Speed 1000 full Duplex.
000008.141|so   |*|00|---------- Initial log entry ----------
000008.141|so   |*|00|+++ Note that Updater log times are in GMT +++
000008.141|boot |*|00|Initial log entry. Current logging level 3
000008.141|copy |*|00|Initial log entry. Current logging level 3
000008.141|utilm|*|00|Initial log entry. Current logging level 4
000008.141|hw   |*|00|Initial log entry. Current logging level 4
000008.142|ethf |*|00|Initial log entry. Current logging level 4
000008.142|dns  |*|00|Initial log entry. Current logging level 3
000008.142|curl |*|00|Initial log entry. Current logging level 3
000008.142|sec  |*|00|Initial log entry. Current logging level 4
000008.160|wdog |*|00|Initial log entry. Current logging level 4
000008.161|lldp |*|00|Initial log entry. Current logging level 3
000008.161|cdp  |*|00|Initial log entry. Current logging level 3
000008.161|key  |*|00|Initial log entry. Current logging level 4
000008.201|so   |3|00|Platform: Model=VVX 410, Assembly=3111-46162-001 Rev=A Region=0
000008.201|so   |3|00|Platform: Board=3111-46162-001 2 0
000008.202|so   |3|00|Platform: MAC=0004f28c89ae
000008.203|so   |3|00|Platform: BootBlock=3.0.4.0146 (46162-001) 10-Jan-13 20:21
000008.204|so   |*|00|Platform: BootL1=1.0.0.0041 (46162-001) 10-Jan-13 20:16
000008.204|so   |3|00|Application, main: Label=Updater, Version=Peridot 5.1.4.0844 20-Mar-13 14:16
000008.204|so   |3|00|Application, main: P/N=3150-11069-514
000008.204|so   |5|00|Platform: Both images are incorrect, will use Primary Image.
000008.204|log  |*|00|Install file upload callback for 'Updater'

000008.205|app1 |*|00|Initial log entry. Current logging level 3
000008.248|cfg  |*|00|Initial log entry. Current logging level 2
000009.158|so   |3|00|Link status is Net up Speed 1000 full Duplex, PC up Speed 1000 full Duplex.
