0419152722|dns  |4|00|doDnsLookupForList: given NULL hostname 
0419162722|dns  |4|00|doDnsLookupForList: given NULL hostname 
0419172722|dns  |4|00|doDnsLookupForList: given NULL hostname 
0419182722|dns  |4|00|doDnsLookupForList: given NULL hostname 
0419192722|dns  |4|00|doDnsLookupForList: given NULL hostname 
0419202723|dns  |4|00|doDnsLookupForList: given NULL hostname 
0419212723|dns  |4|00|doDnsLookupForList: given NULL hostname 
0419222723|dns  |4|00|doDnsLookupForList: given NULL hostname 
0419232723|dns  |4|00|doDnsLookupForList: given NULL hostname 
0420002723|dns  |4|00|doDnsLookupForList: given NULL hostname 
0420013122|dns  |4|00|doDnsLookupForList: given NULL hostname 
0420023122|dns  |4|00|doDnsLookupForList: given NULL hostname 
0420033122|dns  |4|00|doDnsLookupForList: given NULL hostname 
0420043122|dns  |4|00|doDnsLookupForList: given NULL hostname 
0420053122|dns  |4|00|doDnsLookupForList: given NULL hostname 
0420063122|dns  |4|00|doDnsLookupForList: given NULL hostname 
0420073122|dns  |4|00|doDnsLookupForList: given NULL hostname 
0420080323|sip  |4|00|NAPTR query for host 'vantage.fullymanaged.sip.voxter.com' returned no results
0420083123|dns  |4|00|doDnsLookupForList: given NULL hostname 
0420093123|dns  |4|00|doDnsLookupForList: given NULL hostname 
0420102535|cfg  |5|00|Prm|Parameter voIpProt.SIP.allowTransferOnProceeding requested type 2 but is of type 0
0420102554|clist|4|00|dbIO::processResult:copy error
0420102554|clist|4|00|dbSet::mem2srv:transfer failed
0420103123|dns  |4|00|doDnsLookupForList: given NULL hostname 
0420110551|cfg  |5|00|Prm|Parameter voIpProt.SIP.allowTransferOnProceeding requested type 2 but is of type 0
0420110554|clist|4|00|dbIO::processResult:copy error
0420110554|clist|4|00|dbSet::mem2srv:transfer failed
0420111648|cfg  |5|00|Prm|Parameter voIpProt.SIP.allowTransferOnProceeding requested type 2 but is of type 0
0420111654|clist|4|00|dbIO::processResult:copy error
0420111654|clist|4|00|dbSet::mem2srv:transfer failed
0420112306|cfg  |5|00|Prm|Parameter voIpProt.SIP.allowTransferOnProceeding requested type 2 but is of type 0
0420112354|clist|4|00|dbIO::processResult:copy error
0420112354|clist|4|00|dbSet::mem2srv:transfer failed
0420113123|dns  |4|00|doDnsLookupForList: given NULL hostname 
0420113435|cfg  |5|00|Prm|Parameter voIpProt.SIP.allowTransferOnProceeding requested type 2 but is of type 0
0420113436|cfg  |5|00|Prm|Parameter voIpProt.SIP.allowTransferOnProceeding requested type 2 but is of type 0
0420113454|clist|4|00|dbIO::processResult:copy error
0420113454|clist|4|00|dbSet::mem2srv:transfer failed
0420123123|dns  |4|00|doDnsLookupForList: given NULL hostname 
0420124054|clist|4|00|dbIO::processResult:copy error
0420124054|clist|4|00|dbSet::mem2srv:transfer failed
0420125953|sip  |4|00|Registration failed User: 3830, Error Code:480 Temporarily not available
0420133212|dns  |4|00|doDnsLookupForList: given NULL hostname 
0420140004|cfg  |5|00|Prm|Parameter voIpProt.SIP.allowTransferOnProceeding requested type 2 but is of type 0
0420140006|cfg  |5|00|Prm|Parameter voIpProt.SIP.allowTransferOnProceeding requested type 2 but is of type 0
0420140054|clist|4|00|dbIO::processResult:copy error
0420140054|clist|4|00|dbSet::mem2srv:transfer failed
0420140917|cfg  |5|00|Prm|Parameter voIpProt.SIP.allowTransferOnProceeding requested type 2 but is of type 0
0420140949|cfg  |5|00|Prm|Parameter voIpProt.SIP.allowTransferOnProceeding requested type 2 but is of type 0
0420143212|dns  |4|00|doDnsLookupForList: given NULL hostname 
0420145101|cfg  |5|00|Prm|Parameter voIpProt.SIP.allowTransferOnProceeding requested type 2 but is of type 0
0420145154|clist|4|00|dbIO::processResult:copy error
0420145154|clist|4|00|dbSet::mem2srv:transfer failed
0420153212|dns  |4|00|doDnsLookupForList: given NULL hostname 
0420163212|dns  |4|00|doDnsLookupForList: given NULL hostname 
0420172118|cfg  |5|00|Prm|Parameter voIpProt.SIP.allowTransferOnProceeding requested type 2 but is of type 0
0420172154|clist|4|00|dbIO::processResult:copy error
0420172154|clist|4|00|dbSet::mem2srv:transfer failed
