000000.615|cfg  |3|00|Options:             0x00000020
000000.615|cfg  |3|00|Recognized compatible bootBlock
000000.630|cfg  |3|00|BootBlock is already present
000000.630|cfg  |3|00|Image is already up to date
000000.630|app1 |*|00|BootBlock is already up to date.
000001.385|so   |3|00|Link status is Net up Speed 100 full Duplex.
000012.205|lldp |3|00|LLDP did not receive a response from a switch. Disabling LLDP.
000018.185|cdp  |3|00|CDP did not receive a response from a switch. Disabling CDP.
000030.710|app1 |3|00|DNS resolver servers are '8.8.8.8' '4.2.2.2'
000030.710|app1 |3|00|DNS resolver search domain is ''
000030.715|app1 |3|00|Bootline: esw(3,0)bootHost:flash e=192.168.20.233:ffffff00:15180:1c h=74.114.208.40 g=192.168.20.1 u=**** pw=**** f=0x40 tn=Circ
000030.715|app1 |3|00|Bootline: aIP
000030.715|app1 |4|00|Could not load time from  (0.0.0.0).
000030.715|app1 |3|00|DHCP returned result 0x18F from server 192.168.20.1.
000030.715|app1 |3|00|   Phone IP address is 192.168.20.233.
000030.715|app1 |3|00|   Subnet mask is 255.255.255.0.
000030.715|app1 |3|00|   Gateway address is 192.168.20.1.
000030.715|app1 |3|00|   Provisioning server address is http://provision.iasusa.voxter.sip.voxter.com/provision.
000030.715|app1 |3|00|   DNS server is 8.8.8.8.
000030.715|app1 |3|00|   DNS alternate server is 4.2.2.2.
000030.990|dns  |3|00|DNS lookup for 'provision.iasusa.voxter.sip.voxter.com'(74.114.208.40) TTL=14656
000030.995|copy |3|00|'http://PlcmSpIp:****@provision.iasusa.voxter.sip.voxter.com/provision/0004f2f3bbf5.cfg' from 'provision.iasusa.voxter.sip.voxte
000031.050|copy |3|00|Download of 'provision/0004f2f3bbf5.cfg' FAILED on attempt 1 (addr 1 of 1)
000031.050|copy |*|00|Server 'provision.iasusa.voxter.sip.voxter.com' said 'provision/0004f2f3bbf5.cfg' is not present
000031.050|copy |3|00|Update of '/ffs0/init.mac' failed, leaving local copy intact
000031.065|copy |3|00|'http://PlcmSpIp:****@provision.iasusa.voxter.sip.voxter.com/provision/000000000000.cfg' from 'provision.iasusa.voxter.sip.voxte
000031.125|copy |3|00|Download of 'provision/000000000000.cfg' FAILED on attempt 1 (addr 1 of 1)
000031.125|copy |*|00|Server 'provision.iasusa.voxter.sip.voxter.com' said 'provision/000000000000.cfg' is not present
000031.125|copy |3|00|Update of '/ffs0/init.mac' failed, leaving local copy intact
000031.170|cfg  |4|00|Prov|Download of master configuration file failed
000031.170|cfg  |4|00|Prov|Trying to boot from existing configuration
000031.285|cfg  |4|00|Prov|Provisioning failed
000036.375|app1 |6|00|Error application is not present.
000036.375|app1 |6|00|Uploading boot log, time is MON JAN 01 00:00:36 2007

000036.635|copy |3|00|'http://PlcmSpIp:****@provision.iasusa.voxter.sip.voxter.com/provision/0004f2f3bbf5-boot.log' to 'provision.iasusa.voxter.sip.vo
000036.820|copy |3|00|Upload of 'provision/0004f2f3bbf5-boot.log' FAILED on attempt 1 (addr 1 of 1)
000036.820|copy |3|00|transport res: 22 respCode 400
000036.820|copy |3|00|transport error: Error.
000036.820|copy |3|00|transport error buffer: The requested URL returned error: 400.
000041.820|app1 |3|00|Event: Multiple Key Combo 1
000041.820|app1 |6|00|Manual Reboot
000045.390|wdog |*|00|Watchdog Expired: tApp1
000000.230|so   |*|00|---------- Initial log entry ----------
000000.230|so   |*|00|+++ Note that bootrom log times are in GMT +++
000000.230|copy |*|00|Initial log entry. Current logging level 3
000000.230|utilm|*|00|Initial log entry. Current logging level 4
000000.230|hw   |*|00|Initial log entry. Current logging level 4
000000.230|ethf |*|00|Initial log entry. Current logging level 4
000000.230|dns  |*|00|Initial log entry. Current logging level 3
000000.230|curl |*|00|Initial log entry. Current logging level 3
000000.230|sec  |*|00|Initial log entry. Current logging level 4
000000.390|wdog |*|00|Initial log entry. Current logging level 4
000000.390|lldp |*|00|Initial log entry. Current logging level 3
000000.390|lldp |3|00|LLDP is DISABLED.
000000.390|cdp  |*|00|Initial log entry. Current logging level 3
000000.390|cdp  |3|00|CDP is DISABLED.
000000.390|key  |*|00|Initial log entry. Current logging level 4
000000.400|so   |3|00|Platform: Model=SoundStation IP 5000, Assembly=3111-30900-001 Rev=G Region=0
000000.400|so   |3|00|Platform: Board=3111-30900-001 1 0
000000.400|so   |3|00|Platform: MAC=0004f2f3bbf5, IP=Resolving, Subnet Mask=Resolving
000000.400|so   |3|00|Platform: BootBlock=3.0.2.0024 (30900-001) 30-Nov-10 15:06
000000.400|so   |3|00|Application, main: Label=BOOT, Version=Muscovite 4.4.0.0080 26-Jul-11 13:56
000000.400|so   |3|00|Application, main: P/N=3150-11069-440
000000.400|app1 |*|00|Initial log entry. Current logging level 3
000000.545|cfg  |*|00|Initial log entry. Current logging level 2
000000.615|cfg  |3|00|Current BootBlock revision is '3.0.2 (30900-001).0024'
000000.615|cfg  |*|00|Prov|Updating BootBlock
000000.615|cfg  |3|00|Checking pre-compiled image 3111-30900-001.bootblock.ld
000000.615|cfg  |3|00|New load header information:
000000.615|cfg  |3|00|Code length:         0x0000F119
000000.615|cfg  |3|00|Header check Sum:    0x0066D5C9
000000.615|cfg  |3|00|Code check Sum:      0x0065E284
000000.615|cfg  |3|00|Options:             0x00000020
000000.615|cfg  |3|00|Recognized compatible bootBlock
000000.630|cfg  |3|00|BootBlock is already present
000000.630|cfg  |3|00|Image is already up to date
000000.630|app1 |*|00|BootBlock is already up to date.
000001.385|so   |3|00|Link status is Net up Speed 100 full Duplex.
000012.205|lldp |3|00|LLDP did not receive a response from a switch. Disabling LLDP.
000018.185|cdp  |3|00|CDP did not receive a response from a switch. Disabling CDP.
000030.710|app1 |3|00|DNS resolver servers are '8.8.8.8' '4.2.2.2'
000030.710|app1 |3|00|DNS resolver search domain is ''
000030.715|app1 |3|00|Bootline: esw(3,0)bootHost:flash e=192.168.20.233:ffffff00:15180:1c h=74.114.208.40 g=192.168.20.1 u=**** pw=**** f=0x40 tn=Circ
000030.715|app1 |3|00|Bootline: aIP
000030.715|app1 |4|00|Could not load time from  (0.0.0.0).
000030.715|app1 |3|00|DHCP returned result 0x18F from server 192.168.20.1.
000030.715|app1 |3|00|   Phone IP address is 192.168.20.233.
000030.715|app1 |3|00|   Subnet mask is 255.255.255.0.
000030.715|app1 |3|00|   Gateway address is 192.168.20.1.
000030.715|app1 |3|00|   Provisioning server address is http://provision.iasusa.voxter.sip.voxter.com/provision.
000030.715|app1 |3|00|   DNS server is 8.8.8.8.
000030.715|app1 |3|00|   DNS alternate server is 4.2.2.2.
000031.025|dns  |3|00|DNS lookup for 'provision.iasusa.voxter.sip.voxter.com'(74.114.208.40) TTL=19026
000031.025|copy |3|00|'http://PlcmSpIp:****@provision.iasusa.voxter.sip.voxter.com/provision/0004f2f3bbf5.cfg' from 'provision.iasusa.voxter.sip.voxte
000031.080|copy |3|00|Download of 'provision/0004f2f3bbf5.cfg' FAILED on attempt 1 (addr 1 of 1)
000031.080|copy |*|00|Server 'provision.iasusa.voxter.sip.voxter.com' said 'provision/0004f2f3bbf5.cfg' is not present
000031.085|copy |3|00|Update of '/ffs0/init.mac' failed, leaving local copy intact
000031.095|copy |3|00|'http://PlcmSpIp:****@provision.iasusa.voxter.sip.voxter.com/provision/000000000000.cfg' from 'provision.iasusa.voxter.sip.voxte
000031.150|copy |3|00|Download of 'provision/000000000000.cfg' FAILED on attempt 1 (addr 1 of 1)
000031.155|copy |*|00|Server 'provision.iasusa.voxter.sip.voxter.com' said 'provision/000000000000.cfg' is not present
000031.155|copy |3|00|Update of '/ffs0/init.mac' failed, leaving local copy intact
000031.185|cfg  |4|00|Prov|Download of master configuration file failed
000031.185|cfg  |4|00|Prov|Trying to boot from existing configuration
000031.305|cfg  |4|00|Prov|Provisioning failed
000036.395|app1 |6|00|Error application is not present.
000036.395|app1 |6|00|Uploading boot log, time is MON JAN 01 00:00:36 2007

000036.655|copy |3|00|'http://PlcmSpIp:****@provision.iasusa.voxter.sip.voxter.com/provision/0004f2f3bbf5-boot.log' to 'provision.iasusa.voxter.sip.vo
000036.890|copy |3|00|Upload of 'provision/0004f2f3bbf5-boot.log' FAILED on attempt 1 (addr 1 of 1)
000036.890|copy |3|00|transport res: 22 respCode 400
000036.890|copy |3|00|transport error: Error.
000036.890|copy |3|00|transport error buffer: The requested URL returned error: 400.
000041.890|app1 |3|00|Event: Multiple Key Combo 1
000041.890|app1 |6|00|Manual Reboot
000045.390|wdog |*|00|Watchdog Expired: tApp1
000000.230|so   |*|00|---------- Initial log entry ----------
000000.230|so   |*|00|+++ Note that bootrom log times are in GMT +++
000000.230|copy |*|00|Initial log entry. Current logging level 3
000000.230|utilm|*|00|Initial log entry. Current logging level 4
000000.230|hw   |*|00|Initial log entry. Current logging level 4
000000.230|ethf |*|00|Initial log entry. Current logging level 4
000000.230|dns  |*|00|Initial log entry. Current logging level 3
000000.230|curl |*|00|Initial log entry. Current logging level 3
000000.230|sec  |*|00|Initial log entry. Current logging level 4
000000.390|wdog |*|00|Initial log entry. Current logging level 4
000000.390|lldp |*|00|Initial log entry. Current logging level 3
000000.390|lldp |3|00|LLDP is DISABLED.
000000.390|cdp  |*|00|Initial log entry. Current logging level 3
000000.390|cdp  |3|00|CDP is DISABLED.
000000.390|key  |*|00|Initial log entry. Current logging level 4
000000.400|so   |3|00|Platform: Model=SoundStation IP 5000, Assembly=3111-30900-001 Rev=G Region=0
000000.400|so   |3|00|Platform: Board=3111-30900-001 1 0
000000.400|so   |3|00|Platform: MAC=0004f2f3bbf5, IP=Resolving, Subnet Mask=Resolving
000000.400|so   |3|00|Platform: BootBlock=3.0.2.0024 (30900-001) 30-Nov-10 15:06
000000.400|so   |3|00|Application, main: Label=BOOT, Version=Muscovite 4.4.0.0080 26-Jul-11 13:56
000000.405|so   |3|00|Application, main: P/N=3150-11069-440
000000.405|app1 |*|00|Initial log entry. Current logging level 3
000000.545|cfg  |*|00|Initial log entry. Current logging level 2
000000.615|cfg  |3|00|Current BootBlock revision is '3.0.2 (30900-001).0024'
000000.615|cfg  |*|00|Prov|Updating BootBlock
000000.615|cfg  |3|00|Checking pre-compiled image 3111-30900-001.bootblock.ld
000000.615|cfg  |3|00|New load header information:
000000.615|cfg  |3|00|Code length:         0x0000F119
000000.615|cfg  |3|00|Header check Sum:    0x0066D5C9
000000.615|cfg  |3|00|Code check Sum:      0x0065E284
000000.615|cfg  |3|00|Options:             0x00000020
000000.615|cfg  |3|00|Recognized compatible bootBlock
000000.630|cfg  |3|00|BootBlock is already present
000000.630|cfg  |3|00|Image is already up to date
000000.630|app1 |*|00|BootBlock is already up to date.
000001.390|so   |3|00|Link status is Net up Speed 100 full Duplex.
000012.205|lldp |3|00|LLDP did not receive a response from a switch. Disabling LLDP.
000018.185|cdp  |3|00|CDP did not receive a response from a switch. Disabling CDP.
000030.705|app1 |3|00|DNS resolver servers are '8.8.8.8' '4.2.2.2'
000030.705|app1 |3|00|DNS resolver search domain is ''
000030.710|app1 |3|00|Bootline: esw(3,0)bootHost:flash e=192.168.20.233:ffffff00:15180:1c h=74.114.208.40 g=192.168.20.1 u=**** pw=**** f=0x40 tn=Circ
000030.710|app1 |3|00|Bootline: aIP
000030.710|app1 |4|00|Could not load time from  (0.0.0.0).
000030.710|app1 |3|00|DHCP returned result 0x18F from server 192.168.20.1.
000030.710|app1 |3|00|   Phone IP address is 192.168.20.233.
000030.710|app1 |3|00|   Subnet mask is 255.255.255.0.
000030.710|app1 |3|00|   Gateway address is 192.168.20.1.
000030.710|app1 |3|00|   Provisioning server address is http://provision.iasusa.voxter.sip.voxter.com/provision.
000030.710|app1 |3|00|   DNS server is 8.8.8.8.
000030.710|app1 |3|00|   DNS alternate server is 4.2.2.2.
000030.990|dns  |3|00|DNS lookup for 'provision.iasusa.voxter.sip.voxter.com'(74.114.208.40) TTL=18963
000030.995|copy |3|00|'http://PlcmSpIp:****@provision.iasusa.voxter.sip.voxter.com/provision/0004f2f3bbf5.cfg' from 'provision.iasusa.voxter.sip.voxte
000031.050|copy |3|00|Download of 'provision/0004f2f3bbf5.cfg' FAILED on attempt 1 (addr 1 of 1)
000031.050|copy |*|00|Server 'provision.iasusa.voxter.sip.voxter.com' said 'provision/0004f2f3bbf5.cfg' is not present
000031.055|copy |3|00|Update of '/ffs0/init.mac' failed, leaving local copy intact
000031.065|copy |3|00|'http://PlcmSpIp:****@provision.iasusa.voxter.sip.voxter.com/provision/000000000000.cfg' from 'provision.iasusa.voxter.sip.voxte
000031.125|copy |3|00|Download of 'provision/000000000000.cfg' FAILED on attempt 1 (addr 1 of 1)
000031.125|copy |*|00|Server 'provision.iasusa.voxter.sip.voxter.com' said 'provision/000000000000.cfg' is not present
000031.125|copy |3|00|Update of '/ffs0/init.mac' failed, leaving local copy intact
000031.165|cfg  |4|00|Prov|Download of master configuration file failed
000031.170|cfg  |4|00|Prov|Trying to boot from existing configuration
000031.285|cfg  |4|00|Prov|Provisioning failed
000036.375|app1 |6|00|Error application is not present.
000036.375|app1 |6|00|Uploading boot log, time is MON JAN 01 00:00:36 2007

000036.635|copy |3|00|'http://PlcmSpIp:****@provision.iasusa.voxter.sip.voxter.com/provision/0004f2f3bbf5-boot.log' to 'provision.iasusa.voxter.sip.vo
000036.945|copy |3|00|Upload of 'provision/0004f2f3bbf5-boot.log' FAILED on attempt 1 (addr 1 of 1)
000036.945|copy |3|00|transport res: 22 respCode 400
000036.945|copy |3|00|transport error: Error.
000036.945|copy |3|00|transport error buffer: The requested URL returned error: 400.
000041.945|app1 |3|00|Event: Multiple Key Combo 1
000041.945|app1 |6|00|Manual Reboot
000045.390|wdog |*|00|Watchdog Expired: tApp1
000000.240|so   |*|00|---------- Initial log entry ----------
000000.240|so   |*|00|+++ Note that bootrom log times are in GMT +++
000000.240|copy |*|00|Initial log entry. Current logging level 3
000000.240|utilm|*|00|Initial log entry. Current logging level 4
000000.240|hw   |*|00|Initial log entry. Current logging level 4
000000.240|ethf |*|00|Initial log entry. Current logging level 4
000000.240|dns  |*|00|Initial log entry. Current logging level 3
000000.240|curl |*|00|Initial log entry. Current logging level 3
000000.240|sec  |*|00|Initial log entry. Current logging level 4
000000.395|wdog |*|00|Initial log entry. Current logging level 4
000000.395|lldp |*|00|Initial log entry. Current logging level 3
000000.395|lldp |3|00|LLDP is DISABLED.
000000.395|cdp  |*|00|Initial log entry. Current logging level 3
000000.395|cdp  |3|00|CDP is DISABLED.
000000.395|key  |*|00|Initial log entry. Current logging level 4
000000.410|so   |3|00|Platform: Model=SoundStation IP 5000, Assembly=3111-30900-001 Rev=G Region=0
000000.410|so   |3|00|Platform: Board=3111-30900-001 1 0
000000.410|so   |3|00|Platform: MAC=0004f2f3bbf5, IP=Resolving, Subnet Mask=Resolving
000000.410|so   |3|00|Platform: BootBlock=3.0.2.0024 (30900-001) 30-Nov-10 15:06
000000.410|so   |3|00|Application, main: Label=BOOT, Version=Muscovite 4.4.0.0080 26-Jul-11 13:56
000000.410|so   |3|00|Application, main: P/N=3150-11069-440
000000.410|app1 |*|00|Initial log entry. Current logging level 3
000000.555|cfg  |*|00|Initial log entry. Current logging level 2
000000.625|cfg  |3|00|Current BootBlock revision is '3.0.2 (30900-001).0024'
000000.625|cfg  |*|00|Prov|Updating BootBlock
000000.625|cfg  |3|00|Checking pre-compiled image 3111-30900-001.bootblock.ld
000000.625|cfg  |3|00|New load header information:
000000.625|cfg  |3|00|Code length:         0x0000F119
000000.625|cfg  |3|00|Header check Sum:    0x0066D5C9
000000.625|cfg  |3|00|Code check Sum:      0x0065E284
000000.625|cfg  |3|00|Options:             0x00000020
000000.625|cfg  |3|00|Recognized compatible bootBlock
000000.635|cfg  |3|00|BootBlock is already present
000000.635|cfg  |3|00|Image is already up to date
000000.635|app1 |*|00|BootBlock is already up to date.
000001.395|so   |3|00|Link status is Net up Speed 100 full Duplex.
000012.205|lldp |3|00|LLDP did not receive a response from a switch. Disabling LLDP.
000018.185|cdp  |3|00|CDP did not receive a response from a switch. Disabling CDP.
000030.715|app1 |3|00|DNS resolver servers are '8.8.8.8' '4.2.2.2'
000030.715|app1 |3|00|DNS resolver search domain is ''
000030.720|app1 |3|00|Bootline: esw(3,0)bootHost:flash e=192.168.20.233:ffffff00:15180:1c h=74.114.208.40 g=192.168.20.1 u=**** pw=**** f=0x40 tn=Circ
000030.720|app1 |3|00|Bootline: aIP
000030.720|app1 |4|00|Could not load time from  (0.0.0.0).
000030.720|app1 |3|00|DHCP returned result 0x18F from server 192.168.20.1.
000030.720|app1 |3|00|   Phone IP address is 192.168.20.233.
000030.720|app1 |3|00|   Subnet mask is 255.255.255.0.
000030.720|app1 |3|00|   Gateway address is 192.168.20.1.
000030.720|app1 |3|00|   Provisioning server address is http://provision.iasusa.voxter.sip.voxter.com/provision.
000030.720|app1 |3|00|   DNS server is 8.8.8.8.
000030.720|app1 |3|00|   DNS alternate server is 4.2.2.2.
000031.010|dns  |3|00|DNS lookup for 'provision.iasusa.voxter.sip.voxter.com'(74.114.208.40) TTL=18900
000031.010|copy |3|00|'http://PlcmSpIp:****@provision.iasusa.voxter.sip.voxter.com/provision/0004f2f3bbf5.cfg' from 'provision.iasusa.voxter.sip.voxte
000031.065|copy |3|00|Download of 'provision/0004f2f3bbf5.cfg' FAILED on attempt 1 (addr 1 of 1)
000031.065|copy |*|00|Server 'provision.iasusa.voxter.sip.voxter.com' said 'provision/0004f2f3bbf5.cfg' is not present
000031.065|copy |3|00|Update of '/ffs0/init.mac' failed, leaving local copy intact
000031.080|copy |3|00|'http://PlcmSpIp:****@provision.iasusa.voxter.sip.voxter.com/provision/000000000000.cfg' from 'provision.iasusa.voxter.sip.voxte
000031.135|copy |3|00|Download of 'provision/000000000000.cfg' FAILED on attempt 1 (addr 1 of 1)
000031.135|copy |*|00|Server 'provision.iasusa.voxter.sip.voxter.com' said 'provision/000000000000.cfg' is not present
000031.135|copy |3|00|Update of '/ffs0/init.mac' failed, leaving local copy intact
000031.175|cfg  |4|00|Prov|Download of master configuration file failed
000031.175|cfg  |4|00|Prov|Trying to boot from existing configuration
000031.295|cfg  |4|00|Prov|Provisioning failed
000036.385|app1 |6|00|Error application is not present.
000036.385|app1 |6|00|Uploading boot log, time is MON JAN 01 00:00:36 2007

000036.645|copy |3|00|'http://PlcmSpIp:****@provision.iasusa.voxter.sip.voxter.com/provision/0004f2f3bbf5-boot.log' to 'provision.iasusa.voxter.sip.vo
000036.920|copy |3|00|Upload of 'provision/0004f2f3bbf5-boot.log' FAILED on attempt 1 (addr 1 of 1)
000036.920|copy |3|00|transport res: 22 respCode 400
000036.920|copy |3|00|transport error: Error.
000036.920|copy |3|00|transport error buffer: The requested URL returned error: 400.
000041.925|app1 |3|00|Event: Multiple Key Combo 1
000041.925|app1 |6|00|Manual Reboot
000045.395|wdog |*|00|Watchdog Expired: tApp1
000000.230|so   |*|00|---------- Initial log entry ----------
000000.230|so   |*|00|+++ Note that bootrom log times are in GMT +++
000000.230|copy |*|00|Initial log entry. Current logging level 3
000000.230|utilm|*|00|Initial log entry. Current logging level 4
000000.230|hw   |*|00|Initial log entry. Current logging level 4
000000.230|ethf |*|00|Initial log entry. Current logging level 4
000000.230|dns  |*|00|Initial log entry. Current logging level 3
000000.230|curl |*|00|Initial log entry. Current logging level 3
000000.230|sec  |*|00|Initial log entry. Current logging level 4
000000.390|wdog |*|00|Initial log entry. Current logging level 4
000000.390|lldp |*|00|Initial log entry. Current logging level 3
000000.390|lldp |3|00|LLDP is DISABLED.
000000.390|cdp  |*|00|Initial log entry. Current logging level 3
000000.390|cdp  |3|00|CDP is DISABLED.
000000.390|key  |*|00|Initial log entry. Current logging level 4
000000.400|so   |3|00|Platform: Model=SoundStation IP 5000, Assembly=3111-30900-001 Rev=G Region=0
000000.400|so   |3|00|Platform: Board=3111-30900-001 1 0
000000.400|so   |3|00|Platform: MAC=0004f2f3bbf5, IP=Resolving, Subnet Mask=Resolving
000000.400|so   |3|00|Platform: BootBlock=3.0.2.0024 (30900-001) 30-Nov-10 15:06
000000.400|so   |3|00|Application, main: Label=BOOT, Version=Muscovite 4.4.0.0080 26-Jul-11 13:56
000000.400|so   |3|00|Application, main: P/N=3150-11069-440
000000.400|app1 |*|00|Initial log entry. Current logging level 3
000000.545|cfg  |*|00|Initial log entry. Current logging level 2
000000.615|cfg  |3|00|Current BootBlock revision is '3.0.2 (30900-001).0024'
000000.615|cfg  |*|00|Prov|Updating BootBlock
000000.615|cfg  |3|00|Checking pre-compiled image 3111-30900-001.bootblock.ld
000000.615|cfg  |3|00|New load header information:
000000.615|cfg  |3|00|Code length:         0x0000F119
000000.615|cfg  |3|00|Header check Sum:    0x0066D5C9
000000.615|cfg  |3|00|Code check Sum:      0x0065E284
000000.615|cfg  |3|00|Options:             0x00000020
000000.615|cfg  |3|00|Recognized compatible bootBlock
000000.625|cfg  |3|00|BootBlock is already present
000000.625|cfg  |3|00|Image is already up to date
000000.625|app1 |*|00|BootBlock is already up to date.
000001.385|so   |3|00|Link status is Net up Speed 100 full Duplex.
000012.205|lldp |3|00|LLDP did not receive a response from a switch. Disabling LLDP.
000018.185|cdp  |3|00|CDP did not receive a response from a switch. Disabling CDP.
000030.710|app1 |3|00|DNS resolver servers are '8.8.8.8' '4.2.2.2'
000030.710|app1 |3|00|DNS resolver search domain is ''
000030.715|app1 |3|00|Bootline: esw(3,0)bootHost:flash e=192.168.20.233:ffffff00:15180:1c h=74.114.208.40 g=192.168.20.1 u=**** pw=**** f=0x40 tn=Circ
000030.715|app1 |3|00|Bootline: aIP
000030.715|app1 |4|00|Could not load time from  (0.0.0.0).
000030.715|app1 |3|00|DHCP returned result 0x18F from server 192.168.20.1.
000030.715|app1 |3|00|   Phone IP address is 192.168.20.233.
000030.715|app1 |3|00|   Subnet mask is 255.255.255.0.
000030.715|app1 |3|00|   Gateway address is 192.168.20.1.
000030.715|app1 |3|00|   Provisioning server address is http://provision.iasusa.voxter.sip.voxter.com/provision.
000030.715|app1 |3|00|   DNS server is 8.8.8.8.
000030.715|app1 |3|00|   DNS alternate server is 4.2.2.2.
000031.020|dns  |3|00|DNS lookup for 'provision.iasusa.voxter.sip.voxter.com'(74.114.208.40) TTL=5067
000031.020|copy |3|00|'http://PlcmSpIp:****@provision.iasusa.voxter.sip.voxter.com/provision/0004f2f3bbf5.cfg' from 'provision.iasusa.voxter.sip.voxte
000031.075|copy |3|00|Download of 'provision/0004f2f3bbf5.cfg' FAILED on attempt 1 (addr 1 of 1)
000031.075|copy |*|00|Server 'provision.iasusa.voxter.sip.voxter.com' said 'provision/0004f2f3bbf5.cfg' is not present
000031.075|copy |3|00|Update of '/ffs0/init.mac' failed, leaving local copy intact
000031.090|copy |3|00|'http://PlcmSpIp:****@provision.iasusa.voxter.sip.voxter.com/provision/000000000000.cfg' from 'provision.iasusa.voxter.sip.voxte
000031.145|copy |3|00|Download of 'provision/000000000000.cfg' FAILED on attempt 1 (addr 1 of 1)
000031.145|copy |*|00|Server 'provision.iasusa.voxter.sip.voxter.com' said 'provision/000000000000.cfg' is not present
000031.145|copy |3|00|Update of '/ffs0/init.mac' failed, leaving local copy intact
000031.190|cfg  |4|00|Prov|Download of master configuration file failed
000031.190|cfg  |4|00|Prov|Trying to boot from existing configuration
000031.305|cfg  |4|00|Prov|Provisioning failed
000036.395|app1 |6|00|Error application is not present.
000036.395|app1 |6|00|Uploading boot log, time is MON JAN 01 00:00:36 2007

000036.655|copy |3|00|'http://PlcmSpIp:****@provision.iasusa.voxter.sip.voxter.com/provision/0004f2f3bbf5-boot.log' to 'provision.iasusa.voxter.sip.vo
000036.960|copy |3|00|Upload of 'provision/0004f2f3bbf5-boot.log' FAILED on attempt 1 (addr 1 of 1)
000036.960|copy |3|00|transport res: 22 respCode 400
000036.960|copy |3|00|transport error: Error.
000036.960|copy |3|00|transport error buffer: The requested URL returned error: 400.
000041.965|app1 |3|00|Event: Multiple Key Combo 1
000041.965|app1 |6|00|Manual Reboot
000045.390|wdog |*|00|Watchdog Expired: tApp1
000000.230|so   |*|00|---------- Initial log entry ----------
000000.230|so   |*|00|+++ Note that bootrom log times are in GMT +++
000000.230|copy |*|00|Initial log entry. Current logging level 3
000000.230|utilm|*|00|Initial log entry. Current logging level 4
000000.230|hw   |*|00|Initial log entry. Current logging level 4
000000.230|ethf |*|00|Initial log entry. Current logging level 4
000000.230|dns  |*|00|Initial log entry. Current logging level 3
000000.230|curl |*|00|Initial log entry. Current logging level 3
000000.230|sec  |*|00|Initial log entry. Current logging level 4
000000.390|wdog |*|00|Initial log entry. Current logging level 4
000000.390|lldp |*|00|Initial log entry. Current logging level 3
000000.390|lldp |3|00|LLDP is DISABLED.
000000.390|cdp  |*|00|Initial log entry. Current logging level 3
000000.390|cdp  |3|00|CDP is DISABLED.
000000.390|key  |*|00|Initial log entry. Current logging level 4
000000.400|so   |3|00|Platform: Model=SoundStation IP 5000, Assembly=3111-30900-001 Rev=G Region=0
000000.400|so   |3|00|Platform: Board=3111-30900-001 1 0
000000.400|so   |3|00|Platform: MAC=0004f2f3bbf5, IP=Resolving, Subnet Mask=Resolving
000000.400|so   |3|00|Platform: BootBlock=3.0.2.0024 (30900-001) 30-Nov-10 15:06
000000.400|so   |3|00|Application, main: Label=BOOT, Version=Muscovite 4.4.0.0080 26-Jul-11 13:56
000000.400|so   |3|00|Application, main: P/N=3150-11069-440
000000.400|app1 |*|00|Initial log entry. Current logging level 3
000000.545|cfg  |*|00|Initial log entry. Current logging level 2
000000.615|cfg  |3|00|Current BootBlock revision is '3.0.2 (30900-001).0024'
000000.615|cfg  |*|00|Prov|Updating BootBlock
000000.615|cfg  |3|00|Checking pre-compiled image 3111-30900-001.bootblock.ld
000000.615|cfg  |3|00|New load header information:
000000.615|cfg  |3|00|Code length:         0x0000F119
000000.615|cfg  |3|00|Header check Sum:    0x0066D5C9
000000.615|cfg  |3|00|Code check Sum:      0x0065E284
000000.615|cfg  |3|00|Options:             0x00000020
000000.615|cfg  |3|00|Recognized compatible bootBlock
000000.630|cfg  |3|00|BootBlock is already present
000000.630|cfg  |3|00|Image is already up to date
000000.630|app1 |*|00|BootBlock is already up to date.
000001.385|so   |3|00|Link status is Net up Speed 100 full Duplex.
000012.205|lldp |3|00|LLDP did not receive a response from a switch. Disabling LLDP.
000018.185|cdp  |3|00|CDP did not receive a response from a switch. Disabling CDP.
000030.710|app1 |3|00|DNS resolver servers are '8.8.8.8' '4.2.2.2'
000030.710|app1 |3|00|DNS resolver search domain is ''
000030.735|app1 |3|00|Bootline: esw(3,0)bootHost:flash e=192.168.20.233:ffffff00:15180:1c h=74.114.208.40 g=192.168.20.1 u=**** pw=**** f=0x40 tn=Circ
000030.735|app1 |3|00|Bootline: aIP
000030.735|app1 |4|00|Could not load time from  (0.0.0.0).
000030.735|app1 |3|00|DHCP returned result 0x18F from server 192.168.20.1.
000030.735|app1 |3|00|   Phone IP address is 192.168.20.233.
000030.735|app1 |3|00|   Subnet mask is 255.255.255.0.
000030.735|app1 |3|00|   Gateway address is 192.168.20.1.
000030.735|app1 |3|00|   Provisioning server address is http://provision.iasusa.voxter.sip.voxter.com/provision.
000030.735|app1 |3|00|   DNS server is 8.8.8.8.
000030.735|app1 |3|00|   DNS alternate server is 4.2.2.2.
000031.000|dns  |3|00|DNS lookup for 'provision.iasusa.voxter.sip.voxter.com'(74.114.208.40) TTL=5004
000031.005|copy |3|00|'http://PlcmSpIp:****@provision.iasusa.voxter.sip.voxter.com/provision/0004f2f3bbf5.cfg' from 'provision.iasusa.voxter.sip.voxte
000031.065|copy |3|00|Download of 'provision/0004f2f3bbf5.cfg' FAILED on attempt 1 (addr 1 of 1)
000031.065|copy |*|00|Server 'provision.iasusa.voxter.sip.voxter.com' said 'provision/0004f2f3bbf5.cfg' is not present
000031.065|copy |3|00|Update of '/ffs0/init.mac' failed, leaving local copy intact
000031.075|copy |3|00|'http://PlcmSpIp:****@provision.iasusa.voxter.sip.voxter.com/provision/000000000000.cfg' from 'provision.iasusa.voxter.sip.voxte
000031.135|copy |3|00|Download of 'provision/000000000000.cfg' FAILED on attempt 1 (addr 1 of 1)
000031.135|copy |*|00|Server 'provision.iasusa.voxter.sip.voxter.com' said 'provision/000000000000.cfg' is not present
000031.135|copy |3|00|Update of '/ffs0/init.mac' failed, leaving local copy intact
000031.170|cfg  |4|00|Prov|Download of master configuration file failed
000031.170|cfg  |4|00|Prov|Trying to boot from existing configuration
000031.290|cfg  |4|00|Prov|Provisioning failed
000036.380|app1 |6|00|Error application is not present.
000036.380|app1 |6|00|Uploading boot log, time is MON JAN 01 00:00:36 2007

000036.640|copy |3|00|'http://PlcmSpIp:****@provision.iasusa.voxter.sip.voxter.com/provision/0004f2f3bbf5-boot.log' to 'provision.iasusa.voxter.sip.vo
000036.970|copy |3|00|Upload of 'provision/0004f2f3bbf5-boot.log' FAILED on attempt 1 (addr 1 of 1)
000036.970|copy |3|00|transport res: 22 respCode 400
000036.970|copy |3|00|transport error: Error.
000036.970|copy |3|00|transport error buffer: The requested URL returned error: 400.
000041.975|app1 |3|00|Event: Multiple Key Combo 1
000041.975|app1 |6|00|Manual Reboot
000045.390|wdog |*|00|Watchdog Expired: tApp1
000000.230|so   |*|00|---------- Initial log entry ----------
000000.230|so   |*|00|+++ Note that bootrom log times are in GMT +++
000000.230|copy |*|00|Initial log entry. Current logging level 3
000000.230|utilm|*|00|Initial log entry. Current logging level 4
000000.230|hw   |*|00|Initial log entry. Current logging level 4
000000.230|ethf |*|00|Initial log entry. Current logging level 4
000000.230|dns  |*|00|Initial log entry. Current logging level 3
000000.230|curl |*|00|Initial log entry. Current logging level 3
000000.230|sec  |*|00|Initial log entry. Current logging level 4
000000.390|wdog |*|00|Initial log entry. Current logging level 4
000000.390|lldp |*|00|Initial log entry. Current logging level 3
000000.390|lldp |3|00|LLDP is DISABLED.
000000.390|cdp  |*|00|Initial log entry. Current logging level 3
000000.390|cdp  |3|00|CDP is DISABLED.
000000.390|key  |*|00|Initial log entry. Current logging level 4
000000.400|so   |3|00|Platform: Model=SoundStation IP 5000, Assembly=3111-30900-001 Rev=G Region=0
000000.400|so   |3|00|Platform: Board=3111-30900-001 1 0
000000.400|so   |3|00|Platform: MAC=0004f2f3bbf5, IP=Resolving, Subnet Mask=Resolving
000000.400|so   |3|00|Platform: BootBlock=3.0.2.0024 (30900-001) 30-Nov-10 15:06
000000.400|so   |3|00|Application, main: Label=BOOT, Version=Muscovite 4.4.0.0080 26-Jul-11 13:56
000000.400|so   |3|00|Application, main: P/N=3150-11069-440
000000.400|app1 |*|00|Initial log entry. Current logging level 3
000000.545|cfg  |*|00|Initial log entry. Current logging level 2
000000.615|cfg  |3|00|Current BootBlock revision is '3.0.2 (30900-001).0024'
000000.615|cfg  |*|00|Prov|Updating BootBlock
000000.615|cfg  |3|00|Checking pre-compiled image 3111-30900-001.bootblock.ld
000000.615|cfg  |3|00|New load header information:
000000.615|cfg  |3|00|Code length:         0x0000F119
000000.615|cfg  |3|00|Header check Sum:    0x0066D5C9
000000.615|cfg  |3|00|Code check Sum:      0x0065E284
000000.615|cfg  |3|00|Options:             0x00000020
000000.615|cfg  |3|00|Recognized compatible bootBlock
000000.630|cfg  |3|00|BootBlock is already present
000000.630|cfg  |3|00|Image is already up to date
000000.630|app1 |*|00|BootBlock is already up to date.
000001.390|so   |3|00|Link status is Net up Speed 100 full Duplex.
000012.205|lldp |3|00|LLDP did not receive a response from a switch. Disabling LLDP.
000018.185|cdp  |3|00|CDP did not receive a response from a switch. Disabling CDP.
000030.705|app1 |3|00|DNS resolver servers are '8.8.8.8' '4.2.2.2'
000030.705|app1 |3|00|DNS resolver search domain is ''
000030.710|app1 |3|00|Bootline: esw(3,0)bootHost:flash e=192.168.20.233:ffffff00:15180:1c h=74.114.208.40 g=192.168.20.1 u=**** pw=**** f=0x40 tn=Circ
000030.710|app1 |3|00|Bootline: aIP
000030.710|app1 |4|00|Could not load time from  (0.0.0.0).
000030.710|app1 |3|00|DHCP returned result 0x18F from server 192.168.20.1.
000030.710|app1 |3|00|   Phone IP address is 192.168.20.233.
000030.710|app1 |3|00|   Subnet mask is 255.255.255.0.
000030.710|app1 |3|00|   Gateway address is 192.168.20.1.
000030.710|app1 |3|00|   Provisioning server address is http://provision.iasusa.voxter.sip.voxter.com/provision.
000030.710|app1 |3|00|   DNS server is 8.8.8.8.
000030.710|app1 |3|00|   DNS alternate server is 4.2.2.2.
000031.000|dns  |3|00|DNS lookup for 'provision.iasusa.voxter.sip.voxter.com'(74.114.208.40) TTL=4941
000031.005|copy |3|00|'http://PlcmSpIp:****@provision.iasusa.voxter.sip.voxter.com/provision/0004f2f3bbf5.cfg' from 'provision.iasusa.voxter.sip.voxte
000031.060|copy |3|00|Download of 'provision/0004f2f3bbf5.cfg' FAILED on attempt 1 (addr 1 of 1)
000031.060|copy |*|00|Server 'provision.iasusa.voxter.sip.voxter.com' said 'provision/0004f2f3bbf5.cfg' is not present
000031.060|copy |3|00|Update of '/ffs0/init.mac' failed, leaving local copy intact
000031.075|copy |3|00|'http://PlcmSpIp:****@provision.iasusa.voxter.sip.voxter.com/provision/000000000000.cfg' from 'provision.iasusa.voxter.sip.voxte
000031.135|copy |3|00|Download of 'provision/000000000000.cfg' FAILED on attempt 1 (addr 1 of 1)
000031.135|copy |*|00|Server 'provision.iasusa.voxter.sip.voxter.com' said 'provision/000000000000.cfg' is not present
000031.135|copy |3|00|Update of '/ffs0/init.mac' failed, leaving local copy intact
000031.180|cfg  |4|00|Prov|Download of master configuration file failed
000031.180|cfg  |4|00|Prov|Trying to boot from existing configuration
000031.300|cfg  |4|00|Prov|Provisioning failed
000036.390|app1 |6|00|Error application is not present.
000036.390|app1 |6|00|Uploading boot log, time is MON JAN 01 00:00:36 2007

000036.650|copy |3|00|'http://PlcmSpIp:****@provision.iasusa.voxter.sip.voxter.com/provision/0004f2f3bbf5-boot.log' to 'provision.iasusa.voxter.sip.vo
000037.040|copy |3|00|Upload of 'provision/0004f2f3bbf5-boot.log' FAILED on attempt 1 (addr 1 of 1)
000037.040|copy |3|00|transport res: 22 respCode 400
000037.040|copy |3|00|transport error: Error.
000037.040|copy |3|00|transport error buffer: The requested URL returned error: 400.
000042.040|app1 |3|00|Event: Multiple Key Combo 1
000042.040|app1 |6|00|Manual Reboot
000045.390|wdog |*|00|Watchdog Expired: tApp1
000000.230|so   |*|00|---------- Initial log entry ----------
000000.230|so   |*|00|+++ Note that bootrom log times are in GMT +++
000000.230|copy |*|00|Initial log entry. Current logging level 3
000000.230|utilm|*|00|Initial log entry. Current logging level 4
000000.230|hw   |*|00|Initial log entry. Current logging level 4
000000.230|ethf |*|00|Initial log entry. Current logging level 4
000000.230|dns  |*|00|Initial log entry. Current logging level 3
000000.230|curl |*|00|Initial log entry. Current logging level 3
000000.230|sec  |*|00|Initial log entry. Current logging level 4
000000.390|wdog |*|00|Initial log entry. Current logging level 4
000000.390|lldp |*|00|Initial log entry. Current logging level 3
000000.390|lldp |3|00|LLDP is DISABLED.
000000.390|cdp  |*|00|Initial log entry. Current logging level 3
000000.390|cdp  |3|00|CDP is DISABLED.
000000.390|key  |*|00|Initial log entry. Current logging level 4
000000.400|so   |3|00|Platform: Model=SoundStation IP 5000, Assembly=3111-30900-001 Rev=G Region=0
000000.400|so   |3|00|Platform: Board=3111-30900-001 1 0
000000.400|so   |3|00|Platform: MAC=0004f2f3bbf5, IP=Resolving, Subnet Mask=Resolving
000000.400|so   |3|00|Platform: BootBlock=3.0.2.0024 (30900-001) 30-Nov-10 15:06
000000.400|so   |3|00|Application, main: Label=BOOT, Version=Muscovite 4.4.0.0080 26-Jul-11 13:56
000000.400|so   |3|00|Application, main: P/N=3150-11069-440
000000.400|app1 |*|00|Initial log entry. Current logging level 3
000000.545|cfg  |*|00|Initial log entry. Current logging level 2
000000.615|cfg  |3|00|Current BootBlock revision is '3.0.2 (30900-001).0024'
000000.615|cfg  |*|00|Prov|Updating BootBlock
000000.615|cfg  |3|00|Checking pre-compiled image 3111-30900-001.bootblock.ld
000000.615|cfg  |3|00|New load header information:
000000.615|cfg  |3|00|Code length:         0x0000F119
000000.615|cfg  |3|00|Header check Sum:    0x0066D5C9
000000.615|cfg  |3|00|Code check Sum:      0x0065E284
000000.615|cfg  |3|00|Options:             0x00000020
000000.615|cfg  |3|00|Recognized compatible bootBlock
000000.630|cfg  |3|00|BootBlock is already present
000000.630|cfg  |3|00|Image is already up to date
000000.630|app1 |*|00|BootBlock is already up to date.
000001.385|so   |3|00|Link status is Net up Speed 100 full Duplex.
000012.205|lldp |3|00|LLDP did not receive a response from a switch. Disabling LLDP.
000018.185|cdp  |3|00|CDP did not receive a response from a switch. Disabling CDP.
000030.705|app1 |3|00|DNS resolver servers are '8.8.8.8' '4.2.2.2'
000030.705|app1 |3|00|DNS resolver search domain is ''
000030.710|app1 |3|00|Bootline: esw(3,0)bootHost:flash e=192.168.20.233:ffffff00:15180:1c h=74.114.208.40 g=192.168.20.1 u=**** pw=**** f=0x40 tn=Circ
000030.710|app1 |3|00|Bootline: aIP
000030.710|app1 |4|00|Could not load time from  (0.0.0.0).
000030.710|app1 |3|00|DHCP returned result 0x18F from server 192.168.20.1.
000030.710|app1 |3|00|   Phone IP address is 192.168.20.233.
000030.710|app1 |3|00|   Subnet mask is 255.255.255.0.
000030.710|app1 |3|00|   Gateway address is 192.168.20.1.
000030.710|app1 |3|00|   Provisioning server address is http://provision.iasusa.voxter.sip.voxter.com/provision.
000030.710|app1 |3|00|   DNS server is 8.8.8.8.
000030.710|app1 |3|00|   DNS alternate server is 4.2.2.2.
000031.010|dns  |3|00|DNS lookup for 'provision.iasusa.voxter.sip.voxter.com'(74.114.208.40) TTL=4879
000031.010|copy |3|00|'http://PlcmSpIp:****@provision.iasusa.voxter.sip.voxter.com/provision/0004f2f3bbf5.cfg' from 'provision.iasusa.voxter.sip.voxte
000031.065|copy |3|00|Download of 'provision/0004f2f3bbf5.cfg' FAILED on attempt 1 (addr 1 of 1)
000031.065|copy |*|00|Server 'provision.iasusa.voxter.sip.voxter.com' said 'provision/0004f2f3bbf5.cfg' is not present
000031.070|copy |3|00|Update of '/ffs0/init.mac' failed, leaving local copy intact
000031.080|copy |3|00|'http://PlcmSpIp:****@provision.iasusa.voxter.sip.voxter.com/provision/000000000000.cfg' from 'provision.iasusa.voxter.sip.voxte
000031.135|copy |3|00|Download of 'provision/000000000000.cfg' FAILED on attempt 1 (addr 1 of 1)
000031.135|copy |*|00|Server 'provision.iasusa.voxter.sip.voxter.com' said 'provision/000000000000.cfg' is not present
000031.135|copy |3|00|Update of '/ffs0/init.mac' failed, leaving local copy intact
000031.175|cfg  |4|00|Prov|Download of master configuration file failed
000031.175|cfg  |4|00|Prov|Trying to boot from existing configuration
000031.295|cfg  |4|00|Prov|Provisioning failed
000036.385|app1 |6|00|Error application is not present.
000036.385|app1 |6|00|Uploading boot log, time is MON JAN 01 00:00:36 2007

000036.645|copy |3|00|'http://PlcmSpIp:****@provision.iasusa.voxter.sip.voxter.com/provision/0004f2f3bbf5-boot.log' to 'provision.iasusa.voxter.sip.vo
000037.040|copy |3|00|Upload of 'provision/0004f2f3bbf5-boot.log' FAILED on attempt 1 (addr 1 of 1)
000037.040|copy |3|00|transport res: 22 respCode 400
000037.040|copy |3|00|transport error: Error.
000037.040|copy |3|00|transport error buffer: The requested URL returned error: 400.
000042.040|app1 |3|00|Event: Multiple Key Combo 1
000042.040|app1 |6|00|Manual Reboot
000045.390|wdog |*|00|Watchdog Expired: tApp1
000000.230|so   |*|00|---------- Initial log entry ----------
000000.230|so   |*|00|+++ Note that bootrom log times are in GMT +++
000000.230|copy |*|00|Initial log entry. Current logging level 3
000000.230|utilm|*|00|Initial log entry. Current logging level 4
000000.230|hw   |*|00|Initial log entry. Current logging level 4
000000.230|ethf |*|00|Initial log entry. Current logging level 4
000000.230|dns  |*|00|Initial log entry. Current logging level 3
000000.230|curl |*|00|Initial log entry. Current logging level 3
000000.230|sec  |*|00|Initial log entry. Current logging level 4
000000.390|wdog |*|00|Initial log entry. Current logging level 4
000000.390|lldp |*|00|Initial log entry. Current logging level 3
000000.390|lldp |3|00|LLDP is DISABLED.
000000.390|cdp  |*|00|Initial log entry. Current logging level 3
000000.390|cdp  |3|00|CDP is DISABLED.
000000.390|key  |*|00|Initial log entry. Current logging level 4
000000.400|so   |3|00|Platform: Model=SoundStation IP 5000, Assembly=3111-30900-001 Rev=G Region=0
000000.400|so   |3|00|Platform: Board=3111-30900-001 1 0
000000.400|so   |3|00|Platform: MAC=0004f2f3bbf5, IP=Resolving, Subnet Mask=Resolving
000000.400|so   |3|00|Platform: BootBlock=3.0.2.0024 (30900-001) 30-Nov-10 15:06
000000.400|so   |3|00|Application, main: Label=BOOT, Version=Muscovite 4.4.0.0080 26-Jul-11 13:56
000000.400|so   |3|00|Application, main: P/N=3150-11069-440
000000.400|app1 |*|00|Initial log entry. Current logging level 3
000000.545|cfg  |*|00|Initial log entry. Current logging level 2
000000.615|cfg  |3|00|Current BootBlock revision is '3.0.2 (30900-001).0024'
000000.615|cfg  |*|00|Prov|Updating BootBlock
000000.615|cfg  |3|00|Checking pre-compiled image 3111-30900-001.bootblock.ld
000000.615|cfg  |3|00|New load header information:
000000.615|cfg  |3|00|Code length:         0x0000F119
000000.615|cfg  |3|00|Header check Sum:    0x0066D5C9
000000.615|cfg  |3|00|Code check Sum:      0x0065E284
000000.615|cfg  |3|00|Options:             0x00000020
000000.615|cfg  |3|00|Recognized compatible bootBlock
000000.630|cfg  |3|00|BootBlock is already present
000000.630|cfg  |3|00|Image is already up to date
000000.630|app1 |*|00|BootBlock is already up to date.
000001.385|so   |3|00|Link status is Net up Speed 100 full Duplex.
000012.205|lldp |3|00|LLDP did not receive a response from a switch. Disabling LLDP.
000018.185|cdp  |3|00|CDP did not receive a response from a switch. Disabling CDP.
000030.715|app1 |3|00|DNS resolver servers are '8.8.8.8' '4.2.2.2'
000030.715|app1 |3|00|DNS resolver search domain is ''
000030.720|app1 |3|00|Bootline: esw(3,0)bootHost:flash e=192.168.20.233:ffffff00:15180:1c h=74.114.208.40 g=192.168.20.1 u=**** pw=**** f=0x40 tn=Circ
000030.720|app1 |3|00|Bootline: aIP
000030.720|app1 |4|00|Could not load time from  (0.0.0.0).
000030.720|app1 |3|00|DHCP returned result 0x18F from server 192.168.20.1.
000030.720|app1 |3|00|   Phone IP address is 192.168.20.233.
000030.720|app1 |3|00|   Subnet mask is 255.255.255.0.
000030.720|app1 |3|00|   Gateway address is 192.168.20.1.
000030.720|app1 |3|00|   Provisioning server address is http://provision.iasusa.voxter.sip.voxter.com/provision.
000030.720|app1 |3|00|   DNS server is 8.8.8.8.
000030.720|app1 |3|00|   DNS alternate server is 4.2.2.2.
000030.990|dns  |3|00|DNS lookup for 'provision.iasusa.voxter.sip.voxter.com'(74.114.208.40) TTL=4816
000030.995|copy |3|00|'http://PlcmSpIp:****@provision.iasusa.voxter.sip.voxter.com/provision/0004f2f3bbf5.cfg' from 'provision.iasusa.voxter.sip.voxte
000031.055|copy |3|00|Download of 'provision/0004f2f3bbf5.cfg' FAILED on attempt 1 (addr 1 of 1)
000031.055|copy |*|00|Server 'provision.iasusa.voxter.sip.voxter.com' said 'provision/0004f2f3bbf5.cfg' is not present
000031.055|copy |3|00|Update of '/ffs0/init.mac' failed, leaving local copy intact
000031.065|copy |3|00|'http://PlcmSpIp:****@provision.iasusa.voxter.sip.voxter.com/provision/000000000000.cfg' from 'provision.iasusa.voxter.sip.voxte
000031.120|copy |3|00|Download of 'provision/000000000000.cfg' FAILED on attempt 1 (addr 1 of 1)
000031.120|copy |*|00|Server 'provision.iasusa.voxter.sip.voxter.com' said 'provision/000000000000.cfg' is not present
000031.125|copy |3|00|Update of '/ffs0/init.mac' failed, leaving local copy intact
000031.165|cfg  |4|00|Prov|Download of master configuration file failed
000031.165|cfg  |4|00|Prov|Trying to boot from existing configuration
000031.285|cfg  |4|00|Prov|Provisioning failed
000036.375|app1 |6|00|Error application is not present.
000036.375|app1 |6|00|Uploading boot log, time is MON JAN 01 00:00:36 2007

000036.635|copy |3|00|'http://PlcmSpIp:****@provision.iasusa.voxter.sip.voxter.com/provision/0004f2f3bbf5-boot.log' to 'provision.iasusa.voxter.sip.vo
000037.095|copy |3|00|Upload of 'provision/0004f2f3bbf5-boot.log' FAILED on attempt 1 (addr 1 of 1)
000037.095|copy |3|00|transport res: 22 respCode 400
000037.095|copy |3|00|transport error: Error.
000037.095|copy |3|00|transport error buffer: The requested URL returned error: 400.
000042.095|app1 |3|00|Event: Multiple Key Combo 1
000042.095|app1 |6|00|Manual Reboot
000045.390|wdog |*|00|Watchdog Expired: tApp1
000000.240|so   |*|00|---------- Initial log entry ----------
000000.240|so   |*|00|+++ Note that bootrom log times are in GMT +++
000000.240|copy |*|00|Initial log entry. Current logging level 3
000000.240|utilm|*|00|Initial log entry. Current logging level 4
000000.240|hw   |*|00|Initial log entry. Current logging level 4
000000.240|ethf |*|00|Initial log entry. Current logging level 4
000000.240|dns  |*|00|Initial log entry. Current logging level 3
000000.240|curl |*|00|Initial log entry. Current logging level 3
000000.240|sec  |*|00|Initial log entry. Current logging level 4
000000.400|wdog |*|00|Initial log entry. Current logging level 4
000000.400|lldp |*|00|Initial log entry. Current logging level 3
000000.400|lldp |3|00|LLDP is DISABLED.
000000.400|cdp  |*|00|Initial log entry. Current logging level 3
000000.400|cdp  |3|00|CDP is DISABLED.
000000.400|key  |*|00|Initial log entry. Current logging level 4
000000.410|so   |3|00|Platform: Model=SoundStation IP 5000, Assembly=3111-30900-001 Rev=G Region=0
000000.410|so   |3|00|Platform: Board=3111-30900-001 1 0
000000.410|so   |3|00|Platform: MAC=0004f2f3bbf5, IP=Resolving, Subnet Mask=Resolving
000000.410|so   |3|00|Platform: BootBlock=3.0.2.0024 (30900-001) 30-Nov-10 15:06
000000.410|so   |3|00|Application, main: Label=BOOT, Version=Muscovite 4.4.0.0080 26-Jul-11 13:56
000000.410|so   |3|00|Application, main: P/N=3150-11069-440
000000.410|app1 |*|00|Initial log entry. Current logging level 3
000000.555|cfg  |*|00|Initial log entry. Current logging level 2
000000.625|cfg  |3|00|Current BootBlock revision is '3.0.2 (30900-001).0024'
000000.625|cfg  |*|00|Prov|Updating BootBlock
000000.625|cfg  |3|00|Checking pre-compiled image 3111-30900-001.bootblock.ld
000000.625|cfg  |3|00|New load header information:
000000.625|cfg  |3|00|Code length:         0x0000F119
000000.625|cfg  |3|00|Header check Sum:    0x0066D5C9
000000.625|cfg  |3|00|Code check Sum:      0x0065E284
000000.625|cfg  |3|00|Options:             0x00000020
000000.625|cfg  |3|00|Recognized compatible bootBlock
000000.635|cfg  |3|00|BootBlock is already present
000000.635|cfg  |3|00|Image is already up to date
000000.635|app1 |*|00|BootBlock is already up to date.
000001.395|so   |3|00|Link status is Net up Speed 100 full Duplex.
000012.205|lldp |3|00|LLDP did not receive a response from a switch. Disabling LLDP.
000018.185|cdp  |3|00|CDP did not receive a response from a switch. Disabling CDP.
000030.715|app1 |3|00|DNS resolver servers are '8.8.8.8' '4.2.2.2'
000030.715|app1 |3|00|DNS resolver search domain is ''
000030.740|app1 |3|00|Bootline: esw(3,0)bootHost:flash e=192.168.20.233:ffffff00:15180:1c h=74.114.208.40 g=192.168.20.1 u=**** pw=**** f=0x40 tn=Circ
000030.740|app1 |3|00|Bootline: aIP
000030.740|app1 |4|00|Could not load time from  (0.0.0.0).
000030.740|app1 |3|00|DHCP returned result 0x18F from server 192.168.20.1.
000030.740|app1 |3|00|   Phone IP address is 192.168.20.233.
000030.740|app1 |3|00|   Subnet mask is 255.255.255.0.
000030.740|app1 |3|00|   Gateway address is 192.168.20.1.
000030.740|app1 |3|00|   Provisioning server address is http://provision.iasusa.voxter.sip.voxter.com/provision.
000030.740|app1 |3|00|   DNS server is 8.8.8.8.
000030.740|app1 |3|00|   DNS alternate server is 4.2.2.2.
001112.605|app1 |6|00|Uploading boot log, time is MON JAN 01 00:11:12 2007

001112.940|dns  |3|00|DNS lookup for 'provision.iasusa.voxter.sip.voxter.com'(74.114.208.40) TTL=13991
001112.940|copy |3|00|'http://PlcmSpIp:****@provision.iasusa.voxter.sip.voxter.com/provision/0004f2f3bbf5-boot.log' to 'provision.iasusa.voxter.sip.vo
001113.380|copy |3|00|Upload of 'provision/0004f2f3bbf5-boot.log' FAILED on attempt 1 (addr 1 of 1)
001113.380|copy |3|00|transport res: 22 respCode 400
001113.380|copy |3|00|transport error: Error.
001113.380|copy |3|00|transport error buffer: The requested URL returned error: 400.
001113.385|app1 |3|00|Event: Multiple Key Combo 1
001113.385|app1 |6|00|Manual Reboot
001117.400|wdog |*|00|Watchdog Expired: tApp1
000000.230|so   |*|00|---------- Initial log entry ----------
000000.230|so   |*|00|+++ Note that bootrom log times are in GMT +++
000000.230|copy |*|00|Initial log entry. Current logging level 3
000000.230|utilm|*|00|Initial log entry. Current logging level 4
000000.230|hw   |*|00|Initial log entry. Current logging level 4
000000.230|ethf |*|00|Initial log entry. Current logging level 4
000000.230|dns  |*|00|Initial log entry. Current logging level 3
000000.230|curl |*|00|Initial log entry. Current logging level 3
000000.230|sec  |*|00|Initial log entry. Current logging level 4
000000.390|wdog |*|00|Initial log entry. Current logging level 4
000000.390|lldp |*|00|Initial log entry. Current logging level 3
000000.390|lldp |3|00|LLDP is DISABLED.
000000.390|cdp  |*|00|Initial log entry. Current logging level 3
000000.390|cdp  |3|00|CDP is DISABLED.
000000.390|key  |*|00|Initial log entry. Current logging level 4
000000.400|so   |3|00|Platform: Model=SoundStation IP 5000, Assembly=3111-30900-001 Rev=G Region=0
000000.400|so   |3|00|Platform: Board=3111-30900-001 1 0
000000.400|so   |3|00|Platform: MAC=0004f2f3bbf5, IP=Resolving, Subnet Mask=Resolving
000000.400|so   |3|00|Platform: BootBlock=3.0.2.0024 (30900-001) 30-Nov-10 15:06
000000.400|so   |3|00|Application, main: Label=BOOT, Version=Muscovite 4.4.0.0080 26-Jul-11 13:56
000000.400|so   |3|00|Application, main: P/N=3150-11069-440
000000.400|app1 |*|00|Initial log entry. Current logging level 3
000000.545|cfg  |*|00|Initial log entry. Current logging level 2
000000.615|cfg  |3|00|Current BootBlock revision is '3.0.2 (30900-001).0024'
000000.615|cfg  |*|00|Prov|Updating BootBlock
000000.615|cfg  |3|00|Checking pre-compiled image 3111-30900-001.bootblock.ld
000000.615|cfg  |3|00|New load header information:
000000.615|cfg  |3|00|Code length:         0x0000F119
000000.615|cfg  |3|00|Header check Sum:    0x0066D5C9
000000.615|cfg  |3|00|Code check Sum:      0x0065E284
000000.615|cfg  |3|00|Options:             0x00000020
000000.615|cfg  |3|00|Recognized compatible bootBlock
000000.625|cfg  |3|00|BootBlock is already present
000000.630|cfg  |3|00|Image is already up to date
000000.630|app1 |*|00|BootBlock is already up to date.
000001.385|so   |3|00|Link status is Net up Speed 100 full Duplex.
000012.205|lldp |3|00|LLDP did not receive a response from a switch. Disabling LLDP.
000018.185|cdp  |3|00|CDP did not receive a response from a switch. Disabling CDP.
000030.710|app1 |3|00|DNS resolver servers are '8.8.8.8' '4.2.2.2'
000030.710|app1 |3|00|DNS resolver search domain is ''
000030.735|app1 |3|00|Bootline: esw(3,0)bootHost:flash e=192.168.20.233:ffffff00:15180:1c h=74.114.208.40 g=192.168.20.1 u=**** pw=**** f=0x40 tn=Circ
000030.735|app1 |3|00|Bootline: aIP
000030.735|app1 |4|00|Could not load time from  (0.0.0.0).
000030.735|app1 |3|00|DHCP returned result 0x18F from server 192.168.20.1.
000030.735|app1 |3|00|   Phone IP address is 192.168.20.233.
000030.735|app1 |3|00|   Subnet mask is 255.255.255.0.
000030.735|app1 |3|00|   Gateway address is 192.168.20.1.
000030.735|app1 |3|00|   Provisioning server address is http://provision.iasusa.voxter.sip.voxter.com/provision.
000030.735|app1 |3|00|   DNS server is 8.8.8.8.
000030.735|app1 |3|00|   DNS alternate server is 4.2.2.2.
000030.990|dns  |3|00|DNS lookup for 'provision.iasusa.voxter.sip.voxter.com'(74.114.208.40) TTL=13938
000030.990|copy |3|00|'http://PlcmSpIp:****@provision.iasusa.voxter.sip.voxter.com/provision/0004f2f3bbf5.cfg' from 'provision.iasusa.voxter.sip.voxte
000031.050|copy |3|00|Download of 'provision/0004f2f3bbf5.cfg' FAILED on attempt 1 (addr 1 of 1)
000031.050|copy |*|00|Server 'provision.iasusa.voxter.sip.voxter.com' said 'provision/0004f2f3bbf5.cfg' is not present
000031.050|copy |3|00|Update of '/ffs0/init.mac' failed, leaving local copy intact
000031.065|copy |3|00|'http://PlcmSpIp:****@provision.iasusa.voxter.sip.voxter.com/provision/000000000000.cfg' from 'provision.iasusa.voxter.sip.voxte
000031.125|copy |3|00|Download of 'provision/000000000000.cfg' FAILED on attempt 1 (addr 1 of 1)
000031.125|copy |*|00|Server 'provision.iasusa.voxter.sip.voxter.com' said 'provision/000000000000.cfg' is not present
000031.125|copy |3|00|Update of '/ffs0/init.mac' failed, leaving local copy intact
000031.160|cfg  |4|00|Prov|Download of master configuration file failed
000031.165|cfg  |4|00|Prov|Trying to boot from existing configuration
000031.280|cfg  |4|00|Prov|Provisioning failed
000036.370|app1 |6|00|Error application is not present.
000036.370|app1 |6|00|Uploading boot log, time is MON JAN 01 00:00:36 2007

000036.630|copy |3|00|'http://PlcmSpIp:****@provision.iasusa.voxter.sip.voxter.com/provision/0004f2f3bbf5-boot.log' to 'provision.iasusa.voxter.sip.vo
000037.070|copy |3|00|Upload of 'provision/0004f2f3bbf5-boot.log' FAILED on attempt 1 (addr 1 of 1)
000037.070|copy |3|00|transport res: 22 respCode 400
000037.070|copy |3|00|transport error: Error.
000037.070|copy |3|00|transport error buffer: The requested URL returned error: 400.
000042.075|app1 |3|00|Event: Multiple Key Combo 1
000042.075|app1 |6|00|Manual Reboot
000045.390|wdog |*|00|Watchdog Expired: tApp1
000000.230|so   |*|00|---------- Initial log entry ----------
000000.230|so   |*|00|+++ Note that bootrom log times are in GMT +++
000000.230|copy |*|00|Initial log entry. Current logging level 3
000000.230|utilm|*|00|Initial log entry. Current logging level 4
000000.230|hw   |*|00|Initial log entry. Current logging level 4
000000.230|ethf |*|00|Initial log entry. Current logging level 4
000000.230|dns  |*|00|Initial log entry. Current logging level 3
000000.230|curl |*|00|Initial log entry. Current logging level 3
000000.230|sec  |*|00|Initial log entry. Current logging level 4
000000.390|wdog |*|00|Initial log entry. Current logging level 4
000000.390|lldp |*|00|Initial log entry. Current logging level 3
000000.390|lldp |3|00|LLDP is DISABLED.
000000.390|cdp  |*|00|Initial log entry. Current logging level 3
000000.390|cdp  |3|00|CDP is DISABLED.
000000.390|key  |*|00|Initial log entry. Current logging level 4
000000.400|so   |3|00|Platform: Model=SoundStation IP 5000, Assembly=3111-30900-001 Rev=G Region=0
000000.400|so   |3|00|Platform: Board=3111-30900-001 1 0
000000.400|so   |3|00|Platform: MAC=0004f2f3bbf5, IP=Resolving, Subnet Mask=Resolving
000000.400|so   |3|00|Platform: BootBlock=3.0.2.0024 (30900-001) 30-Nov-10 15:06
000000.400|so   |3|00|Application, main: Label=BOOT, Version=Muscovite 4.4.0.0080 26-Jul-11 13:56
000000.400|so   |3|00|Application, main: P/N=3150-11069-440
000000.400|app1 |*|00|Initial log entry. Current logging level 3
000000.545|cfg  |*|00|Initial log entry. Current logging level 2
000000.615|cfg  |3|00|Current BootBlock revision is '3.0.2 (30900-001).0024'
000000.615|cfg  |*|00|Prov|Updating BootBlock
000000.615|cfg  |3|00|Checking pre-compiled image 3111-30900-001.bootblock.ld
000000.615|cfg  |3|00|New load header information:
000000.615|cfg  |3|00|Code length:         0x0000F119
000000.615|cfg  |3|00|Header check Sum:    0x0066D5C9
000000.615|cfg  |3|00|Code check Sum:      0x0065E284
000000.615|cfg  |3|00|Options:             0x00000020
000000.615|cfg  |3|00|Recognized compatible bootBlock
000000.630|cfg  |3|00|BootBlock is already present
000000.630|cfg  |3|00|Image is already up to date
000000.630|app1 |*|00|BootBlock is already up to date.
000001.385|so   |3|00|Link status is Net up Speed 100 full Duplex.
000012.205|lldp |3|00|LLDP did not receive a response from a switch. Disabling LLDP.
000018.185|cdp  |3|00|CDP did not receive a response from a switch. Disabling CDP.
000030.710|app1 |3|00|DNS resolver servers are '8.8.8.8' '4.2.2.2'
000030.710|app1 |3|00|DNS resolver search domain is ''
000030.715|app1 |3|00|Bootline: esw(3,0)bootHost:flash e=192.168.20.233:ffffff00:15180:1c h=74.114.208.40 g=192.168.20.1 u=**** pw=**** f=0x40 tn=Circ
000030.715|app1 |3|00|Bootline: aIP
000030.715|app1 |4|00|Could not load time from  (0.0.0.0).
000030.715|app1 |3|00|DHCP returned result 0x18F from server 192.168.20.1.
000030.715|app1 |3|00|   Phone IP address is 192.168.20.233.
000030.715|app1 |3|00|   Subnet mask is 255.255.255.0.
000030.715|app1 |3|00|   Gateway address is 192.168.20.1.
000030.715|app1 |3|00|   Provisioning server address is http://provision.iasusa.voxter.sip.voxter.com/provision.
000030.715|app1 |3|00|   DNS server is 8.8.8.8.
000030.715|app1 |3|00|   DNS alternate server is 4.2.2.2.
000211.995|app1 |6|00|Uploading boot log, time is MON JAN 01 00:02:11 2007

000212.265|dns  |3|00|DNS lookup for 'provision.iasusa.voxter.sip.voxter.com'(74.114.208.40) TTL=13774
000212.265|copy |3|00|'http://PlcmSpIp:****@provision.iasusa.voxter.sip.voxter.com/provision/0004f2f3bbf5-boot.log' to 'provision.iasusa.voxter.sip.vo
000212.755|copy |3|00|Upload of 'provision/0004f2f3bbf5-boot.log' FAILED on attempt 1 (addr 1 of 1)
000212.755|copy |3|00|transport res: 22 respCode 400
000212.755|copy |3|00|transport error: Error.
000212.755|copy |3|00|transport error buffer: The requested URL returned error: 400.
000212.755|app1 |3|00|Event: Multiple Key Combo 1
000212.755|app1 |6|00|Manual Reboot
000216.390|wdog |*|00|Watchdog Expired: tApp1
000000.230|so   |*|00|---------- Initial log entry ----------
000000.230|so   |*|00|+++ Note that bootrom log times are in GMT +++
000000.230|copy |*|00|Initial log entry. Current logging level 3
000000.230|utilm|*|00|Initial log entry. Current logging level 4
000000.235|hw   |*|00|Initial log entry. Current logging level 4
000000.235|ethf |*|00|Initial log entry. Current logging level 4
000000.235|dns  |*|00|Initial log entry. Current logging level 3
000000.235|curl |*|00|Initial log entry. Current logging level 3
000000.235|sec  |*|00|Initial log entry. Current logging level 4
000000.390|wdog |*|00|Initial log entry. Current logging level 4
000000.390|lldp |*|00|Initial log entry. Current logging level 3
000000.390|lldp |3|00|LLDP is DISABLED.
000000.390|cdp  |*|00|Initial log entry. Current logging level 3
000000.390|cdp  |3|00|CDP is DISABLED.
000000.390|key  |*|00|Initial log entry. Current logging level 4
000000.405|so   |3|00|Platform: Model=SoundStation IP 5000, Assembly=3111-30900-001 Rev=G Region=0
000000.405|so   |3|00|Platform: Board=3111-30900-001 1 0
000000.405|so   |3|00|Platform: MAC=0004f2f3bbf5, IP=Resolving, Subnet Mask=Resolving
000000.405|so   |3|00|Platform: BootBlock=3.0.2.0024 (30900-001) 30-Nov-10 15:06
000000.405|so   |3|00|Application, main: Label=BOOT, Version=Muscovite 4.4.0.0080 26-Jul-11 13:56
000000.405|so   |3|00|Application, main: P/N=3150-11069-440
000000.405|app1 |*|00|Initial log entry. Current logging level 3
000000.550|cfg  |*|00|Initial log entry. Current logging level 2
000000.620|cfg  |3|00|Current BootBlock revision is '3.0.2 (30900-001).0024'
000000.620|cfg  |*|00|Prov|Updating BootBlock
000000.620|cfg  |3|00|Checking pre-compiled image 3111-30900-001.bootblock.ld
000000.620|cfg  |3|00|New load header information:
000000.620|cfg  |3|00|Code length:         0x0000F119
000000.620|cfg  |3|00|Header check Sum:    0x0066D5C9
000000.620|cfg  |3|00|Code check Sum:      0x0065E284
000000.620|cfg  |3|00|Options:             0x00000020
000000.620|cfg  |3|00|Recognized compatible bootBlock
000000.630|cfg  |3|00|BootBlock is already present
000000.630|cfg  |3|00|Image is already up to date
000000.630|app1 |*|00|BootBlock is already up to date.
000001.390|so   |3|00|Link status is Net up Speed 100 full Duplex.
000012.205|lldp |3|00|LLDP did not receive a response from a switch. Disabling LLDP.
000018.185|cdp  |3|00|CDP did not receive a response from a switch. Disabling CDP.
000030.715|app1 |3|00|DNS resolver servers are '8.8.8.8' '4.2.2.2'
000030.715|app1 |3|00|DNS resolver search domain is ''
000030.750|app1 |3|00|Bootline: esw(3,0)bootHost:flash e=192.168.20.233:ffffff00:15180:1c h=74.114.208.245 g=192.168.20.1 u=**** pw=**** f=0x40 tn=Cir
000030.750|app1 |3|00|Bootline: caIP
000030.750|app1 |4|00|Could not load time from  (0.0.0.0).
000030.750|app1 |3|00|DHCP returned result 0x187 from server 192.168.20.1.
000030.750|app1 |3|00|   Phone IP address is 192.168.20.233.
000030.750|app1 |3|00|   Subnet mask is 255.255.255.0.
000030.750|app1 |3|00|   Gateway address is 192.168.20.1.
000030.750|app1 |3|00|   DNS server is 8.8.8.8.
000030.750|app1 |3|00|   DNS alternate server is 4.2.2.2.
000031.010|dns  |3|00|DNS lookup for 'p.voxter.com'(74.114.208.245) TTL=20089
000031.015|copy |3|00|'http://PlcmSpIp:****@p.voxter.com/0004f2f3bbf5.cfg' from 'p.voxter.com(74.114.208.245)'
000031.345|copy |3|00|Download of '0004f2f3bbf5.cfg' succeeded on attempt 1 (addr 1 of 1)
000031.405|cfg  |*|00|Prov|Starting to update 3111-30900-001.sip.ld
000031.520|copy |3|00|'http://PlcmSpIp:****@p.voxter.com/3111-30900-001.sip.ld' from 'p.voxter.com(74.114.208.245)'
000031.975|cfg  |3|00|New load header information:
000031.975|cfg  |3|00|Code length:         0x004AF4B8
000031.975|cfg  |3|00|Header check Sum:    0x07547284
000031.975|cfg  |3|00|Code check Sum:      0x07097CA8
000031.975|cfg  |3|00|Options:             0x00000080
000031.975|cfg  |3|00|Recognized container image
000031.975|cfg  |3|00|New load header information:
000031.975|cfg  |3|00|Code length:         0x003CD0B5
000031.975|cfg  |3|00|Header check Sum:    0x2840D2ED
000031.975|cfg  |3|00|Code check Sum:      0x1E4B19CF
000031.975|cfg  |3|00|Options:             0x00000102
000031.975|cfg  |3|00|Could not open application file for checking
000031.975|cfg  |3|00|Application in container image 1 is different
000031.975|cfg  |3|00|New load header information:
000031.975|cfg  |3|00|Code length:         0x000E1B10
000031.975|cfg  |3|00|Header check Sum:    0x3216FA02
000031.975|cfg  |3|00|Code check Sum:      0x0708DCBE
000031.975|cfg  |3|00|Options:             0x00000110
000031.975|cfg  |3|00|BootROM header is different
000031.975|cfg  |3|00|BootROM in container image 2 is different
000031.975|cfg  |3|00|Using bootROM
000057.885|cfg  |*|00|Prov|Updating BootROM
000057.890|cfg  |3|00|Using compatible image 0
000104.200|copy |3|00|Download of '3111-30900-001.sip.ld' succeeded on attempt 1 (addr 1 of 1)
000104.505|sig  |*|00|Initial log entry. Current logging level 3
000104.505|sig  |3|00|hwSigParseRemove: found key Sig_3.
000104.740|cfg  |3|00|Good image signature
000104.865|cfg  |4|00|Removing application...
000105.100|cfg  |3|00|Programming BootROM from sector 19 to 36
000121.360|cfg  |3|00|Programming to sector 19 complete
000121.525|cfg  |3|00|Invalidated old image at sector 1, offset 20.
000121.860|cfg  |*|00|Prov|Image has been changed
000121.955|cfg  |*|00|Prov|Provisioning needs to reboot to upgrade image(s)
000000.270|so   |*|01|---------- Initial log entry ----------
000000.270|so   |*|01|+++ Note that Updater log times are in GMT +++
000000.270|boot |*|01|Initial log entry. Current logging level 3
000000.270|copy |*|01|Initial log entry. Current logging level 3
000000.270|utilm|*|01|Initial log entry. Current logging level 4
000000.270|hw   |*|01|Initial log entry. Current logging level 4
000000.270|ethf |*|01|Initial log entry. Current logging level 4
000000.270|dns  |*|01|Initial log entry. Current logging level 3
000000.270|curl |*|01|Initial log entry. Current logging level 3
000000.270|sec  |*|01|Initial log entry. Current logging level 4
000000.430|wdog |*|01|Initial log entry. Current logging level 4
000000.430|lldp |*|01|Initial log entry. Current logging level 3
000000.430|cdp  |*|01|Initial log entry. Current logging level 3
000000.430|key  |*|01|Initial log entry. Current logging level 4
000000.430|so   |3|01|Platform: Model=SoundStation IP 5000, Assembly=3111-30900-001 Rev=G Region=0
000000.430|so   |3|01|Platform: Board=3111-30900-001 1 0
000000.430|so   |3|01|Platform: MAC=0004f2f3bbf5
000000.430|so   |3|01|Platform: BootBlock=3.0.2.0024 (30900-001) 30-Nov-10 15:06
000000.430|so   |3|01|Application, main: Label=Updater, Version=Azurite 5.0.5.2324 09-Dec-13 16:11
000000.430|so   |3|01|Application, main: P/N=YYYY-YYYYY-YYY
000000.430|log  |*|01|Install file upload callback for 'Updater'

000000.430|app1 |*|01|Initial log entry. Current logging level 3
000000.575|cfg  |*|01|Initial log entry. Current logging level 2
000000.580|app1 |3|01|Application image is not present.
000000.650|dot1x|*|01|Initial log entry. Current logging level 3
000001.430|so   |3|01|Link status is Net up Speed 100 full Duplex.
000002.835|tls  |*|01|Initial log entry. Current logging level 4
000012.230|lldp |3|01|LLDP did not receive a response from a switch. Disabling LLDP.
000018.210|cdp  |3|01|CDP did not receive a response from a switch. Disabling CDP.
000030.735|dns  |*|01|DNS resolver servers are '8.8.8.8' '4.2.2.2'
000030.735|dns  |*|01|DNS resolver search domain is ''
000030.735|app1 |3|01|DNS resolver servers are '8.8.8.8' '4.2.2.2'
000030.735|app1 |3|01|DNS resolver search domain is ''
000030.740|dns  |3|01|DNS lookup for (A) 'p.voxter.com'(74.114.208.245) TTL=21512
000030.740|app1 |3|01|Bootline: esw(3,0)bootHost:flash e=192.168.20.233:ffffff00:15180:1c h=74.114.208.245 g=192.168.20.1 u=**** pw=**** f=0x40 tn=CircaIP
000030.740|app1 |4|01|Could not load time from  (0.0.0.0).
000030.740|app1 |3|01|DHCP returned result 0x187 from server 192.168.20.1.
000030.740|app1 |3|01|   Phone IP address is 192.168.20.233.
000030.740|app1 |3|01|   Subnet mask is 255.255.255.0.
000030.740|app1 |3|01|   Gateway address is 192.168.20.1.
000030.740|app1 |3|01|   DNS server is 8.8.8.8.
000030.740|app1 |3|01|   DNS alternate server is 4.2.2.2.
000031.900|copy |3|01|'http://PlcmSpIp:****@p.voxter.com/0004f2f3bbf5.cfg' from 'p.voxter.com(74.114.208.245)'
000032.215|copy |3|01|Download of '0004f2f3bbf5.cfg' succeeded on attempt 1 (addr 1 of 1)
000032.290|cfg  |*|01|Prov|Starting to update 3111-30900-001.sip.ld
000032.405|copy |3|01|'http://PlcmSpIp:****@p.voxter.com/3111-30900-001.sip.ld' from 'p.voxter.com(74.114.208.245)'
000032.760|cfg  |3|01|New load header information:
000032.760|cfg  |3|01|Code length:         0x004AF4B8
000032.760|cfg  |3|01|Code Checksum:       0x07097CA8
000032.760|cfg  |3|01|Options:             0x00000080
000032.760|cfg  |3|01|Recognized container image
000032.760|cfg  |3|01|New load header information:
000032.760|cfg  |3|01|Code length:         0x003CD0B5
000032.760|cfg  |3|01|Code Checksum:       0x1E4B19CF
000032.760|cfg  |3|01|Options:             0x00000102
000032.760|cfg  |3|01|Could not open application file for checking
000032.760|cfg  |3|01|Application in container image 1 is different
000032.770|cfg  |3|01|New load header information:
000032.770|cfg  |3|01|Code length:         0x000E1B10
000032.770|cfg  |3|01|Code Checksum:       0x0708DCBE
000032.770|cfg  |3|01|Options:             0x00000110
000032.775|cfg  |3|01|Updater is already present
000032.775|cfg  |3|01|Updater in container image 2 is not different
000032.775|cfg  |3|01|Using application
000032.900|cfg  |*|01|Prov|Updating the Application
000032.905|cfg  |3|01|Using compatible image 0
000059.945|copy |3|01|buffered_write: transfer terminated
000059.945|copy |3|01|Download of '3111-30900-001.sip.ld' succeeded on attempt 1 (addr 1 of 1)
000100.425|sig  |*|01|Initial log entry. Current logging level 3
000100.425|sig  |3|01|hwSigParseRemove: found key Sig_3.
000101.415|cfg  |3|01|Good image signature
000101.655|cfg  |3|01|Programming 3986157 bytes into tffs in 4K blocks
000211.880|cfg  |*|01|Prov|Succeeded updating file 3111-30900-001.sip.ld
000211.970|cfg  |*|01|Prov|Image has been changed
000212.090|cfg  |3|01|Prov|Provisioning succeeded
000212.160|app1 |3|01|Application, load: Type=SIP, Version=4.0.6.0711 26-Feb-14 08:43
000212.165|boot |*|01|Using TFFS for flash load
000212.165|boot |*|01|Code length:         0x003CD0B5
000212.165|boot |*|01|Code checksum:       0x1E4B19CF
000212.165|cfg  |*|01|Prov|Finished updating configuration
000223.405|app1 |4|01|Loaded application sip.ld from local system successfully.
000223.405|app1 |6|01|Uploading boot log, time is MON JAN 01 00:02:23 2007

000223.655|copy |3|01|'http://PlcmSpIp:****@p.voxter.com/logs/0004f2f3bbf5-boot.log' to 'p.voxter.com(74.114.208.245)'
000224.155|copy |3|01|Curl attempted to write at an unexpected time
000224.155|copy |3|01|Upload of 'logs/0004f2f3bbf5-boot.log' succeeded on attempt 1 (addr 1 of 1)
000224.345|cfg  |3|01|Prov|Shutting down
000000.280|so   |*|01|---------- Initial log entry ----------
000000.280|so   |*|01|+++ Note that Updater log times are in GMT +++
000000.280|boot |*|01|Initial log entry. Current logging level 3
000000.280|copy |*|01|Initial log entry. Current logging level 3
000000.280|utilm|*|01|Initial log entry. Current logging level 4
000000.280|hw   |*|01|Initial log entry. Current logging level 4
000000.280|ethf |*|01|Initial log entry. Current logging level 4
000000.280|dns  |*|01|Initial log entry. Current logging level 3
000000.280|curl |*|01|Initial log entry. Current logging level 3
000000.280|sec  |*|01|Initial log entry. Current logging level 4
000000.440|wdog |*|01|Initial log entry. Current logging level 4
000000.440|lldp |*|01|Initial log entry. Current logging level 3
000000.440|cdp  |*|01|Initial log entry. Current logging level 3
000000.440|key  |*|01|Initial log entry. Current logging level 4
000000.440|so   |3|01|Platform: Model=SoundStation IP 5000, Assembly=3111-30900-001 Rev=G Region=0
000000.440|so   |3|01|Platform: Board=3111-30900-001 1 0
000000.440|so   |3|01|Platform: MAC=0004f2f3bbf5
000000.440|so   |3|01|Platform: BootBlock=3.0.2.0024 (30900-001) 30-Nov-10 15:06
000000.440|so   |3|01|Application, main: Label=Updater, Version=Azurite 5.0.5.2324 09-Dec-13 16:11
000000.440|so   |3|01|Application, main: P/N=YYYY-YYYYY-YYY
000000.440|log  |*|01|Install file upload callback for 'Updater'

000000.445|app1 |*|01|Initial log entry. Current logging level 3
000000.590|cfg  |*|01|Initial log entry. Current logging level 2
000000.670|app1 |3|01|Application, load: Type=SIP, Version=4.0.6.0711 26-Feb-14 08:43
000000.695|boot |*|01|Using TFFS for flash load
000000.725|boot |*|01|Code length:         0x003CD0B5
000000.725|boot |*|01|Code checksum:       0x1E4B19CF
000001.440|so   |3|01|Link status is Net down.
000002.440|so   |3|01|Link status is Net up Speed 100 full Duplex.
000012.735|app1 |4|01|Loaded application sip.ld from local system successfully.
