000008.670|so   |*|01|---------- Initial log entry ----------
000008.671|so   |*|01|+++ Note that Updater log times are in GMT +++
000008.671|boot |*|01|Initial log entry. Current logging level 3
000008.671|copy |*|01|Initial log entry. Current logging level 3
000008.671|utilm|*|01|Initial log entry. Current logging level 4
000008.671|hw   |*|01|Initial log entry. Current logging level 4
000008.671|ethf |*|01|Initial log entry. Current logging level 4
000008.671|dns  |*|01|Initial log entry. Current logging level 3
000008.671|curl |*|01|Initial log entry. Current logging level 3
000008.671|sec  |*|01|Initial log entry. Current logging level 4
000008.685|wdog |*|01|Initial log entry. Current logging level 4
000008.685|lldp |*|01|Initial log entry. Current logging level 3
000008.685|cdp  |*|01|Initial log entry. Current logging level 3
000008.685|key  |*|01|Initial log entry. Current logging level 4
000008.711|so   |3|01|Platform: Model=VVX 300, Assembly=3111-46135-002 Rev=A Region=0
000008.711|so   |3|01|Platform: Board=3111-46135-002 1 0
000008.712|so   |3|01|Platform: MAC=0004f28e758a
000008.713|so   |3|01|Platform: BootBlock=3.0.4.0028 (46135-002) 30-Jan-13 18:00
000008.714|so   |*|01|Platform: BootL1=1.0.0.0009 (46135-002) 11-Jan-13 14:23
000008.714|so   |3|01|Application, main: Label=Updater, Version=Peridot 5.1.4.0844 20-Mar-13 14:16
000008.714|so   |3|01|Application, main: P/N=3150-11069-514
000008.714|so   |5|01|Platform: Both images are incorrect, will use Primary Image.
000008.714|log  |*|01|Install file upload callback for 'Updater'

000008.715|app1 |*|01|Initial log entry. Current logging level 3
000008.730|cfg  |*|01|Initial log entry. Current logging level 2
000009.683|so   |3|01|Link status is Net up Speed 100 full Duplex, PC down.
000008.660|so   |*|01|---------- Initial log entry ----------
000008.660|so   |*|01|+++ Note that Updater log times are in GMT +++
000008.660|boot |*|01|Initial log entry. Current logging level 3
000008.660|copy |*|01|Initial log entry. Current logging level 3
000008.661|utilm|*|01|Initial log entry. Current logging level 4
000008.661|hw   |*|01|Initial log entry. Current logging level 4
000008.661|ethf |*|01|Initial log entry. Current logging level 4
000008.661|dns  |*|01|Initial log entry. Current logging level 3
000008.661|curl |*|01|Initial log entry. Current logging level 3
000008.661|sec  |*|01|Initial log entry. Current logging level 4
000008.676|wdog |*|01|Initial log entry. Current logging level 4
000008.676|lldp |*|01|Initial log entry. Current logging level 3
000008.676|cdp  |*|01|Initial log entry. Current logging level 3
000008.676|key  |*|01|Initial log entry. Current logging level 4
000008.701|so   |3|01|Platform: Model=VVX 300, Assembly=3111-46135-002 Rev=A Region=0
000008.702|so   |3|01|Platform: Board=3111-46135-002 1 0
000008.702|so   |3|01|Platform: MAC=0004f28e758a
000008.703|so   |3|01|Platform: BootBlock=3.0.4.0028 (46135-002) 30-Jan-13 18:00
000008.704|so   |*|01|Platform: BootL1=1.0.0.0009 (46135-002) 11-Jan-13 14:23
000008.704|so   |3|01|Application, main: Label=Updater, Version=Peridot 5.1.4.0844 20-Mar-13 14:16
000008.704|so   |3|01|Application, main: P/N=3150-11069-514
000008.704|so   |5|01|Platform: Both images are incorrect, will use Primary Image.
000008.704|log  |*|01|Install file upload callback for 'Updater'

000008.705|app1 |*|01|Initial log entry. Current logging level 3
000008.720|cfg  |*|01|Initial log entry. Current logging level 2
000009.668|so   |3|01|Link status is Net up Speed 100 full Duplex, PC down.
000008.071|so   |*|00|---------- Initial log entry ----------
000008.071|so   |*|00|+++ Note that Updater log times are in GMT +++
000008.071|boot |*|00|Initial log entry. Current logging level 3
000008.071|copy |*|00|Initial log entry. Current logging level 3
000008.072|utilm|*|00|Initial log entry. Current logging level 4
000008.072|hw   |*|00|Initial log entry. Current logging level 4
000008.072|ethf |*|00|Initial log entry. Current logging level 4
000008.072|dns  |*|00|Initial log entry. Current logging level 3
000008.072|curl |*|00|Initial log entry. Current logging level 3
000008.072|sec  |*|00|Initial log entry. Current logging level 4
000008.085|wdog |*|00|Initial log entry. Current logging level 4
000008.086|lldp |*|00|Initial log entry. Current logging level 3
000008.086|cdp  |*|00|Initial log entry. Current logging level 3
000008.086|key  |*|00|Initial log entry. Current logging level 4
000008.111|so   |3|00|Platform: Model=VVX 300, Assembly=3111-46135-002 Rev=A Region=0
000008.111|so   |3|00|Platform: Board=3111-46135-002 1 0
000008.112|so   |3|00|Platform: MAC=0004f28e758a
000008.113|so   |3|00|Platform: BootBlock=3.0.4.0028 (46135-002) 30-Jan-13 18:00
000008.114|so   |*|00|Platform: BootL1=1.0.0.0009 (46135-002) 11-Jan-13 14:23
000008.114|so   |3|00|Application, main: Label=Updater, Version=Peridot 5.1.4.0844 20-Mar-13 14:16
000008.114|so   |3|00|Application, main: P/N=3150-11069-514
000008.114|so   |5|00|Platform: Both images are incorrect, will use Primary Image.
000008.114|log  |*|00|Install file upload callback for 'Updater'

000008.115|app1 |*|00|Initial log entry. Current logging level 3
000008.129|cfg  |*|00|Initial log entry. Current logging level 2
000009.079|so   |3|00|Link status is Net up Speed 100 full Duplex, PC down.
000008.073|so   |*|00|---------- Initial log entry ----------
000008.073|so   |*|00|+++ Note that Updater log times are in GMT +++
000008.073|boot |*|00|Initial log entry. Current logging level 3
000008.073|copy |*|00|Initial log entry. Current logging level 3
000008.073|utilm|*|00|Initial log entry. Current logging level 4
000008.073|hw   |*|00|Initial log entry. Current logging level 4
000008.073|ethf |*|00|Initial log entry. Current logging level 4
000008.074|dns  |*|00|Initial log entry. Current logging level 3
000008.074|curl |*|00|Initial log entry. Current logging level 3
000008.074|sec  |*|00|Initial log entry. Current logging level 4
000008.087|wdog |*|00|Initial log entry. Current logging level 4
000008.087|lldp |*|00|Initial log entry. Current logging level 3
000008.087|cdp  |*|00|Initial log entry. Current logging level 3
000008.087|key  |*|00|Initial log entry. Current logging level 4
000008.111|so   |3|00|Platform: Model=VVX 300, Assembly=3111-46135-002 Rev=A Region=0
000008.112|so   |3|00|Platform: Board=3111-46135-002 1 0
000008.112|so   |3|00|Platform: MAC=0004f28e758a
000008.113|so   |3|00|Platform: BootBlock=3.0.4.0028 (46135-002) 30-Jan-13 18:00
000008.114|so   |*|00|Platform: BootL1=1.0.0.0009 (46135-002) 11-Jan-13 14:23
000008.114|so   |3|00|Application, main: Label=Updater, Version=Peridot 5.1.4.0844 20-Mar-13 14:16
000008.114|so   |3|00|Application, main: P/N=3150-11069-514
000008.114|so   |5|00|Platform: Both images are incorrect, will use Primary Image.
000008.114|log  |*|00|Install file upload callback for 'Updater'

000008.116|app1 |*|00|Initial log entry. Current logging level 3
000008.129|cfg  |*|00|Initial log entry. Current logging level 2
000009.082|so   |3|00|Link status is Net up Speed 100 full Duplex, PC down.
000008.079|so   |*|00|---------- Initial log entry ----------
000008.080|so   |*|00|+++ Note that Updater log times are in GMT +++
000008.080|boot |*|00|Initial log entry. Current logging level 3
000008.080|copy |*|00|Initial log entry. Current logging level 3
000008.080|utilm|*|00|Initial log entry. Current logging level 4
000008.080|hw   |*|00|Initial log entry. Current logging level 4
000008.080|ethf |*|00|Initial log entry. Current logging level 4
000008.080|dns  |*|00|Initial log entry. Current logging level 3
000008.080|curl |*|00|Initial log entry. Current logging level 3
000008.081|sec  |*|00|Initial log entry. Current logging level 4
000008.094|wdog |*|00|Initial log entry. Current logging level 4
000008.094|lldp |*|00|Initial log entry. Current logging level 3
000008.094|cdp  |*|00|Initial log entry. Current logging level 3
000008.094|key  |*|00|Initial log entry. Current logging level 4
000008.121|so   |3|00|Platform: Model=VVX 300, Assembly=3111-46135-002 Rev=A Region=0
000008.121|so   |3|00|Platform: Board=3111-46135-002 1 0
000008.122|so   |3|00|Platform: MAC=0004f28e758a
000008.123|so   |3|00|Platform: BootBlock=3.0.4.0028 (46135-002) 30-Jan-13 18:00
000008.124|so   |*|00|Platform: BootL1=1.0.0.0009 (46135-002) 11-Jan-13 14:23
000008.124|so   |3|00|Application, main: Label=Updater, Version=Peridot 5.1.4.0844 20-Mar-13 14:16
000008.124|so   |3|00|Application, main: P/N=3150-11069-514
000008.124|so   |5|00|Platform: Both images are incorrect, will use Primary Image.
000008.124|log  |*|00|Install file upload callback for 'Updater'

000008.125|app1 |*|00|Initial log entry. Current logging level 3
000008.139|cfg  |*|00|Initial log entry. Current logging level 2
000009.088|so   |3|00|Link status is Net up Speed 100 full Duplex, PC down.
000008.102|so   |*|00|---------- Initial log entry ----------
000008.102|so   |*|00|+++ Note that Updater log times are in GMT +++
000008.102|boot |*|00|Initial log entry. Current logging level 3
000008.102|copy |*|00|Initial log entry. Current logging level 3
000008.102|utilm|*|00|Initial log entry. Current logging level 4
000008.102|hw   |*|00|Initial log entry. Current logging level 4
000008.102|ethf |*|00|Initial log entry. Current logging level 4
000008.103|dns  |*|00|Initial log entry. Current logging level 3
000008.103|curl |*|00|Initial log entry. Current logging level 3
000008.103|sec  |*|00|Initial log entry. Current logging level 4
000008.116|wdog |*|00|Initial log entry. Current logging level 4
000008.116|lldp |*|00|Initial log entry. Current logging level 3
000008.116|cdp  |*|00|Initial log entry. Current logging level 3
000008.116|key  |*|00|Initial log entry. Current logging level 4
000008.141|so   |3|00|Platform: Model=VVX 300, Assembly=3111-46135-002 Rev=A Region=0
000008.141|so   |3|00|Platform: Board=3111-46135-002 1 0
000008.142|so   |3|00|Platform: MAC=0004f28e758a
000008.143|so   |3|00|Platform: BootBlock=3.0.4.0028 (46135-002) 30-Jan-13 18:00
000008.144|so   |*|00|Platform: BootL1=1.0.0.0009 (46135-002) 11-Jan-13 14:23
000008.144|so   |3|00|Application, main: Label=Updater, Version=Peridot 5.1.4.0844 20-Mar-13 14:16
000008.144|so   |3|00|Application, main: P/N=3150-11069-514
000008.144|so   |5|00|Platform: Both images are incorrect, will use Primary Image.
000008.144|log  |*|00|Install file upload callback for 'Updater'

000008.145|app1 |*|00|Initial log entry. Current logging level 3
000008.159|cfg  |*|00|Initial log entry. Current logging level 2
000008.163|dot1x|*|00|Initial log entry. Current logging level 3
000008.163|app1 |3|00|Starting provisioning because of the start type.
000008.363|tls  |*|00|Initial log entry. Current logging level 4
000009.111|so   |3|00|Link status is Net up Speed 100 full Duplex, PC down.
000010.952|lldp |3|00|Enabling 802.1Q tagging, VLAN ID = 111 (from LLDP/CDP)
000010.952|lldp |5|00|VLAN Id has changed to 111.
000014.443|lldp |3|00|LLDP received a response from a switch. LLDP enabled.
000014.500|dhcpc|*|00|Initial log entry. Current logging level 4
000018.246|dns  |*|00|DNS resolver servers are '8.8.8.8' '8.8.4.4'
000018.246|dns  |*|00|DNS resolver search domain is ''
000018.246|app1 |3|00|DNS resolver servers are '8.8.8.8' '8.8.4.4'
000018.246|app1 |3|00|DNS resolver search domain is ''
000018.437|dns  |3|00|DNS lookup for (A) 'p.voxter.com'(74.114.208.245) TTL=970
000018.439|app1 |3|00|DHCP returned result 0x18F from server 10.2.0.2.
000018.439|app1 |3|00|   Phone IP address is 10.2.0.203.
000018.439|app1 |3|00|   Subnet mask is 255.255.255.0.
000018.439|app1 |3|00|   Gateway address is 10.2.0.1.
000018.439|app1 |3|00|   Provisioning server address is http://p.voxter.com/.
000018.439|app1 |3|00|   DNS server is 8.8.8.8.
000018.439|app1 |3|00|   DNS alternate server is 8.8.4.4.
000018.634|dns  |3|00|DNS lookup for (A) 'pool.ntp.org'(24.102.6.62,199.182.221.110,69.28.67.44) TTL=133
0422014256|app1 |3|00|Time has been set from pool.ntp.org (24.102.6.62).
0422014256|app1 |3|00|   1429666976: 2015-4-22, 1:42:56, DST off
0422014256|copy |3|00|'http://PlcmSpIp:****@p.voxter.com/0004f28e758a.cfg' from 'p.voxter.com(74.114.208.245)'
0422014256|copy |3|00|Download of '0004f28e758a.cfg' succeeded on attempt 1 (addr 1 of 1)
0422014256|cfg  |*|00|Prov|Starting to update 3111-46135-002.sip.ld
0422014256|copy |3|00|'http://PlcmSpIp:****@p.voxter.com/3111-46135-002.sip.ld' from 'p.voxter.com(74.114.208.245)'
0422014257|cfg  |3|00|New load header information:
0422014257|cfg  |3|00|Code length:         0x027559F0
0422014257|cfg  |3|00|Code Checksum:       0x38A3BFD9
0422014257|cfg  |3|00|Options:             0x00000080
0422014257|cfg  |3|00|Recognized container image
0422014257|cfg  |3|00|New load header information:
0422014257|cfg  |3|00|Code length:         0x020760FC
0422014257|cfg  |3|00|Code Checksum:       0x02B7DAEB
0422014257|cfg  |3|00|Options:             0x00000002
0422014257|cfg  |3|00|Application header is different
0422014257|cfg  |3|00|Application in container image 1 is different
0422014257|cfg  |3|00|New load header information:
0422014257|cfg  |3|00|Code length:         0x006DEFE4
0422014257|cfg  |3|00|Code Checksum:       0x38A32210
0422014257|cfg  |3|00|Options:             0x00000010
0422014257|cfg  |3|00|Updater header is different
0422014257|cfg  |3|00|Updater in container image 2 is different
0422014257|cfg  |3|00|Using Updater
0422015529|cfg  |*|00|Prov|Updating the Updater
0422015529|cfg  |3|00|Using compatible image 0
0422015759|copy |3|00|Download of '3111-46135-002.sip.ld' succeeded on attempt 1 (addr 1 of 1)
0422015759|sig  |*|00|Initial log entry. Current logging level 3
0422015759|sig  |3|00|hwSigParseRemove: found key Sig_3.
0422015800|cfg  |3|00|Good image signature
0422015800|cfg  |4|00|Removing application...
0422015805|cfg  |3|00|Programming Updater from sector 320 to 575
0422015811|cfg  |3|00|Programming to sector 320 complete
0422015813|cfg  |*|00|Prov|Image has been changed
0422015813|cfg  |*|00|Prov|Provisioning needs to reboot to upgrade image(s)
000008.524|so   |*|00|---------- Initial log entry ----------
000008.524|so   |*|00|+++ Note that Updater log times are in GMT +++
000008.525|boot |*|00|Initial log entry. Current logging level 3
000008.525|copy |*|00|Initial log entry. Current logging level 3
000008.525|utilm|*|00|Initial log entry. Current logging level 4
000008.525|hw   |*|00|Initial log entry. Current logging level 4
000008.525|ethf |*|00|Initial log entry. Current logging level 4
000008.525|dns  |*|00|Initial log entry. Current logging level 3
000008.525|curl |*|00|Initial log entry. Current logging level 3
000008.526|sec  |*|00|Initial log entry. Current logging level 4
000008.773|wdog |*|00|Initial log entry. Current logging level 4
000008.773|lldp |*|00|Initial log entry. Current logging level 3
000008.773|cdp  |*|00|Initial log entry. Current logging level 3
000008.774|key  |*|00|Initial log entry. Current logging level 4
000008.774|so   |3|00|SoKeyC::keyboardSetup(): Assigning virtual key: hwId 45 soKeyConcordVirtualTab[i].function 53
000008.801|so   |3|00|Platform: Model=VVX 300, Assembly=3111-46135-002 Rev=A Region=0
000008.801|so   |3|00|Platform: Board=3111-46135-002 1 0
000008.802|so   |3|00|Platform: MAC=0004f28e758a
000008.803|so   |3|00|Platform: BootBlock=3.0.4.0028 (46135-002) 30-Jan-13 18:00
000008.804|so   |*|00|Platform: BootL1=1.0.0.0009 (46135-002) 11-Jan-13 14:23
000008.804|so   |3|00|Application, main: Label=Updater, Version=Fayalite 5.5.0.13251 24-Mar-15 02:46
000008.804|so   |3|00|Application, main: P/N=3150-11069-550
000008.804|log  |*|00|Install file upload callback for 'Updater'

000008.805|app1 |*|00|Initial log entry. Current logging level 3
000008.817|cfg  |*|00|Initial log entry. Current logging level 2
000008.822|dot1x|*|00|Initial log entry. Current logging level 3
000008.822|app1 |3|00|Starting provisioning because of the start type.
000009.026|tls  |*|00|Initial log entry. Current logging level 4
000009.766|so   |3|00|Link status is Net up Speed 100 full Duplex, PC down.
000011.927|lldp |3|00|Enabling 802.1Q tagging, VLAN ID = 111 (from LLDP/CDP)
000011.927|lldp |5|00|VLAN Id has changed to 111.
000015.119|lldp |3|00|LLDP received a response from a switch. LLDP enabled.
000015.316|dhcpc|*|00|Initial log entry. Current logging level 2
000015.318|dhcpc|3|00|dhcAddIf v4 succeeds: eth0.111.
000015.322|dhcpc|3|00|dhcRebind v4: Will wait until sync rebind completes.
000015.857|dhcpc|3|00|relLease(0) v4: Succeeded to fork dhclient to terminate.
000016.510|dhcpc|3|00|dhcListener: Read succeeds: eth0.111 state: PREINIT
.
000016.510|dhcpc|4|00|DhcpClient::processLine: no callback for state 1 if eth0.111
000017.711|dhcpc|3|00|dhcListener: Read succeeds: eth0.111 ip: 10.2.0.203
.
000017.712|dhcpc|3|00|dhcListener: Read succeeds: eth0.111 option: subnet-mask 255.255.255.0
.
000017.714|dhcpc|3|00|dhcListener: Read succeeds: eth0.111 option: routers 10.2.0.1
.
000017.715|dhcpc|3|00|dhcListener: Read succeeds: eth0.111 option: domain-name-servers 8.8.8.8 8.8.4.4
.
000017.717|dhcpc|3|00|dhcListener: Read succeeds: eth0.111 option: dhcp-lease-time 600
.
000017.718|dhcpc|3|00|dhcListener: Read succeeds: eth0.111 option: tftp-server-name http://p.voxter.com/
.
000017.720|dhcpc|3|00|dhcListener: Read succeeds: eth0.111 option: dhcp-server-identifier 10.2.0.2
.
000017.724|dhcpc|3|00|dhcListener: Read succeeds: eth0.111 option: broadcast-address 10.2.0.255
.
000017.729|dhcpc|3|00|dhcListener: Read succeeds: eth0.111 option: dhcp-lease-time 600
.
000017.731|dhcpc|3|00|dhcListener: Read succeeds: eth0.111 option: dhcp-message-type 5
.
000017.766|dhcpc|3|00|dhcListener: Read succeeds: eth0.111 state: BOUND
.
000017.767|dhcpc|4|00|DhcpClient::processLine: no callback for state 2 if eth0.111
000017.767|dhcpc|3|00|dhcRebind v4: Sync rebind succeeds.
000017.768|dhcpc|3|00|Program eth0.111 to use subnet mask 255.255.255.0, result 0.
000017.768|dhcpc|3|00|Program eth0.111 to use ip address 10.2.0.203, result 0.
000017.769|dhcpc|3|00|Program eth0.111 to use router 10.2.0.1, result 0.
000017.786|dhcpc|3|00|getLease v4: Succeeded to fork dhclient for interface eth0.111.
000018.778|ares |*|00|Initial log entry. Current logging level 3
000018.779|dns  |*|00|DNS resolver servers are '8.8.8.8' '8.8.4.4'
000018.779|dns  |*|00|DNS resolver search domain is ''
000018.779|app1 |3|00|DNS resolver servers are '8.8.8.8' '8.8.4.4'
000018.779|app1 |3|00|DNS resolver search domain is ''
000018.944|app1 |3|00|DHCP returned result 0x18F from server 10.2.0.2.
000018.944|app1 |3|00|   Phone IPv4 address is 10.2.0.203.
000018.944|app1 |3|00|   Subnet mask is 255.255.255.0.
000018.944|app1 |3|00|   Gateway address is 10.2.0.1.
000018.944|app1 |3|00|   Provisioning server address is http://p.voxter.com/.
000018.944|app1 |3|00|   DNS server is 8.8.8.8
000018.944|app1 |3|00|   DNS alternate server is 8.8.4.4.
0422015847|app1 |3|00|Time has been set from pool.ntp.org (208.79.218.140).
0422015847|app1 |3|00|   1429667927: 2015-4-22, 1:58:47, DST off
0422015847|copy |3|00|'http://PlcmSpIp:****@p.voxter.com/0004f28e758a.cfg' from 'p.voxter.com(74.114.208.245)'
0422015847|copy |3|00|Download of '0004f28e758a.cfg' succeeded on attempt 1 (addr 1 of 1)
0422015847|cfg  |*|00|Prov|Starting to update 3111-46135-002.sip.ld
0422015847|copy |3|00|'http://PlcmSpIp:****@p.voxter.com/3111-46135-002.sip.ld' from 'p.voxter.com(74.114.208.245)'
0422015848|cfg  |3|00|New load header information:
0422015848|cfg  |3|00|Code length:         0x027559F0
0422015848|cfg  |3|00|Code Checksum:       0x38A3BFD9
0422015848|cfg  |3|00|Options:             0x00000080
0422015848|cfg  |3|00|Recognized container image
0422015848|cfg  |3|00|New load header information:
0422015848|cfg  |3|00|Code length:         0x020760FC
0422015848|cfg  |3|00|Code Checksum:       0x02B7DAEB
0422015848|cfg  |3|00|Options:             0x00000002
0422015848|cfg  |3|00|Could not open application file for checking
0422015848|cfg  |3|00|Application in container image 1 is different
0422015848|cfg  |3|00|New load header information:
0422015848|cfg  |3|00|Code length:         0x006DEFE4
0422015848|cfg  |3|00|Code Checksum:       0x38A32210
0422015848|cfg  |3|00|Options:             0x00000010
0422015848|cfg  |3|00|Updater is already present
0422015848|cfg  |3|00|Updater in container image 2 is not different
0422015848|cfg  |3|00|Using application
0422015848|cfg  |*|00|Prov|Updating the Application
0422015848|cfg  |3|00|Using compatible image 0
0422020307|dhcpc|3|00|dhcListener: Read succeeds: eth0.111 state: RENEW
.
0422020307|dhcpc|4|00|DhcpClient::processLine: no callback for state 6 if eth0.111
0422020737|copy |3|00|buffered_write: transfer terminated
0422020737|copy |3|00|Download of '3111-46135-002.sip.ld' succeeded on attempt 1 (addr 1 of 1)
0422020738|sig  |*|00|Initial log entry. Current logging level 3
0422020738|sig  |3|00|hwSigParseRemove: found key Sig_3.
0422020741|cfg  |3|00|Good image signature
0422020741|cfg  |3|00|Programming 34038588 bytes into tffs in 4K blocks
0422020742|dhcpc|3|00|dhcListener: Read succeeds: eth0.111 state: RENEW
.
0422020742|dhcpc|4|00|DhcpClient::processLine: no callback for state 6 if eth0.111
0422020744|cfg  |3|00|Extracting application files
0422020744|cfg  |3|00|New load header information:
0422020744|cfg  |3|00|Code length:         0x020760FC
0422020744|cfg  |3|00|Code Checksum:       0x02B7DAEB
0422020744|cfg  |3|00|Options:             0x00000002
0422021007|cfg  |3|00|Finished extracting application files (OK)
0422021016|cfg  |3|00|File system is synchronized
0422021016|cfg  |*|00|Prov|Succeeded updating file 3111-46135-002.sip.ld
0422021016|cfg  |*|00|Prov|Image has been changed
0422021016|cfg  |3|00|Prov|Provisioning succeeded
0422021016|app1 |3|00|Application, load: Type=SIP, Version=5.3.0.12074 24-Mar-15 03:06
0422021016|cfg  |*|00|Prov|Finished updating configuration
0422021016|boot |*|00|Using TFFS for flash load
0422021016|boot |*|00|Code length:         0x020760FC
0422021016|boot |*|00|Code checksum:       0x02B7DAEB
0422021016|app1 |4|00|Loaded application sip.ld from local system successfully.
0422021016|app1 |6|00|Uploading boot log, time is Wed Apr 22 02:10:17 2015

0422021017|copy |3|00|'http://PlcmSpIp:****@p.voxter.com/logs/0004f28e758a-boot.log' to 'p.voxter.com(74.114.208.245)'
0422021017|copy |3|00|Upload of 'logs/0004f28e758a-boot.log' succeeded on attempt 1 (addr 1 of 1)
0422021018|dhcpc|3|00|relLease(0) v4: Succeeded to fork dhclient to terminate.
0422021032|cfg  |3|00|Prov|Shutting down
