000008.747|so   |*|01|---------- Initial log entry ----------
000008.748|so   |*|01|+++ Note that Updater log times are in GMT +++
000008.748|boot |*|01|Initial log entry. Current logging level 3
000008.748|copy |*|01|Initial log entry. Current logging level 3
000008.748|utilm|*|01|Initial log entry. Current logging level 4
000008.748|hw   |*|01|Initial log entry. Current logging level 4
000008.748|ethf |*|01|Initial log entry. Current logging level 4
000008.748|dns  |*|01|Initial log entry. Current logging level 3
000008.749|curl |*|01|Initial log entry. Current logging level 3
000008.749|sec  |*|01|Initial log entry. Current logging level 4
000008.767|wdog |*|01|Initial log entry. Current logging level 4
000008.768|lldp |*|01|Initial log entry. Current logging level 3
000008.768|cdp  |*|01|Initial log entry. Current logging level 3
000008.768|key  |*|01|Initial log entry. Current logging level 4
000008.791|so   |3|01|Platform: Model=VVX 400, Assembly=3111-46157-002 Rev=A Region=0
000008.791|so   |3|01|Platform: Board=3111-46157-002 1 0
000008.791|so   |3|01|Platform: MAC=0004f280bec5
000008.792|so   |3|01|Platform: BootBlock=3.0.4.0006 (46157-002) 10-Jan-13 19:52
000008.793|so   |*|01|Platform: BootL1=1.0.0.0001 (46157-002) 10-Jan-13 19:27
000008.793|so   |3|01|Application, main: Label=Updater, Version=Peridot 5.1.4.0844 20-Mar-13 14:16
000008.793|so   |3|01|Application, main: P/N=3150-11069-514
000008.794|log  |*|01|Install file upload callback for 'Updater'

000008.795|app1 |*|01|Initial log entry. Current logging level 3
000008.839|cfg  |*|01|Initial log entry. Current logging level 2
000009.759|so   |3|01|Link status is Net up Speed 100 full Duplex, PC down.
000008.054|so   |*|00|---------- Initial log entry ----------
000008.054|so   |*|00|+++ Note that Updater log times are in GMT +++
000008.055|boot |*|00|Initial log entry. Current logging level 3
000008.055|copy |*|00|Initial log entry. Current logging level 3
000008.055|utilm|*|00|Initial log entry. Current logging level 4
000008.055|hw   |*|00|Initial log entry. Current logging level 4
000008.055|ethf |*|00|Initial log entry. Current logging level 4
000008.055|dns  |*|00|Initial log entry. Current logging level 3
000008.055|curl |*|00|Initial log entry. Current logging level 3
000008.055|sec  |*|00|Initial log entry. Current logging level 4
000008.073|wdog |*|00|Initial log entry. Current logging level 4
000008.074|lldp |*|00|Initial log entry. Current logging level 3
000008.074|cdp  |*|00|Initial log entry. Current logging level 3
000008.074|key  |*|00|Initial log entry. Current logging level 4
000008.111|so   |3|00|Platform: Model=VVX 400, Assembly=3111-46157-002 Rev=A Region=0
000008.112|so   |3|00|Platform: Board=3111-46157-002 1 0
000008.112|so   |3|00|Platform: MAC=0004f280bec5
000008.113|so   |3|00|Platform: BootBlock=3.0.4.0006 (46157-002) 10-Jan-13 19:52
000008.114|so   |*|00|Platform: BootL1=1.0.0.0001 (46157-002) 10-Jan-13 19:27
000008.114|so   |3|00|Application, main: Label=Updater, Version=Peridot 5.1.4.0844 20-Mar-13 14:16
000008.114|so   |3|00|Application, main: P/N=3150-11069-514
000008.114|log  |*|00|Install file upload callback for 'Updater'

000008.115|app1 |*|00|Initial log entry. Current logging level 3
000008.158|cfg  |*|00|Initial log entry. Current logging level 2
000009.072|so   |3|00|Link status is Net up Speed 100 full Duplex, PC down.
000008.086|so   |*|00|---------- Initial log entry ----------
000008.086|so   |*|00|+++ Note that Updater log times are in GMT +++
000008.086|boot |*|00|Initial log entry. Current logging level 3
000008.086|copy |*|00|Initial log entry. Current logging level 3
000008.086|utilm|*|00|Initial log entry. Current logging level 4
000008.086|hw   |*|00|Initial log entry. Current logging level 4
000008.086|ethf |*|00|Initial log entry. Current logging level 4
000008.086|dns  |*|00|Initial log entry. Current logging level 3
000008.086|curl |*|00|Initial log entry. Current logging level 3
000008.087|sec  |*|00|Initial log entry. Current logging level 4
000008.105|wdog |*|00|Initial log entry. Current logging level 4
000008.105|lldp |*|00|Initial log entry. Current logging level 3
000008.106|cdp  |*|00|Initial log entry. Current logging level 3
000008.106|key  |*|00|Initial log entry. Current logging level 4
000008.131|so   |3|00|Platform: Model=VVX 400, Assembly=3111-46157-002 Rev=A Region=0
000008.132|so   |3|00|Platform: Board=3111-46157-002 1 0
000008.132|so   |3|00|Platform: MAC=0004f280bec5
000008.133|so   |3|00|Platform: BootBlock=3.0.4.0006 (46157-002) 10-Jan-13 19:52
000008.134|so   |*|00|Platform: BootL1=1.0.0.0001 (46157-002) 10-Jan-13 19:27
000008.134|so   |3|00|Application, main: Label=Updater, Version=Peridot 5.1.4.0844 20-Mar-13 14:16
000008.134|so   |3|00|Application, main: P/N=3150-11069-514
000008.134|log  |*|00|Install file upload callback for 'Updater'

000008.135|app1 |*|00|Initial log entry. Current logging level 3
000008.178|cfg  |*|00|Initial log entry. Current logging level 2
000009.102|so   |3|00|Link status is Net up Speed 100 full Duplex, PC down.
000008.052|so   |*|00|---------- Initial log entry ----------
000008.052|so   |*|00|+++ Note that Updater log times are in GMT +++
000008.053|boot |*|00|Initial log entry. Current logging level 3
000008.053|copy |*|00|Initial log entry. Current logging level 3
000008.053|utilm|*|00|Initial log entry. Current logging level 4
000008.053|hw   |*|00|Initial log entry. Current logging level 4
000008.053|ethf |*|00|Initial log entry. Current logging level 4
000008.053|dns  |*|00|Initial log entry. Current logging level 3
000008.053|curl |*|00|Initial log entry. Current logging level 3
000008.053|sec  |*|00|Initial log entry. Current logging level 4
000008.071|wdog |*|00|Initial log entry. Current logging level 4
000008.072|lldp |*|00|Initial log entry. Current logging level 3
000008.072|cdp  |*|00|Initial log entry. Current logging level 3
000008.072|key  |*|00|Initial log entry. Current logging level 4
000008.111|so   |3|00|Platform: Model=VVX 400, Assembly=3111-46157-002 Rev=A Region=0
000008.111|so   |3|00|Platform: Board=3111-46157-002 1 0
000008.112|so   |3|00|Platform: MAC=0004f280bec5
000008.113|so   |3|00|Platform: BootBlock=3.0.4.0006 (46157-002) 10-Jan-13 19:52
000008.114|so   |*|00|Platform: BootL1=1.0.0.0001 (46157-002) 10-Jan-13 19:27
000008.114|so   |3|00|Application, main: Label=Updater, Version=Peridot 5.1.4.0844 20-Mar-13 14:16
000008.114|so   |3|00|Application, main: P/N=3150-11069-514
000008.114|log  |*|00|Install file upload callback for 'Updater'

000008.115|app1 |*|00|Initial log entry. Current logging level 3
000008.158|cfg  |*|00|Initial log entry. Current logging level 2
000008.176|dot1x|*|00|Initial log entry. Current logging level 3
000008.176|app1 |3|00|Starting provisioning because of the start type.
000008.402|tls  |*|00|Initial log entry. Current logging level 4
000009.070|so   |3|00|Link status is Net up Speed 100 full Duplex, PC down.
000017.484|lldp |3|00|LLDP did not receive a response from a switch. Disabling LLDP.
000022.754|cdp  |3|00|CDP did not receive a response from a switch. Disabling CDP.
000022.780|dhcpc|*|00|Initial log entry. Current logging level 4
000028.211|dns  |*|00|DNS resolver servers are '8.8.8.8' '8.8.4.4'
000028.211|dns  |*|00|DNS resolver search domain is ''
000028.211|app1 |3|00|DNS resolver servers are '8.8.8.8' '8.8.4.4'
000028.211|app1 |3|00|DNS resolver search domain is ''
000028.226|dns  |3|00|DNS lookup for (A) 'p.voxter.com'(74.114.208.245) TTL=19364
000028.227|app1 |3|00|DHCP returned result 0x1A7 from server 10.2.42.1.
000028.227|app1 |3|00|   Phone IP address is 10.2.42.16.
000028.227|app1 |3|00|   Subnet mask is 255.255.255.0.
000028.227|app1 |3|00|   Gateway address is 10.2.42.1.
000028.227|app1 |3|00|   Time server is 24.215.0.24.
000028.227|app1 |3|00|   DNS server is 8.8.8.8.
000028.227|app1 |3|00|   DNS alternate server is 8.8.4.4.
000029.216|copy |3|00|'http://PlcmSpIp:****@p.voxter.com/0004f280bec5.cfg' from 'p.voxter.com(74.114.208.245)'
000029.497|copy |3|00|Download of '0004f280bec5.cfg' succeeded on attempt 1 (addr 1 of 1)
000029.507|cfg  |*|00|Prov|Starting to update 3111-46157-002.sip.ld
000029.537|copy |3|00|'http://PlcmSpIp:****@p.voxter.com/3111-46157-002.sip.ld' from 'p.voxter.com(74.114.208.245)'
000029.799|cfg  |3|00|New load header information:
000029.799|cfg  |3|00|Code length:         0x027559F0
000029.799|cfg  |3|00|Code Checksum:       0x38A3BEB6
000029.800|cfg  |3|00|Options:             0x00000080
000029.800|cfg  |3|00|Recognized container image
000029.800|cfg  |3|00|New load header information:
000029.800|cfg  |3|00|Code length:         0x020760FC
000029.800|cfg  |3|00|Code Checksum:       0x02B7DAEB
000029.800|cfg  |3|00|Options:             0x00000002
000029.801|cfg  |3|00|Application header is different
000029.801|cfg  |3|00|Application in container image 1 is different
000029.801|cfg  |3|00|New load header information:
000029.801|cfg  |3|00|Code length:         0x006DEFE4
000029.801|cfg  |3|00|Code Checksum:       0x38A32210
000029.801|cfg  |3|00|Options:             0x00000010
000029.809|cfg  |3|00|Updater header is different
000029.810|cfg  |3|00|Updater in container image 2 is different
000029.810|cfg  |3|00|Using Updater
000036.420|app1 |4|00|Could not load time from 24.215.0.24 (24.215.0.24).
000041.202|cfg  |*|00|Prov|Updating the Updater
000041.202|cfg  |3|00|Using compatible image 0
000043.691|copy |3|00|Download of '3111-46157-002.sip.ld' succeeded on attempt 1 (addr 1 of 1)
000044.070|sig  |*|00|Initial log entry. Current logging level 3
000044.070|sig  |3|00|hwSigParseRemove: found key Sig_3.
000044.670|cfg  |3|00|Good image signature
000044.791|cfg  |4|00|Removing application...
000049.893|cfg  |3|00|Programming Updater from sector 64 to 319
000056.251|cfg  |3|00|Programming to sector 64 complete
000058.485|cfg  |*|00|Prov|Image has been changed
000058.507|cfg  |*|00|Prov|Provisioning needs to reboot to upgrade image(s)
000008.583|so   |*|00|---------- Initial log entry ----------
000008.583|so   |*|00|+++ Note that Updater log times are in GMT +++
000008.583|boot |*|00|Initial log entry. Current logging level 3
000008.583|copy |*|00|Initial log entry. Current logging level 3
000008.583|utilm|*|00|Initial log entry. Current logging level 4
000008.583|hw   |*|00|Initial log entry. Current logging level 4
000008.584|ethf |*|00|Initial log entry. Current logging level 4
000008.584|dns  |*|00|Initial log entry. Current logging level 3
000008.584|curl |*|00|Initial log entry. Current logging level 3
000008.584|sec  |*|00|Initial log entry. Current logging level 4
000008.603|wdog |*|00|Initial log entry. Current logging level 4
000008.603|lldp |*|00|Initial log entry. Current logging level 3
000008.603|cdp  |*|00|Initial log entry. Current logging level 3
000008.603|key  |*|00|Initial log entry. Current logging level 4
000008.603|so   |3|00|SoKeyC::keyboardSetup(): Assigning virtual key: hwId 45 soKeyConcordVirtualTab[i].function 53
000008.641|so   |3|00|Platform: Model=VVX 400, Assembly=3111-46157-002 Rev=A Region=0
000008.642|so   |3|00|Platform: Board=3111-46157-002 1 0
000008.642|so   |3|00|Platform: MAC=0004f280bec5
000008.643|so   |3|00|Platform: BootBlock=3.0.4.0006 (46157-002) 10-Jan-13 19:52
000008.644|so   |*|00|Platform: BootL1=1.0.0.0001 (46157-002) 10-Jan-13 19:27
000008.644|so   |3|00|Application, main: Label=Updater, Version=Fayalite 5.5.0.13251 24-Mar-15 02:46
000008.644|so   |3|00|Application, main: P/N=3150-11069-550
000008.644|log  |*|00|Install file upload callback for 'Updater'

000008.645|app1 |*|00|Initial log entry. Current logging level 3
000008.688|cfg  |*|00|Initial log entry. Current logging level 2
000008.706|dot1x|*|00|Initial log entry. Current logging level 3
000008.706|app1 |3|00|Starting provisioning because of the start type.
000008.940|tls  |*|00|Initial log entry. Current logging level 4
000009.593|so   |3|00|Link status is Net up Speed 100 full Duplex, PC down.
000018.020|lldp |3|00|LLDP did not receive a response from a switch. Disabling LLDP.
000023.294|cdp  |3|00|CDP did not receive a response from a switch. Disabling CDP.
000023.443|dhcpc|*|00|Initial log entry. Current logging level 2
000023.445|dhcpc|3|00|dhcAddIf v4 succeeds: eth0.
000023.450|dhcpc|3|00|dhcRebind v4: Will wait until sync rebind completes.
000024.096|dhcpc|3|00|dhcListener: Read succeeds: state:
.
000024.099|dhcpc|3|00|relLease(0) v4: Succeeded to fork dhclient to terminate.
000024.752|dhcpc|3|00|dhcListener: Read succeeds: eth0 state: PREINIT
.
000024.753|dhcpc|4|00|DhcpClient::processLine: no callback for state 1 if eth0
000025.961|dhcpc|3|00|dhcListener: Read succeeds: eth0 ip: 10.2.42.16
.
000025.963|dhcpc|3|00|dhcListener: Read succeeds: eth0 option: subnet-mask 255.255.255.0
.
000025.964|dhcpc|3|00|dhcListener: Read succeeds: eth0 option: routers 10.2.42.1
.
000025.965|dhcpc|3|00|dhcListener: Read succeeds: eth0 option: domain-name-servers 8.8.8.8 8.8.4.4
.
000025.967|dhcpc|3|00|dhcListener: Read succeeds: eth0 option: dhcp-lease-time 259200
.
000025.968|dhcpc|3|00|dhcListener: Read succeeds: eth0 option: dhcp-server-identifier 10.2.42.1
.
000025.969|dhcpc|3|00|dhcListener: Read succeeds: eth0 option: ntp-servers 24.215.0.24 192.95.20.208
.
000025.974|dhcpc|3|00|dhcListener: Read succeeds: eth0 option: broadcast-address 10.2.42.255
.
000025.979|dhcpc|3|00|dhcListener: Read succeeds: eth0 option: dhcp-lease-time 259200
.
000025.980|dhcpc|3|00|dhcListener: Read succeeds: eth0 option: dhcp-message-type 5
.
000026.015|dhcpc|3|00|dhcListener: Read succeeds: eth0 state: BOUND
.
000026.016|dhcpc|4|00|DhcpClient::processLine: no callback for state 2 if eth0
000026.016|dhcpc|3|00|dhcRebind v4: Sync rebind succeeds.
000026.017|dhcpc|3|00|Program eth0 to use subnet mask 255.255.255.0, result -1.
000026.017|dhcpc|3|00|Program eth0 to use ip address 10.2.42.16, result 0.
000026.018|dhcpc|3|00|Program eth0 to use router 10.2.42.1, result 0.
000026.036|dhcpc|3|00|getLease v4: Succeeded to fork dhclient for interface eth0.
000027.028|ares |*|00|Initial log entry. Current logging level 3
000027.029|dns  |*|00|DNS resolver servers are '8.8.8.8' '8.8.4.4'
000027.029|dns  |*|00|DNS resolver search domain is ''
000027.029|app1 |3|00|DNS resolver servers are '8.8.8.8' '8.8.4.4'
000027.029|app1 |3|00|DNS resolver search domain is ''
000027.059|app1 |3|00|DHCP returned result 0x1A7 from server 10.2.42.1.
000027.059|app1 |3|00|   Phone IPv4 address is 10.2.42.16.
000027.059|app1 |3|00|   Subnet mask is 255.255.255.0.
000027.059|app1 |3|00|   Gateway address is 10.2.42.1.
000027.059|app1 |3|00|   Time server is 24.215.0.24.
000027.059|app1 |3|00|   DNS server is 8.8.8.8
000027.059|app1 |3|00|   DNS alternate server is 8.8.4.4.
000027.751|copy |3|00|'http://PlcmSpIp:****@p.voxter.com/0004f280bec5.cfg' from 'p.voxter.com(74.114.208.245)'
000028.035|copy |3|00|Download of '0004f280bec5.cfg' succeeded on attempt 1 (addr 1 of 1)
000028.044|cfg  |*|00|Prov|Starting to update 3111-46157-002.sip.ld
000028.075|copy |3|00|'http://PlcmSpIp:****@p.voxter.com/3111-46157-002.sip.ld' from 'p.voxter.com(74.114.208.245)'
000028.373|cfg  |3|00|New load header information:
000028.374|cfg  |3|00|Code length:         0x027559F0
000028.374|cfg  |3|00|Code Checksum:       0x38A3BEB6
000028.374|cfg  |3|00|Options:             0x00000080
000028.374|cfg  |3|00|Recognized container image
000028.374|cfg  |3|00|New load header information:
000028.374|cfg  |3|00|Code length:         0x020760FC
000028.374|cfg  |3|00|Code Checksum:       0x02B7DAEB
000028.374|cfg  |3|00|Options:             0x00000002
000028.375|cfg  |3|00|Could not open application file for checking
000028.375|cfg  |3|00|Application in container image 1 is different
000028.375|cfg  |3|00|New load header information:
000028.375|cfg  |3|00|Code length:         0x006DEFE4
000028.375|cfg  |3|00|Code Checksum:       0x38A32210
000028.375|cfg  |3|00|Options:             0x00000010
000028.384|cfg  |3|00|Updater is already present
000028.384|cfg  |3|00|Updater in container image 2 is not different
000028.384|cfg  |3|00|Using application
000028.504|cfg  |*|00|Prov|Updating the Application
000028.504|cfg  |3|00|Using compatible image 0
000035.250|app1 |4|00|Could not load time from 24.215.0.24 (24.215.0.24).
000040.090|copy |3|00|buffered_write: transfer terminated
000040.092|copy |3|00|Download of '3111-46157-002.sip.ld' succeeded on attempt 1 (addr 1 of 1)
000040.987|sig  |*|00|Initial log entry. Current logging level 3
000040.987|sig  |3|00|hwSigParseRemove: found key Sig_3.
000043.799|cfg  |3|00|Good image signature
000044.484|cfg  |3|00|Programming 34038588 bytes into tffs in 4K blocks
000047.481|cfg  |3|00|Extracting application files
000047.482|cfg  |3|00|New load header information:
000047.482|cfg  |3|00|Code length:         0x020760FC
000047.482|cfg  |3|00|Code Checksum:       0x02B7DAEB
000047.482|cfg  |3|00|Options:             0x00000002
000304.690|cfg  |3|00|Finished extracting application files (OK)
000322.854|cfg  |3|00|File system is synchronized
000323.062|cfg  |*|00|Prov|Succeeded updating file 3111-46157-002.sip.ld
000323.063|cfg  |*|00|Prov|Image has been changed
000323.085|cfg  |3|00|Prov|Provisioning succeeded
000323.103|app1 |3|00|Application, load: Type=SIP, Version=5.3.0.12074 24-Mar-15 03:06
000323.103|cfg  |*|00|Prov|Finished updating configuration
000323.106|boot |*|00|Using TFFS for flash load
000323.106|boot |*|00|Code length:         0x020760FC
000323.106|boot |*|00|Code checksum:       0x02B7DAEB
000323.339|app1 |4|00|Loaded application sip.ld from local system successfully.
000323.339|app1 |6|00|Uploading boot log, time is Tue Apr 21 20:22:12 2015

000323.596|copy |3|00|'http://PlcmSpIp:****@p.voxter.com/logs/0004f280bec5-boot.log' to 'p.voxter.com(74.114.208.245)'
000323.650|copy |3|00|Upload of 'logs/0004f280bec5-boot.log' succeeded on attempt 1 (addr 1 of 1)
000324.350|dhcpc|3|00|relLease(0) v4: Succeeded to fork dhclient to terminate.
000351.535|cfg  |3|00|Prov|Shutting down
000008.407|so   |*|00|---------- Initial log entry ----------
000008.407|so   |*|00|+++ Note that Updater log times are in GMT +++
000008.407|boot |*|00|Initial log entry. Current logging level 3
000008.407|copy |*|00|Initial log entry. Current logging level 3
000008.408|utilm|*|00|Initial log entry. Current logging level 4
000008.408|hw   |*|00|Initial log entry. Current logging level 4
000008.408|ethf |*|00|Initial log entry. Current logging level 4
000008.408|dns  |*|00|Initial log entry. Current logging level 3
000008.408|curl |*|00|Initial log entry. Current logging level 3
000008.408|sec  |*|00|Initial log entry. Current logging level 4
000008.427|wdog |*|00|Initial log entry. Current logging level 4
000008.427|lldp |*|00|Initial log entry. Current logging level 3
000008.427|cdp  |*|00|Initial log entry. Current logging level 3
000008.428|key  |*|00|Initial log entry. Current logging level 4
000008.428|so   |3|00|SoKeyC::keyboardSetup(): Assigning virtual key: hwId 45 soKeyConcordVirtualTab[i].function 53
000008.451|so   |3|00|Platform: Model=VVX 400, Assembly=3111-46157-002 Rev=A Region=0
000008.451|so   |3|00|Platform: Board=3111-46157-002 1 0
000008.452|so   |3|00|Platform: MAC=0004f280bec5
000008.453|so   |3|00|Platform: BootBlock=3.0.4.0006 (46157-002) 10-Jan-13 19:52
000008.454|so   |*|00|Platform: BootL1=1.0.0.0001 (46157-002) 10-Jan-13 19:27
000008.454|so   |3|00|Application, main: Label=Updater, Version=Fayalite 5.5.0.13251 24-Mar-15 02:46
000008.454|so   |3|00|Application, main: P/N=3150-11069-550
000008.454|log  |*|00|Install file upload callback for 'Updater'

000008.455|app1 |*|00|Initial log entry. Current logging level 3
000008.499|cfg  |*|00|Initial log entry. Current logging level 2
000008.512|app1 |3|00|Application, load: Type=SIP, Version=5.3.0.12074 24-Mar-15 03:06
000009.420|so   |3|00|Link status is Net up Speed 100 full Duplex, PC down.
000008.395|so   |*|00|---------- Initial log entry ----------
000008.395|so   |*|00|+++ Note that Updater log times are in GMT +++
000008.395|boot |*|00|Initial log entry. Current logging level 3
000008.395|copy |*|00|Initial log entry. Current logging level 3
000008.395|utilm|*|00|Initial log entry. Current logging level 4
000008.395|hw   |*|00|Initial log entry. Current logging level 4
000008.395|ethf |*|00|Initial log entry. Current logging level 4
000008.396|dns  |*|00|Initial log entry. Current logging level 3
000008.396|curl |*|00|Initial log entry. Current logging level 3
000008.396|sec  |*|00|Initial log entry. Current logging level 4
000008.415|wdog |*|00|Initial log entry. Current logging level 4
000008.415|lldp |*|00|Initial log entry. Current logging level 3
000008.415|cdp  |*|00|Initial log entry. Current logging level 3
000008.415|key  |*|00|Initial log entry. Current logging level 4
000008.415|so   |3|00|SoKeyC::keyboardSetup(): Assigning virtual key: hwId 45 soKeyConcordVirtualTab[i].function 53
000008.451|so   |3|00|Platform: Model=VVX 400, Assembly=3111-46157-002 Rev=A Region=0
000008.451|so   |3|00|Platform: Board=3111-46157-002 1 0
000008.452|so   |3|00|Platform: MAC=0004f280bec5
000008.453|so   |3|00|Platform: BootBlock=3.0.4.0006 (46157-002) 10-Jan-13 19:52
000008.454|so   |*|00|Platform: BootL1=1.0.0.0001 (46157-002) 10-Jan-13 19:27
000008.454|so   |3|00|Application, main: Label=Updater, Version=Fayalite 5.5.0.13251 24-Mar-15 02:46
000008.454|so   |3|00|Application, main: P/N=3150-11069-550
000008.454|log  |*|00|Install file upload callback for 'Updater'

000008.455|app1 |*|00|Initial log entry. Current logging level 3
000008.498|cfg  |*|00|Initial log entry. Current logging level 2
000008.512|app1 |3|00|Application, load: Type=SIP, Version=5.3.0.12074 24-Mar-15 03:06
000009.409|so   |3|00|Link status is Net up Speed 100 full Duplex, PC down.
