000008.624|so   |*|01|---------- Initial log entry ----------
000008.624|so   |*|01|+++ Note that Updater log times are in GMT +++
000008.624|boot |*|01|Initial log entry. Current logging level 3
000008.624|copy |*|01|Initial log entry. Current logging level 3
000008.625|utilm|*|01|Initial log entry. Current logging level 4
000008.625|hw   |*|01|Initial log entry. Current logging level 4
000008.625|ethf |*|01|Initial log entry. Current logging level 4
000008.625|dns  |*|01|Initial log entry. Current logging level 3
000008.625|curl |*|01|Initial log entry. Current logging level 3
000008.625|sec  |*|01|Initial log entry. Current logging level 4
000008.639|wdog |*|01|Initial log entry. Current logging level 4
000008.639|lldp |*|01|Initial log entry. Current logging level 3
000008.639|cdp  |*|01|Initial log entry. Current logging level 3
000008.639|key  |*|01|Initial log entry. Current logging level 4
000008.671|so   |3|01|Platform: Model=VVX 300, Assembly=3111-46135-002 Rev=A Region=0
000008.672|so   |3|01|Platform: Board=3111-46135-002 1 0
000008.672|so   |3|01|Platform: MAC=0004f28e79e3
000008.673|so   |3|01|Platform: BootBlock=3.0.4.0028 (46135-002) 30-Jan-13 18:00
000008.674|so   |*|01|Platform: BootL1=1.0.0.0009 (46135-002) 11-Jan-13 14:23
000008.674|so   |3|01|Application, main: Label=Updater, Version=Peridot 5.1.4.0844 20-Mar-13 14:16
000008.674|so   |3|01|Application, main: P/N=3150-11069-514
000008.674|so   |5|01|Platform: Both images are incorrect, will use Primary Image.
000008.674|log  |*|01|Install file upload callback for 'Updater'

000008.675|app1 |*|01|Initial log entry. Current logging level 3
000008.690|cfg  |*|01|Initial log entry. Current logging level 2
000009.637|so   |3|01|Link status is Net up Speed 100 full Duplex, PC down.
000008.696|so   |*|01|---------- Initial log entry ----------
000008.696|so   |*|01|+++ Note that Updater log times are in GMT +++
000008.696|boot |*|01|Initial log entry. Current logging level 3
000008.696|copy |*|01|Initial log entry. Current logging level 3
000008.696|utilm|*|01|Initial log entry. Current logging level 4
000008.697|hw   |*|01|Initial log entry. Current logging level 4
000008.697|ethf |*|01|Initial log entry. Current logging level 4
000008.697|dns  |*|01|Initial log entry. Current logging level 3
000008.697|curl |*|01|Initial log entry. Current logging level 3
000008.697|sec  |*|01|Initial log entry. Current logging level 4
000008.711|wdog |*|01|Initial log entry. Current logging level 4
000008.711|lldp |*|01|Initial log entry. Current logging level 3
000008.711|cdp  |*|01|Initial log entry. Current logging level 3
000008.711|key  |*|01|Initial log entry. Current logging level 4
000008.741|so   |3|01|Platform: Model=VVX 300, Assembly=3111-46135-002 Rev=A Region=0
000008.741|so   |3|01|Platform: Board=3111-46135-002 1 0
000008.742|so   |3|01|Platform: MAC=0004f28e79e3
000008.743|so   |3|01|Platform: BootBlock=3.0.4.0028 (46135-002) 30-Jan-13 18:00
000008.744|so   |*|01|Platform: BootL1=1.0.0.0009 (46135-002) 11-Jan-13 14:23
000008.744|so   |3|01|Application, main: Label=Updater, Version=Peridot 5.1.4.0844 20-Mar-13 14:16
000008.744|so   |3|01|Application, main: P/N=3150-11069-514
000008.744|so   |5|01|Platform: Both images are incorrect, will use Primary Image.
000008.744|log  |*|01|Install file upload callback for 'Updater'

000008.745|app1 |*|01|Initial log entry. Current logging level 3
000008.760|cfg  |*|01|Initial log entry. Current logging level 2
000009.704|so   |3|01|Link status is Net up Speed 100 full Duplex, PC down.
000008.088|so   |*|00|---------- Initial log entry ----------
000008.088|so   |*|00|+++ Note that Updater log times are in GMT +++
000008.088|boot |*|00|Initial log entry. Current logging level 3
000008.088|copy |*|00|Initial log entry. Current logging level 3
000008.088|utilm|*|00|Initial log entry. Current logging level 4
000008.089|hw   |*|00|Initial log entry. Current logging level 4
000008.089|ethf |*|00|Initial log entry. Current logging level 4
000008.089|dns  |*|00|Initial log entry. Current logging level 3
000008.089|curl |*|00|Initial log entry. Current logging level 3
000008.089|sec  |*|00|Initial log entry. Current logging level 4
000008.102|wdog |*|00|Initial log entry. Current logging level 4
000008.102|lldp |*|00|Initial log entry. Current logging level 3
000008.102|cdp  |*|00|Initial log entry. Current logging level 3
000008.102|key  |*|00|Initial log entry. Current logging level 4
000008.131|so   |3|00|Platform: Model=VVX 300, Assembly=3111-46135-002 Rev=A Region=0
000008.131|so   |3|00|Platform: Board=3111-46135-002 1 0
000008.132|so   |3|00|Platform: MAC=0004f28e79e3
000008.133|so   |3|00|Platform: BootBlock=3.0.4.0028 (46135-002) 30-Jan-13 18:00
000008.134|so   |*|00|Platform: BootL1=1.0.0.0009 (46135-002) 11-Jan-13 14:23
000008.134|so   |3|00|Application, main: Label=Updater, Version=Peridot 5.1.4.0844 20-Mar-13 14:16
000008.134|so   |3|00|Application, main: P/N=3150-11069-514
000008.134|so   |5|00|Platform: Both images are incorrect, will use Primary Image.
000008.134|log  |*|00|Install file upload callback for 'Updater'

000008.135|app1 |*|00|Initial log entry. Current logging level 3
000008.149|cfg  |*|00|Initial log entry. Current logging level 2
000009.096|so   |3|00|Link status is Net up Speed 100 full Duplex, PC down.
000008.400|so   |*|00|---------- Initial log entry ----------
000008.401|so   |*|00|+++ Note that Updater log times are in GMT +++
000008.401|boot |*|00|Initial log entry. Current logging level 3
000008.401|copy |*|00|Initial log entry. Current logging level 3
000008.401|utilm|*|00|Initial log entry. Current logging level 4
000008.401|hw   |*|00|Initial log entry. Current logging level 4
000008.401|ethf |*|00|Initial log entry. Current logging level 4
000008.401|dns  |*|00|Initial log entry. Current logging level 3
000008.401|curl |*|00|Initial log entry. Current logging level 3
000008.402|sec  |*|00|Initial log entry. Current logging level 4
000008.414|wdog |*|00|Initial log entry. Current logging level 4
000008.415|lldp |*|00|Initial log entry. Current logging level 3
000008.415|cdp  |*|00|Initial log entry. Current logging level 3
000008.415|key  |*|00|Initial log entry. Current logging level 4
000008.441|so   |3|00|Platform: Model=VVX 300, Assembly=3111-46135-002 Rev=A Region=0
000008.441|so   |3|00|Platform: Board=3111-46135-002 1 0
000008.442|so   |3|00|Platform: MAC=0004f28e79e3
000008.443|so   |3|00|Platform: BootBlock=3.0.4.0028 (46135-002) 30-Jan-13 18:00
000008.444|so   |*|00|Platform: BootL1=1.0.0.0009 (46135-002) 11-Jan-13 14:23
000008.444|so   |3|00|Application, main: Label=Updater, Version=Peridot 5.1.4.0844 20-Mar-13 14:16
000008.444|so   |3|00|Application, main: P/N=3150-11069-514
000008.444|so   |5|00|Platform: Both images are incorrect, will use Primary Image.
000008.444|log  |*|00|Install file upload callback for 'Updater'

000008.445|app1 |*|00|Initial log entry. Current logging level 3
000008.459|cfg  |*|00|Initial log entry. Current logging level 2
000009.409|so   |3|00|Link status is Net up Speed 100 full Duplex, PC down.
000008.106|so   |*|00|---------- Initial log entry ----------
000008.106|so   |*|00|+++ Note that Updater log times are in GMT +++
000008.106|boot |*|00|Initial log entry. Current logging level 3
000008.106|copy |*|00|Initial log entry. Current logging level 3
000008.106|utilm|*|00|Initial log entry. Current logging level 4
000008.106|hw   |*|00|Initial log entry. Current logging level 4
000008.106|ethf |*|00|Initial log entry. Current logging level 4
000008.107|dns  |*|00|Initial log entry. Current logging level 3
000008.107|curl |*|00|Initial log entry. Current logging level 3
000008.107|sec  |*|00|Initial log entry. Current logging level 4
000008.119|wdog |*|00|Initial log entry. Current logging level 4
000008.120|lldp |*|00|Initial log entry. Current logging level 3
000008.120|cdp  |*|00|Initial log entry. Current logging level 3
000008.120|key  |*|00|Initial log entry. Current logging level 4
000008.151|so   |3|00|Platform: Model=VVX 300, Assembly=3111-46135-002 Rev=A Region=0
000008.151|so   |3|00|Platform: Board=3111-46135-002 1 0
000008.152|so   |3|00|Platform: MAC=0004f28e79e3
000008.153|so   |3|00|Platform: BootBlock=3.0.4.0028 (46135-002) 30-Jan-13 18:00
000008.154|so   |*|00|Platform: BootL1=1.0.0.0009 (46135-002) 11-Jan-13 14:23
000008.154|so   |3|00|Application, main: Label=Updater, Version=Peridot 5.1.4.0844 20-Mar-13 14:16
000008.154|so   |3|00|Application, main: P/N=3150-11069-514
000008.154|so   |5|00|Platform: Both images are incorrect, will use Primary Image.
000008.154|log  |*|00|Install file upload callback for 'Updater'

000008.155|app1 |*|00|Initial log entry. Current logging level 3
000008.169|cfg  |*|00|Initial log entry. Current logging level 2
000008.173|dot1x|*|00|Initial log entry. Current logging level 3
000008.173|app1 |3|00|Starting provisioning because of the start type.
000008.374|tls  |*|00|Initial log entry. Current logging level 4
000009.114|so   |3|00|Link status is Net up Speed 100 full Duplex, PC down.
000010.960|lldp |3|00|Enabling 802.1Q tagging, VLAN ID = 111 (from LLDP/CDP)
000010.961|lldp |5|00|VLAN Id has changed to 111.
000014.453|lldp |3|00|LLDP received a response from a switch. LLDP enabled.
000014.520|dhcpc|*|00|Initial log entry. Current logging level 4
000019.266|dns  |*|00|DNS resolver servers are '8.8.8.8' '8.8.4.4'
000019.266|dns  |*|00|DNS resolver search domain is ''
000019.267|app1 |3|00|DNS resolver servers are '8.8.8.8' '8.8.4.4'
000019.267|app1 |3|00|DNS resolver search domain is ''
000019.398|dns  |3|00|DNS lookup for (A) 'p.voxter.com'(74.114.208.245) TTL=2726
000019.400|app1 |3|00|DHCP returned result 0x18F from server 10.2.0.2.
000019.400|app1 |3|00|   Phone IP address is 10.2.0.199.
000019.400|app1 |3|00|   Subnet mask is 255.255.255.0.
000019.400|app1 |3|00|   Gateway address is 10.2.0.1.
000019.400|app1 |3|00|   Provisioning server address is http://p.voxter.com/.
000019.400|app1 |3|00|   DNS server is 8.8.8.8.
000019.400|app1 |3|00|   DNS alternate server is 8.8.4.4.
000019.539|dns  |3|00|DNS lookup for (A) 'pool.ntp.org'(206.108.0.132,192.99.15.169,67.230.163.10) TTL=27
0422013828|app1 |3|00|Time has been set from pool.ntp.org (206.108.0.132).
0422013828|app1 |3|00|   1429666708: 2015-4-22, 1:38:28, DST off
0422013828|copy |3|00|'http://PlcmSpIp:****@p.voxter.com/0004f28e79e3.cfg' from 'p.voxter.com(74.114.208.245)'
0422013828|copy |3|00|Download of '0004f28e79e3.cfg' succeeded on attempt 1 (addr 1 of 1)
0422013828|cfg  |*|00|Prov|Starting to update 3111-46135-002.sip.ld
0422013828|copy |3|00|'http://PlcmSpIp:****@p.voxter.com/3111-46135-002.sip.ld' from 'p.voxter.com(74.114.208.245)'
0422013829|cfg  |3|00|New load header information:
0422013829|cfg  |3|00|Code length:         0x027559F0
0422013829|cfg  |3|00|Code Checksum:       0x38A3BFD9
0422013829|cfg  |3|00|Options:             0x00000080
0422013829|cfg  |3|00|Recognized container image
0422013829|cfg  |3|00|New load header information:
0422013829|cfg  |3|00|Code length:         0x020760FC
0422013829|cfg  |3|00|Code Checksum:       0x02B7DAEB
0422013829|cfg  |3|00|Options:             0x00000002
0422013829|cfg  |3|00|Application header is different
0422013829|cfg  |3|00|Application in container image 1 is different
0422013829|cfg  |3|00|New load header information:
0422013829|cfg  |3|00|Code length:         0x006DEFE4
0422013829|cfg  |3|00|Code Checksum:       0x38A32210
0422013829|cfg  |3|00|Options:             0x00000010
0422013829|cfg  |3|00|Updater header is different
0422013829|cfg  |3|00|Updater in container image 2 is different
0422013829|cfg  |3|00|Using Updater
0422014729|cfg  |*|00|Prov|Updating the Updater
0422014729|cfg  |3|00|Using compatible image 0
0422015021|copy |3|00|Download of '3111-46135-002.sip.ld' succeeded on attempt 1 (addr 1 of 1)
0422015021|sig  |*|00|Initial log entry. Current logging level 3
0422015021|sig  |3|00|hwSigParseRemove: found key Sig_3.
0422015022|cfg  |3|00|Good image signature
0422015022|cfg  |4|00|Removing application...
0422015027|cfg  |3|00|Programming Updater from sector 320 to 575
0422015033|cfg  |3|00|Programming to sector 320 complete
0422015035|cfg  |*|00|Prov|Image has been changed
0422015035|cfg  |*|00|Prov|Provisioning needs to reboot to upgrade image(s)
000008.562|so   |*|00|---------- Initial log entry ----------
000008.562|so   |*|00|+++ Note that Updater log times are in GMT +++
000008.562|boot |*|00|Initial log entry. Current logging level 3
000008.562|copy |*|00|Initial log entry. Current logging level 3
000008.562|utilm|*|00|Initial log entry. Current logging level 4
000008.563|hw   |*|00|Initial log entry. Current logging level 4
000008.563|ethf |*|00|Initial log entry. Current logging level 4
000008.563|dns  |*|00|Initial log entry. Current logging level 3
000008.563|curl |*|00|Initial log entry. Current logging level 3
000008.563|sec  |*|00|Initial log entry. Current logging level 4
000008.808|wdog |*|00|Initial log entry. Current logging level 4
000008.808|lldp |*|00|Initial log entry. Current logging level 3
000008.808|cdp  |*|00|Initial log entry. Current logging level 3
000008.808|key  |*|00|Initial log entry. Current logging level 4
000008.808|so   |3|00|SoKeyC::keyboardSetup(): Assigning virtual key: hwId 45 soKeyConcordVirtualTab[i].function 53
000008.841|so   |3|00|Platform: Model=VVX 300, Assembly=3111-46135-002 Rev=A Region=0
000008.841|so   |3|00|Platform: Board=3111-46135-002 1 0
000008.842|so   |3|00|Platform: MAC=0004f28e79e3
000008.843|so   |3|00|Platform: BootBlock=3.0.4.0028 (46135-002) 30-Jan-13 18:00
000008.844|so   |*|00|Platform: BootL1=1.0.0.0009 (46135-002) 11-Jan-13 14:23
000008.844|so   |3|00|Application, main: Label=Updater, Version=Fayalite 5.5.0.13251 24-Mar-15 02:46
000008.844|so   |3|00|Application, main: P/N=3150-11069-550
000008.844|log  |*|00|Install file upload callback for 'Updater'

000008.845|app1 |*|00|Initial log entry. Current logging level 3
000008.857|cfg  |*|00|Initial log entry. Current logging level 2
000008.862|dot1x|*|00|Initial log entry. Current logging level 3
000008.862|app1 |3|00|Starting provisioning because of the start type.
000009.068|tls  |*|00|Initial log entry. Current logging level 4
000009.803|so   |3|00|Link status is Net up Speed 100 full Duplex, PC down.
000011.632|lldp |3|00|Enabling 802.1Q tagging, VLAN ID = 111 (from LLDP/CDP)
000011.632|lldp |5|00|VLAN Id has changed to 111.
000015.159|lldp |3|00|LLDP received a response from a switch. LLDP enabled.
000015.352|dhcpc|*|00|Initial log entry. Current logging level 2
000015.354|dhcpc|3|00|dhcAddIf v4 succeeds: eth0.111.
000015.358|dhcpc|3|00|dhcRebind v4: Will wait until sync rebind completes.
000015.894|dhcpc|3|00|relLease(0) v4: Succeeded to fork dhclient to terminate.
000016.544|dhcpc|3|00|dhcListener: Read succeeds: eth0.111 state: PREINIT
.
000016.545|dhcpc|4|00|DhcpClient::processLine: no callback for state 1 if eth0.111
000017.741|dhcpc|3|00|dhcListener: Read succeeds: eth0.111 ip: 10.2.0.199
.
000017.743|dhcpc|3|00|dhcListener: Read succeeds: eth0.111 option: subnet-mask 255.255.255.0
.
000017.744|dhcpc|3|00|dhcListener: Read succeeds: eth0.111 option: routers 10.2.0.1
.
000017.745|dhcpc|3|00|dhcListener: Read succeeds: eth0.111 option: domain-name-servers 8.8.8.8 8.8.4.4
.
000017.747|dhcpc|3|00|dhcListener: Read succeeds: eth0.111 option: dhcp-lease-time 600
.
000017.748|dhcpc|3|00|dhcListener: Read succeeds: eth0.111 option: tftp-server-name http://p.voxter.com/
.
000017.749|dhcpc|3|00|dhcListener: Read succeeds: eth0.111 option: dhcp-server-identifier 10.2.0.2
.
000017.754|dhcpc|3|00|dhcListener: Read succeeds: eth0.111 option: broadcast-address 10.2.0.255
.
000017.759|dhcpc|3|00|dhcListener: Read succeeds: eth0.111 option: dhcp-lease-time 600
.
000017.760|dhcpc|3|00|dhcListener: Read succeeds: eth0.111 option: dhcp-message-type 5
.
000017.796|dhcpc|3|00|dhcListener: Read succeeds: eth0.111 state: BOUND
.
000017.796|dhcpc|4|00|DhcpClient::processLine: no callback for state 2 if eth0.111
000017.797|dhcpc|3|00|dhcRebind v4: Sync rebind succeeds.
000017.797|dhcpc|3|00|Program eth0.111 to use subnet mask 255.255.255.0, result 0.
000017.798|dhcpc|3|00|Program eth0.111 to use ip address 10.2.0.199, result 0.
000017.798|dhcpc|3|00|Program eth0.111 to use router 10.2.0.1, result 0.
000017.816|dhcpc|3|00|getLease v4: Succeeded to fork dhclient for interface eth0.111.
000018.808|ares |*|00|Initial log entry. Current logging level 3
000018.810|dns  |*|00|DNS resolver servers are '8.8.8.8' '8.8.4.4'
000018.810|dns  |*|00|DNS resolver search domain is ''
000018.810|app1 |3|00|DNS resolver servers are '8.8.8.8' '8.8.4.4'
000018.810|app1 |3|00|DNS resolver search domain is ''
000019.450|ares |4|00|aresDnsLookup: select time-out 1 on A lookup for 'p.voxter.com' after 0 sec
000019.621|app1 |3|00|DHCP returned result 0x18F from server 10.2.0.2.
000019.621|app1 |3|00|   Phone IPv4 address is 10.2.0.199.
000019.621|app1 |3|00|   Subnet mask is 255.255.255.0.
000019.621|app1 |3|00|   Gateway address is 10.2.0.1.
000019.621|app1 |3|00|   Provisioning server address is http://p.voxter.com/.
000019.621|app1 |3|00|   DNS server is 8.8.8.8
000019.621|app1 |3|00|   DNS alternate server is 8.8.4.4.
000019.876|copy |3|00|'http://PlcmSpIp:****@p.voxter.com/0004f28e79e3.cfg' from 'p.voxter.com(74.114.208.245)'
0422015110|app1 |3|00|Time has been set from pool.ntp.org (69.28.67.44).
0422015110|app1 |3|00|   1429667470: 2015-4-22, 1:51:10, DST off
0422015110|copy |3|00|Download of '0004f28e79e3.cfg' succeeded on attempt 1 (addr 1 of 1)
0422015110|cfg  |*|00|Prov|Starting to update 3111-46135-002.sip.ld
0422015110|copy |3|00|'http://PlcmSpIp:****@p.voxter.com/3111-46135-002.sip.ld' from 'p.voxter.com(74.114.208.245)'
0422015111|cfg  |3|00|New load header information:
0422015111|cfg  |3|00|Code length:         0x027559F0
0422015111|cfg  |3|00|Code Checksum:       0x38A3BFD9
0422015111|cfg  |3|00|Options:             0x00000080
0422015111|cfg  |3|00|Recognized container image
0422015111|cfg  |3|00|New load header information:
0422015111|cfg  |3|00|Code length:         0x020760FC
0422015111|cfg  |3|00|Code Checksum:       0x02B7DAEB
0422015111|cfg  |3|00|Options:             0x00000002
0422015111|cfg  |3|00|Could not open application file for checking
0422015111|cfg  |3|00|Application in container image 1 is different
0422015111|cfg  |3|00|New load header information:
0422015111|cfg  |3|00|Code length:         0x006DEFE4
0422015111|cfg  |3|00|Code Checksum:       0x38A32210
0422015111|cfg  |3|00|Options:             0x00000010
0422015111|cfg  |3|00|Updater is already present
0422015111|cfg  |3|00|Updater in container image 2 is not different
0422015111|cfg  |3|00|Using application
0422015111|cfg  |*|00|Prov|Updating the Application
0422015111|cfg  |3|00|Using compatible image 0
0422015526|dhcpc|3|00|dhcListener: Read succeeds: eth0.111 state: RENEW
.
0422015526|dhcpc|4|00|DhcpClient::processLine: no callback for state 6 if eth0.111
0422020001|dhcpc|3|00|dhcListener: Read succeeds: eth0.111 state: RENEW
.
0422020001|dhcpc|4|00|DhcpClient::processLine: no callback for state 6 if eth0.111
0422020216|copy |3|00|buffered_write: transfer terminated
0422020216|copy |3|00|Download of '3111-46135-002.sip.ld' succeeded on attempt 1 (addr 1 of 1)
0422020217|sig  |*|00|Initial log entry. Current logging level 3
0422020217|sig  |3|00|hwSigParseRemove: found key Sig_3.
0422020219|cfg  |3|00|Good image signature
0422020220|cfg  |3|00|Programming 34038588 bytes into tffs in 4K blocks
0422020223|cfg  |3|00|Extracting application files
0422020223|cfg  |3|00|New load header information:
0422020223|cfg  |3|00|Code length:         0x020760FC
0422020223|cfg  |3|00|Code Checksum:       0x02B7DAEB
0422020223|cfg  |3|00|Options:             0x00000002
0422020428|dhcpc|3|00|dhcListener: Read succeeds: eth0.111 state: RENEW
.
0422020428|dhcpc|4|00|DhcpClient::processLine: no callback for state 6 if eth0.111
0422020446|cfg  |3|00|Finished extracting application files (OK)
0422020455|cfg  |3|00|File system is synchronized
0422020455|cfg  |*|00|Prov|Succeeded updating file 3111-46135-002.sip.ld
0422020455|cfg  |*|00|Prov|Image has been changed
0422020455|cfg  |3|00|Prov|Provisioning succeeded
0422020455|app1 |3|00|Application, load: Type=SIP, Version=5.3.0.12074 24-Mar-15 03:06
0422020455|cfg  |*|00|Prov|Finished updating configuration
0422020455|boot |*|00|Using TFFS for flash load
0422020455|boot |*|00|Code length:         0x020760FC
0422020455|boot |*|00|Code checksum:       0x02B7DAEB
0422020455|app1 |4|00|Loaded application sip.ld from local system successfully.
0422020455|app1 |6|00|Uploading boot log, time is Wed Apr 22 02:04:56 2015

0422020456|copy |3|00|'http://PlcmSpIp:****@p.voxter.com/logs/0004f28e79e3-boot.log' to 'p.voxter.com(74.114.208.245)'
0422020457|copy |3|00|Upload of 'logs/0004f28e79e3-boot.log' succeeded on attempt 1 (addr 1 of 1)
0422020457|dhcpc|3|00|relLease(0) v4: Succeeded to fork dhclient to terminate.
0422020514|cfg  |3|00|Prov|Shutting down
