000008.695|so   |*|01|---------- Initial log entry ----------
000008.696|so   |*|01|+++ Note that Updater log times are in GMT +++
000008.696|boot |*|01|Initial log entry. Current logging level 3
000008.696|copy |*|01|Initial log entry. Current logging level 3
000008.696|utilm|*|01|Initial log entry. Current logging level 4
000008.696|hw   |*|01|Initial log entry. Current logging level 4
000008.696|ethf |*|01|Initial log entry. Current logging level 4
000008.696|dns  |*|01|Initial log entry. Current logging level 3
000008.696|curl |*|01|Initial log entry. Current logging level 3
000008.696|sec  |*|01|Initial log entry. Current logging level 4
000008.710|wdog |*|01|Initial log entry. Current logging level 4
000008.710|lldp |*|01|Initial log entry. Current logging level 3
000008.710|cdp  |*|01|Initial log entry. Current logging level 3
000008.710|key  |*|01|Initial log entry. Current logging level 4
000008.741|so   |3|01|Platform: Model=VVX 300, Assembly=3111-46135-002 Rev=A Region=0
000008.741|so   |3|01|Platform: Board=3111-46135-002 1 0
000008.742|so   |3|01|Platform: MAC=0004f28e7873
000008.743|so   |3|01|Platform: BootBlock=3.0.4.0028 (46135-002) 30-Jan-13 18:00
000008.744|so   |*|01|Platform: BootL1=1.0.0.0009 (46135-002) 11-Jan-13 14:23
000008.744|so   |3|01|Application, main: Label=Updater, Version=Peridot 5.1.4.0844 20-Mar-13 14:16
000008.744|so   |3|01|Application, main: P/N=3150-11069-514
000008.744|so   |5|01|Platform: Both images are incorrect, will use Primary Image.
000008.744|log  |*|01|Install file upload callback for 'Updater'

000008.745|app1 |*|01|Initial log entry. Current logging level 3
000008.760|cfg  |*|01|Initial log entry. Current logging level 2
000009.708|so   |3|01|Link status is Net up Speed 100 full Duplex, PC down.
000008.110|so   |*|00|---------- Initial log entry ----------
000008.111|so   |*|00|+++ Note that Updater log times are in GMT +++
000008.111|boot |*|00|Initial log entry. Current logging level 3
000008.111|copy |*|00|Initial log entry. Current logging level 3
000008.111|utilm|*|00|Initial log entry. Current logging level 4
000008.111|hw   |*|00|Initial log entry. Current logging level 4
000008.111|ethf |*|00|Initial log entry. Current logging level 4
000008.111|dns  |*|00|Initial log entry. Current logging level 3
000008.112|curl |*|00|Initial log entry. Current logging level 3
000008.112|sec  |*|00|Initial log entry. Current logging level 4
000008.124|wdog |*|00|Initial log entry. Current logging level 4
000008.125|lldp |*|00|Initial log entry. Current logging level 3
000008.125|cdp  |*|00|Initial log entry. Current logging level 3
000008.125|key  |*|00|Initial log entry. Current logging level 4
000008.151|so   |3|00|Platform: Model=VVX 300, Assembly=3111-46135-002 Rev=A Region=0
000008.151|so   |3|00|Platform: Board=3111-46135-002 1 0
000008.152|so   |3|00|Platform: MAC=0004f28e7873
000008.153|so   |3|00|Platform: BootBlock=3.0.4.0028 (46135-002) 30-Jan-13 18:00
000008.154|so   |*|00|Platform: BootL1=1.0.0.0009 (46135-002) 11-Jan-13 14:23
000008.154|so   |3|00|Application, main: Label=Updater, Version=Peridot 5.1.4.0844 20-Mar-13 14:16
000008.154|so   |3|00|Application, main: P/N=3150-11069-514
000008.154|so   |5|00|Platform: Both images are incorrect, will use Primary Image.
000008.154|log  |*|00|Install file upload callback for 'Updater'

000008.155|app1 |*|00|Initial log entry. Current logging level 3
000008.169|cfg  |*|00|Initial log entry. Current logging level 2
000008.103|so   |*|00|---------- Initial log entry ----------
000008.104|so   |*|00|+++ Note that Updater log times are in GMT +++
000008.104|boot |*|00|Initial log entry. Current logging level 3
000008.104|copy |*|00|Initial log entry. Current logging level 3
000008.104|utilm|*|00|Initial log entry. Current logging level 4
000008.104|hw   |*|00|Initial log entry. Current logging level 4
000008.104|ethf |*|00|Initial log entry. Current logging level 4
000008.104|dns  |*|00|Initial log entry. Current logging level 3
000008.104|curl |*|00|Initial log entry. Current logging level 3
000008.104|sec  |*|00|Initial log entry. Current logging level 4
000008.117|wdog |*|00|Initial log entry. Current logging level 4
000008.117|lldp |*|00|Initial log entry. Current logging level 3
000008.118|cdp  |*|00|Initial log entry. Current logging level 3
000008.118|key  |*|00|Initial log entry. Current logging level 4
000008.142|so   |3|00|Platform: Model=VVX 300, Assembly=3111-46135-002 Rev=A Region=0
000008.142|so   |3|00|Platform: Board=3111-46135-002 1 0
000008.142|so   |3|00|Platform: MAC=0004f28e7873
000008.143|so   |3|00|Platform: BootBlock=3.0.4.0028 (46135-002) 30-Jan-13 18:00
000008.144|so   |*|00|Platform: BootL1=1.0.0.0009 (46135-002) 11-Jan-13 14:23
000008.144|so   |3|00|Application, main: Label=Updater, Version=Peridot 5.1.4.0844 20-Mar-13 14:16
000008.144|so   |3|00|Application, main: P/N=3150-11069-514
000008.144|so   |5|00|Platform: Both images are incorrect, will use Primary Image.
000008.144|log  |*|00|Install file upload callback for 'Updater'

000008.146|app1 |*|00|Initial log entry. Current logging level 3
000008.159|cfg  |*|00|Initial log entry. Current logging level 2
000009.112|so   |3|00|Link status is Net up Speed 100 full Duplex, PC down.
000008.054|so   |*|00|---------- Initial log entry ----------
000008.054|so   |*|00|+++ Note that Updater log times are in GMT +++
000008.054|boot |*|00|Initial log entry. Current logging level 3
000008.054|copy |*|00|Initial log entry. Current logging level 3
000008.054|utilm|*|00|Initial log entry. Current logging level 4
000008.054|hw   |*|00|Initial log entry. Current logging level 4
000008.054|ethf |*|00|Initial log entry. Current logging level 4
000008.055|dns  |*|00|Initial log entry. Current logging level 3
000008.055|curl |*|00|Initial log entry. Current logging level 3
000008.055|sec  |*|00|Initial log entry. Current logging level 4
000008.067|wdog |*|00|Initial log entry. Current logging level 4
000008.068|lldp |*|00|Initial log entry. Current logging level 3
000008.068|cdp  |*|00|Initial log entry. Current logging level 3
000008.068|key  |*|00|Initial log entry. Current logging level 4
000008.091|so   |3|00|Platform: Model=VVX 300, Assembly=3111-46135-002 Rev=A Region=0
000008.092|so   |3|00|Platform: Board=3111-46135-002 1 0
000008.092|so   |3|00|Platform: MAC=0004f28e7873
000008.093|so   |3|00|Platform: BootBlock=3.0.4.0028 (46135-002) 30-Jan-13 18:00
000008.094|so   |*|00|Platform: BootL1=1.0.0.0009 (46135-002) 11-Jan-13 14:23
000008.094|so   |3|00|Application, main: Label=Updater, Version=Peridot 5.1.4.0844 20-Mar-13 14:16
000008.094|so   |3|00|Application, main: P/N=3150-11069-514
000008.094|so   |5|00|Platform: Both images are incorrect, will use Primary Image.
000008.094|log  |*|00|Install file upload callback for 'Updater'

000008.095|app1 |*|00|Initial log entry. Current logging level 3
000008.109|cfg  |*|00|Initial log entry. Current logging level 2
000009.063|so   |3|00|Link status is Net up Speed 100 full Duplex, PC down.
000008.062|so   |*|00|---------- Initial log entry ----------
000008.063|so   |*|00|+++ Note that Updater log times are in GMT +++
000008.063|boot |*|00|Initial log entry. Current logging level 3
000008.063|copy |*|00|Initial log entry. Current logging level 3
000008.063|utilm|*|00|Initial log entry. Current logging level 4
000008.063|hw   |*|00|Initial log entry. Current logging level 4
000008.063|ethf |*|00|Initial log entry. Current logging level 4
000008.063|dns  |*|00|Initial log entry. Current logging level 3
000008.063|curl |*|00|Initial log entry. Current logging level 3
000008.063|sec  |*|00|Initial log entry. Current logging level 4
000008.076|wdog |*|00|Initial log entry. Current logging level 4
000008.076|lldp |*|00|Initial log entry. Current logging level 3
000008.076|cdp  |*|00|Initial log entry. Current logging level 3
000008.076|key  |*|00|Initial log entry. Current logging level 4
000008.101|so   |3|00|Platform: Model=VVX 300, Assembly=3111-46135-002 Rev=A Region=0
000008.101|so   |3|00|Platform: Board=3111-46135-002 1 0
000008.102|so   |3|00|Platform: MAC=0004f28e7873
000008.103|so   |3|00|Platform: BootBlock=3.0.4.0028 (46135-002) 30-Jan-13 18:00
000008.104|so   |*|00|Platform: BootL1=1.0.0.0009 (46135-002) 11-Jan-13 14:23
000008.104|so   |3|00|Application, main: Label=Updater, Version=Peridot 5.1.4.0844 20-Mar-13 14:16
000008.104|so   |3|00|Application, main: P/N=3150-11069-514
000008.104|so   |5|00|Platform: Both images are incorrect, will use Primary Image.
000008.104|log  |*|00|Install file upload callback for 'Updater'

000008.105|app1 |*|00|Initial log entry. Current logging level 3
000008.119|cfg  |*|00|Initial log entry. Current logging level 2
000009.070|so   |3|00|Link status is Net up Speed 100 full Duplex, PC down.
000009.268|so   |*|00|---------- Initial log entry ----------
000009.269|so   |*|00|+++ Note that Updater log times are in GMT +++
000009.269|boot |*|00|Initial log entry. Current logging level 3
000009.269|copy |*|00|Initial log entry. Current logging level 3
000009.269|utilm|*|00|Initial log entry. Current logging level 4
000009.269|hw   |*|00|Initial log entry. Current logging level 4
000009.269|ethf |*|00|Initial log entry. Current logging level 4
000009.269|dns  |*|00|Initial log entry. Current logging level 3
000009.269|curl |*|00|Initial log entry. Current logging level 3
000009.269|sec  |*|00|Initial log entry. Current logging level 4
000009.282|wdog |*|00|Initial log entry. Current logging level 4
000009.282|lldp |*|00|Initial log entry. Current logging level 3
000009.282|cdp  |*|00|Initial log entry. Current logging level 3
000009.283|key  |*|00|Initial log entry. Current logging level 4
000009.311|so   |3|00|Platform: Model=VVX 300, Assembly=3111-46135-002 Rev=A Region=0
000009.312|so   |3|00|Platform: Board=3111-46135-002 1 0
000009.312|so   |3|00|Platform: MAC=0004f28e7873
000009.313|so   |3|00|Platform: BootBlock=3.0.4.0028 (46135-002) 30-Jan-13 18:00
000009.314|so   |*|00|Platform: BootL1=1.0.0.0009 (46135-002) 11-Jan-13 14:23
000009.314|so   |3|00|Application, main: Label=Updater, Version=Peridot 5.1.4.0844 20-Mar-13 14:16
000009.314|so   |3|00|Application, main: P/N=3150-11069-514
000009.314|so   |5|00|Platform: Both images are incorrect, will use Primary Image.
000009.314|log  |*|00|Install file upload callback for 'Updater'

000009.315|app1 |*|00|Initial log entry. Current logging level 3
000009.330|cfg  |*|00|Initial log entry. Current logging level 2
000010.278|so   |3|00|Link status is Net up Speed 100 full Duplex, PC up Speed 100 full Duplex.
000008.049|so   |*|00|---------- Initial log entry ----------
000008.049|so   |*|00|+++ Note that Updater log times are in GMT +++
000008.050|boot |*|00|Initial log entry. Current logging level 3
000008.050|copy |*|00|Initial log entry. Current logging level 3
000008.050|utilm|*|00|Initial log entry. Current logging level 4
000008.050|hw   |*|00|Initial log entry. Current logging level 4
000008.050|ethf |*|00|Initial log entry. Current logging level 4
000008.050|dns  |*|00|Initial log entry. Current logging level 3
000008.051|curl |*|00|Initial log entry. Current logging level 3
000008.051|sec  |*|00|Initial log entry. Current logging level 4
000008.063|wdog |*|00|Initial log entry. Current logging level 4
000008.063|lldp |*|00|Initial log entry. Current logging level 3
000008.063|cdp  |*|00|Initial log entry. Current logging level 3
000008.063|key  |*|00|Initial log entry. Current logging level 4
000008.101|so   |3|00|Platform: Model=VVX 300, Assembly=3111-46135-002 Rev=A Region=0
000008.101|so   |3|00|Platform: Board=3111-46135-002 1 0
000008.102|so   |3|00|Platform: MAC=0004f28e7873
000008.103|so   |3|00|Platform: BootBlock=3.0.4.0028 (46135-002) 30-Jan-13 18:00
000008.104|so   |*|00|Platform: BootL1=1.0.0.0009 (46135-002) 11-Jan-13 14:23
000008.104|so   |3|00|Application, main: Label=Updater, Version=Peridot 5.1.4.0844 20-Mar-13 14:16
000008.104|so   |3|00|Application, main: P/N=3150-11069-514
000008.104|so   |5|00|Platform: Both images are incorrect, will use Primary Image.
000008.104|log  |*|00|Install file upload callback for 'Updater'

000008.105|app1 |*|00|Initial log entry. Current logging level 3
000008.119|cfg  |*|00|Initial log entry. Current logging level 2
000008.123|dot1x|*|00|Initial log entry. Current logging level 3
000008.123|app1 |3|00|Starting provisioning because of the start type.
000008.325|tls  |*|00|Initial log entry. Current logging level 4
000009.058|so   |3|00|Link status is Net up Speed 100 full Duplex, PC up Speed 100 full Duplex.
000011.389|lldp |3|00|Enabling 802.1Q tagging, VLAN ID = 111 (from LLDP/CDP)
000011.389|lldp |5|00|VLAN Id has changed to 111.
000014.423|lldp |3|00|LLDP received a response from a switch. LLDP enabled.
000014.480|dhcpc|*|00|Initial log entry. Current logging level 4
000018.206|dns  |*|00|DNS resolver servers are '8.8.8.8' '8.8.4.4'
000018.206|dns  |*|00|DNS resolver search domain is ''
000018.206|app1 |3|00|DNS resolver servers are '8.8.8.8' '8.8.4.4'
000018.207|app1 |3|00|DNS resolver search domain is ''
000018.331|dns  |3|00|DNS lookup for (A) 'p.voxter.com'(74.114.208.245) TTL=2950
000018.333|app1 |3|00|DHCP returned result 0x18F from server 10.2.0.2.
000018.333|app1 |3|00|   Phone IP address is 10.2.0.230.
000018.333|app1 |3|00|   Subnet mask is 255.255.255.0.
000018.333|app1 |3|00|   Gateway address is 10.2.0.1.
000018.333|app1 |3|00|   Provisioning server address is http://p.voxter.com/.
000018.333|app1 |3|00|   DNS server is 8.8.8.8.
000018.333|app1 |3|00|   DNS alternate server is 8.8.4.4.
000018.465|dns  |3|00|DNS lookup for (A) 'pool.ntp.org'(206.108.0.132,199.167.128.130,104.167.108.120) TTL=107
0422013443|app1 |3|00|Time has been set from pool.ntp.org (206.108.0.132).
0422013443|app1 |3|00|   1429666483: 2015-4-22, 1:34:43, DST off
0422013443|copy |3|00|'http://PlcmSpIp:****@p.voxter.com/0004f28e7873.cfg' from 'p.voxter.com(74.114.208.245)'
0422013443|copy |3|00|Download of '0004f28e7873.cfg' succeeded on attempt 1 (addr 1 of 1)
0422013443|cfg  |*|00|Prov|Starting to update 3111-46135-002.sip.ld
0422013443|copy |3|00|'http://PlcmSpIp:****@p.voxter.com/3111-46135-002.sip.ld' from 'p.voxter.com(74.114.208.245)'
0422013444|cfg  |3|00|New load header information:
0422013444|cfg  |3|00|Code length:         0x027559F0
0422013444|cfg  |3|00|Code Checksum:       0x38A3BFD9
0422013444|cfg  |3|00|Options:             0x00000080
0422013444|cfg  |3|00|Recognized container image
0422013444|cfg  |3|00|New load header information:
0422013444|cfg  |3|00|Code length:         0x020760FC
0422013444|cfg  |3|00|Code Checksum:       0x02B7DAEB
0422013444|cfg  |3|00|Options:             0x00000002
0422013444|cfg  |3|00|Application header is different
0422013444|cfg  |3|00|Application in container image 1 is different
0422013444|cfg  |3|00|New load header information:
0422013444|cfg  |3|00|Code length:         0x006DEFE4
0422013444|cfg  |3|00|Code Checksum:       0x38A32210
0422013444|cfg  |3|00|Options:             0x00000010
0422013444|cfg  |3|00|Updater header is different
0422013444|cfg  |3|00|Updater in container image 2 is different
0422013444|cfg  |3|00|Using Updater
0422013810|cfg  |*|00|Prov|Updating the Updater
0422013810|cfg  |3|00|Using compatible image 0
0422013919|copy |3|00|Download of '3111-46135-002.sip.ld' succeeded on attempt 1 (addr 1 of 1)
0422013919|sig  |*|00|Initial log entry. Current logging level 3
0422013919|sig  |3|00|hwSigParseRemove: found key Sig_3.
0422013920|cfg  |3|00|Good image signature
0422013920|cfg  |4|00|Removing application...
0422013925|cfg  |3|00|Programming Updater from sector 320 to 575
0422013931|cfg  |3|00|Programming to sector 320 complete
0422013934|cfg  |*|00|Prov|Image has been changed
0422013934|cfg  |*|00|Prov|Provisioning needs to reboot to upgrade image(s)
000008.535|so   |*|00|---------- Initial log entry ----------
000008.535|so   |*|00|+++ Note that Updater log times are in GMT +++
000008.535|boot |*|00|Initial log entry. Current logging level 3
000008.535|copy |*|00|Initial log entry. Current logging level 3
000008.536|utilm|*|00|Initial log entry. Current logging level 4
000008.536|hw   |*|00|Initial log entry. Current logging level 4
000008.536|ethf |*|00|Initial log entry. Current logging level 4
000008.536|dns  |*|00|Initial log entry. Current logging level 3
000008.536|curl |*|00|Initial log entry. Current logging level 3
000008.536|sec  |*|00|Initial log entry. Current logging level 4
000008.786|wdog |*|00|Initial log entry. Current logging level 4
000008.787|lldp |*|00|Initial log entry. Current logging level 3
000008.787|cdp  |*|00|Initial log entry. Current logging level 3
000008.787|key  |*|00|Initial log entry. Current logging level 4
000008.787|so   |3|00|SoKeyC::keyboardSetup(): Assigning virtual key: hwId 45 soKeyConcordVirtualTab[i].function 53
000008.811|so   |3|00|Platform: Model=VVX 300, Assembly=3111-46135-002 Rev=A Region=0
000008.811|so   |3|00|Platform: Board=3111-46135-002 1 0
000008.812|so   |3|00|Platform: MAC=0004f28e7873
000008.813|so   |3|00|Platform: BootBlock=3.0.4.0028 (46135-002) 30-Jan-13 18:00
000008.814|so   |*|00|Platform: BootL1=1.0.0.0009 (46135-002) 11-Jan-13 14:23
000008.814|so   |3|00|Application, main: Label=Updater, Version=Fayalite 5.5.0.13251 24-Mar-15 02:46
000008.814|so   |3|00|Application, main: P/N=3150-11069-550
000008.814|log  |*|00|Install file upload callback for 'Updater'

000008.815|app1 |*|00|Initial log entry. Current logging level 3
000008.827|cfg  |*|00|Initial log entry. Current logging level 2
000008.832|dot1x|*|00|Initial log entry. Current logging level 3
000008.832|app1 |3|00|Starting provisioning because of the start type.
000009.037|tls  |*|00|Initial log entry. Current logging level 4
000009.785|so   |3|00|Link status is Net up Speed 100 full Duplex, PC down.
000010.785|so   |3|00|Link status is Net up Speed 100 full Duplex, PC up Speed 100 full Duplex.
000012.032|lldp |3|00|Enabling 802.1Q tagging, VLAN ID = 111 (from LLDP/CDP)
000012.032|lldp |5|00|VLAN Id has changed to 111.
000015.129|lldp |3|00|LLDP received a response from a switch. LLDP enabled.
000015.322|dhcpc|*|00|Initial log entry. Current logging level 2
000015.324|dhcpc|3|00|dhcAddIf v4 succeeds: eth0.111.
000015.329|dhcpc|3|00|dhcRebind v4: Will wait until sync rebind completes.
000015.864|dhcpc|3|00|relLease(0) v4: Succeeded to fork dhclient to terminate.
000016.516|dhcpc|3|00|dhcListener: Read succeeds: eth0.111 state: PREINIT
.
000016.517|dhcpc|4|00|DhcpClient::processLine: no callback for state 1 if eth0.111
000017.731|dhcpc|3|00|dhcListener: Read succeeds: eth0.111 ip: 10.2.0.230
.
000017.732|dhcpc|3|00|dhcListener: Read succeeds: eth0.111 option: subnet-mask 255.255.255.0
.
000017.734|dhcpc|3|00|dhcListener: Read succeeds: eth0.111 option: routers 10.2.0.1
.
000017.736|dhcpc|3|00|dhcListener: Read succeeds: eth0.111 option: domain-name-servers 8.8.8.8 8.8.4.4
.
000017.737|dhcpc|3|00|dhcListener: Read succeeds: eth0.111 option: dhcp-lease-time 600
.
000017.738|dhcpc|3|00|dhcListener: Read succeeds: eth0.111 option: tftp-server-name http://p.voxter.com/
.
000017.740|dhcpc|3|00|dhcListener: Read succeeds: eth0.111 option: dhcp-server-identifier 10.2.0.2
.
000017.745|dhcpc|3|00|dhcListener: Read succeeds: eth0.111 option: broadcast-address 10.2.0.255
.
000017.749|dhcpc|3|00|dhcListener: Read succeeds: eth0.111 option: dhcp-lease-time 600
.
000017.751|dhcpc|3|00|dhcListener: Read succeeds: eth0.111 option: dhcp-message-type 5
.
000017.786|dhcpc|3|00|dhcListener: Read succeeds: eth0.111 state: BOUND
.
000017.787|dhcpc|4|00|DhcpClient::processLine: no callback for state 2 if eth0.111
000017.787|dhcpc|3|00|dhcRebind v4: Sync rebind succeeds.
000017.788|dhcpc|3|00|Program eth0.111 to use subnet mask 255.255.255.0, result 0.
000017.789|dhcpc|3|00|Program eth0.111 to use ip address 10.2.0.230, result 0.
000017.789|dhcpc|3|00|Program eth0.111 to use router 10.2.0.1, result 0.
000017.806|dhcpc|3|00|getLease v4: Succeeded to fork dhclient for interface eth0.111.
000018.798|ares |*|00|Initial log entry. Current logging level 3
000018.799|dns  |*|00|DNS resolver servers are '8.8.8.8' '8.8.4.4'
000018.799|dns  |*|00|DNS resolver search domain is ''
000018.799|app1 |3|00|DNS resolver servers are '8.8.8.8' '8.8.4.4'
000018.800|app1 |3|00|DNS resolver search domain is ''
000018.984|app1 |3|00|DHCP returned result 0x18F from server 10.2.0.2.
000018.984|app1 |3|00|   Phone IPv4 address is 10.2.0.230.
000018.984|app1 |3|00|   Subnet mask is 255.255.255.0.
000018.984|app1 |3|00|   Gateway address is 10.2.0.1.
000018.984|app1 |3|00|   Provisioning server address is http://p.voxter.com/.
000018.984|app1 |3|00|   DNS server is 8.8.8.8
000018.984|app1 |3|00|   DNS alternate server is 8.8.4.4.
0422014008|app1 |3|00|Time has been set from pool.ntp.org (209.118.204.201).
0422014008|app1 |3|00|   1429666808: 2015-4-22, 1:40:8, DST off
0422014008|copy |3|00|'http://PlcmSpIp:****@p.voxter.com/0004f28e7873.cfg' from 'p.voxter.com(74.114.208.245)'
0422014008|copy |3|00|Download of '0004f28e7873.cfg' succeeded on attempt 1 (addr 1 of 1)
0422014008|cfg  |*|00|Prov|Starting to update 3111-46135-002.sip.ld
0422014008|copy |3|00|'http://PlcmSpIp:****@p.voxter.com/3111-46135-002.sip.ld' from 'p.voxter.com(74.114.208.245)'
0422014009|cfg  |3|00|New load header information:
0422014009|cfg  |3|00|Code length:         0x027559F0
0422014009|cfg  |3|00|Code Checksum:       0x38A3BFD9
0422014009|cfg  |3|00|Options:             0x00000080
0422014009|cfg  |3|00|Recognized container image
0422014009|cfg  |3|00|New load header information:
0422014009|cfg  |3|00|Code length:         0x020760FC
0422014009|cfg  |3|00|Code Checksum:       0x02B7DAEB
0422014009|cfg  |3|00|Options:             0x00000002
0422014009|cfg  |3|00|Could not open application file for checking
0422014009|cfg  |3|00|Application in container image 1 is different
0422014009|cfg  |3|00|New load header information:
0422014009|cfg  |3|00|Code length:         0x006DEFE4
0422014009|cfg  |3|00|Code Checksum:       0x38A32210
0422014009|cfg  |3|00|Options:             0x00000010
0422014009|cfg  |3|00|Updater is already present
0422014009|cfg  |3|00|Updater in container image 2 is not different
0422014009|cfg  |3|00|Using application
0422014009|cfg  |*|00|Prov|Updating the Application
0422014009|cfg  |3|00|Using compatible image 0
0422014444|dhcpc|3|00|dhcListener: Read succeeds: eth0.111 state: RENEW
.
0422014444|dhcpc|4|00|DhcpClient::processLine: no callback for state 6 if eth0.111
0422014842|dhcpc|3|00|dhcListener: Read succeeds: eth0.111 state: RENEW
.
0422014842|dhcpc|4|00|DhcpClient::processLine: no callback for state 6 if eth0.111
0422015106|copy |3|00|buffered_write: transfer terminated
0422015106|copy |3|00|Download of '3111-46135-002.sip.ld' succeeded on attempt 1 (addr 1 of 1)
0422015107|sig  |*|00|Initial log entry. Current logging level 3
0422015107|sig  |3|00|hwSigParseRemove: found key Sig_3.
0422015110|cfg  |3|00|Good image signature
0422015111|cfg  |3|00|Programming 34038588 bytes into tffs in 4K blocks
0422015114|cfg  |3|00|Extracting application files
0422015114|cfg  |3|00|New load header information:
0422015114|cfg  |3|00|Code length:         0x020760FC
0422015114|cfg  |3|00|Code Checksum:       0x02B7DAEB
0422015114|cfg  |3|00|Options:             0x00000002
0422015245|dhcpc|3|00|dhcListener: Read succeeds: eth0.111 state: RENEW
.
0422015245|dhcpc|4|00|DhcpClient::processLine: no callback for state 6 if eth0.111
0422015337|cfg  |3|00|Finished extracting application files (OK)
0422015346|cfg  |3|00|File system is synchronized
0422015346|cfg  |*|00|Prov|Succeeded updating file 3111-46135-002.sip.ld
0422015346|cfg  |*|00|Prov|Image has been changed
0422015346|cfg  |3|00|Prov|Provisioning succeeded
0422015346|app1 |3|00|Application, load: Type=SIP, Version=5.3.0.12074 24-Mar-15 03:06
0422015346|cfg  |*|00|Prov|Finished updating configuration
0422015346|boot |*|00|Using TFFS for flash load
0422015346|boot |*|00|Code length:         0x020760FC
0422015346|boot |*|00|Code checksum:       0x02B7DAEB
0422015346|app1 |4|00|Loaded application sip.ld from local system successfully.
0422015346|app1 |6|00|Uploading boot log, time is Wed Apr 22 01:53:47 2015

0422015346|copy |3|00|'http://PlcmSpIp:****@p.voxter.com/logs/0004f28e7873-boot.log' to 'p.voxter.com(74.114.208.245)'
0422015347|copy |3|00|Upload of 'logs/0004f28e7873-boot.log' succeeded on attempt 1 (addr 1 of 1)
0422015348|dhcpc|3|00|relLease(0) v4: Succeeded to fork dhclient to terminate.
0422015407|cfg  |3|00|Prov|Shutting down
