000008.858|so   |*|01|---------- Initial log entry ----------
000008.858|so   |*|01|+++ Note that Updater log times are in GMT +++
000008.858|boot |*|01|Initial log entry. Current logging level 3
000008.858|copy |*|01|Initial log entry. Current logging level 3
000008.858|utilm|*|01|Initial log entry. Current logging level 4
000008.858|hw   |*|01|Initial log entry. Current logging level 4
000008.858|ethf |*|01|Initial log entry. Current logging level 4
000008.859|dns  |*|01|Initial log entry. Current logging level 3
000008.859|curl |*|01|Initial log entry. Current logging level 3
000008.859|sec  |*|01|Initial log entry. Current logging level 4
000008.878|wdog |*|01|Initial log entry. Current logging level 4
000008.878|lldp |*|01|Initial log entry. Current logging level 3
000008.878|cdp  |*|01|Initial log entry. Current logging level 3
000008.878|key  |*|01|Initial log entry. Current logging level 4
000008.901|so   |3|01|Platform: Model=VVX 410, Assembly=3111-46162-001 Rev=A Region=0
000008.901|so   |3|01|Platform: Board=3111-46162-001 2 0
000008.901|so   |3|01|Platform: MAC=0004f289e930
000008.902|so   |3|01|Platform: BootBlock=3.0.4.0146 (46162-001) 10-Jan-13 20:21
000008.903|so   |*|01|Platform: BootL1=1.0.0.0041 (46162-001) 10-Jan-13 20:16
000008.903|so   |3|01|Application, main: Label=Updater, Version=Peridot 5.1.4.0844 20-Mar-13 14:16
000008.903|so   |3|01|Application, main: P/N=3150-11069-514
000008.903|so   |5|01|Platform: Both images are incorrect, will use Primary Image.
000008.904|log  |*|01|Install file upload callback for 'Updater'

000008.905|app1 |*|01|Initial log entry. Current logging level 3
000008.948|cfg  |*|01|Initial log entry. Current logging level 2
000009.871|so   |3|01|Link status is Net up Speed 1000 full Duplex, PC down.
000008.171|so   |*|00|---------- Initial log entry ----------
000008.171|so   |*|00|+++ Note that Updater log times are in GMT +++
000008.172|boot |*|00|Initial log entry. Current logging level 3
000008.172|copy |*|00|Initial log entry. Current logging level 3
000008.172|utilm|*|00|Initial log entry. Current logging level 4
000008.172|hw   |*|00|Initial log entry. Current logging level 4
000008.172|ethf |*|00|Initial log entry. Current logging level 4
000008.172|dns  |*|00|Initial log entry. Current logging level 3
000008.172|curl |*|00|Initial log entry. Current logging level 3
000008.172|sec  |*|00|Initial log entry. Current logging level 4
000008.191|wdog |*|00|Initial log entry. Current logging level 4
000008.191|lldp |*|00|Initial log entry. Current logging level 3
000008.191|cdp  |*|00|Initial log entry. Current logging level 3
000008.191|key  |*|00|Initial log entry. Current logging level 4
000008.221|so   |3|00|Platform: Model=VVX 410, Assembly=3111-46162-001 Rev=A Region=0
000008.221|so   |3|00|Platform: Board=3111-46162-001 2 0
000008.222|so   |3|00|Platform: MAC=0004f289e930
000008.223|so   |3|00|Platform: BootBlock=3.0.4.0146 (46162-001) 10-Jan-13 20:21
000008.224|so   |*|00|Platform: BootL1=1.0.0.0041 (46162-001) 10-Jan-13 20:16
000008.224|so   |3|00|Application, main: Label=Updater, Version=Peridot 5.1.4.0844 20-Mar-13 14:16
000008.224|so   |3|00|Application, main: P/N=3150-11069-514
000008.224|so   |5|00|Platform: Both images are incorrect, will use Primary Image.
000008.224|log  |*|00|Install file upload callback for 'Updater'

000008.225|app1 |*|00|Initial log entry. Current logging level 3
000008.268|cfg  |*|00|Initial log entry. Current logging level 2
000009.180|so   |3|00|Link status is Net up Speed 1000 full Duplex, PC up Speed 10 full Duplex.
000008.215|so   |*|00|---------- Initial log entry ----------
000008.215|so   |*|00|+++ Note that Updater log times are in GMT +++
000008.215|boot |*|00|Initial log entry. Current logging level 3
000008.216|copy |*|00|Initial log entry. Current logging level 3
000008.216|utilm|*|00|Initial log entry. Current logging level 4
000008.216|hw   |*|00|Initial log entry. Current logging level 4
000008.216|ethf |*|00|Initial log entry. Current logging level 4
000008.216|dns  |*|00|Initial log entry. Current logging level 3
000008.216|curl |*|00|Initial log entry. Current logging level 3
000008.216|sec  |*|00|Initial log entry. Current logging level 4
000008.235|wdog |*|00|Initial log entry. Current logging level 4
000008.235|lldp |*|00|Initial log entry. Current logging level 3
000008.236|cdp  |*|00|Initial log entry. Current logging level 3
000008.236|key  |*|00|Initial log entry. Current logging level 4
000008.261|so   |3|00|Platform: Model=VVX 410, Assembly=3111-46162-001 Rev=A Region=0
000008.261|so   |3|00|Platform: Board=3111-46162-001 2 0
000008.262|so   |3|00|Platform: MAC=0004f289e930
000008.263|so   |3|00|Platform: BootBlock=3.0.4.0146 (46162-001) 10-Jan-13 20:21
000008.264|so   |*|00|Platform: BootL1=1.0.0.0041 (46162-001) 10-Jan-13 20:16
000008.264|so   |3|00|Application, main: Label=Updater, Version=Peridot 5.1.4.0844 20-Mar-13 14:16
000008.264|so   |3|00|Application, main: P/N=3150-11069-514
000008.264|so   |5|00|Platform: Both images are incorrect, will use Primary Image.
000008.264|log  |*|00|Install file upload callback for 'Updater'

000008.265|app1 |*|00|Initial log entry. Current logging level 3
000008.310|cfg  |*|00|Initial log entry. Current logging level 2
000009.233|so   |3|00|Link status is Net up Speed 1000 full Duplex, PC up Speed 1000 full Duplex.
000008.176|so   |*|00|---------- Initial log entry ----------
000008.176|so   |*|00|+++ Note that Updater log times are in GMT +++
000008.176|boot |*|00|Initial log entry. Current logging level 3
000008.176|copy |*|00|Initial log entry. Current logging level 3
000008.176|utilm|*|00|Initial log entry. Current logging level 4
000008.177|hw   |*|00|Initial log entry. Current logging level 4
000008.177|ethf |*|00|Initial log entry. Current logging level 4
000008.177|dns  |*|00|Initial log entry. Current logging level 3
000008.177|curl |*|00|Initial log entry. Current logging level 3
000008.177|sec  |*|00|Initial log entry. Current logging level 4
000008.195|wdog |*|00|Initial log entry. Current logging level 4
000008.196|lldp |*|00|Initial log entry. Current logging level 3
000008.196|cdp  |*|00|Initial log entry. Current logging level 3
000008.196|key  |*|00|Initial log entry. Current logging level 4
000008.221|so   |3|00|Platform: Model=VVX 410, Assembly=3111-46162-001 Rev=A Region=0
000008.221|so   |3|00|Platform: Board=3111-46162-001 2 0
000008.222|so   |3|00|Platform: MAC=0004f289e930
000008.223|so   |3|00|Platform: BootBlock=3.0.4.0146 (46162-001) 10-Jan-13 20:21
000008.224|so   |*|00|Platform: BootL1=1.0.0.0041 (46162-001) 10-Jan-13 20:16
000008.224|so   |3|00|Application, main: Label=Updater, Version=Peridot 5.1.4.0844 20-Mar-13 14:16
000008.224|so   |3|00|Application, main: P/N=3150-11069-514
000008.224|so   |5|00|Platform: Both images are incorrect, will use Primary Image.
000008.224|log  |*|00|Install file upload callback for 'Updater'

000008.225|app1 |*|00|Initial log entry. Current logging level 3
000008.269|cfg  |*|00|Initial log entry. Current logging level 2
000009.194|so   |3|00|Link status is Net up Speed 1000 full Duplex, PC up Speed 1000 full Duplex.
000008.159|so   |*|00|---------- Initial log entry ----------
000008.159|so   |*|00|+++ Note that Updater log times are in GMT +++
000008.159|boot |*|00|Initial log entry. Current logging level 3
000008.159|copy |*|00|Initial log entry. Current logging level 3
000008.159|utilm|*|00|Initial log entry. Current logging level 4
000008.160|hw   |*|00|Initial log entry. Current logging level 4
000008.160|ethf |*|00|Initial log entry. Current logging level 4
000008.160|dns  |*|00|Initial log entry. Current logging level 3
000008.160|curl |*|00|Initial log entry. Current logging level 3
000008.160|sec  |*|00|Initial log entry. Current logging level 4
000008.178|wdog |*|00|Initial log entry. Current logging level 4
000008.179|lldp |*|00|Initial log entry. Current logging level 3
000008.179|cdp  |*|00|Initial log entry. Current logging level 3
000008.179|key  |*|00|Initial log entry. Current logging level 4
000008.201|so   |3|00|Platform: Model=VVX 410, Assembly=3111-46162-001 Rev=A Region=0
000008.201|so   |3|00|Platform: Board=3111-46162-001 2 0
000008.202|so   |3|00|Platform: MAC=0004f289e930
000008.203|so   |3|00|Platform: BootBlock=3.0.4.0146 (46162-001) 10-Jan-13 20:21
000008.204|so   |*|00|Platform: BootL1=1.0.0.0041 (46162-001) 10-Jan-13 20:16
000008.204|so   |3|00|Application, main: Label=Updater, Version=Peridot 5.1.4.0844 20-Mar-13 14:16
000008.204|so   |3|00|Application, main: P/N=3150-11069-514
000008.204|so   |5|00|Platform: Both images are incorrect, will use Primary Image.
000008.204|log  |*|00|Install file upload callback for 'Updater'

000008.205|app1 |*|00|Initial log entry. Current logging level 3
000008.248|cfg  |*|00|Initial log entry. Current logging level 2
000009.177|so   |3|00|Link status is Net up Speed 1000 full Duplex, PC up Speed 1000 full Duplex.
