000008.629|so   |*|01|---------- Initial log entry ----------
000008.629|so   |*|01|+++ Note that Updater log times are in GMT +++
000008.629|boot |*|01|Initial log entry. Current logging level 3
000008.630|copy |*|01|Initial log entry. Current logging level 3
000008.630|utilm|*|01|Initial log entry. Current logging level 4
000008.630|hw   |*|01|Initial log entry. Current logging level 4
000008.630|ethf |*|01|Initial log entry. Current logging level 4
000008.630|dns  |*|01|Initial log entry. Current logging level 3
000008.630|curl |*|01|Initial log entry. Current logging level 3
000008.630|sec  |*|01|Initial log entry. Current logging level 4
000008.644|wdog |*|01|Initial log entry. Current logging level 4
000008.644|lldp |*|01|Initial log entry. Current logging level 3
000008.644|cdp  |*|01|Initial log entry. Current logging level 3
000008.644|key  |*|01|Initial log entry. Current logging level 4
000008.672|so   |3|01|Platform: Model=VVX 300, Assembly=3111-46135-002 Rev=A Region=0
000008.672|so   |3|01|Platform: Board=3111-46135-002 1 0
000008.672|so   |3|01|Platform: MAC=0004f28e7841
000008.673|so   |3|01|Platform: BootBlock=3.0.4.0028 (46135-002) 30-Jan-13 18:00
000008.674|so   |*|01|Platform: BootL1=1.0.0.0009 (46135-002) 11-Jan-13 14:23
000008.674|so   |3|01|Application, main: Label=Updater, Version=Peridot 5.1.4.0844 20-Mar-13 14:16
000008.674|so   |3|01|Application, main: P/N=3150-11069-514
000008.674|so   |5|01|Platform: Both images are incorrect, will use Primary Image.
000008.674|log  |*|01|Install file upload callback for 'Updater'

000008.676|app1 |*|01|Initial log entry. Current logging level 3
000008.690|cfg  |*|01|Initial log entry. Current logging level 2
000009.642|so   |3|01|Link status is Net up Speed 100 full Duplex, PC down.
000008.653|so   |*|01|---------- Initial log entry ----------
000008.654|so   |*|01|+++ Note that Updater log times are in GMT +++
000008.654|boot |*|01|Initial log entry. Current logging level 3
000008.654|copy |*|01|Initial log entry. Current logging level 3
000008.654|utilm|*|01|Initial log entry. Current logging level 4
000008.654|hw   |*|01|Initial log entry. Current logging level 4
000008.654|ethf |*|01|Initial log entry. Current logging level 4
000008.654|dns  |*|01|Initial log entry. Current logging level 3
000008.655|curl |*|01|Initial log entry. Current logging level 3
000008.655|sec  |*|01|Initial log entry. Current logging level 4
000008.669|wdog |*|01|Initial log entry. Current logging level 4
000008.670|lldp |*|01|Initial log entry. Current logging level 3
000008.670|cdp  |*|01|Initial log entry. Current logging level 3
000008.670|key  |*|01|Initial log entry. Current logging level 4
000008.712|so   |3|01|Platform: Model=VVX 300, Assembly=3111-46135-002 Rev=A Region=0
000008.712|so   |3|01|Platform: Board=3111-46135-002 1 0
000008.712|so   |3|01|Platform: MAC=0004f28e7841
000008.713|so   |3|01|Platform: BootBlock=3.0.4.0028 (46135-002) 30-Jan-13 18:00
000008.714|so   |*|01|Platform: BootL1=1.0.0.0009 (46135-002) 11-Jan-13 14:23
000008.714|so   |3|01|Application, main: Label=Updater, Version=Peridot 5.1.4.0844 20-Mar-13 14:16
000008.714|so   |3|01|Application, main: P/N=3150-11069-514
000008.714|so   |5|01|Platform: Both images are incorrect, will use Primary Image.
000008.714|log  |*|01|Install file upload callback for 'Updater'

000008.716|app1 |*|01|Initial log entry. Current logging level 3
000008.730|cfg  |*|01|Initial log entry. Current logging level 2
000009.662|so   |3|01|Link status is Net up Speed 100 full Duplex, PC down.
000008.069|so   |*|00|---------- Initial log entry ----------
000008.069|so   |*|00|+++ Note that Updater log times are in GMT +++
000008.070|boot |*|00|Initial log entry. Current logging level 3
000008.070|copy |*|00|Initial log entry. Current logging level 3
000008.070|utilm|*|00|Initial log entry. Current logging level 4
000008.070|hw   |*|00|Initial log entry. Current logging level 4
000008.070|ethf |*|00|Initial log entry. Current logging level 4
000008.070|dns  |*|00|Initial log entry. Current logging level 3
000008.070|curl |*|00|Initial log entry. Current logging level 3
000008.071|sec  |*|00|Initial log entry. Current logging level 4
000008.084|wdog |*|00|Initial log entry. Current logging level 4
000008.084|lldp |*|00|Initial log entry. Current logging level 3
000008.084|cdp  |*|00|Initial log entry. Current logging level 3
000008.084|key  |*|00|Initial log entry. Current logging level 4
000008.111|so   |3|00|Platform: Model=VVX 300, Assembly=3111-46135-002 Rev=A Region=0
000008.111|so   |3|00|Platform: Board=3111-46135-002 1 0
000008.112|so   |3|00|Platform: MAC=0004f28e7841
000008.113|so   |3|00|Platform: BootBlock=3.0.4.0028 (46135-002) 30-Jan-13 18:00
000008.114|so   |*|00|Platform: BootL1=1.0.0.0009 (46135-002) 11-Jan-13 14:23
000008.114|so   |3|00|Application, main: Label=Updater, Version=Peridot 5.1.4.0844 20-Mar-13 14:16
000008.114|so   |3|00|Application, main: P/N=3150-11069-514
000008.114|so   |5|00|Platform: Both images are incorrect, will use Primary Image.
000008.114|log  |*|00|Install file upload callback for 'Updater'

000008.115|app1 |*|00|Initial log entry. Current logging level 3
000008.129|cfg  |*|00|Initial log entry. Current logging level 2
000009.077|so   |3|00|Link status is Net up Speed 100 full Duplex, PC down.
000008.109|so   |*|00|---------- Initial log entry ----------
000008.109|so   |*|00|+++ Note that Updater log times are in GMT +++
000008.109|boot |*|00|Initial log entry. Current logging level 3
000008.109|copy |*|00|Initial log entry. Current logging level 3
000008.109|utilm|*|00|Initial log entry. Current logging level 4
000008.109|hw   |*|00|Initial log entry. Current logging level 4
000008.109|ethf |*|00|Initial log entry. Current logging level 4
000008.110|dns  |*|00|Initial log entry. Current logging level 3
000008.110|curl |*|00|Initial log entry. Current logging level 3
000008.110|sec  |*|00|Initial log entry. Current logging level 4
000008.123|wdog |*|00|Initial log entry. Current logging level 4
000008.123|lldp |*|00|Initial log entry. Current logging level 3
000008.123|cdp  |*|00|Initial log entry. Current logging level 3
000008.123|key  |*|00|Initial log entry. Current logging level 4
000008.151|so   |3|00|Platform: Model=VVX 300, Assembly=3111-46135-002 Rev=A Region=0
000008.151|so   |3|00|Platform: Board=3111-46135-002 1 0
000008.152|so   |3|00|Platform: MAC=0004f28e7841
000008.153|so   |3|00|Platform: BootBlock=3.0.4.0028 (46135-002) 30-Jan-13 18:00
000008.154|so   |*|00|Platform: BootL1=1.0.0.0009 (46135-002) 11-Jan-13 14:23
000008.154|so   |3|00|Application, main: Label=Updater, Version=Peridot 5.1.4.0844 20-Mar-13 14:16
000008.154|so   |3|00|Application, main: P/N=3150-11069-514
000008.154|so   |5|00|Platform: Both images are incorrect, will use Primary Image.
000008.154|log  |*|00|Install file upload callback for 'Updater'

000008.155|app1 |*|00|Initial log entry. Current logging level 3
000008.169|cfg  |*|00|Initial log entry. Current logging level 2
000009.118|so   |3|00|Link status is Net up Speed 100 full Duplex, PC down.
000008.135|so   |*|00|---------- Initial log entry ----------
000008.135|so   |*|00|+++ Note that Updater log times are in GMT +++
000008.135|boot |*|00|Initial log entry. Current logging level 3
000008.135|copy |*|00|Initial log entry. Current logging level 3
000008.135|utilm|*|00|Initial log entry. Current logging level 4
000008.136|hw   |*|00|Initial log entry. Current logging level 4
000008.136|ethf |*|00|Initial log entry. Current logging level 4
000008.136|dns  |*|00|Initial log entry. Current logging level 3
000008.136|curl |*|00|Initial log entry. Current logging level 3
000008.136|sec  |*|00|Initial log entry. Current logging level 4
000008.150|wdog |*|00|Initial log entry. Current logging level 4
000008.150|lldp |*|00|Initial log entry. Current logging level 3
000008.150|cdp  |*|00|Initial log entry. Current logging level 3
000008.150|key  |*|00|Initial log entry. Current logging level 4
000008.181|so   |3|00|Platform: Model=VVX 300, Assembly=3111-46135-002 Rev=A Region=0
000008.181|so   |3|00|Platform: Board=3111-46135-002 1 0
000008.182|so   |3|00|Platform: MAC=0004f28e7841
000008.183|so   |3|00|Platform: BootBlock=3.0.4.0028 (46135-002) 30-Jan-13 18:00
000008.184|so   |*|00|Platform: BootL1=1.0.0.0009 (46135-002) 11-Jan-13 14:23
000008.184|so   |3|00|Application, main: Label=Updater, Version=Peridot 5.1.4.0844 20-Mar-13 14:16
000008.184|so   |3|00|Application, main: P/N=3150-11069-514
000008.184|so   |5|00|Platform: Both images are incorrect, will use Primary Image.
000008.184|log  |*|00|Install file upload callback for 'Updater'

000008.185|app1 |*|00|Initial log entry. Current logging level 3
000008.199|cfg  |*|00|Initial log entry. Current logging level 2
000009.144|so   |3|00|Link status is Net up Speed 100 full Duplex, PC down.
000008.049|so   |*|00|---------- Initial log entry ----------
000008.049|so   |*|00|+++ Note that Updater log times are in GMT +++
000008.049|boot |*|00|Initial log entry. Current logging level 3
000008.049|copy |*|00|Initial log entry. Current logging level 3
000008.049|utilm|*|00|Initial log entry. Current logging level 4
000008.049|hw   |*|00|Initial log entry. Current logging level 4
000008.049|ethf |*|00|Initial log entry. Current logging level 4
000008.049|dns  |*|00|Initial log entry. Current logging level 3
000008.050|curl |*|00|Initial log entry. Current logging level 3
000008.050|sec  |*|00|Initial log entry. Current logging level 4
000008.063|wdog |*|00|Initial log entry. Current logging level 4
000008.063|lldp |*|00|Initial log entry. Current logging level 3
000008.063|cdp  |*|00|Initial log entry. Current logging level 3
000008.063|key  |*|00|Initial log entry. Current logging level 4
000008.091|so   |3|00|Platform: Model=VVX 300, Assembly=3111-46135-002 Rev=A Region=0
000008.091|so   |3|00|Platform: Board=3111-46135-002 1 0
000008.092|so   |3|00|Platform: MAC=0004f28e7841
000008.093|so   |3|00|Platform: BootBlock=3.0.4.0028 (46135-002) 30-Jan-13 18:00
000008.094|so   |*|00|Platform: BootL1=1.0.0.0009 (46135-002) 11-Jan-13 14:23
000008.094|so   |3|00|Application, main: Label=Updater, Version=Peridot 5.1.4.0844 20-Mar-13 14:16
000008.094|so   |3|00|Application, main: P/N=3150-11069-514
000008.094|so   |5|00|Platform: Both images are incorrect, will use Primary Image.
000008.094|log  |*|00|Install file upload callback for 'Updater'

000008.095|app1 |*|00|Initial log entry. Current logging level 3
000008.109|cfg  |*|00|Initial log entry. Current logging level 2
000008.113|dot1x|*|00|Initial log entry. Current logging level 3
000008.113|app1 |3|00|Starting provisioning because of the start type.
000008.313|tls  |*|00|Initial log entry. Current logging level 4
000009.058|so   |3|00|Link status is Net up Speed 100 full Duplex, PC down.
000010.969|lldp |3|00|Enabling 802.1Q tagging, VLAN ID = 111 (from LLDP/CDP)
000010.969|lldp |5|00|VLAN Id has changed to 111.
000014.393|lldp |3|00|LLDP received a response from a switch. LLDP enabled.
000014.450|dhcpc|*|00|Initial log entry. Current logging level 4
000020.186|dns  |*|00|DNS resolver servers are '8.8.8.8' '8.8.4.4'
000020.186|dns  |*|00|DNS resolver search domain is ''
000020.186|app1 |3|00|DNS resolver servers are '8.8.8.8' '8.8.4.4'
000020.186|app1 |3|00|DNS resolver search domain is ''
000020.334|dns  |3|00|DNS lookup for (A) 'p.voxter.com'(74.114.208.245) TTL=2018
000020.335|app1 |3|00|DHCP returned result 0x18F from server 10.2.0.2.
000020.335|app1 |3|00|   Phone IP address is 10.2.0.201.
000020.335|app1 |3|00|   Subnet mask is 255.255.255.0.
000020.335|app1 |3|00|   Gateway address is 10.2.0.1.
000020.336|app1 |3|00|   Provisioning server address is http://p.voxter.com/.
000020.336|app1 |3|00|   DNS server is 8.8.8.8.
000020.336|app1 |3|00|   DNS alternate server is 8.8.4.4.
000020.478|dns  |3|00|DNS lookup for (A) 'pool.ntp.org'(206.108.0.132,192.99.15.169,142.137.247.109) TTL=52
0422014227|app1 |3|00|Time has been set from pool.ntp.org (206.108.0.132).
0422014227|app1 |3|00|   1429666947: 2015-4-22, 1:42:27, DST off
0422014227|copy |3|00|'http://PlcmSpIp:****@p.voxter.com/0004f28e7841.cfg' from 'p.voxter.com(74.114.208.245)'
0422014227|copy |3|00|Download of '0004f28e7841.cfg' succeeded on attempt 1 (addr 1 of 1)
0422014227|cfg  |*|00|Prov|Starting to update 3111-46135-002.sip.ld
0422014227|copy |3|00|'http://PlcmSpIp:****@p.voxter.com/3111-46135-002.sip.ld' from 'p.voxter.com(74.114.208.245)'
0422014228|cfg  |3|00|New load header information:
0422014228|cfg  |3|00|Code length:         0x027559F0
0422014228|cfg  |3|00|Code Checksum:       0x38A3BFD9
0422014228|cfg  |3|00|Options:             0x00000080
0422014228|cfg  |3|00|Recognized container image
0422014228|cfg  |3|00|New load header information:
0422014228|cfg  |3|00|Code length:         0x020760FC
0422014228|cfg  |3|00|Code Checksum:       0x02B7DAEB
0422014228|cfg  |3|00|Options:             0x00000002
0422014228|cfg  |3|00|Application header is different
0422014228|cfg  |3|00|Application in container image 1 is different
0422014228|cfg  |3|00|New load header information:
0422014228|cfg  |3|00|Code length:         0x006DEFE4
0422014228|cfg  |3|00|Code Checksum:       0x38A32210
0422014228|cfg  |3|00|Options:             0x00000010
0422014228|cfg  |3|00|Updater header is different
0422014228|cfg  |3|00|Updater in container image 2 is different
0422014228|cfg  |3|00|Using Updater
0422015523|cfg  |*|00|Prov|Updating the Updater
0422015523|cfg  |3|00|Using compatible image 0
0422015738|copy |3|00|Download of '3111-46135-002.sip.ld' succeeded on attempt 1 (addr 1 of 1)
0422015738|sig  |*|00|Initial log entry. Current logging level 3
0422015738|sig  |3|00|hwSigParseRemove: found key Sig_3.
0422015739|cfg  |3|00|Good image signature
0422015739|cfg  |4|00|Removing application...
0422015744|cfg  |3|00|Programming Updater from sector 320 to 575
0422015750|cfg  |3|00|Programming to sector 320 complete
0422015752|cfg  |*|00|Prov|Image has been changed
0422015752|cfg  |*|00|Prov|Provisioning needs to reboot to upgrade image(s)
000008.577|so   |*|00|---------- Initial log entry ----------
000008.577|so   |*|00|+++ Note that Updater log times are in GMT +++
000008.577|boot |*|00|Initial log entry. Current logging level 3
000008.577|copy |*|00|Initial log entry. Current logging level 3
000008.577|utilm|*|00|Initial log entry. Current logging level 4
000008.577|hw   |*|00|Initial log entry. Current logging level 4
000008.577|ethf |*|00|Initial log entry. Current logging level 4
000008.578|dns  |*|00|Initial log entry. Current logging level 3
000008.578|curl |*|00|Initial log entry. Current logging level 3
000008.578|sec  |*|00|Initial log entry. Current logging level 4
000008.829|wdog |*|00|Initial log entry. Current logging level 4
000008.829|lldp |*|00|Initial log entry. Current logging level 3
000008.829|cdp  |*|00|Initial log entry. Current logging level 3
000008.829|key  |*|00|Initial log entry. Current logging level 4
000008.829|so   |3|00|SoKeyC::keyboardSetup(): Assigning virtual key: hwId 45 soKeyConcordVirtualTab[i].function 53
000008.861|so   |3|00|Platform: Model=VVX 300, Assembly=3111-46135-002 Rev=A Region=0
000008.861|so   |3|00|Platform: Board=3111-46135-002 1 0
000008.862|so   |3|00|Platform: MAC=0004f28e7841
000008.863|so   |3|00|Platform: BootBlock=3.0.4.0028 (46135-002) 30-Jan-13 18:00
000008.864|so   |*|00|Platform: BootL1=1.0.0.0009 (46135-002) 11-Jan-13 14:23
000008.864|so   |3|00|Application, main: Label=Updater, Version=Fayalite 5.5.0.13251 24-Mar-15 02:46
000008.864|so   |3|00|Application, main: P/N=3150-11069-550
000008.864|log  |*|00|Install file upload callback for 'Updater'

000008.865|app1 |*|00|Initial log entry. Current logging level 3
000008.877|cfg  |*|00|Initial log entry. Current logging level 2
000008.882|dot1x|*|00|Initial log entry. Current logging level 3
000008.882|app1 |3|00|Starting provisioning because of the start type.
000009.087|tls  |*|00|Initial log entry. Current logging level 4
000009.825|so   |3|00|Link status is Net up Speed 100 full Duplex, PC down.
000011.946|lldp |3|00|Enabling 802.1Q tagging, VLAN ID = 111 (from LLDP/CDP)
000011.946|lldp |5|00|VLAN Id has changed to 111.
000015.179|lldp |3|00|LLDP received a response from a switch. LLDP enabled.
000015.380|dhcpc|*|00|Initial log entry. Current logging level 2
000015.381|dhcpc|3|00|dhcAddIf v4 succeeds: eth0.111.
000015.386|dhcpc|3|00|dhcRebind v4: Will wait until sync rebind completes.
000015.921|dhcpc|3|00|relLease(0) v4: Succeeded to fork dhclient to terminate.
000016.583|dhcpc|3|00|dhcListener: Read succeeds: eth0.111 state: PREINIT
.
000016.584|dhcpc|4|00|DhcpClient::processLine: no callback for state 1 if eth0.111
000017.801|dhcpc|3|00|dhcListener: Read succeeds: eth0.111 ip: 10.2.0.201
.
000017.802|dhcpc|3|00|dhcListener: Read succeeds: eth0.111 option: subnet-mask 255.255.255.0
.
000017.804|dhcpc|3|00|dhcListener: Read succeeds: eth0.111 option: routers 10.2.0.1
.
000017.805|dhcpc|3|00|dhcListener: Read succeeds: eth0.111 option: domain-name-servers 8.8.8.8 8.8.4.4
.
000017.807|dhcpc|3|00|dhcListener: Read succeeds: eth0.111 option: dhcp-lease-time 600
.
000017.808|dhcpc|3|00|dhcListener: Read succeeds: eth0.111 option: tftp-server-name http://p.voxter.com/
.
000017.809|dhcpc|3|00|dhcListener: Read succeeds: eth0.111 option: dhcp-server-identifier 10.2.0.2
.
000017.815|dhcpc|3|00|dhcListener: Read succeeds: eth0.111 option: broadcast-address 10.2.0.255
.
000017.819|dhcpc|3|00|dhcListener: Read succeeds: eth0.111 option: dhcp-lease-time 600
.
000017.821|dhcpc|3|00|dhcListener: Read succeeds: eth0.111 option: dhcp-message-type 5
.
000017.857|dhcpc|3|00|dhcListener: Read succeeds: eth0.111 state: BOUND
.
000017.858|dhcpc|4|00|DhcpClient::processLine: no callback for state 2 if eth0.111
000017.858|dhcpc|3|00|dhcRebind v4: Sync rebind succeeds.
000017.859|dhcpc|3|00|Program eth0.111 to use subnet mask 255.255.255.0, result 0.
000017.860|dhcpc|3|00|Program eth0.111 to use ip address 10.2.0.201, result 0.
000017.860|dhcpc|3|00|Program eth0.111 to use router 10.2.0.1, result 0.
000017.877|dhcpc|3|00|getLease v4: Succeeded to fork dhclient for interface eth0.111.
000018.869|ares |*|00|Initial log entry. Current logging level 3
000018.871|dns  |*|00|DNS resolver servers are '8.8.8.8' '8.8.4.4'
000018.871|dns  |*|00|DNS resolver search domain is ''
000018.871|app1 |3|00|DNS resolver servers are '8.8.8.8' '8.8.4.4'
000018.871|app1 |3|00|DNS resolver search domain is ''
000019.039|app1 |3|00|DHCP returned result 0x18F from server 10.2.0.2.
000019.039|app1 |3|00|   Phone IPv4 address is 10.2.0.201.
000019.039|app1 |3|00|   Subnet mask is 255.255.255.0.
000019.039|app1 |3|00|   Gateway address is 10.2.0.1.
000019.039|app1 |3|00|   Provisioning server address is http://p.voxter.com/.
000019.039|app1 |3|00|   DNS server is 8.8.8.8
000019.039|app1 |3|00|   DNS alternate server is 8.8.4.4.
0422015827|app1 |3|00|Time has been set from pool.ntp.org (208.79.218.140).
0422015827|app1 |3|00|   1429667907: 2015-4-22, 1:58:27, DST off
0422015827|copy |3|00|'http://PlcmSpIp:****@p.voxter.com/0004f28e7841.cfg' from 'p.voxter.com(74.114.208.245)'
0422015828|copy |3|00|Download of '0004f28e7841.cfg' succeeded on attempt 1 (addr 1 of 1)
0422015828|cfg  |*|00|Prov|Starting to update 3111-46135-002.sip.ld
0422015828|copy |3|00|'http://PlcmSpIp:****@p.voxter.com/3111-46135-002.sip.ld' from 'p.voxter.com(74.114.208.245)'
0422015828|cfg  |3|00|New load header information:
0422015828|cfg  |3|00|Code length:         0x027559F0
0422015828|cfg  |3|00|Code Checksum:       0x38A3BFD9
0422015828|cfg  |3|00|Options:             0x00000080
0422015828|cfg  |3|00|Recognized container image
0422015828|cfg  |3|00|New load header information:
0422015828|cfg  |3|00|Code length:         0x020760FC
0422015828|cfg  |3|00|Code Checksum:       0x02B7DAEB
0422015828|cfg  |3|00|Options:             0x00000002
0422015828|cfg  |3|00|Could not open application file for checking
0422015828|cfg  |3|00|Application in container image 1 is different
0422015828|cfg  |3|00|New load header information:
0422015828|cfg  |3|00|Code length:         0x006DEFE4
0422015828|cfg  |3|00|Code Checksum:       0x38A32210
0422015828|cfg  |3|00|Options:             0x00000010
0422015828|cfg  |3|00|Updater is already present
0422015828|cfg  |3|00|Updater in container image 2 is not different
0422015828|cfg  |3|00|Using application
0422015829|cfg  |*|00|Prov|Updating the Application
0422015829|cfg  |3|00|Using compatible image 0
0422020259|dhcpc|3|00|dhcListener: Read succeeds: eth0.111 state: RENEW
.
0422020259|dhcpc|4|00|DhcpClient::processLine: no callback for state 6 if eth0.111
0422020714|copy |3|00|buffered_write: transfer terminated
0422020714|copy |3|00|Download of '3111-46135-002.sip.ld' succeeded on attempt 1 (addr 1 of 1)
0422020715|sig  |*|00|Initial log entry. Current logging level 3
0422020715|sig  |3|00|hwSigParseRemove: found key Sig_3.
0422020717|cfg  |3|00|Good image signature
0422020718|cfg  |3|00|Programming 34038588 bytes into tffs in 4K blocks
0422020721|cfg  |3|00|Extracting application files
0422020721|cfg  |3|00|New load header information:
0422020721|cfg  |3|00|Code length:         0x020760FC
0422020721|cfg  |3|00|Code Checksum:       0x02B7DAEB
0422020721|cfg  |3|00|Options:             0x00000002
0422020802|dhcpc|3|00|dhcListener: Read succeeds: eth0.111 state: RENEW
.
0422020802|dhcpc|4|00|DhcpClient::processLine: no callback for state 6 if eth0.111
0422020950|cfg  |3|00|Finished extracting application files (OK)
0422020955|cfg  |3|00|File system is synchronized
0422020956|cfg  |*|00|Prov|Succeeded updating file 3111-46135-002.sip.ld
0422020956|cfg  |*|00|Prov|Image has been changed
0422020956|cfg  |3|00|Prov|Provisioning succeeded
0422020956|app1 |3|00|Application, load: Type=SIP, Version=5.3.0.12074 24-Mar-15 03:06
0422020956|cfg  |*|00|Prov|Finished updating configuration
0422020956|boot |*|00|Using TFFS for flash load
0422020956|boot |*|00|Code length:         0x020760FC
0422020956|boot |*|00|Code checksum:       0x02B7DAEB
0422020956|app1 |4|00|Loaded application sip.ld from local system successfully.
0422020956|app1 |6|00|Uploading boot log, time is Wed Apr 22 02:09:56 2015

0422020956|copy |3|00|'http://PlcmSpIp:****@p.voxter.com/logs/0004f28e7841-boot.log' to 'p.voxter.com(74.114.208.245)'
0422020956|copy |3|00|Upload of 'logs/0004f28e7841-boot.log' succeeded on attempt 1 (addr 1 of 1)
0422020957|dhcpc|3|00|relLease(0) v4: Succeeded to fork dhclient to terminate.
0422021012|cfg  |3|00|Prov|Shutting down
