000009.128|so   |*|01|---------- Initial log entry ----------
000009.128|so   |*|01|+++ Note that Updater log times are in GMT +++
000009.129|boot |*|01|Initial log entry. Current logging level 3
000009.129|copy |*|01|Initial log entry. Current logging level 3
000009.129|utilm|*|01|Initial log entry. Current logging level 4
000009.129|hw   |*|01|Initial log entry. Current logging level 4
000009.129|ethf |*|01|Initial log entry. Current logging level 4
000009.129|dns  |*|01|Initial log entry. Current logging level 3
000009.129|curl |*|01|Initial log entry. Current logging level 3
000009.129|sec  |*|01|Initial log entry. Current logging level 4
000009.138|wdog |*|01|Initial log entry. Current logging level 4
000009.138|lldp |*|01|Initial log entry. Current logging level 3
000009.138|cdp  |*|01|Initial log entry. Current logging level 3
000009.138|key  |*|01|Initial log entry. Current logging level 4
000009.261|hw   |6|01|TouchScreen: found lds700x_ts on /dev/event1, firmware version: 0x4438.34
000009.262|so   |3|01|Platform: Model=VVX 500, Assembly=3111-44500-001 Rev=A Region=0
000009.262|so   |3|01|Platform: Board=3111-44500-001 7 0
000009.262|so   |3|01|Platform: MAC=0004f28f31b2
000009.263|so   |3|01|Platform: BootBlock=3.0.4.0033 (44500-001) 11-Jul-12 12:30
000009.264|so   |*|01|Platform: BootL1=1.0.0.0018 (44500-001) 06-Oct-11 17:01
000009.264|so   |3|01|Application, main: Label=Updater, Version=Azurite 5.0.8.1205 07-Feb-15 10:16
000009.264|so   |3|01|Application, main: P/N=3150-11069-508
000009.264|log  |*|01|Install file upload callback for 'Updater'

000009.265|app1 |*|01|Initial log entry. Current logging level 3
000009.293|cfg  |*|01|Initial log entry. Current logging level 2
000009.294|app1 |3|01|Application image is not present.
000009.304|dot1x|*|01|Initial log entry. Current logging level 3
000009.547|tls  |*|01|Initial log entry. Current logging level 4
000010.135|so   |3|01|Link status is Net up Speed 1000 full Duplex, PC down.
000012.036|lldp |3|01|Enabling 802.1Q tagging, VLAN ID = 200 (from LLDP/CDP)
000012.036|lldp |5|01|VLAN Id has changed to 200.
000015.615|lldp |3|01|LLDP received a response from a switch. LLDP enabled.
000015.670|dhcpc|*|01|Initial log entry. Current logging level 4
000018.704|dns  |*|01|DNS resolver servers are '8.8.8.8' '8.8.4.4'
000018.704|dns  |*|01|DNS resolver search domain is ''
000018.704|app1 |3|01|DNS resolver servers are '8.8.8.8' '8.8.4.4'
000018.704|app1 |3|01|DNS resolver search domain is ''
000018.724|dns  |3|01|DNS lookup for (A) 'p.voxter.com'(74.114.208.245) TTL=20190
000018.725|app1 |3|01|DHCP returned result 0x1AF from server 10.2.0.1.
000018.725|app1 |3|01|   Phone IP address is 10.2.0.231.
000018.725|app1 |3|01|   Subnet mask is 255.255.255.0.
000018.725|app1 |3|01|   Gateway address is 10.2.0.1.
000018.725|app1 |3|01|   Provisioning server address is https://p.voxter.com.
000018.725|app1 |3|01|   Time server is 199.19.167.36.
000018.725|app1 |3|01|   DNS server is 8.8.8.8.
000018.725|app1 |3|01|   DNS alternate server is 8.8.4.4.
0414013554|app1 |3|01|Time has been set from 199.19.167.36 (199.19.167.36).
0414013554|app1 |3|01|   1428975354: 2015-4-14, 1:35:54, DST off
0414013554|dns  |3|01|DNS lookup for (A) 'p.voxter.com'(74.114.208.245) TTL=19214
0414013554|copy |3|01|'https://PlcmSpIp:****@p.voxter.com/0004f28f31b2.cfg' from 'p.voxter.com(74.114.208.245)'
0414013554|copy |3|01|Download of '0004f28f31b2.cfg' FAILED on attempt 1 (addr 1 of 1)
0414013554|copy |4|01|SSL_connect error SSL connect error.error:1408F10B:SSL routines:SSL3_GET_RECORD:wrong version number
0414013554|copy |3|01|Making further download attempts for '0004f28f31b2.cfg'
0414013555|copy |3|01|'https://PlcmSpIp:****@p.voxter.com/0004f28f31b2.cfg' from 'p.voxter.com(74.114.208.245)'
0414013555|copy |3|01|Download of '0004f28f31b2.cfg' FAILED on attempt 2 (addr 1 of 1)
0414013555|copy |4|01|SSL_connect error SSL connect error.error:1408F10B:SSL routines:SSL3_GET_RECORD:wrong version number
0414013555|copy |3|01|Making further download attempts for '0004f28f31b2.cfg'
0414013556|copy |3|01|'https://PlcmSpIp:****@p.voxter.com/0004f28f31b2.cfg' from 'p.voxter.com(74.114.208.245)'
0414013556|copy |3|01|Download of '0004f28f31b2.cfg' FAILED on attempt 3 (addr 1 of 1)
0414013556|copy |4|01|SSL_connect error SSL connect error.error:1408F10B:SSL routines:SSL3_GET_RECORD:wrong version number
0414013556|copy |3|01|Update of '/ffs0/newinit.mac' failed, leaving local copy intact
0414013556|copy |3|01|'https://PlcmSpIp:****@p.voxter.com/000000000000.cfg' from 'p.voxter.com(74.114.208.245)'
0414013556|copy |3|01|Download of '000000000000.cfg' FAILED on attempt 1 (addr 1 of 1)
0414013556|copy |4|01|SSL_connect error SSL connect error.error:1408F10B:SSL routines:SSL3_GET_RECORD:wrong version number
0414013556|copy |3|01|Making further download attempts for '000000000000.cfg'
0414013557|copy |3|01|'https://PlcmSpIp:****@p.voxter.com/000000000000.cfg' from 'p.voxter.com(74.114.208.245)'
0414013557|copy |3|01|Download of '000000000000.cfg' FAILED on attempt 2 (addr 1 of 1)
0414013557|copy |4|01|SSL_connect error SSL connect error.error:1408F10B:SSL routines:SSL3_GET_RECORD:wrong version number
0414013557|copy |3|01|Making further download attempts for '000000000000.cfg'
0414013558|copy |3|01|'https://PlcmSpIp:****@p.voxter.com/000000000000.cfg' from 'p.voxter.com(74.114.208.245)'
0414013558|copy |3|01|Download of '000000000000.cfg' FAILED on attempt 3 (addr 1 of 1)
0414013558|copy |4|01|SSL_connect error SSL connect error.error:1408F10B:SSL routines:SSL3_GET_RECORD:wrong version number
0414013558|copy |3|01|Update of '/ffs0/newinit.mac' failed, leaving local copy intact
0414013558|cfg  |4|01|Prov|Download of master configuration file failed
0414013558|cfg  |4|01|Prov|Trying to boot from existing configuration
0414013558|cfg  |4|01|Prov|Provisioning failed
0414013558|cfg  |*|01|Prov|Finished updating configuration
0414013603|app1 |6|01|Error application is not present.
0414013603|app1 |6|01|Uploading boot log, time is Tue Apr 14 01:36:03 2015

0414013603|copy |3|01|'https://PlcmSpIp:****@p.voxter.com/0004f28f31b2-boot.log' to 'p.voxter.com(74.114.208.245)'
0414013603|copy |3|01|Upload of '0004f28f31b2-boot.log' FAILED on attempt 1 (addr 1 of 1)
0414013603|copy |4|01|SSL_connect error SSL connect error.error:1408F10B:SSL routines:SSL3_GET_RECORD:wrong version number
0414013603|copy |3|01|Making further upload attempts for '0004f28f31b2-boot.log'
0414013604|copy |3|01|'https://PlcmSpIp:****@p.voxter.com/0004f28f31b2-boot.log' to 'p.voxter.com(74.114.208.245)'
0414013604|copy |3|01|Upload of '0004f28f31b2-boot.log' FAILED on attempt 2 (addr 1 of 1)
0414013604|copy |4|01|SSL_connect error SSL connect error.error:1408F10B:SSL routines:SSL3_GET_RECORD:wrong version number
0414013604|copy |3|01|Making further upload attempts for '0004f28f31b2-boot.log'
0414013605|copy |3|01|'https://PlcmSpIp:****@p.voxter.com/0004f28f31b2-boot.log' to 'p.voxter.com(74.114.208.245)'
0414013605|copy |3|01|Upload of '0004f28f31b2-boot.log' FAILED on attempt 3 (addr 1 of 1)
0414013605|copy |4|01|SSL_connect error SSL connect error.error:1408F10B:SSL routines:SSL3_GET_RECORD:wrong version number
0414013605|log  |4|01|UtilLogC::uploadFifoLog: upload error. protocol 0 result = -1
0414013610|app1 |5|01|Unknown provisioning state 44.
0414013610|app1 |3|01|Event: Multiple Key Combo 1
0414013610|app1 |6|01|Manual Reboot
0414013613|wdog |*|01|Watchdog Expired: tApp1, 14
000009.019|so   |*|01|---------- Initial log entry ----------
000009.019|so   |*|01|+++ Note that Updater log times are in GMT +++
000009.019|boot |*|01|Initial log entry. Current logging level 3
000009.019|copy |*|01|Initial log entry. Current logging level 3
000009.019|utilm|*|01|Initial log entry. Current logging level 4
000009.020|hw   |*|01|Initial log entry. Current logging level 4
000009.020|ethf |*|01|Initial log entry. Current logging level 4
000009.020|dns  |*|01|Initial log entry. Current logging level 3
000009.020|curl |*|01|Initial log entry. Current logging level 3
000009.020|sec  |*|01|Initial log entry. Current logging level 4
000009.029|wdog |*|01|Initial log entry. Current logging level 4
000009.030|lldp |*|01|Initial log entry. Current logging level 3
000009.030|cdp  |*|01|Initial log entry. Current logging level 3
000009.030|key  |*|01|Initial log entry. Current logging level 4
000009.221|hw   |6|01|TouchScreen: found lds700x_ts on /dev/event1, firmware version: 0x4438.34
000009.222|so   |3|01|Platform: Model=VVX 500, Assembly=3111-44500-001 Rev=A Region=0
000009.222|so   |3|01|Platform: Board=3111-44500-001 7 0
000009.222|so   |3|01|Platform: MAC=0004f28f31b2
000009.223|so   |3|01|Platform: BootBlock=3.0.4.0033 (44500-001) 11-Jul-12 12:30
000009.224|so   |*|01|Platform: BootL1=1.0.0.0018 (44500-001) 06-Oct-11 17:01
000009.224|so   |3|01|Application, main: Label=Updater, Version=Azurite 5.0.8.1205 07-Feb-15 10:16
000009.224|so   |3|01|Application, main: P/N=3150-11069-508
000009.224|log  |*|01|Install file upload callback for 'Updater'

000009.225|app1 |*|01|Initial log entry. Current logging level 3
000009.253|cfg  |*|01|Initial log entry. Current logging level 2
000009.254|app1 |3|01|Application image is not present.
000009.264|dot1x|*|01|Initial log entry. Current logging level 3
000009.394|tls  |*|01|Initial log entry. Current logging level 4
000010.030|so   |3|01|Link status is Net up Speed 1000 full Duplex, PC down.
000012.165|lldp |3|01|Enabling 802.1Q tagging, VLAN ID = 200 (from LLDP/CDP)
000012.165|lldp |5|01|VLAN Id has changed to 200.
000015.466|lldp |3|01|LLDP received a response from a switch. LLDP enabled.
000015.520|dhcpc|*|01|Initial log entry. Current logging level 4
000019.104|dns  |*|01|DNS resolver servers are '8.8.8.8' '8.8.4.4'
000019.104|dns  |*|01|DNS resolver search domain is ''
000019.104|app1 |3|01|DNS resolver servers are '8.8.8.8' '8.8.4.4'
000019.104|app1 |3|01|DNS resolver search domain is ''
000019.124|dns  |3|01|DNS lookup for (A) 'p.voxter.com'(74.114.208.245) TTL=19122
000019.125|app1 |3|01|DHCP returned result 0x1AF from server 10.2.0.1.
000019.125|app1 |3|01|   Phone IP address is 10.2.0.231.
000019.125|app1 |3|01|   Subnet mask is 255.255.255.0.
000019.125|app1 |3|01|   Gateway address is 10.2.0.1.
000019.125|app1 |3|01|   Provisioning server address is https://p.voxter.com.
000019.125|app1 |3|01|   Time server is 199.19.167.36.
000019.125|app1 |3|01|   DNS server is 8.8.8.8.
000019.125|app1 |3|01|   DNS alternate server is 8.8.4.4.
0414013646|app1 |3|01|Time has been set from 199.19.167.36 (199.19.167.36).
0414013646|app1 |3|01|   1428975406: 2015-4-14, 1:36:46, DST off
0414013855|app1 |6|01|Uploading boot log, time is Tue Apr 14 01:38:56 2015

0414013855|copy |3|01|'https://PlcmSpIp:****@p.voxter.com/0004f28f31b2-boot.log' to 'p.voxter.com(74.114.208.245)'
0414013856|copy |3|01|Upload of '0004f28f31b2-boot.log' FAILED on attempt 1 (addr 1 of 1)
0414013856|copy |4|01|SSL_connect error SSL connect error.error:1408F10B:SSL routines:SSL3_GET_RECORD:wrong version number
0414013856|log  |4|01|UtilLogC::uploadFifoLog: upload error. protocol 0 result = -1
0414013856|app1 |3|01|Event: Multiple Key Combo 1
0414013856|app1 |6|01|Manual Reboot
0414013856|app1 |4|01|Unexpected Event: State:19, AppStateReboot, Event: 4, AppEvLclKeyMKC
0414013859|wdog |*|01|Watchdog Expired: tApp1, 14
000009.007|so   |*|01|---------- Initial log entry ----------
000009.007|so   |*|01|+++ Note that Updater log times are in GMT +++
000009.007|boot |*|01|Initial log entry. Current logging level 3
000009.007|copy |*|01|Initial log entry. Current logging level 3
000009.007|utilm|*|01|Initial log entry. Current logging level 4
000009.007|hw   |*|01|Initial log entry. Current logging level 4
000009.007|ethf |*|01|Initial log entry. Current logging level 4
000009.007|dns  |*|01|Initial log entry. Current logging level 3
000009.007|curl |*|01|Initial log entry. Current logging level 3
000009.007|sec  |*|01|Initial log entry. Current logging level 4
000009.017|wdog |*|01|Initial log entry. Current logging level 4
000009.017|lldp |*|01|Initial log entry. Current logging level 3
000009.017|cdp  |*|01|Initial log entry. Current logging level 3
000009.017|key  |*|01|Initial log entry. Current logging level 4
000009.151|hw   |6|01|TouchScreen: found lds700x_ts on /dev/event1, firmware version: 0x4438.34
000009.152|so   |3|01|Platform: Model=VVX 500, Assembly=3111-44500-001 Rev=A Region=0
000009.152|so   |3|01|Platform: Board=3111-44500-001 7 0
000009.152|so   |3|01|Platform: MAC=0004f28f31b2
000009.153|so   |3|01|Platform: BootBlock=3.0.4.0033 (44500-001) 11-Jul-12 12:30
000009.154|so   |*|01|Platform: BootL1=1.0.0.0018 (44500-001) 06-Oct-11 17:01
000009.154|so   |3|01|Application, main: Label=Updater, Version=Azurite 5.0.8.1205 07-Feb-15 10:16
000009.154|so   |3|01|Application, main: P/N=3150-11069-508
000009.154|log  |*|01|Install file upload callback for 'Updater'

000009.155|app1 |*|01|Initial log entry. Current logging level 3
000009.183|cfg  |*|01|Initial log entry. Current logging level 2
000009.184|app1 |3|01|Application image is not present.
000009.194|dot1x|*|01|Initial log entry. Current logging level 3
000009.326|tls  |*|01|Initial log entry. Current logging level 4
000010.011|so   |3|01|Link status is Net up Speed 1000 full Duplex, PC down.
000012.400|lldp |3|01|Enabling 802.1Q tagging, VLAN ID = 200 (from LLDP/CDP)
000012.400|lldp |5|01|VLAN Id has changed to 200.
000015.395|lldp |3|01|LLDP received a response from a switch. LLDP enabled.
000015.470|dhcpc|*|01|Initial log entry. Current logging level 4
000017.844|dns  |*|01|DNS resolver servers are '8.8.8.8' '8.8.4.4'
000017.844|dns  |*|01|DNS resolver search domain is ''
000017.844|app1 |3|01|DNS resolver servers are '8.8.8.8' '8.8.4.4'
000017.844|app1 |3|01|DNS resolver search domain is ''
000017.864|dns  |3|01|DNS lookup for (A) 'p.voxter.com'(74.114.208.245) TTL=18999
000017.865|app1 |3|01|DHCP returned result 0x1AF from server 10.2.0.1.
000017.865|app1 |3|01|   Phone IP address is 10.2.0.231.
000017.865|app1 |3|01|   Subnet mask is 255.255.255.0.
000017.865|app1 |3|01|   Gateway address is 10.2.0.1.
000017.865|app1 |3|01|   Provisioning server address is https://p.voxter.com.
000017.865|app1 |3|01|   Time server is 199.19.167.36.
000017.865|app1 |3|01|   DNS server is 8.8.8.8.
000017.865|app1 |3|01|   DNS alternate server is 8.8.4.4.
0414013929|app1 |3|01|Time has been set from 199.19.167.36 (199.19.167.36).
0414013929|app1 |3|01|   1428975569: 2015-4-14, 1:39:29, DST off
0414013929|copy |3|01|'https://PlcmSpIp:****@p.voxter.com/0004f28f31b2.cfg' from 'p.voxter.com(74.114.208.245)'
0414013929|copy |3|01|Download of '0004f28f31b2.cfg' FAILED on attempt 1 (addr 1 of 1)
0414013929|copy |4|01|SSL_connect error SSL connect error.error:1408F10B:SSL routines:SSL3_GET_RECORD:wrong version number
0414013929|copy |3|01|Making further download attempts for '0004f28f31b2.cfg'
0414013930|copy |3|01|'https://PlcmSpIp:****@p.voxter.com/0004f28f31b2.cfg' from 'p.voxter.com(74.114.208.245)'
0414013930|copy |3|01|Download of '0004f28f31b2.cfg' FAILED on attempt 2 (addr 1 of 1)
0414013930|copy |4|01|SSL_connect error SSL connect error.error:1408F10B:SSL routines:SSL3_GET_RECORD:wrong version number
0414013930|copy |3|01|Making further download attempts for '0004f28f31b2.cfg'
0414013931|copy |3|01|'https://PlcmSpIp:****@p.voxter.com/0004f28f31b2.cfg' from 'p.voxter.com(74.114.208.245)'
0414013931|copy |3|01|Download of '0004f28f31b2.cfg' FAILED on attempt 3 (addr 1 of 1)
0414013931|copy |4|01|SSL_connect error SSL connect error.error:1408F10B:SSL routines:SSL3_GET_RECORD:wrong version number
0414013931|copy |3|01|Update of '/ffs0/newinit.mac' failed, leaving local copy intact
0414013931|copy |3|01|'https://PlcmSpIp:****@p.voxter.com/000000000000.cfg' from 'p.voxter.com(74.114.208.245)'
0414013931|copy |3|01|Download of '000000000000.cfg' FAILED on attempt 1 (addr 1 of 1)
0414013931|copy |4|01|SSL_connect error SSL connect error.error:1408F10B:SSL routines:SSL3_GET_RECORD:wrong version number
0414013931|copy |3|01|Making further download attempts for '000000000000.cfg'
0414013932|copy |3|01|'https://PlcmSpIp:****@p.voxter.com/000000000000.cfg' from 'p.voxter.com(74.114.208.245)'
0414013932|copy |3|01|Download of '000000000000.cfg' FAILED on attempt 2 (addr 1 of 1)
0414013932|copy |4|01|SSL_connect error SSL connect error.error:1408F10B:SSL routines:SSL3_GET_RECORD:wrong version number
0414013932|copy |3|01|Making further download attempts for '000000000000.cfg'
0414013933|copy |3|01|'https://PlcmSpIp:****@p.voxter.com/000000000000.cfg' from 'p.voxter.com(74.114.208.245)'
0414013933|copy |3|01|Download of '000000000000.cfg' FAILED on attempt 3 (addr 1 of 1)
0414013933|copy |4|01|SSL_connect error SSL connect error.error:1408F10B:SSL routines:SSL3_GET_RECORD:wrong version number
0414013933|copy |3|01|Update of '/ffs0/newinit.mac' failed, leaving local copy intact
0414013933|cfg  |4|01|Prov|Download of master configuration file failed
0414013933|cfg  |4|01|Prov|Trying to boot from existing configuration
0414013933|cfg  |4|01|Prov|Provisioning failed
0414013933|cfg  |*|01|Prov|Finished updating configuration
0414013938|app1 |6|01|Error application is not present.
0414013938|app1 |6|01|Uploading boot log, time is Tue Apr 14 01:39:38 2015

0414013938|copy |3|01|'https://PlcmSpIp:****@p.voxter.com/0004f28f31b2-boot.log' to 'p.voxter.com(74.114.208.245)'
0414013938|copy |3|01|Upload of '0004f28f31b2-boot.log' FAILED on attempt 1 (addr 1 of 1)
0414013938|copy |4|01|SSL_connect error SSL connect error.error:1408F10B:SSL routines:SSL3_GET_RECORD:wrong version number
0414013938|copy |3|01|Making further upload attempts for '0004f28f31b2-boot.log'
0414013939|copy |3|01|'https://PlcmSpIp:****@p.voxter.com/0004f28f31b2-boot.log' to 'p.voxter.com(74.114.208.245)'
0414013939|copy |3|01|Upload of '0004f28f31b2-boot.log' FAILED on attempt 2 (addr 1 of 1)
0414013939|copy |4|01|SSL_connect error SSL connect error.error:1408F10B:SSL routines:SSL3_GET_RECORD:wrong version number
0414013939|copy |3|01|Making further upload attempts for '0004f28f31b2-boot.log'
0414013940|copy |3|01|'https://PlcmSpIp:****@p.voxter.com/0004f28f31b2-boot.log' to 'p.voxter.com(74.114.208.245)'
0414013940|copy |3|01|Upload of '0004f28f31b2-boot.log' FAILED on attempt 3 (addr 1 of 1)
0414013940|copy |4|01|SSL_connect error SSL connect error.error:1408F10B:SSL routines:SSL3_GET_RECORD:wrong version number
0414013940|log  |4|01|UtilLogC::uploadFifoLog: upload error. protocol 0 result = -1
0414013945|app1 |5|01|Unknown provisioning state 44.
0414013945|app1 |3|01|Event: Multiple Key Combo 1
0414013945|app1 |6|01|Manual Reboot
0414013948|wdog |*|01|Watchdog Expired: tApp1, 14
000009.005|so   |*|01|---------- Initial log entry ----------
000009.005|so   |*|01|+++ Note that Updater log times are in GMT +++
000009.005|boot |*|01|Initial log entry. Current logging level 3
000009.005|copy |*|01|Initial log entry. Current logging level 3
000009.005|utilm|*|01|Initial log entry. Current logging level 4
000009.005|hw   |*|01|Initial log entry. Current logging level 4
000009.005|ethf |*|01|Initial log entry. Current logging level 4
000009.005|dns  |*|01|Initial log entry. Current logging level 3
000009.005|curl |*|01|Initial log entry. Current logging level 3
000009.005|sec  |*|01|Initial log entry. Current logging level 4
000009.015|wdog |*|01|Initial log entry. Current logging level 4
000009.015|lldp |*|01|Initial log entry. Current logging level 3
000009.015|cdp  |*|01|Initial log entry. Current logging level 3
000009.015|key  |*|01|Initial log entry. Current logging level 4
000009.151|hw   |6|01|TouchScreen: found lds700x_ts on /dev/event1, firmware version: 0x4438.34
000009.152|so   |3|01|Platform: Model=VVX 500, Assembly=3111-44500-001 Rev=A Region=0
000009.152|so   |3|01|Platform: Board=3111-44500-001 7 0
000009.152|so   |3|01|Platform: MAC=0004f28f31b2
000009.153|so   |3|01|Platform: BootBlock=3.0.4.0033 (44500-001) 11-Jul-12 12:30
000009.154|so   |*|01|Platform: BootL1=1.0.0.0018 (44500-001) 06-Oct-11 17:01
000009.154|so   |3|01|Application, main: Label=Updater, Version=Azurite 5.0.8.1205 07-Feb-15 10:16
000009.154|so   |3|01|Application, main: P/N=3150-11069-508
000009.154|log  |*|01|Install file upload callback for 'Updater'

000009.154|app1 |*|01|Initial log entry. Current logging level 3
000009.183|cfg  |*|01|Initial log entry. Current logging level 2
000009.184|app1 |3|01|Application image is not present.
000009.194|dot1x|*|01|Initial log entry. Current logging level 3
000009.325|tls  |*|01|Initial log entry. Current logging level 4
000010.009|so   |3|01|Link status is Net up Speed 1000 full Duplex, PC down.
000011.652|lldp |3|01|Enabling 802.1Q tagging, VLAN ID = 200 (from LLDP/CDP)
000011.652|lldp |5|01|VLAN Id has changed to 200.
000015.396|lldp |3|01|LLDP received a response from a switch. LLDP enabled.
000015.450|dhcpc|*|01|Initial log entry. Current logging level 4
000021.154|dns  |*|01|DNS resolver servers are '8.8.8.8' '8.8.4.4'
000021.154|dns  |*|01|DNS resolver search domain is ''
000021.154|app1 |3|01|DNS resolver servers are '8.8.8.8' '8.8.4.4'
000021.154|app1 |3|01|DNS resolver search domain is ''
000021.182|dns  |3|01|DNS lookup for (A) 'p.voxter.com'(74.114.208.245) TTL=17963
000021.183|app1 |3|01|DHCP returned result 0x1AF from server 10.2.0.1.
000021.183|app1 |3|01|   Phone IP address is 10.2.0.231.
000021.183|app1 |3|01|   Subnet mask is 255.255.255.0.
000021.183|app1 |3|01|   Gateway address is 10.2.0.1.
000021.183|app1 |3|01|   Provisioning server address is https://p.voxter.com.
000021.183|app1 |3|01|   Time server is 199.19.167.36.
000021.183|app1 |3|01|   DNS server is 8.8.8.8.
000021.183|app1 |3|01|   DNS alternate server is 8.8.4.4.
0414014023|app1 |3|01|Time has been set from 199.19.167.36 (199.19.167.36).
0414014023|app1 |3|01|   1428975623: 2015-4-14, 1:40:23, DST off
0414014032|app1 |6|01|Uploading boot log, time is Tue Apr 14 01:40:33 2015

0414014032|copy |3|01|'https://PlcmSpIp:****@p.voxter.com/0004f28f31b2-boot.log' to 'p.voxter.com(74.114.208.245)'
0414014032|copy |3|01|Upload of '0004f28f31b2-boot.log' FAILED on attempt 1 (addr 1 of 1)
0414014032|copy |4|01|SSL_connect error SSL connect error.error:1408F10B:SSL routines:SSL3_GET_RECORD:wrong version number
0414014032|log  |4|01|UtilLogC::uploadFifoLog: upload error. protocol 0 result = -1
0414014032|app1 |3|01|Event: Multiple Key Combo 1
0414014032|app1 |6|01|Manual Reboot
0414014032|app1 |4|01|Unexpected Event: State:19, AppStateReboot, Event: 4, AppEvLclKeyMKC
0414014035|wdog |*|01|Watchdog Expired: tApp1, 14
000009.007|so   |*|01|---------- Initial log entry ----------
000009.007|so   |*|01|+++ Note that Updater log times are in GMT +++
000009.007|boot |*|01|Initial log entry. Current logging level 3
000009.008|copy |*|01|Initial log entry. Current logging level 3
000009.008|utilm|*|01|Initial log entry. Current logging level 4
000009.008|hw   |*|01|Initial log entry. Current logging level 4
000009.008|ethf |*|01|Initial log entry. Current logging level 4
000009.008|dns  |*|01|Initial log entry. Current logging level 3
000009.008|curl |*|01|Initial log entry. Current logging level 3
000009.008|sec  |*|01|Initial log entry. Current logging level 4
000009.017|wdog |*|01|Initial log entry. Current logging level 4
000009.017|lldp |*|01|Initial log entry. Current logging level 3
000009.018|cdp  |*|01|Initial log entry. Current logging level 3
000009.018|key  |*|01|Initial log entry. Current logging level 4
000009.141|hw   |6|01|TouchScreen: found lds700x_ts on /dev/event1, firmware version: 0x4438.34
000009.142|so   |3|01|Platform: Model=VVX 500, Assembly=3111-44500-001 Rev=A Region=0
000009.142|so   |3|01|Platform: Board=3111-44500-001 7 0
000009.142|so   |3|01|Platform: MAC=0004f28f31b2
000009.143|so   |3|01|Platform: BootBlock=3.0.4.0033 (44500-001) 11-Jul-12 12:30
000009.144|so   |*|01|Platform: BootL1=1.0.0.0018 (44500-001) 06-Oct-11 17:01
000009.144|so   |3|01|Application, main: Label=Updater, Version=Azurite 5.0.8.1205 07-Feb-15 10:16
000009.144|so   |3|01|Application, main: P/N=3150-11069-508
000009.144|log  |*|01|Install file upload callback for 'Updater'

000009.145|app1 |*|01|Initial log entry. Current logging level 3
000009.173|cfg  |*|01|Initial log entry. Current logging level 2
000009.174|app1 |3|01|Application image is not present.
000009.184|dot1x|*|01|Initial log entry. Current logging level 3
000009.316|tls  |*|01|Initial log entry. Current logging level 4
000010.012|so   |3|01|Link status is Net up Speed 1000 full Duplex, PC down.
000011.908|lldp |3|01|Enabling 802.1Q tagging, VLAN ID = 200 (from LLDP/CDP)
000011.908|lldp |5|01|VLAN Id has changed to 200.
000015.385|lldp |3|01|LLDP received a response from a switch. LLDP enabled.
000015.440|dhcpc|*|01|Initial log entry. Current logging level 4
000017.824|dns  |*|01|DNS resolver servers are '8.8.8.8' '8.8.4.4'
000017.824|dns  |*|01|DNS resolver search domain is ''
000017.824|app1 |3|01|DNS resolver servers are '8.8.8.8' '8.8.4.4'
000017.824|app1 |3|01|DNS resolver search domain is ''
000017.843|dns  |3|01|DNS lookup for (A) 'p.voxter.com'(74.114.208.245) TTL=17920
000017.844|app1 |3|01|DHCP returned result 0x1A7 from server 10.2.0.1.
000017.844|app1 |3|01|   Phone IP address is 10.2.0.231.
000017.845|app1 |3|01|   Subnet mask is 255.255.255.0.
000017.845|app1 |3|01|   Gateway address is 10.2.0.1.
000017.845|app1 |3|01|   Time server is 199.19.167.36.
000017.845|app1 |3|01|   DNS server is 8.8.8.8.
000017.845|app1 |3|01|   DNS alternate server is 8.8.4.4.
0414014106|app1 |3|01|Time has been set from 199.19.167.36 (199.19.167.36).
0414014106|app1 |3|01|   1428975666: 2015-4-14, 1:41:6, DST off
0414014106|copy |3|01|'https://PlcmSpIp:****@p.voxter.com/0004f28f31b2.cfg' from 'p.voxter.com(74.114.208.245)'
0414014106|copy |3|01|Download of '0004f28f31b2.cfg' FAILED on attempt 1 (addr 1 of 1)
0414014106|copy |4|01|SSL_connect error SSL connect error.error:1408F10B:SSL routines:SSL3_GET_RECORD:wrong version number
0414014106|copy |3|01|Making further download attempts for '0004f28f31b2.cfg'
0414014107|copy |3|01|'https://PlcmSpIp:****@p.voxter.com/0004f28f31b2.cfg' from 'p.voxter.com(74.114.208.245)'
0414014107|copy |3|01|Download of '0004f28f31b2.cfg' FAILED on attempt 2 (addr 1 of 1)
0414014107|copy |4|01|SSL_connect error SSL connect error.error:1408F10B:SSL routines:SSL3_GET_RECORD:wrong version number
0414014107|copy |3|01|Making further download attempts for '0004f28f31b2.cfg'
0414014108|copy |3|01|'https://PlcmSpIp:****@p.voxter.com/0004f28f31b2.cfg' from 'p.voxter.com(74.114.208.245)'
0414014108|copy |3|01|Download of '0004f28f31b2.cfg' FAILED on attempt 3 (addr 1 of 1)
0414014108|copy |4|01|SSL_connect error SSL connect error.error:1408F10B:SSL routines:SSL3_GET_RECORD:wrong version number
0414014108|copy |3|01|Update of '/ffs0/newinit.mac' failed, leaving local copy intact
0414014108|copy |3|01|'https://PlcmSpIp:****@p.voxter.com/000000000000.cfg' from 'p.voxter.com(74.114.208.245)'
0414014108|copy |3|01|Download of '000000000000.cfg' FAILED on attempt 1 (addr 1 of 1)
0414014108|copy |4|01|SSL_connect error SSL connect error.error:1408F10B:SSL routines:SSL3_GET_RECORD:wrong version number
0414014108|copy |3|01|Making further download attempts for '000000000000.cfg'
0414014109|copy |3|01|'https://PlcmSpIp:****@p.voxter.com/000000000000.cfg' from 'p.voxter.com(74.114.208.245)'
0414014109|copy |3|01|Download of '000000000000.cfg' FAILED on attempt 2 (addr 1 of 1)
0414014109|copy |4|01|SSL_connect error SSL connect error.error:1408F10B:SSL routines:SSL3_GET_RECORD:wrong version number
0414014109|copy |3|01|Making further download attempts for '000000000000.cfg'
0414014110|copy |3|01|'https://PlcmSpIp:****@p.voxter.com/000000000000.cfg' from 'p.voxter.com(74.114.208.245)'
0414014110|copy |3|01|Download of '000000000000.cfg' FAILED on attempt 3 (addr 1 of 1)
0414014110|copy |4|01|SSL_connect error SSL connect error.error:1408F10B:SSL routines:SSL3_GET_RECORD:wrong version number
0414014110|copy |3|01|Update of '/ffs0/newinit.mac' failed, leaving local copy intact
0414014110|cfg  |4|01|Prov|Download of master configuration file failed
0414014110|cfg  |4|01|Prov|Trying to boot from existing configuration
0414014110|cfg  |4|01|Prov|Provisioning failed
0414014110|cfg  |*|01|Prov|Finished updating configuration
0414014115|app1 |6|01|Error application is not present.
0414014115|app1 |6|01|Uploading boot log, time is Tue Apr 14 01:41:15 2015

0414014115|copy |3|01|'https://PlcmSpIp:****@p.voxter.com/0004f28f31b2-boot.log' to 'p.voxter.com(74.114.208.245)'
0414014115|copy |3|01|Upload of '0004f28f31b2-boot.log' FAILED on attempt 1 (addr 1 of 1)
0414014115|copy |4|01|SSL_connect error SSL connect error.error:1408F10B:SSL routines:SSL3_GET_RECORD:wrong version number
0414014115|copy |3|01|Making further upload attempts for '0004f28f31b2-boot.log'
0414014116|copy |3|01|'https://PlcmSpIp:****@p.voxter.com/0004f28f31b2-boot.log' to 'p.voxter.com(74.114.208.245)'
0414014116|copy |3|01|Upload of '0004f28f31b2-boot.log' FAILED on attempt 2 (addr 1 of 1)
0414014116|copy |4|01|SSL_connect error SSL connect error.error:1408F10B:SSL routines:SSL3_GET_RECORD:wrong version number
0414014116|copy |3|01|Making further upload attempts for '0004f28f31b2-boot.log'
0414014117|copy |3|01|'https://PlcmSpIp:****@p.voxter.com/0004f28f31b2-boot.log' to 'p.voxter.com(74.114.208.245)'
0414014117|copy |3|01|Upload of '0004f28f31b2-boot.log' FAILED on attempt 3 (addr 1 of 1)
0414014117|copy |4|01|SSL_connect error SSL connect error.error:1408F10B:SSL routines:SSL3_GET_RECORD:wrong version number
0414014117|log  |4|01|UtilLogC::uploadFifoLog: upload error. protocol 0 result = -1
0414014122|app1 |5|01|Unknown provisioning state 44.
0414014122|app1 |3|01|Event: Multiple Key Combo 1
0414014122|app1 |6|01|Manual Reboot
0414014125|wdog |*|01|Watchdog Expired: tApp1, 14
000008.971|so   |*|01|---------- Initial log entry ----------
000008.971|so   |*|01|+++ Note that Updater log times are in GMT +++
000008.972|boot |*|01|Initial log entry. Current logging level 3
000008.972|copy |*|01|Initial log entry. Current logging level 3
000008.972|utilm|*|01|Initial log entry. Current logging level 4
000008.972|hw   |*|01|Initial log entry. Current logging level 4
000008.972|ethf |*|01|Initial log entry. Current logging level 4
000008.972|dns  |*|01|Initial log entry. Current logging level 3
000008.972|curl |*|01|Initial log entry. Current logging level 3
000008.972|sec  |*|01|Initial log entry. Current logging level 4
000008.982|wdog |*|01|Initial log entry. Current logging level 4
000008.982|lldp |*|01|Initial log entry. Current logging level 3
000008.982|cdp  |*|01|Initial log entry. Current logging level 3
000008.982|key  |*|01|Initial log entry. Current logging level 4
000009.111|hw   |6|01|TouchScreen: found lds700x_ts on /dev/event1, firmware version: 0x4438.34
000009.112|so   |3|01|Platform: Model=VVX 500, Assembly=3111-44500-001 Rev=A Region=0
000009.112|so   |3|01|Platform: Board=3111-44500-001 7 0
000009.112|so   |3|01|Platform: MAC=0004f28f31b2
000009.113|so   |3|01|Platform: BootBlock=3.0.4.0033 (44500-001) 11-Jul-12 12:30
000009.114|so   |*|01|Platform: BootL1=1.0.0.0018 (44500-001) 06-Oct-11 17:01
000009.114|so   |3|01|Application, main: Label=Updater, Version=Azurite 5.0.8.1205 07-Feb-15 10:16
000009.114|so   |3|01|Application, main: P/N=3150-11069-508
000009.114|log  |*|01|Install file upload callback for 'Updater'

000009.115|app1 |*|01|Initial log entry. Current logging level 3
000009.143|cfg  |*|01|Initial log entry. Current logging level 2
000009.144|app1 |3|01|Application image is not present.
000009.154|dot1x|*|01|Initial log entry. Current logging level 3
000009.286|tls  |*|01|Initial log entry. Current logging level 4
000009.975|so   |3|01|Link status is Net up Speed 1000 full Duplex, PC down.
000012.163|lldp |3|01|Enabling 802.1Q tagging, VLAN ID = 200 (from LLDP/CDP)
000012.163|lldp |5|01|VLAN Id has changed to 200.
000015.356|lldp |3|01|LLDP received a response from a switch. LLDP enabled.
000015.410|dhcpc|*|01|Initial log entry. Current logging level 4
000018.104|dns  |*|01|DNS resolver servers are '8.8.8.8' '8.8.4.4'
000018.104|dns  |*|01|DNS resolver search domain is ''
000018.104|app1 |3|01|DNS resolver servers are '8.8.8.8' '8.8.4.4'
000018.104|app1 |3|01|DNS resolver search domain is ''
000018.124|dns  |3|01|DNS lookup for (A) 'p.voxter.com'(74.114.208.245) TTL=17869
000018.125|app1 |3|01|DHCP returned result 0x1A7 from server 10.2.0.1.
000018.125|app1 |3|01|   Phone IP address is 10.2.0.231.
000018.125|app1 |3|01|   Subnet mask is 255.255.255.0.
000018.125|app1 |3|01|   Gateway address is 10.2.0.1.
000018.125|app1 |3|01|   Time server is 199.19.167.36.
000018.125|app1 |3|01|   DNS server is 8.8.8.8.
000018.125|app1 |3|01|   DNS alternate server is 8.8.4.4.
0414014157|app1 |3|01|Time has been set from 199.19.167.36 (199.19.167.36).
0414014157|app1 |3|01|   1428975717: 2015-4-14, 1:41:57, DST off
0414014206|app1 |6|01|Uploading boot log, time is Tue Apr 14 01:42:07 2015

0414014206|copy |3|01|'https://PlcmSpIp:****@p.voxter.com/0004f28f31b2-boot.log' to 'p.voxter.com(74.114.208.245)'
0414014206|copy |3|01|Upload of '0004f28f31b2-boot.log' FAILED on attempt 1 (addr 1 of 1)
0414014206|copy |4|01|SSL_connect error SSL connect error.error:1408F10B:SSL routines:SSL3_GET_RECORD:wrong version number
0414014206|log  |4|01|UtilLogC::uploadFifoLog: upload error. protocol 0 result = -1
0414014206|app1 |3|01|Event: Multiple Key Combo 1
0414014206|app1 |6|01|Manual Reboot
0414014206|app1 |4|01|Unexpected Event: State:19, AppStateReboot, Event: 4, AppEvLclKeyMKC
0414014209|wdog |*|01|Watchdog Expired: tApp1, 14
000008.985|so   |*|01|---------- Initial log entry ----------
000008.985|so   |*|01|+++ Note that Updater log times are in GMT +++
000008.985|boot |*|01|Initial log entry. Current logging level 3
000008.985|copy |*|01|Initial log entry. Current logging level 3
000008.985|utilm|*|01|Initial log entry. Current logging level 4
000008.985|hw   |*|01|Initial log entry. Current logging level 4
000008.985|ethf |*|01|Initial log entry. Current logging level 4
000008.985|dns  |*|01|Initial log entry. Current logging level 3
000008.985|curl |*|01|Initial log entry. Current logging level 3
000008.985|sec  |*|01|Initial log entry. Current logging level 4
000008.995|wdog |*|01|Initial log entry. Current logging level 4
000008.995|lldp |*|01|Initial log entry. Current logging level 3
000008.995|cdp  |*|01|Initial log entry. Current logging level 3
000008.995|key  |*|01|Initial log entry. Current logging level 4
000009.121|hw   |6|01|TouchScreen: found lds700x_ts on /dev/event1, firmware version: 0x4438.34
000009.122|so   |3|01|Platform: Model=VVX 500, Assembly=3111-44500-001 Rev=A Region=0
000009.122|so   |3|01|Platform: Board=3111-44500-001 7 0
000009.122|so   |3|01|Platform: MAC=0004f28f31b2
000009.123|so   |3|01|Platform: BootBlock=3.0.4.0033 (44500-001) 11-Jul-12 12:30
000009.124|so   |*|01|Platform: BootL1=1.0.0.0018 (44500-001) 06-Oct-11 17:01
000009.124|so   |3|01|Application, main: Label=Updater, Version=Azurite 5.0.8.1205 07-Feb-15 10:16
000009.124|so   |3|01|Application, main: P/N=3150-11069-508
000009.124|log  |*|01|Install file upload callback for 'Updater'

000009.125|app1 |*|01|Initial log entry. Current logging level 3
000009.153|cfg  |*|01|Initial log entry. Current logging level 2
000009.154|app1 |3|01|Application image is not present.
000009.164|dot1x|*|01|Initial log entry. Current logging level 3
000009.296|tls  |*|01|Initial log entry. Current logging level 4
000009.989|so   |3|01|Link status is Net up Speed 1000 full Duplex, PC down.
000011.446|lldp |3|01|Enabling 802.1Q tagging, VLAN ID = 200 (from LLDP/CDP)
000011.446|lldp |5|01|VLAN Id has changed to 200.
000015.365|lldp |3|01|LLDP received a response from a switch. LLDP enabled.
000015.420|dhcpc|*|01|Initial log entry. Current logging level 4
000017.794|dns  |*|01|DNS resolver servers are '8.8.8.8' '8.8.4.4'
000017.794|dns  |*|01|DNS resolver search domain is ''
000017.794|app1 |3|01|DNS resolver servers are '8.8.8.8' '8.8.4.4'
000017.794|app1 |3|01|DNS resolver search domain is ''
000017.813|dns  |3|01|DNS lookup for (A) 'p.voxter.com'(74.114.208.245) TTL=18809
000017.814|app1 |3|01|DHCP returned result 0x1AF from server 10.2.0.1.
000017.814|app1 |3|01|   Phone IP address is 10.2.0.231.
000017.815|app1 |3|01|   Subnet mask is 255.255.255.0.
000017.815|app1 |3|01|   Gateway address is 10.2.0.1.
000017.815|app1 |3|01|   Provisioning server address is https://p.voxter.com.
000017.815|app1 |3|01|   Time server is 199.19.167.36.
000017.815|app1 |3|01|   DNS server is 8.8.8.8.
000017.815|app1 |3|01|   DNS alternate server is 8.8.4.4.
0414014239|app1 |3|01|Time has been set from 199.19.167.36 (199.19.167.36).
0414014239|app1 |3|01|   1428975759: 2015-4-14, 1:42:39, DST off
0414014239|copy |3|01|'https://PlcmSpIp:****@p.voxter.com/0004f28f31b2.cfg' from 'p.voxter.com(74.114.208.245)'
0414014239|copy |3|01|Download of '0004f28f31b2.cfg' FAILED on attempt 1 (addr 1 of 1)
0414014239|copy |4|01|SSL_connect error SSL connect error.error:1408F10B:SSL routines:SSL3_GET_RECORD:wrong version number
0414014239|copy |3|01|Making further download attempts for '0004f28f31b2.cfg'
0414014240|copy |3|01|'https://PlcmSpIp:****@p.voxter.com/0004f28f31b2.cfg' from 'p.voxter.com(74.114.208.245)'
0414014240|copy |3|01|Download of '0004f28f31b2.cfg' FAILED on attempt 2 (addr 1 of 1)
0414014240|copy |4|01|SSL_connect error SSL connect error.error:1408F10B:SSL routines:SSL3_GET_RECORD:wrong version number
0414014240|copy |3|01|Making further download attempts for '0004f28f31b2.cfg'
0414014241|copy |3|01|'https://PlcmSpIp:****@p.voxter.com/0004f28f31b2.cfg' from 'p.voxter.com(74.114.208.245)'
0414014241|copy |3|01|Download of '0004f28f31b2.cfg' FAILED on attempt 3 (addr 1 of 1)
0414014241|copy |4|01|SSL_connect error SSL connect error.error:1408F10B:SSL routines:SSL3_GET_RECORD:wrong version number
0414014241|copy |3|01|Update of '/ffs0/newinit.mac' failed, leaving local copy intact
0414014241|copy |3|01|'https://PlcmSpIp:****@p.voxter.com/000000000000.cfg' from 'p.voxter.com(74.114.208.245)'
0414014241|copy |3|01|Download of '000000000000.cfg' FAILED on attempt 1 (addr 1 of 1)
0414014241|copy |4|01|SSL_connect error SSL connect error.error:1408F10B:SSL routines:SSL3_GET_RECORD:wrong version number
0414014241|copy |3|01|Making further download attempts for '000000000000.cfg'
0414014242|copy |3|01|'https://PlcmSpIp:****@p.voxter.com/000000000000.cfg' from 'p.voxter.com(74.114.208.245)'
0414014242|copy |3|01|Download of '000000000000.cfg' FAILED on attempt 2 (addr 1 of 1)
0414014242|copy |4|01|SSL_connect error SSL connect error.error:1408F10B:SSL routines:SSL3_GET_RECORD:wrong version number
0414014242|copy |3|01|Making further download attempts for '000000000000.cfg'
0414014243|copy |3|01|'https://PlcmSpIp:****@p.voxter.com/000000000000.cfg' from 'p.voxter.com(74.114.208.245)'
0414014243|copy |3|01|Download of '000000000000.cfg' FAILED on attempt 3 (addr 1 of 1)
0414014243|copy |4|01|SSL_connect error SSL connect error.error:1408F10B:SSL routines:SSL3_GET_RECORD:wrong version number
0414014243|copy |3|01|Update of '/ffs0/newinit.mac' failed, leaving local copy intact
0414014243|cfg  |4|01|Prov|Download of master configuration file failed
0414014243|cfg  |4|01|Prov|Trying to boot from existing configuration
0414014243|cfg  |4|01|Prov|Provisioning failed
0414014243|cfg  |*|01|Prov|Finished updating configuration
0414014248|app1 |6|01|Error application is not present.
0414014248|app1 |6|01|Uploading boot log, time is Tue Apr 14 01:42:48 2015

0414014248|copy |3|01|'https://PlcmSpIp:****@p.voxter.com/0004f28f31b2-boot.log' to 'p.voxter.com(74.114.208.245)'
0414014248|copy |3|01|Upload of '0004f28f31b2-boot.log' FAILED on attempt 1 (addr 1 of 1)
0414014248|copy |4|01|SSL_connect error SSL connect error.error:1408F10B:SSL routines:SSL3_GET_RECORD:wrong version number
0414014248|copy |3|01|Making further upload attempts for '0004f28f31b2-boot.log'
0414014249|copy |3|01|'https://PlcmSpIp:****@p.voxter.com/0004f28f31b2-boot.log' to 'p.voxter.com(74.114.208.245)'
0414014249|copy |3|01|Upload of '0004f28f31b2-boot.log' FAILED on attempt 2 (addr 1 of 1)
0414014249|copy |4|01|SSL_connect error SSL connect error.error:1408F10B:SSL routines:SSL3_GET_RECORD:wrong version number
0414014249|copy |3|01|Making further upload attempts for '0004f28f31b2-boot.log'
0414014250|copy |3|01|'https://PlcmSpIp:****@p.voxter.com/0004f28f31b2-boot.log' to 'p.voxter.com(74.114.208.245)'
0414014250|copy |3|01|Upload of '0004f28f31b2-boot.log' FAILED on attempt 3 (addr 1 of 1)
0414014250|copy |4|01|SSL_connect error SSL connect error.error:1408F10B:SSL routines:SSL3_GET_RECORD:wrong version number
0414014250|log  |4|01|UtilLogC::uploadFifoLog: upload error. protocol 0 result = -1
0414014255|app1 |5|01|Unknown provisioning state 44.
0414014255|app1 |3|01|Event: Multiple Key Combo 1
0414014255|app1 |6|01|Manual Reboot
0414014258|wdog |*|01|Watchdog Expired: tApp1, 14
000009.026|so   |*|01|---------- Initial log entry ----------
000009.026|so   |*|01|+++ Note that Updater log times are in GMT +++
000009.026|boot |*|01|Initial log entry. Current logging level 3
000009.026|copy |*|01|Initial log entry. Current logging level 3
000009.026|utilm|*|01|Initial log entry. Current logging level 4
000009.026|hw   |*|01|Initial log entry. Current logging level 4
000009.026|ethf |*|01|Initial log entry. Current logging level 4
000009.026|dns  |*|01|Initial log entry. Current logging level 3
000009.026|curl |*|01|Initial log entry. Current logging level 3
000009.026|sec  |*|01|Initial log entry. Current logging level 4
000009.036|wdog |*|01|Initial log entry. Current logging level 4
000009.036|lldp |*|01|Initial log entry. Current logging level 3
000009.036|cdp  |*|01|Initial log entry. Current logging level 3
000009.036|key  |*|01|Initial log entry. Current logging level 4
000009.171|hw   |6|01|TouchScreen: found lds700x_ts on /dev/event1, firmware version: 0x4438.34
000009.172|so   |3|01|Platform: Model=VVX 500, Assembly=3111-44500-001 Rev=A Region=0
000009.172|so   |3|01|Platform: Board=3111-44500-001 7 0
000009.172|so   |3|01|Platform: MAC=0004f28f31b2
000009.173|so   |3|01|Platform: BootBlock=3.0.4.0033 (44500-001) 11-Jul-12 12:30
000009.174|so   |*|01|Platform: BootL1=1.0.0.0018 (44500-001) 06-Oct-11 17:01
000009.174|so   |3|01|Application, main: Label=Updater, Version=Azurite 5.0.8.1205 07-Feb-15 10:16
000009.174|so   |3|01|Application, main: P/N=3150-11069-508
000009.174|log  |*|01|Install file upload callback for 'Updater'

000009.175|app1 |*|01|Initial log entry. Current logging level 3
000009.203|cfg  |*|01|Initial log entry. Current logging level 2
000009.204|app1 |3|01|Application image is not present.
000009.214|dot1x|*|01|Initial log entry. Current logging level 3
000009.345|tls  |*|01|Initial log entry. Current logging level 4
000010.030|so   |3|01|Link status is Net up Speed 1000 full Duplex, PC down.
000011.719|lldp |3|01|Enabling 802.1Q tagging, VLAN ID = 200 (from LLDP/CDP)
000011.719|lldp |5|01|VLAN Id has changed to 200.
000015.415|lldp |3|01|LLDP received a response from a switch. LLDP enabled.
000015.470|dhcpc|*|01|Initial log entry. Current logging level 4
000021.164|dns  |*|01|DNS resolver servers are '8.8.8.8' '8.8.4.4'
000021.164|dns  |*|01|DNS resolver search domain is ''
000021.164|app1 |3|01|DNS resolver servers are '8.8.8.8' '8.8.4.4'
000021.164|app1 |3|01|DNS resolver search domain is ''
000021.185|dns  |3|01|DNS lookup for (A) 'p.voxter.com'(74.114.208.245) TTL=18254
000021.186|app1 |3|01|DHCP returned result 0x1AF from server 10.2.0.1.
000021.186|app1 |3|01|   Phone IP address is 10.2.0.231.
000021.186|app1 |3|01|   Subnet mask is 255.255.255.0.
000021.186|app1 |3|01|   Gateway address is 10.2.0.1.
000021.186|app1 |3|01|   Provisioning server address is https://p.voxter.com.
000021.186|app1 |3|01|   Time server is 199.19.167.36.
000021.186|app1 |3|01|   DNS server is 8.8.8.8.
000021.186|app1 |3|01|   DNS alternate server is 8.8.4.4.
0414014251|copy |3|01|'https://PlcmSpIp:****@p.voxter.com/0004f28f31b2.cfg' from 'p.voxter.com(74.114.208.245)'
0414014333|app1 |3|01|Time has been set from 199.19.167.36 (199.19.167.36).
0414014333|app1 |3|01|   1428975813: 2015-4-14, 1:43:33, DST off
0414014333|copy |3|01|Download of '0004f28f31b2.cfg' FAILED on attempt 1 (addr 1 of 1)
0414014333|copy |4|01|SSL_connect error SSL connect error.error:1408F10B:SSL routines:SSL3_GET_RECORD:wrong version number
0414014333|copy |3|01|Making further download attempts for '0004f28f31b2.cfg'
0414014333|copy |3|01|'https://PlcmSpIp:****@p.voxter.com/0004f28f31b2.cfg' from 'p.voxter.com(74.114.208.245)'
0414014333|copy |3|01|Download of '0004f28f31b2.cfg' FAILED on attempt 2 (addr 1 of 1)
0414014333|copy |4|01|SSL_connect error SSL connect error.error:1408F10B:SSL routines:SSL3_GET_RECORD:wrong version number
0414014333|copy |3|01|Making further download attempts for '0004f28f31b2.cfg'
0414014334|copy |3|01|'https://PlcmSpIp:****@p.voxter.com/0004f28f31b2.cfg' from 'p.voxter.com(74.114.208.245)'
0414014334|copy |3|01|Download of '0004f28f31b2.cfg' FAILED on attempt 3 (addr 1 of 1)
0414014334|copy |4|01|SSL_connect error SSL connect error.error:1408F10B:SSL routines:SSL3_GET_RECORD:wrong version number
0414014334|copy |3|01|Update of '/ffs0/newinit.mac' failed, leaving local copy intact
0414014334|copy |3|01|'https://PlcmSpIp:****@p.voxter.com/000000000000.cfg' from 'p.voxter.com(74.114.208.245)'
0414014334|copy |3|01|Download of '000000000000.cfg' FAILED on attempt 1 (addr 1 of 1)
0414014334|copy |4|01|SSL_connect error SSL connect error.error:1408F10B:SSL routines:SSL3_GET_RECORD:wrong version number
0414014334|copy |3|01|Making further download attempts for '000000000000.cfg'
0414014335|copy |3|01|'https://PlcmSpIp:****@p.voxter.com/000000000000.cfg' from 'p.voxter.com(74.114.208.245)'
0414014335|copy |3|01|Download of '000000000000.cfg' FAILED on attempt 2 (addr 1 of 1)
0414014335|copy |4|01|SSL_connect error SSL connect error.error:1408F10B:SSL routines:SSL3_GET_RECORD:wrong version number
0414014335|copy |3|01|Making further download attempts for '000000000000.cfg'
0414014336|copy |3|01|'https://PlcmSpIp:****@p.voxter.com/000000000000.cfg' from 'p.voxter.com(74.114.208.245)'
0414014336|copy |3|01|Download of '000000000000.cfg' FAILED on attempt 3 (addr 1 of 1)
0414014336|copy |4|01|SSL_connect error SSL connect error.error:1408F10B:SSL routines:SSL3_GET_RECORD:wrong version number
0414014336|copy |3|01|Update of '/ffs0/newinit.mac' failed, leaving local copy intact
0414014336|cfg  |4|01|Prov|Download of master configuration file failed
0414014336|cfg  |4|01|Prov|Trying to boot from existing configuration
0414014336|cfg  |4|01|Prov|Provisioning failed
0414014336|cfg  |*|01|Prov|Finished updating configuration
0414014341|app1 |6|01|Error application is not present.
0414014341|app1 |6|01|Uploading boot log, time is Tue Apr 14 01:43:42 2015

0414014341|copy |3|01|'https://PlcmSpIp:****@p.voxter.com/0004f28f31b2-boot.log' to 'p.voxter.com(74.114.208.245)'
0414014341|copy |3|01|Upload of '0004f28f31b2-boot.log' FAILED on attempt 1 (addr 1 of 1)
0414014341|copy |4|01|SSL_connect error SSL connect error.error:1408F10B:SSL routines:SSL3_GET_RECORD:wrong version number
0414014341|copy |3|01|Making further upload attempts for '0004f28f31b2-boot.log'
0414014342|copy |3|01|'https://PlcmSpIp:****@p.voxter.com/0004f28f31b2-boot.log' to 'p.voxter.com(74.114.208.245)'
0414014342|copy |3|01|Upload of '0004f28f31b2-boot.log' FAILED on attempt 2 (addr 1 of 1)
0414014342|copy |4|01|SSL_connect error SSL connect error.error:1408F10B:SSL routines:SSL3_GET_RECORD:wrong version number
0414014342|copy |3|01|Making further upload attempts for '0004f28f31b2-boot.log'
0414014343|copy |3|01|'https://PlcmSpIp:****@p.voxter.com/0004f28f31b2-boot.log' to 'p.voxter.com(74.114.208.245)'
0414014343|copy |3|01|Upload of '0004f28f31b2-boot.log' FAILED on attempt 3 (addr 1 of 1)
0414014343|copy |4|01|SSL_connect error SSL connect error.error:1408F10B:SSL routines:SSL3_GET_RECORD:wrong version number
0414014343|log  |4|01|UtilLogC::uploadFifoLog: upload error. protocol 0 result = -1
0414014348|app1 |5|01|Unknown provisioning state 44.
0414014348|app1 |3|01|Event: Multiple Key Combo 1
0414014348|app1 |6|01|Manual Reboot
0414014351|wdog |*|01|Watchdog Expired: tApp1, 14
000009.010|so   |*|01|---------- Initial log entry ----------
000009.010|so   |*|01|+++ Note that Updater log times are in GMT +++
000009.010|boot |*|01|Initial log entry. Current logging level 3
000009.010|copy |*|01|Initial log entry. Current logging level 3
000009.010|utilm|*|01|Initial log entry. Current logging level 4
000009.010|hw   |*|01|Initial log entry. Current logging level 4
000009.010|ethf |*|01|Initial log entry. Current logging level 4
000009.010|dns  |*|01|Initial log entry. Current logging level 3
000009.010|curl |*|01|Initial log entry. Current logging level 3
000009.010|sec  |*|01|Initial log entry. Current logging level 4
000009.019|wdog |*|01|Initial log entry. Current logging level 4
000009.019|lldp |*|01|Initial log entry. Current logging level 3
000009.019|cdp  |*|01|Initial log entry. Current logging level 3
000009.019|key  |*|01|Initial log entry. Current logging level 4
000009.151|hw   |6|01|TouchScreen: found lds700x_ts on /dev/event1, firmware version: 0x4438.34
000009.152|so   |3|01|Platform: Model=VVX 500, Assembly=3111-44500-001 Rev=A Region=0
000009.152|so   |3|01|Platform: Board=3111-44500-001 7 0
000009.152|so   |3|01|Platform: MAC=0004f28f31b2
000009.153|so   |3|01|Platform: BootBlock=3.0.4.0033 (44500-001) 11-Jul-12 12:30
000009.154|so   |*|01|Platform: BootL1=1.0.0.0018 (44500-001) 06-Oct-11 17:01
000009.154|so   |3|01|Application, main: Label=Updater, Version=Azurite 5.0.8.1205 07-Feb-15 10:16
000009.154|so   |3|01|Application, main: P/N=3150-11069-508
000009.154|log  |*|01|Install file upload callback for 'Updater'

000009.155|app1 |*|01|Initial log entry. Current logging level 3
000009.184|cfg  |*|01|Initial log entry. Current logging level 2
000009.184|app1 |3|01|Application image is not present.
000009.194|dot1x|*|01|Initial log entry. Current logging level 3
000009.326|tls  |*|01|Initial log entry. Current logging level 4
000010.014|so   |3|01|Link status is Net up Speed 1000 full Duplex, PC down.
000011.952|lldp |3|01|Enabling 802.1Q tagging, VLAN ID = 200 (from LLDP/CDP)
000011.952|lldp |5|01|VLAN Id has changed to 200.
000015.395|lldp |3|01|LLDP received a response from a switch. LLDP enabled.
000015.450|dhcpc|*|01|Initial log entry. Current logging level 4
000021.144|dns  |*|01|DNS resolver servers are '8.8.8.8' '8.8.4.4'
000021.144|dns  |*|01|DNS resolver search domain is ''
000021.144|app1 |3|01|DNS resolver servers are '8.8.8.8' '8.8.4.4'
000021.144|app1 |3|01|DNS resolver search domain is ''
000021.164|dns  |3|01|DNS lookup for (A) 'p.voxter.com'(74.114.208.245) TTL=18200
000021.165|app1 |3|01|DHCP returned result 0x1AF from server 10.2.0.1.
000021.165|app1 |3|01|   Phone IP address is 10.2.0.231.
000021.165|app1 |3|01|   Subnet mask is 255.255.255.0.
000021.165|app1 |3|01|   Gateway address is 10.2.0.1.
000021.165|app1 |3|01|   Provisioning server address is https://p.voxter.com.
000021.165|app1 |3|01|   Time server is 199.19.167.36.
000021.165|app1 |3|01|   DNS server is 8.8.8.8.
000021.165|app1 |3|01|   DNS alternate server is 8.8.4.4.
0414014345|copy |3|01|'https://PlcmSpIp:****@p.voxter.com/0004f28f31b2.cfg' from 'p.voxter.com(74.114.208.245)'
0414014427|app1 |3|01|Time has been set from 199.19.167.36 (199.19.167.36).
0414014427|app1 |3|01|   1428975867: 2015-4-14, 1:44:27, DST off
0414014427|copy |3|01|Download of '0004f28f31b2.cfg' FAILED on attempt 1 (addr 1 of 1)
0414014427|copy |4|01|SSL_connect error SSL connect error.error:1408F10B:SSL routines:SSL3_GET_RECORD:wrong version number
0414014427|copy |3|01|Making further download attempts for '0004f28f31b2.cfg'
0414014427|copy |3|01|'https://PlcmSpIp:****@p.voxter.com/0004f28f31b2.cfg' from 'p.voxter.com(74.114.208.245)'
0414014427|copy |3|01|Download of '0004f28f31b2.cfg' FAILED on attempt 2 (addr 1 of 1)
0414014427|copy |4|01|SSL_connect error SSL connect error.error:1408F10B:SSL routines:SSL3_GET_RECORD:wrong version number
0414014427|copy |3|01|Making further download attempts for '0004f28f31b2.cfg'
0414014428|copy |3|01|'https://PlcmSpIp:****@p.voxter.com/0004f28f31b2.cfg' from 'p.voxter.com(74.114.208.245)'
0414014428|copy |3|01|Download of '0004f28f31b2.cfg' FAILED on attempt 3 (addr 1 of 1)
0414014428|copy |4|01|SSL_connect error SSL connect error.error:1408F10B:SSL routines:SSL3_GET_RECORD:wrong version number
0414014428|copy |3|01|Update of '/ffs0/newinit.mac' failed, leaving local copy intact
0414014428|copy |3|01|'https://PlcmSpIp:****@p.voxter.com/000000000000.cfg' from 'p.voxter.com(74.114.208.245)'
0414014428|copy |3|01|Download of '000000000000.cfg' FAILED on attempt 1 (addr 1 of 1)
0414014428|copy |4|01|SSL_connect error SSL connect error.error:1408F10B:SSL routines:SSL3_GET_RECORD:wrong version number
0414014428|copy |3|01|Making further download attempts for '000000000000.cfg'
0414014429|copy |3|01|'https://PlcmSpIp:****@p.voxter.com/000000000000.cfg' from 'p.voxter.com(74.114.208.245)'
0414014429|copy |3|01|Download of '000000000000.cfg' FAILED on attempt 2 (addr 1 of 1)
0414014429|copy |4|01|SSL_connect error SSL connect error.error:1408F10B:SSL routines:SSL3_GET_RECORD:wrong version number
0414014429|copy |3|01|Making further download attempts for '000000000000.cfg'
0414014430|copy |3|01|'https://PlcmSpIp:****@p.voxter.com/000000000000.cfg' from 'p.voxter.com(74.114.208.245)'
0414014430|copy |3|01|Download of '000000000000.cfg' FAILED on attempt 3 (addr 1 of 1)
0414014430|copy |4|01|SSL_connect error SSL connect error.error:1408F10B:SSL routines:SSL3_GET_RECORD:wrong version number
0414014430|copy |3|01|Update of '/ffs0/newinit.mac' failed, leaving local copy intact
0414014430|cfg  |4|01|Prov|Download of master configuration file failed
0414014430|cfg  |4|01|Prov|Trying to boot from existing configuration
0414014430|cfg  |4|01|Prov|Provisioning failed
0414014430|cfg  |*|01|Prov|Finished updating configuration
0414014435|app1 |6|01|Error application is not present.
0414014435|app1 |6|01|Uploading boot log, time is Tue Apr 14 01:44:36 2015

0414014435|copy |3|01|'https://PlcmSpIp:****@p.voxter.com/0004f28f31b2-boot.log' to 'p.voxter.com(74.114.208.245)'
0414014435|copy |3|01|Upload of '0004f28f31b2-boot.log' FAILED on attempt 1 (addr 1 of 1)
0414014435|copy |4|01|SSL_connect error SSL connect error.error:1408F10B:SSL routines:SSL3_GET_RECORD:wrong version number
0414014435|copy |3|01|Making further upload attempts for '0004f28f31b2-boot.log'
0414014436|copy |3|01|'https://PlcmSpIp:****@p.voxter.com/0004f28f31b2-boot.log' to 'p.voxter.com(74.114.208.245)'
0414014436|copy |3|01|Upload of '0004f28f31b2-boot.log' FAILED on attempt 2 (addr 1 of 1)
0414014436|copy |4|01|SSL_connect error SSL connect error.error:1408F10B:SSL routines:SSL3_GET_RECORD:wrong version number
0414014436|copy |3|01|Making further upload attempts for '0004f28f31b2-boot.log'
0414014437|copy |3|01|'https://PlcmSpIp:****@p.voxter.com/0004f28f31b2-boot.log' to 'p.voxter.com(74.114.208.245)'
0414014437|copy |3|01|Upload of '0004f28f31b2-boot.log' FAILED on attempt 3 (addr 1 of 1)
0414014437|copy |4|01|SSL_connect error SSL connect error.error:1408F10B:SSL routines:SSL3_GET_RECORD:wrong version number
0414014437|log  |4|01|UtilLogC::uploadFifoLog: upload error. protocol 0 result = -1
0414014442|app1 |5|01|Unknown provisioning state 44.
0414014442|app1 |3|01|Event: Multiple Key Combo 1
0414014442|app1 |6|01|Manual Reboot
0414014445|wdog |*|01|Watchdog Expired: tApp1, 14
000008.994|so   |*|01|---------- Initial log entry ----------
000008.994|so   |*|01|+++ Note that Updater log times are in GMT +++
000008.994|boot |*|01|Initial log entry. Current logging level 3
000008.994|copy |*|01|Initial log entry. Current logging level 3
000008.994|utilm|*|01|Initial log entry. Current logging level 4
000008.994|hw   |*|01|Initial log entry. Current logging level 4
000008.994|ethf |*|01|Initial log entry. Current logging level 4
000008.994|dns  |*|01|Initial log entry. Current logging level 3
000008.994|curl |*|01|Initial log entry. Current logging level 3
000008.994|sec  |*|01|Initial log entry. Current logging level 4
000009.003|wdog |*|01|Initial log entry. Current logging level 4
000009.004|lldp |*|01|Initial log entry. Current logging level 3
000009.004|cdp  |*|01|Initial log entry. Current logging level 3
000009.004|key  |*|01|Initial log entry. Current logging level 4
000009.141|hw   |6|01|TouchScreen: found lds700x_ts on /dev/event1, firmware version: 0x4438.34
000009.142|so   |3|01|Platform: Model=VVX 500, Assembly=3111-44500-001 Rev=A Region=0
000009.142|so   |3|01|Platform: Board=3111-44500-001 7 0
000009.142|so   |3|01|Platform: MAC=0004f28f31b2
000009.143|so   |3|01|Platform: BootBlock=3.0.4.0033 (44500-001) 11-Jul-12 12:30
000009.144|so   |*|01|Platform: BootL1=1.0.0.0018 (44500-001) 06-Oct-11 17:01
000009.144|so   |3|01|Application, main: Label=Updater, Version=Azurite 5.0.8.1205 07-Feb-15 10:16
000009.144|so   |3|01|Application, main: P/N=3150-11069-508
000009.144|log  |*|01|Install file upload callback for 'Updater'

000009.144|app1 |*|01|Initial log entry. Current logging level 3
000009.173|cfg  |*|01|Initial log entry. Current logging level 2
000009.174|app1 |3|01|Application image is not present.
000009.183|dot1x|*|01|Initial log entry. Current logging level 3
000009.315|tls  |*|01|Initial log entry. Current logging level 4
000009.997|so   |3|01|Link status is Net up Speed 1000 full Duplex, PC down.
000012.205|lldp |3|01|Enabling 802.1Q tagging, VLAN ID = 200 (from LLDP/CDP)
000012.206|lldp |5|01|VLAN Id has changed to 200.
000015.385|lldp |3|01|LLDP received a response from a switch. LLDP enabled.
000015.450|dhcpc|*|01|Initial log entry. Current logging level 4
000017.834|dns  |*|01|DNS resolver servers are '8.8.8.8' '8.8.4.4'
000017.834|dns  |*|01|DNS resolver search domain is ''
000017.834|app1 |3|01|DNS resolver servers are '8.8.8.8' '8.8.4.4'
000017.834|app1 |3|01|DNS resolver search domain is ''
000017.854|dns  |3|01|DNS lookup for (A) 'p.voxter.com'(74.114.208.245) TTL=18150
000017.855|app1 |3|01|DHCP returned result 0x1AF from server 10.2.0.1.
000017.855|app1 |3|01|   Phone IP address is 10.2.0.231.
000017.855|app1 |3|01|   Subnet mask is 255.255.255.0.
000017.855|app1 |3|01|   Gateway address is 10.2.0.1.
000017.855|app1 |3|01|   Provisioning server address is https://p.voxter.com.
000017.855|app1 |3|01|   Time server is 199.19.167.36.
000017.855|app1 |3|01|   DNS server is 8.8.8.8.
000017.855|app1 |3|01|   DNS alternate server is 8.8.4.4.
0414014517|app1 |3|01|Time has been set from 199.19.167.36 (199.19.167.36).
0414014517|app1 |3|01|   1428975917: 2015-4-14, 1:45:17, DST off
0414014517|copy |3|01|'https://PlcmSpIp:****@p.voxter.com/0004f28f31b2.cfg' from 'p.voxter.com(74.114.208.245)'
0414014517|copy |3|01|Download of '0004f28f31b2.cfg' FAILED on attempt 1 (addr 1 of 1)
0414014517|copy |4|01|SSL_connect error SSL connect error.error:1408F10B:SSL routines:SSL3_GET_RECORD:wrong version number
0414014517|copy |3|01|Making further download attempts for '0004f28f31b2.cfg'
0414014518|copy |3|01|'https://PlcmSpIp:****@p.voxter.com/0004f28f31b2.cfg' from 'p.voxter.com(74.114.208.245)'
0414014518|copy |3|01|Download of '0004f28f31b2.cfg' FAILED on attempt 2 (addr 1 of 1)
0414014518|copy |4|01|SSL_connect error SSL connect error.error:1408F10B:SSL routines:SSL3_GET_RECORD:wrong version number
0414014518|copy |3|01|Making further download attempts for '0004f28f31b2.cfg'
0414014519|copy |3|01|'https://PlcmSpIp:****@p.voxter.com/0004f28f31b2.cfg' from 'p.voxter.com(74.114.208.245)'
0414014519|copy |3|01|Download of '0004f28f31b2.cfg' FAILED on attempt 3 (addr 1 of 1)
0414014519|copy |4|01|SSL_connect error SSL connect error.error:1408F10B:SSL routines:SSL3_GET_RECORD:wrong version number
0414014519|copy |3|01|Update of '/ffs0/newinit.mac' failed, leaving local copy intact
0414014519|copy |3|01|'https://PlcmSpIp:****@p.voxter.com/000000000000.cfg' from 'p.voxter.com(74.114.208.245)'
0414014519|copy |3|01|Download of '000000000000.cfg' FAILED on attempt 1 (addr 1 of 1)
0414014519|copy |4|01|SSL_connect error SSL connect error.error:1408F10B:SSL routines:SSL3_GET_RECORD:wrong version number
0414014519|copy |3|01|Making further download attempts for '000000000000.cfg'
0414014520|copy |3|01|'https://PlcmSpIp:****@p.voxter.com/000000000000.cfg' from 'p.voxter.com(74.114.208.245)'
0414014520|copy |3|01|Download of '000000000000.cfg' FAILED on attempt 2 (addr 1 of 1)
0414014520|copy |4|01|SSL_connect error SSL connect error.error:1408F10B:SSL routines:SSL3_GET_RECORD:wrong version number
0414014520|copy |3|01|Making further download attempts for '000000000000.cfg'
0414014521|copy |3|01|'https://PlcmSpIp:****@p.voxter.com/000000000000.cfg' from 'p.voxter.com(74.114.208.245)'
0414014521|copy |3|01|Download of '000000000000.cfg' FAILED on attempt 3 (addr 1 of 1)
0414014521|copy |4|01|SSL_connect error SSL connect error.error:1408F10B:SSL routines:SSL3_GET_RECORD:wrong version number
0414014521|copy |3|01|Update of '/ffs0/newinit.mac' failed, leaving local copy intact
0414014521|cfg  |4|01|Prov|Download of master configuration file failed
0414014521|cfg  |4|01|Prov|Trying to boot from existing configuration
0414014521|cfg  |4|01|Prov|Provisioning failed
0414014521|cfg  |*|01|Prov|Finished updating configuration
0414014526|app1 |6|01|Error application is not present.
0414014526|app1 |6|01|Uploading boot log, time is Tue Apr 14 01:45:26 2015

0414014526|copy |3|01|'https://PlcmSpIp:****@p.voxter.com/0004f28f31b2-boot.log' to 'p.voxter.com(74.114.208.245)'
0414014526|copy |3|01|Upload of '0004f28f31b2-boot.log' FAILED on attempt 1 (addr 1 of 1)
0414014526|copy |4|01|SSL_connect error SSL connect error.error:1408F10B:SSL routines:SSL3_GET_RECORD:wrong version number
0414014526|copy |3|01|Making further upload attempts for '0004f28f31b2-boot.log'
0414014527|copy |3|01|'https://PlcmSpIp:****@p.voxter.com/0004f28f31b2-boot.log' to 'p.voxter.com(74.114.208.245)'
0414014527|copy |3|01|Upload of '0004f28f31b2-boot.log' FAILED on attempt 2 (addr 1 of 1)
0414014527|copy |4|01|SSL_connect error SSL connect error.error:1408F10B:SSL routines:SSL3_GET_RECORD:wrong version number
0414014527|copy |3|01|Making further upload attempts for '0004f28f31b2-boot.log'
0414014528|copy |3|01|'https://PlcmSpIp:****@p.voxter.com/0004f28f31b2-boot.log' to 'p.voxter.com(74.114.208.245)'
0414014528|copy |3|01|Upload of '0004f28f31b2-boot.log' FAILED on attempt 3 (addr 1 of 1)
0414014528|copy |4|01|SSL_connect error SSL connect error.error:1408F10B:SSL routines:SSL3_GET_RECORD:wrong version number
0414014528|log  |4|01|UtilLogC::uploadFifoLog: upload error. protocol 0 result = -1
0414014533|app1 |5|01|Unknown provisioning state 44.
0414014533|app1 |3|01|Event: Multiple Key Combo 1
0414014533|app1 |6|01|Manual Reboot
0414014536|wdog |*|01|Watchdog Expired: tApp1, 14
000008.980|so   |*|01|---------- Initial log entry ----------
000008.980|so   |*|01|+++ Note that Updater log times are in GMT +++
000008.980|boot |*|01|Initial log entry. Current logging level 3
000008.980|copy |*|01|Initial log entry. Current logging level 3
000008.980|utilm|*|01|Initial log entry. Current logging level 4
000008.980|hw   |*|01|Initial log entry. Current logging level 4
000008.980|ethf |*|01|Initial log entry. Current logging level 4
000008.980|dns  |*|01|Initial log entry. Current logging level 3
000008.980|curl |*|01|Initial log entry. Current logging level 3
000008.980|sec  |*|01|Initial log entry. Current logging level 4
000008.990|wdog |*|01|Initial log entry. Current logging level 4
000008.990|lldp |*|01|Initial log entry. Current logging level 3
000008.990|cdp  |*|01|Initial log entry. Current logging level 3
000008.990|key  |*|01|Initial log entry. Current logging level 4
000009.141|hw   |6|01|TouchScreen: found lds700x_ts on /dev/event1, firmware version: 0x4438.34
000009.142|so   |3|01|Platform: Model=VVX 500, Assembly=3111-44500-001 Rev=A Region=0
000009.142|so   |3|01|Platform: Board=3111-44500-001 7 0
000009.143|so   |3|01|Platform: MAC=0004f28f31b2
000009.143|so   |3|01|Platform: BootBlock=3.0.4.0033 (44500-001) 11-Jul-12 12:30
000009.144|so   |*|01|Platform: BootL1=1.0.0.0018 (44500-001) 06-Oct-11 17:01
000009.144|so   |3|01|Application, main: Label=Updater, Version=Azurite 5.0.8.1205 07-Feb-15 10:16
000009.144|so   |3|01|Application, main: P/N=3150-11069-508
000009.144|log  |*|01|Install file upload callback for 'Updater'

000009.145|app1 |*|01|Initial log entry. Current logging level 3
000009.173|cfg  |*|01|Initial log entry. Current logging level 2
000009.174|app1 |3|01|Application image is not present.
000009.184|dot1x|*|01|Initial log entry. Current logging level 3
000009.316|tls  |*|01|Initial log entry. Current logging level 4
000009.983|so   |3|01|Link status is Net up Speed 1000 full Duplex, PC down.
000011.468|lldp |3|01|Enabling 802.1Q tagging, VLAN ID = 200 (from LLDP/CDP)
000011.468|lldp |5|01|VLAN Id has changed to 200.
000015.386|lldp |3|01|LLDP received a response from a switch. LLDP enabled.
000015.440|dhcpc|*|01|Initial log entry. Current logging level 4
000018.124|dns  |*|01|DNS resolver servers are '8.8.8.8' '8.8.4.4'
000018.124|dns  |*|01|DNS resolver search domain is ''
000018.124|app1 |3|01|DNS resolver servers are '8.8.8.8' '8.8.4.4'
000018.124|app1 |3|01|DNS resolver search domain is ''
000018.144|dns  |3|01|DNS lookup for (A) 'p.voxter.com'(74.114.208.245) TTL=18099
000018.145|app1 |3|01|DHCP returned result 0x1AF from server 10.2.0.1.
000018.145|app1 |3|01|   Phone IP address is 10.2.0.231.
000018.145|app1 |3|01|   Subnet mask is 255.255.255.0.
000018.145|app1 |3|01|   Gateway address is 10.2.0.1.
000018.145|app1 |3|01|   Provisioning server address is https://p.voxter.com.
000018.145|app1 |3|01|   Time server is 199.19.167.36.
000018.145|app1 |3|01|   DNS server is 8.8.8.8.
000018.145|app1 |3|01|   DNS alternate server is 8.8.4.4.
0414014609|app1 |3|01|Time has been set from 199.19.167.36 (199.19.167.36).
0414014609|app1 |3|01|   1428975969: 2015-4-14, 1:46:9, DST off
0414014623|app1 |6|01|Uploading boot log, time is Tue Apr 14 01:46:24 2015

0414014624|copy |3|01|'https://PlcmSpIp:****@p.voxter.com/0004f28f31b2-boot.log' to 'p.voxter.com(74.114.208.245)'
0414014624|copy |3|01|Upload of '0004f28f31b2-boot.log' FAILED on attempt 1 (addr 1 of 1)
0414014624|copy |4|01|SSL_connect error SSL connect error.error:1408F10B:SSL routines:SSL3_GET_RECORD:wrong version number
0414014624|log  |4|01|UtilLogC::uploadFifoLog: upload error. protocol 0 result = -1
0414014624|app1 |3|01|Event: Multiple Key Combo 1
0414014624|app1 |6|01|Manual Reboot
0414014624|app1 |4|01|Unexpected Event: State:19, AppStateReboot, Event: 4, AppEvLclKeyMKC
0414014627|wdog |*|01|Watchdog Expired: tApp1, 14
000008.980|so   |*|01|---------- Initial log entry ----------
000008.980|so   |*|01|+++ Note that Updater log times are in GMT +++
000008.980|boot |*|01|Initial log entry. Current logging level 3
000008.981|copy |*|01|Initial log entry. Current logging level 3
000008.981|utilm|*|01|Initial log entry. Current logging level 4
000008.981|hw   |*|01|Initial log entry. Current logging level 4
000008.981|ethf |*|01|Initial log entry. Current logging level 4
000008.981|dns  |*|01|Initial log entry. Current logging level 3
000008.981|curl |*|01|Initial log entry. Current logging level 3
000008.981|sec  |*|01|Initial log entry. Current logging level 4
000008.990|wdog |*|01|Initial log entry. Current logging level 4
000008.991|lldp |*|01|Initial log entry. Current logging level 3
000008.991|cdp  |*|01|Initial log entry. Current logging level 3
000008.991|key  |*|01|Initial log entry. Current logging level 4
000009.121|hw   |6|01|TouchScreen: found lds700x_ts on /dev/event1, firmware version: 0x4438.34
000009.122|so   |3|01|Platform: Model=VVX 500, Assembly=3111-44500-001 Rev=A Region=0
000009.122|so   |3|01|Platform: Board=3111-44500-001 7 0
000009.122|so   |3|01|Platform: MAC=0004f28f31b2
000009.123|so   |3|01|Platform: BootBlock=3.0.4.0033 (44500-001) 11-Jul-12 12:30
000009.124|so   |*|01|Platform: BootL1=1.0.0.0018 (44500-001) 06-Oct-11 17:01
000009.124|so   |3|01|Application, main: Label=Updater, Version=Azurite 5.0.8.1205 07-Feb-15 10:16
000009.124|so   |3|01|Application, main: P/N=3150-11069-508
000009.124|log  |*|01|Install file upload callback for 'Updater'

000009.125|app1 |*|01|Initial log entry. Current logging level 3
000009.153|cfg  |*|01|Initial log entry. Current logging level 2
000009.154|app1 |3|01|Application image is not present.
000009.164|dot1x|*|01|Initial log entry. Current logging level 3
000009.296|tls  |*|01|Initial log entry. Current logging level 4
000009.984|so   |3|01|Link status is Net up Speed 1000 full Duplex, PC down.
000011.750|lldp |3|01|Enabling 802.1Q tagging, VLAN ID = 200 (from LLDP/CDP)
000011.750|lldp |5|01|VLAN Id has changed to 200.
000015.365|lldp |3|01|LLDP received a response from a switch. LLDP enabled.
000015.420|dhcpc|*|01|Initial log entry. Current logging level 4
000019.124|dns  |*|01|DNS resolver servers are '8.8.8.8' '8.8.4.4'
000019.124|dns  |*|01|DNS resolver search domain is ''
000019.124|app1 |3|01|DNS resolver servers are '8.8.8.8' '8.8.4.4'
000019.124|app1 |3|01|DNS resolver search domain is ''
000019.144|dns  |3|01|DNS lookup for (A) 'p.voxter.com'(74.114.208.245) TTL=17568
000019.145|app1 |3|01|DHCP returned result 0x1A7 from server 10.2.0.1.
000019.145|app1 |3|01|   Phone IP address is 10.2.0.231.
000019.145|app1 |3|01|   Subnet mask is 255.255.255.0.
000019.145|app1 |3|01|   Gateway address is 10.2.0.1.
000019.145|app1 |3|01|   Time server is 199.19.167.36.
000019.145|app1 |3|01|   DNS server is 8.8.8.8.
000019.145|app1 |3|01|   DNS alternate server is 8.8.4.4.
000019.201|copy |3|01|'http://PlcmSpIp:****@p.voxter.com/0004f28f31b2.cfg' from 'p.voxter.com(74.114.208.245)'
0414014658|app1 |3|01|Time has been set from 199.19.167.36 (199.19.167.36).
0414014658|app1 |3|01|   1428976018: 2015-4-14, 1:46:58, DST off
0414014658|copy |3|01|Download of '0004f28f31b2.cfg' succeeded on attempt 1 (addr 1 of 1)
0414014658|cfg  |5|01|Prov|Cannot remove file /ffs0/init.mac.
0414014658|cfg  |*|01|Prov|Starting to update 3111-44500-001.sip.ld
0414014658|copy |3|01|'http://PlcmSpIp:****@p.voxter.com/3111-44500-001.sip.ld' from 'p.voxter.com(74.114.208.245)'
0414014658|cfg  |3|01|New load header information:
0414014658|cfg  |3|01|Code length:         0x02E6C310
0414014658|cfg  |3|01|Code Checksum:       0x377DC579
0414014658|cfg  |3|01|Options:             0x00000080
0414014658|cfg  |3|01|Recognized container image
0414014658|cfg  |3|01|New load header information:
0414014658|cfg  |3|01|Code length:         0x027B0000
0414014658|cfg  |3|01|Code Checksum:       0x4E2E5767
0414014658|cfg  |3|01|Options:             0x00000002
0414014658|cfg  |3|01|Could not open application file for checking
0414014658|cfg  |3|01|Application in container image 1 is different
0414014658|cfg  |3|01|New load header information:
0414014658|cfg  |3|01|Code length:         0x006BB9C0
0414014658|cfg  |3|01|Code Checksum:       0x377D20FD
0414014658|cfg  |3|01|Options:             0x00000010
0414014658|cfg  |3|01|Updater is already present
0414014658|cfg  |3|01|Updater in container image 2 is not different
0414014658|cfg  |3|01|Using application
0414014658|cfg  |*|01|Prov|Updating the Application
0414014658|cfg  |3|01|Using compatible image 0
0414014711|copy |3|01|buffered_write: transfer terminated
0414014711|copy |3|01|Download of '3111-44500-001.sip.ld' succeeded on attempt 1 (addr 1 of 1)
0414014712|sig  |*|01|Initial log entry. Current logging level 3
0414014712|sig  |3|01|hwSigParseRemove: found key Sig_3.
0414014715|cfg  |3|01|Good image signature
0414014715|cfg  |3|01|Programming 41615952 bytes into tffs in 4K blocks
0414014736|cfg  |3|01|Extracting application files
0414014736|cfg  |3|01|New load header information:
0414014736|cfg  |3|01|Code length:         0x027B0000
0414014736|cfg  |3|01|Code Checksum:       0x4E2E5767
0414014736|cfg  |3|01|Options:             0x00000002
0414014835|cfg  |3|01|Finished extracting application files (OK)
0414014840|cfg  |3|01|File system is synchronized
0414014841|cfg  |*|01|Prov|Succeeded updating file 3111-44500-001.sip.ld
0414014841|cfg  |*|01|Prov|Image has been changed
0414014841|cfg  |3|01|Prov|Provisioning succeeded
0414014841|app1 |3|01|Application, load: Type=SIP, Version=4.0.8.1608 07-Feb-15 10:30
0414014841|cfg  |*|01|Prov|Finished updating configuration
0414014841|boot |*|01|Using TFFS for flash load
0414014841|boot |*|01|Code length:         0x027B0000
0414014841|boot |*|01|Code checksum:       0x4E2E5767
0414014841|app1 |4|01|Loaded application sip.ld from local system successfully.
0414014841|app1 |6|01|Uploading boot log, time is Tue Apr 14 01:48:42 2015

0414014842|copy |3|01|'http://PlcmSpIp:****@p.voxter.com/logs/0004f28f31b2-boot.log' to 'p.voxter.com(74.114.208.245)'
0414014842|copy |3|01|Upload of 'logs/0004f28f31b2-boot.log' succeeded on attempt 1 (addr 1 of 1)
0414014855|cfg  |3|01|Prov|Shutting down
000008.798|so   |*|01|---------- Initial log entry ----------
000008.798|so   |*|01|+++ Note that Updater log times are in GMT +++
000008.798|boot |*|01|Initial log entry. Current logging level 3
000008.798|copy |*|01|Initial log entry. Current logging level 3
000008.798|utilm|*|01|Initial log entry. Current logging level 4
000008.798|hw   |*|01|Initial log entry. Current logging level 4
000008.798|ethf |*|01|Initial log entry. Current logging level 4
000008.799|dns  |*|01|Initial log entry. Current logging level 3
000008.799|curl |*|01|Initial log entry. Current logging level 3
000008.799|sec  |*|01|Initial log entry. Current logging level 4
000008.808|wdog |*|01|Initial log entry. Current logging level 4
000008.809|lldp |*|01|Initial log entry. Current logging level 3
000008.809|cdp  |*|01|Initial log entry. Current logging level 3
000008.809|key  |*|01|Initial log entry. Current logging level 4
000008.942|hw   |6|01|TouchScreen: found lds700x_ts on /dev/event1, firmware version: 0x4438.34
000008.943|so   |3|01|Platform: Model=VVX 500, Assembly=3111-44500-001 Rev=A Region=0
000008.943|so   |3|01|Platform: Board=3111-44500-001 7 0
000008.943|so   |3|01|Platform: MAC=0004f28f31b2
000008.944|so   |3|01|Platform: BootBlock=3.0.4.0033 (44500-001) 11-Jul-12 12:30
000008.944|so   |*|01|Platform: BootL1=1.0.0.0018 (44500-001) 06-Oct-11 17:01
000008.944|so   |3|01|Application, main: Label=Updater, Version=Azurite 5.0.8.1205 07-Feb-15 10:16
000008.944|so   |3|01|Application, main: P/N=3150-11069-508
000008.945|log  |*|01|Install file upload callback for 'Updater'

000008.945|app1 |*|01|Initial log entry. Current logging level 3
000008.974|cfg  |*|01|Initial log entry. Current logging level 2
000008.982|app1 |3|01|Application, load: Type=SIP, Version=4.0.8.1608 07-Feb-15 10:30
000009.799|so   |3|01|Link status is Net up Speed 1000 full Duplex, PC down.
000008.269|so   |*|00|---------- Initial log entry ----------
000008.269|so   |*|00|+++ Note that Updater log times are in GMT +++
000008.269|boot |*|00|Initial log entry. Current logging level 3
000008.269|copy |*|00|Initial log entry. Current logging level 3
000008.269|utilm|*|00|Initial log entry. Current logging level 4
000008.269|hw   |*|00|Initial log entry. Current logging level 4
000008.269|ethf |*|00|Initial log entry. Current logging level 4
000008.269|dns  |*|00|Initial log entry. Current logging level 3
000008.269|curl |*|00|Initial log entry. Current logging level 3
000008.269|sec  |*|00|Initial log entry. Current logging level 4
000008.278|wdog |*|00|Initial log entry. Current logging level 4
000008.279|lldp |*|00|Initial log entry. Current logging level 3
000008.279|cdp  |*|00|Initial log entry. Current logging level 3
000008.279|key  |*|00|Initial log entry. Current logging level 4
000008.408|hw   |6|00|TouchScreen: found lds700x_ts on /dev/event1, firmware version: 0x4438.34
000008.410|so   |3|00|Platform: Model=VVX 500, Assembly=3111-44500-001 Rev=A Region=0
000008.410|so   |3|00|Platform: Board=3111-44500-001 7 0
000008.410|so   |3|00|Platform: MAC=0004f28f31b2
000008.411|so   |3|00|Platform: BootBlock=3.0.4.0033 (44500-001) 11-Jul-12 12:30
000008.412|so   |*|00|Platform: BootL1=1.0.0.0018 (44500-001) 06-Oct-11 17:01
000008.412|so   |3|00|Application, main: Label=Updater, Version=Azurite 5.0.8.1205 07-Feb-15 10:16
000008.412|so   |3|00|Application, main: P/N=3150-11069-508
000008.412|log  |*|00|Install file upload callback for 'Updater'

000008.412|app1 |*|00|Initial log entry. Current logging level 3
000008.441|cfg  |*|00|Initial log entry. Current logging level 2
000008.448|app1 |3|00|Application, load: Type=SIP, Version=4.0.8.1608 07-Feb-15 10:30
000009.271|so   |3|00|Link status is Net up Speed 1000 full Duplex, PC down.
