000008.754|so   |*|01|---------- Initial log entry ----------
000008.754|so   |*|01|+++ Note that Updater log times are in GMT +++
000008.754|boot |*|01|Initial log entry. Current logging level 3
000008.755|copy |*|01|Initial log entry. Current logging level 3
000008.755|utilm|*|01|Initial log entry. Current logging level 4
000008.755|hw   |*|01|Initial log entry. Current logging level 4
000008.755|ethf |*|01|Initial log entry. Current logging level 4
000008.755|dns  |*|01|Initial log entry. Current logging level 3
000008.755|curl |*|01|Initial log entry. Current logging level 3
000008.755|sec  |*|01|Initial log entry. Current logging level 4
000008.774|wdog |*|01|Initial log entry. Current logging level 4
000008.774|lldp |*|01|Initial log entry. Current logging level 3
000008.774|cdp  |*|01|Initial log entry. Current logging level 3
000008.774|key  |*|01|Initial log entry. Current logging level 4
000008.801|so   |3|01|Platform: Model=VVX 410, Assembly=3111-46162-001 Rev=A Region=0
000008.801|so   |3|01|Platform: Board=3111-46162-001 2 0
000008.801|so   |3|01|Platform: MAC=0004f28ae4cc
000008.802|so   |3|01|Platform: BootBlock=3.0.4.0146 (46162-001) 10-Jan-13 20:21
000008.803|so   |*|01|Platform: BootL1=1.0.0.0041 (46162-001) 10-Jan-13 20:16
000008.803|so   |3|01|Application, main: Label=Updater, Version=Peridot 5.1.4.0844 20-Mar-13 14:16
000008.803|so   |3|01|Application, main: P/N=3150-11069-514
000008.803|so   |5|01|Platform: Both images are incorrect, will use Primary Image.
000008.804|log  |*|01|Install file upload callback for 'Updater'

000008.805|app1 |*|01|Initial log entry. Current logging level 3
000008.849|cfg  |*|01|Initial log entry. Current logging level 2
000009.767|so   |3|01|Link status is Net up Speed 1000 full Duplex, PC down.
000008.202|so   |*|00|---------- Initial log entry ----------
000008.202|so   |*|00|+++ Note that Updater log times are in GMT +++
000008.202|boot |*|00|Initial log entry. Current logging level 3
000008.202|copy |*|00|Initial log entry. Current logging level 3
000008.202|utilm|*|00|Initial log entry. Current logging level 4
000008.202|hw   |*|00|Initial log entry. Current logging level 4
000008.202|ethf |*|00|Initial log entry. Current logging level 4
000008.202|dns  |*|00|Initial log entry. Current logging level 3
000008.203|curl |*|00|Initial log entry. Current logging level 3
000008.203|sec  |*|00|Initial log entry. Current logging level 4
000008.221|wdog |*|00|Initial log entry. Current logging level 4
000008.221|lldp |*|00|Initial log entry. Current logging level 3
000008.221|cdp  |*|00|Initial log entry. Current logging level 3
000008.221|key  |*|00|Initial log entry. Current logging level 4
000008.261|so   |3|00|Platform: Model=VVX 410, Assembly=3111-46162-001 Rev=A Region=0
000008.262|so   |3|00|Platform: Board=3111-46162-001 2 0
000008.262|so   |3|00|Platform: MAC=0004f28ae4cc
000008.263|so   |3|00|Platform: BootBlock=3.0.4.0146 (46162-001) 10-Jan-13 20:21
000008.264|so   |*|00|Platform: BootL1=1.0.0.0041 (46162-001) 10-Jan-13 20:16
000008.264|so   |3|00|Application, main: Label=Updater, Version=Peridot 5.1.4.0844 20-Mar-13 14:16
000008.264|so   |3|00|Application, main: P/N=3150-11069-514
000008.264|so   |5|00|Platform: Both images are incorrect, will use Primary Image.
000008.264|log  |*|00|Install file upload callback for 'Updater'

000008.265|app1 |*|00|Initial log entry. Current logging level 3
000008.308|cfg  |*|00|Initial log entry. Current logging level 2
000009.211|so   |3|00|Link status is Net up Speed 1000 full Duplex, PC up Speed 10 full Duplex.
000008.175|so   |*|00|---------- Initial log entry ----------
000008.175|so   |*|00|+++ Note that Updater log times are in GMT +++
000008.176|boot |*|00|Initial log entry. Current logging level 3
000008.176|copy |*|00|Initial log entry. Current logging level 3
000008.176|utilm|*|00|Initial log entry. Current logging level 4
000008.176|hw   |*|00|Initial log entry. Current logging level 4
000008.176|ethf |*|00|Initial log entry. Current logging level 4
000008.176|dns  |*|00|Initial log entry. Current logging level 3
000008.176|curl |*|00|Initial log entry. Current logging level 3
000008.176|sec  |*|00|Initial log entry. Current logging level 4
000008.195|wdog |*|00|Initial log entry. Current logging level 4
000008.196|lldp |*|00|Initial log entry. Current logging level 3
000008.196|cdp  |*|00|Initial log entry. Current logging level 3
000008.196|key  |*|00|Initial log entry. Current logging level 4
000008.221|so   |3|00|Platform: Model=VVX 410, Assembly=3111-46162-001 Rev=A Region=0
000008.222|so   |3|00|Platform: Board=3111-46162-001 2 0
000008.222|so   |3|00|Platform: MAC=0004f28ae4cc
000008.223|so   |3|00|Platform: BootBlock=3.0.4.0146 (46162-001) 10-Jan-13 20:21
000008.224|so   |*|00|Platform: BootL1=1.0.0.0041 (46162-001) 10-Jan-13 20:16
000008.224|so   |3|00|Application, main: Label=Updater, Version=Peridot 5.1.4.0844 20-Mar-13 14:16
000008.224|so   |3|00|Application, main: P/N=3150-11069-514
000008.224|so   |5|00|Platform: Both images are incorrect, will use Primary Image.
000008.224|log  |*|00|Install file upload callback for 'Updater'

000008.225|app1 |*|00|Initial log entry. Current logging level 3
000008.270|cfg  |*|00|Initial log entry. Current logging level 2
000009.193|so   |3|00|Link status is Net up Speed 1000 full Duplex, PC up Speed 10 full Duplex.
