000008.798|so   |*|01|---------- Initial log entry ----------
000008.799|so   |*|01|+++ Note that Updater log times are in GMT +++
000008.799|boot |*|01|Initial log entry. Current logging level 3
000008.799|copy |*|01|Initial log entry. Current logging level 3
000008.799|utilm|*|01|Initial log entry. Current logging level 4
000008.799|hw   |*|01|Initial log entry. Current logging level 4
000008.799|ethf |*|01|Initial log entry. Current logging level 4
000008.799|dns  |*|01|Initial log entry. Current logging level 3
000008.799|curl |*|01|Initial log entry. Current logging level 3
000008.800|sec  |*|01|Initial log entry. Current logging level 4
000008.818|wdog |*|01|Initial log entry. Current logging level 4
000008.818|lldp |*|01|Initial log entry. Current logging level 3
000008.819|cdp  |*|01|Initial log entry. Current logging level 3
000008.819|key  |*|01|Initial log entry. Current logging level 4
000008.841|so   |3|01|Platform: Model=VVX 410, Assembly=3111-46162-001 Rev=A Region=0
000008.841|so   |3|01|Platform: Board=3111-46162-001 2 0
000008.841|so   |3|01|Platform: MAC=0004f28ae4b6
000008.842|so   |3|01|Platform: BootBlock=3.0.4.0146 (46162-001) 10-Jan-13 20:21
000008.843|so   |*|01|Platform: BootL1=1.0.0.0041 (46162-001) 10-Jan-13 20:16
000008.843|so   |3|01|Application, main: Label=Updater, Version=Peridot 5.1.4.0844 20-Mar-13 14:16
000008.843|so   |3|01|Application, main: P/N=3150-11069-514
000008.843|so   |5|01|Platform: Both images are incorrect, will use Primary Image.
000008.844|log  |*|01|Install file upload callback for 'Updater'

000008.845|app1 |*|01|Initial log entry. Current logging level 3
000008.888|cfg  |*|01|Initial log entry. Current logging level 2
000009.811|so   |3|01|Link status is Net up Speed 1000 full Duplex, PC down.
000008.169|so   |*|00|---------- Initial log entry ----------
000008.169|so   |*|00|+++ Note that Updater log times are in GMT +++
000008.170|boot |*|00|Initial log entry. Current logging level 3
000008.170|copy |*|00|Initial log entry. Current logging level 3
000008.170|utilm|*|00|Initial log entry. Current logging level 4
000008.170|hw   |*|00|Initial log entry. Current logging level 4
000008.170|ethf |*|00|Initial log entry. Current logging level 4
000008.170|dns  |*|00|Initial log entry. Current logging level 3
000008.170|curl |*|00|Initial log entry. Current logging level 3
000008.170|sec  |*|00|Initial log entry. Current logging level 4
000008.188|wdog |*|00|Initial log entry. Current logging level 4
000008.189|lldp |*|00|Initial log entry. Current logging level 3
000008.189|cdp  |*|00|Initial log entry. Current logging level 3
000008.189|key  |*|00|Initial log entry. Current logging level 4
000008.211|so   |3|00|Platform: Model=VVX 410, Assembly=3111-46162-001 Rev=A Region=0
000008.211|so   |3|00|Platform: Board=3111-46162-001 2 0
000008.212|so   |3|00|Platform: MAC=0004f28ae4b6
000008.213|so   |3|00|Platform: BootBlock=3.0.4.0146 (46162-001) 10-Jan-13 20:21
000008.213|so   |*|00|Platform: BootL1=1.0.0.0041 (46162-001) 10-Jan-13 20:16
000008.214|so   |3|00|Application, main: Label=Updater, Version=Peridot 5.1.4.0844 20-Mar-13 14:16
000008.214|so   |3|00|Application, main: P/N=3150-11069-514
000008.214|so   |5|00|Platform: Both images are incorrect, will use Primary Image.
000008.214|log  |*|00|Install file upload callback for 'Updater'

000008.215|app1 |*|00|Initial log entry. Current logging level 3
000008.258|cfg  |*|00|Initial log entry. Current logging level 2
000009.181|so   |3|00|Link status is Net up Speed 1000 full Duplex, PC down.
000008.201|so   |*|00|---------- Initial log entry ----------
000008.201|so   |*|00|+++ Note that Updater log times are in GMT +++
000008.201|boot |*|00|Initial log entry. Current logging level 3
000008.201|copy |*|00|Initial log entry. Current logging level 3
000008.201|utilm|*|00|Initial log entry. Current logging level 4
000008.201|hw   |*|00|Initial log entry. Current logging level 4
000008.201|ethf |*|00|Initial log entry. Current logging level 4
000008.202|dns  |*|00|Initial log entry. Current logging level 3
000008.202|curl |*|00|Initial log entry. Current logging level 3
000008.202|sec  |*|00|Initial log entry. Current logging level 4
000008.220|wdog |*|00|Initial log entry. Current logging level 4
000008.221|lldp |*|00|Initial log entry. Current logging level 3
000008.221|cdp  |*|00|Initial log entry. Current logging level 3
000008.221|key  |*|00|Initial log entry. Current logging level 4
000008.261|so   |3|00|Platform: Model=VVX 410, Assembly=3111-46162-001 Rev=A Region=0
000008.261|so   |3|00|Platform: Board=3111-46162-001 2 0
000008.262|so   |3|00|Platform: MAC=0004f28ae4b6
000008.263|so   |3|00|Platform: BootBlock=3.0.4.0146 (46162-001) 10-Jan-13 20:21
000008.264|so   |*|00|Platform: BootL1=1.0.0.0041 (46162-001) 10-Jan-13 20:16
000008.264|so   |3|00|Application, main: Label=Updater, Version=Peridot 5.1.4.0844 20-Mar-13 14:16
000008.264|so   |3|00|Application, main: P/N=3150-11069-514
000008.264|so   |5|00|Platform: Both images are incorrect, will use Primary Image.
000008.264|log  |*|00|Install file upload callback for 'Updater'

000008.265|app1 |*|00|Initial log entry. Current logging level 3
000008.308|cfg  |*|00|Initial log entry. Current logging level 2
000009.210|so   |3|00|Link status is Net up Speed 1000 full Duplex, PC up Speed 1000 full Duplex.
000008.307|so   |*|00|---------- Initial log entry ----------
000008.307|so   |*|00|+++ Note that Updater log times are in GMT +++
000008.307|boot |*|00|Initial log entry. Current logging level 3
000008.307|copy |*|00|Initial log entry. Current logging level 3
000008.307|utilm|*|00|Initial log entry. Current logging level 4
000008.307|hw   |*|00|Initial log entry. Current logging level 4
000008.307|ethf |*|00|Initial log entry. Current logging level 4
000008.308|dns  |*|00|Initial log entry. Current logging level 3
000008.308|curl |*|00|Initial log entry. Current logging level 3
000008.308|sec  |*|00|Initial log entry. Current logging level 4
000008.326|wdog |*|00|Initial log entry. Current logging level 4
000008.326|lldp |*|00|Initial log entry. Current logging level 3
000008.327|cdp  |*|00|Initial log entry. Current logging level 3
000008.327|key  |*|00|Initial log entry. Current logging level 4
000008.351|so   |3|00|Platform: Model=VVX 410, Assembly=3111-46162-001 Rev=A Region=0
000008.351|so   |3|00|Platform: Board=3111-46162-001 2 0
000008.352|so   |3|00|Platform: MAC=0004f28ae4b6
000008.353|so   |3|00|Platform: BootBlock=3.0.4.0146 (46162-001) 10-Jan-13 20:21
000008.354|so   |*|00|Platform: BootL1=1.0.0.0041 (46162-001) 10-Jan-13 20:16
000008.354|so   |3|00|Application, main: Label=Updater, Version=Peridot 5.1.4.0844 20-Mar-13 14:16
000008.354|so   |3|00|Application, main: P/N=3150-11069-514
000008.354|so   |5|00|Platform: Both images are incorrect, will use Primary Image.
000008.355|log  |*|00|Install file upload callback for 'Updater'

000008.356|app1 |*|00|Initial log entry. Current logging level 3
000008.400|cfg  |*|00|Initial log entry. Current logging level 2
000009.325|so   |3|00|Link status is Net up Speed 1000 full Duplex, PC up Speed 1000 full Duplex.
