000008.639|so   |*|01|---------- Initial log entry ----------
000008.639|so   |*|01|+++ Note that Updater log times are in GMT +++
000008.639|boot |*|01|Initial log entry. Current logging level 3
000008.640|copy |*|01|Initial log entry. Current logging level 3
000008.640|utilm|*|01|Initial log entry. Current logging level 4
000008.640|hw   |*|01|Initial log entry. Current logging level 4
000008.640|ethf |*|01|Initial log entry. Current logging level 4
000008.640|dns  |*|01|Initial log entry. Current logging level 3
000008.640|curl |*|01|Initial log entry. Current logging level 3
000008.640|sec  |*|01|Initial log entry. Current logging level 4
000008.653|wdog |*|01|Initial log entry. Current logging level 4
000008.654|lldp |*|01|Initial log entry. Current logging level 3
000008.654|cdp  |*|01|Initial log entry. Current logging level 3
000008.654|key  |*|01|Initial log entry. Current logging level 4
000008.681|so   |3|01|Platform: Model=VVX 300, Assembly=3111-46135-002 Rev=A Region=0
000008.682|so   |3|01|Platform: Board=3111-46135-002 1 0
000008.682|so   |3|01|Platform: MAC=0004f28e7808
000008.683|so   |3|01|Platform: BootBlock=3.0.4.0028 (46135-002) 30-Jan-13 18:00
000008.684|so   |*|01|Platform: BootL1=1.0.0.0009 (46135-002) 11-Jan-13 14:23
000008.684|so   |3|01|Application, main: Label=Updater, Version=Peridot 5.1.4.0844 20-Mar-13 14:16
000008.684|so   |3|01|Application, main: P/N=3150-11069-514
000008.684|so   |5|01|Platform: Both images are incorrect, will use Primary Image.
000008.684|log  |*|01|Install file upload callback for 'Updater'

000008.686|app1 |*|01|Initial log entry. Current logging level 3
000008.700|cfg  |*|01|Initial log entry. Current logging level 2
000009.652|so   |3|01|Link status is Net up Speed 100 full Duplex, PC down.
000008.631|so   |*|01|---------- Initial log entry ----------
000008.631|so   |*|01|+++ Note that Updater log times are in GMT +++
000008.631|boot |*|01|Initial log entry. Current logging level 3
000008.631|copy |*|01|Initial log entry. Current logging level 3
000008.631|utilm|*|01|Initial log entry. Current logging level 4
000008.631|hw   |*|01|Initial log entry. Current logging level 4
000008.631|ethf |*|01|Initial log entry. Current logging level 4
000008.632|dns  |*|01|Initial log entry. Current logging level 3
000008.632|curl |*|01|Initial log entry. Current logging level 3
000008.632|sec  |*|01|Initial log entry. Current logging level 4
000008.646|wdog |*|01|Initial log entry. Current logging level 4
000008.646|lldp |*|01|Initial log entry. Current logging level 3
000008.646|cdp  |*|01|Initial log entry. Current logging level 3
000008.646|key  |*|01|Initial log entry. Current logging level 4
000008.671|so   |3|01|Platform: Model=VVX 300, Assembly=3111-46135-002 Rev=A Region=0
000008.672|so   |3|01|Platform: Board=3111-46135-002 1 0
000008.672|so   |3|01|Platform: MAC=0004f28e7808
000008.673|so   |3|01|Platform: BootBlock=3.0.4.0028 (46135-002) 30-Jan-13 18:00
000008.674|so   |*|01|Platform: BootL1=1.0.0.0009 (46135-002) 11-Jan-13 14:23
000008.674|so   |3|01|Application, main: Label=Updater, Version=Peridot 5.1.4.0844 20-Mar-13 14:16
000008.674|so   |3|01|Application, main: P/N=3150-11069-514
000008.674|so   |5|01|Platform: Both images are incorrect, will use Primary Image.
000008.674|log  |*|01|Install file upload callback for 'Updater'

000008.675|app1 |*|01|Initial log entry. Current logging level 3
000008.690|cfg  |*|01|Initial log entry. Current logging level 2
000009.638|so   |3|01|Link status is Net up Speed 100 full Duplex, PC down.
000008.129|so   |*|00|---------- Initial log entry ----------
000008.130|so   |*|00|+++ Note that Updater log times are in GMT +++
000008.130|boot |*|00|Initial log entry. Current logging level 3
000008.130|copy |*|00|Initial log entry. Current logging level 3
000008.130|utilm|*|00|Initial log entry. Current logging level 4
000008.130|hw   |*|00|Initial log entry. Current logging level 4
000008.130|ethf |*|00|Initial log entry. Current logging level 4
000008.130|dns  |*|00|Initial log entry. Current logging level 3
000008.130|curl |*|00|Initial log entry. Current logging level 3
000008.130|sec  |*|00|Initial log entry. Current logging level 4
000008.143|wdog |*|00|Initial log entry. Current logging level 4
000008.143|lldp |*|00|Initial log entry. Current logging level 3
000008.143|cdp  |*|00|Initial log entry. Current logging level 3
000008.144|key  |*|00|Initial log entry. Current logging level 4
000008.171|so   |3|00|Platform: Model=VVX 300, Assembly=3111-46135-002 Rev=A Region=0
000008.171|so   |3|00|Platform: Board=3111-46135-002 1 0
000008.172|so   |3|00|Platform: MAC=0004f28e7808
000008.173|so   |3|00|Platform: BootBlock=3.0.4.0028 (46135-002) 30-Jan-13 18:00
000008.174|so   |*|00|Platform: BootL1=1.0.0.0009 (46135-002) 11-Jan-13 14:23
000008.174|so   |3|00|Application, main: Label=Updater, Version=Peridot 5.1.4.0844 20-Mar-13 14:16
000008.174|so   |3|00|Application, main: P/N=3150-11069-514
000008.174|so   |5|00|Platform: Both images are incorrect, will use Primary Image.
000008.174|log  |*|00|Install file upload callback for 'Updater'

000008.175|app1 |*|00|Initial log entry. Current logging level 3
000008.189|cfg  |*|00|Initial log entry. Current logging level 2
000009.137|so   |3|00|Link status is Net up Speed 100 full Duplex, PC down.
000008.078|so   |*|00|---------- Initial log entry ----------
000008.078|so   |*|00|+++ Note that Updater log times are in GMT +++
000008.078|boot |*|00|Initial log entry. Current logging level 3
000008.078|copy |*|00|Initial log entry. Current logging level 3
000008.079|utilm|*|00|Initial log entry. Current logging level 4
000008.079|hw   |*|00|Initial log entry. Current logging level 4
000008.079|ethf |*|00|Initial log entry. Current logging level 4
000008.079|dns  |*|00|Initial log entry. Current logging level 3
000008.079|curl |*|00|Initial log entry. Current logging level 3
000008.079|sec  |*|00|Initial log entry. Current logging level 4
000008.092|wdog |*|00|Initial log entry. Current logging level 4
000008.092|lldp |*|00|Initial log entry. Current logging level 3
000008.092|cdp  |*|00|Initial log entry. Current logging level 3
000008.092|key  |*|00|Initial log entry. Current logging level 4
000008.121|so   |3|00|Platform: Model=VVX 300, Assembly=3111-46135-002 Rev=A Region=0
000008.121|so   |3|00|Platform: Board=3111-46135-002 1 0
000008.122|so   |3|00|Platform: MAC=0004f28e7808
000008.123|so   |3|00|Platform: BootBlock=3.0.4.0028 (46135-002) 30-Jan-13 18:00
000008.124|so   |*|00|Platform: BootL1=1.0.0.0009 (46135-002) 11-Jan-13 14:23
000008.124|so   |3|00|Application, main: Label=Updater, Version=Peridot 5.1.4.0844 20-Mar-13 14:16
000008.124|so   |3|00|Application, main: P/N=3150-11069-514
000008.124|so   |5|00|Platform: Both images are incorrect, will use Primary Image.
000008.124|log  |*|00|Install file upload callback for 'Updater'

000008.125|app1 |*|00|Initial log entry. Current logging level 3
000008.140|cfg  |*|00|Initial log entry. Current logging level 2
000009.086|so   |3|00|Link status is Net up Speed 100 full Duplex, PC down.
000008.150|so   |*|00|---------- Initial log entry ----------
000008.150|so   |*|00|+++ Note that Updater log times are in GMT +++
000008.150|boot |*|00|Initial log entry. Current logging level 3
000008.150|copy |*|00|Initial log entry. Current logging level 3
000008.150|utilm|*|00|Initial log entry. Current logging level 4
000008.150|hw   |*|00|Initial log entry. Current logging level 4
000008.151|ethf |*|00|Initial log entry. Current logging level 4
000008.151|dns  |*|00|Initial log entry. Current logging level 3
000008.151|curl |*|00|Initial log entry. Current logging level 3
000008.151|sec  |*|00|Initial log entry. Current logging level 4
000008.164|wdog |*|00|Initial log entry. Current logging level 4
000008.164|lldp |*|00|Initial log entry. Current logging level 3
000008.164|cdp  |*|00|Initial log entry. Current logging level 3
000008.164|key  |*|00|Initial log entry. Current logging level 4
000008.191|so   |3|00|Platform: Model=VVX 300, Assembly=3111-46135-002 Rev=A Region=0
000008.191|so   |3|00|Platform: Board=3111-46135-002 1 0
000008.192|so   |3|00|Platform: MAC=0004f28e7808
000008.193|so   |3|00|Platform: BootBlock=3.0.4.0028 (46135-002) 30-Jan-13 18:00
000008.194|so   |*|00|Platform: BootL1=1.0.0.0009 (46135-002) 11-Jan-13 14:23
000008.194|so   |3|00|Application, main: Label=Updater, Version=Peridot 5.1.4.0844 20-Mar-13 14:16
000008.194|so   |3|00|Application, main: P/N=3150-11069-514
000008.194|so   |5|00|Platform: Both images are incorrect, will use Primary Image.
000008.194|log  |*|00|Install file upload callback for 'Updater'

000008.195|app1 |*|00|Initial log entry. Current logging level 3
000008.209|cfg  |*|00|Initial log entry. Current logging level 2
000009.158|so   |3|00|Link status is Net up Speed 100 full Duplex, PC down.
000008.055|so   |*|00|---------- Initial log entry ----------
000008.055|so   |*|00|+++ Note that Updater log times are in GMT +++
000008.056|boot |*|00|Initial log entry. Current logging level 3
000008.056|copy |*|00|Initial log entry. Current logging level 3
000008.056|utilm|*|00|Initial log entry. Current logging level 4
000008.056|hw   |*|00|Initial log entry. Current logging level 4
000008.056|ethf |*|00|Initial log entry. Current logging level 4
000008.056|dns  |*|00|Initial log entry. Current logging level 3
000008.056|curl |*|00|Initial log entry. Current logging level 3
000008.056|sec  |*|00|Initial log entry. Current logging level 4
000008.069|wdog |*|00|Initial log entry. Current logging level 4
000008.069|lldp |*|00|Initial log entry. Current logging level 3
000008.069|cdp  |*|00|Initial log entry. Current logging level 3
000008.069|key  |*|00|Initial log entry. Current logging level 4
000008.111|so   |3|00|Platform: Model=VVX 300, Assembly=3111-46135-002 Rev=A Region=0
000008.111|so   |3|00|Platform: Board=3111-46135-002 1 0
000008.112|so   |3|00|Platform: MAC=0004f28e7808
000008.113|so   |3|00|Platform: BootBlock=3.0.4.0028 (46135-002) 30-Jan-13 18:00
000008.114|so   |*|00|Platform: BootL1=1.0.0.0009 (46135-002) 11-Jan-13 14:23
000008.114|so   |3|00|Application, main: Label=Updater, Version=Peridot 5.1.4.0844 20-Mar-13 14:16
000008.114|so   |3|00|Application, main: P/N=3150-11069-514
000008.114|so   |5|00|Platform: Both images are incorrect, will use Primary Image.
000008.114|log  |*|00|Install file upload callback for 'Updater'

000008.115|app1 |*|00|Initial log entry. Current logging level 3
000008.129|cfg  |*|00|Initial log entry. Current logging level 2
000009.063|so   |3|00|Link status is Net up Speed 100 full Duplex, PC down.
000008.050|so   |*|00|---------- Initial log entry ----------
000008.050|so   |*|00|+++ Note that Updater log times are in GMT +++
000008.050|boot |*|00|Initial log entry. Current logging level 3
000008.050|copy |*|00|Initial log entry. Current logging level 3
000008.050|utilm|*|00|Initial log entry. Current logging level 4
000008.050|hw   |*|00|Initial log entry. Current logging level 4
000008.050|ethf |*|00|Initial log entry. Current logging level 4
000008.051|dns  |*|00|Initial log entry. Current logging level 3
000008.051|curl |*|00|Initial log entry. Current logging level 3
000008.051|sec  |*|00|Initial log entry. Current logging level 4
000008.064|wdog |*|00|Initial log entry. Current logging level 4
000008.064|lldp |*|00|Initial log entry. Current logging level 3
000008.064|cdp  |*|00|Initial log entry. Current logging level 3
000008.064|key  |*|00|Initial log entry. Current logging level 4
000008.091|so   |3|00|Platform: Model=VVX 300, Assembly=3111-46135-002 Rev=A Region=0
000008.091|so   |3|00|Platform: Board=3111-46135-002 1 0
000008.092|so   |3|00|Platform: MAC=0004f28e7808
000008.093|so   |3|00|Platform: BootBlock=3.0.4.0028 (46135-002) 30-Jan-13 18:00
000008.094|so   |*|00|Platform: BootL1=1.0.0.0009 (46135-002) 11-Jan-13 14:23
000008.094|so   |3|00|Application, main: Label=Updater, Version=Peridot 5.1.4.0844 20-Mar-13 14:16
000008.094|so   |3|00|Application, main: P/N=3150-11069-514
000008.094|so   |5|00|Platform: Both images are incorrect, will use Primary Image.
000008.094|log  |*|00|Install file upload callback for 'Updater'

000008.095|app1 |*|00|Initial log entry. Current logging level 3
000008.109|cfg  |*|00|Initial log entry. Current logging level 2
000008.113|dot1x|*|00|Initial log entry. Current logging level 3
000008.113|app1 |3|00|Starting provisioning because of the start type.
000008.314|tls  |*|00|Initial log entry. Current logging level 4
000009.058|so   |3|00|Link status is Net up Speed 100 full Duplex, PC down.
000011.389|lldp |3|00|Enabling 802.1Q tagging, VLAN ID = 111 (from LLDP/CDP)
000011.389|lldp |5|00|VLAN Id has changed to 111.
000014.393|lldp |3|00|LLDP received a response from a switch. LLDP enabled.
000014.450|dhcpc|*|00|Initial log entry. Current logging level 4
000017.026|dns  |*|00|DNS resolver servers are '8.8.8.8' '8.8.4.4'
000017.026|dns  |*|00|DNS resolver search domain is ''
000017.026|app1 |3|00|DNS resolver servers are '8.8.8.8' '8.8.4.4'
000017.026|app1 |3|00|DNS resolver search domain is ''
000017.164|dns  |3|00|DNS lookup for (A) 'p.voxter.com'(74.114.208.245) TTL=14630
000017.166|app1 |3|00|DHCP returned result 0x18F from server 10.2.0.2.
000017.166|app1 |3|00|   Phone IP address is 10.2.0.208.
000017.166|app1 |3|00|   Subnet mask is 255.255.255.0.
000017.166|app1 |3|00|   Gateway address is 10.2.0.1.
000017.166|app1 |3|00|   Provisioning server address is http://p.voxter.com/.
000017.166|app1 |3|00|   DNS server is 8.8.8.8.
000017.166|app1 |3|00|   DNS alternate server is 8.8.4.4.
000017.298|dns  |3|00|DNS lookup for (A) 'pool.ntp.org'(206.108.0.132,192.99.15.169,67.230.163.10) TTL=43
0422013812|app1 |3|00|Time has been set from pool.ntp.org (206.108.0.132).
0422013812|app1 |3|00|   1429666692: 2015-4-22, 1:38:12, DST off
0422013812|copy |3|00|'http://PlcmSpIp:****@p.voxter.com/0004f28e7808.cfg' from 'p.voxter.com(74.114.208.245)'
0422013812|copy |3|00|Download of '0004f28e7808.cfg' succeeded on attempt 1 (addr 1 of 1)
0422013812|cfg  |*|00|Prov|Starting to update 3111-46135-002.sip.ld
0422013812|copy |3|00|'http://PlcmSpIp:****@p.voxter.com/3111-46135-002.sip.ld' from 'p.voxter.com(74.114.208.245)'
0422013813|cfg  |3|00|New load header information:
0422013813|cfg  |3|00|Code length:         0x027559F0
0422013813|cfg  |3|00|Code Checksum:       0x38A3BFD9
0422013813|cfg  |3|00|Options:             0x00000080
0422013813|cfg  |3|00|Recognized container image
0422013813|cfg  |3|00|New load header information:
0422013813|cfg  |3|00|Code length:         0x020760FC
0422013813|cfg  |3|00|Code Checksum:       0x02B7DAEB
0422013813|cfg  |3|00|Options:             0x00000002
0422013813|cfg  |3|00|Application header is different
0422013813|cfg  |3|00|Application in container image 1 is different
0422013813|cfg  |3|00|New load header information:
0422013813|cfg  |3|00|Code length:         0x006DEFE4
0422013813|cfg  |3|00|Code Checksum:       0x38A32210
0422013813|cfg  |3|00|Options:             0x00000010
0422013813|cfg  |3|00|Updater header is different
0422013813|cfg  |3|00|Updater in container image 2 is different
0422013813|cfg  |3|00|Using Updater
0422014706|cfg  |*|00|Prov|Updating the Updater
0422014706|cfg  |3|00|Using compatible image 0
0422015010|copy |3|00|Download of '3111-46135-002.sip.ld' succeeded on attempt 1 (addr 1 of 1)
0422015010|sig  |*|00|Initial log entry. Current logging level 3
0422015010|sig  |3|00|hwSigParseRemove: found key Sig_3.
0422015011|cfg  |3|00|Good image signature
0422015011|cfg  |4|00|Removing application...
0422015016|cfg  |3|00|Programming Updater from sector 320 to 575
0422015022|cfg  |3|00|Programming to sector 320 complete
0422015024|cfg  |*|00|Prov|Image has been changed
0422015024|cfg  |*|00|Prov|Provisioning needs to reboot to upgrade image(s)
000008.491|so   |*|00|---------- Initial log entry ----------
000008.491|so   |*|00|+++ Note that Updater log times are in GMT +++
000008.491|boot |*|00|Initial log entry. Current logging level 3
000008.491|copy |*|00|Initial log entry. Current logging level 3
000008.492|utilm|*|00|Initial log entry. Current logging level 4
000008.492|hw   |*|00|Initial log entry. Current logging level 4
000008.492|ethf |*|00|Initial log entry. Current logging level 4
000008.492|dns  |*|00|Initial log entry. Current logging level 3
000008.492|curl |*|00|Initial log entry. Current logging level 3
000008.492|sec  |*|00|Initial log entry. Current logging level 4
000008.745|wdog |*|00|Initial log entry. Current logging level 4
000008.745|lldp |*|00|Initial log entry. Current logging level 3
000008.745|cdp  |*|00|Initial log entry. Current logging level 3
000008.745|key  |*|00|Initial log entry. Current logging level 4
000008.745|so   |3|00|SoKeyC::keyboardSetup(): Assigning virtual key: hwId 45 soKeyConcordVirtualTab[i].function 53
000008.771|so   |3|00|Platform: Model=VVX 300, Assembly=3111-46135-002 Rev=A Region=0
000008.772|so   |3|00|Platform: Board=3111-46135-002 1 0
000008.772|so   |3|00|Platform: MAC=0004f28e7808
000008.773|so   |3|00|Platform: BootBlock=3.0.4.0028 (46135-002) 30-Jan-13 18:00
000008.774|so   |*|00|Platform: BootL1=1.0.0.0009 (46135-002) 11-Jan-13 14:23
000008.774|so   |3|00|Application, main: Label=Updater, Version=Fayalite 5.5.0.13251 24-Mar-15 02:46
000008.774|so   |3|00|Application, main: P/N=3150-11069-550
000008.774|log  |*|00|Install file upload callback for 'Updater'

000008.775|app1 |*|00|Initial log entry. Current logging level 3
000008.787|cfg  |*|00|Initial log entry. Current logging level 2
000008.792|dot1x|*|00|Initial log entry. Current logging level 3
000008.792|app1 |3|00|Starting provisioning because of the start type.
000008.998|tls  |*|00|Initial log entry. Current logging level 4
000009.742|so   |3|00|Link status is Net up Speed 100 full Duplex, PC down.
000011.262|lldp |3|00|Enabling 802.1Q tagging, VLAN ID = 111 (from LLDP/CDP)
000011.262|lldp |5|00|VLAN Id has changed to 111.
000015.089|lldp |3|00|LLDP received a response from a switch. LLDP enabled.
000015.283|dhcpc|*|00|Initial log entry. Current logging level 2
000015.284|dhcpc|3|00|dhcAddIf v4 succeeds: eth0.111.
000015.289|dhcpc|3|00|dhcRebind v4: Will wait until sync rebind completes.
000015.824|dhcpc|3|00|relLease(0) v4: Succeeded to fork dhclient to terminate.
000016.475|dhcpc|3|00|dhcListener: Read succeeds: eth0.111 state: PREINIT
.
000016.475|dhcpc|4|00|DhcpClient::processLine: no callback for state 1 if eth0.111
000017.671|dhcpc|3|00|dhcListener: Read succeeds: eth0.111 ip: 10.2.0.208
.
000017.673|dhcpc|3|00|dhcListener: Read succeeds: eth0.111 option: subnet-mask 255.255.255.0
.
000017.674|dhcpc|3|00|dhcListener: Read succeeds: eth0.111 option: routers 10.2.0.1
.
000017.675|dhcpc|3|00|dhcListener: Read succeeds: eth0.111 option: domain-name-servers 8.8.8.8 8.8.4.4
.
000017.677|dhcpc|3|00|dhcListener: Read succeeds: eth0.111 option: dhcp-lease-time 600
.
000017.678|dhcpc|3|00|dhcListener: Read succeeds: eth0.111 option: tftp-server-name http://p.voxter.com/
.
000017.679|dhcpc|3|00|dhcListener: Read succeeds: eth0.111 option: dhcp-server-identifier 10.2.0.2
.
000017.684|dhcpc|3|00|dhcListener: Read succeeds: eth0.111 option: broadcast-address 10.2.0.255
.
000017.689|dhcpc|3|00|dhcListener: Read succeeds: eth0.111 option: dhcp-lease-time 600
.
000017.690|dhcpc|3|00|dhcListener: Read succeeds: eth0.111 option: dhcp-message-type 5
.
000017.726|dhcpc|3|00|dhcListener: Read succeeds: eth0.111 state: BOUND
.
000017.727|dhcpc|4|00|DhcpClient::processLine: no callback for state 2 if eth0.111
000017.727|dhcpc|3|00|dhcRebind v4: Sync rebind succeeds.
000017.728|dhcpc|3|00|Program eth0.111 to use subnet mask 255.255.255.0, result 0.
000017.729|dhcpc|3|00|Program eth0.111 to use ip address 10.2.0.208, result 0.
000017.729|dhcpc|3|00|Program eth0.111 to use router 10.2.0.1, result 0.
000017.747|dhcpc|3|00|getLease v4: Succeeded to fork dhclient for interface eth0.111.
000018.738|ares |*|00|Initial log entry. Current logging level 3
000018.739|dns  |*|00|DNS resolver servers are '8.8.8.8' '8.8.4.4'
000018.739|dns  |*|00|DNS resolver search domain is ''
000018.740|app1 |3|00|DNS resolver servers are '8.8.8.8' '8.8.4.4'
000018.740|app1 |3|00|DNS resolver search domain is ''
000018.993|app1 |3|00|DHCP returned result 0x18F from server 10.2.0.2.
000018.993|app1 |3|00|   Phone IPv4 address is 10.2.0.208.
000018.993|app1 |3|00|   Subnet mask is 255.255.255.0.
000018.993|app1 |3|00|   Gateway address is 10.2.0.1.
000018.993|app1 |3|00|   Provisioning server address is http://p.voxter.com/.
000018.993|app1 |3|00|   DNS server is 8.8.8.8
000018.993|app1 |3|00|   DNS alternate server is 8.8.4.4.
0422015059|app1 |3|00|Time has been set from pool.ntp.org (69.28.67.44).
0422015059|app1 |3|00|   1429667459: 2015-4-22, 1:50:59, DST off
0422015059|copy |3|00|'http://PlcmSpIp:****@p.voxter.com/0004f28e7808.cfg' from 'p.voxter.com(74.114.208.245)'
0422015059|copy |3|00|Download of '0004f28e7808.cfg' succeeded on attempt 1 (addr 1 of 1)
0422015059|cfg  |*|00|Prov|Starting to update 3111-46135-002.sip.ld
0422015059|copy |3|00|'http://PlcmSpIp:****@p.voxter.com/3111-46135-002.sip.ld' from 'p.voxter.com(74.114.208.245)'
0422015101|cfg  |3|00|New load header information:
0422015101|cfg  |3|00|Code length:         0x027559F0
0422015101|cfg  |3|00|Code Checksum:       0x38A3BFD9
0422015101|cfg  |3|00|Options:             0x00000080
0422015101|cfg  |3|00|Recognized container image
0422015101|cfg  |3|00|New load header information:
0422015101|cfg  |3|00|Code length:         0x020760FC
0422015101|cfg  |3|00|Code Checksum:       0x02B7DAEB
0422015101|cfg  |3|00|Options:             0x00000002
0422015101|cfg  |3|00|Could not open application file for checking
0422015101|cfg  |3|00|Application in container image 1 is different
0422015101|cfg  |3|00|New load header information:
0422015101|cfg  |3|00|Code length:         0x006DEFE4
0422015101|cfg  |3|00|Code Checksum:       0x38A32210
0422015101|cfg  |3|00|Options:             0x00000010
0422015101|cfg  |3|00|Updater is already present
0422015101|cfg  |3|00|Updater in container image 2 is not different
0422015101|cfg  |3|00|Using application
0422015101|cfg  |*|00|Prov|Updating the Application
0422015101|cfg  |3|00|Using compatible image 0
0422015528|dhcpc|3|00|dhcListener: Read succeeds: eth0.111 state: RENEW
.
0422015528|dhcpc|4|00|DhcpClient::processLine: no callback for state 6 if eth0.111
0422015940|dhcpc|3|00|dhcListener: Read succeeds: eth0.111 state: RENEW
.
0422015940|dhcpc|4|00|DhcpClient::processLine: no callback for state 6 if eth0.111
0422020155|copy |3|00|buffered_write: transfer terminated
0422020155|copy |3|00|Download of '3111-46135-002.sip.ld' succeeded on attempt 1 (addr 1 of 1)
0422020156|sig  |*|00|Initial log entry. Current logging level 3
0422020156|sig  |3|00|hwSigParseRemove: found key Sig_3.
0422020159|cfg  |3|00|Good image signature
0422020200|cfg  |3|00|Programming 34038588 bytes into tffs in 4K blocks
0422020203|cfg  |3|00|Extracting application files
0422020203|cfg  |3|00|New load header information:
0422020203|cfg  |3|00|Code length:         0x020760FC
0422020203|cfg  |3|00|Code Checksum:       0x02B7DAEB
0422020203|cfg  |3|00|Options:             0x00000002
0422020426|cfg  |3|00|Finished extracting application files (OK)
0422020430|dhcpc|3|00|dhcListener: Read succeeds: eth0.111 state: RENEW
.
0422020430|dhcpc|4|00|DhcpClient::processLine: no callback for state 6 if eth0.111
0422020434|cfg  |3|00|File system is synchronized
0422020435|cfg  |*|00|Prov|Succeeded updating file 3111-46135-002.sip.ld
0422020435|cfg  |*|00|Prov|Image has been changed
0422020435|cfg  |3|00|Prov|Provisioning succeeded
0422020435|app1 |3|00|Application, load: Type=SIP, Version=5.3.0.12074 24-Mar-15 03:06
0422020435|cfg  |*|00|Prov|Finished updating configuration
0422020435|boot |*|00|Using TFFS for flash load
0422020435|boot |*|00|Code length:         0x020760FC
0422020435|boot |*|00|Code checksum:       0x02B7DAEB
0422020435|app1 |4|00|Loaded application sip.ld from local system successfully.
0422020435|app1 |6|00|Uploading boot log, time is Wed Apr 22 02:04:35 2015

0422020435|copy |3|00|'http://PlcmSpIp:****@p.voxter.com/logs/0004f28e7808-boot.log' to 'p.voxter.com(74.114.208.245)'
0422020437|copy |3|00|Upload of 'logs/0004f28e7808-boot.log' succeeded on attempt 1 (addr 1 of 1)
0422020437|dhcpc|3|00|relLease(0) v4: Succeeded to fork dhclient to terminate.
0422020455|cfg  |3|00|Prov|Shutting down
000008.356|so   |*|00|---------- Initial log entry ----------
000008.356|so   |*|00|+++ Note that Updater log times are in GMT +++
000008.356|boot |*|00|Initial log entry. Current logging level 3
000008.356|copy |*|00|Initial log entry. Current logging level 3
000008.356|utilm|*|00|Initial log entry. Current logging level 4
000008.356|hw   |*|00|Initial log entry. Current logging level 4
000008.356|ethf |*|00|Initial log entry. Current logging level 4
000008.357|dns  |*|00|Initial log entry. Current logging level 3
000008.357|curl |*|00|Initial log entry. Current logging level 3
000008.357|sec  |*|00|Initial log entry. Current logging level 4
000008.371|wdog |*|00|Initial log entry. Current logging level 4
000008.371|lldp |*|00|Initial log entry. Current logging level 3
000008.371|cdp  |*|00|Initial log entry. Current logging level 3
000008.371|key  |*|00|Initial log entry. Current logging level 4
000008.371|so   |3|00|SoKeyC::keyboardSetup(): Assigning virtual key: hwId 45 soKeyConcordVirtualTab[i].function 53
000008.401|so   |3|00|Platform: Model=VVX 300, Assembly=3111-46135-002 Rev=A Region=0
000008.401|so   |3|00|Platform: Board=3111-46135-002 1 0
000008.402|so   |3|00|Platform: MAC=0004f28e7808
000008.403|so   |3|00|Platform: BootBlock=3.0.4.0028 (46135-002) 30-Jan-13 18:00
000008.404|so   |*|00|Platform: BootL1=1.0.0.0009 (46135-002) 11-Jan-13 14:23
000008.404|so   |3|00|Application, main: Label=Updater, Version=Fayalite 5.5.0.13251 24-Mar-15 02:46
000008.404|so   |3|00|Application, main: P/N=3150-11069-550
000008.404|log  |*|00|Install file upload callback for 'Updater'

000008.405|app1 |*|00|Initial log entry. Current logging level 3
000008.418|cfg  |*|00|Initial log entry. Current logging level 2
000008.430|app1 |3|00|Application, load: Type=SIP, Version=5.3.0.12074 24-Mar-15 03:06
000009.370|so   |3|00|Link status is Net up Speed 100 full Duplex, PC down.
