000008.698|so   |*|01|---------- Initial log entry ----------
000008.698|so   |*|01|+++ Note that Updater log times are in GMT +++
000008.698|boot |*|01|Initial log entry. Current logging level 3
000008.698|copy |*|01|Initial log entry. Current logging level 3
000008.698|utilm|*|01|Initial log entry. Current logging level 4
000008.699|hw   |*|01|Initial log entry. Current logging level 4
000008.699|ethf |*|01|Initial log entry. Current logging level 4
000008.699|dns  |*|01|Initial log entry. Current logging level 3
000008.699|curl |*|01|Initial log entry. Current logging level 3
000008.699|sec  |*|01|Initial log entry. Current logging level 4
000008.712|wdog |*|01|Initial log entry. Current logging level 4
000008.713|lldp |*|01|Initial log entry. Current logging level 3
000008.713|cdp  |*|01|Initial log entry. Current logging level 3
000008.713|key  |*|01|Initial log entry. Current logging level 4
000008.741|so   |3|01|Platform: Model=VVX 300, Assembly=3111-46135-002 Rev=A Region=0
000008.741|so   |3|01|Platform: Board=3111-46135-002 1 0
000008.742|so   |3|01|Platform: MAC=0004f28e79e4
000008.743|so   |3|01|Platform: BootBlock=3.0.4.0028 (46135-002) 30-Jan-13 18:00
000008.744|so   |*|01|Platform: BootL1=1.0.0.0009 (46135-002) 11-Jan-13 14:23
000008.744|so   |3|01|Application, main: Label=Updater, Version=Peridot 5.1.4.0844 20-Mar-13 14:16
000008.744|so   |3|01|Application, main: P/N=3150-11069-514
000008.744|so   |5|01|Platform: Both images are incorrect, will use Primary Image.
000008.744|log  |*|01|Install file upload callback for 'Updater'

000008.745|app1 |*|01|Initial log entry. Current logging level 3
000008.760|cfg  |*|01|Initial log entry. Current logging level 2
000009.710|so   |3|01|Link status is Net up Speed 100 full Duplex, PC up Speed 100 full Duplex.
000008.584|so   |*|01|---------- Initial log entry ----------
000008.584|so   |*|01|+++ Note that Updater log times are in GMT +++
000008.584|boot |*|01|Initial log entry. Current logging level 3
000008.584|copy |*|01|Initial log entry. Current logging level 3
000008.584|utilm|*|01|Initial log entry. Current logging level 4
000008.584|hw   |*|01|Initial log entry. Current logging level 4
000008.584|ethf |*|01|Initial log entry. Current logging level 4
000008.584|dns  |*|01|Initial log entry. Current logging level 3
000008.585|curl |*|01|Initial log entry. Current logging level 3
000008.585|sec  |*|01|Initial log entry. Current logging level 4
000008.599|wdog |*|01|Initial log entry. Current logging level 4
000008.599|lldp |*|01|Initial log entry. Current logging level 3
000008.599|cdp  |*|01|Initial log entry. Current logging level 3
000008.599|key  |*|01|Initial log entry. Current logging level 4
000008.621|so   |3|01|Platform: Model=VVX 300, Assembly=3111-46135-002 Rev=A Region=0
000008.621|so   |3|01|Platform: Board=3111-46135-002 1 0
000008.622|so   |3|01|Platform: MAC=0004f28e79e4
000008.623|so   |3|01|Platform: BootBlock=3.0.4.0028 (46135-002) 30-Jan-13 18:00
000008.624|so   |*|01|Platform: BootL1=1.0.0.0009 (46135-002) 11-Jan-13 14:23
000008.624|so   |3|01|Application, main: Label=Updater, Version=Peridot 5.1.4.0844 20-Mar-13 14:16
000008.624|so   |3|01|Application, main: P/N=3150-11069-514
000008.624|so   |5|01|Platform: Both images are incorrect, will use Primary Image.
000008.624|log  |*|01|Install file upload callback for 'Updater'

000008.625|app1 |*|01|Initial log entry. Current logging level 3
000008.640|cfg  |*|01|Initial log entry. Current logging level 2
000009.588|so   |3|01|Link status is Net up Speed 100 full Duplex, PC down.
000008.064|so   |*|00|---------- Initial log entry ----------
000008.065|so   |*|00|+++ Note that Updater log times are in GMT +++
000008.065|boot |*|00|Initial log entry. Current logging level 3
000008.065|copy |*|00|Initial log entry. Current logging level 3
000008.065|utilm|*|00|Initial log entry. Current logging level 4
000008.065|hw   |*|00|Initial log entry. Current logging level 4
000008.065|ethf |*|00|Initial log entry. Current logging level 4
000008.065|dns  |*|00|Initial log entry. Current logging level 3
000008.065|curl |*|00|Initial log entry. Current logging level 3
000008.065|sec  |*|00|Initial log entry. Current logging level 4
000008.078|wdog |*|00|Initial log entry. Current logging level 4
000008.079|lldp |*|00|Initial log entry. Current logging level 3
000008.079|cdp  |*|00|Initial log entry. Current logging level 3
000008.079|key  |*|00|Initial log entry. Current logging level 4
000008.101|so   |3|00|Platform: Model=VVX 300, Assembly=3111-46135-002 Rev=A Region=0
000008.102|so   |3|00|Platform: Board=3111-46135-002 1 0
000008.102|so   |3|00|Platform: MAC=0004f28e79e4
000008.103|so   |3|00|Platform: BootBlock=3.0.4.0028 (46135-002) 30-Jan-13 18:00
000008.104|so   |*|00|Platform: BootL1=1.0.0.0009 (46135-002) 11-Jan-13 14:23
000008.104|so   |3|00|Application, main: Label=Updater, Version=Peridot 5.1.4.0844 20-Mar-13 14:16
000008.104|so   |3|00|Application, main: P/N=3150-11069-514
000008.104|so   |5|00|Platform: Both images are incorrect, will use Primary Image.
000008.104|log  |*|00|Install file upload callback for 'Updater'

000008.105|app1 |*|00|Initial log entry. Current logging level 3
000008.119|cfg  |*|00|Initial log entry. Current logging level 2
000009.072|so   |3|00|Link status is Net up Speed 100 full Duplex, PC down.
000009.821|so   |*|00|---------- Initial log entry ----------
000009.821|so   |*|00|+++ Note that Updater log times are in GMT +++
000009.822|boot |*|00|Initial log entry. Current logging level 3
000009.822|copy |*|00|Initial log entry. Current logging level 3
000009.822|utilm|*|00|Initial log entry. Current logging level 4
000009.822|hw   |*|00|Initial log entry. Current logging level 4
000009.822|ethf |*|00|Initial log entry. Current logging level 4
000009.822|dns  |*|00|Initial log entry. Current logging level 3
000009.822|curl |*|00|Initial log entry. Current logging level 3
000009.822|sec  |*|00|Initial log entry. Current logging level 4
000009.835|wdog |*|00|Initial log entry. Current logging level 4
000009.835|lldp |*|00|Initial log entry. Current logging level 3
000009.835|cdp  |*|00|Initial log entry. Current logging level 3
000009.835|key  |*|00|Initial log entry. Current logging level 4
000009.863|so   |3|00|Platform: Model=VVX 300, Assembly=3111-46135-002 Rev=A Region=0
000009.863|so   |3|00|Platform: Board=3111-46135-002 1 0
000009.863|so   |3|00|Platform: MAC=0004f28e79e4
000009.864|so   |3|00|Platform: BootBlock=3.0.4.0028 (46135-002) 30-Jan-13 18:00
000009.865|so   |*|00|Platform: BootL1=1.0.0.0009 (46135-002) 11-Jan-13 14:23
000009.865|so   |3|00|Application, main: Label=Updater, Version=Peridot 5.1.4.0844 20-Mar-13 14:16
000009.866|so   |3|00|Application, main: P/N=3150-11069-514
000009.866|so   |5|00|Platform: Both images are incorrect, will use Primary Image.
000009.866|log  |*|00|Install file upload callback for 'Updater'

000009.867|app1 |*|00|Initial log entry. Current logging level 3
000009.881|cfg  |*|00|Initial log entry. Current logging level 2
000010.831|so   |3|00|Link status is Net up Speed 100 full Duplex, PC up Speed 100 full Duplex.
000008.376|so   |*|00|---------- Initial log entry ----------
000008.376|so   |*|00|+++ Note that Updater log times are in GMT +++
000008.376|boot |*|00|Initial log entry. Current logging level 3
000008.376|copy |*|00|Initial log entry. Current logging level 3
000008.376|utilm|*|00|Initial log entry. Current logging level 4
000008.376|hw   |*|00|Initial log entry. Current logging level 4
000008.376|ethf |*|00|Initial log entry. Current logging level 4
000008.377|dns  |*|00|Initial log entry. Current logging level 3
000008.377|curl |*|00|Initial log entry. Current logging level 3
000008.377|sec  |*|00|Initial log entry. Current logging level 4
000008.390|wdog |*|00|Initial log entry. Current logging level 4
000008.390|lldp |*|00|Initial log entry. Current logging level 3
000008.390|cdp  |*|00|Initial log entry. Current logging level 3
000008.390|key  |*|00|Initial log entry. Current logging level 4
000008.421|so   |3|00|Platform: Model=VVX 300, Assembly=3111-46135-002 Rev=A Region=0
000008.421|so   |3|00|Platform: Board=3111-46135-002 1 0
000008.422|so   |3|00|Platform: MAC=0004f28e79e4
000008.423|so   |3|00|Platform: BootBlock=3.0.4.0028 (46135-002) 30-Jan-13 18:00
000008.424|so   |*|00|Platform: BootL1=1.0.0.0009 (46135-002) 11-Jan-13 14:23
000008.424|so   |3|00|Application, main: Label=Updater, Version=Peridot 5.1.4.0844 20-Mar-13 14:16
000008.424|so   |3|00|Application, main: P/N=3150-11069-514
000008.424|so   |5|00|Platform: Both images are incorrect, will use Primary Image.
000008.424|log  |*|00|Install file upload callback for 'Updater'

000008.425|app1 |*|00|Initial log entry. Current logging level 3
000008.439|cfg  |*|00|Initial log entry. Current logging level 2
000009.384|so   |3|00|Link status is Net up Speed 100 full Duplex, PC down.
000008.107|so   |*|00|---------- Initial log entry ----------
000008.108|so   |*|00|+++ Note that Updater log times are in GMT +++
000008.108|boot |*|00|Initial log entry. Current logging level 3
000008.108|copy |*|00|Initial log entry. Current logging level 3
000008.108|utilm|*|00|Initial log entry. Current logging level 4
000008.108|hw   |*|00|Initial log entry. Current logging level 4
000008.108|ethf |*|00|Initial log entry. Current logging level 4
000008.108|dns  |*|00|Initial log entry. Current logging level 3
000008.108|curl |*|00|Initial log entry. Current logging level 3
000008.108|sec  |*|00|Initial log entry. Current logging level 4
000008.121|wdog |*|00|Initial log entry. Current logging level 4
000008.121|lldp |*|00|Initial log entry. Current logging level 3
000008.121|cdp  |*|00|Initial log entry. Current logging level 3
000008.121|key  |*|00|Initial log entry. Current logging level 4
000008.151|so   |3|00|Platform: Model=VVX 300, Assembly=3111-46135-002 Rev=A Region=0
000008.151|so   |3|00|Platform: Board=3111-46135-002 1 0
000008.152|so   |3|00|Platform: MAC=0004f28e79e4
000008.153|so   |3|00|Platform: BootBlock=3.0.4.0028 (46135-002) 30-Jan-13 18:00
000008.154|so   |*|00|Platform: BootL1=1.0.0.0009 (46135-002) 11-Jan-13 14:23
000008.154|so   |3|00|Application, main: Label=Updater, Version=Peridot 5.1.4.0844 20-Mar-13 14:16
000008.154|so   |3|00|Application, main: P/N=3150-11069-514
000008.154|so   |5|00|Platform: Both images are incorrect, will use Primary Image.
000008.154|log  |*|00|Install file upload callback for 'Updater'

000008.155|app1 |*|00|Initial log entry. Current logging level 3
000008.169|cfg  |*|00|Initial log entry. Current logging level 2
000008.173|dot1x|*|00|Initial log entry. Current logging level 3
000008.173|app1 |3|00|Starting provisioning because of the start type.
000008.373|tls  |*|00|Initial log entry. Current logging level 4
000009.115|so   |3|00|Link status is Net up Speed 100 full Duplex, PC down.
000014.454|lldp |3|00|LLDP received a response from a switch. LLDP enabled.
000014.510|dhcpc|*|00|Initial log entry. Current logging level 4
000020.251|dns  |*|00|DNS resolver servers are '8.8.8.8' '8.8.4.4'
000020.251|dns  |*|00|DNS resolver search domain is ''
000020.251|app1 |3|00|DNS resolver servers are '8.8.8.8' '8.8.4.4'
000020.251|app1 |3|00|DNS resolver search domain is ''
000020.299|dns  |3|00|DNS lookup for (A) 'p.voxter.com'(74.114.208.245) TTL=5031
000020.301|app1 |3|00|DHCP returned result 0x18F from server 10.2.0.2.
000020.301|app1 |3|00|   Phone IP address is 10.2.0.234.
000020.301|app1 |3|00|   Subnet mask is 255.255.255.0.
000020.301|app1 |3|00|   Gateway address is 10.2.0.1.
000020.301|app1 |3|00|   Provisioning server address is http://p.voxter.com/.
000020.301|app1 |3|00|   DNS server is 8.8.8.8.
000020.301|app1 |3|00|   DNS alternate server is 8.8.4.4.
000020.332|dns  |3|00|DNS lookup for (A) 'pool.ntp.org'(206.108.0.132,192.95.20.208,69.28.67.44) TTL=59
0422005418|app1 |3|00|Time has been set from pool.ntp.org (206.108.0.132).
0422005418|app1 |3|00|   1429664058: 2015-4-22, 0:54:18, DST off
0422005418|copy |3|00|'http://PlcmSpIp:****@p.voxter.com/0004f28e79e4.cfg' from 'p.voxter.com(74.114.208.245)'
0422005418|copy |3|00|Download of '0004f28e79e4.cfg' succeeded on attempt 1 (addr 1 of 1)
0422005418|cfg  |*|00|Prov|Starting to update 3111-46135-002.sip.ld
0422005418|copy |3|00|'http://PlcmSpIp:****@p.voxter.com/3111-46135-002.sip.ld' from 'p.voxter.com(74.114.208.245)'
0422005418|cfg  |3|00|New load header information:
0422005418|cfg  |3|00|Code length:         0x027559F0
0422005418|cfg  |3|00|Code Checksum:       0x38A3BFD9
0422005418|cfg  |3|00|Options:             0x00000080
0422005418|cfg  |3|00|Recognized container image
0422005418|cfg  |3|00|New load header information:
0422005418|cfg  |3|00|Code length:         0x020760FC
0422005418|cfg  |3|00|Code Checksum:       0x02B7DAEB
0422005418|cfg  |3|00|Options:             0x00000002
0422005418|cfg  |3|00|Application header is different
0422005418|cfg  |3|00|Application in container image 1 is different
0422005418|cfg  |3|00|New load header information:
0422005418|cfg  |3|00|Code length:         0x006DEFE4
0422005418|cfg  |3|00|Code Checksum:       0x38A32210
0422005418|cfg  |3|00|Options:             0x00000010
0422005418|cfg  |3|00|Updater header is different
0422005418|cfg  |3|00|Updater in container image 2 is different
0422005418|cfg  |3|00|Using Updater
0422005506|cfg  |*|00|Prov|Updating the Updater
0422005506|cfg  |3|00|Using compatible image 0
0422005516|copy |3|00|Download of '3111-46135-002.sip.ld' succeeded on attempt 1 (addr 1 of 1)
0422005517|sig  |*|00|Initial log entry. Current logging level 3
0422005517|sig  |3|00|hwSigParseRemove: found key Sig_3.
0422005517|cfg  |3|00|Good image signature
0422005518|cfg  |4|00|Removing application...
0422005522|cfg  |3|00|Programming Updater from sector 320 to 575
0422005529|cfg  |3|00|Programming to sector 320 complete
0422005531|cfg  |*|00|Prov|Image has been changed
0422005531|cfg  |*|00|Prov|Provisioning needs to reboot to upgrade image(s)
000008.518|so   |*|00|---------- Initial log entry ----------
000008.518|so   |*|00|+++ Note that Updater log times are in GMT +++
000008.518|boot |*|00|Initial log entry. Current logging level 3
000008.518|copy |*|00|Initial log entry. Current logging level 3
000008.519|utilm|*|00|Initial log entry. Current logging level 4
000008.519|hw   |*|00|Initial log entry. Current logging level 4
000008.519|ethf |*|00|Initial log entry. Current logging level 4
000008.519|dns  |*|00|Initial log entry. Current logging level 3
000008.519|curl |*|00|Initial log entry. Current logging level 3
000008.519|sec  |*|00|Initial log entry. Current logging level 4
000008.766|wdog |*|00|Initial log entry. Current logging level 4
000008.766|lldp |*|00|Initial log entry. Current logging level 3
000008.766|cdp  |*|00|Initial log entry. Current logging level 3
000008.767|key  |*|00|Initial log entry. Current logging level 4
000008.767|so   |3|00|SoKeyC::keyboardSetup(): Assigning virtual key: hwId 45 soKeyConcordVirtualTab[i].function 53
000008.791|so   |3|00|Platform: Model=VVX 300, Assembly=3111-46135-002 Rev=A Region=0
000008.791|so   |3|00|Platform: Board=3111-46135-002 1 0
000008.792|so   |3|00|Platform: MAC=0004f28e79e4
000008.793|so   |3|00|Platform: BootBlock=3.0.4.0028 (46135-002) 30-Jan-13 18:00
000008.794|so   |*|00|Platform: BootL1=1.0.0.0009 (46135-002) 11-Jan-13 14:23
000008.794|so   |3|00|Application, main: Label=Updater, Version=Fayalite 5.5.0.13251 24-Mar-15 02:46
000008.794|so   |3|00|Application, main: P/N=3150-11069-550
000008.794|log  |*|00|Install file upload callback for 'Updater'

000008.795|app1 |*|00|Initial log entry. Current logging level 3
000008.807|cfg  |*|00|Initial log entry. Current logging level 2
000008.812|dot1x|*|00|Initial log entry. Current logging level 3
000008.812|app1 |3|00|Starting provisioning because of the start type.
000009.017|tls  |*|00|Initial log entry. Current logging level 4
000009.764|so   |3|00|Link status is Net up Speed 100 full Duplex, PC down.
000015.109|lldp |3|00|LLDP received a response from a switch. LLDP enabled.
000015.302|dhcpc|*|00|Initial log entry. Current logging level 2
000015.304|dhcpc|3|00|dhcAddIf v4 succeeds: eth0.
000015.309|dhcpc|3|00|dhcRebind v4: Will wait until sync rebind completes.
000015.962|dhcpc|3|00|dhcListener: Read succeeds: state:
.
000015.966|dhcpc|3|00|relLease(0) v4: Succeeded to fork dhclient to terminate.
000016.618|dhcpc|3|00|dhcListener: Read succeeds: eth0 state: PREINIT
.
000016.619|dhcpc|4|00|DhcpClient::processLine: no callback for state 1 if eth0
000017.831|dhcpc|3|00|dhcListener: Read succeeds: eth0 ip: 10.2.0.234
.
000017.832|dhcpc|3|00|dhcListener: Read succeeds: eth0 option: subnet-mask 255.255.255.0
.
000017.834|dhcpc|3|00|dhcListener: Read succeeds: eth0 option: routers 10.2.0.1
.
000017.835|dhcpc|3|00|dhcListener: Read succeeds: eth0 option: domain-name-servers 8.8.8.8 8.8.4.4
.
000017.837|dhcpc|3|00|dhcListener: Read succeeds: eth0 option: dhcp-lease-time 600
.
000017.838|dhcpc|3|00|dhcListener: Read succeeds: eth0 option: tftp-server-name http://p.voxter.com/
.
000017.839|dhcpc|3|00|dhcListener: Read succeeds: eth0 option: dhcp-server-identifier 10.2.0.2
.
000017.844|dhcpc|3|00|dhcListener: Read succeeds: eth0 option: broadcast-address 10.2.0.255
.
000017.849|dhcpc|3|00|dhcListener: Read succeeds: eth0 option: dhcp-lease-time 600
.
000017.850|dhcpc|3|00|dhcListener: Read succeeds: eth0 option: dhcp-message-type 5
.
000017.885|dhcpc|3|00|dhcListener: Read succeeds: eth0 state: BOUND
.
000017.885|dhcpc|4|00|DhcpClient::processLine: no callback for state 2 if eth0
000017.886|dhcpc|3|00|dhcRebind v4: Sync rebind succeeds.
000017.886|dhcpc|3|00|Program eth0 to use subnet mask 255.255.255.0, result -1.
000017.887|dhcpc|3|00|Program eth0 to use ip address 10.2.0.234, result 0.
000017.887|dhcpc|3|00|Program eth0 to use router 10.2.0.1, result 0.
000017.905|dhcpc|3|00|getLease v4: Succeeded to fork dhclient for interface eth0.
000018.896|ares |*|00|Initial log entry. Current logging level 3
000018.898|dns  |*|00|DNS resolver servers are '8.8.8.8' '8.8.4.4'
000018.898|dns  |*|00|DNS resolver search domain is ''
000018.898|app1 |3|00|DNS resolver servers are '8.8.8.8' '8.8.4.4'
000018.898|app1 |3|00|DNS resolver search domain is ''
000018.966|app1 |3|00|DHCP returned result 0x18F from server 10.2.0.2.
000018.966|app1 |3|00|   Phone IPv4 address is 10.2.0.234.
000018.966|app1 |3|00|   Subnet mask is 255.255.255.0.
000018.966|app1 |3|00|   Gateway address is 10.2.0.1.
000018.966|app1 |3|00|   Provisioning server address is http://p.voxter.com/.
000018.966|app1 |3|00|   DNS server is 8.8.8.8
000018.966|app1 |3|00|   DNS alternate server is 8.8.4.4.
0422005605|app1 |3|00|Time has been set from pool.ntp.org (192.99.15.169).
0422005605|app1 |3|00|   1429664165: 2015-4-22, 0:56:5, DST off
0422005605|copy |3|00|'http://PlcmSpIp:****@p.voxter.com/0004f28e79e4.cfg' from 'p.voxter.com(74.114.208.245)'
0422005605|copy |3|00|Download of '0004f28e79e4.cfg' succeeded on attempt 1 (addr 1 of 1)
0422005605|cfg  |*|00|Prov|Starting to update 3111-46135-002.sip.ld
0422005605|copy |3|00|'http://PlcmSpIp:****@p.voxter.com/3111-46135-002.sip.ld' from 'p.voxter.com(74.114.208.245)'
0422005605|cfg  |3|00|New load header information:
0422005605|cfg  |3|00|Code length:         0x027559F0
0422005605|cfg  |3|00|Code Checksum:       0x38A3BFD9
0422005605|cfg  |3|00|Options:             0x00000080
0422005605|cfg  |3|00|Recognized container image
0422005605|cfg  |3|00|New load header information:
0422005605|cfg  |3|00|Code length:         0x020760FC
0422005605|cfg  |3|00|Code Checksum:       0x02B7DAEB
0422005605|cfg  |3|00|Options:             0x00000002
0422005605|cfg  |3|00|Could not open application file for checking
0422005605|cfg  |3|00|Application in container image 1 is different
0422005605|cfg  |3|00|New load header information:
0422005605|cfg  |3|00|Code length:         0x006DEFE4
0422005605|cfg  |3|00|Code Checksum:       0x38A32210
0422005605|cfg  |3|00|Options:             0x00000010
0422005605|cfg  |3|00|Updater is already present
0422005605|cfg  |3|00|Updater in container image 2 is not different
0422005605|cfg  |3|00|Using application
0422005605|cfg  |*|00|Prov|Updating the Application
0422005605|cfg  |3|00|Using compatible image 0
0422005653|copy |3|00|buffered_write: transfer terminated
0422005653|copy |3|00|Download of '3111-46135-002.sip.ld' succeeded on attempt 1 (addr 1 of 1)
0422005654|sig  |*|00|Initial log entry. Current logging level 3
0422005654|sig  |3|00|hwSigParseRemove: found key Sig_3.
0422005657|cfg  |3|00|Good image signature
0422005658|cfg  |3|00|Programming 34038588 bytes into tffs in 4K blocks
0422005701|cfg  |3|00|Extracting application files
0422005701|cfg  |3|00|New load header information:
0422005701|cfg  |3|00|Code length:         0x020760FC
0422005701|cfg  |3|00|Code Checksum:       0x02B7DAEB
0422005701|cfg  |3|00|Options:             0x00000002
0422005928|cfg  |3|00|Finished extracting application files (OK)
0422005932|cfg  |3|00|File system is synchronized
0422005933|cfg  |*|00|Prov|Succeeded updating file 3111-46135-002.sip.ld
0422005933|cfg  |*|00|Prov|Image has been changed
0422005933|cfg  |3|00|Prov|Provisioning succeeded
0422005933|app1 |3|00|Application, load: Type=SIP, Version=5.3.0.12074 24-Mar-15 03:06
0422005933|cfg  |*|00|Prov|Finished updating configuration
0422005933|boot |*|00|Using TFFS for flash load
0422005933|boot |*|00|Code length:         0x020760FC
0422005933|boot |*|00|Code checksum:       0x02B7DAEB
0422005933|app1 |4|00|Loaded application sip.ld from local system successfully.
0422005933|app1 |6|00|Uploading boot log, time is Wed Apr 22 00:59:33 2015

0422005933|copy |3|00|'http://PlcmSpIp:****@p.voxter.com/logs/0004f28e79e4-boot.log' to 'p.voxter.com(74.114.208.245)'
0422005933|copy |3|00|Upload of 'logs/0004f28e79e4-boot.log' succeeded on attempt 1 (addr 1 of 1)
0422005934|dhcpc|3|00|relLease(0) v4: Succeeded to fork dhclient to terminate.
0422005948|cfg  |3|00|Prov|Shutting down
000008.356|so   |*|00|---------- Initial log entry ----------
000008.357|so   |*|00|+++ Note that Updater log times are in GMT +++
000008.357|boot |*|00|Initial log entry. Current logging level 3
000008.357|copy |*|00|Initial log entry. Current logging level 3
000008.357|utilm|*|00|Initial log entry. Current logging level 4
000008.357|hw   |*|00|Initial log entry. Current logging level 4
000008.357|ethf |*|00|Initial log entry. Current logging level 4
000008.357|dns  |*|00|Initial log entry. Current logging level 3
000008.357|curl |*|00|Initial log entry. Current logging level 3
000008.358|sec  |*|00|Initial log entry. Current logging level 4
000008.371|wdog |*|00|Initial log entry. Current logging level 4
000008.371|lldp |*|00|Initial log entry. Current logging level 3
000008.371|cdp  |*|00|Initial log entry. Current logging level 3
000008.371|key  |*|00|Initial log entry. Current logging level 4
000008.372|so   |3|00|SoKeyC::keyboardSetup(): Assigning virtual key: hwId 45 soKeyConcordVirtualTab[i].function 53
000008.401|so   |3|00|Platform: Model=VVX 300, Assembly=3111-46135-002 Rev=A Region=0
000008.401|so   |3|00|Platform: Board=3111-46135-002 1 0
000008.402|so   |3|00|Platform: MAC=0004f28e79e4
000008.403|so   |3|00|Platform: BootBlock=3.0.4.0028 (46135-002) 30-Jan-13 18:00
000008.404|so   |*|00|Platform: BootL1=1.0.0.0009 (46135-002) 11-Jan-13 14:23
000008.404|so   |3|00|Application, main: Label=Updater, Version=Fayalite 5.5.0.13251 24-Mar-15 02:46
000008.404|so   |3|00|Application, main: P/N=3150-11069-550
000008.404|log  |*|00|Install file upload callback for 'Updater'

000008.405|app1 |*|00|Initial log entry. Current logging level 3
000008.418|cfg  |*|00|Initial log entry. Current logging level 2
000008.430|app1 |3|00|Application, load: Type=SIP, Version=5.3.0.12074 24-Mar-15 03:06
000009.369|so   |3|00|Link status is Net up Speed 100 full Duplex, PC down.
000011.369|so   |3|00|Link status is Net up Speed 100 full Duplex, PC up Speed 100 full Duplex.
000008.390|so   |*|00|---------- Initial log entry ----------
000008.390|so   |*|00|+++ Note that Updater log times are in GMT +++
000008.390|boot |*|00|Initial log entry. Current logging level 3
000008.390|copy |*|00|Initial log entry. Current logging level 3
000008.390|utilm|*|00|Initial log entry. Current logging level 4
000008.391|hw   |*|00|Initial log entry. Current logging level 4
000008.391|ethf |*|00|Initial log entry. Current logging level 4
000008.391|dns  |*|00|Initial log entry. Current logging level 3
000008.391|curl |*|00|Initial log entry. Current logging level 3
000008.391|sec  |*|00|Initial log entry. Current logging level 4
000008.404|wdog |*|00|Initial log entry. Current logging level 4
000008.405|lldp |*|00|Initial log entry. Current logging level 3
000008.405|cdp  |*|00|Initial log entry. Current logging level 3
000008.405|key  |*|00|Initial log entry. Current logging level 4
000008.405|so   |3|00|SoKeyC::keyboardSetup(): Assigning virtual key: hwId 45 soKeyConcordVirtualTab[i].function 53
000008.431|so   |3|00|Platform: Model=VVX 300, Assembly=3111-46135-002 Rev=A Region=0
000008.431|so   |3|00|Platform: Board=3111-46135-002 1 0
000008.432|so   |3|00|Platform: MAC=0004f28e79e4
000008.433|so   |3|00|Platform: BootBlock=3.0.4.0028 (46135-002) 30-Jan-13 18:00
000008.434|so   |*|00|Platform: BootL1=1.0.0.0009 (46135-002) 11-Jan-13 14:23
000008.434|so   |3|00|Application, main: Label=Updater, Version=Fayalite 5.5.0.13251 24-Mar-15 02:46
000008.434|so   |3|00|Application, main: P/N=3150-11069-550
000008.434|log  |*|00|Install file upload callback for 'Updater'

000008.435|app1 |*|00|Initial log entry. Current logging level 3
000008.448|cfg  |*|00|Initial log entry. Current logging level 2
000008.460|app1 |3|00|Application, load: Type=SIP, Version=5.3.0.12074 24-Mar-15 03:06
000009.397|so   |3|00|Link status is Net up Speed 100 full Duplex, PC down.
