000008.854|so   |*|01|---------- Initial log entry ----------
000008.855|so   |*|01|+++ Note that Updater log times are in GMT +++
000008.855|boot |*|01|Initial log entry. Current logging level 3
000008.855|copy |*|01|Initial log entry. Current logging level 3
000008.855|utilm|*|01|Initial log entry. Current logging level 4
000008.855|hw   |*|01|Initial log entry. Current logging level 4
000008.855|ethf |*|01|Initial log entry. Current logging level 4
000008.855|dns  |*|01|Initial log entry. Current logging level 3
000008.855|curl |*|01|Initial log entry. Current logging level 3
000008.855|sec  |*|01|Initial log entry. Current logging level 4
000008.874|wdog |*|01|Initial log entry. Current logging level 4
000008.875|lldp |*|01|Initial log entry. Current logging level 3
000008.875|cdp  |*|01|Initial log entry. Current logging level 3
000008.875|key  |*|01|Initial log entry. Current logging level 4
000008.901|so   |3|01|Platform: Model=VVX 410, Assembly=3111-46162-001 Rev=A Region=0
000008.901|so   |3|01|Platform: Board=3111-46162-001 2 0
000008.901|so   |3|01|Platform: MAC=0004f28fd4cc
000008.902|so   |3|01|Platform: BootBlock=3.0.4.0146 (46162-001) 10-Jan-13 20:21
000008.903|so   |*|01|Platform: BootL1=1.0.0.0041 (46162-001) 10-Jan-13 20:16
000008.903|so   |3|01|Application, main: Label=Updater, Version=Peridot 5.1.4.0844 20-Mar-13 14:16
000008.903|so   |3|01|Application, main: P/N=3150-11069-514
000008.903|so   |5|01|Platform: Both images are incorrect, will use Primary Image.
000008.904|log  |*|01|Install file upload callback for 'Updater'

000008.905|app1 |*|01|Initial log entry. Current logging level 3
000008.949|cfg  |*|01|Initial log entry. Current logging level 2
000009.867|so   |3|01|Link status is Net up Speed 1000 full Duplex, PC down.
000008.126|so   |*|00|---------- Initial log entry ----------
000008.126|so   |*|00|+++ Note that Updater log times are in GMT +++
000008.126|boot |*|00|Initial log entry. Current logging level 3
000008.127|copy |*|00|Initial log entry. Current logging level 3
000008.127|utilm|*|00|Initial log entry. Current logging level 4
000008.127|hw   |*|00|Initial log entry. Current logging level 4
000008.127|ethf |*|00|Initial log entry. Current logging level 4
000008.127|dns  |*|00|Initial log entry. Current logging level 3
000008.127|curl |*|00|Initial log entry. Current logging level 3
000008.127|sec  |*|00|Initial log entry. Current logging level 4
000008.146|wdog |*|00|Initial log entry. Current logging level 4
000008.146|lldp |*|00|Initial log entry. Current logging level 3
000008.146|cdp  |*|00|Initial log entry. Current logging level 3
000008.146|key  |*|00|Initial log entry. Current logging level 4
000008.171|so   |3|00|Platform: Model=VVX 410, Assembly=3111-46162-001 Rev=A Region=0
000008.171|so   |3|00|Platform: Board=3111-46162-001 2 0
000008.172|so   |3|00|Platform: MAC=0004f28fd4cc
000008.173|so   |3|00|Platform: BootBlock=3.0.4.0146 (46162-001) 10-Jan-13 20:21
000008.174|so   |*|00|Platform: BootL1=1.0.0.0041 (46162-001) 10-Jan-13 20:16
000008.174|so   |3|00|Application, main: Label=Updater, Version=Peridot 5.1.4.0844 20-Mar-13 14:16
000008.174|so   |3|00|Application, main: P/N=3150-11069-514
000008.174|so   |5|00|Platform: Both images are incorrect, will use Primary Image.
000008.174|log  |*|00|Install file upload callback for 'Updater'

000008.175|app1 |*|00|Initial log entry. Current logging level 3
000008.219|cfg  |*|00|Initial log entry. Current logging level 2
000009.145|so   |3|00|Link status is Net up Speed 1000 full Duplex, PC down.
000008.149|so   |*|00|---------- Initial log entry ----------
000008.149|so   |*|00|+++ Note that Updater log times are in GMT +++
000008.149|boot |*|00|Initial log entry. Current logging level 3
000008.149|copy |*|00|Initial log entry. Current logging level 3
000008.149|utilm|*|00|Initial log entry. Current logging level 4
000008.150|hw   |*|00|Initial log entry. Current logging level 4
000008.150|ethf |*|00|Initial log entry. Current logging level 4
000008.150|dns  |*|00|Initial log entry. Current logging level 3
000008.150|curl |*|00|Initial log entry. Current logging level 3
000008.150|sec  |*|00|Initial log entry. Current logging level 4
000008.168|wdog |*|00|Initial log entry. Current logging level 4
000008.169|lldp |*|00|Initial log entry. Current logging level 3
000008.169|cdp  |*|00|Initial log entry. Current logging level 3
000008.169|key  |*|00|Initial log entry. Current logging level 4
000008.191|so   |3|00|Platform: Model=VVX 410, Assembly=3111-46162-001 Rev=A Region=0
000008.191|so   |3|00|Platform: Board=3111-46162-001 2 0
000008.192|so   |3|00|Platform: MAC=0004f28fd4cc
000008.193|so   |3|00|Platform: BootBlock=3.0.4.0146 (46162-001) 10-Jan-13 20:21
000008.193|so   |*|00|Platform: BootL1=1.0.0.0041 (46162-001) 10-Jan-13 20:16
000008.194|so   |3|00|Application, main: Label=Updater, Version=Peridot 5.1.4.0844 20-Mar-13 14:16
000008.194|so   |3|00|Application, main: P/N=3150-11069-514
000008.194|so   |5|00|Platform: Both images are incorrect, will use Primary Image.
000008.194|log  |*|00|Install file upload callback for 'Updater'

000008.195|app1 |*|00|Initial log entry. Current logging level 3
000008.238|cfg  |*|00|Initial log entry. Current logging level 2
000009.166|so   |3|00|Link status is Net up Speed 1000 full Duplex, PC up Speed 10 full Duplex.
000008.213|so   |*|00|---------- Initial log entry ----------
000008.213|so   |*|00|+++ Note that Updater log times are in GMT +++
000008.213|boot |*|00|Initial log entry. Current logging level 3
000008.213|copy |*|00|Initial log entry. Current logging level 3
000008.213|utilm|*|00|Initial log entry. Current logging level 4
000008.213|hw   |*|00|Initial log entry. Current logging level 4
000008.213|ethf |*|00|Initial log entry. Current logging level 4
000008.213|dns  |*|00|Initial log entry. Current logging level 3
000008.214|curl |*|00|Initial log entry. Current logging level 3
000008.214|sec  |*|00|Initial log entry. Current logging level 4
000008.235|wdog |*|00|Initial log entry. Current logging level 4
000008.235|lldp |*|00|Initial log entry. Current logging level 3
000008.235|cdp  |*|00|Initial log entry. Current logging level 3
000008.235|key  |*|00|Initial log entry. Current logging level 4
000008.271|so   |3|00|Platform: Model=VVX 410, Assembly=3111-46162-001 Rev=A Region=0
000008.271|so   |3|00|Platform: Board=3111-46162-001 2 0
000008.272|so   |3|00|Platform: MAC=0004f28fd4cc
000008.273|so   |3|00|Platform: BootBlock=3.0.4.0146 (46162-001) 10-Jan-13 20:21
000008.274|so   |*|00|Platform: BootL1=1.0.0.0041 (46162-001) 10-Jan-13 20:16
000008.274|so   |3|00|Application, main: Label=Updater, Version=Peridot 5.1.4.0844 20-Mar-13 14:16
000008.274|so   |3|00|Application, main: P/N=3150-11069-514
000008.274|so   |5|00|Platform: Both images are incorrect, will use Primary Image.
000008.274|log  |*|00|Install file upload callback for 'Updater'

000008.275|app1 |*|00|Initial log entry. Current logging level 3
000008.320|cfg  |*|00|Initial log entry. Current logging level 2
000009.229|so   |3|00|Link status is Net up Speed 1000 full Duplex, PC up Speed 1000 full Duplex.
