0421183347|log  |*|00|---------- Final log entry ----------
000946.311|log  |*|00|---------- Initial log entry ----------
000945.994|rdisk|*|00|Initial log entry. Current logging level 4
000945.996|rdisk|*|00|RAM disk created and mounted at "/rfs0"
000945.996|rdisk|*|00|RAM disk created, size: 16,777,216 bytes
000946.303|so   |*|00|Platform: Model=VVX 300, Assembly=3111-46135-002 Rev=A Region=0
000946.303|so   |*|00|Platform: Interface    eth0 MAC=0004f28e7905
000946.304|so   |*|00|Platform: BootBlock=3.0.4.0028 (46135-002) 30-Jan-13 18:00
000946.305|so   |*|00|Platform: BootL1=1.0.0.0009 (46135-002) 11-Jan-13 14:23
000946.309|so   |*|00|Platform: Updater=5.5.0.13251 24-Mar-15 03:06
000946.309|so   |*|00|Application, main: Label=SIP, Version=Congo 5.3.0.12074 24-Mar-15 02:31
000946.309|so   |*|00|Application, main: P/N=3150-11530-530
000946.309|rdisk|*|00|RAM disk created, size: 16,777,216 bytes
000946.309|ocsp |*|00|O.C.S.P. Enabled = 0
000946.393|tls  |*|00|Initial log entry. Current logging level 4
000946.444|pmt  |*|00|Initial log entry. Current logging level 4
000946.447|wdog |*|00|Initial log entry. Current logging level 4
000946.447|ethf |*|00|Initial log entry. Current logging level 4
000946.449|hw   |*|00|Initial log entry. Current logging level 4
000946.449|ares |*|00|Initial log entry. Current logging level 4
000946.449|dns  |*|00|Initial log entry. Current logging level 4
000946.449|cfg  |*|00|Initial log entry. Current logging level 4
000946.450|cfg  |*|00|Prm|cfgParamBaseProfileUpdate: Using Base Profile Generic
000946.452|dot1x|*|00|Initial log entry. Current logging level 4
000946.630|lic  |*|00|Initial log entry. Current logging level 4
000946.651|lic  |5|00|cfgCfsFlashKeyScratchLoad: could not load flash len 976
000946.651|lic  |*|00|License expiry check in 807 seconds
000946.716|curl |*|00|Initial log entry. Current logging level 4
000946.716|utilm|*|00|Initial log entry. Current logging level 4
000946.716|copy |*|00|Initial log entry. Current logging level 4
000946.716|rtos |*|00|Initial log entry. Current logging level 4
000952.144|pgui |*|00|Initial log entry. Current logging level 4
000953.237|dhcpc|*|00|Initial log entry. Current logging level 4
000956.453|cfg  |*|00|RT|   Phone IP address is 10.2.0.202.
000956.453|cfg  |*|00|RT|   Subnet mask is 255.255.255.0.
000956.453|cfg  |*|00|RT|   Gateway address is 10.2.0.1.
000956.453|cfg  |*|00|RT|   DNS server is 8.8.8.8.
000956.453|cfg  |*|00|RT|   DNS alternate server is 8.8.4.4.
000956.454|cfg  |*|00|RT|   GMT offset is -28800 seconds.
000956.455|dns  |*|00|DNS resolver servers are '8.8.8.8' '8.8.4.4'
000956.455|dns  |*|00|DNS resolver search domain is ''
000956.457|cfg  |*|00|RT|Primary IP: 10.2.0.202 subnet mask 255.255.255.0
000957.382|cfg  |*|00|Prov|Starting to update 3111-46135-002.sip.ld
001002.270|copy |*|00|Server 'p.voxter.com' said 'overrides/0004f28e7905-phone.cfg' is not present
001002.634|copy |*|00|Server 'p.voxter.com' said 'overrides/0004f28e7905-web.cfg' is not present
001003.022|copy |*|00|Server 'p.voxter.com' said 'licenses/000000000000-license.cfg' is not present
001003.425|copy |*|00|Server 'p.voxter.com' said 'licenses/0004f28e7905-license.cfg' is not present
001003.436|cfg  |*|00|Prm|0004f28e7905_reg.cfg: Value "" for configuration parameter reg.1.server.2.port is invalid, ignoring
001003.437|cfg  |*|00|Prm|0004f28e7905_reg.cfg: Value "" for configuration parameter reg.1.outboundProxy.port is invalid, ignoring
001003.438|cfg  |*|00|Prm|0004f28e7905_reg.cfg: Value "" for configuration parameter reg.1.lineKeys is invalid, ignoring
001003.445|cfg  |4|00|Prm|provisioner.cfg: Unknown parameter "sec.tagSerialNo.set" found, ignoring.
001003.472|cfg  |*|00|Prm|features.cfg: Value 9999 for configuration parameter dir.local.contacts.maxNum is too large, using 500, the maximum allowed
001003.502|cfg  |*|00|Prov|Setting device parameters from configuration files.
001003.505|cfg  |4|00|RT|cfgFlashUpdateFromConfig: Failed to update SerialConfig
001004.207|cfg  |*|00|RT|Changed prov general
001004.207|cfg  |*|00|Prov|Finished updating configuration
001004.207|sec  |*|00|Initial log entry. Current logging level 4
001004.210|so   |*|00|Configuration files: 0004f28e7905_reg.cfg, provisioner.cfg, sip.cfg, features.cfg
001004.210|so   |*|00|Configuration file "0004f28e7905_reg.cfg" SHA1 digest: F9FEAFD6F784F9AE17C048B05F831717C8623572
001004.210|so   |*|00|Configuration file "provisioner.cfg" SHA1 digest: 51080CD89DA743106AF5139272C6860F0465BE9D
001004.211|so   |*|00|Configuration file "sip.cfg" SHA1 digest: 4DC55B1DF39E990D7C988D65DA938643F8F92809
001004.211|so   |*|00|Configuration file "features.cfg" SHA1 digest: C581BA279B236C29DF1CFC79741E3FAED2E8A230
001004.212|cfg  |4|00|Prm|Configuration file(s) statistics: 1 parameters were invalid and could not be interpreted.
001004.212|cfg  |4|00|Prm|Configuration file(s) statistics: 1 parameter values were used but were out of range. 5 were invalid and ignored.
001004.215|log  |*|00|Log render level set to 1
001004.219|pcap |*|00|On-Phone Packet Capture disabled
001004.219|srtp |*|00|Initial log entry. Current logging level 4
001004.220|cfg  |5|00|Prm|Parameter 0 is out of range
001004.224|res  |*|00|Initial log entry. Current logging level 4
001004.225|httpa|*|00|Initial log entry. Current logging level 4
001004.225|lldp |*|00|Initial log entry. Current logging level 4
001004.225|cdp  |*|00|Initial log entry. Current logging level 4
001004.225|pcd  |*|00|Initial log entry. Current logging level 4
001004.241|tickt|*|00|Initial log entry. Current logging level 4
001004.242|loc  |*|00|Initial log entry. Current logging level 4
001004.247|ssps |*|00|Initial log entry. Current logging level 4
001004.249|ssps |5|00|Allocated 36992 bytes for SspsHdiMemBase=0xe772f0
001004.250|ssps |4|00|sspsDspLoad: found Maroo 23.
001004.274|utilm|4|00|uBLFUnCompressed: File /ffs0/Config/Local/WebTicket/0/sip.usr doesn't exist or is empty
001004.278|tickt|4|00|soWebTicketCertMove: Could not copy key to new uiSlot
001004.279|tickt|4|00|soWebTicketCertMove: Could not copy cert to new uiSlot
001004.280|tickt|4|00|soWebTicketCertMove: Could not copy SIP user to new uiSlot
001004.282|tickt|4|00|soWebTicketCertMove: Could not copy SIP uuid to new uiSlot
001004.283|tickt|4|00|soWebTicketCertMove: Could not copy server to new uiSlot
001004.481|so   |*|00|System Info Reports:
001004.481|so   |*|00|  Cpu is ARMv6-compatible processor rev 7 (v6l), ID: 0x111700b0, running at 300MHz.
001004.481|so   |*|00|  Board is identified as PolycomVVX-VVX_300.
001004.481|so   |*|00|  DRAM_SIZE: 128 MB
001004.481|so   |*|00|  NAND flash detected is 20
001004.482|key  |*|00|Initial log entry. Current logging level 4
001004.511|httpd|*|00|Initial log entry. Current logging level 4
001004.512|poll |*|00|Initial log entry. Current logging level 4
001004.513|push |*|00|Initial log entry. Current logging level 4
001004.513|poll |*|00|Initial log entry. Current logging level 4
001004.514|poll |*|00|Initial log entry. Current logging level 4
001004.514|ht   |*|00|Initial log entry. Current logging level 4
001004.515|dbuf |*|00|Initial log entry. Current logging level 4
001004.517|ssps |*|00|sspsMain: Set HDI mem to be 0, was 0
001004.522|ssps |*|00|Application, comp. 1: Label=PolyDSP Vino BCM11193 Mem1 FS1, Version=8.4.1.2003 26-Nov-2014 14:26
001004.522|ssps |*|00|Application, comp. 1: P/N=3150-11580-841.
001004.523|ice  |*|00|Initial log entry. Current logging level 4
001004.523|pps  |*|00|Initial log entry. Current logging level 4
001004.523|sip  |*|00|Initial log entry. Current logging level 4
001004.524|sipt |*|00|Initial log entry. Current logging level 4
001004.524|sipp |*|00|Initial log entry. Current logging level 4
001004.526|ptt  |*|00|Initial log entry. Current logging level 4
001004.527|xmpp |*|00|Initial log entry. Current logging level 4
001004.529|btoe |*|00|Initial log entry. Current logging level 4
001004.530|btoe |5|00|PpsBtoeC::ppsProcMsg thread launched
001005.372|pwrsv|*|00|Initial log entry. Current logging level 4
001005.405|so   |*|00|Using TCP IP Media Port, configured initial RTP port 2222
001005.438|sshc |*|00|Initial log entry. Current logging level 4
001005.439|gbLoc|*|00|Initial log entry. Current logging level 4
001005.439|app1 |*|00|Initial log entry. Current logging level 4
001005.459|btoe |5|00|PpsBtoeC Callback is set
001005.496|app1 |*|00|AppPhoneC::AppPhoneC() Number Of Line Keys = 48
001005.496|app1 |*|00|AppPhoneC::AppPhoneC() - new AppRegLineC, szUser = 8760
001005.617|ldap |*|00|Initial log entry. Current logging level 4
001005.824|efk  |*|00|Initial log entry. Current logging level 4
001005.871|cmp  |*|00|Initial log entry. Current logging level 4
001005.872|wmgr |*|00|Initial log entry. Current logging level 4
001005.884|slog |*|00|Initial log entry. Current logging level 4
001005.928|so   |4|00|SoKeyC::procMsg unexpected message 4099
001005.974|so   |*|00|Network initialized. Starting network tasks.
001005.975|log  |*|00|Install file upload callback for 'so'

0421184724|pgui |*|00|Qt Mouse driver created.
0421184729|em   |*|00|Initial log entry. Current logging level 4
0421184730|dbs  |*|00|Initial log entry. Current logging level 4
0421184730|osd  |*|00|Initial log entry. Current logging level 4
0421184730|clist|*|00|Initial log entry. Current logging level 4
0421184730|clist|4|00|dbCfg::getServerDir:Unknown dbCfg type
0421184730|clist|4|00|dbCfg::getServerDir:Unknown dbCfg type
0421184730|clist|4|00|dbCfg::getServerDir:Unknown dbCfg type
0421184730|clist|4|00|dbCfg::getServerDir:Unknown dbCfg type
0421184732|clist|4|00|dbXML::createEntry:name=<bb> func=<0x1afd08><0x1afcb8>- invalid or already exist
0421184733|brow |*|00|Initial log entry. Current logging level 4
0421184737|app1 |5|00|[AppHybridC]: APP IS COMPLETELY INTIALIZED.
0421184737|sip  |*|00|Sip Register Usr:8760 Dsp:8760 Auth:'8760' Inx:0
0421184737|app1 |4|00|Corporate directory instance does not exists.
0421184737|clist|4|00|dbCfg::getServerDir:Unknown dbCfg type
0421184737|clist|4|00|dbCfg::getServerDir:Unknown dbCfg type
0421184737|moh  |*|00|Initial log entry. Current logging level 4
0421184737|moh  |4|00|SoNcasMohC::soNcasmohCfgInit: File provisioning for Moh is defined only for Lync Profile adn if Moh feature is enabled
