000000.280|so   |*|00|---------- Initial log entry ----------
000000.280|so   |*|00|+++ Note that bootrom log times are in GMT +++
000000.280|copy |*|00|Initial log entry. Current logging level 3
000000.280|utilm|*|00|Initial log entry. Current logging level 4
000000.280|hw   |*|00|Initial log entry. Current logging level 4
000000.280|ethf |*|00|Initial log entry. Current logging level 4
000000.280|dns  |*|00|Initial log entry. Current logging level 3
000000.280|curl |*|00|Initial log entry. Current logging level 3
000000.280|sec  |*|00|Initial log entry. Current logging level 4
000000.440|wdog |*|00|Initial log entry. Current logging level 4
000000.440|lldp |*|00|Initial log entry. Current logging level 3
000000.440|lldp |3|00|LLDP is DISABLED.
000000.440|cdp  |*|00|Initial log entry. Current logging level 3
000000.440|cdp  |3|00|CDP is DISABLED.
000000.440|key  |*|00|Initial log entry. Current logging level 4
000000.455|so   |3|00|Platform: Model=SoundStation IP 5000, Assembly=3111-30900-001 Rev=G Region=0
000000.455|so   |3|00|Platform: Board=3111-30900-001 1 0
000000.455|so   |3|00|Platform: MAC=0004f2f332e0, IP=Resolving, Subnet Mask=Resolving
000000.455|so   |3|00|Platform: BootBlock=3.0.2.0024 (30900-001) 30-Nov-10 15:06
000000.455|so   |3|00|Application, main: Label=BOOT, Version=Muscovite 4.4.0.0080 26-Jul-11 13:56
000000.455|so   |3|00|Application, main: P/N=3150-11069-440
000000.455|app1 |*|00|Initial log entry. Current logging level 3
000000.595|cfg  |*|00|Initial log entry. Current logging level 2
000000.665|cfg  |3|00|Current BootBlock revision is '3.0.2 (30900-001).0024'
000000.665|cfg  |*|00|Prov|Updating BootBlock
000000.665|cfg  |3|00|Checking pre-compiled image 3111-30900-001.bootblock.ld
000000.665|cfg  |3|00|New load header information:
000000.665|cfg  |3|00|Code length:         0x0000F119
000000.665|cfg  |3|00|Header check Sum:    0x0066D5C9
000000.665|cfg  |3|00|Code check Sum:      0x0065E284
000000.665|cfg  |3|00|Options:             0x00000020
000000.670|cfg  |3|00|Recognized compatible bootBlock
000000.680|cfg  |3|00|BootBlock is already present
000000.680|cfg  |3|00|Image is already up to date
000000.680|app1 |*|00|BootBlock is already up to date.
000001.440|so   |3|00|Link status is Net up Speed 100 full Duplex.
000012.245|lldp |3|00|LLDP did not receive a response from a switch. Disabling LLDP.
000018.080|cdp  |3|00|CDP did not receive a response from a switch. Disabling CDP.
000025.595|app1 |3|00|DNS resolver servers are '192.168.2.16' '192.168.2.17'
000025.595|app1 |3|00|DNS resolver search domain is 'cumulusnetworks.com'
000025.595|app1 |3|00|Bootline: esw(3,0)bootHost:flash e=192.168.0.112:fffffc00:258:17 h=74.114.208.40 g=192.168.1.1 u=**** pw=**** f=0x40 tn=CircaIP
000025.600|app1 |3|00|DHCP returned result 0x387 from server 192.168.2.17.
000025.600|app1 |3|00|   Phone IP address is 192.168.0.112.
000025.600|app1 |3|00|   Subnet mask is 255.255.252.0.
000025.600|app1 |3|00|   Gateway address is 192.168.1.1.
000025.600|app1 |3|00|   DNS server is 192.168.2.16.
000025.600|app1 |3|00|   DNS alternate server is 192.168.2.17.
000025.600|app1 |3|00|   DNS domain is cumulusnetworks.com.
000026.025|dns  |3|00|DNS lookup for 'p.voxter.com'(74.114.208.41,74.114.208.40) TTL=86306
000026.025|copy |3|00|'http://PlcmSpIp:****@p.voxter.com/0004f2f332e0.cfg' from 'p.voxter.com(74.114.208.41)'
000031.980|copy |3|00|Download of '0004f2f332e0.cfg' succeeded on attempt 1 (addr 1 of 2)
000032.025|cfg  |*|00|Prov|Starting to update 3111-30900-001.sip.ld
000032.140|copy |3|00|'http://PlcmSpIp:****@p.voxter.com/3111-30900-001.sip.ld' from 'p.voxter.com(74.114.208.41)'
000032.525|cfg  |3|00|New load header information:
000032.525|cfg  |3|00|Code length:         0x004B0500
000032.525|cfg  |3|00|Header check Sum:    0x0757CD95
000032.525|cfg  |3|00|Code check Sum:      0x070CC771
000032.525|cfg  |3|00|Options:             0x00000080
000032.530|cfg  |3|00|Recognized container image
000032.530|cfg  |3|00|New load header information:
000032.530|cfg  |3|00|Code length:         0x003CD570
000032.530|cfg  |3|00|Header check Sum:    0x2840D7A8
000032.530|cfg  |3|00|Code check Sum:      0x1E4C97B9
000032.530|cfg  |3|00|Options:             0x00000102
000032.530|cfg  |3|00|Could not open application file for checking
000032.530|cfg  |3|00|Application in container image 1 is different
000032.530|cfg  |3|00|New load header information:
000032.530|cfg  |3|00|Code length:         0x000E26A0
000032.530|cfg  |3|00|Header check Sum:    0x321A5069
000032.530|cfg  |3|00|Code check Sum:      0x070C2795
000032.530|cfg  |3|00|Options:             0x00000110
000032.530|cfg  |3|00|BootROM header is different
000032.530|cfg  |3|00|BootROM in container image 2 is different
000032.530|cfg  |3|00|Using bootROM
000033.800|app1 |4|00|Could not load time from 0.0.0.0 (0.0.0.0).
000059.970|cfg  |*|00|Prov|Updating BootROM
000059.975|cfg  |3|00|Using compatible image 0
000106.505|copy |3|00|Download of '3111-30900-001.sip.ld' succeeded on attempt 1 (addr 1 of 2)
000106.810|sig  |*|00|Initial log entry. Current logging level 3
000106.810|sig  |3|00|hwSigParseRemove: found key Sig_3.
000107.050|cfg  |3|00|Good image signature
000107.175|cfg  |4|00|Removing application...
000107.415|cfg  |3|00|Programming BootROM from sector 19 to 36
000124.445|cfg  |3|00|Programming to sector 19 complete
000124.615|cfg  |3|00|Invalidated old image at sector 1, offset 20.
000124.910|cfg  |*|00|Prov|Image has been changed
000125.000|cfg  |*|00|Prov|Provisioning needs to reboot to upgrade image(s)
000000.270|so   |*|01|---------- Initial log entry ----------
000000.270|so   |*|01|+++ Note that Updater log times are in GMT +++
000000.270|boot |*|01|Initial log entry. Current logging level 3
000000.270|copy |*|01|Initial log entry. Current logging level 3
000000.270|utilm|*|01|Initial log entry. Current logging level 4
000000.270|hw   |*|01|Initial log entry. Current logging level 4
000000.270|ethf |*|01|Initial log entry. Current logging level 4
000000.270|dns  |*|01|Initial log entry. Current logging level 3
000000.270|curl |*|01|Initial log entry. Current logging level 3
000000.270|sec  |*|01|Initial log entry. Current logging level 4
000000.430|wdog |*|01|Initial log entry. Current logging level 4
000000.430|lldp |*|01|Initial log entry. Current logging level 3
000000.430|cdp  |*|01|Initial log entry. Current logging level 3
000000.430|key  |*|01|Initial log entry. Current logging level 4
000000.430|so   |3|01|Platform: Model=SoundStation IP 5000, Assembly=3111-30900-001 Rev=G Region=0
000000.430|so   |3|01|Platform: Board=3111-30900-001 1 0
000000.430|so   |3|01|Platform: MAC=0004f2f332e0
000000.430|so   |3|01|Platform: BootBlock=3.0.2.0024 (30900-001) 30-Nov-10 15:06
000000.430|so   |3|01|Application, main: Label=Updater, Version=Azurite 5.0.7.1284 07-Jul-14 16:25
000000.430|so   |3|01|Application, main: P/N=3150-11069-507
000000.430|log  |*|01|Install file upload callback for 'Updater'

000000.430|app1 |*|01|Initial log entry. Current logging level 3
000000.575|cfg  |*|01|Initial log entry. Current logging level 2
000000.580|app1 |3|01|Application image is not present.
000000.650|dot1x|*|01|Initial log entry. Current logging level 3
000001.425|so   |3|01|Link status is Net up Speed 100 full Duplex.
000002.595|tls  |*|01|Initial log entry. Current logging level 4
000012.230|lldp |3|01|LLDP did not receive a response from a switch. Disabling LLDP.
000018.065|cdp  |3|01|CDP did not receive a response from a switch. Disabling CDP.
000025.580|dns  |*|01|DNS resolver servers are '192.168.2.16' '192.168.2.17'
000025.580|dns  |*|01|DNS resolver search domain is 'cumulusnetworks.com'
000025.580|app1 |3|01|DNS resolver servers are '192.168.2.16' '192.168.2.17'
000025.580|app1 |3|01|DNS resolver search domain is 'cumulusnetworks.com'
000025.585|dns  |3|01|DNS lookup for (A) 'p.voxter.com'(74.114.208.40,74.114.208.41) TTL=86216
000025.585|app1 |3|01|Bootline: esw(3,0)bootHost:flash e=192.168.0.112:fffffc00:708:17 h=74.114.208.40 g=192.168.1.1 u=**** pw=**** f=0x40 tn=CircaIP
000025.590|app1 |3|01|DHCP returned result 0x387 from server 192.168.2.16.
000025.590|app1 |3|01|   Phone IP address is 192.168.0.112.
000025.590|app1 |3|01|   Subnet mask is 255.255.252.0.
000025.590|app1 |3|01|   Gateway address is 192.168.1.1.
000025.590|app1 |3|01|   DNS server is 192.168.2.16.
000025.590|app1 |3|01|   DNS alternate server is 192.168.2.17.
000025.590|app1 |3|01|   DNS domain is cumulusnetworks.com.
000025.905|copy |3|01|'http://PlcmSpIp:****@p.voxter.com/0004f2f332e0.cfg' from 'p.voxter.com(74.114.208.40)'
000026.265|copy |3|01|Download of '0004f2f332e0.cfg' succeeded on attempt 1 (addr 1 of 2)
000026.340|cfg  |*|01|Prov|Starting to update 3111-30900-001.sip.ld
000026.455|copy |3|01|'http://PlcmSpIp:****@p.voxter.com/3111-30900-001.sip.ld' from 'p.voxter.com(74.114.208.40)'
000026.890|cfg  |3|01|New load header information:
000026.890|cfg  |3|01|Code length:         0x004B0500
000026.890|cfg  |3|01|Code Checksum:       0x070CC771
000026.890|cfg  |3|01|Options:             0x00000080
000026.890|cfg  |3|01|Recognized container image
000026.890|cfg  |3|01|New load header information:
000026.890|cfg  |3|01|Code length:         0x003CD570
000026.890|cfg  |3|01|Code Checksum:       0x1E4C97B9
000026.890|cfg  |3|01|Options:             0x00000102
000026.890|cfg  |3|01|Could not open application file for checking
000026.890|cfg  |3|01|Application in container image 1 is different
000026.890|cfg  |3|01|New load header information:
000026.890|cfg  |3|01|Code length:         0x000E26A0
000026.890|cfg  |3|01|Code Checksum:       0x070C2795
000026.890|cfg  |3|01|Options:             0x00000110
000026.890|cfg  |3|01|Updater is already present
000026.890|cfg  |3|01|Updater in container image 2 is not different
000026.890|cfg  |3|01|Using application
000027.015|cfg  |*|01|Prov|Updating the Application
000027.020|cfg  |3|01|Using compatible image 0
000033.790|app1 |4|01|Could not load time from 0.0.0.0 (0.0.0.0).
000054.505|copy |3|01|buffered_write: transfer terminated
000054.505|copy |3|01|Download of '3111-30900-001.sip.ld' succeeded on attempt 1 (addr 1 of 2)
000054.990|sig  |*|01|Initial log entry. Current logging level 3
000054.990|sig  |3|01|hwSigParseRemove: found key Sig_3.
000055.985|cfg  |3|01|Good image signature
000056.225|cfg  |3|01|Programming 3987368 bytes into tffs in 4K blocks
000158.725|cfg  |*|01|Prov|Succeeded updating file 3111-30900-001.sip.ld
000158.810|cfg  |*|01|Prov|Image has been changed
000158.930|cfg  |3|01|Prov|Provisioning succeeded
000159.000|app1 |3|01|Application, load: Type=SIP, Version=4.0.7.2514 13-Jul-14 22:13
000159.005|boot |*|01|Using TFFS for flash load
000159.005|boot |*|01|Code length:         0x003CD570
000159.005|boot |*|01|Code checksum:       0x1E4C97B9
000159.005|cfg  |*|01|Prov|Finished updating configuration
000210.250|app1 |4|01|Loaded application sip.ld from local system successfully.
000210.250|app1 |6|01|Uploading boot log, time is MON AUG 18 16:22:55 2014

000210.500|copy |3|01|'http://PlcmSpIp:****@p.voxter.com/logs/0004f2f332e0-boot.log' to 'p.voxter.com(74.114.208.40)'
000210.745|copy |3|01|Curl attempted to write at an unexpected time
000210.745|copy |3|01|Upload of 'logs/0004f2f332e0-boot.log' succeeded on attempt 1 (addr 1 of 2)
000210.935|cfg  |3|01|Prov|Shutting down
000000.290|so   |*|01|---------- Initial log entry ----------
000000.290|so   |*|01|+++ Note that Updater log times are in GMT +++
000000.290|boot |*|01|Initial log entry. Current logging level 3
000000.290|copy |*|01|Initial log entry. Current logging level 3
000000.290|utilm|*|01|Initial log entry. Current logging level 4
000000.290|hw   |*|01|Initial log entry. Current logging level 4
000000.290|ethf |*|01|Initial log entry. Current logging level 4
000000.290|dns  |*|01|Initial log entry. Current logging level 3
000000.290|curl |*|01|Initial log entry. Current logging level 3
000000.290|sec  |*|01|Initial log entry. Current logging level 4
000000.450|wdog |*|01|Initial log entry. Current logging level 4
000000.450|lldp |*|01|Initial log entry. Current logging level 3
000000.450|cdp  |*|01|Initial log entry. Current logging level 3
000000.450|key  |*|01|Initial log entry. Current logging level 4
000000.450|so   |3|01|Platform: Model=SoundStation IP 5000, Assembly=3111-30900-001 Rev=G Region=0
000000.450|so   |3|01|Platform: Board=3111-30900-001 1 0
000000.450|so   |3|01|Platform: MAC=0004f2f332e0
000000.450|so   |3|01|Platform: BootBlock=3.0.2.0024 (30900-001) 30-Nov-10 15:06
000000.450|so   |3|01|Application, main: Label=Updater, Version=Azurite 5.0.7.1284 07-Jul-14 16:25
000000.450|so   |3|01|Application, main: P/N=3150-11069-507
000000.450|log  |*|01|Install file upload callback for 'Updater'

000000.450|app1 |*|01|Initial log entry. Current logging level 3
000000.600|cfg  |*|01|Initial log entry. Current logging level 2
000000.675|app1 |3|01|Application, load: Type=SIP, Version=4.0.7.2514 13-Jul-14 22:13
000000.690|boot |*|01|Using TFFS for flash load
000000.700|boot |*|01|Code length:         0x003CD570
000000.700|boot |*|01|Code checksum:       0x1E4C97B9
000001.445|so   |3|01|Link status is Net down.
000002.445|so   |3|01|Link status is Net up Speed 100 full Duplex.
000012.125|app1 |4|01|Loaded application sip.ld from local system successfully.
000000.280|so   |*|01|---------- Initial log entry ----------
000000.280|so   |*|01|+++ Note that Updater log times are in GMT +++
000000.280|boot |*|01|Initial log entry. Current logging level 3
000000.280|copy |*|01|Initial log entry. Current logging level 3
000000.280|utilm|*|01|Initial log entry. Current logging level 4
000000.280|hw   |*|01|Initial log entry. Current logging level 4
000000.280|ethf |*|01|Initial log entry. Current logging level 4
000000.280|dns  |*|01|Initial log entry. Current logging level 3
000000.280|curl |*|01|Initial log entry. Current logging level 3
000000.280|sec  |*|01|Initial log entry. Current logging level 4
000000.440|wdog |*|01|Initial log entry. Current logging level 4
000000.440|lldp |*|01|Initial log entry. Current logging level 3
000000.440|cdp  |*|01|Initial log entry. Current logging level 3
000000.440|key  |*|01|Initial log entry. Current logging level 4
000000.440|so   |3|01|Platform: Model=SoundStation IP 5000, Assembly=3111-30900-001 Rev=G Region=0
000000.440|so   |3|01|Platform: Board=3111-30900-001 1 0
000000.440|so   |3|01|Platform: MAC=0004f2f332e0
000000.440|so   |3|01|Platform: BootBlock=3.0.2.0024 (30900-001) 30-Nov-10 15:06
000000.440|so   |3|01|Application, main: Label=Updater, Version=Azurite 5.0.7.1284 07-Jul-14 16:25
000000.440|so   |3|01|Application, main: P/N=3150-11069-507
000000.440|log  |*|01|Install file upload callback for 'Updater'

000000.440|app1 |*|01|Initial log entry. Current logging level 3
000000.585|cfg  |*|01|Initial log entry. Current logging level 2
000000.655|dot1x|*|01|Initial log entry. Current logging level 3
000000.655|app1 |3|01|Starting provisioning because of the start type.
000001.440|so   |3|01|Link status is Net up Speed 100 full Duplex.
000003.095|tls  |*|01|Initial log entry. Current logging level 4
000012.250|lldp |3|01|LLDP did not receive a response from a switch. Disabling LLDP.
000017.520|cdp  |3|01|CDP did not receive a response from a switch. Disabling CDP.
000022.035|dns  |*|01|DNS resolver servers are '192.168.2.16' '192.168.2.17'
000022.035|dns  |*|01|DNS resolver search domain is 'cumulusnetworks.com'
000022.035|app1 |3|01|DNS resolver servers are '192.168.2.16' '192.168.2.17'
000022.035|app1 |3|01|DNS resolver search domain is 'cumulusnetworks.com'
000022.040|dns  |3|01|DNS lookup for (A) 'p.voxter.com'(74.114.208.245) TTL=86360
000022.040|app1 |3|01|Bootline: esw(3,0)bootHost:flash e=192.168.0.112:fffffc00:258:14 h=74.114.208.245 g=192.168.1.1 u=**** pw=**** f=0x40 tn=CircaIP
000022.040|app1 |3|01|DHCP returned result 0x387 from server 192.168.2.17.
000022.040|app1 |3|01|   Phone IP address is 192.168.0.112.
000022.040|app1 |3|01|   Subnet mask is 255.255.252.0.
000022.040|app1 |3|01|   Gateway address is 192.168.1.1.
000022.040|app1 |3|01|   DNS server is 192.168.2.16.
000022.040|app1 |3|01|   DNS alternate server is 192.168.2.17.
000022.040|app1 |3|01|   DNS domain is cumulusnetworks.com.
000022.850|copy |3|01|'http://PlcmSpIp:****@p.voxter.com/0004f2f332e0.cfg' from 'p.voxter.com(74.114.208.245)'
000023.205|copy |3|01|Download of '0004f2f332e0.cfg' succeeded on attempt 1 (addr 1 of 1)
000023.340|cfg  |*|01|Prov|Starting to update 3111-30900-001.sip.ld
000023.460|copy |3|01|'http://PlcmSpIp:****@p.voxter.com/3111-30900-001.sip.ld' from 'p.voxter.com(74.114.208.245)'
000023.890|cfg  |3|01|New load header information:
000023.890|cfg  |3|01|Code length:         0x004AF4B8
000023.890|cfg  |3|01|Code Checksum:       0x07097CA8
000023.890|cfg  |3|01|Options:             0x00000080
000023.890|cfg  |3|01|Recognized container image
000023.890|cfg  |3|01|New load header information:
000023.890|cfg  |3|01|Code length:         0x003CD0B5
000023.890|cfg  |3|01|Code Checksum:       0x1E4B19CF
000023.890|cfg  |3|01|Options:             0x00000102
000023.890|cfg  |3|01|Application header is different
000023.890|cfg  |3|01|Application in container image 1 is different
000023.890|cfg  |3|01|New load header information:
000023.890|cfg  |3|01|Code length:         0x000E1B10
000023.890|cfg  |3|01|Code Checksum:       0x0708DCBE
000023.890|cfg  |3|01|Options:             0x00000110
000023.895|cfg  |3|01|Updater header is different
000023.895|cfg  |3|01|Updater in container image 2 is different
000023.895|cfg  |3|01|Using Updater
000030.240|app1 |4|01|Could not load time from 0.0.0.0 (0.0.0.0).
000058.870|cfg  |*|01|Prov|Updating the Updater
000058.875|cfg  |3|01|Using compatible image 0
000106.865|copy |3|01|Download of '3111-30900-001.sip.ld' succeeded on attempt 1 (addr 1 of 1)
000107.170|sig  |*|01|Initial log entry. Current logging level 3
000107.170|sig  |3|01|hwSigParseRemove: found key Sig_3.
000107.405|cfg  |3|01|Good image signature
000107.530|cfg  |4|01|Removing application...
000108.800|cfg  |3|01|Programming Updater from sector 1 to 18
000126.455|cfg  |3|01|Programming to sector 1 complete
000126.620|cfg  |3|01|Invalidated old image at sector 19, offset 20.
000126.620|cfg  |*|01|Prov|Image has been changed
000126.720|cfg  |*|01|Prov|Provisioning needs to reboot to upgrade image(s)
000000.280|so   |*|01|---------- Initial log entry ----------
000000.280|so   |*|01|+++ Note that Updater log times are in GMT +++
000000.280|boot |*|01|Initial log entry. Current logging level 3
000000.280|copy |*|01|Initial log entry. Current logging level 3
000000.280|utilm|*|01|Initial log entry. Current logging level 4
000000.280|hw   |*|01|Initial log entry. Current logging level 4
000000.280|ethf |*|01|Initial log entry. Current logging level 4
000000.280|dns  |*|01|Initial log entry. Current logging level 3
000000.280|curl |*|01|Initial log entry. Current logging level 3
000000.280|sec  |*|01|Initial log entry. Current logging level 4
000000.440|wdog |*|01|Initial log entry. Current logging level 4
000000.440|lldp |*|01|Initial log entry. Current logging level 3
000000.440|cdp  |*|01|Initial log entry. Current logging level 3
000000.440|key  |*|01|Initial log entry. Current logging level 4
000000.440|so   |3|01|Platform: Model=SoundStation IP 5000, Assembly=3111-30900-001 Rev=G Region=0
000000.440|so   |3|01|Platform: Board=3111-30900-001 1 0
000000.440|so   |3|01|Platform: MAC=0004f2f332e0
000000.440|so   |3|01|Platform: BootBlock=3.0.2.0024 (30900-001) 30-Nov-10 15:06
000000.440|so   |3|01|Application, main: Label=Updater, Version=Azurite 5.0.5.2324 09-Dec-13 16:11
000000.440|so   |3|01|Application, main: P/N=YYYY-YYYYY-YYY
000000.440|log  |*|01|Install file upload callback for 'Updater'

000000.440|app1 |*|01|Initial log entry. Current logging level 3
000000.585|cfg  |*|01|Initial log entry. Current logging level 2
000000.655|dot1x|*|01|Initial log entry. Current logging level 3
000000.655|app1 |3|01|Starting provisioning because of the start type.
000001.435|so   |3|01|Link status is Net up Speed 100 full Duplex.
000003.435|tls  |*|01|Initial log entry. Current logging level 4
000012.475|lldp |3|01|LLDP did not receive a response from a switch. Disabling LLDP.
000017.745|cdp  |3|01|CDP did not receive a response from a switch. Disabling CDP.
000023.260|dns  |*|01|DNS resolver servers are '192.168.2.16' '192.168.2.17'
000023.260|dns  |*|01|DNS resolver search domain is 'cumulusnetworks.com'
000023.260|app1 |3|01|DNS resolver servers are '192.168.2.16' '192.168.2.17'
000023.260|app1 |3|01|DNS resolver search domain is 'cumulusnetworks.com'
000023.265|dns  |3|01|DNS lookup for (A) 'p.voxter.com'(74.114.208.245) TTL=86267
000023.265|app1 |3|01|Bootline: esw(3,0)bootHost:flash e=192.168.0.112:fffffc00:708:14 h=74.114.208.245 g=192.168.1.1 u=**** pw=**** f=0x40 tn=CircaIP
000023.265|app1 |3|01|DHCP returned result 0x387 from server 192.168.2.16.
000023.265|app1 |3|01|   Phone IP address is 192.168.0.112.
000023.265|app1 |3|01|   Subnet mask is 255.255.252.0.
000023.265|app1 |3|01|   Gateway address is 192.168.1.1.
000023.265|app1 |3|01|   DNS server is 192.168.2.16.
000023.265|app1 |3|01|   DNS alternate server is 192.168.2.17.
000023.265|app1 |3|01|   DNS domain is cumulusnetworks.com.
000023.855|copy |3|01|'http://PlcmSpIp:****@p.voxter.com/0004f2f332e0.cfg' from 'p.voxter.com(74.114.208.245)'
000024.195|copy |3|01|Download of '0004f2f332e0.cfg' succeeded on attempt 1 (addr 1 of 1)
000024.290|cfg  |*|01|Prov|Starting to update 3111-30900-001.sip.ld
000024.405|copy |3|01|'http://PlcmSpIp:****@p.voxter.com/3111-30900-001.sip.ld' from 'p.voxter.com(74.114.208.245)'
000024.830|cfg  |3|01|New load header information:
000024.830|cfg  |3|01|Code length:         0x004AF4B8
000024.830|cfg  |3|01|Code Checksum:       0x07097CA8
000024.830|cfg  |3|01|Options:             0x00000080
000024.830|cfg  |3|01|Recognized container image
000024.830|cfg  |3|01|New load header information:
000024.830|cfg  |3|01|Code length:         0x003CD0B5
000024.830|cfg  |3|01|Code Checksum:       0x1E4B19CF
000024.830|cfg  |3|01|Options:             0x00000102
000024.830|cfg  |3|01|Could not open application file for checking
000024.830|cfg  |3|01|Application in container image 1 is different
000024.830|cfg  |3|01|New load header information:
000024.830|cfg  |3|01|Code length:         0x000E1B10
000024.830|cfg  |3|01|Code Checksum:       0x0708DCBE
000024.830|cfg  |3|01|Options:             0x00000110
000024.830|cfg  |3|01|Updater is already present
000024.830|cfg  |3|01|Updater in container image 2 is not different
000024.830|cfg  |3|01|Using application
000024.955|cfg  |*|01|Prov|Updating the Application
000024.960|cfg  |3|01|Using compatible image 0
000031.465|app1 |4|01|Could not load time from 0.0.0.0 (0.0.0.0).
000103.115|copy |3|01|buffered_write: transfer terminated
000103.115|copy |3|01|Download of '3111-30900-001.sip.ld' succeeded on attempt 1 (addr 1 of 1)
000103.595|sig  |*|01|Initial log entry. Current logging level 3
000103.595|sig  |3|01|hwSigParseRemove: found key Sig_3.
000104.600|cfg  |3|01|Good image signature
000104.840|cfg  |3|01|Programming 3986157 bytes into tffs in 4K blocks
000223.835|cfg  |*|01|Prov|Succeeded updating file 3111-30900-001.sip.ld
000223.920|cfg  |*|01|Prov|Image has been changed
000224.035|cfg  |3|01|Prov|Provisioning succeeded
000224.105|app1 |3|01|Application, load: Type=SIP, Version=4.0.6.0711 26-Feb-14 08:43
000224.110|boot |*|01|Using TFFS for flash load
000224.110|boot |*|01|Code length:         0x003CD0B5
000224.110|boot |*|01|Code checksum:       0x1E4B19CF
000224.110|cfg  |*|01|Prov|Finished updating configuration
000235.355|app1 |4|01|Loaded application sip.ld from local system successfully.
000235.355|app1 |6|01|Uploading boot log, time is SUN MAY 18 10:22:18 2064

000235.605|copy |3|01|'http://PlcmSpIp:****@p.voxter.com/logs/0004f2f332e0-boot.log' to 'p.voxter.com(74.114.208.245)'
000236.010|copy |3|01|Upload of 'logs/0004f2f332e0-boot.log' succeeded on attempt 1 (addr 1 of 1)
000236.200|cfg  |3|01|Prov|Shutting down
000000.290|so   |*|01|---------- Initial log entry ----------
000000.290|so   |*|01|+++ Note that Updater log times are in GMT +++
000000.290|boot |*|01|Initial log entry. Current logging level 3
000000.290|copy |*|01|Initial log entry. Current logging level 3
000000.290|utilm|*|01|Initial log entry. Current logging level 4
000000.290|hw   |*|01|Initial log entry. Current logging level 4
000000.290|ethf |*|01|Initial log entry. Current logging level 4
000000.290|dns  |*|01|Initial log entry. Current logging level 3
000000.290|curl |*|01|Initial log entry. Current logging level 3
000000.290|sec  |*|01|Initial log entry. Current logging level 4
000000.450|wdog |*|01|Initial log entry. Current logging level 4
000000.450|lldp |*|01|Initial log entry. Current logging level 3
000000.450|cdp  |*|01|Initial log entry. Current logging level 3
000000.450|key  |*|01|Initial log entry. Current logging level 4
000000.450|so   |3|01|Platform: Model=SoundStation IP 5000, Assembly=3111-30900-001 Rev=G Region=0
000000.450|so   |3|01|Platform: Board=3111-30900-001 1 0
000000.450|so   |3|01|Platform: MAC=0004f2f332e0
000000.450|so   |3|01|Platform: BootBlock=3.0.2.0024 (30900-001) 30-Nov-10 15:06
000000.450|so   |3|01|Application, main: Label=Updater, Version=Azurite 5.0.5.2324 09-Dec-13 16:11
000000.450|so   |3|01|Application, main: P/N=YYYY-YYYYY-YYY
000000.450|log  |*|01|Install file upload callback for 'Updater'

000000.455|app1 |*|01|Initial log entry. Current logging level 3
000000.600|cfg  |*|01|Initial log entry. Current logging level 2
000000.680|app1 |3|01|Application, load: Type=SIP, Version=4.0.6.0711 26-Feb-14 08:43
000000.695|boot |*|01|Using TFFS for flash load
000000.710|boot |*|01|Code length:         0x003CD0B5
000000.710|boot |*|01|Code checksum:       0x1E4B19CF
000001.450|so   |3|01|Link status is Net down.
000002.450|so   |3|01|Link status is Net up Speed 100 full Duplex.
000012.135|app1 |4|01|Loaded application sip.ld from local system successfully.
