000000.290|so   |*|01|---------- Initial log entry ----------
000000.290|so   |*|01|+++ Note that Updater log times are in GMT +++
000000.290|boot |*|01|Initial log entry. Current logging level 3
000000.290|copy |*|01|Initial log entry. Current logging level 3
000000.290|utilm|*|01|Initial log entry. Current logging level 4
000000.290|hw   |*|01|Initial log entry. Current logging level 4
000000.290|ethf |*|01|Initial log entry. Current logging level 4
000000.290|dns  |*|01|Initial log entry. Current logging level 3
000000.290|curl |*|01|Initial log entry. Current logging level 3
000000.290|sec  |*|01|Initial log entry. Current logging level 4
000000.450|wdog |*|01|Initial log entry. Current logging level 4
000000.450|lldp |*|01|Initial log entry. Current logging level 3
000000.450|cdp  |*|01|Initial log entry. Current logging level 3
000000.450|key  |*|01|Initial log entry. Current logging level 4
000000.450|so   |3|01|Platform: Model=SoundStation IP 5000, Assembly=3111-30900-001 Rev=B Region=
000000.450|so   |3|01|Platform: Board=3111-30900-001 1 0
000000.450|so   |3|01|Platform: MAC=0004f2e73665
000000.450|so   |3|01|Platform: BootBlock=3.0.2.0024 (30900-001) 30-Nov-10 15:06
000000.450|so   |3|01|Application, main: Label=Updater, Version=Azurite 5.0.5.2324 09-Dec-13 16:11
000000.450|so   |3|01|Application, main: P/N=YYYY-YYYYY-YYY
000000.450|log  |*|01|Install file upload callback for 'Updater'

000000.455|app1 |*|01|Initial log entry. Current logging level 3
000000.595|cfg  |*|01|Initial log entry. Current logging level 2
000000.675|app1 |3|01|Application, load: Type=SIP, Version=4.0.6.0711 26-Feb-14 08:43
000000.685|boot |*|01|Using TFFS for flash load
000000.695|boot |*|01|Code length:         0x003CD0B5
000000.695|boot |*|01|Code checksum:       0x1E4B19CF
000001.450|so   |3|01|Link status is Net up Speed 100 full Duplex.
000012.125|app1 |4|01|Loaded application unknown from local system successfully.
000000.280|so   |*|01|---------- Initial log entry ----------
000000.280|so   |*|01|+++ Note that Updater log times are in GMT +++
000000.280|boot |*|01|Initial log entry. Current logging level 3
000000.280|copy |*|01|Initial log entry. Current logging level 3
000000.280|utilm|*|01|Initial log entry. Current logging level 4
000000.280|hw   |*|01|Initial log entry. Current logging level 4
000000.285|ethf |*|01|Initial log entry. Current logging level 4
000000.285|dns  |*|01|Initial log entry. Current logging level 3
000000.285|curl |*|01|Initial log entry. Current logging level 3
000000.285|sec  |*|01|Initial log entry. Current logging level 4
000000.440|wdog |*|01|Initial log entry. Current logging level 4
000000.440|lldp |*|01|Initial log entry. Current logging level 3
000000.440|cdp  |*|01|Initial log entry. Current logging level 3
000000.440|key  |*|01|Initial log entry. Current logging level 4
000000.440|so   |3|01|Platform: Model=SoundStation IP 5000, Assembly=3111-30900-001 Rev=B Region=
000000.440|so   |3|01|Platform: Board=3111-30900-001 1 0
000000.440|so   |3|01|Platform: MAC=0004f2e73665
000000.440|so   |3|01|Platform: BootBlock=3.0.2.0024 (30900-001) 30-Nov-10 15:06
000000.440|so   |3|01|Application, main: Label=Updater, Version=Azurite 5.0.5.2324 09-Dec-13 16:11
000000.440|so   |3|01|Application, main: P/N=YYYY-YYYYY-YYY
000000.440|log  |*|01|Install file upload callback for 'Updater'

000000.445|app1 |*|01|Initial log entry. Current logging level 3
000000.585|cfg  |*|01|Initial log entry. Current logging level 2
000000.660|app1 |3|01|Application, load: Type=SIP, Version=4.0.6.0711 26-Feb-14 08:43
000000.675|boot |*|01|Using TFFS for flash load
000000.685|boot |*|01|Code length:         0x003CD0B5
000000.685|boot |*|01|Code checksum:       0x1E4B19CF
000001.440|so   |3|01|Link status is Net up Speed 100 full Duplex.
000012.110|app1 |4|01|Loaded application unknown from local system successfully.
