0420075613|sip  |4|00|NAPTR query for host 'vantage.fullymanaged.sip.voxter.com' returned no results
0420084639|so   |4|00|IsDivertFeaturesEnabled - EXIT
0420084639|so   |4|00|IsDivertFeaturesEnabled - EXIT
0420084659|app1 |4|00|DBS event contains a handle (0xd4ea70) that's invalid
0420084659|app1 |4|00|DBS event contains a handle (0xd75238) that's invalid
0420084725|clist|4|00|dbIO::processResult:copy error
0420084725|clist|4|00|dbSet::mem2srv:transfer failed
0420090321|app1 |4|00|DBS event contains a handle (0xd4ea70) that's invalid
0420090321|app1 |4|00|DBS event contains a handle (0xd75238) that's invalid
0420090325|clist|4|00|dbIO::processResult:copy error
0420090325|clist|4|00|dbSet::mem2srv:transfer failed
0420091726|app1 |4|00|DBS event contains a handle (0xd4ea70) that's invalid
0420091726|app1 |4|00|DBS event contains a handle (0xd75238) that's invalid
0420091825|clist|4|00|dbIO::processResult:copy error
0420091825|clist|4|00|dbSet::mem2srv:transfer failed
0420114421|so   |4|00|IsDivertFeaturesEnabled - EXIT
0420114421|so   |4|00|IsDivertFeaturesEnabled - EXIT
0420120254|app1 |4|00|DBS event contains a handle (0xd4ea70) that's invalid
0420120254|app1 |4|00|DBS event contains a handle (0xd75238) that's invalid
0420120325|clist|4|00|dbIO::processResult:copy error
0420120325|clist|4|00|dbSet::mem2srv:transfer failed
0420123807|so   |4|00|IsDivertFeaturesEnabled - EXIT
0420123807|so   |4|00|IsDivertFeaturesEnabled - EXIT
0420123827|app1 |4|00|DBS event contains a handle (0xd4ea70) that's invalid
0420123827|app1 |4|00|DBS event contains a handle (0xd75238) that's invalid
0420123925|clist|4|00|dbIO::processResult:copy error
0420123925|clist|4|00|dbSet::mem2srv:transfer failed
0420125645|sip  |4|00|Registration failed User: 3813, Error Code:480 Temporarily not available
0421053955|sip  |4|00|NAPTR query for host 'vantage.fullymanaged.sip.voxter.com' returned no results
0421085555|so   |4|00|IsDivertFeaturesEnabled - EXIT
0421085555|so   |4|00|IsDivertFeaturesEnabled - EXIT
0421091445|app1 |4|00|DBS event contains a handle (0xd4ea70) that's invalid
0421091445|app1 |4|00|DBS event contains a handle (0xd75238) that's invalid
0421091524|clist|4|00|dbIO::processResult:copy error
0421091524|clist|4|00|dbSet::mem2srv:transfer failed
0421124546|so   |4|00|IsDivertFeaturesEnabled - EXIT
0421124546|so   |4|00|IsDivertFeaturesEnabled - EXIT
0421124605|app1 |4|00|DBS event contains a handle (0xd4ea70) that's invalid
0421124605|app1 |4|00|DBS event contains a handle (0xd75238) that's invalid
0421124624|clist|4|00|dbIO::processResult:copy error
0421124624|clist|4|00|dbSet::mem2srv:transfer failed
0421130353|app1 |4|00|DBS event contains a handle (0xd4ea70) that's invalid
0421130353|app1 |4|00|DBS event contains a handle (0xd75238) that's invalid
0421130424|clist|4|00|dbIO::processResult:copy error
0421130424|clist|4|00|dbSet::mem2srv:transfer failed
0421132008|app1 |4|00|DBS event contains a handle (0xd4ea70) that's invalid
0421132008|app1 |4|00|DBS event contains a handle (0xd75238) that's invalid
0421132024|clist|4|00|dbIO::processResult:copy error
0421132024|clist|4|00|dbSet::mem2srv:transfer failed
