000000.275|so   |*|00|---------- Initial log entry ----------
000000.275|so   |*|00|+++ Note that Updater log times are in GMT +++
000000.275|boot |*|00|Initial log entry. Current logging level 3
000000.275|copy |*|00|Initial log entry. Current logging level 3
000000.275|utilm|*|00|Initial log entry. Current logging level 4
000000.275|hw   |*|00|Initial log entry. Current logging level 4
000000.275|ethf |*|00|Initial log entry. Current logging level 4
000000.275|dns  |*|00|Initial log entry. Current logging level 3
000000.275|curl |*|00|Initial log entry. Current logging level 3
000000.275|sec  |*|00|Initial log entry. Current logging level 4
000000.280|pmt  |*|00|Initial log entry. Current logging level 3
000000.410|wdog |*|00|Initial log entry. Current logging level 4
000000.410|lldp |*|00|Initial log entry. Current logging level 3
000000.410|cdp  |*|00|Initial log entry. Current logging level 3
000000.410|key  |*|00|Initial log entry. Current logging level 4
000000.410|so   |3|00|Platform: Model=SoundStation Duo, Assembly=3111-19000-001 Rev=F Region=
000000.410|so   |3|00|Platform: Board=3111-19000-001 1 0
000000.410|so   |3|00|Platform: MAC=0004f2ea16e3
000000.410|so   |3|00|Platform: BootBlock=3.0.2.0024 (19000-001) 30-Nov-10 15:07
000000.410|so   |3|00|Application, main: Label=Updater, Version=Azurite 5.0.3.1667 24-Aug-12 11:43
000000.410|so   |3|00|Application, main: P/N=3150-11069-503
000000.410|log  |*|00|Install file upload callback for 'Updater'

000000.410|app1 |*|00|Initial log entry. Current logging level 3
000000.550|cfg  |*|00|Initial log entry. Current logging level 2
000000.630|app1 |3|00|Application, load: Type=SIP, Version=4.0.4.2906 18-Apr-13 02:29
000000.640|boot |*|00|Using TFFS for flash load
000000.670|boot |*|00|Code length:         0x004776F6
000000.670|boot |*|00|Code checksum:       0x23966306
000001.410|so   |3|00|Link status is Net up Speed 100 full Duplex.
000011.620|app1 |4|00|Loaded application unknown from local system successfully.
000000.250|so   |*|00|---------- Initial log entry ----------
000000.250|so   |*|00|+++ Note that Updater log times are in GMT +++
000000.250|boot |*|00|Initial log entry. Current logging level 3
000000.250|copy |*|00|Initial log entry. Current logging level 3
000000.250|utilm|*|00|Initial log entry. Current logging level 4
000000.250|hw   |*|00|Initial log entry. Current logging level 4
000000.250|ethf |*|00|Initial log entry. Current logging level 4
000000.250|dns  |*|00|Initial log entry. Current logging level 3
000000.250|curl |*|00|Initial log entry. Current logging level 3
000000.250|sec  |*|00|Initial log entry. Current logging level 4
000000.255|pmt  |*|00|Initial log entry. Current logging level 3
000000.385|wdog |*|00|Initial log entry. Current logging level 4
000000.385|lldp |*|00|Initial log entry. Current logging level 3
000000.385|cdp  |*|00|Initial log entry. Current logging level 3
000000.385|key  |*|00|Initial log entry. Current logging level 4
000000.385|so   |3|00|Platform: Model=SoundStation Duo, Assembly=3111-19000-001 Rev=F Region=
000000.385|so   |3|00|Platform: Board=3111-19000-001 1 0
000000.385|so   |3|00|Platform: MAC=0004f2ea16e3
000000.385|so   |3|00|Platform: BootBlock=3.0.2.0024 (19000-001) 30-Nov-10 15:07
000000.385|so   |3|00|Application, main: Label=Updater, Version=Azurite 5.0.3.1667 24-Aug-12 11:43
000000.385|so   |3|00|Application, main: P/N=3150-11069-503
000000.385|log  |*|00|Install file upload callback for 'Updater'

000000.385|app1 |*|00|Initial log entry. Current logging level 3
000000.530|cfg  |*|00|Initial log entry. Current logging level 2
000000.600|app1 |3|00|Application, load: Type=SIP, Version=4.0.4.2906 18-Apr-13 02:29
000000.615|boot |*|00|Using TFFS for flash load
000000.650|boot |*|00|Code length:         0x004776F6
000000.650|boot |*|00|Code checksum:       0x23966306
000001.385|so   |3|00|Link status is Net down.
000002.385|so   |3|00|Link status is Net up Speed 100 full Duplex.
000011.250|app1 |4|00|Loaded application unknown from local system successfully.
000000.250|so   |*|00|---------- Initial log entry ----------
000000.250|so   |*|00|+++ Note that Updater log times are in GMT +++
000000.250|boot |*|00|Initial log entry. Current logging level 3
000000.250|copy |*|00|Initial log entry. Current logging level 3
000000.250|utilm|*|00|Initial log entry. Current logging level 4
000000.250|hw   |*|00|Initial log entry. Current logging level 4
000000.250|ethf |*|00|Initial log entry. Current logging level 4
000000.250|dns  |*|00|Initial log entry. Current logging level 3
000000.250|curl |*|00|Initial log entry. Current logging level 3
000000.250|sec  |*|00|Initial log entry. Current logging level 4
000000.255|pmt  |*|00|Initial log entry. Current logging level 3
000000.385|wdog |*|00|Initial log entry. Current logging level 4
000000.385|lldp |*|00|Initial log entry. Current logging level 3
000000.385|cdp  |*|00|Initial log entry. Current logging level 3
000000.385|key  |*|00|Initial log entry. Current logging level 4
000000.390|so   |3|00|Platform: Model=SoundStation Duo, Assembly=3111-19000-001 Rev=F Region=
000000.390|so   |3|00|Platform: Board=3111-19000-001 1 0
000000.390|so   |3|00|Platform: MAC=0004f2ea16e3
000000.390|so   |3|00|Platform: BootBlock=3.0.2.0024 (19000-001) 30-Nov-10 15:07
000000.390|so   |3|00|Application, main: Label=Updater, Version=Azurite 5.0.3.1667 24-Aug-12 11:43
000000.390|so   |3|00|Application, main: P/N=3150-11069-503
000000.390|log  |*|00|Install file upload callback for 'Updater'

000000.390|app1 |*|00|Initial log entry. Current logging level 3
000000.530|cfg  |*|00|Initial log entry. Current logging level 2
000000.605|app1 |3|00|Application, load: Type=SIP, Version=4.0.4.2906 18-Apr-13 02:29
000000.615|boot |*|00|Using TFFS for flash load
000000.655|boot |*|00|Code length:         0x004776F6
000000.655|boot |*|00|Code checksum:       0x23966306
000001.385|so   |3|00|Link status is Net down.
000002.385|so   |3|00|Link status is Net up Speed 100 full Duplex.
000011.250|app1 |4|00|Loaded application unknown from local system successfully.
000000.250|so   |*|00|---------- Initial log entry ----------
000000.250|so   |*|00|+++ Note that Updater log times are in GMT +++
000000.250|boot |*|00|Initial log entry. Current logging level 3
000000.250|copy |*|00|Initial log entry. Current logging level 3
000000.250|utilm|*|00|Initial log entry. Current logging level 4
000000.250|hw   |*|00|Initial log entry. Current logging level 4
000000.250|ethf |*|00|Initial log entry. Current logging level 4
000000.250|dns  |*|00|Initial log entry. Current logging level 3
000000.250|curl |*|00|Initial log entry. Current logging level 3
000000.250|sec  |*|00|Initial log entry. Current logging level 4
000000.255|pmt  |*|00|Initial log entry. Current logging level 3
000000.385|wdog |*|00|Initial log entry. Current logging level 4
000000.385|lldp |*|00|Initial log entry. Current logging level 3
000000.385|cdp  |*|00|Initial log entry. Current logging level 3
000000.385|key  |*|00|Initial log entry. Current logging level 4
000000.385|so   |3|00|Platform: Model=SoundStation Duo, Assembly=3111-19000-001 Rev=F Region=
000000.385|so   |3|00|Platform: Board=3111-19000-001 1 0
000000.385|so   |3|00|Platform: MAC=0004f2ea16e3
000000.385|so   |3|00|Platform: BootBlock=3.0.2.0024 (19000-001) 30-Nov-10 15:07
000000.385|so   |3|00|Application, main: Label=Updater, Version=Azurite 5.0.3.1667 24-Aug-12 11:43
000000.385|so   |3|00|Application, main: P/N=3150-11069-503
000000.385|log  |*|00|Install file upload callback for 'Updater'

000000.390|app1 |*|00|Initial log entry. Current logging level 3
000000.530|cfg  |*|00|Initial log entry. Current logging level 2
000000.605|app1 |3|00|Application, load: Type=SIP, Version=4.0.4.2906 18-Apr-13 02:29
000000.615|boot |*|00|Using TFFS for flash load
000000.660|boot |*|00|Code length:         0x004776F6
000000.660|boot |*|00|Code checksum:       0x23966306
000001.385|so   |3|00|Link status is Net down.
000002.385|so   |3|00|Link status is Net up Speed 100 full Duplex.
000011.250|app1 |4|00|Loaded application unknown from local system successfully.
000000.245|pmt  |*|00|Initial log entry. Current logging level 3
000000.245|so   |*|00|---------- Initial log entry ----------
000000.245|so   |*|00|+++ Note that Updater log times are in GMT +++
000000.245|boot |*|00|Initial log entry. Current logging level 3
000000.245|copy |*|00|Initial log entry. Current logging level 3
000000.245|utilm|*|00|Initial log entry. Current logging level 4
000000.245|hw   |*|00|Initial log entry. Current logging level 4
000000.245|ethf |*|00|Initial log entry. Current logging level 4
000000.245|dns  |*|00|Initial log entry. Current logging level 3
000000.245|curl |*|00|Initial log entry. Current logging level 3
000000.245|sec  |*|00|Initial log entry. Current logging level 4
000000.380|wdog |*|00|Initial log entry. Current logging level 4
000000.380|lldp |*|00|Initial log entry. Current logging level 3
000000.380|cdp  |*|00|Initial log entry. Current logging level 3
000000.380|key  |*|00|Initial log entry. Current logging level 4
000000.380|so   |3|00|Platform: Model=SoundStation Duo, Assembly=3111-19000-001 Rev=F Region=
000000.380|so   |3|00|Platform: Board=3111-19000-001 1 0
000000.380|so   |3|00|Platform: MAC=0004f2ea16e3
000000.380|so   |3|00|Platform: BootBlock=3.0.2.0024 (19000-001) 30-Nov-10 15:07
000000.380|so   |3|00|Application, main: Label=Updater, Version=Azurite 5.0.3.1667 24-Aug-12 11:43
000000.380|so   |3|00|Application, main: P/N=3150-11069-503
000000.380|log  |*|00|Install file upload callback for 'Updater'

000000.380|app1 |*|00|Initial log entry. Current logging level 3
000000.520|cfg  |*|00|Initial log entry. Current logging level 2
000000.590|app1 |3|00|Application, load: Type=SIP, Version=4.0.4.2906 18-Apr-13 02:29
000000.615|boot |*|00|Using TFFS for flash load
000000.615|boot |*|00|Code length:         0x004776F6
000000.615|boot |*|00|Code checksum:       0x23966306
000001.380|so   |3|00|Link status is Net up Speed 100 full Duplex.
000011.580|app1 |4|00|Loaded application unknown from local system successfully.
000000.245|pmt  |*|00|Initial log entry. Current logging level 3
000000.245|so   |*|00|---------- Initial log entry ----------
000000.245|so   |*|00|+++ Note that Updater log times are in GMT +++
000000.245|boot |*|00|Initial log entry. Current logging level 3
000000.245|copy |*|00|Initial log entry. Current logging level 3
000000.245|utilm|*|00|Initial log entry. Current logging level 4
000000.245|hw   |*|00|Initial log entry. Current logging level 4
000000.245|ethf |*|00|Initial log entry. Current logging level 4
000000.245|dns  |*|00|Initial log entry. Current logging level 3
000000.245|curl |*|00|Initial log entry. Current logging level 3
000000.245|sec  |*|00|Initial log entry. Current logging level 4
000000.380|wdog |*|00|Initial log entry. Current logging level 4
000000.380|lldp |*|00|Initial log entry. Current logging level 3
000000.380|cdp  |*|00|Initial log entry. Current logging level 3
000000.380|key  |*|00|Initial log entry. Current logging level 4
000000.380|so   |3|00|Platform: Model=SoundStation Duo, Assembly=3111-19000-001 Rev=F Region=
000000.380|so   |3|00|Platform: Board=3111-19000-001 1 0
000000.380|so   |3|00|Platform: MAC=0004f2ea16e3
000000.380|so   |3|00|Platform: BootBlock=3.0.2.0024 (19000-001) 30-Nov-10 15:07
000000.380|so   |3|00|Application, main: Label=Updater, Version=Azurite 5.0.3.1667 24-Aug-12 11:43
000000.380|so   |3|00|Application, main: P/N=3150-11069-503
000000.380|log  |*|00|Install file upload callback for 'Updater'

000000.380|app1 |*|00|Initial log entry. Current logging level 3
000000.520|cfg  |*|00|Initial log entry. Current logging level 2
000000.590|app1 |3|00|Application, load: Type=SIP, Version=4.0.4.2906 18-Apr-13 02:29
000000.605|boot |*|00|Using TFFS for flash load
000000.620|boot |*|00|Code length:         0x004776F6
000000.620|boot |*|00|Code checksum:       0x23966306
000001.380|so   |3|00|Link status is Net up Speed 100 full Duplex.
000011.315|app1 |4|00|Loaded application unknown from local system successfully.
000000.245|pmt  |*|00|Initial log entry. Current logging level 3
000000.245|so   |*|00|---------- Initial log entry ----------
000000.245|so   |*|00|+++ Note that Updater log times are in GMT +++
000000.245|boot |*|00|Initial log entry. Current logging level 3
000000.245|copy |*|00|Initial log entry. Current logging level 3
000000.245|utilm|*|00|Initial log entry. Current logging level 4
000000.245|hw   |*|00|Initial log entry. Current logging level 4
000000.245|ethf |*|00|Initial log entry. Current logging level 4
000000.245|dns  |*|00|Initial log entry. Current logging level 3
000000.245|curl |*|00|Initial log entry. Current logging level 3
000000.245|sec  |*|00|Initial log entry. Current logging level 4
000000.380|wdog |*|00|Initial log entry. Current logging level 4
000000.380|lldp |*|00|Initial log entry. Current logging level 3
000000.380|cdp  |*|00|Initial log entry. Current logging level 3
000000.380|key  |*|00|Initial log entry. Current logging level 4
000000.380|so   |3|00|Platform: Model=SoundStation Duo, Assembly=3111-19000-001 Rev=F Region=
000000.380|so   |3|00|Platform: Board=3111-19000-001 1 0
000000.380|so   |3|00|Platform: MAC=0004f2ea16e3
000000.380|so   |3|00|Platform: BootBlock=3.0.2.0024 (19000-001) 30-Nov-10 15:07
000000.380|so   |3|00|Application, main: Label=Updater, Version=Azurite 5.0.3.1667 24-Aug-12 11:43
000000.380|so   |3|00|Application, main: P/N=3150-11069-503
000000.380|log  |*|00|Install file upload callback for 'Updater'

000000.380|app1 |*|00|Initial log entry. Current logging level 3
000000.520|cfg  |*|00|Initial log entry. Current logging level 2
000000.590|app1 |3|00|Application, load: Type=SIP, Version=4.0.4.2906 18-Apr-13 02:29
000000.605|boot |*|00|Using TFFS for flash load
000000.630|boot |*|00|Code length:         0x004776F6
000000.630|boot |*|00|Code checksum:       0x23966306
000001.380|so   |3|00|Link status is Net up Speed 100 full Duplex.
000011.315|app1 |4|00|Loaded application unknown from local system successfully.
000000.245|pmt  |*|00|Initial log entry. Current logging level 3
000000.245|so   |*|00|---------- Initial log entry ----------
000000.245|so   |*|00|+++ Note that Updater log times are in GMT +++
000000.245|boot |*|00|Initial log entry. Current logging level 3
000000.245|copy |*|00|Initial log entry. Current logging level 3
000000.245|utilm|*|00|Initial log entry. Current logging level 4
000000.245|hw   |*|00|Initial log entry. Current logging level 4
000000.245|ethf |*|00|Initial log entry. Current logging level 4
000000.245|dns  |*|00|Initial log entry. Current logging level 3
000000.245|curl |*|00|Initial log entry. Current logging level 3
000000.245|sec  |*|00|Initial log entry. Current logging level 4
000000.380|wdog |*|00|Initial log entry. Current logging level 4
000000.380|lldp |*|00|Initial log entry. Current logging level 3
000000.380|cdp  |*|00|Initial log entry. Current logging level 3
000000.380|key  |*|00|Initial log entry. Current logging level 4
000000.380|so   |3|00|Platform: Model=SoundStation Duo, Assembly=3111-19000-001 Rev=F Region=
000000.380|so   |3|00|Platform: Board=3111-19000-001 1 0
000000.380|so   |3|00|Platform: MAC=0004f2ea16e3
000000.380|so   |3|00|Platform: BootBlock=3.0.2.0024 (19000-001) 30-Nov-10 15:07
000000.380|so   |3|00|Application, main: Label=Updater, Version=Azurite 5.0.3.1667 24-Aug-12 11:43
000000.380|so   |3|00|Application, main: P/N=3150-11069-503
000000.380|log  |*|00|Install file upload callback for 'Updater'

000000.380|app1 |*|00|Initial log entry. Current logging level 3
000000.520|cfg  |*|00|Initial log entry. Current logging level 2
000000.590|app1 |3|00|Application, load: Type=SIP, Version=4.0.4.2906 18-Apr-13 02:29
000000.605|boot |*|00|Using TFFS for flash load
000000.620|boot |*|00|Code length:         0x004776F6
000000.620|boot |*|00|Code checksum:       0x23966306
000001.380|so   |3|00|Link status is Net up Speed 100 full Duplex.
000011.315|app1 |4|00|Loaded application unknown from local system successfully.
000000.245|pmt  |*|00|Initial log entry. Current logging level 3
000000.245|so   |*|00|---------- Initial log entry ----------
000000.245|so   |*|00|+++ Note that Updater log times are in GMT +++
000000.245|boot |*|00|Initial log entry. Current logging level 3
000000.245|copy |*|00|Initial log entry. Current logging level 3
000000.245|utilm|*|00|Initial log entry. Current logging level 4
000000.245|hw   |*|00|Initial log entry. Current logging level 4
000000.245|ethf |*|00|Initial log entry. Current logging level 4
000000.245|dns  |*|00|Initial log entry. Current logging level 3
000000.245|curl |*|00|Initial log entry. Current logging level 3
000000.245|sec  |*|00|Initial log entry. Current logging level 4
000000.380|wdog |*|00|Initial log entry. Current logging level 4
000000.380|lldp |*|00|Initial log entry. Current logging level 3
000000.380|cdp  |*|00|Initial log entry. Current logging level 3
000000.380|key  |*|00|Initial log entry. Current logging level 4
000000.380|so   |3|00|Platform: Model=SoundStation Duo, Assembly=3111-19000-001 Rev=F Region=
000000.380|so   |3|00|Platform: Board=3111-19000-001 1 0
000000.380|so   |3|00|Platform: MAC=0004f2ea16e3
000000.380|so   |3|00|Platform: BootBlock=3.0.2.0024 (19000-001) 30-Nov-10 15:07
000000.380|so   |3|00|Application, main: Label=Updater, Version=Azurite 5.0.3.1667 24-Aug-12 11:43
000000.380|so   |3|00|Application, main: P/N=3150-11069-503
000000.380|log  |*|00|Install file upload callback for 'Updater'

000000.380|app1 |*|00|Initial log entry. Current logging level 3
000000.520|cfg  |*|00|Initial log entry. Current logging level 2
000000.590|app1 |3|00|Application, load: Type=SIP, Version=4.0.4.2906 18-Apr-13 02:29
000000.605|boot |*|00|Using TFFS for flash load
000000.625|boot |*|00|Code length:         0x004776F6
000000.625|boot |*|00|Code checksum:       0x23966306
000001.380|so   |3|00|Link status is Net up Speed 100 full Duplex.
000011.315|app1 |4|00|Loaded application unknown from local system successfully.
000000.245|pmt  |*|00|Initial log entry. Current logging level 3
000000.245|so   |*|00|---------- Initial log entry ----------
000000.245|so   |*|00|+++ Note that Updater log times are in GMT +++
000000.245|boot |*|00|Initial log entry. Current logging level 3
000000.245|copy |*|00|Initial log entry. Current logging level 3
000000.245|utilm|*|00|Initial log entry. Current logging level 4
000000.245|hw   |*|00|Initial log entry. Current logging level 4
000000.245|ethf |*|00|Initial log entry. Current logging level 4
000000.245|dns  |*|00|Initial log entry. Current logging level 3
000000.245|curl |*|00|Initial log entry. Current logging level 3
000000.245|sec  |*|00|Initial log entry. Current logging level 4
000000.380|wdog |*|00|Initial log entry. Current logging level 4
000000.380|lldp |*|00|Initial log entry. Current logging level 3
000000.380|cdp  |*|00|Initial log entry. Current logging level 3
000000.380|key  |*|00|Initial log entry. Current logging level 4
000000.380|so   |3|00|Platform: Model=SoundStation Duo, Assembly=3111-19000-001 Rev=F Region=
000000.380|so   |3|00|Platform: Board=3111-19000-001 1 0
000000.380|so   |3|00|Platform: MAC=0004f2ea16e3
000000.380|so   |3|00|Platform: BootBlock=3.0.2.0024 (19000-001) 30-Nov-10 15:07
000000.380|so   |3|00|Application, main: Label=Updater, Version=Azurite 5.0.3.1667 24-Aug-12 11:43
000000.380|so   |3|00|Application, main: P/N=3150-11069-503
000000.380|log  |*|00|Install file upload callback for 'Updater'

000000.380|app1 |*|00|Initial log entry. Current logging level 3
000000.520|cfg  |*|00|Initial log entry. Current logging level 2
000000.590|app1 |3|00|Application, load: Type=SIP, Version=4.0.4.2906 18-Apr-13 02:29
000000.600|boot |*|00|Using TFFS for flash load
000000.620|boot |*|00|Code length:         0x004776F6
000000.620|boot |*|00|Code checksum:       0x23966306
000001.380|so   |3|00|Link status is Net up Speed 100 full Duplex.
000011.315|app1 |4|00|Loaded application unknown from local system successfully.
000000.245|pmt  |*|00|Initial log entry. Current logging level 3
000000.245|so   |*|00|---------- Initial log entry ----------
000000.245|so   |*|00|+++ Note that Updater log times are in GMT +++
000000.245|boot |*|00|Initial log entry. Current logging level 3
000000.245|copy |*|00|Initial log entry. Current logging level 3
000000.245|utilm|*|00|Initial log entry. Current logging level 4
000000.245|hw   |*|00|Initial log entry. Current logging level 4
000000.245|ethf |*|00|Initial log entry. Current logging level 4
000000.245|dns  |*|00|Initial log entry. Current logging level 3
000000.245|curl |*|00|Initial log entry. Current logging level 3
000000.245|sec  |*|00|Initial log entry. Current logging level 4
000000.380|wdog |*|00|Initial log entry. Current logging level 4
000000.380|lldp |*|00|Initial log entry. Current logging level 3
000000.380|cdp  |*|00|Initial log entry. Current logging level 3
000000.380|key  |*|00|Initial log entry. Current logging level 4
000000.380|so   |3|00|Platform: Model=SoundStation Duo, Assembly=3111-19000-001 Rev=F Region=
000000.380|so   |3|00|Platform: Board=3111-19000-001 1 0
000000.380|so   |3|00|Platform: MAC=0004f2ea16e3
000000.380|so   |3|00|Platform: BootBlock=3.0.2.0024 (19000-001) 30-Nov-10 15:07
000000.380|so   |3|00|Application, main: Label=Updater, Version=Azurite 5.0.3.1667 24-Aug-12 11:43
000000.380|so   |3|00|Application, main: P/N=3150-11069-503
000000.380|log  |*|00|Install file upload callback for 'Updater'

000000.380|app1 |*|00|Initial log entry. Current logging level 3
000000.520|cfg  |*|00|Initial log entry. Current logging level 2
000000.590|app1 |3|00|Application, load: Type=SIP, Version=4.0.4.2906 18-Apr-13 02:29
000000.605|boot |*|00|Using TFFS for flash load
000000.620|boot |*|00|Code length:         0x004776F6
000000.620|boot |*|00|Code checksum:       0x23966306
000001.380|so   |3|00|Link status is Net up Speed 100 full Duplex.
000011.315|app1 |4|00|Loaded application unknown from local system successfully.
000000.245|pmt  |*|00|Initial log entry. Current logging level 3
000000.245|so   |*|00|---------- Initial log entry ----------
000000.245|so   |*|00|+++ Note that Updater log times are in GMT +++
000000.245|boot |*|00|Initial log entry. Current logging level 3
000000.245|copy |*|00|Initial log entry. Current logging level 3
000000.245|utilm|*|00|Initial log entry. Current logging level 4
000000.245|hw   |*|00|Initial log entry. Current logging level 4
000000.245|ethf |*|00|Initial log entry. Current logging level 4
000000.245|dns  |*|00|Initial log entry. Current logging level 3
000000.245|curl |*|00|Initial log entry. Current logging level 3
000000.245|sec  |*|00|Initial log entry. Current logging level 4
000000.380|wdog |*|00|Initial log entry. Current logging level 4
000000.380|lldp |*|00|Initial log entry. Current logging level 3
000000.380|cdp  |*|00|Initial log entry. Current logging level 3
000000.380|key  |*|00|Initial log entry. Current logging level 4
000000.380|so   |3|00|Platform: Model=SoundStation Duo, Assembly=3111-19000-001 Rev=F Region=
000000.380|so   |3|00|Platform: Board=3111-19000-001 1 0
000000.380|so   |3|00|Platform: MAC=0004f2ea16e3
000000.380|so   |3|00|Platform: BootBlock=3.0.2.0024 (19000-001) 30-Nov-10 15:07
000000.380|so   |3|00|Application, main: Label=Updater, Version=Azurite 5.0.3.1667 24-Aug-12 11:43
000000.380|so   |3|00|Application, main: P/N=3150-11069-503
000000.380|log  |*|00|Install file upload callback for 'Updater'

000000.380|app1 |*|00|Initial log entry. Current logging level 3
000000.520|cfg  |*|00|Initial log entry. Current logging level 2
000000.590|app1 |3|00|Application, load: Type=SIP, Version=4.0.4.2906 18-Apr-13 02:29
000000.605|boot |*|00|Using TFFS for flash load
000000.620|boot |*|00|Code length:         0x004776F6
000000.620|boot |*|00|Code checksum:       0x23966306
000001.380|so   |3|00|Link status is Net up Speed 100 full Duplex.
000011.315|app1 |4|00|Loaded application unknown from local system successfully.
000000.255|pmt  |*|00|Initial log entry. Current logging level 3
000000.255|so   |*|00|---------- Initial log entry ----------
000000.255|so   |*|00|+++ Note that Updater log times are in GMT +++
000000.255|boot |*|00|Initial log entry. Current logging level 3
000000.255|copy |*|00|Initial log entry. Current logging level 3
000000.255|utilm|*|00|Initial log entry. Current logging level 4
000000.255|hw   |*|00|Initial log entry. Current logging level 4
000000.255|ethf |*|00|Initial log entry. Current logging level 4
000000.255|dns  |*|00|Initial log entry. Current logging level 3
000000.255|curl |*|00|Initial log entry. Current logging level 3
000000.255|sec  |*|00|Initial log entry. Current logging level 4
000000.390|wdog |*|00|Initial log entry. Current logging level 4
000000.390|lldp |*|00|Initial log entry. Current logging level 3
000000.390|cdp  |*|00|Initial log entry. Current logging level 3
000000.390|key  |*|00|Initial log entry. Current logging level 4
000000.390|so   |3|00|Platform: Model=SoundStation Duo, Assembly=3111-19000-001 Rev=F Region=
000000.390|so   |3|00|Platform: Board=3111-19000-001 1 0
000000.390|so   |3|00|Platform: MAC=0004f2ea16e3
000000.390|so   |3|00|Platform: BootBlock=3.0.2.0024 (19000-001) 30-Nov-10 15:07
000000.390|so   |3|00|Application, main: Label=Updater, Version=Azurite 5.0.3.1667 24-Aug-12 11:43
000000.390|so   |3|00|Application, main: P/N=3150-11069-503
000000.390|log  |*|00|Install file upload callback for 'Updater'

000000.390|app1 |*|00|Initial log entry. Current logging level 3
000000.530|cfg  |*|00|Initial log entry. Current logging level 2
000000.605|app1 |3|00|Application, load: Type=SIP, Version=4.0.4.2906 18-Apr-13 02:29
000000.620|boot |*|00|Using TFFS for flash load
000000.640|boot |*|00|Code length:         0x004776F6
000000.640|boot |*|00|Code checksum:       0x23966306
000001.385|so   |3|00|Link status is Net down.
000002.385|so   |3|00|Link status is Net up Speed 100 full Duplex.
000011.330|app1 |4|00|Loaded application unknown from local system successfully.
000000.245|so   |*|00|---------- Initial log entry ----------
000000.245|so   |*|00|+++ Note that Updater log times are in GMT +++
000000.245|boot |*|00|Initial log entry. Current logging level 3
000000.245|copy |*|00|Initial log entry. Current logging level 3
000000.245|utilm|*|00|Initial log entry. Current logging level 4
000000.245|hw   |*|00|Initial log entry. Current logging level 4
000000.245|ethf |*|00|Initial log entry. Current logging level 4
000000.245|dns  |*|00|Initial log entry. Current logging level 3
000000.245|curl |*|00|Initial log entry. Current logging level 3
000000.245|sec  |*|00|Initial log entry. Current logging level 4
000000.380|wdog |*|00|Initial log entry. Current logging level 4
000000.380|lldp |*|00|Initial log entry. Current logging level 3
000000.380|cdp  |*|00|Initial log entry. Current logging level 3
000000.380|key  |*|00|Initial log entry. Current logging level 4
000000.380|so   |3|00|Platform: Model=SoundStation Duo, Assembly=3111-19000-001 Rev=F Region=
000000.380|so   |3|00|Platform: Board=3111-19000-001 1 0
000000.380|so   |3|00|Platform: MAC=0004f2ea16e3
000000.380|so   |3|00|Platform: BootBlock=3.0.2.0024 (19000-001) 30-Nov-10 15:07
000000.380|so   |3|00|Application, main: Label=Updater, Version=Azurite 5.0.3.1667 24-Aug-12 11:43
000000.380|so   |3|00|Application, main: P/N=3150-11069-503
000000.380|log  |*|00|Install file upload callback for 'Updater'

000000.385|app1 |*|00|Initial log entry. Current logging level 3
000000.520|cfg  |*|00|Initial log entry. Current logging level 2
000000.590|dot1x|*|00|Initial log entry. Current logging level 3
000000.590|app1 |3|00|Starting provisioning because of the start type.
000001.380|so   |3|00|Link status is Net up Speed 100 full Duplex.
000003.220|tls  |*|00|Initial log entry. Current logging level 4
000012.365|lldp |3|00|LLDP did not receive a response from a switch. Disabling LLDP.
000014.400|cdp  |3|00|CDP received a response from a switch. CDP enabled.
000025.900|dns  |*|00|DNS resolver servers are '75.75.75.75' '8.8.8.8'
000025.900|dns  |*|00|DNS resolver search domain is 'maverixbio.com'
000025.900|app1 |3|00|DNS resolver servers are '75.75.75.75' '8.8.8.8'
000025.900|app1 |3|00|DNS resolver search domain is 'maverixbio.com'
000025.925|dns  |3|00|DNS lookup for (A) 'p.voxter.com'(74.114.208.41,74.114.208.40) TTL=86400
000025.925|app1 |3|00|Bootline: esw(3,0)bootHost:flash e=172.16.0.25:ffff0000:15180:18 h=74.114.208.41 g=172.16.0.1 u=**** pw=**** f=0x40 tn=CircaIP
000025.925|app1 |4|00|Could not load time from  (0.0.0.0).
000025.925|app1 |3|00|DHCP returned result 0x387 from server 172.16.0.1.
000025.925|app1 |3|00|   Phone IP address is 172.16.0.25.
000025.925|app1 |3|00|   Subnet mask is 255.255.0.0.
000025.925|app1 |3|00|   Gateway address is 172.16.0.1.
000025.925|app1 |3|00|   DNS server is 75.75.75.75.
000025.925|app1 |3|00|   DNS alternate server is 8.8.8.8.
000025.925|app1 |3|00|   DNS domain is maverixbio.com.
000026.815|copy |3|00|'http://PlcmSpIp:****@p.voxter.com/0004f2ea16e3.cfg' from 'p.voxter.com(74.114.208.41)'
000027.170|copy |3|00|Download of '0004f2ea16e3.cfg' succeeded on attempt 1 (addr 1 of 2)
000027.295|cfg  |*|00|Prov|Starting to update 3111-19000-001.sip.ld
000027.405|copy |3|00|'http://PlcmSpIp:****@p.voxter.com/3111-19000-001.sip.ld' from 'p.voxter.com(74.114.208.41)'
000027.870|cfg  |3|00|New load header information:
000027.870|cfg  |3|00|Code length:         0x005789F0
000027.870|cfg  |3|00|Code Checksum:       0x07093466
000027.870|cfg  |3|00|Options:             0x00000080
000027.870|cfg  |3|00|Recognized container image
000027.870|cfg  |3|00|New load header information:
000027.870|cfg  |3|00|Code length:         0x004963A0
000027.870|cfg  |3|00|Code Checksum:       0x248C01F8
000027.870|cfg  |3|00|Options:             0x00000102
000027.870|cfg  |3|00|Application header is different
000027.870|cfg  |3|00|Application in container image 1 is different
000027.870|cfg  |3|00|New load header information:
000027.870|cfg  |3|00|Code length:         0x000E1D60
000027.870|cfg  |3|00|Code Checksum:       0x07089523
000027.870|cfg  |3|00|Options:             0x00000110
000027.875|cfg  |3|00|Updater header is different
000027.875|cfg  |3|00|Updater in container image 2 is different
000027.875|cfg  |3|00|Using Updater
000118.350|cfg  |*|00|Prov|Updating the Updater
000118.355|cfg  |3|00|Using compatible image 0
000128.205|copy |3|00|Download of '3111-19000-001.sip.ld' succeeded on attempt 1 (addr 1 of 2)
000128.510|sig  |*|00|Initial log entry. Current logging level 3
000128.510|sig  |3|00|hwSigParseRemove: found key Sig_3.
000128.695|cfg  |3|00|Good image signature
000128.820|cfg  |4|00|Removing application...
000130.145|cfg  |3|00|Programming Updater from sector 1 to 18
000150.735|cfg  |3|00|Programming to sector 1 complete
000150.885|cfg  |3|00|Invalidated old image at sector 19, offset 20.
000150.885|cfg  |*|00|Prov|Image has been changed
000150.980|cfg  |*|00|Prov|Provisioning needs to reboot to upgrade image(s)
000000.245|pmt  |*|00|Initial log entry. Current logging level 3
000000.245|so   |*|00|---------- Initial log entry ----------
000000.245|so   |*|00|+++ Note that Updater log times are in GMT +++
000000.245|boot |*|00|Initial log entry. Current logging level 3
000000.245|copy |*|00|Initial log entry. Current logging level 3
000000.245|utilm|*|00|Initial log entry. Current logging level 4
000000.245|hw   |*|00|Initial log entry. Current logging level 4
000000.245|ethf |*|00|Initial log entry. Current logging level 4
000000.245|dns  |*|00|Initial log entry. Current logging level 3
000000.245|curl |*|00|Initial log entry. Current logging level 3
000000.245|sec  |*|00|Initial log entry. Current logging level 4
000000.380|wdog |*|00|Initial log entry. Current logging level 4
000000.380|lldp |*|00|Initial log entry. Current logging level 3
000000.380|cdp  |*|00|Initial log entry. Current logging level 3
000000.380|key  |*|00|Initial log entry. Current logging level 4
000000.380|so   |3|00|Platform: Model=SoundStation Duo, Assembly=3111-19000-001 Rev=F Region=
000000.380|so   |3|00|Platform: Board=3111-19000-001 1 0
000000.380|so   |3|00|Platform: MAC=0004f2ea16e3
000000.380|so   |3|00|Platform: BootBlock=3.0.2.0024 (19000-001) 30-Nov-10 15:07
000000.380|so   |3|00|Application, main: Label=Updater, Version=Azurite 5.0.5.2324 09-Dec-13 16:13
000000.380|so   |3|00|Application, main: P/N=YYYY-YYYYY-YYY
000000.380|log  |*|00|Install file upload callback for 'Updater'

000000.380|app1 |*|00|Initial log entry. Current logging level 3
000000.520|cfg  |*|00|Initial log entry. Current logging level 2
000000.585|dot1x|*|00|Initial log entry. Current logging level 3
000000.585|app1 |3|00|Starting provisioning because of the start type.
000001.380|so   |3|00|Link status is Net up Speed 100 full Duplex.
000003.770|tls  |*|00|Initial log entry. Current logging level 4
000012.905|lldp |3|00|LLDP did not receive a response from a switch. Disabling LLDP.
000015.080|cdp  |3|00|CDP received a response from a switch. CDP enabled.
000019.580|dns  |*|00|DNS resolver servers are '75.75.75.75' '8.8.8.8'
000019.580|dns  |*|00|DNS resolver search domain is 'maverixbio.com'
000019.580|app1 |3|00|DNS resolver servers are '75.75.75.75' '8.8.8.8'
000019.580|app1 |3|00|DNS resolver search domain is 'maverixbio.com'
000019.610|dns  |3|00|DNS lookup for (A) 'p.voxter.com'(74.114.208.40,74.114.208.41) TTL=86400
000019.610|app1 |3|00|Bootline: esw(3,0)bootHost:flash e=172.16.0.25:ffff0000:15180:11 h=74.114.208.40 g=172.16.0.1 u=**** pw=**** f=0x40 tn=CircaIP
000019.610|app1 |4|00|Could not load time from  (0.0.0.0).
000019.610|app1 |3|00|DHCP returned result 0x387 from server 172.16.0.1.
000019.610|app1 |3|00|   Phone IP address is 172.16.0.25.
000019.610|app1 |3|00|   Subnet mask is 255.255.0.0.
000019.610|app1 |3|00|   Gateway address is 172.16.0.1.
000019.610|app1 |3|00|   DNS server is 75.75.75.75.
000019.610|app1 |3|00|   DNS alternate server is 8.8.8.8.
000019.610|app1 |3|00|   DNS domain is maverixbio.com.
000020.740|copy |3|00|'http://PlcmSpIp:****@p.voxter.com/0004f2ea16e3.cfg' from 'p.voxter.com(74.114.208.40)'
000021.070|copy |3|00|Download of '0004f2ea16e3.cfg' succeeded on attempt 1 (addr 1 of 2)
000021.155|cfg  |*|00|Prov|Starting to update 3111-19000-001.sip.ld
000021.265|copy |3|00|'http://PlcmSpIp:****@p.voxter.com/3111-19000-001.sip.ld' from 'p.voxter.com(74.114.208.40)'
000021.690|cfg  |3|00|New load header information:
000021.690|cfg  |3|00|Code length:         0x005789F0
000021.690|cfg  |3|00|Code Checksum:       0x07093466
000021.690|cfg  |3|00|Options:             0x00000080
000021.690|cfg  |3|00|Recognized container image
000021.690|cfg  |3|00|New load header information:
000021.690|cfg  |3|00|Code length:         0x004963A0
000021.690|cfg  |3|00|Code Checksum:       0x248C01F8
000021.690|cfg  |3|00|Options:             0x00000102
000021.690|cfg  |3|00|Could not open application file for checking
000021.690|cfg  |3|00|Application in container image 1 is different
000021.690|cfg  |3|00|New load header information:
000021.690|cfg  |3|00|Code length:         0x000E1D60
000021.690|cfg  |3|00|Code Checksum:       0x07089523
000021.690|cfg  |3|00|Options:             0x00000110
000021.690|cfg  |3|00|Updater is already present
000021.690|cfg  |3|00|Updater in container image 2 is not different
000021.690|cfg  |3|00|Using application
000021.815|cfg  |*|00|Prov|Updating the Application
000021.820|cfg  |3|00|Using compatible image 0
000103.870|copy |3|00|buffered_write: transfer terminated
000103.870|copy |3|00|Download of '3111-19000-001.sip.ld' succeeded on attempt 1 (addr 1 of 2)
000104.365|sig  |*|00|Initial log entry. Current logging level 3
000104.365|sig  |3|00|hwSigParseRemove: found key Sig_3.
000105.305|cfg  |3|00|Good image signature
000105.540|cfg  |3|00|Programming 4810200 bytes into tffs in 4K blocks
000303.500|cfg  |*|00|Prov|Succeeded updating file 3111-19000-001.sip.ld
000303.595|cfg  |*|00|Prov|Image has been changed
000303.710|cfg  |3|00|Prov|Provisioning succeeded
000303.775|app1 |3|00|Application, load: Type=SIP, Version=4.0.6.0711 26-Feb-14 08:55
000303.780|boot |*|00|Using TFFS for flash load
000303.780|boot |*|00|Code length:         0x004963A0
000303.780|boot |*|00|Code checksum:       0x248C01F8
000303.780|cfg  |*|00|Prov|Finished updating configuration
000315.020|app1 |4|00|Loaded application sip.ld from local system successfully.
000315.020|app1 |6|00|Uploading boot log, time is FRI JUL 01 14:53:21 2011

000315.270|copy |3|00|'http://PlcmSpIp:****@p.voxter.com/logs/0004f2ea16e3-boot.log' to 'p.voxter.com(74.114.208.40)'
000315.800|copy |3|00|Upload of 'logs/0004f2ea16e3-boot.log' succeeded on attempt 1 (addr 1 of 2)
000315.985|cfg  |3|00|Prov|Shutting down
000000.245|so   |*|00|---------- Initial log entry ----------
000000.245|so   |*|00|+++ Note that Updater log times are in GMT +++
000000.245|boot |*|00|Initial log entry. Current logging level 3
000000.245|copy |*|00|Initial log entry. Current logging level 3
000000.245|utilm|*|00|Initial log entry. Current logging level 4
000000.245|hw   |*|00|Initial log entry. Current logging level 4
000000.245|ethf |*|00|Initial log entry. Current logging level 4
000000.245|dns  |*|00|Initial log entry. Current logging level 3
000000.245|curl |*|00|Initial log entry. Current logging level 3
000000.245|sec  |*|00|Initial log entry. Current logging level 4
000000.385|wdog |*|00|Initial log entry. Current logging level 4
000000.385|lldp |*|00|Initial log entry. Current logging level 3
000000.385|cdp  |*|00|Initial log entry. Current logging level 3
000000.385|key  |*|00|Initial log entry. Current logging level 4
000000.385|so   |3|00|Platform: Model=SoundStation Duo, Assembly=3111-19000-001 Rev=F Region=
000000.385|so   |3|00|Platform: Board=3111-19000-001 1 0
000000.385|so   |3|00|Platform: MAC=0004f2ea16e3
000000.385|so   |3|00|Platform: BootBlock=3.0.2.0024 (19000-001) 30-Nov-10 15:07
000000.385|so   |3|00|Application, main: Label=Updater, Version=Azurite 5.0.5.2324 09-Dec-13 16:13
000000.385|so   |3|00|Application, main: P/N=YYYY-YYYYY-YYY
000000.385|log  |*|00|Install file upload callback for 'Updater'

000000.385|app1 |*|00|Initial log entry. Current logging level 3
000000.530|cfg  |*|00|Initial log entry. Current logging level 2
000000.605|app1 |3|00|Application, load: Type=SIP, Version=4.0.6.0711 26-Feb-14 08:55
000000.615|boot |*|00|Using TFFS for flash load
000000.625|boot |*|00|Code length:         0x004963A0
000000.625|boot |*|00|Code checksum:       0x248C01F8
000001.385|so   |3|00|Link status is Net down.
000002.385|so   |3|00|Link status is Net up Speed 100 full Duplex.
000011.735|app1 |4|00|Loaded application sip.ld from local system successfully.
000000.245|so   |*|00|---------- Initial log entry ----------
000000.245|so   |*|00|+++ Note that Updater log times are in GMT +++
000000.245|boot |*|00|Initial log entry. Current logging level 3
000000.245|copy |*|00|Initial log entry. Current logging level 3
000000.245|utilm|*|00|Initial log entry. Current logging level 4
000000.245|hw   |*|00|Initial log entry. Current logging level 4
000000.245|ethf |*|00|Initial log entry. Current logging level 4
000000.245|dns  |*|00|Initial log entry. Current logging level 3
000000.245|curl |*|00|Initial log entry. Current logging level 3
000000.245|sec  |*|00|Initial log entry. Current logging level 4
000000.385|wdog |*|00|Initial log entry. Current logging level 4
000000.385|lldp |*|00|Initial log entry. Current logging level 3
000000.385|cdp  |*|00|Initial log entry. Current logging level 3
000000.385|key  |*|00|Initial log entry. Current logging level 4
000000.385|so   |3|00|Platform: Model=SoundStation Duo, Assembly=3111-19000-001 Rev=F Region=
000000.385|so   |3|00|Platform: Board=3111-19000-001 1 0
000000.385|so   |3|00|Platform: MAC=0004f2ea16e3
000000.385|so   |3|00|Platform: BootBlock=3.0.2.0024 (19000-001) 30-Nov-10 15:07
000000.385|so   |3|00|Application, main: Label=Updater, Version=Azurite 5.0.5.2324 09-Dec-13 16:13
000000.385|so   |3|00|Application, main: P/N=YYYY-YYYYY-YYY
000000.385|log  |*|00|Install file upload callback for 'Updater'

000000.385|app1 |*|00|Initial log entry. Current logging level 3
000000.530|cfg  |*|00|Initial log entry. Current logging level 2
000000.605|app1 |3|00|Application, load: Type=SIP, Version=4.0.6.0711 26-Feb-14 08:55
000000.615|boot |*|00|Using TFFS for flash load
000000.625|boot |*|00|Code length:         0x004963A0
000000.625|boot |*|00|Code checksum:       0x248C01F8
000001.385|so   |3|00|Link status is Net down.
000002.385|so   |3|00|Link status is Net up Speed 100 full Duplex.
000011.735|app1 |4|00|Loaded application sip.ld from local system successfully.
