000008.660|so   |*|01|---------- Initial log entry ----------
000008.661|so   |*|01|+++ Note that Updater log times are in GMT +++
000008.661|boot |*|01|Initial log entry. Current logging level 3
000008.661|copy |*|01|Initial log entry. Current logging level 3
000008.661|utilm|*|01|Initial log entry. Current logging level 4
000008.661|hw   |*|01|Initial log entry. Current logging level 4
000008.661|ethf |*|01|Initial log entry. Current logging level 4
000008.661|dns  |*|01|Initial log entry. Current logging level 3
000008.661|curl |*|01|Initial log entry. Current logging level 3
000008.661|sec  |*|01|Initial log entry. Current logging level 4
000008.675|wdog |*|01|Initial log entry. Current logging level 4
000008.675|lldp |*|01|Initial log entry. Current logging level 3
000008.675|cdp  |*|01|Initial log entry. Current logging level 3
000008.675|key  |*|01|Initial log entry. Current logging level 4
000008.701|so   |3|01|Platform: Model=VVX 300, Assembly=3111-46135-002 Rev=A Region=0
000008.701|so   |3|01|Platform: Board=3111-46135-002 1 0
000008.702|so   |3|01|Platform: MAC=0004f28e7589
000008.703|so   |3|01|Platform: BootBlock=3.0.4.0028 (46135-002) 30-Jan-13 18:00
000008.704|so   |*|01|Platform: BootL1=1.0.0.0009 (46135-002) 11-Jan-13 14:23
000008.704|so   |3|01|Application, main: Label=Updater, Version=Peridot 5.1.4.0844 20-Mar-13 14:16
000008.704|so   |3|01|Application, main: P/N=3150-11069-514
000008.704|so   |5|01|Platform: Both images are incorrect, will use Primary Image.
000008.704|log  |*|01|Install file upload callback for 'Updater'

000008.705|app1 |*|01|Initial log entry. Current logging level 3
000008.720|cfg  |*|01|Initial log entry. Current logging level 2
000009.673|so   |3|01|Link status is Net up Speed 100 full Duplex, PC down.
000012.673|so   |3|01|Link status is Net up Speed 100 full Duplex, PC up Speed 100 full Duplex.
000008.599|so   |*|01|---------- Initial log entry ----------
000008.599|so   |*|01|+++ Note that Updater log times are in GMT +++
000008.599|boot |*|01|Initial log entry. Current logging level 3
000008.600|copy |*|01|Initial log entry. Current logging level 3
000008.600|utilm|*|01|Initial log entry. Current logging level 4
000008.600|hw   |*|01|Initial log entry. Current logging level 4
000008.600|ethf |*|01|Initial log entry. Current logging level 4
000008.600|dns  |*|01|Initial log entry. Current logging level 3
000008.600|curl |*|01|Initial log entry. Current logging level 3
000008.600|sec  |*|01|Initial log entry. Current logging level 4
000008.614|wdog |*|01|Initial log entry. Current logging level 4
000008.615|lldp |*|01|Initial log entry. Current logging level 3
000008.615|cdp  |*|01|Initial log entry. Current logging level 3
000008.615|key  |*|01|Initial log entry. Current logging level 4
000008.641|so   |3|01|Platform: Model=VVX 300, Assembly=3111-46135-002 Rev=A Region=0
000008.641|so   |3|01|Platform: Board=3111-46135-002 1 0
000008.642|so   |3|01|Platform: MAC=0004f28e7589
000008.643|so   |3|01|Platform: BootBlock=3.0.4.0028 (46135-002) 30-Jan-13 18:00
000008.644|so   |*|01|Platform: BootL1=1.0.0.0009 (46135-002) 11-Jan-13 14:23
000008.644|so   |3|01|Application, main: Label=Updater, Version=Peridot 5.1.4.0844 20-Mar-13 14:16
000008.644|so   |3|01|Application, main: P/N=3150-11069-514
000008.644|so   |5|01|Platform: Both images are incorrect, will use Primary Image.
000008.644|log  |*|01|Install file upload callback for 'Updater'

000008.645|app1 |*|01|Initial log entry. Current logging level 3
000008.660|cfg  |*|01|Initial log entry. Current logging level 2
000009.605|so   |3|01|Link status is Net up Speed 100 full Duplex, PC down.
000008.050|so   |*|00|---------- Initial log entry ----------
000008.050|so   |*|00|+++ Note that Updater log times are in GMT +++
000008.051|boot |*|00|Initial log entry. Current logging level 3
000008.051|copy |*|00|Initial log entry. Current logging level 3
000008.051|utilm|*|00|Initial log entry. Current logging level 4
000008.051|hw   |*|00|Initial log entry. Current logging level 4
000008.051|ethf |*|00|Initial log entry. Current logging level 4
000008.051|dns  |*|00|Initial log entry. Current logging level 3
000008.051|curl |*|00|Initial log entry. Current logging level 3
000008.052|sec  |*|00|Initial log entry. Current logging level 4
000008.064|wdog |*|00|Initial log entry. Current logging level 4
000008.065|lldp |*|00|Initial log entry. Current logging level 3
000008.065|cdp  |*|00|Initial log entry. Current logging level 3
000008.065|key  |*|00|Initial log entry. Current logging level 4
000008.091|so   |3|00|Platform: Model=VVX 300, Assembly=3111-46135-002 Rev=A Region=0
000008.091|so   |3|00|Platform: Board=3111-46135-002 1 0
000008.092|so   |3|00|Platform: MAC=0004f28e7589
000008.093|so   |3|00|Platform: BootBlock=3.0.4.0028 (46135-002) 30-Jan-13 18:00
000008.094|so   |*|00|Platform: BootL1=1.0.0.0009 (46135-002) 11-Jan-13 14:23
000008.094|so   |3|00|Application, main: Label=Updater, Version=Peridot 5.1.4.0844 20-Mar-13 14:16
000008.094|so   |3|00|Application, main: P/N=3150-11069-514
000008.094|so   |5|00|Platform: Both images are incorrect, will use Primary Image.
000008.094|log  |*|00|Install file upload callback for 'Updater'

000008.095|app1 |*|00|Initial log entry. Current logging level 3
000008.109|cfg  |*|00|Initial log entry. Current logging level 2
000009.059|so   |3|00|Link status is Net up Speed 100 full Duplex, PC down.
000008.027|so   |*|00|---------- Initial log entry ----------
000008.027|so   |*|00|+++ Note that Updater log times are in GMT +++
000008.027|boot |*|00|Initial log entry. Current logging level 3
000008.027|copy |*|00|Initial log entry. Current logging level 3
000008.027|utilm|*|00|Initial log entry. Current logging level 4
000008.027|hw   |*|00|Initial log entry. Current logging level 4
000008.027|ethf |*|00|Initial log entry. Current logging level 4
000008.028|dns  |*|00|Initial log entry. Current logging level 3
000008.028|curl |*|00|Initial log entry. Current logging level 3
000008.028|sec  |*|00|Initial log entry. Current logging level 4
000008.041|wdog |*|00|Initial log entry. Current logging level 4
000008.041|lldp |*|00|Initial log entry. Current logging level 3
000008.041|cdp  |*|00|Initial log entry. Current logging level 3
000008.041|key  |*|00|Initial log entry. Current logging level 4
000008.071|so   |3|00|Platform: Model=VVX 300, Assembly=3111-46135-002 Rev=A Region=0
000008.071|so   |3|00|Platform: Board=3111-46135-002 1 0
000008.072|so   |3|00|Platform: MAC=0004f28e7589
000008.073|so   |3|00|Platform: BootBlock=3.0.4.0028 (46135-002) 30-Jan-13 18:00
000008.074|so   |*|00|Platform: BootL1=1.0.0.0009 (46135-002) 11-Jan-13 14:23
000008.074|so   |3|00|Application, main: Label=Updater, Version=Peridot 5.1.4.0844 20-Mar-13 14:16
000008.074|so   |3|00|Application, main: P/N=3150-11069-514
000008.074|so   |5|00|Platform: Both images are incorrect, will use Primary Image.
000008.074|log  |*|00|Install file upload callback for 'Updater'

000008.075|app1 |*|00|Initial log entry. Current logging level 3
000008.089|cfg  |*|00|Initial log entry. Current logging level 2
000009.035|so   |3|00|Link status is Net up Speed 100 full Duplex, PC down.
000009.166|so   |*|00|---------- Initial log entry ----------
000009.166|so   |*|00|+++ Note that Updater log times are in GMT +++
000009.166|boot |*|00|Initial log entry. Current logging level 3
000009.167|copy |*|00|Initial log entry. Current logging level 3
000009.167|utilm|*|00|Initial log entry. Current logging level 4
000009.167|hw   |*|00|Initial log entry. Current logging level 4
000009.167|ethf |*|00|Initial log entry. Current logging level 4
000009.167|dns  |*|00|Initial log entry. Current logging level 3
000009.167|curl |*|00|Initial log entry. Current logging level 3
000009.167|sec  |*|00|Initial log entry. Current logging level 4
000009.180|wdog |*|00|Initial log entry. Current logging level 4
000009.180|lldp |*|00|Initial log entry. Current logging level 3
000009.180|cdp  |*|00|Initial log entry. Current logging level 3
000009.180|key  |*|00|Initial log entry. Current logging level 4
000009.212|so   |3|00|Platform: Model=VVX 300, Assembly=3111-46135-002 Rev=A Region=0
000009.212|so   |3|00|Platform: Board=3111-46135-002 1 0
000009.213|so   |3|00|Platform: MAC=0004f28e7589
000009.214|so   |3|00|Platform: BootBlock=3.0.4.0028 (46135-002) 30-Jan-13 18:00
000009.215|so   |*|00|Platform: BootL1=1.0.0.0009 (46135-002) 11-Jan-13 14:23
000009.215|so   |3|00|Application, main: Label=Updater, Version=Peridot 5.1.4.0844 20-Mar-13 14:16
000009.215|so   |3|00|Application, main: P/N=3150-11069-514
000009.215|so   |5|00|Platform: Both images are incorrect, will use Primary Image.
000009.215|log  |*|00|Install file upload callback for 'Updater'

000009.216|app1 |*|00|Initial log entry. Current logging level 3
000009.231|cfg  |*|00|Initial log entry. Current logging level 2
000010.176|so   |3|00|Link status is Net up Speed 100 full Duplex, PC down.
000009.850|so   |*|00|---------- Initial log entry ----------
000009.850|so   |*|00|+++ Note that Updater log times are in GMT +++
000009.850|boot |*|00|Initial log entry. Current logging level 3
000009.850|copy |*|00|Initial log entry. Current logging level 3
000009.850|utilm|*|00|Initial log entry. Current logging level 4
000009.850|hw   |*|00|Initial log entry. Current logging level 4
000009.850|ethf |*|00|Initial log entry. Current logging level 4
000009.850|dns  |*|00|Initial log entry. Current logging level 3
000009.851|curl |*|00|Initial log entry. Current logging level 3
000009.851|sec  |*|00|Initial log entry. Current logging level 4
000009.863|wdog |*|00|Initial log entry. Current logging level 4
000009.864|lldp |*|00|Initial log entry. Current logging level 3
000009.864|cdp  |*|00|Initial log entry. Current logging level 3
000009.864|key  |*|00|Initial log entry. Current logging level 4
000009.891|so   |3|00|Platform: Model=VVX 300, Assembly=3111-46135-002 Rev=A Region=0
000009.891|so   |3|00|Platform: Board=3111-46135-002 1 0
000009.892|so   |3|00|Platform: MAC=0004f28e7589
000009.893|so   |3|00|Platform: BootBlock=3.0.4.0028 (46135-002) 30-Jan-13 18:00
000009.894|so   |*|00|Platform: BootL1=1.0.0.0009 (46135-002) 11-Jan-13 14:23
000009.894|so   |3|00|Application, main: Label=Updater, Version=Peridot 5.1.4.0844 20-Mar-13 14:16
000009.894|so   |3|00|Application, main: P/N=3150-11069-514
000009.894|so   |5|00|Platform: Both images are incorrect, will use Primary Image.
000009.894|log  |*|00|Install file upload callback for 'Updater'

000009.895|app1 |*|00|Initial log entry. Current logging level 3
000009.910|cfg  |*|00|Initial log entry. Current logging level 2
000010.859|so   |3|00|Link status is Net up Speed 100 full Duplex, PC down.
000009.328|so   |*|00|---------- Initial log entry ----------
000009.329|so   |*|00|+++ Note that Updater log times are in GMT +++
000009.329|boot |*|00|Initial log entry. Current logging level 3
000009.329|copy |*|00|Initial log entry. Current logging level 3
000009.329|utilm|*|00|Initial log entry. Current logging level 4
000009.329|hw   |*|00|Initial log entry. Current logging level 4
000009.329|ethf |*|00|Initial log entry. Current logging level 4
000009.329|dns  |*|00|Initial log entry. Current logging level 3
000009.329|curl |*|00|Initial log entry. Current logging level 3
000009.330|sec  |*|00|Initial log entry. Current logging level 4
000009.342|wdog |*|00|Initial log entry. Current logging level 4
000009.343|lldp |*|00|Initial log entry. Current logging level 3
000009.343|cdp  |*|00|Initial log entry. Current logging level 3
000009.343|key  |*|00|Initial log entry. Current logging level 4
000009.371|so   |3|00|Platform: Model=VVX 300, Assembly=3111-46135-002 Rev=A Region=0
000009.371|so   |3|00|Platform: Board=3111-46135-002 1 0
000009.372|so   |3|00|Platform: MAC=0004f28e7589
000009.373|so   |3|00|Platform: BootBlock=3.0.4.0028 (46135-002) 30-Jan-13 18:00
000009.374|so   |*|00|Platform: BootL1=1.0.0.0009 (46135-002) 11-Jan-13 14:23
000009.374|so   |3|00|Application, main: Label=Updater, Version=Peridot 5.1.4.0844 20-Mar-13 14:16
000009.374|so   |3|00|Application, main: P/N=3150-11069-514
000009.374|so   |5|00|Platform: Both images are incorrect, will use Primary Image.
000009.374|log  |*|00|Install file upload callback for 'Updater'

000009.375|app1 |*|00|Initial log entry. Current logging level 3
000009.389|cfg  |*|00|Initial log entry. Current logging level 2
000010.338|so   |3|00|Link status is Net up Speed 100 full Duplex, PC down.
000008.036|so   |*|00|---------- Initial log entry ----------
000008.036|so   |*|00|+++ Note that Updater log times are in GMT +++
000008.036|boot |*|00|Initial log entry. Current logging level 3
000008.036|copy |*|00|Initial log entry. Current logging level 3
000008.036|utilm|*|00|Initial log entry. Current logging level 4
000008.036|hw   |*|00|Initial log entry. Current logging level 4
000008.036|ethf |*|00|Initial log entry. Current logging level 4
000008.037|dns  |*|00|Initial log entry. Current logging level 3
000008.037|curl |*|00|Initial log entry. Current logging level 3
000008.037|sec  |*|00|Initial log entry. Current logging level 4
000008.049|wdog |*|00|Initial log entry. Current logging level 4
000008.050|lldp |*|00|Initial log entry. Current logging level 3
000008.050|cdp  |*|00|Initial log entry. Current logging level 3
000008.050|key  |*|00|Initial log entry. Current logging level 4
000008.081|so   |3|00|Platform: Model=VVX 300, Assembly=3111-46135-002 Rev=A Region=0
000008.081|so   |3|00|Platform: Board=3111-46135-002 1 0
000008.082|so   |3|00|Platform: MAC=0004f28e7589
000008.083|so   |3|00|Platform: BootBlock=3.0.4.0028 (46135-002) 30-Jan-13 18:00
000008.084|so   |*|00|Platform: BootL1=1.0.0.0009 (46135-002) 11-Jan-13 14:23
000008.084|so   |3|00|Application, main: Label=Updater, Version=Peridot 5.1.4.0844 20-Mar-13 14:16
000008.084|so   |3|00|Application, main: P/N=3150-11069-514
000008.084|so   |5|00|Platform: Both images are incorrect, will use Primary Image.
000008.084|log  |*|00|Install file upload callback for 'Updater'

000008.085|app1 |*|00|Initial log entry. Current logging level 3
000008.099|cfg  |*|00|Initial log entry. Current logging level 2
000008.103|dot1x|*|00|Initial log entry. Current logging level 3
000008.103|app1 |3|00|Starting provisioning because of the start type.
000008.304|tls  |*|00|Initial log entry. Current logging level 4
000009.043|so   |3|00|Link status is Net up Speed 100 full Duplex, PC down.
000014.383|lldp |3|00|LLDP received a response from a switch. LLDP enabled.
000014.440|dhcpc|*|00|Initial log entry. Current logging level 4
000019.181|dns  |*|00|DNS resolver servers are '10.75.3.210' '10.75.3.204'
000019.181|dns  |*|00|DNS resolver search domain is 'van.cdot.ca'
000019.181|app1 |3|00|DNS resolver servers are '10.75.3.210' '10.75.3.204'
000019.181|app1 |3|00|DNS resolver search domain is 'van.cdot.ca'
0422005932|dns  |3|00|DNS lookup for (A) 'p.voxter.com'(74.114.208.245) TTL=50532
0422005932|app1 |3|00|DHCP returned result 0x3E7 from server 10.75.3.210.
0422005932|app1 |3|00|   Phone IP address is 10.75.1.117.
0422005932|app1 |3|00|   Subnet mask is 255.255.255.0.
0422005932|app1 |3|00|   Gateway address is 10.75.1.1.
0422005932|app1 |3|00|   Time server is 10.75.3.210.
0422005932|app1 |3|00|   GMT offset is -28800 seconds.
0422005932|app1 |3|00|   DNS server is 10.75.3.210.
0422005932|app1 |3|00|   DNS alternate server is 10.75.3.204.
0422005932|app1 |3|00|   DNS domain is van.cdot.ca.
0422010035|app1 |3|00|Time has been set from 10.75.3.210 (10.75.3.210).
0422010035|app1 |3|00|   1429664435: 2015-4-22, 1:0:35, DST off
0422010035|copy |3|00|'http://PlcmSpIp:****@p.voxter.com/0004f28e7589.cfg' from 'p.voxter.com(74.114.208.245)'
0422010035|copy |3|00|Download of '0004f28e7589.cfg' succeeded on attempt 1 (addr 1 of 1)
0422010035|cfg  |*|00|Prov|Starting to update 3111-46135-002.sip.ld
0422010035|copy |3|00|'http://PlcmSpIp:****@p.voxter.com/3111-46135-002.sip.ld' from 'p.voxter.com(74.114.208.245)'
0422010036|cfg  |3|00|New load header information:
0422010036|cfg  |3|00|Code length:         0x027559F0
0422010036|cfg  |3|00|Code Checksum:       0x38A3BFD9
0422010036|cfg  |3|00|Options:             0x00000080
0422010036|cfg  |3|00|Recognized container image
0422010036|cfg  |3|00|New load header information:
0422010036|cfg  |3|00|Code length:         0x020760FC
0422010036|cfg  |3|00|Code Checksum:       0x02B7DAEB
0422010036|cfg  |3|00|Options:             0x00000002
0422010036|cfg  |3|00|Application header is different
0422010036|cfg  |3|00|Application in container image 1 is different
0422010036|cfg  |3|00|New load header information:
0422010036|cfg  |3|00|Code length:         0x006DEFE4
0422010036|cfg  |3|00|Code Checksum:       0x38A32210
0422010036|cfg  |3|00|Options:             0x00000010
0422010036|cfg  |3|00|Updater header is different
0422010036|cfg  |3|00|Updater in container image 2 is different
0422010036|cfg  |3|00|Using Updater
0422010128|cfg  |*|00|Prov|Updating the Updater
0422010128|cfg  |3|00|Using compatible image 0
0422010140|copy |3|00|Download of '3111-46135-002.sip.ld' succeeded on attempt 1 (addr 1 of 1)
0422010140|sig  |*|00|Initial log entry. Current logging level 3
0422010140|sig  |3|00|hwSigParseRemove: found key Sig_3.
0422010141|cfg  |3|00|Good image signature
0422010141|cfg  |4|00|Removing application...
0422010146|cfg  |3|00|Programming Updater from sector 320 to 575
0422010152|cfg  |3|00|Programming to sector 320 complete
0422010154|cfg  |*|00|Prov|Image has been changed
0422010154|cfg  |*|00|Prov|Provisioning needs to reboot to upgrade image(s)
000008.544|so   |*|00|---------- Initial log entry ----------
000008.544|so   |*|00|+++ Note that Updater log times are in GMT +++
000008.544|boot |*|00|Initial log entry. Current logging level 3
000008.544|copy |*|00|Initial log entry. Current logging level 3
000008.544|utilm|*|00|Initial log entry. Current logging level 4
000008.544|hw   |*|00|Initial log entry. Current logging level 4
000008.544|ethf |*|00|Initial log entry. Current logging level 4
000008.544|dns  |*|00|Initial log entry. Current logging level 3
000008.545|curl |*|00|Initial log entry. Current logging level 3
000008.545|sec  |*|00|Initial log entry. Current logging level 4
000008.793|wdog |*|00|Initial log entry. Current logging level 4
000008.793|lldp |*|00|Initial log entry. Current logging level 3
000008.793|cdp  |*|00|Initial log entry. Current logging level 3
000008.793|key  |*|00|Initial log entry. Current logging level 4
000008.794|so   |3|00|SoKeyC::keyboardSetup(): Assigning virtual key: hwId 45 soKeyConcordVirtualTab[i].function 53
000008.821|so   |3|00|Platform: Model=VVX 300, Assembly=3111-46135-002 Rev=A Region=0
000008.821|so   |3|00|Platform: Board=3111-46135-002 1 0
000008.822|so   |3|00|Platform: MAC=0004f28e7589
000008.823|so   |3|00|Platform: BootBlock=3.0.4.0028 (46135-002) 30-Jan-13 18:00
000008.824|so   |*|00|Platform: BootL1=1.0.0.0009 (46135-002) 11-Jan-13 14:23
000008.824|so   |3|00|Application, main: Label=Updater, Version=Fayalite 5.5.0.13251 24-Mar-15 02:46
000008.824|so   |3|00|Application, main: P/N=3150-11069-550
000008.824|log  |*|00|Install file upload callback for 'Updater'

000008.825|app1 |*|00|Initial log entry. Current logging level 3
000008.837|cfg  |*|00|Initial log entry. Current logging level 2
000008.842|dot1x|*|00|Initial log entry. Current logging level 3
000008.842|app1 |3|00|Starting provisioning because of the start type.
000009.047|tls  |*|00|Initial log entry. Current logging level 4
000009.784|so   |3|00|Link status is Net up Speed 100 full Duplex, PC down.
000015.139|lldp |3|00|LLDP received a response from a switch. LLDP enabled.
000015.333|dhcpc|*|00|Initial log entry. Current logging level 2
000015.335|dhcpc|3|00|dhcAddIf v4 succeeds: eth0.
000015.340|dhcpc|3|00|dhcRebind v4: Will wait until sync rebind completes.
000015.996|dhcpc|3|00|dhcListener: Read succeeds: state:
.
000015.999|dhcpc|3|00|relLease(0) v4: Succeeded to fork dhclient to terminate.
000016.650|dhcpc|3|00|dhcListener: Read succeeds: eth0 state: PREINIT
.
000016.651|dhcpc|4|00|DhcpClient::processLine: no callback for state 1 if eth0
000017.851|dhcpc|3|00|dhcListener: Read succeeds: eth0 ip: 10.75.1.117
.
000017.853|dhcpc|3|00|dhcListener: Read succeeds: eth0 option: subnet-mask 255.255.255.0
.
000017.854|dhcpc|3|00|dhcListener: Read succeeds: eth0 option: routers 10.75.1.1
.
000017.855|dhcpc|3|00|dhcListener: Read succeeds: eth0 option: domain-name-servers 10.75.3.210 10.75.3.204 10.64.0.200
.
000017.857|dhcpc|3|00|dhcListener: Read succeeds: eth0 option: domain-name van.cdot.ca
.
000017.858|dhcpc|3|00|dhcListener: Read succeeds: eth0 option: time-offset -28800
.
000017.859|dhcpc|3|00|dhcListener: Read succeeds: eth0 option: dhcp-lease-time 691200
.
000017.861|dhcpc|3|00|dhcListener: Read succeeds: eth0 option: dhcp-server-identifier 10.75.3.210
.
000017.862|dhcpc|3|00|dhcListener: Read succeeds: eth0 option: time-servers 10.75.3.210 10.75.133.67
.
000017.867|dhcpc|3|00|dhcListener: Read succeeds: eth0 option: broadcast-address 10.75.1.255
.
000017.871|dhcpc|3|00|dhcListener: Read succeeds: eth0 option: dhcp-lease-time 691200
.
000017.873|dhcpc|3|00|dhcListener: Read succeeds: eth0 option: dhcp-message-type 5
.
000017.875|dhcpc|3|00|dhcListener: Read succeeds: eth0 option: dhcp-renewal-time 345600
.
000017.876|dhcpc|3|00|dhcListener: Read succeeds: eth0 option: dhcp_rebinding_time 604800
.
000017.911|dhcpc|3|00|dhcListener: Read succeeds: eth0 state: BOUND
.
000017.911|dhcpc|4|00|DhcpClient::processLine: no callback for state 2 if eth0
000017.912|dhcpc|3|00|dhcRebind v4: Sync rebind succeeds.
000017.913|dhcpc|3|00|Program eth0 to use subnet mask 255.255.255.0, result -1.
000017.913|dhcpc|3|00|Program eth0 to use ip address 10.75.1.117, result 0.
000017.914|dhcpc|3|00|Program eth0 to use router 10.75.1.1, result 0.
000017.930|dhcpc|3|00|getLease v4: Succeeded to fork dhclient for interface eth0.
000018.923|ares |*|00|Initial log entry. Current logging level 3
000018.924|dns  |*|00|DNS resolver servers are '10.75.3.210' '10.75.3.204'
000018.924|dns  |*|00|DNS resolver search domain is 'van.cdot.ca'
000018.924|app1 |3|00|DNS resolver servers are '10.75.3.210' '10.75.3.204'
000018.924|app1 |3|00|DNS resolver search domain is 'van.cdot.ca'
000018.947|app1 |3|00|DHCP returned result 0x3E7 from server 10.75.3.210.
000018.947|app1 |3|00|   Phone IPv4 address is 10.75.1.117.
000018.947|app1 |3|00|   Subnet mask is 255.255.255.0.
000018.947|app1 |3|00|   Gateway address is 10.75.1.1.
000018.947|app1 |3|00|   Time server is 10.75.3.210.
000018.947|app1 |3|00|   GMT offset is -28800 seconds.
000018.947|app1 |3|00|   DNS server is 10.75.3.210
000018.947|app1 |3|00|   DNS alternate server is 10.75.3.204.
000018.947|app1 |3|00|   DNS domain is van.cdot.ca.
0422010228|app1 |3|00|Time has been set from 10.75.3.210 (10.75.3.210).
0422010228|app1 |3|00|   1429664548: 2015-4-22, 1:2:28, DST off
0422010228|copy |3|00|'http://PlcmSpIp:****@p.voxter.com/0004f28e7589.cfg' from 'p.voxter.com(74.114.208.245)'
0422010228|copy |3|00|Download of '0004f28e7589.cfg' succeeded on attempt 1 (addr 1 of 1)
0422010228|cfg  |*|00|Prov|Starting to update 3111-46135-002.sip.ld
0422010228|copy |3|00|'http://PlcmSpIp:****@p.voxter.com/3111-46135-002.sip.ld' from 'p.voxter.com(74.114.208.245)'
0422010228|cfg  |3|00|New load header information:
0422010228|cfg  |3|00|Code length:         0x027559F0
0422010228|cfg  |3|00|Code Checksum:       0x38A3BFD9
0422010228|cfg  |3|00|Options:             0x00000080
0422010228|cfg  |3|00|Recognized container image
0422010228|cfg  |3|00|New load header information:
0422010228|cfg  |3|00|Code length:         0x020760FC
0422010228|cfg  |3|00|Code Checksum:       0x02B7DAEB
0422010228|cfg  |3|00|Options:             0x00000002
0422010228|cfg  |3|00|Could not open application file for checking
0422010228|cfg  |3|00|Application in container image 1 is different
0422010228|cfg  |3|00|New load header information:
0422010228|cfg  |3|00|Code length:         0x006DEFE4
0422010228|cfg  |3|00|Code Checksum:       0x38A32210
0422010228|cfg  |3|00|Options:             0x00000010
0422010228|cfg  |3|00|Updater is already present
0422010228|cfg  |3|00|Updater in container image 2 is not different
0422010228|cfg  |3|00|Using application
0422010228|cfg  |*|00|Prov|Updating the Application
0422010228|cfg  |3|00|Using compatible image 0
0422010321|copy |3|00|buffered_write: transfer terminated
0422010321|copy |3|00|Download of '3111-46135-002.sip.ld' succeeded on attempt 1 (addr 1 of 1)
0422010322|sig  |*|00|Initial log entry. Current logging level 3
0422010322|sig  |3|00|hwSigParseRemove: found key Sig_3.
0422010325|cfg  |3|00|Good image signature
0422010325|cfg  |3|00|Programming 34038588 bytes into tffs in 4K blocks
0422010328|cfg  |3|00|Extracting application files
0422010328|cfg  |3|00|New load header information:
0422010328|cfg  |3|00|Code length:         0x020760FC
0422010328|cfg  |3|00|Code Checksum:       0x02B7DAEB
0422010328|cfg  |3|00|Options:             0x00000002
0422010552|cfg  |3|00|Finished extracting application files (OK)
0422010600|cfg  |3|00|File system is synchronized
0422010600|cfg  |*|00|Prov|Succeeded updating file 3111-46135-002.sip.ld
0422010600|cfg  |*|00|Prov|Image has been changed
0422010600|cfg  |3|00|Prov|Provisioning succeeded
0422010600|app1 |3|00|Application, load: Type=SIP, Version=5.3.0.12074 24-Mar-15 03:06
0422010600|cfg  |*|00|Prov|Finished updating configuration
0422010600|boot |*|00|Using TFFS for flash load
0422010600|boot |*|00|Code length:         0x020760FC
0422010600|boot |*|00|Code checksum:       0x02B7DAEB
0422010601|app1 |4|00|Loaded application sip.ld from local system successfully.
0422010601|app1 |6|00|Uploading boot log, time is Wed Apr 22 01:06:01 2015

0422010601|copy |3|00|'http://PlcmSpIp:****@p.voxter.com/logs/0004f28e7589-boot.log' to 'p.voxter.com(74.114.208.245)'
0422010601|copy |3|00|Upload of 'logs/0004f28e7589-boot.log' succeeded on attempt 1 (addr 1 of 1)
0422010602|dhcpc|3|00|relLease(0) v4: Succeeded to fork dhclient to terminate.
0422010614|cfg  |3|00|Prov|Shutting down
000008.358|so   |*|00|---------- Initial log entry ----------
000008.358|so   |*|00|+++ Note that Updater log times are in GMT +++
000008.358|boot |*|00|Initial log entry. Current logging level 3
000008.359|copy |*|00|Initial log entry. Current logging level 3
000008.359|utilm|*|00|Initial log entry. Current logging level 4
000008.359|hw   |*|00|Initial log entry. Current logging level 4
000008.359|ethf |*|00|Initial log entry. Current logging level 4
000008.359|dns  |*|00|Initial log entry. Current logging level 3
000008.359|curl |*|00|Initial log entry. Current logging level 3
000008.359|sec  |*|00|Initial log entry. Current logging level 4
000008.372|wdog |*|00|Initial log entry. Current logging level 4
000008.373|lldp |*|00|Initial log entry. Current logging level 3
000008.373|cdp  |*|00|Initial log entry. Current logging level 3
000008.373|key  |*|00|Initial log entry. Current logging level 4
000008.373|so   |3|00|SoKeyC::keyboardSetup(): Assigning virtual key: hwId 45 soKeyConcordVirtualTab[i].function 53
000008.401|so   |3|00|Platform: Model=VVX 300, Assembly=3111-46135-002 Rev=A Region=0
000008.401|so   |3|00|Platform: Board=3111-46135-002 1 0
000008.402|so   |3|00|Platform: MAC=0004f28e7589
000008.403|so   |3|00|Platform: BootBlock=3.0.4.0028 (46135-002) 30-Jan-13 18:00
000008.404|so   |*|00|Platform: BootL1=1.0.0.0009 (46135-002) 11-Jan-13 14:23
000008.404|so   |3|00|Application, main: Label=Updater, Version=Fayalite 5.5.0.13251 24-Mar-15 02:46
000008.404|so   |3|00|Application, main: P/N=3150-11069-550
000008.404|log  |*|00|Install file upload callback for 'Updater'

000008.405|app1 |*|00|Initial log entry. Current logging level 3
000008.418|cfg  |*|00|Initial log entry. Current logging level 2
000008.431|app1 |3|00|Application, load: Type=SIP, Version=5.3.0.12074 24-Mar-15 03:06
000009.366|so   |3|00|Link status is Net up Speed 100 full Duplex, PC down.
