000008.747|so   |*|01|---------- Initial log entry ----------
000008.748|so   |*|01|+++ Note that Updater log times are in GMT +++
000008.748|boot |*|01|Initial log entry. Current logging level 3
000008.748|copy |*|01|Initial log entry. Current logging level 3
000008.748|utilm|*|01|Initial log entry. Current logging level 4
000008.748|hw   |*|01|Initial log entry. Current logging level 4
000008.748|ethf |*|01|Initial log entry. Current logging level 4
000008.748|dns  |*|01|Initial log entry. Current logging level 3
000008.749|curl |*|01|Initial log entry. Current logging level 3
000008.749|sec  |*|01|Initial log entry. Current logging level 4
000008.762|wdog |*|01|Initial log entry. Current logging level 4
000008.762|lldp |*|01|Initial log entry. Current logging level 3
000008.763|cdp  |*|01|Initial log entry. Current logging level 3
000008.763|key  |*|01|Initial log entry. Current logging level 4
000008.791|so   |3|01|Platform: Model=VVX 300, Assembly=3111-46135-002 Rev=A Region=0
000008.791|so   |3|01|Platform: Board=3111-46135-002 1 0
000008.792|so   |3|01|Platform: MAC=0004f28e7890
000008.793|so   |3|01|Platform: BootBlock=3.0.4.0028 (46135-002) 30-Jan-13 18:00
000008.794|so   |*|01|Platform: BootL1=1.0.0.0009 (46135-002) 11-Jan-13 14:23
000008.794|so   |3|01|Application, main: Label=Updater, Version=Peridot 5.1.4.0844 20-Mar-13 14:16
000008.794|so   |3|01|Application, main: P/N=3150-11069-514
000008.794|so   |5|01|Platform: Both images are incorrect, will use Primary Image.
000008.794|log  |*|01|Install file upload callback for 'Updater'

000008.795|app1 |*|01|Initial log entry. Current logging level 3
000008.810|cfg  |*|01|Initial log entry. Current logging level 2
000009.759|so   |3|01|Link status is Net up Speed 100 full Duplex, PC up Speed 100 full Duplex.
000008.084|so   |*|00|---------- Initial log entry ----------
000008.084|so   |*|00|+++ Note that Updater log times are in GMT +++
000008.084|boot |*|00|Initial log entry. Current logging level 3
000008.084|copy |*|00|Initial log entry. Current logging level 3
000008.085|utilm|*|00|Initial log entry. Current logging level 4
000008.085|hw   |*|00|Initial log entry. Current logging level 4
000008.085|ethf |*|00|Initial log entry. Current logging level 4
000008.085|dns  |*|00|Initial log entry. Current logging level 3
000008.085|curl |*|00|Initial log entry. Current logging level 3
000008.085|sec  |*|00|Initial log entry. Current logging level 4
000008.098|wdog |*|00|Initial log entry. Current logging level 4
000008.098|lldp |*|00|Initial log entry. Current logging level 3
000008.098|cdp  |*|00|Initial log entry. Current logging level 3
000008.098|key  |*|00|Initial log entry. Current logging level 4
000008.121|so   |3|00|Platform: Model=VVX 300, Assembly=3111-46135-002 Rev=A Region=0
000008.122|so   |3|00|Platform: Board=3111-46135-002 1 0
000008.122|so   |3|00|Platform: MAC=0004f28e7890
000008.123|so   |3|00|Platform: BootBlock=3.0.4.0028 (46135-002) 30-Jan-13 18:00
000008.124|so   |*|00|Platform: BootL1=1.0.0.0009 (46135-002) 11-Jan-13 14:23
000008.124|so   |3|00|Application, main: Label=Updater, Version=Peridot 5.1.4.0844 20-Mar-13 14:16
000008.124|so   |3|00|Application, main: P/N=3150-11069-514
000008.124|so   |5|00|Platform: Both images are incorrect, will use Primary Image.
000008.124|log  |*|00|Install file upload callback for 'Updater'

000008.126|app1 |*|00|Initial log entry. Current logging level 3
000008.139|cfg  |*|00|Initial log entry. Current logging level 2
000009.092|so   |3|00|Link status is Net up Speed 100 full Duplex, PC down.
000008.003|so   |*|00|---------- Initial log entry ----------
000008.003|so   |*|00|+++ Note that Updater log times are in GMT +++
000008.003|boot |*|00|Initial log entry. Current logging level 3
000008.003|copy |*|00|Initial log entry. Current logging level 3
000008.003|utilm|*|00|Initial log entry. Current logging level 4
000008.004|hw   |*|00|Initial log entry. Current logging level 4
000008.004|ethf |*|00|Initial log entry. Current logging level 4
000008.004|dns  |*|00|Initial log entry. Current logging level 3
000008.004|curl |*|00|Initial log entry. Current logging level 3
000008.004|sec  |*|00|Initial log entry. Current logging level 4
000008.017|wdog |*|00|Initial log entry. Current logging level 4
000008.017|lldp |*|00|Initial log entry. Current logging level 3
000008.017|cdp  |*|00|Initial log entry. Current logging level 3
000008.018|key  |*|00|Initial log entry. Current logging level 4
000008.041|so   |3|00|Platform: Model=VVX 300, Assembly=3111-46135-002 Rev=A Region=0
000008.041|so   |3|00|Platform: Board=3111-46135-002 1 0
000008.042|so   |3|00|Platform: MAC=0004f28e7890
000008.043|so   |3|00|Platform: BootBlock=3.0.4.0028 (46135-002) 30-Jan-13 18:00
000008.044|so   |*|00|Platform: BootL1=1.0.0.0009 (46135-002) 11-Jan-13 14:23
000008.044|so   |3|00|Application, main: Label=Updater, Version=Peridot 5.1.4.0844 20-Mar-13 14:16
000008.044|so   |3|00|Application, main: P/N=3150-11069-514
000008.044|so   |5|00|Platform: Both images are incorrect, will use Primary Image.
000008.044|log  |*|00|Install file upload callback for 'Updater'

000008.046|app1 |*|00|Initial log entry. Current logging level 3
000008.059|cfg  |*|00|Initial log entry. Current logging level 2
000008.063|dot1x|*|00|Initial log entry. Current logging level 3
000008.063|app1 |3|00|Starting provisioning because of the start type.
000008.266|tls  |*|00|Initial log entry. Current logging level 4
000009.011|so   |3|00|Link status is Net up Speed 100 full Duplex, PC down.
000010.540|lldp |3|00|Enabling 802.1Q tagging, VLAN ID = 111 (from LLDP/CDP)
000010.540|lldp |5|00|VLAN Id has changed to 111.
000014.363|lldp |3|00|LLDP received a response from a switch. LLDP enabled.
000014.420|dhcpc|*|00|Initial log entry. Current logging level 4
000020.146|dns  |*|00|DNS resolver servers are '8.8.8.8' '8.8.4.4'
000020.146|dns  |*|00|DNS resolver search domain is ''
000020.146|app1 |3|00|DNS resolver servers are '8.8.8.8' '8.8.4.4'
000020.147|app1 |3|00|DNS resolver search domain is ''
000020.310|dns  |3|00|DNS lookup for (A) 'p.voxter.com'(74.114.208.245) TTL=1771
000020.312|app1 |3|00|DHCP returned result 0x18F from server 10.2.0.2.
000020.312|app1 |3|00|   Phone IP address is 10.2.0.205.
000020.312|app1 |3|00|   Subnet mask is 255.255.255.0.
000020.312|app1 |3|00|   Gateway address is 10.2.0.1.
000020.312|app1 |3|00|   Provisioning server address is http://p.voxter.com/.
000020.312|app1 |3|00|   DNS server is 8.8.8.8.
000020.312|app1 |3|00|   DNS alternate server is 8.8.4.4.
000020.483|dns  |3|00|DNS lookup for (A) 'pool.ntp.org'(69.28.67.44,199.182.221.110,208.73.56.29) TTL=59
0422014651|app1 |3|00|Time has been set from pool.ntp.org (69.28.67.44).
0422014651|app1 |3|00|   1429667211: 2015-4-22, 1:46:51, DST off
0422014651|copy |3|00|'http://PlcmSpIp:****@p.voxter.com/0004f28e7890.cfg' from 'p.voxter.com(74.114.208.245)'
0422014651|copy |3|00|Download of '0004f28e7890.cfg' succeeded on attempt 1 (addr 1 of 1)
0422014651|cfg  |*|00|Prov|Starting to update 3111-46135-002.sip.ld
0422014651|copy |3|00|'http://PlcmSpIp:****@p.voxter.com/3111-46135-002.sip.ld' from 'p.voxter.com(74.114.208.245)'
0422014652|cfg  |3|00|New load header information:
0422014652|cfg  |3|00|Code length:         0x027559F0
0422014652|cfg  |3|00|Code Checksum:       0x38A3BFD9
0422014652|cfg  |3|00|Options:             0x00000080
0422014652|cfg  |3|00|Recognized container image
0422014652|cfg  |3|00|New load header information:
0422014652|cfg  |3|00|Code length:         0x020760FC
0422014652|cfg  |3|00|Code Checksum:       0x02B7DAEB
0422014652|cfg  |3|00|Options:             0x00000002
0422014652|cfg  |3|00|Application header is different
0422014652|cfg  |3|00|Application in container image 1 is different
0422014652|cfg  |3|00|New load header information:
0422014652|cfg  |3|00|Code length:         0x006DEFE4
0422014652|cfg  |3|00|Code Checksum:       0x38A32210
0422014652|cfg  |3|00|Options:             0x00000010
0422014652|cfg  |3|00|Updater header is different
0422014652|cfg  |3|00|Updater in container image 2 is different
0422014652|cfg  |3|00|Using Updater
0422015906|cfg  |*|00|Prov|Updating the Updater
0422015906|cfg  |3|00|Using compatible image 0
0422020129|copy |3|00|Download of '3111-46135-002.sip.ld' succeeded on attempt 1 (addr 1 of 1)
0422020130|sig  |*|00|Initial log entry. Current logging level 3
0422020130|sig  |3|00|hwSigParseRemove: found key Sig_3.
0422020130|cfg  |3|00|Good image signature
0422020131|cfg  |4|00|Removing application...
0422020135|cfg  |3|00|Programming Updater from sector 320 to 575
0422020142|cfg  |3|00|Programming to sector 320 complete
0422020144|cfg  |*|00|Prov|Image has been changed
0422020144|cfg  |*|00|Prov|Provisioning needs to reboot to upgrade image(s)
000008.519|so   |*|00|---------- Initial log entry ----------
000008.520|so   |*|00|+++ Note that Updater log times are in GMT +++
000008.520|boot |*|00|Initial log entry. Current logging level 3
000008.520|copy |*|00|Initial log entry. Current logging level 3
000008.520|utilm|*|00|Initial log entry. Current logging level 4
000008.520|hw   |*|00|Initial log entry. Current logging level 4
000008.520|ethf |*|00|Initial log entry. Current logging level 4
000008.520|dns  |*|00|Initial log entry. Current logging level 3
000008.521|curl |*|00|Initial log entry. Current logging level 3
000008.521|sec  |*|00|Initial log entry. Current logging level 4
000008.765|wdog |*|00|Initial log entry. Current logging level 4
000008.765|lldp |*|00|Initial log entry. Current logging level 3
000008.765|cdp  |*|00|Initial log entry. Current logging level 3
000008.765|key  |*|00|Initial log entry. Current logging level 4
000008.765|so   |3|00|SoKeyC::keyboardSetup(): Assigning virtual key: hwId 45 soKeyConcordVirtualTab[i].function 53
000008.791|so   |3|00|Platform: Model=VVX 300, Assembly=3111-46135-002 Rev=A Region=0
000008.791|so   |3|00|Platform: Board=3111-46135-002 1 0
000008.792|so   |3|00|Platform: MAC=0004f28e7890
000008.793|so   |3|00|Platform: BootBlock=3.0.4.0028 (46135-002) 30-Jan-13 18:00
000008.794|so   |*|00|Platform: BootL1=1.0.0.0009 (46135-002) 11-Jan-13 14:23
000008.794|so   |3|00|Application, main: Label=Updater, Version=Fayalite 5.5.0.13251 24-Mar-15 02:46
000008.794|so   |3|00|Application, main: P/N=3150-11069-550
000008.794|log  |*|00|Install file upload callback for 'Updater'

000008.795|app1 |*|00|Initial log entry. Current logging level 3
000008.807|cfg  |*|00|Initial log entry. Current logging level 2
000008.812|dot1x|*|00|Initial log entry. Current logging level 3
000008.812|app1 |3|00|Starting provisioning because of the start type.
000009.018|tls  |*|00|Initial log entry. Current logging level 4
000009.757|so   |3|00|Link status is Net up Speed 100 full Duplex, PC down.
000011.798|lldp |3|00|Enabling 802.1Q tagging, VLAN ID = 111 (from LLDP/CDP)
000011.798|lldp |5|00|VLAN Id has changed to 111.
000015.109|lldp |3|00|LLDP received a response from a switch. LLDP enabled.
000015.302|dhcpc|*|00|Initial log entry. Current logging level 2
000015.304|dhcpc|3|00|dhcAddIf v4 succeeds: eth0.111.
000015.308|dhcpc|3|00|dhcRebind v4: Will wait until sync rebind completes.
000015.844|dhcpc|3|00|relLease(0) v4: Succeeded to fork dhclient to terminate.
000016.496|dhcpc|3|00|dhcListener: Read succeeds: eth0.111 state: PREINIT
.
000016.497|dhcpc|4|00|DhcpClient::processLine: no callback for state 1 if eth0.111
000017.731|dhcpc|3|00|dhcListener: Read succeeds: eth0.111 ip: 10.2.0.205
.
000017.732|dhcpc|3|00|dhcListener: Read succeeds: eth0.111 option: subnet-mask 255.255.255.0
.
000017.734|dhcpc|3|00|dhcListener: Read succeeds: eth0.111 option: routers 10.2.0.1
.
000017.735|dhcpc|3|00|dhcListener: Read succeeds: eth0.111 option: domain-name-servers 8.8.8.8 8.8.4.4
.
000017.737|dhcpc|3|00|dhcListener: Read succeeds: eth0.111 option: dhcp-lease-time 600
.
000017.738|dhcpc|3|00|dhcListener: Read succeeds: eth0.111 option: tftp-server-name http://p.voxter.com/
.
000017.739|dhcpc|3|00|dhcListener: Read succeeds: eth0.111 option: dhcp-server-identifier 10.2.0.2
.
000017.744|dhcpc|3|00|dhcListener: Read succeeds: eth0.111 option: broadcast-address 10.2.0.255
.
000017.749|dhcpc|3|00|dhcListener: Read succeeds: eth0.111 option: dhcp-lease-time 600
.
000017.750|dhcpc|3|00|dhcListener: Read succeeds: eth0.111 option: dhcp-message-type 5
.
000017.786|dhcpc|3|00|dhcListener: Read succeeds: eth0.111 state: BOUND
.
000017.786|dhcpc|4|00|DhcpClient::processLine: no callback for state 2 if eth0.111
000017.787|dhcpc|3|00|dhcRebind v4: Sync rebind succeeds.
000017.788|dhcpc|3|00|Program eth0.111 to use subnet mask 255.255.255.0, result 0.
000017.788|dhcpc|3|00|Program eth0.111 to use ip address 10.2.0.205, result 0.
000017.789|dhcpc|3|00|Program eth0.111 to use router 10.2.0.1, result 0.
000017.805|dhcpc|3|00|getLease v4: Succeeded to fork dhclient for interface eth0.111.
000018.798|ares |*|00|Initial log entry. Current logging level 3
000018.799|dns  |*|00|DNS resolver servers are '8.8.8.8' '8.8.4.4'
000018.799|dns  |*|00|DNS resolver search domain is ''
000018.799|app1 |3|00|DNS resolver servers are '8.8.8.8' '8.8.4.4'
000018.799|app1 |3|00|DNS resolver search domain is ''
000018.982|app1 |3|00|DHCP returned result 0x18F from server 10.2.0.2.
000018.982|app1 |3|00|   Phone IPv4 address is 10.2.0.205.
000018.982|app1 |3|00|   Subnet mask is 255.255.255.0.
000018.982|app1 |3|00|   Gateway address is 10.2.0.1.
000018.982|app1 |3|00|   Provisioning server address is http://p.voxter.com/.
000018.982|app1 |3|00|   DNS server is 8.8.8.8
000018.982|app1 |3|00|   DNS alternate server is 8.8.4.4.
0422020218|app1 |3|00|Time has been set from pool.ntp.org (167.88.40.177).
0422020218|app1 |3|00|   1429668138: 2015-4-22, 2:2:18, DST off
0422020218|copy |3|00|'http://PlcmSpIp:****@p.voxter.com/0004f28e7890.cfg' from 'p.voxter.com(74.114.208.245)'
0422020218|copy |3|00|Download of '0004f28e7890.cfg' succeeded on attempt 1 (addr 1 of 1)
0422020218|cfg  |*|00|Prov|Starting to update 3111-46135-002.sip.ld
0422020218|copy |3|00|'http://PlcmSpIp:****@p.voxter.com/3111-46135-002.sip.ld' from 'p.voxter.com(74.114.208.245)'
0422020219|cfg  |3|00|New load header information:
0422020219|cfg  |3|00|Code length:         0x027559F0
0422020219|cfg  |3|00|Code Checksum:       0x38A3BFD9
0422020219|cfg  |3|00|Options:             0x00000080
0422020219|cfg  |3|00|Recognized container image
0422020219|cfg  |3|00|New load header information:
0422020219|cfg  |3|00|Code length:         0x020760FC
0422020219|cfg  |3|00|Code Checksum:       0x02B7DAEB
0422020219|cfg  |3|00|Options:             0x00000002
0422020219|cfg  |3|00|Could not open application file for checking
0422020219|cfg  |3|00|Application in container image 1 is different
0422020219|cfg  |3|00|New load header information:
0422020219|cfg  |3|00|Code length:         0x006DEFE4
0422020219|cfg  |3|00|Code Checksum:       0x38A32210
0422020219|cfg  |3|00|Options:             0x00000010
0422020219|cfg  |3|00|Updater is already present
0422020219|cfg  |3|00|Updater in container image 2 is not different
0422020219|cfg  |3|00|Using application
0422020219|cfg  |*|00|Prov|Updating the Application
0422020219|cfg  |3|00|Using compatible image 0
0422020707|dhcpc|3|00|dhcListener: Read succeeds: eth0.111 state: RENEW
.
0422020707|dhcpc|4|00|DhcpClient::processLine: no callback for state 6 if eth0.111
0422020801|copy |3|00|buffered_write: transfer terminated
0422020801|copy |3|00|Download of '3111-46135-002.sip.ld' succeeded on attempt 1 (addr 1 of 1)
0422020802|sig  |*|00|Initial log entry. Current logging level 3
0422020802|sig  |3|00|hwSigParseRemove: found key Sig_3.
0422020805|cfg  |3|00|Good image signature
0422020805|cfg  |3|00|Programming 34038588 bytes into tffs in 4K blocks
0422020808|cfg  |3|00|Extracting application files
0422020808|cfg  |3|00|New load header information:
0422020808|cfg  |3|00|Code length:         0x020760FC
0422020808|cfg  |3|00|Code Checksum:       0x02B7DAEB
0422020808|cfg  |3|00|Options:             0x00000002
0422021038|cfg  |3|00|Finished extracting application files (OK)
0422021044|cfg  |3|00|File system is synchronized
0422021044|cfg  |*|00|Prov|Succeeded updating file 3111-46135-002.sip.ld
0422021044|cfg  |*|00|Prov|Image has been changed
0422021044|cfg  |3|00|Prov|Provisioning succeeded
0422021044|app1 |3|00|Application, load: Type=SIP, Version=5.3.0.12074 24-Mar-15 03:06
0422021044|cfg  |*|00|Prov|Finished updating configuration
0422021044|boot |*|00|Using TFFS for flash load
0422021044|boot |*|00|Code length:         0x020760FC
0422021044|boot |*|00|Code checksum:       0x02B7DAEB
0422021044|app1 |4|00|Loaded application sip.ld from local system successfully.
0422021044|app1 |6|00|Uploading boot log, time is Wed Apr 22 02:10:44 2015

0422021044|copy |3|00|'http://PlcmSpIp:****@p.voxter.com/logs/0004f28e7890-boot.log' to 'p.voxter.com(74.114.208.245)'
0422021045|copy |3|00|Upload of 'logs/0004f28e7890-boot.log' succeeded on attempt 1 (addr 1 of 1)
0422021045|dhcpc|3|00|relLease(0) v4: Succeeded to fork dhclient to terminate.
0422021101|cfg  |3|00|Prov|Shutting down
