000008.632|so   |*|01|---------- Initial log entry ----------
000008.632|so   |*|01|+++ Note that Updater log times are in GMT +++
000008.632|boot |*|01|Initial log entry. Current logging level 3
000008.632|copy |*|01|Initial log entry. Current logging level 3
000008.632|utilm|*|01|Initial log entry. Current logging level 4
000008.632|hw   |*|01|Initial log entry. Current logging level 4
000008.632|ethf |*|01|Initial log entry. Current logging level 4
000008.632|dns  |*|01|Initial log entry. Current logging level 3
000008.632|curl |*|01|Initial log entry. Current logging level 3
000008.633|sec  |*|01|Initial log entry. Current logging level 4
000008.646|wdog |*|01|Initial log entry. Current logging level 4
000008.646|lldp |*|01|Initial log entry. Current logging level 3
000008.646|cdp  |*|01|Initial log entry. Current logging level 3
000008.646|key  |*|01|Initial log entry. Current logging level 4
000008.671|so   |3|01|Platform: Model=VVX 300, Assembly=3111-46135-002 Rev=A Region=0
000008.671|so   |3|01|Platform: Board=3111-46135-002 1 0
000008.672|so   |3|01|Platform: MAC=0004f28e77b8
000008.673|so   |3|01|Platform: BootBlock=3.0.4.0028 (46135-002) 30-Jan-13 18:00
000008.674|so   |*|01|Platform: BootL1=1.0.0.0009 (46135-002) 11-Jan-13 14:23
000008.674|so   |3|01|Application, main: Label=Updater, Version=Peridot 5.1.4.0844 20-Mar-13 14:16
000008.674|so   |3|01|Application, main: P/N=3150-11069-514
000008.674|so   |5|01|Platform: Both images are incorrect, will use Primary Image.
000008.674|log  |*|01|Install file upload callback for 'Updater'

000008.675|app1 |*|01|Initial log entry. Current logging level 3
000008.690|cfg  |*|01|Initial log entry. Current logging level 2
000009.644|so   |3|01|Link status is Net up Speed 100 full Duplex, PC down.
000008.069|so   |*|00|---------- Initial log entry ----------
000008.069|so   |*|00|+++ Note that Updater log times are in GMT +++
000008.069|boot |*|00|Initial log entry. Current logging level 3
000008.069|copy |*|00|Initial log entry. Current logging level 3
000008.069|utilm|*|00|Initial log entry. Current logging level 4
000008.069|hw   |*|00|Initial log entry. Current logging level 4
000008.069|ethf |*|00|Initial log entry. Current logging level 4
000008.069|dns  |*|00|Initial log entry. Current logging level 3
000008.069|curl |*|00|Initial log entry. Current logging level 3
000008.070|sec  |*|00|Initial log entry. Current logging level 4
000008.082|wdog |*|00|Initial log entry. Current logging level 4
000008.083|lldp |*|00|Initial log entry. Current logging level 3
000008.083|cdp  |*|00|Initial log entry. Current logging level 3
000008.083|key  |*|00|Initial log entry. Current logging level 4
000008.111|so   |3|00|Platform: Model=VVX 300, Assembly=3111-46135-002 Rev=A Region=0
000008.111|so   |3|00|Platform: Board=3111-46135-002 1 0
000008.112|so   |3|00|Platform: MAC=0004f28e77b8
000008.113|so   |3|00|Platform: BootBlock=3.0.4.0028 (46135-002) 30-Jan-13 18:00
000008.114|so   |*|00|Platform: BootL1=1.0.0.0009 (46135-002) 11-Jan-13 14:23
000008.114|so   |3|00|Application, main: Label=Updater, Version=Peridot 5.1.4.0844 20-Mar-13 14:16
000008.114|so   |3|00|Application, main: P/N=3150-11069-514
000008.114|so   |5|00|Platform: Both images are incorrect, will use Primary Image.
000008.114|log  |*|00|Install file upload callback for 'Updater'

000008.115|app1 |*|00|Initial log entry. Current logging level 3
000008.129|cfg  |*|00|Initial log entry. Current logging level 2
000009.077|so   |3|00|Link status is Net up Speed 100 full Duplex, PC down.
000008.113|so   |*|00|---------- Initial log entry ----------
000008.113|so   |*|00|+++ Note that Updater log times are in GMT +++
000008.113|boot |*|00|Initial log entry. Current logging level 3
000008.113|copy |*|00|Initial log entry. Current logging level 3
000008.113|utilm|*|00|Initial log entry. Current logging level 4
000008.113|hw   |*|00|Initial log entry. Current logging level 4
000008.113|ethf |*|00|Initial log entry. Current logging level 4
000008.113|dns  |*|00|Initial log entry. Current logging level 3
000008.114|curl |*|00|Initial log entry. Current logging level 3
000008.114|sec  |*|00|Initial log entry. Current logging level 4
000008.126|wdog |*|00|Initial log entry. Current logging level 4
000008.127|lldp |*|00|Initial log entry. Current logging level 3
000008.127|cdp  |*|00|Initial log entry. Current logging level 3
000008.127|key  |*|00|Initial log entry. Current logging level 4
000008.151|so   |3|00|Platform: Model=VVX 300, Assembly=3111-46135-002 Rev=A Region=0
000008.152|so   |3|00|Platform: Board=3111-46135-002 1 0
000008.152|so   |3|00|Platform: MAC=0004f28e77b8
000008.153|so   |3|00|Platform: BootBlock=3.0.4.0028 (46135-002) 30-Jan-13 18:00
000008.154|so   |*|00|Platform: BootL1=1.0.0.0009 (46135-002) 11-Jan-13 14:23
000008.154|so   |3|00|Application, main: Label=Updater, Version=Peridot 5.1.4.0844 20-Mar-13 14:16
000008.154|so   |3|00|Application, main: P/N=3150-11069-514
000008.154|so   |5|00|Platform: Both images are incorrect, will use Primary Image.
000008.154|log  |*|00|Install file upload callback for 'Updater'

000008.155|app1 |*|00|Initial log entry. Current logging level 3
000008.169|cfg  |*|00|Initial log entry. Current logging level 2
000009.121|so   |3|00|Link status is Net up Speed 100 full Duplex, PC down.
000008.142|so   |*|00|---------- Initial log entry ----------
000008.142|so   |*|00|+++ Note that Updater log times are in GMT +++
000008.142|boot |*|00|Initial log entry. Current logging level 3
000008.142|copy |*|00|Initial log entry. Current logging level 3
000008.142|utilm|*|00|Initial log entry. Current logging level 4
000008.142|hw   |*|00|Initial log entry. Current logging level 4
000008.142|ethf |*|00|Initial log entry. Current logging level 4
000008.143|dns  |*|00|Initial log entry. Current logging level 3
000008.143|curl |*|00|Initial log entry. Current logging level 3
000008.143|sec  |*|00|Initial log entry. Current logging level 4
000008.155|wdog |*|00|Initial log entry. Current logging level 4
000008.156|lldp |*|00|Initial log entry. Current logging level 3
000008.156|cdp  |*|00|Initial log entry. Current logging level 3
000008.156|key  |*|00|Initial log entry. Current logging level 4
000008.181|so   |3|00|Platform: Model=VVX 300, Assembly=3111-46135-002 Rev=A Region=0
000008.181|so   |3|00|Platform: Board=3111-46135-002 1 0
000008.182|so   |3|00|Platform: MAC=0004f28e77b8
000008.183|so   |3|00|Platform: BootBlock=3.0.4.0028 (46135-002) 30-Jan-13 18:00
000008.184|so   |*|00|Platform: BootL1=1.0.0.0009 (46135-002) 11-Jan-13 14:23
000008.184|so   |3|00|Application, main: Label=Updater, Version=Peridot 5.1.4.0844 20-Mar-13 14:16
000008.184|so   |3|00|Application, main: P/N=3150-11069-514
000008.184|so   |5|00|Platform: Both images are incorrect, will use Primary Image.
000008.184|log  |*|00|Install file upload callback for 'Updater'

000008.185|app1 |*|00|Initial log entry. Current logging level 3
000008.199|cfg  |*|00|Initial log entry. Current logging level 2
000009.151|so   |3|00|Link status is Net up Speed 100 full Duplex, PC down.
000008.075|so   |*|00|---------- Initial log entry ----------
000008.076|so   |*|00|+++ Note that Updater log times are in GMT +++
000008.076|boot |*|00|Initial log entry. Current logging level 3
000008.076|copy |*|00|Initial log entry. Current logging level 3
000008.076|utilm|*|00|Initial log entry. Current logging level 4
000008.076|hw   |*|00|Initial log entry. Current logging level 4
000008.076|ethf |*|00|Initial log entry. Current logging level 4
000008.076|dns  |*|00|Initial log entry. Current logging level 3
000008.076|curl |*|00|Initial log entry. Current logging level 3
000008.077|sec  |*|00|Initial log entry. Current logging level 4
000008.089|wdog |*|00|Initial log entry. Current logging level 4
000008.090|lldp |*|00|Initial log entry. Current logging level 3
000008.090|cdp  |*|00|Initial log entry. Current logging level 3
000008.090|key  |*|00|Initial log entry. Current logging level 4
000008.121|so   |3|00|Platform: Model=VVX 300, Assembly=3111-46135-002 Rev=A Region=0
000008.121|so   |3|00|Platform: Board=3111-46135-002 1 0
000008.122|so   |3|00|Platform: MAC=0004f28e77b8
000008.123|so   |3|00|Platform: BootBlock=3.0.4.0028 (46135-002) 30-Jan-13 18:00
000008.124|so   |*|00|Platform: BootL1=1.0.0.0009 (46135-002) 11-Jan-13 14:23
000008.124|so   |3|00|Application, main: Label=Updater, Version=Peridot 5.1.4.0844 20-Mar-13 14:16
000008.124|so   |3|00|Application, main: P/N=3150-11069-514
000008.124|so   |5|00|Platform: Both images are incorrect, will use Primary Image.
000008.124|log  |*|00|Install file upload callback for 'Updater'

000008.125|app1 |*|00|Initial log entry. Current logging level 3
000008.139|cfg  |*|00|Initial log entry. Current logging level 2
000009.084|so   |3|00|Link status is Net up Speed 100 full Duplex, PC down.
000008.160|so   |*|00|---------- Initial log entry ----------
000008.160|so   |*|00|+++ Note that Updater log times are in GMT +++
000008.161|boot |*|00|Initial log entry. Current logging level 3
000008.161|copy |*|00|Initial log entry. Current logging level 3
000008.161|utilm|*|00|Initial log entry. Current logging level 4
000008.161|hw   |*|00|Initial log entry. Current logging level 4
000008.161|ethf |*|00|Initial log entry. Current logging level 4
000008.161|dns  |*|00|Initial log entry. Current logging level 3
000008.161|curl |*|00|Initial log entry. Current logging level 3
000008.161|sec  |*|00|Initial log entry. Current logging level 4
000008.174|wdog |*|00|Initial log entry. Current logging level 4
000008.174|lldp |*|00|Initial log entry. Current logging level 3
000008.174|cdp  |*|00|Initial log entry. Current logging level 3
000008.174|key  |*|00|Initial log entry. Current logging level 4
000008.211|so   |3|00|Platform: Model=VVX 300, Assembly=3111-46135-002 Rev=A Region=0
000008.211|so   |3|00|Platform: Board=3111-46135-002 1 0
000008.212|so   |3|00|Platform: MAC=0004f28e77b8
000008.213|so   |3|00|Platform: BootBlock=3.0.4.0028 (46135-002) 30-Jan-13 18:00
000008.214|so   |*|00|Platform: BootL1=1.0.0.0009 (46135-002) 11-Jan-13 14:23
000008.214|so   |3|00|Application, main: Label=Updater, Version=Peridot 5.1.4.0844 20-Mar-13 14:16
000008.214|so   |3|00|Application, main: P/N=3150-11069-514
000008.214|so   |5|00|Platform: Both images are incorrect, will use Primary Image.
000008.214|log  |*|00|Install file upload callback for 'Updater'

000008.215|app1 |*|00|Initial log entry. Current logging level 3
000008.229|cfg  |*|00|Initial log entry. Current logging level 2
000009.169|so   |3|00|Link status is Net up Speed 100 full Duplex, PC down.
000008.043|so   |*|00|---------- Initial log entry ----------
000008.043|so   |*|00|+++ Note that Updater log times are in GMT +++
000008.043|boot |*|00|Initial log entry. Current logging level 3
000008.043|copy |*|00|Initial log entry. Current logging level 3
000008.043|utilm|*|00|Initial log entry. Current logging level 4
000008.043|hw   |*|00|Initial log entry. Current logging level 4
000008.043|ethf |*|00|Initial log entry. Current logging level 4
000008.044|dns  |*|00|Initial log entry. Current logging level 3
000008.044|curl |*|00|Initial log entry. Current logging level 3
000008.044|sec  |*|00|Initial log entry. Current logging level 4
000008.057|wdog |*|00|Initial log entry. Current logging level 4
000008.057|lldp |*|00|Initial log entry. Current logging level 3
000008.057|cdp  |*|00|Initial log entry. Current logging level 3
000008.057|key  |*|00|Initial log entry. Current logging level 4
000008.081|so   |3|00|Platform: Model=VVX 300, Assembly=3111-46135-002 Rev=A Region=0
000008.082|so   |3|00|Platform: Board=3111-46135-002 1 0
000008.082|so   |3|00|Platform: MAC=0004f28e77b8
000008.083|so   |3|00|Platform: BootBlock=3.0.4.0028 (46135-002) 30-Jan-13 18:00
000008.084|so   |*|00|Platform: BootL1=1.0.0.0009 (46135-002) 11-Jan-13 14:23
000008.084|so   |3|00|Application, main: Label=Updater, Version=Peridot 5.1.4.0844 20-Mar-13 14:16
000008.084|so   |3|00|Application, main: P/N=3150-11069-514
000008.084|so   |5|00|Platform: Both images are incorrect, will use Primary Image.
000008.084|log  |*|00|Install file upload callback for 'Updater'

000008.086|app1 |*|00|Initial log entry. Current logging level 3
000008.099|cfg  |*|00|Initial log entry. Current logging level 2
000008.103|dot1x|*|00|Initial log entry. Current logging level 3
000008.103|app1 |3|00|Starting provisioning because of the start type.
000008.304|tls  |*|00|Initial log entry. Current logging level 4
000009.052|so   |3|00|Link status is Net up Speed 100 full Duplex, PC down.
000011.332|lldp |3|00|Enabling 802.1Q tagging, VLAN ID = 111 (from LLDP/CDP)
000011.332|lldp |5|00|VLAN Id has changed to 111.
000014.384|lldp |3|00|LLDP received a response from a switch. LLDP enabled.
000014.440|dhcpc|*|00|Initial log entry. Current logging level 4
000020.196|dns  |*|00|DNS resolver servers are '8.8.8.8' '8.8.4.4'
000020.196|dns  |*|00|DNS resolver search domain is ''
000020.197|app1 |3|00|DNS resolver servers are '8.8.8.8' '8.8.4.4'
000020.197|app1 |3|00|DNS resolver search domain is ''
000020.354|dns  |3|00|DNS lookup for (A) 'p.voxter.com'(74.114.208.245) TTL=2322
000020.356|app1 |3|00|DHCP returned result 0x18F from server 10.2.0.2.
000020.356|app1 |3|00|   Phone IP address is 10.2.0.211.
000020.356|app1 |3|00|   Subnet mask is 255.255.255.0.
000020.356|app1 |3|00|   Gateway address is 10.2.0.1.
000020.356|app1 |3|00|   Provisioning server address is http://p.voxter.com/.
000020.356|app1 |3|00|   DNS server is 8.8.8.8.
000020.356|app1 |3|00|   DNS alternate server is 8.8.4.4.
000020.507|dns  |3|00|DNS lookup for (A) 'pool.ntp.org'(206.108.0.132,142.137.247.109,192.99.15.169) TTL=14
0422013927|app1 |3|00|Time has been set from pool.ntp.org (206.108.0.132).
0422013927|app1 |3|00|   1429666767: 2015-4-22, 1:39:27, DST off
0422013927|copy |3|00|'http://PlcmSpIp:****@p.voxter.com/0004f28e77b8.cfg' from 'p.voxter.com(74.114.208.245)'
0422013929|copy |3|00|Download of '0004f28e77b8.cfg' succeeded on attempt 1 (addr 1 of 1)
0422013929|cfg  |*|00|Prov|Starting to update 3111-46135-002.sip.ld
0422013929|copy |3|00|'http://PlcmSpIp:****@p.voxter.com/3111-46135-002.sip.ld' from 'p.voxter.com(74.114.208.245)'
0422013929|cfg  |3|00|New load header information:
0422013929|cfg  |3|00|Code length:         0x027559F0
0422013929|cfg  |3|00|Code Checksum:       0x38A3BFD9
0422013929|cfg  |3|00|Options:             0x00000080
0422013929|cfg  |3|00|Recognized container image
0422013929|cfg  |3|00|New load header information:
0422013929|cfg  |3|00|Code length:         0x020760FC
0422013929|cfg  |3|00|Code Checksum:       0x02B7DAEB
0422013929|cfg  |3|00|Options:             0x00000002
0422013929|cfg  |3|00|Application header is different
0422013929|cfg  |3|00|Application in container image 1 is different
0422013929|cfg  |3|00|New load header information:
0422013929|cfg  |3|00|Code length:         0x006DEFE4
0422013929|cfg  |3|00|Code Checksum:       0x38A32210
0422013929|cfg  |3|00|Options:             0x00000010
0422013929|cfg  |3|00|Updater header is different
0422013929|cfg  |3|00|Updater in container image 2 is different
0422013929|cfg  |3|00|Using Updater
0422014912|cfg  |*|00|Prov|Updating the Updater
0422014912|cfg  |3|00|Using compatible image 0
0422015207|copy |3|00|Download of '3111-46135-002.sip.ld' succeeded on attempt 1 (addr 1 of 1)
0422015208|sig  |*|00|Initial log entry. Current logging level 3
0422015208|sig  |3|00|hwSigParseRemove: found key Sig_3.
0422015208|cfg  |3|00|Good image signature
0422015208|cfg  |4|00|Removing application...
0422015213|cfg  |3|00|Programming Updater from sector 320 to 575
0422015220|cfg  |3|00|Programming to sector 320 complete
0422015222|cfg  |*|00|Prov|Image has been changed
0422015222|cfg  |*|00|Prov|Provisioning needs to reboot to upgrade image(s)
000008.565|so   |*|00|---------- Initial log entry ----------
000008.566|so   |*|00|+++ Note that Updater log times are in GMT +++
000008.566|boot |*|00|Initial log entry. Current logging level 3
000008.566|copy |*|00|Initial log entry. Current logging level 3
000008.566|utilm|*|00|Initial log entry. Current logging level 4
000008.566|hw   |*|00|Initial log entry. Current logging level 4
000008.566|ethf |*|00|Initial log entry. Current logging level 4
000008.566|dns  |*|00|Initial log entry. Current logging level 3
000008.566|curl |*|00|Initial log entry. Current logging level 3
000008.567|sec  |*|00|Initial log entry. Current logging level 4
000008.813|wdog |*|00|Initial log entry. Current logging level 4
000008.813|lldp |*|00|Initial log entry. Current logging level 3
000008.813|cdp  |*|00|Initial log entry. Current logging level 3
000008.813|key  |*|00|Initial log entry. Current logging level 4
000008.814|so   |3|00|SoKeyC::keyboardSetup(): Assigning virtual key: hwId 45 soKeyConcordVirtualTab[i].function 53
000008.841|so   |3|00|Platform: Model=VVX 300, Assembly=3111-46135-002 Rev=A Region=0
000008.841|so   |3|00|Platform: Board=3111-46135-002 1 0
000008.842|so   |3|00|Platform: MAC=0004f28e77b8
000008.843|so   |3|00|Platform: BootBlock=3.0.4.0028 (46135-002) 30-Jan-13 18:00
000008.844|so   |*|00|Platform: BootL1=1.0.0.0009 (46135-002) 11-Jan-13 14:23
000008.844|so   |3|00|Application, main: Label=Updater, Version=Fayalite 5.5.0.13251 24-Mar-15 02:46
000008.844|so   |3|00|Application, main: P/N=3150-11069-550
000008.844|log  |*|00|Install file upload callback for 'Updater'

000008.845|app1 |*|00|Initial log entry. Current logging level 3
000008.857|cfg  |*|00|Initial log entry. Current logging level 2
000008.862|dot1x|*|00|Initial log entry. Current logging level 3
000008.862|app1 |3|00|Starting provisioning because of the start type.
000009.068|tls  |*|00|Initial log entry. Current logging level 4
000009.807|so   |3|00|Link status is Net up Speed 100 full Duplex, PC down.
000011.654|lldp |3|00|Enabling 802.1Q tagging, VLAN ID = 111 (from LLDP/CDP)
000011.654|lldp |5|00|VLAN Id has changed to 111.
000015.159|lldp |3|00|LLDP received a response from a switch. LLDP enabled.
000015.362|dhcpc|*|00|Initial log entry. Current logging level 2
000015.363|dhcpc|3|00|dhcAddIf v4 succeeds: eth0.111.
000015.368|dhcpc|3|00|dhcRebind v4: Will wait until sync rebind completes.
000015.903|dhcpc|3|00|relLease(0) v4: Succeeded to fork dhclient to terminate.
000016.556|dhcpc|3|00|dhcListener: Read succeeds: eth0.111 state: PREINIT
.
000016.556|dhcpc|4|00|DhcpClient::processLine: no callback for state 1 if eth0.111
000017.771|dhcpc|3|00|dhcListener: Read succeeds: eth0.111 ip: 10.2.0.211
.
000017.772|dhcpc|3|00|dhcListener: Read succeeds: eth0.111 option: subnet-mask 255.255.255.0
.
000017.774|dhcpc|3|00|dhcListener: Read succeeds: eth0.111 option: routers 10.2.0.1
.
000017.775|dhcpc|3|00|dhcListener: Read succeeds: eth0.111 option: domain-name-servers 8.8.8.8 8.8.4.4
.
000017.777|dhcpc|3|00|dhcListener: Read succeeds: eth0.111 option: dhcp-lease-time 600
.
000017.778|dhcpc|3|00|dhcListener: Read succeeds: eth0.111 option: tftp-server-name http://p.voxter.com/
.
000017.780|dhcpc|3|00|dhcListener: Read succeeds: eth0.111 option: dhcp-server-identifier 10.2.0.2
.
000017.784|dhcpc|3|00|dhcListener: Read succeeds: eth0.111 option: broadcast-address 10.2.0.255
.
000017.789|dhcpc|3|00|dhcListener: Read succeeds: eth0.111 option: dhcp-lease-time 600
.
000017.791|dhcpc|3|00|dhcListener: Read succeeds: eth0.111 option: dhcp-message-type 5
.
000017.827|dhcpc|3|00|dhcListener: Read succeeds: eth0.111 state: BOUND
.
000017.827|dhcpc|4|00|DhcpClient::processLine: no callback for state 2 if eth0.111
000017.828|dhcpc|3|00|dhcRebind v4: Sync rebind succeeds.
000017.828|dhcpc|3|00|Program eth0.111 to use subnet mask 255.255.255.0, result 0.
000017.829|dhcpc|3|00|Program eth0.111 to use ip address 10.2.0.211, result 0.
000017.829|dhcpc|3|00|Program eth0.111 to use router 10.2.0.1, result 0.
000017.846|dhcpc|3|00|getLease v4: Succeeded to fork dhclient for interface eth0.111.
000018.838|ares |*|00|Initial log entry. Current logging level 3
000018.840|dns  |*|00|DNS resolver servers are '8.8.8.8' '8.8.4.4'
000018.840|dns  |*|00|DNS resolver search domain is ''
000018.840|app1 |3|00|DNS resolver servers are '8.8.8.8' '8.8.4.4'
000018.840|app1 |3|00|DNS resolver search domain is ''
000019.065|app1 |3|00|DHCP returned result 0x18F from server 10.2.0.2.
000019.066|app1 |3|00|   Phone IPv4 address is 10.2.0.211.
000019.066|app1 |3|00|   Subnet mask is 255.255.255.0.
000019.066|app1 |3|00|   Gateway address is 10.2.0.1.
000019.066|app1 |3|00|   Provisioning server address is http://p.voxter.com/.
000019.066|app1 |3|00|   DNS server is 8.8.8.8
000019.066|app1 |3|00|   DNS alternate server is 8.8.4.4.
0422015256|app1 |3|00|Time has been set from pool.ntp.org (69.28.67.44).
0422015256|app1 |3|00|   1429667576: 2015-4-22, 1:52:56, DST off
0422015256|copy |3|00|'http://PlcmSpIp:****@p.voxter.com/0004f28e77b8.cfg' from 'p.voxter.com(74.114.208.245)'
0422015256|copy |3|00|Download of '0004f28e77b8.cfg' succeeded on attempt 1 (addr 1 of 1)
0422015256|cfg  |*|00|Prov|Starting to update 3111-46135-002.sip.ld
0422015256|copy |3|00|'http://PlcmSpIp:****@p.voxter.com/3111-46135-002.sip.ld' from 'p.voxter.com(74.114.208.245)'
0422015257|cfg  |3|00|New load header information:
0422015257|cfg  |3|00|Code length:         0x027559F0
0422015257|cfg  |3|00|Code Checksum:       0x38A3BFD9
0422015257|cfg  |3|00|Options:             0x00000080
0422015257|cfg  |3|00|Recognized container image
0422015257|cfg  |3|00|New load header information:
0422015257|cfg  |3|00|Code length:         0x020760FC
0422015257|cfg  |3|00|Code Checksum:       0x02B7DAEB
0422015257|cfg  |3|00|Options:             0x00000002
0422015257|cfg  |3|00|Could not open application file for checking
0422015257|cfg  |3|00|Application in container image 1 is different
0422015257|cfg  |3|00|New load header information:
0422015257|cfg  |3|00|Code length:         0x006DEFE4
0422015257|cfg  |3|00|Code Checksum:       0x38A32210
0422015257|cfg  |3|00|Options:             0x00000010
0422015257|cfg  |3|00|Updater is already present
0422015257|cfg  |3|00|Updater in container image 2 is not different
0422015257|cfg  |3|00|Using application
0422015257|cfg  |*|00|Prov|Updating the Application
0422015257|cfg  |3|00|Using compatible image 0
0422015750|dhcpc|3|00|dhcListener: Read succeeds: eth0.111 state: RENEW
.
0422015750|dhcpc|4|00|DhcpClient::processLine: no callback for state 6 if eth0.111
0422020155|dhcpc|3|00|dhcListener: Read succeeds: eth0.111 state: RENEW
.
0422020155|dhcpc|4|00|DhcpClient::processLine: no callback for state 6 if eth0.111
0422020353|copy |3|00|buffered_write: transfer terminated
0422020353|copy |3|00|Download of '3111-46135-002.sip.ld' succeeded on attempt 1 (addr 1 of 1)
0422020354|sig  |*|00|Initial log entry. Current logging level 3
0422020354|sig  |3|00|hwSigParseRemove: found key Sig_3.
0422020357|cfg  |3|00|Good image signature
0422020357|cfg  |3|00|Programming 34038588 bytes into tffs in 4K blocks
0422020400|cfg  |3|00|Extracting application files
0422020400|cfg  |3|00|New load header information:
0422020400|cfg  |3|00|Code length:         0x020760FC
0422020400|cfg  |3|00|Code Checksum:       0x02B7DAEB
0422020400|cfg  |3|00|Options:             0x00000002
0422020624|cfg  |3|00|Finished extracting application files (OK)
0422020632|cfg  |3|00|File system is synchronized
0422020632|cfg  |*|00|Prov|Succeeded updating file 3111-46135-002.sip.ld
0422020632|cfg  |*|00|Prov|Image has been changed
0422020632|cfg  |3|00|Prov|Provisioning succeeded
0422020632|app1 |3|00|Application, load: Type=SIP, Version=5.3.0.12074 24-Mar-15 03:06
0422020632|cfg  |*|00|Prov|Finished updating configuration
0422020632|boot |*|00|Using TFFS for flash load
0422020632|boot |*|00|Code length:         0x020760FC
0422020632|boot |*|00|Code checksum:       0x02B7DAEB
0422020633|app1 |4|00|Loaded application sip.ld from local system successfully.
0422020633|app1 |6|00|Uploading boot log, time is Wed Apr 22 02:06:33 2015

0422020633|copy |3|00|'http://PlcmSpIp:****@p.voxter.com/logs/0004f28e77b8-boot.log' to 'p.voxter.com(74.114.208.245)'
0422020634|copy |3|00|Upload of 'logs/0004f28e77b8-boot.log' succeeded on attempt 1 (addr 1 of 1)
0422020635|dhcpc|3|00|relLease(0) v4: Succeeded to fork dhclient to terminate.
0422020650|cfg  |3|00|Prov|Shutting down
