000000.365|so   |*|00|---------- Initial log entry ----------
000000.365|so   |*|00|+++ Note that bootrom log times are in GMT +++
000000.365|copy |*|00|Initial log entry. Current logging level 3
000000.365|utilm|*|00|Initial log entry. Current logging level 4
000000.365|hw   |*|00|Initial log entry. Current logging level 4
000000.365|ethf |*|00|Initial log entry. Current logging level 4
000000.365|dns  |*|00|Initial log entry. Current logging level 3
000000.365|curl |*|00|Initial log entry. Current logging level 3
000000.365|sec  |*|00|Initial log entry. Current logging level 4
000000.375|wdog |*|00|Initial log entry. Current logging level 4
000000.375|lldp |*|00|Initial log entry. Current logging level 3
000000.375|lldp |3|00|LLDP is DISABLED.
000000.375|cdp  |*|00|Initial log entry. Current logging level 3
000000.375|cdp  |3|00|CDP is DISABLED.
000000.375|key  |*|00|Initial log entry. Current logging level 4
000000.395|so   |3|00|Platform: Model=SoundPoint IP 331, Assembly=2345-12365-001 Rev=B Region=
000000.395|so   |3|00|Platform: Board=2345-12365-001 1 0
000000.395|so   |3|00|Platform: MAC=0004f2a672c9, IP=Resolving, Subnet Mask=Resolving
000000.395|so   |3|00|Platform: BootBlock=3.0.2.0024 (12365-001) 30-Nov-10 14:56
000000.395|so   |3|00|Application, main: Label=BOOT, Version=Muscovite 4.4.0.0080 26-Jul-11 13:35
000000.395|so   |3|00|Application, main: P/N=3150-11069-440
000000.395|app1 |*|00|Initial log entry. Current logging level 3
000000.410|cfg  |*|00|Initial log entry. Current logging level 2
000000.415|cfg  |3|00|Current BootBlock revision is '3.0.2 (12365-001).0024'
000000.415|cfg  |*|00|Prov|Updating BootBlock
000000.415|cfg  |3|00|Checking pre-compiled image 2345-12360-001.bootblock.ld
000000.415|cfg  |3|00|New load header information:
000000.415|cfg  |3|00|Code length:         0x0000AAC9
000000.415|cfg  |3|00|Header check Sum:    0x0029F78D
000000.415|cfg  |3|00|Code check Sum:      0x00294A9C
000000.415|cfg  |3|00|Options:             0x00000020
000000.420|cfg  |3|00|Image 0 is not compatible 0x00010100
000000.420|cfg  |3|00|Checking pre-compiled image 2345-12365-001.bootblock.ld
000000.420|cfg  |3|00|New load header information:
000000.420|cfg  |3|00|Code length:         0x0000AAC9
000000.420|cfg  |3|00|Header check Sum:    0x0029F792
000000.420|cfg  |3|00|Code check Sum:      0x00294AA1
000000.420|cfg  |3|00|Options:             0x00000020
000000.420|cfg  |3|00|Recognized compatible bootBlock
000000.430|cfg  |3|00|BootBlock is already present
000000.430|cfg  |3|00|Image is already up to date
000000.430|app1 |*|00|BootBlock is already up to date.
000001.370|so   |3|00|Link status is Net up Speed 100 full Duplex, PC down.
000012.320|lldp |3|00|LLDP did not receive a response from a switch. Disabling LLDP.
000012.320|cdp  |3|00|CDP is disabled.
000023.625|app1 |3|00|DNS resolver server is '10.0.1.1'
000023.625|app1 |3|00|DNS resolver search domain is 'vc.shawcable.net'
000023.640|app1 |3|00|Bootline: esw(3,0)bootHost:flash e=10.0.1.152:ffffff00:3840:15 h=74.114.208.245 g=10.0.1.1 u=**** pw=**** f=0x40 tn=CircaIP
000023.640|app1 |3|00|DHCP returned result 0x287 from server 10.0.1.1.
000023.640|app1 |3|00|   Phone IP address is 10.0.1.152.
000023.640|app1 |3|00|   Subnet mask is 255.255.255.0.
000023.640|app1 |3|00|   Gateway address is 10.0.1.1.
000023.640|app1 |3|00|   DNS server is 10.0.1.1.
000023.640|app1 |3|00|   DNS domain is vc.shawcable.net.
0210002151|app1 |3|00|Time has been set from pool.ntp.org (208.80.96.96).
0210002151|app1 |3|00|   1423527711: 2015-2-10, 0:21:51, DST off
0210002151|dns  |3|00|DNS lookup for 'p.voxter.com'(74.114.208.245) TTL=5697
0210002151|copy |3|00|'http://PlcmSpIp:****@p.voxter.com/0004f2a672c9.cfg' from 'p.voxter.com(74.114.208.245)'
0210002151|copy |3|00|Download of '0004f2a672c9.cfg' succeeded on attempt 1 (addr 1 of 1)
0210002151|cfg  |*|00|Prov|Starting to update 2345-12365-001.sip.ld
0210002151|copy |3|00|'http://PlcmSpIp:****@p.voxter.com/2345-12365-001.sip.ld' from 'p.voxter.com(74.114.208.245)'
0210002151|cfg  |3|00|New load header information:
0210002151|cfg  |3|00|Code length:         0x00464FE8
0210002151|cfg  |3|00|Header check Sum:    0x07508F71
0210002151|cfg  |3|00|Code check Sum:      0x070A3E61
0210002151|cfg  |3|00|Options:             0x00000080
0210002151|cfg  |3|00|Recognized container image
0210002151|cfg  |3|00|New load header information:
0210002151|cfg  |3|00|Code length:         0x00382716
0210002151|cfg  |3|00|Header check Sum:    0x283C2952
0210002151|cfg  |3|00|Code check Sum:      0x1BF7B2B3
0210002151|cfg  |3|00|Options:             0x00000102
0210002151|cfg  |3|00|Could not open application file for checking
0210002151|cfg  |3|00|Application in container image 1 is different
0210002151|cfg  |3|00|New load header information:
0210002151|cfg  |3|00|Code length:         0x000E1FD0
0210002151|cfg  |3|00|Header check Sum:    0x3217BDEF
0210002151|cfg  |3|00|Code check Sum:      0x07099BE7
0210002151|cfg  |3|00|Options:             0x00000110
0210002151|cfg  |3|00|BootROM header is different
0210002151|cfg  |3|00|BootROM in container image 2 is different
0210002151|cfg  |3|00|Using bootROM
0210002206|cfg  |*|00|Prov|Updating BootROM
0210002206|cfg  |3|00|Using compatible image 0
0210002210|copy |3|00|Download of '2345-12365-001.sip.ld' succeeded on attempt 1 (addr 1 of 1)
0210002211|sig  |*|00|Initial log entry. Current logging level 3
0210002211|sig  |3|00|hwSigParseRemove: found key Sig_3.
0210002211|cfg  |3|00|Good image signature
0210002211|cfg  |4|00|Removing application...
0210002211|cfg  |3|00|Programming BootROM from sector 19 to 36
0210002228|cfg  |3|00|Programming to sector 19 complete
0210002228|cfg  |3|00|Invalidated old image at sector 1, offset 20.
0210002229|cfg  |*|00|Prov|Image has been changed
0210002229|cfg  |*|00|Prov|Provisioning needs to reboot to upgrade image(s)
000000.360|so   |*|01|---------- Initial log entry ----------
000000.360|so   |*|01|+++ Note that Updater log times are in GMT +++
000000.360|boot |*|01|Initial log entry. Current logging level 3
000000.360|copy |*|01|Initial log entry. Current logging level 3
000000.360|utilm|*|01|Initial log entry. Current logging level 4
000000.360|hw   |*|01|Initial log entry. Current logging level 4
000000.360|ethf |*|01|Initial log entry. Current logging level 4
000000.360|dns  |*|01|Initial log entry. Current logging level 3
000000.360|curl |*|01|Initial log entry. Current logging level 3
000000.360|sec  |*|01|Initial log entry. Current logging level 4
000000.370|wdog |*|01|Initial log entry. Current logging level 4
000000.370|lldp |*|01|Initial log entry. Current logging level 3
000000.370|cdp  |*|01|Initial log entry. Current logging level 3
000000.370|key  |*|01|Initial log entry. Current logging level 4
000000.370|so   |3|01|Platform: Model=SoundPoint IP 331, Assembly=2345-12365-001 Rev=B Region=
000000.370|so   |3|01|Platform: Board=2345-12365-001 1 0
000000.370|so   |3|01|Platform: MAC=0004f2a672c9
000000.370|so   |3|01|Platform: BootBlock=3.0.2.0024 (12365-001) 30-Nov-10 14:56
000000.370|so   |3|01|Application, main: Label=Updater, Version=Azurite 5.0.5.2324 09-Dec-13 15:26
000000.370|so   |3|01|Application, main: P/N=YYYY-YYYYY-YYY
000000.370|log  |*|01|Install file upload callback for 'Updater'

000000.375|app1 |*|01|Initial log entry. Current logging level 3
000000.390|cfg  |*|01|Initial log entry. Current logging level 2
000000.395|app1 |3|01|Application image is not present.
000000.405|dot1x|*|01|Initial log entry. Current logging level 3
000001.365|so   |3|01|Link status is Net up Speed 100 full Duplex, PC down.
000002.770|tls  |*|01|Initial log entry. Current logging level 4
000012.310|lldp |3|01|LLDP did not receive a response from a switch. Disabling LLDP.
000012.310|cdp  |3|01|CDP is disabled.
000023.025|dns  |*|01|DNS resolver servers are '10.0.1.1' '0.0.0.0'
000023.025|dns  |*|01|DNS resolver search domain is 'vc.shawcable.net'
000023.025|app1 |3|01|DNS resolver server is '10.0.1.1'
000023.025|app1 |3|01|DNS resolver search domain is 'vc.shawcable.net'
000023.045|dns  |3|01|DNS lookup for (A) 'p.voxter.com'(74.114.208.245) TTL=5630
000023.045|app1 |3|01|Bootline: esw(3,0)bootHost:flash e=10.0.1.152:ffffff00:3840:15 h=74.114.208.245 g=10.0.1.1 u=**** pw=**** f=0x40 tn=CircaIP
000023.045|app1 |3|01|DHCP returned result 0x287 from server 10.0.1.1.
000023.045|app1 |3|01|   Phone IP address is 10.0.1.152.
000023.045|app1 |3|01|   Subnet mask is 255.255.255.0.
000023.045|app1 |3|01|   Gateway address is 10.0.1.1.
000023.045|app1 |3|01|   DNS server is 10.0.1.1.
000023.045|app1 |3|01|   DNS domain is vc.shawcable.net.
000023.060|dns  |3|01|DNS lookup for (A) 'pool.ntp.org'(208.80.96.96,69.28.83.155,72.38.129.202) TTL=64
0210002259|app1 |3|01|Time has been set from pool.ntp.org (208.80.96.96).
0210002259|app1 |3|01|   1423527779: 2015-2-10, 0:22:59, DST off
0210002259|copy |3|01|'http://PlcmSpIp:****@p.voxter.com/0004f2a672c9.cfg' from 'p.voxter.com(74.114.208.245)'
0210002259|copy |3|01|Download of '0004f2a672c9.cfg' succeeded on attempt 1 (addr 1 of 1)
0210002259|cfg  |*|01|Prov|Starting to update 2345-12365-001.sip.ld
0210002259|copy |3|01|'http://PlcmSpIp:****@p.voxter.com/2345-12365-001.sip.ld' from 'p.voxter.com(74.114.208.245)'
0210002259|cfg  |3|01|New load header information:
0210002259|cfg  |3|01|Code length:         0x00464FE8
0210002259|cfg  |3|01|Code Checksum:       0x070A3E61
0210002259|cfg  |3|01|Options:             0x00000080
0210002259|cfg  |3|01|Recognized container image
0210002259|cfg  |3|01|New load header information:
0210002259|cfg  |3|01|Code length:         0x00382716
0210002259|cfg  |3|01|Code Checksum:       0x1BF7B2B3
0210002259|cfg  |3|01|Options:             0x00000102
0210002259|cfg  |3|01|Could not open application file for checking
0210002259|cfg  |3|01|Application in container image 1 is different
0210002259|cfg  |3|01|New load header information:
0210002259|cfg  |3|01|Code length:         0x000E1FD0
0210002259|cfg  |3|01|Code Checksum:       0x07099BE7
0210002259|cfg  |3|01|Options:             0x00000110
0210002259|cfg  |3|01|Updater is already present
0210002259|cfg  |3|01|Updater in container image 2 is not different
0210002259|cfg  |3|01|Using application
0210002259|cfg  |*|01|Prov|Updating the Application
0210002259|cfg  |3|01|Using compatible image 0
0210002316|copy |3|01|buffered_write: transfer terminated
0210002316|copy |3|01|Download of '2345-12365-001.sip.ld' succeeded on attempt 1 (addr 1 of 1)
0210002317|sig  |*|01|Initial log entry. Current logging level 3
0210002317|sig  |3|01|hwSigParseRemove: found key Sig_3.
0210002318|cfg  |3|01|Good image signature
0210002318|cfg  |3|01|Programming 3680594 bytes into tffs in 4K blocks
0210002421|cfg  |*|01|Prov|Succeeded updating file 2345-12365-001.sip.ld
0210002421|cfg  |*|01|Prov|Image has been changed
0210002421|cfg  |3|01|Prov|Provisioning succeeded
0210002421|app1 |3|01|Application, load: Type=SIP, Version=4.0.6.0711 26-Feb-14 07:14
0210002421|boot |*|01|Using TFFS for flash load
0210002421|boot |*|01|Code length:         0x00382716
0210002421|boot |*|01|Code checksum:       0x1BF7B2B3
0210002421|cfg  |*|01|Prov|Finished updating configuration
0210002436|app1 |4|01|Loaded application sip.ld from local system successfully.
0210002436|app1 |6|01|Uploading boot log, time is TUE FEB 10 00:24:36 2015

0210002436|copy |3|01|'http://PlcmSpIp:****@p.voxter.com/logs/0004f2a672c9-boot.log' to 'p.voxter.com(74.114.208.245)'
0210002437|copy |3|01|Upload of 'logs/0004f2a672c9-boot.log' succeeded on attempt 1 (addr 1 of 1)
0210002437|cfg  |3|01|Prov|Shutting down
000000.385|so   |*|01|---------- Initial log entry ----------
000000.385|so   |*|01|+++ Note that Updater log times are in GMT +++
000000.385|boot |*|01|Initial log entry. Current logging level 3
000000.385|copy |*|01|Initial log entry. Current logging level 3
000000.385|utilm|*|01|Initial log entry. Current logging level 4
000000.385|hw   |*|01|Initial log entry. Current logging level 4
000000.385|ethf |*|01|Initial log entry. Current logging level 4
000000.385|dns  |*|01|Initial log entry. Current logging level 3
000000.385|curl |*|01|Initial log entry. Current logging level 3
000000.385|sec  |*|01|Initial log entry. Current logging level 4
000000.395|wdog |*|01|Initial log entry. Current logging level 4
000000.395|lldp |*|01|Initial log entry. Current logging level 3
000000.395|cdp  |*|01|Initial log entry. Current logging level 3
000000.395|key  |*|01|Initial log entry. Current logging level 4
000000.395|so   |3|01|Platform: Model=SoundPoint IP 331, Assembly=2345-12365-001 Rev=B Region=
000000.395|so   |3|01|Platform: Board=2345-12365-001 1 0
000000.395|so   |3|01|Platform: MAC=0004f2a672c9
000000.395|so   |3|01|Platform: BootBlock=3.0.2.0024 (12365-001) 30-Nov-10 14:56
000000.395|so   |3|01|Application, main: Label=Updater, Version=Azurite 5.0.5.2324 09-Dec-13 15:26
000000.395|so   |3|01|Application, main: P/N=YYYY-YYYYY-YYY
000000.395|log  |*|01|Install file upload callback for 'Updater'

000000.400|app1 |*|01|Initial log entry. Current logging level 3
000000.415|cfg  |*|01|Initial log entry. Current logging level 2
000000.435|app1 |3|01|Application, load: Type=SIP, Version=4.0.6.0711 26-Feb-14 07:14
000000.485|boot |*|01|Using TFFS for flash load
000000.510|boot |*|01|Code length:         0x00382716
000000.510|boot |*|01|Code checksum:       0x1BF7B2B3
000001.390|so   |3|01|Link status is Net down, PC down.
000016.090|app1 |4|01|Loaded application sip.ld from local system successfully.
000000.385|so   |*|01|---------- Initial log entry ----------
000000.385|so   |*|01|+++ Note that Updater log times are in GMT +++
000000.385|boot |*|01|Initial log entry. Current logging level 3
000000.385|copy |*|01|Initial log entry. Current logging level 3
000000.385|utilm|*|01|Initial log entry. Current logging level 4
000000.385|hw   |*|01|Initial log entry. Current logging level 4
000000.385|ethf |*|01|Initial log entry. Current logging level 4
000000.385|dns  |*|01|Initial log entry. Current logging level 3
000000.385|curl |*|01|Initial log entry. Current logging level 3
000000.385|sec  |*|01|Initial log entry. Current logging level 4
000000.395|wdog |*|01|Initial log entry. Current logging level 4
000000.395|lldp |*|01|Initial log entry. Current logging level 3
000000.395|cdp  |*|01|Initial log entry. Current logging level 3
000000.395|key  |*|01|Initial log entry. Current logging level 4
000000.395|so   |3|01|Platform: Model=SoundPoint IP 331, Assembly=2345-12365-001 Rev=B Region=
000000.395|so   |3|01|Platform: Board=2345-12365-001 1 0
000000.395|so   |3|01|Platform: MAC=0004f2a672c9
000000.395|so   |3|01|Platform: BootBlock=3.0.2.0024 (12365-001) 30-Nov-10 14:56
000000.395|so   |3|01|Application, main: Label=Updater, Version=Azurite 5.0.5.2324 09-Dec-13 15:26
000000.395|so   |3|01|Application, main: P/N=YYYY-YYYYY-YYY
000000.395|log  |*|01|Install file upload callback for 'Updater'

000000.400|app1 |*|01|Initial log entry. Current logging level 3
000000.415|cfg  |*|01|Initial log entry. Current logging level 2
000000.435|app1 |3|01|Application, load: Type=SIP, Version=4.0.6.0711 26-Feb-14 07:14
000000.475|boot |*|01|Using TFFS for flash load
000000.490|boot |*|01|Code length:         0x00382716
000000.490|boot |*|01|Code checksum:       0x1BF7B2B3
000001.390|so   |3|01|Link status is Net down, PC down.
000002.390|so   |3|01|Link status is Net up Speed 100 full Duplex, PC down.
000015.895|app1 |4|01|Loaded application sip.ld from local system successfully.
000000.380|so   |*|01|---------- Initial log entry ----------
000000.380|so   |*|01|+++ Note that Updater log times are in GMT +++
000000.380|boot |*|01|Initial log entry. Current logging level 3
000000.380|copy |*|01|Initial log entry. Current logging level 3
000000.380|utilm|*|01|Initial log entry. Current logging level 4
000000.380|hw   |*|01|Initial log entry. Current logging level 4
000000.380|ethf |*|01|Initial log entry. Current logging level 4
000000.380|dns  |*|01|Initial log entry. Current logging level 3
000000.380|curl |*|01|Initial log entry. Current logging level 3
000000.380|sec  |*|01|Initial log entry. Current logging level 4
000000.390|wdog |*|01|Initial log entry. Current logging level 4
000000.390|lldp |*|01|Initial log entry. Current logging level 3
000000.390|cdp  |*|01|Initial log entry. Current logging level 3
000000.390|key  |*|01|Initial log entry. Current logging level 4
000000.390|so   |3|01|Platform: Model=SoundPoint IP 331, Assembly=2345-12365-001 Rev=B Region=
000000.390|so   |3|01|Platform: Board=2345-12365-001 1 0
000000.390|so   |3|01|Platform: MAC=0004f2a672c9
000000.390|so   |3|01|Platform: BootBlock=3.0.2.0024 (12365-001) 30-Nov-10 14:56
000000.390|so   |3|01|Application, main: Label=Updater, Version=Azurite 5.0.5.2324 09-Dec-13 15:26
000000.390|so   |3|01|Application, main: P/N=YYYY-YYYYY-YYY
000000.390|log  |*|01|Install file upload callback for 'Updater'

000000.390|app1 |*|01|Initial log entry. Current logging level 3
000000.410|cfg  |*|01|Initial log entry. Current logging level 2
000000.425|app1 |3|01|Application, load: Type=SIP, Version=4.0.6.0711 26-Feb-14 07:14
000000.465|boot |*|01|Using TFFS for flash load
000000.485|boot |*|01|Code length:         0x00382716
000000.485|boot |*|01|Code checksum:       0x1BF7B2B3
000001.385|so   |3|01|Link status is Net down, PC down.
000015.875|app1 |4|01|Loaded application sip.ld from local system successfully.
000000.380|so   |*|01|---------- Initial log entry ----------
000000.380|so   |*|01|+++ Note that Updater log times are in GMT +++
000000.380|boot |*|01|Initial log entry. Current logging level 3
000000.380|copy |*|01|Initial log entry. Current logging level 3
000000.380|utilm|*|01|Initial log entry. Current logging level 4
000000.380|hw   |*|01|Initial log entry. Current logging level 4
000000.380|ethf |*|01|Initial log entry. Current logging level 4
000000.380|dns  |*|01|Initial log entry. Current logging level 3
000000.380|curl |*|01|Initial log entry. Current logging level 3
000000.380|sec  |*|01|Initial log entry. Current logging level 4
000000.390|wdog |*|01|Initial log entry. Current logging level 4
000000.390|lldp |*|01|Initial log entry. Current logging level 3
000000.390|cdp  |*|01|Initial log entry. Current logging level 3
000000.390|key  |*|01|Initial log entry. Current logging level 4
000000.390|so   |3|01|Platform: Model=SoundPoint IP 331, Assembly=2345-12365-001 Rev=B Region=
000000.390|so   |3|01|Platform: Board=2345-12365-001 1 0
000000.390|so   |3|01|Platform: MAC=0004f2a672c9
000000.390|so   |3|01|Platform: BootBlock=3.0.2.0024 (12365-001) 30-Nov-10 14:56
000000.390|so   |3|01|Application, main: Label=Updater, Version=Azurite 5.0.5.2324 09-Dec-13 15:26
000000.390|so   |3|01|Application, main: P/N=YYYY-YYYYY-YYY
000000.390|log  |*|01|Install file upload callback for 'Updater'

000000.390|app1 |*|01|Initial log entry. Current logging level 3
000000.410|cfg  |*|01|Initial log entry. Current logging level 2
000000.425|app1 |3|01|Application, load: Type=SIP, Version=4.0.6.0711 26-Feb-14 07:14
000000.465|boot |*|01|Using TFFS for flash load
000000.485|boot |*|01|Code length:         0x00382716
000000.485|boot |*|01|Code checksum:       0x1BF7B2B3
000001.385|so   |3|01|Link status is Net down, PC down.
000015.875|app1 |4|01|Loaded application sip.ld from local system successfully.
000000.385|so   |*|01|---------- Initial log entry ----------
000000.385|so   |*|01|+++ Note that Updater log times are in GMT +++
000000.385|boot |*|01|Initial log entry. Current logging level 3
000000.385|copy |*|01|Initial log entry. Current logging level 3
000000.390|utilm|*|01|Initial log entry. Current logging level 4
000000.390|hw   |*|01|Initial log entry. Current logging level 4
000000.390|ethf |*|01|Initial log entry. Current logging level 4
000000.390|dns  |*|01|Initial log entry. Current logging level 3
000000.390|curl |*|01|Initial log entry. Current logging level 3
000000.390|sec  |*|01|Initial log entry. Current logging level 4
000000.395|wdog |*|01|Initial log entry. Current logging level 4
000000.395|lldp |*|01|Initial log entry. Current logging level 3
000000.395|cdp  |*|01|Initial log entry. Current logging level 3
000000.395|key  |*|01|Initial log entry. Current logging level 4
000000.395|so   |3|01|Platform: Model=SoundPoint IP 331, Assembly=2345-12365-001 Rev=B Region=
000000.395|so   |3|01|Platform: Board=2345-12365-001 1 0
000000.400|so   |3|01|Platform: MAC=0004f2a672c9
000000.400|so   |3|01|Platform: BootBlock=3.0.2.0024 (12365-001) 30-Nov-10 14:56
000000.400|so   |3|01|Application, main: Label=Updater, Version=Azurite 5.0.5.2324 09-Dec-13 15:26
000000.400|so   |3|01|Application, main: P/N=YYYY-YYYYY-YYY
000000.400|log  |*|01|Install file upload callback for 'Updater'

000000.400|app1 |*|01|Initial log entry. Current logging level 3
000000.415|cfg  |*|01|Initial log entry. Current logging level 2
000000.435|app1 |3|01|Application, load: Type=SIP, Version=4.0.6.0711 26-Feb-14 07:14
000000.475|boot |*|01|Using TFFS for flash load
000000.490|boot |*|01|Code length:         0x00382716
000000.490|boot |*|01|Code checksum:       0x1BF7B2B3
000001.395|so   |3|01|Link status is Net down, PC down.
000015.885|app1 |4|01|Loaded application sip.ld from local system successfully.
000000.380|so   |*|01|---------- Initial log entry ----------
000000.380|so   |*|01|+++ Note that Updater log times are in GMT +++
000000.380|boot |*|01|Initial log entry. Current logging level 3
000000.380|copy |*|01|Initial log entry. Current logging level 3
000000.380|utilm|*|01|Initial log entry. Current logging level 4
000000.380|hw   |*|01|Initial log entry. Current logging level 4
000000.380|ethf |*|01|Initial log entry. Current logging level 4
000000.380|dns  |*|01|Initial log entry. Current logging level 3
000000.380|curl |*|01|Initial log entry. Current logging level 3
000000.380|sec  |*|01|Initial log entry. Current logging level 4
000000.390|wdog |*|01|Initial log entry. Current logging level 4
000000.390|lldp |*|01|Initial log entry. Current logging level 3
000000.390|cdp  |*|01|Initial log entry. Current logging level 3
000000.390|key  |*|01|Initial log entry. Current logging level 4
000000.390|so   |3|01|Platform: Model=SoundPoint IP 331, Assembly=2345-12365-001 Rev=B Region=
000000.390|so   |3|01|Platform: Board=2345-12365-001 1 0
000000.390|so   |3|01|Platform: MAC=0004f2a672c9
000000.390|so   |3|01|Platform: BootBlock=3.0.2.0024 (12365-001) 30-Nov-10 14:56
000000.390|so   |3|01|Application, main: Label=Updater, Version=Azurite 5.0.5.2324 09-Dec-13 15:26
000000.390|so   |3|01|Application, main: P/N=YYYY-YYYYY-YYY
000000.390|log  |*|01|Install file upload callback for 'Updater'

000000.390|app1 |*|01|Initial log entry. Current logging level 3
000000.410|cfg  |*|01|Initial log entry. Current logging level 2
000000.425|app1 |3|01|Application, load: Type=SIP, Version=4.0.6.0711 26-Feb-14 07:14
000000.465|boot |*|01|Using TFFS for flash load
000000.485|boot |*|01|Code length:         0x00382716
000000.485|boot |*|01|Code checksum:       0x1BF7B2B3
000001.385|so   |3|01|Link status is Net down, PC down.
000015.875|app1 |4|01|Loaded application sip.ld from local system successfully.
000000.380|so   |*|01|---------- Initial log entry ----------
000000.380|so   |*|01|+++ Note that Updater log times are in GMT +++
000000.380|boot |*|01|Initial log entry. Current logging level 3
000000.380|copy |*|01|Initial log entry. Current logging level 3
000000.380|utilm|*|01|Initial log entry. Current logging level 4
000000.380|hw   |*|01|Initial log entry. Current logging level 4
000000.380|ethf |*|01|Initial log entry. Current logging level 4
000000.380|dns  |*|01|Initial log entry. Current logging level 3
000000.380|curl |*|01|Initial log entry. Current logging level 3
000000.380|sec  |*|01|Initial log entry. Current logging level 4
000000.390|wdog |*|01|Initial log entry. Current logging level 4
000000.390|lldp |*|01|Initial log entry. Current logging level 3
000000.390|cdp  |*|01|Initial log entry. Current logging level 3
000000.390|key  |*|01|Initial log entry. Current logging level 4
000000.390|so   |3|01|Platform: Model=SoundPoint IP 331, Assembly=2345-12365-001 Rev=B Region=
000000.390|so   |3|01|Platform: Board=2345-12365-001 1 0
000000.390|so   |3|01|Platform: MAC=0004f2a672c9
000000.390|so   |3|01|Platform: BootBlock=3.0.2.0024 (12365-001) 30-Nov-10 14:56
000000.390|so   |3|01|Application, main: Label=Updater, Version=Azurite 5.0.5.2324 09-Dec-13 15:26
000000.390|so   |3|01|Application, main: P/N=YYYY-YYYYY-YYY
000000.390|log  |*|01|Install file upload callback for 'Updater'

000000.390|app1 |*|01|Initial log entry. Current logging level 3
000000.410|cfg  |*|01|Initial log entry. Current logging level 2
000000.425|app1 |3|01|Application, load: Type=SIP, Version=4.0.6.0711 26-Feb-14 07:14
000000.465|boot |*|01|Using TFFS for flash load
000000.710|boot |*|01|Code length:         0x00382716
000000.710|boot |*|01|Code checksum:       0x1BF7B2B3
000001.385|so   |3|01|Link status is Net down, PC down.
000016.075|app1 |4|01|Loaded application sip.ld from local system successfully.
000000.380|so   |*|01|---------- Initial log entry ----------
000000.380|so   |*|01|+++ Note that Updater log times are in GMT +++
000000.380|boot |*|01|Initial log entry. Current logging level 3
000000.380|copy |*|01|Initial log entry. Current logging level 3
000000.380|utilm|*|01|Initial log entry. Current logging level 4
000000.380|hw   |*|01|Initial log entry. Current logging level 4
000000.380|ethf |*|01|Initial log entry. Current logging level 4
000000.380|dns  |*|01|Initial log entry. Current logging level 3
000000.380|curl |*|01|Initial log entry. Current logging level 3
000000.380|sec  |*|01|Initial log entry. Current logging level 4
000000.390|wdog |*|01|Initial log entry. Current logging level 4
000000.390|lldp |*|01|Initial log entry. Current logging level 3
000000.390|cdp  |*|01|Initial log entry. Current logging level 3
000000.390|key  |*|01|Initial log entry. Current logging level 4
000000.390|so   |3|01|Platform: Model=SoundPoint IP 331, Assembly=2345-12365-001 Rev=B Region=
000000.390|so   |3|01|Platform: Board=2345-12365-001 1 0
000000.390|so   |3|01|Platform: MAC=0004f2a672c9
000000.390|so   |3|01|Platform: BootBlock=3.0.2.0024 (12365-001) 30-Nov-10 14:56
000000.390|so   |3|01|Application, main: Label=Updater, Version=Azurite 5.0.5.2324 09-Dec-13 15:26
000000.390|so   |3|01|Application, main: P/N=YYYY-YYYYY-YYY
000000.390|log  |*|01|Install file upload callback for 'Updater'

000000.390|app1 |*|01|Initial log entry. Current logging level 3
000000.410|cfg  |*|01|Initial log entry. Current logging level 2
000000.425|app1 |3|01|Application, load: Type=SIP, Version=4.0.6.0711 26-Feb-14 07:14
000000.465|boot |*|01|Using TFFS for flash load
000000.485|boot |*|01|Code length:         0x00382716
000000.485|boot |*|01|Code checksum:       0x1BF7B2B3
000001.385|so   |3|01|Link status is Net down, PC down.
000004.385|so   |3|01|Link status is Net up Speed 100 full Duplex, PC down.
000012.385|so   |3|01|Link status is Net down, PC down.
000013.385|so   |3|01|Link status is Net up Speed 100 full Duplex, PC down.
000015.675|app1 |4|01|Loaded application sip.ld from local system successfully.
000000.385|so   |*|01|---------- Initial log entry ----------
000000.385|so   |*|01|+++ Note that Updater log times are in GMT +++
000000.390|boot |*|01|Initial log entry. Current logging level 3
000000.390|copy |*|01|Initial log entry. Current logging level 3
000000.390|utilm|*|01|Initial log entry. Current logging level 4
000000.390|hw   |*|01|Initial log entry. Current logging level 4
000000.390|ethf |*|01|Initial log entry. Current logging level 4
000000.390|dns  |*|01|Initial log entry. Current logging level 3
000000.390|curl |*|01|Initial log entry. Current logging level 3
000000.390|sec  |*|01|Initial log entry. Current logging level 4
000000.395|wdog |*|01|Initial log entry. Current logging level 4
000000.395|lldp |*|01|Initial log entry. Current logging level 3
000000.395|cdp  |*|01|Initial log entry. Current logging level 3
000000.395|key  |*|01|Initial log entry. Current logging level 4
000000.395|so   |3|01|Platform: Model=SoundPoint IP 331, Assembly=2345-12365-001 Rev=B Region=
000000.400|so   |3|01|Platform: Board=2345-12365-001 1 0
000000.400|so   |3|01|Platform: MAC=0004f2a672c9
000000.400|so   |3|01|Platform: BootBlock=3.0.2.0024 (12365-001) 30-Nov-10 14:56
000000.400|so   |3|01|Application, main: Label=Updater, Version=Azurite 5.0.5.2324 09-Dec-13 15:26
000000.400|so   |3|01|Application, main: P/N=YYYY-YYYYY-YYY
000000.400|log  |*|01|Install file upload callback for 'Updater'

000000.400|app1 |*|01|Initial log entry. Current logging level 3
000000.415|cfg  |*|01|Initial log entry. Current logging level 2
000000.435|app1 |3|01|Application, load: Type=SIP, Version=4.0.6.0711 26-Feb-14 07:14
000000.475|boot |*|01|Using TFFS for flash load
000000.490|boot |*|01|Code length:         0x00382716
000000.490|boot |*|01|Code checksum:       0x1BF7B2B3
000001.395|so   |3|01|Link status is Net down, PC down.
000002.395|so   |3|01|Link status is Net up Speed 100 full Duplex, PC down.
000015.690|app1 |4|01|Loaded application sip.ld from local system successfully.
000000.380|so   |*|01|---------- Initial log entry ----------
000000.380|so   |*|01|+++ Note that Updater log times are in GMT +++
000000.380|boot |*|01|Initial log entry. Current logging level 3
000000.380|copy |*|01|Initial log entry. Current logging level 3
000000.380|utilm|*|01|Initial log entry. Current logging level 4
000000.380|hw   |*|01|Initial log entry. Current logging level 4
000000.380|ethf |*|01|Initial log entry. Current logging level 4
000000.380|dns  |*|01|Initial log entry. Current logging level 3
000000.380|curl |*|01|Initial log entry. Current logging level 3
000000.380|sec  |*|01|Initial log entry. Current logging level 4
000000.390|wdog |*|01|Initial log entry. Current logging level 4
000000.390|lldp |*|01|Initial log entry. Current logging level 3
000000.390|cdp  |*|01|Initial log entry. Current logging level 3
000000.390|key  |*|01|Initial log entry. Current logging level 4
000000.390|so   |3|01|Platform: Model=SoundPoint IP 331, Assembly=2345-12365-001 Rev=B Region=
000000.390|so   |3|01|Platform: Board=2345-12365-001 1 0
000000.390|so   |3|01|Platform: MAC=0004f2a672c9
000000.390|so   |3|01|Platform: BootBlock=3.0.2.0024 (12365-001) 30-Nov-10 14:56
000000.390|so   |3|01|Application, main: Label=Updater, Version=Azurite 5.0.5.2324 09-Dec-13 15:26
000000.390|so   |3|01|Application, main: P/N=YYYY-YYYYY-YYY
000000.390|log  |*|01|Install file upload callback for 'Updater'

000000.390|app1 |*|01|Initial log entry. Current logging level 3
000000.410|cfg  |*|01|Initial log entry. Current logging level 2
000000.425|app1 |3|01|Application, load: Type=SIP, Version=4.0.6.0711 26-Feb-14 07:14
000000.465|boot |*|01|Using TFFS for flash load
000000.485|boot |*|01|Code length:         0x00382716
000000.485|boot |*|01|Code checksum:       0x1BF7B2B3
000001.385|so   |3|01|Link status is Net down, PC down.
000002.385|so   |3|01|Link status is Net up Speed 100 full Duplex, PC down.
000015.680|app1 |4|01|Loaded application sip.ld from local system successfully.
