000008.864|so   |*|01|---------- Initial log entry ----------
000008.865|so   |*|01|+++ Note that Updater log times are in GMT +++
000008.865|boot |*|01|Initial log entry. Current logging level 3
000008.865|copy |*|01|Initial log entry. Current logging level 3
000008.865|utilm|*|01|Initial log entry. Current logging level 4
000008.865|hw   |*|01|Initial log entry. Current logging level 4
000008.865|ethf |*|01|Initial log entry. Current logging level 4
000008.865|dns  |*|01|Initial log entry. Current logging level 3
000008.865|curl |*|01|Initial log entry. Current logging level 3
000008.866|sec  |*|01|Initial log entry. Current logging level 4
000008.884|wdog |*|01|Initial log entry. Current logging level 4
000008.885|lldp |*|01|Initial log entry. Current logging level 3
000008.885|cdp  |*|01|Initial log entry. Current logging level 3
000008.885|key  |*|01|Initial log entry. Current logging level 4
000008.911|so   |3|01|Platform: Model=VVX 410, Assembly=3111-46162-001 Rev=A Region=0
000008.911|so   |3|01|Platform: Board=3111-46162-001 2 0
000008.911|so   |3|01|Platform: MAC=0004f28394ec
000008.912|so   |3|01|Platform: BootBlock=3.0.4.0146 (46162-001) 10-Jan-13 20:21
000008.913|so   |*|01|Platform: BootL1=1.0.0.0041 (46162-001) 10-Jan-13 20:16
000008.913|so   |3|01|Application, main: Label=Updater, Version=Peridot 5.1.4.0844 20-Mar-13 14:16
000008.913|so   |3|01|Application, main: P/N=3150-11069-514
000008.913|so   |5|01|Platform: Both images are incorrect, will use Primary Image.
000008.914|log  |*|01|Install file upload callback for 'Updater'

000008.915|app1 |*|01|Initial log entry. Current logging level 3
000008.959|cfg  |*|01|Initial log entry. Current logging level 2
000009.877|so   |3|01|Link status is Net up Speed 1000 full Duplex, PC down.
000008.822|so   |*|01|---------- Initial log entry ----------
000008.822|so   |*|01|+++ Note that Updater log times are in GMT +++
000008.822|boot |*|01|Initial log entry. Current logging level 3
000008.822|copy |*|01|Initial log entry. Current logging level 3
000008.822|utilm|*|01|Initial log entry. Current logging level 4
000008.822|hw   |*|01|Initial log entry. Current logging level 4
000008.822|ethf |*|01|Initial log entry. Current logging level 4
000008.822|dns  |*|01|Initial log entry. Current logging level 3
000008.822|curl |*|01|Initial log entry. Current logging level 3
000008.823|sec  |*|01|Initial log entry. Current logging level 4
000008.842|wdog |*|01|Initial log entry. Current logging level 4
000008.843|lldp |*|01|Initial log entry. Current logging level 3
000008.843|cdp  |*|01|Initial log entry. Current logging level 3
000008.843|key  |*|01|Initial log entry. Current logging level 4
000008.881|so   |3|01|Platform: Model=VVX 410, Assembly=3111-46162-001 Rev=A Region=0
000008.882|so   |3|01|Platform: Board=3111-46162-001 2 0
000008.882|so   |3|01|Platform: MAC=0004f28394ec
000008.883|so   |3|01|Platform: BootBlock=3.0.4.0146 (46162-001) 10-Jan-13 20:21
000008.884|so   |*|01|Platform: BootL1=1.0.0.0041 (46162-001) 10-Jan-13 20:16
000008.884|so   |3|01|Application, main: Label=Updater, Version=Peridot 5.1.4.0844 20-Mar-13 14:16
000008.884|so   |3|01|Application, main: P/N=3150-11069-514
000008.884|so   |5|01|Platform: Both images are incorrect, will use Primary Image.
000008.884|log  |*|01|Install file upload callback for 'Updater'

000008.885|app1 |*|01|Initial log entry. Current logging level 3
000008.929|cfg  |*|01|Initial log entry. Current logging level 2
000009.837|so   |3|01|Link status is Net up Speed 1000 full Duplex, PC down.
000008.181|so   |*|00|---------- Initial log entry ----------
000008.181|so   |*|00|+++ Note that Updater log times are in GMT +++
000008.181|boot |*|00|Initial log entry. Current logging level 3
000008.181|copy |*|00|Initial log entry. Current logging level 3
000008.182|utilm|*|00|Initial log entry. Current logging level 4
000008.182|hw   |*|00|Initial log entry. Current logging level 4
000008.182|ethf |*|00|Initial log entry. Current logging level 4
000008.182|dns  |*|00|Initial log entry. Current logging level 3
000008.182|curl |*|00|Initial log entry. Current logging level 3
000008.182|sec  |*|00|Initial log entry. Current logging level 4
000008.201|wdog |*|00|Initial log entry. Current logging level 4
000008.201|lldp |*|00|Initial log entry. Current logging level 3
000008.201|cdp  |*|00|Initial log entry. Current logging level 3
000008.201|key  |*|00|Initial log entry. Current logging level 4
000008.241|so   |3|00|Platform: Model=VVX 410, Assembly=3111-46162-001 Rev=A Region=0
000008.241|so   |3|00|Platform: Board=3111-46162-001 2 0
000008.242|so   |3|00|Platform: MAC=0004f28394ec
000008.243|so   |3|00|Platform: BootBlock=3.0.4.0146 (46162-001) 10-Jan-13 20:21
000008.244|so   |*|00|Platform: BootL1=1.0.0.0041 (46162-001) 10-Jan-13 20:16
000008.244|so   |3|00|Application, main: Label=Updater, Version=Peridot 5.1.4.0844 20-Mar-13 14:16
000008.244|so   |3|00|Application, main: P/N=3150-11069-514
000008.244|so   |5|00|Platform: Both images are incorrect, will use Primary Image.
000008.244|log  |*|00|Install file upload callback for 'Updater'

000008.245|app1 |*|00|Initial log entry. Current logging level 3
000008.288|cfg  |*|00|Initial log entry. Current logging level 2
000009.200|so   |3|00|Link status is Net up Speed 1000 full Duplex, PC down.
000008.136|so   |*|00|---------- Initial log entry ----------
000008.136|so   |*|00|+++ Note that Updater log times are in GMT +++
000008.136|boot |*|00|Initial log entry. Current logging level 3
000008.136|copy |*|00|Initial log entry. Current logging level 3
000008.136|utilm|*|00|Initial log entry. Current logging level 4
000008.136|hw   |*|00|Initial log entry. Current logging level 4
000008.136|ethf |*|00|Initial log entry. Current logging level 4
000008.137|dns  |*|00|Initial log entry. Current logging level 3
000008.137|curl |*|00|Initial log entry. Current logging level 3
000008.137|sec  |*|00|Initial log entry. Current logging level 4
000008.155|wdog |*|00|Initial log entry. Current logging level 4
000008.155|lldp |*|00|Initial log entry. Current logging level 3
000008.156|cdp  |*|00|Initial log entry. Current logging level 3
000008.156|key  |*|00|Initial log entry. Current logging level 4
000008.181|so   |3|00|Platform: Model=VVX 410, Assembly=3111-46162-001 Rev=A Region=0
000008.181|so   |3|00|Platform: Board=3111-46162-001 2 0
000008.182|so   |3|00|Platform: MAC=0004f28394ec
000008.183|so   |3|00|Platform: BootBlock=3.0.4.0146 (46162-001) 10-Jan-13 20:21
000008.184|so   |*|00|Platform: BootL1=1.0.0.0041 (46162-001) 10-Jan-13 20:16
000008.184|so   |3|00|Application, main: Label=Updater, Version=Peridot 5.1.4.0844 20-Mar-13 14:16
000008.184|so   |3|00|Application, main: P/N=3150-11069-514
000008.184|so   |5|00|Platform: Both images are incorrect, will use Primary Image.
000008.184|log  |*|00|Install file upload callback for 'Updater'

000008.185|app1 |*|00|Initial log entry. Current logging level 3
000008.229|cfg  |*|00|Initial log entry. Current logging level 2
000009.154|so   |3|00|Link status is Net up Speed 1000 full Duplex, PC down.
000008.214|so   |*|00|---------- Initial log entry ----------
000008.214|so   |*|00|+++ Note that Updater log times are in GMT +++
000008.214|boot |*|00|Initial log entry. Current logging level 3
000008.214|copy |*|00|Initial log entry. Current logging level 3
000008.214|utilm|*|00|Initial log entry. Current logging level 4
000008.214|hw   |*|00|Initial log entry. Current logging level 4
000008.214|ethf |*|00|Initial log entry. Current logging level 4
000008.215|dns  |*|00|Initial log entry. Current logging level 3
000008.215|curl |*|00|Initial log entry. Current logging level 3
000008.215|sec  |*|00|Initial log entry. Current logging level 4
000008.233|wdog |*|00|Initial log entry. Current logging level 4
000008.233|lldp |*|00|Initial log entry. Current logging level 3
000008.234|cdp  |*|00|Initial log entry. Current logging level 3
000008.234|key  |*|00|Initial log entry. Current logging level 4
000008.271|so   |3|00|Platform: Model=VVX 410, Assembly=3111-46162-001 Rev=A Region=0
000008.272|so   |3|00|Platform: Board=3111-46162-001 2 0
000008.272|so   |3|00|Platform: MAC=0004f28394ec
000008.273|so   |3|00|Platform: BootBlock=3.0.4.0146 (46162-001) 10-Jan-13 20:21
000008.274|so   |*|00|Platform: BootL1=1.0.0.0041 (46162-001) 10-Jan-13 20:16
000008.274|so   |3|00|Application, main: Label=Updater, Version=Peridot 5.1.4.0844 20-Mar-13 14:16
000008.274|so   |3|00|Application, main: P/N=3150-11069-514
000008.274|so   |5|00|Platform: Both images are incorrect, will use Primary Image.
000008.274|log  |*|00|Install file upload callback for 'Updater'

000008.276|app1 |*|00|Initial log entry. Current logging level 3
000008.318|cfg  |*|00|Initial log entry. Current logging level 2
000009.232|so   |3|00|Link status is Net up Speed 1000 full Duplex, PC down.
000008.163|so   |*|00|---------- Initial log entry ----------
000008.163|so   |*|00|+++ Note that Updater log times are in GMT +++
000008.163|boot |*|00|Initial log entry. Current logging level 3
000008.163|copy |*|00|Initial log entry. Current logging level 3
000008.163|utilm|*|00|Initial log entry. Current logging level 4
000008.163|hw   |*|00|Initial log entry. Current logging level 4
000008.163|ethf |*|00|Initial log entry. Current logging level 4
000008.164|dns  |*|00|Initial log entry. Current logging level 3
000008.164|curl |*|00|Initial log entry. Current logging level 3
000008.164|sec  |*|00|Initial log entry. Current logging level 4
000008.182|wdog |*|00|Initial log entry. Current logging level 4
000008.182|lldp |*|00|Initial log entry. Current logging level 3
000008.182|cdp  |*|00|Initial log entry. Current logging level 3
000008.182|key  |*|00|Initial log entry. Current logging level 4
000008.221|so   |3|00|Platform: Model=VVX 410, Assembly=3111-46162-001 Rev=A Region=0
000008.221|so   |3|00|Platform: Board=3111-46162-001 2 0
000008.222|so   |3|00|Platform: MAC=0004f28394ec
000008.223|so   |3|00|Platform: BootBlock=3.0.4.0146 (46162-001) 10-Jan-13 20:21
000008.224|so   |*|00|Platform: BootL1=1.0.0.0041 (46162-001) 10-Jan-13 20:16
000008.224|so   |3|00|Application, main: Label=Updater, Version=Peridot 5.1.4.0844 20-Mar-13 14:16
000008.224|so   |3|00|Application, main: P/N=3150-11069-514
000008.224|so   |5|00|Platform: Both images are incorrect, will use Primary Image.
000008.224|log  |*|00|Install file upload callback for 'Updater'

000008.225|app1 |*|00|Initial log entry. Current logging level 3
000008.268|cfg  |*|00|Initial log entry. Current logging level 2
000009.181|so   |3|00|Link status is Net up Speed 1000 full Duplex, PC down.
000008.224|so   |*|00|---------- Initial log entry ----------
000008.224|so   |*|00|+++ Note that Updater log times are in GMT +++
000008.224|boot |*|00|Initial log entry. Current logging level 3
000008.225|copy |*|00|Initial log entry. Current logging level 3
000008.225|utilm|*|00|Initial log entry. Current logging level 4
000008.225|hw   |*|00|Initial log entry. Current logging level 4
000008.225|ethf |*|00|Initial log entry. Current logging level 4
000008.225|dns  |*|00|Initial log entry. Current logging level 3
000008.225|curl |*|00|Initial log entry. Current logging level 3
000008.225|sec  |*|00|Initial log entry. Current logging level 4
000008.243|wdog |*|00|Initial log entry. Current logging level 4
000008.244|lldp |*|00|Initial log entry. Current logging level 3
000008.244|cdp  |*|00|Initial log entry. Current logging level 3
000008.244|key  |*|00|Initial log entry. Current logging level 4
000008.281|so   |3|00|Platform: Model=VVX 410, Assembly=3111-46162-001 Rev=A Region=0
000008.282|so   |3|00|Platform: Board=3111-46162-001 2 0
000008.282|so   |3|00|Platform: MAC=0004f28394ec
000008.283|so   |3|00|Platform: BootBlock=3.0.4.0146 (46162-001) 10-Jan-13 20:21
000008.284|so   |*|00|Platform: BootL1=1.0.0.0041 (46162-001) 10-Jan-13 20:16
000008.284|so   |3|00|Application, main: Label=Updater, Version=Peridot 5.1.4.0844 20-Mar-13 14:16
000008.284|so   |3|00|Application, main: P/N=3150-11069-514
000008.284|so   |5|00|Platform: Both images are incorrect, will use Primary Image.
000008.284|log  |*|00|Install file upload callback for 'Updater'

000008.285|app1 |*|00|Initial log entry. Current logging level 3
000008.328|cfg  |*|00|Initial log entry. Current logging level 2
000009.242|so   |3|00|Link status is Net up Speed 1000 full Duplex, PC down.
000008.157|so   |*|00|---------- Initial log entry ----------
000008.158|so   |*|00|+++ Note that Updater log times are in GMT +++
000008.158|boot |*|00|Initial log entry. Current logging level 3
000008.158|copy |*|00|Initial log entry. Current logging level 3
000008.158|utilm|*|00|Initial log entry. Current logging level 4
000008.158|hw   |*|00|Initial log entry. Current logging level 4
000008.158|ethf |*|00|Initial log entry. Current logging level 4
000008.158|dns  |*|00|Initial log entry. Current logging level 3
000008.158|curl |*|00|Initial log entry. Current logging level 3
000008.158|sec  |*|00|Initial log entry. Current logging level 4
000008.176|wdog |*|00|Initial log entry. Current logging level 4
000008.177|lldp |*|00|Initial log entry. Current logging level 3
000008.177|cdp  |*|00|Initial log entry. Current logging level 3
000008.177|key  |*|00|Initial log entry. Current logging level 4
000008.201|so   |3|00|Platform: Model=VVX 410, Assembly=3111-46162-001 Rev=A Region=0
000008.201|so   |3|00|Platform: Board=3111-46162-001 2 0
000008.202|so   |3|00|Platform: MAC=0004f28394ec
000008.203|so   |3|00|Platform: BootBlock=3.0.4.0146 (46162-001) 10-Jan-13 20:21
000008.204|so   |*|00|Platform: BootL1=1.0.0.0041 (46162-001) 10-Jan-13 20:16
000008.204|so   |3|00|Application, main: Label=Updater, Version=Peridot 5.1.4.0844 20-Mar-13 14:16
000008.204|so   |3|00|Application, main: P/N=3150-11069-514
000008.204|so   |5|00|Platform: Both images are incorrect, will use Primary Image.
000008.204|log  |*|00|Install file upload callback for 'Updater'

000008.205|app1 |*|00|Initial log entry. Current logging level 3
000008.249|cfg  |*|00|Initial log entry. Current logging level 2
000009.174|so   |3|00|Link status is Net up Speed 1000 full Duplex, PC down.
000008.182|so   |*|00|---------- Initial log entry ----------
000008.182|so   |*|00|+++ Note that Updater log times are in GMT +++
000008.182|boot |*|00|Initial log entry. Current logging level 3
000008.182|copy |*|00|Initial log entry. Current logging level 3
000008.182|utilm|*|00|Initial log entry. Current logging level 4
000008.183|hw   |*|00|Initial log entry. Current logging level 4
000008.183|ethf |*|00|Initial log entry. Current logging level 4
000008.183|dns  |*|00|Initial log entry. Current logging level 3
000008.183|curl |*|00|Initial log entry. Current logging level 3
000008.183|sec  |*|00|Initial log entry. Current logging level 4
000008.201|wdog |*|00|Initial log entry. Current logging level 4
000008.202|lldp |*|00|Initial log entry. Current logging level 3
000008.202|cdp  |*|00|Initial log entry. Current logging level 3
000008.202|key  |*|00|Initial log entry. Current logging level 4
000008.241|so   |3|00|Platform: Model=VVX 410, Assembly=3111-46162-001 Rev=A Region=0
000008.241|so   |3|00|Platform: Board=3111-46162-001 2 0
000008.242|so   |3|00|Platform: MAC=0004f28394ec
000008.243|so   |3|00|Platform: BootBlock=3.0.4.0146 (46162-001) 10-Jan-13 20:21
000008.244|so   |*|00|Platform: BootL1=1.0.0.0041 (46162-001) 10-Jan-13 20:16
000008.244|so   |3|00|Application, main: Label=Updater, Version=Peridot 5.1.4.0844 20-Mar-13 14:16
000008.244|so   |3|00|Application, main: P/N=3150-11069-514
000008.244|so   |5|00|Platform: Both images are incorrect, will use Primary Image.
000008.244|log  |*|00|Install file upload callback for 'Updater'

000008.245|app1 |*|00|Initial log entry. Current logging level 3
000008.288|cfg  |*|00|Initial log entry. Current logging level 2
000009.199|so   |3|00|Link status is Net up Speed 1000 full Duplex, PC down.
000008.270|so   |*|00|---------- Initial log entry ----------
000008.270|so   |*|00|+++ Note that Updater log times are in GMT +++
000008.270|boot |*|00|Initial log entry. Current logging level 3
000008.270|copy |*|00|Initial log entry. Current logging level 3
000008.270|utilm|*|00|Initial log entry. Current logging level 4
000008.270|hw   |*|00|Initial log entry. Current logging level 4
000008.270|ethf |*|00|Initial log entry. Current logging level 4
000008.270|dns  |*|00|Initial log entry. Current logging level 3
000008.271|curl |*|00|Initial log entry. Current logging level 3
000008.271|sec  |*|00|Initial log entry. Current logging level 4
000008.289|wdog |*|00|Initial log entry. Current logging level 4
000008.289|lldp |*|00|Initial log entry. Current logging level 3
000008.290|cdp  |*|00|Initial log entry. Current logging level 3
000008.290|key  |*|00|Initial log entry. Current logging level 4
000008.331|so   |3|00|Platform: Model=VVX 410, Assembly=3111-46162-001 Rev=A Region=0
000008.331|so   |3|00|Platform: Board=3111-46162-001 2 0
000008.332|so   |3|00|Platform: MAC=0004f28394ec
000008.333|so   |3|00|Platform: BootBlock=3.0.4.0146 (46162-001) 10-Jan-13 20:21
000008.334|so   |*|00|Platform: BootL1=1.0.0.0041 (46162-001) 10-Jan-13 20:16
000008.334|so   |3|00|Application, main: Label=Updater, Version=Peridot 5.1.4.0844 20-Mar-13 14:16
000008.334|so   |3|00|Application, main: P/N=3150-11069-514
000008.334|so   |5|00|Platform: Both images are incorrect, will use Primary Image.
000008.334|log  |*|00|Install file upload callback for 'Updater'

000008.335|app1 |*|00|Initial log entry. Current logging level 3
000008.378|cfg  |*|00|Initial log entry. Current logging level 2
000009.288|so   |3|00|Link status is Net up Speed 1000 full Duplex, PC down.
000008.263|so   |*|00|---------- Initial log entry ----------
000008.263|so   |*|00|+++ Note that Updater log times are in GMT +++
000008.263|boot |*|00|Initial log entry. Current logging level 3
000008.264|copy |*|00|Initial log entry. Current logging level 3
000008.264|utilm|*|00|Initial log entry. Current logging level 4
000008.264|hw   |*|00|Initial log entry. Current logging level 4
000008.264|ethf |*|00|Initial log entry. Current logging level 4
000008.264|dns  |*|00|Initial log entry. Current logging level 3
000008.264|curl |*|00|Initial log entry. Current logging level 3
000008.264|sec  |*|00|Initial log entry. Current logging level 4
000008.282|wdog |*|00|Initial log entry. Current logging level 4
000008.283|lldp |*|00|Initial log entry. Current logging level 3
000008.283|cdp  |*|00|Initial log entry. Current logging level 3
000008.283|key  |*|00|Initial log entry. Current logging level 4
000008.321|so   |3|00|Platform: Model=VVX 410, Assembly=3111-46162-001 Rev=A Region=0
000008.322|so   |3|00|Platform: Board=3111-46162-001 2 0
000008.322|so   |3|00|Platform: MAC=0004f28394ec
000008.323|so   |3|00|Platform: BootBlock=3.0.4.0146 (46162-001) 10-Jan-13 20:21
000008.324|so   |*|00|Platform: BootL1=1.0.0.0041 (46162-001) 10-Jan-13 20:16
000008.324|so   |3|00|Application, main: Label=Updater, Version=Peridot 5.1.4.0844 20-Mar-13 14:16
000008.324|so   |3|00|Application, main: P/N=3150-11069-514
000008.324|so   |5|00|Platform: Both images are incorrect, will use Primary Image.
000008.324|log  |*|00|Install file upload callback for 'Updater'

000008.325|app1 |*|00|Initial log entry. Current logging level 3
000008.368|cfg  |*|00|Initial log entry. Current logging level 2
000009.281|so   |3|00|Link status is Net up Speed 1000 full Duplex, PC down.
000008.203|so   |*|00|---------- Initial log entry ----------
000008.203|so   |*|00|+++ Note that Updater log times are in GMT +++
000008.203|boot |*|00|Initial log entry. Current logging level 3
000008.203|copy |*|00|Initial log entry. Current logging level 3
000008.203|utilm|*|00|Initial log entry. Current logging level 4
000008.203|hw   |*|00|Initial log entry. Current logging level 4
000008.203|ethf |*|00|Initial log entry. Current logging level 4
000008.203|dns  |*|00|Initial log entry. Current logging level 3
000008.204|curl |*|00|Initial log entry. Current logging level 3
000008.204|sec  |*|00|Initial log entry. Current logging level 4
000008.222|wdog |*|00|Initial log entry. Current logging level 4
000008.222|lldp |*|00|Initial log entry. Current logging level 3
000008.222|cdp  |*|00|Initial log entry. Current logging level 3
000008.222|key  |*|00|Initial log entry. Current logging level 4
000008.261|so   |3|00|Platform: Model=VVX 410, Assembly=3111-46162-001 Rev=A Region=0
000008.261|so   |3|00|Platform: Board=3111-46162-001 2 0
000008.262|so   |3|00|Platform: MAC=0004f28394ec
000008.263|so   |3|00|Platform: BootBlock=3.0.4.0146 (46162-001) 10-Jan-13 20:21
000008.264|so   |*|00|Platform: BootL1=1.0.0.0041 (46162-001) 10-Jan-13 20:16
000008.264|so   |3|00|Application, main: Label=Updater, Version=Peridot 5.1.4.0844 20-Mar-13 14:16
000008.264|so   |3|00|Application, main: P/N=3150-11069-514
000008.264|so   |5|00|Platform: Both images are incorrect, will use Primary Image.
000008.264|log  |*|00|Install file upload callback for 'Updater'

000008.265|app1 |*|00|Initial log entry. Current logging level 3
000008.308|cfg  |*|00|Initial log entry. Current logging level 2
000009.220|so   |3|00|Link status is Net up Speed 1000 full Duplex, PC down.
000008.619|so   |*|00|---------- Initial log entry ----------
000008.619|so   |*|00|+++ Note that Updater log times are in GMT +++
000008.619|boot |*|00|Initial log entry. Current logging level 3
000008.620|copy |*|00|Initial log entry. Current logging level 3
000008.620|utilm|*|00|Initial log entry. Current logging level 4
000008.620|hw   |*|00|Initial log entry. Current logging level 4
000008.620|ethf |*|00|Initial log entry. Current logging level 4
000008.620|dns  |*|00|Initial log entry. Current logging level 3
000008.620|curl |*|00|Initial log entry. Current logging level 3
000008.620|sec  |*|00|Initial log entry. Current logging level 4
000008.639|wdog |*|00|Initial log entry. Current logging level 4
000008.639|lldp |*|00|Initial log entry. Current logging level 3
000008.639|cdp  |*|00|Initial log entry. Current logging level 3
000008.639|key  |*|00|Initial log entry. Current logging level 4
000008.681|so   |3|00|Platform: Model=VVX 410, Assembly=3111-46162-001 Rev=A Region=0
000008.681|so   |3|00|Platform: Board=3111-46162-001 2 0
000008.682|so   |3|00|Platform: MAC=0004f28394ec
000008.683|so   |3|00|Platform: BootBlock=3.0.4.0146 (46162-001) 10-Jan-13 20:21
000008.684|so   |*|00|Platform: BootL1=1.0.0.0041 (46162-001) 10-Jan-13 20:16
000008.684|so   |3|00|Application, main: Label=Updater, Version=Peridot 5.1.4.0844 20-Mar-13 14:16
000008.684|so   |3|00|Application, main: P/N=3150-11069-514
000008.684|so   |5|00|Platform: Both images are incorrect, will use Primary Image.
000008.684|log  |*|00|Install file upload callback for 'Updater'

000008.685|app1 |*|00|Initial log entry. Current logging level 3
000008.729|cfg  |*|00|Initial log entry. Current logging level 2
000009.638|so   |3|00|Link status is Net up Speed 1000 full Duplex, PC down.
000008.373|so   |*|00|---------- Initial log entry ----------
000008.373|so   |*|00|+++ Note that Updater log times are in GMT +++
000008.374|boot |*|00|Initial log entry. Current logging level 3
000008.374|copy |*|00|Initial log entry. Current logging level 3
000008.374|utilm|*|00|Initial log entry. Current logging level 4
000008.374|hw   |*|00|Initial log entry. Current logging level 4
000008.374|ethf |*|00|Initial log entry. Current logging level 4
000008.374|dns  |*|00|Initial log entry. Current logging level 3
000008.374|curl |*|00|Initial log entry. Current logging level 3
000008.374|sec  |*|00|Initial log entry. Current logging level 4
000008.393|wdog |*|00|Initial log entry. Current logging level 4
000008.394|lldp |*|00|Initial log entry. Current logging level 3
000008.394|cdp  |*|00|Initial log entry. Current logging level 3
000008.394|key  |*|00|Initial log entry. Current logging level 4
000008.431|so   |3|00|Platform: Model=VVX 410, Assembly=3111-46162-001 Rev=A Region=0
000008.431|so   |3|00|Platform: Board=3111-46162-001 2 0
000008.432|so   |3|00|Platform: MAC=0004f28394ec
000008.433|so   |3|00|Platform: BootBlock=3.0.4.0146 (46162-001) 10-Jan-13 20:21
000008.434|so   |*|00|Platform: BootL1=1.0.0.0041 (46162-001) 10-Jan-13 20:16
000008.434|so   |3|00|Application, main: Label=Updater, Version=Peridot 5.1.4.0844 20-Mar-13 14:16
000008.434|so   |3|00|Application, main: P/N=3150-11069-514
000008.434|so   |5|00|Platform: Both images are incorrect, will use Primary Image.
000008.434|log  |*|00|Install file upload callback for 'Updater'

000008.435|app1 |*|00|Initial log entry. Current logging level 3
000008.478|cfg  |*|00|Initial log entry. Current logging level 2
000009.390|so   |3|00|Link status is Net up Speed 1000 full Duplex, PC down.
000008.375|so   |*|00|---------- Initial log entry ----------
000008.375|so   |*|00|+++ Note that Updater log times are in GMT +++
000008.375|boot |*|00|Initial log entry. Current logging level 3
000008.375|copy |*|00|Initial log entry. Current logging level 3
000008.376|utilm|*|00|Initial log entry. Current logging level 4
000008.376|hw   |*|00|Initial log entry. Current logging level 4
000008.376|ethf |*|00|Initial log entry. Current logging level 4
000008.376|dns  |*|00|Initial log entry. Current logging level 3
000008.376|curl |*|00|Initial log entry. Current logging level 3
000008.376|sec  |*|00|Initial log entry. Current logging level 4
000008.395|wdog |*|00|Initial log entry. Current logging level 4
000008.395|lldp |*|00|Initial log entry. Current logging level 3
000008.395|cdp  |*|00|Initial log entry. Current logging level 3
000008.395|key  |*|00|Initial log entry. Current logging level 4
000008.421|so   |3|00|Platform: Model=VVX 410, Assembly=3111-46162-001 Rev=A Region=0
000008.422|so   |3|00|Platform: Board=3111-46162-001 2 0
000008.422|so   |3|00|Platform: MAC=0004f28394ec
000008.423|so   |3|00|Platform: BootBlock=3.0.4.0146 (46162-001) 10-Jan-13 20:21
000008.424|so   |*|00|Platform: BootL1=1.0.0.0041 (46162-001) 10-Jan-13 20:16
000008.424|so   |3|00|Application, main: Label=Updater, Version=Peridot 5.1.4.0844 20-Mar-13 14:16
000008.424|so   |3|00|Application, main: P/N=3150-11069-514
000008.424|so   |5|00|Platform: Both images are incorrect, will use Primary Image.
000008.424|log  |*|00|Install file upload callback for 'Updater'

000008.425|app1 |*|00|Initial log entry. Current logging level 3
000008.468|cfg  |*|00|Initial log entry. Current logging level 2
000009.393|so   |3|00|Link status is Net up Speed 1000 full Duplex, PC down.
000008.484|so   |*|00|---------- Initial log entry ----------
000008.485|so   |*|00|+++ Note that Updater log times are in GMT +++
000008.485|boot |*|00|Initial log entry. Current logging level 3
000008.485|copy |*|00|Initial log entry. Current logging level 3
000008.485|utilm|*|00|Initial log entry. Current logging level 4
000008.485|hw   |*|00|Initial log entry. Current logging level 4
000008.485|ethf |*|00|Initial log entry. Current logging level 4
000008.486|dns  |*|00|Initial log entry. Current logging level 3
000008.486|curl |*|00|Initial log entry. Current logging level 3
000008.486|sec  |*|00|Initial log entry. Current logging level 4
000008.504|wdog |*|00|Initial log entry. Current logging level 4
000008.505|lldp |*|00|Initial log entry. Current logging level 3
000008.505|cdp  |*|00|Initial log entry. Current logging level 3
000008.505|key  |*|00|Initial log entry. Current logging level 4
000008.541|so   |3|00|Platform: Model=VVX 410, Assembly=3111-46162-001 Rev=A Region=0
000008.541|so   |3|00|Platform: Board=3111-46162-001 2 0
000008.542|so   |3|00|Platform: MAC=0004f28394ec
000008.543|so   |3|00|Platform: BootBlock=3.0.4.0146 (46162-001) 10-Jan-13 20:21
000008.544|so   |*|00|Platform: BootL1=1.0.0.0041 (46162-001) 10-Jan-13 20:16
000008.544|so   |3|00|Application, main: Label=Updater, Version=Peridot 5.1.4.0844 20-Mar-13 14:16
000008.544|so   |3|00|Application, main: P/N=3150-11069-514
000008.544|so   |5|00|Platform: Both images are incorrect, will use Primary Image.
000008.544|log  |*|00|Install file upload callback for 'Updater'

000008.545|app1 |*|00|Initial log entry. Current logging level 3
000008.588|cfg  |*|00|Initial log entry. Current logging level 2
000009.503|so   |3|00|Link status is Net up Speed 1000 full Duplex, PC down.
000009.886|so   |*|00|---------- Initial log entry ----------
000009.886|so   |*|00|+++ Note that Updater log times are in GMT +++
000009.886|boot |*|00|Initial log entry. Current logging level 3
000009.887|copy |*|00|Initial log entry. Current logging level 3
000009.887|utilm|*|00|Initial log entry. Current logging level 4
000009.887|hw   |*|00|Initial log entry. Current logging level 4
000009.887|ethf |*|00|Initial log entry. Current logging level 4
000009.887|dns  |*|00|Initial log entry. Current logging level 3
000009.887|curl |*|00|Initial log entry. Current logging level 3
000009.887|sec  |*|00|Initial log entry. Current logging level 4
000009.906|wdog |*|00|Initial log entry. Current logging level 4
000009.907|lldp |*|00|Initial log entry. Current logging level 3
000009.907|cdp  |*|00|Initial log entry. Current logging level 3
000009.907|key  |*|00|Initial log entry. Current logging level 4
000009.931|so   |3|00|Platform: Model=VVX 410, Assembly=3111-46162-001 Rev=A Region=0
000009.931|so   |3|00|Platform: Board=3111-46162-001 2 0
000009.932|so   |3|00|Platform: MAC=0004f28394ec
000009.933|so   |3|00|Platform: BootBlock=3.0.4.0146 (46162-001) 10-Jan-13 20:21
000009.934|so   |*|00|Platform: BootL1=1.0.0.0041 (46162-001) 10-Jan-13 20:16
000009.934|so   |3|00|Application, main: Label=Updater, Version=Peridot 5.1.4.0844 20-Mar-13 14:16
000009.934|so   |3|00|Application, main: P/N=3150-11069-514
000009.934|so   |5|00|Platform: Both images are incorrect, will use Primary Image.
000009.934|log  |*|00|Install file upload callback for 'Updater'

000009.935|app1 |*|00|Initial log entry. Current logging level 3
000009.978|cfg  |*|00|Initial log entry. Current logging level 2
000010.903|so   |3|00|Link status is Net up Speed 1000 full Duplex, PC down.
000008.226|so   |*|00|---------- Initial log entry ----------
000008.226|so   |*|00|+++ Note that Updater log times are in GMT +++
000008.227|boot |*|00|Initial log entry. Current logging level 3
000008.227|copy |*|00|Initial log entry. Current logging level 3
000008.227|utilm|*|00|Initial log entry. Current logging level 4
000008.227|hw   |*|00|Initial log entry. Current logging level 4
000008.227|ethf |*|00|Initial log entry. Current logging level 4
000008.227|dns  |*|00|Initial log entry. Current logging level 3
000008.227|curl |*|00|Initial log entry. Current logging level 3
000008.227|sec  |*|00|Initial log entry. Current logging level 4
000008.246|wdog |*|00|Initial log entry. Current logging level 4
000008.247|lldp |*|00|Initial log entry. Current logging level 3
000008.247|cdp  |*|00|Initial log entry. Current logging level 3
000008.247|key  |*|00|Initial log entry. Current logging level 4
000008.271|so   |3|00|Platform: Model=VVX 410, Assembly=3111-46162-001 Rev=A Region=0
000008.271|so   |3|00|Platform: Board=3111-46162-001 2 0
000008.272|so   |3|00|Platform: MAC=0004f28394ec
000008.273|so   |3|00|Platform: BootBlock=3.0.4.0146 (46162-001) 10-Jan-13 20:21
000008.274|so   |*|00|Platform: BootL1=1.0.0.0041 (46162-001) 10-Jan-13 20:16
000008.274|so   |3|00|Application, main: Label=Updater, Version=Peridot 5.1.4.0844 20-Mar-13 14:16
000008.274|so   |3|00|Application, main: P/N=3150-11069-514
000008.274|so   |5|00|Platform: Both images are incorrect, will use Primary Image.
000008.274|log  |*|00|Install file upload callback for 'Updater'

000008.275|app1 |*|00|Initial log entry. Current logging level 3
000008.318|cfg  |*|00|Initial log entry. Current logging level 2
000009.243|so   |3|00|Link status is Net up Speed 1000 full Duplex, PC down.
000008.193|so   |*|00|---------- Initial log entry ----------
000008.193|so   |*|00|+++ Note that Updater log times are in GMT +++
000008.193|boot |*|00|Initial log entry. Current logging level 3
000008.193|copy |*|00|Initial log entry. Current logging level 3
000008.193|utilm|*|00|Initial log entry. Current logging level 4
000008.193|hw   |*|00|Initial log entry. Current logging level 4
000008.193|ethf |*|00|Initial log entry. Current logging level 4
000008.193|dns  |*|00|Initial log entry. Current logging level 3
000008.194|curl |*|00|Initial log entry. Current logging level 3
000008.194|sec  |*|00|Initial log entry. Current logging level 4
000008.213|wdog |*|00|Initial log entry. Current logging level 4
000008.213|lldp |*|00|Initial log entry. Current logging level 3
000008.213|cdp  |*|00|Initial log entry. Current logging level 3
000008.213|key  |*|00|Initial log entry. Current logging level 4
000008.251|so   |3|00|Platform: Model=VVX 410, Assembly=3111-46162-001 Rev=A Region=0
000008.251|so   |3|00|Platform: Board=3111-46162-001 2 0
000008.252|so   |3|00|Platform: MAC=0004f28394ec
000008.253|so   |3|00|Platform: BootBlock=3.0.4.0146 (46162-001) 10-Jan-13 20:21
000008.254|so   |*|00|Platform: BootL1=1.0.0.0041 (46162-001) 10-Jan-13 20:16
000008.254|so   |3|00|Application, main: Label=Updater, Version=Peridot 5.1.4.0844 20-Mar-13 14:16
000008.254|so   |3|00|Application, main: P/N=3150-11069-514
000008.254|so   |5|00|Platform: Both images are incorrect, will use Primary Image.
000008.254|log  |*|00|Install file upload callback for 'Updater'

000008.255|app1 |*|00|Initial log entry. Current logging level 3
000008.298|cfg  |*|00|Initial log entry. Current logging level 2
000009.209|so   |3|00|Link status is Net up Speed 1000 full Duplex, PC down.
000008.298|so   |*|00|---------- Initial log entry ----------
000008.298|so   |*|00|+++ Note that Updater log times are in GMT +++
000008.298|boot |*|00|Initial log entry. Current logging level 3
000008.298|copy |*|00|Initial log entry. Current logging level 3
000008.299|utilm|*|00|Initial log entry. Current logging level 4
000008.299|hw   |*|00|Initial log entry. Current logging level 4
000008.299|ethf |*|00|Initial log entry. Current logging level 4
000008.299|dns  |*|00|Initial log entry. Current logging level 3
000008.299|curl |*|00|Initial log entry. Current logging level 3
000008.299|sec  |*|00|Initial log entry. Current logging level 4
000008.318|wdog |*|00|Initial log entry. Current logging level 4
000008.318|lldp |*|00|Initial log entry. Current logging level 3
000008.318|cdp  |*|00|Initial log entry. Current logging level 3
000008.318|key  |*|00|Initial log entry. Current logging level 4
000008.341|so   |3|00|Platform: Model=VVX 410, Assembly=3111-46162-001 Rev=A Region=0
000008.341|so   |3|00|Platform: Board=3111-46162-001 2 0
000008.342|so   |3|00|Platform: MAC=0004f28394ec
000008.343|so   |3|00|Platform: BootBlock=3.0.4.0146 (46162-001) 10-Jan-13 20:21
000008.344|so   |*|00|Platform: BootL1=1.0.0.0041 (46162-001) 10-Jan-13 20:16
000008.344|so   |3|00|Application, main: Label=Updater, Version=Peridot 5.1.4.0844 20-Mar-13 14:16
000008.344|so   |3|00|Application, main: P/N=3150-11069-514
000008.344|so   |5|00|Platform: Both images are incorrect, will use Primary Image.
000008.344|log  |*|00|Install file upload callback for 'Updater'

000008.345|app1 |*|00|Initial log entry. Current logging level 3
000008.388|cfg  |*|00|Initial log entry. Current logging level 2
000009.315|so   |3|00|Link status is Net up Speed 1000 full Duplex, PC down.
000008.195|so   |*|00|---------- Initial log entry ----------
000008.195|so   |*|00|+++ Note that Updater log times are in GMT +++
000008.195|boot |*|00|Initial log entry. Current logging level 3
000008.195|copy |*|00|Initial log entry. Current logging level 3
000008.195|utilm|*|00|Initial log entry. Current logging level 4
000008.196|hw   |*|00|Initial log entry. Current logging level 4
000008.196|ethf |*|00|Initial log entry. Current logging level 4
000008.196|dns  |*|00|Initial log entry. Current logging level 3
000008.196|curl |*|00|Initial log entry. Current logging level 3
000008.196|sec  |*|00|Initial log entry. Current logging level 4
000008.215|wdog |*|00|Initial log entry. Current logging level 4
000008.215|lldp |*|00|Initial log entry. Current logging level 3
000008.215|cdp  |*|00|Initial log entry. Current logging level 3
000008.215|key  |*|00|Initial log entry. Current logging level 4
000008.251|so   |3|00|Platform: Model=VVX 410, Assembly=3111-46162-001 Rev=A Region=0
000008.252|so   |3|00|Platform: Board=3111-46162-001 2 0
000008.252|so   |3|00|Platform: MAC=0004f28394ec
000008.253|so   |3|00|Platform: BootBlock=3.0.4.0146 (46162-001) 10-Jan-13 20:21
000008.254|so   |*|00|Platform: BootL1=1.0.0.0041 (46162-001) 10-Jan-13 20:16
000008.254|so   |3|00|Application, main: Label=Updater, Version=Peridot 5.1.4.0844 20-Mar-13 14:16
000008.254|so   |3|00|Application, main: P/N=3150-11069-514
000008.254|so   |5|00|Platform: Both images are incorrect, will use Primary Image.
000008.254|log  |*|00|Install file upload callback for 'Updater'

000008.255|app1 |*|00|Initial log entry. Current logging level 3
000008.298|cfg  |*|00|Initial log entry. Current logging level 2
000009.212|so   |3|00|Link status is Net up Speed 1000 full Duplex, PC down.
000008.243|so   |*|00|---------- Initial log entry ----------
000008.243|so   |*|00|+++ Note that Updater log times are in GMT +++
000008.243|boot |*|00|Initial log entry. Current logging level 3
000008.244|copy |*|00|Initial log entry. Current logging level 3
000008.244|utilm|*|00|Initial log entry. Current logging level 4
000008.244|hw   |*|00|Initial log entry. Current logging level 4
000008.244|ethf |*|00|Initial log entry. Current logging level 4
000008.244|dns  |*|00|Initial log entry. Current logging level 3
000008.244|curl |*|00|Initial log entry. Current logging level 3
000008.244|sec  |*|00|Initial log entry. Current logging level 4
000008.263|wdog |*|00|Initial log entry. Current logging level 4
000008.263|lldp |*|00|Initial log entry. Current logging level 3
000008.263|cdp  |*|00|Initial log entry. Current logging level 3
000008.264|key  |*|00|Initial log entry. Current logging level 4
000008.301|so   |3|00|Platform: Model=VVX 410, Assembly=3111-46162-001 Rev=A Region=0
000008.302|so   |3|00|Platform: Board=3111-46162-001 2 0
000008.302|so   |3|00|Platform: MAC=0004f28394ec
000008.303|so   |3|00|Platform: BootBlock=3.0.4.0146 (46162-001) 10-Jan-13 20:21
000008.304|so   |*|00|Platform: BootL1=1.0.0.0041 (46162-001) 10-Jan-13 20:16
000008.304|so   |3|00|Application, main: Label=Updater, Version=Peridot 5.1.4.0844 20-Mar-13 14:16
000008.304|so   |3|00|Application, main: P/N=3150-11069-514
000008.304|so   |5|00|Platform: Both images are incorrect, will use Primary Image.
000008.304|log  |*|00|Install file upload callback for 'Updater'

000008.305|app1 |*|00|Initial log entry. Current logging level 3
000008.348|cfg  |*|00|Initial log entry. Current logging level 2
000009.262|so   |3|00|Link status is Net up Speed 1000 full Duplex, PC down.
000008.238|so   |*|00|---------- Initial log entry ----------
000008.239|so   |*|00|+++ Note that Updater log times are in GMT +++
000008.239|boot |*|00|Initial log entry. Current logging level 3
000008.239|copy |*|00|Initial log entry. Current logging level 3
000008.239|utilm|*|00|Initial log entry. Current logging level 4
000008.239|hw   |*|00|Initial log entry. Current logging level 4
000008.239|ethf |*|00|Initial log entry. Current logging level 4
000008.239|dns  |*|00|Initial log entry. Current logging level 3
000008.239|curl |*|00|Initial log entry. Current logging level 3
000008.239|sec  |*|00|Initial log entry. Current logging level 4
000008.258|wdog |*|00|Initial log entry. Current logging level 4
000008.259|lldp |*|00|Initial log entry. Current logging level 3
000008.259|cdp  |*|00|Initial log entry. Current logging level 3
000008.259|key  |*|00|Initial log entry. Current logging level 4
000008.281|so   |3|00|Platform: Model=VVX 410, Assembly=3111-46162-001 Rev=A Region=0
000008.281|so   |3|00|Platform: Board=3111-46162-001 2 0
000008.282|so   |3|00|Platform: MAC=0004f28394ec
000008.283|so   |3|00|Platform: BootBlock=3.0.4.0146 (46162-001) 10-Jan-13 20:21
000008.284|so   |*|00|Platform: BootL1=1.0.0.0041 (46162-001) 10-Jan-13 20:16
000008.284|so   |3|00|Application, main: Label=Updater, Version=Peridot 5.1.4.0844 20-Mar-13 14:16
000008.284|so   |3|00|Application, main: P/N=3150-11069-514
000008.284|so   |5|00|Platform: Both images are incorrect, will use Primary Image.
000008.284|log  |*|00|Install file upload callback for 'Updater'

000008.285|app1 |*|00|Initial log entry. Current logging level 3
000008.328|cfg  |*|00|Initial log entry. Current logging level 2
000009.257|so   |3|00|Link status is Net up Speed 1000 full Duplex, PC down.
000008.597|so   |*|00|---------- Initial log entry ----------
000008.597|so   |*|00|+++ Note that Updater log times are in GMT +++
000008.597|boot |*|00|Initial log entry. Current logging level 3
000008.598|copy |*|00|Initial log entry. Current logging level 3
000008.598|utilm|*|00|Initial log entry. Current logging level 4
000008.598|hw   |*|00|Initial log entry. Current logging level 4
000008.598|ethf |*|00|Initial log entry. Current logging level 4
000008.598|dns  |*|00|Initial log entry. Current logging level 3
000008.598|curl |*|00|Initial log entry. Current logging level 3
000008.598|sec  |*|00|Initial log entry. Current logging level 4
000008.617|wdog |*|00|Initial log entry. Current logging level 4
000008.618|lldp |*|00|Initial log entry. Current logging level 3
000008.618|cdp  |*|00|Initial log entry. Current logging level 3
000008.618|key  |*|00|Initial log entry. Current logging level 4
000008.641|so   |3|00|Platform: Model=VVX 410, Assembly=3111-46162-001 Rev=A Region=0
000008.641|so   |3|00|Platform: Board=3111-46162-001 2 0
000008.642|so   |3|00|Platform: MAC=0004f28394ec
000008.643|so   |3|00|Platform: BootBlock=3.0.4.0146 (46162-001) 10-Jan-13 20:21
000008.644|so   |*|00|Platform: BootL1=1.0.0.0041 (46162-001) 10-Jan-13 20:16
000008.644|so   |3|00|Application, main: Label=Updater, Version=Peridot 5.1.4.0844 20-Mar-13 14:16
000008.644|so   |3|00|Application, main: P/N=3150-11069-514
000008.644|so   |5|00|Platform: Both images are incorrect, will use Primary Image.
000008.644|log  |*|00|Install file upload callback for 'Updater'

000008.645|app1 |*|00|Initial log entry. Current logging level 3
000008.688|cfg  |*|00|Initial log entry. Current logging level 2
000009.616|so   |3|00|Link status is Net up Speed 1000 full Duplex, PC down.
000008.204|so   |*|00|---------- Initial log entry ----------
000008.204|so   |*|00|+++ Note that Updater log times are in GMT +++
000008.204|boot |*|00|Initial log entry. Current logging level 3
000008.204|copy |*|00|Initial log entry. Current logging level 3
000008.204|utilm|*|00|Initial log entry. Current logging level 4
000008.204|hw   |*|00|Initial log entry. Current logging level 4
000008.204|ethf |*|00|Initial log entry. Current logging level 4
000008.204|dns  |*|00|Initial log entry. Current logging level 3
000008.205|curl |*|00|Initial log entry. Current logging level 3
000008.205|sec  |*|00|Initial log entry. Current logging level 4
000008.224|wdog |*|00|Initial log entry. Current logging level 4
000008.224|lldp |*|00|Initial log entry. Current logging level 3
000008.224|cdp  |*|00|Initial log entry. Current logging level 3
000008.224|key  |*|00|Initial log entry. Current logging level 4
000008.261|so   |3|00|Platform: Model=VVX 410, Assembly=3111-46162-001 Rev=A Region=0
000008.261|so   |3|00|Platform: Board=3111-46162-001 2 0
000008.262|so   |3|00|Platform: MAC=0004f28394ec
000008.263|so   |3|00|Platform: BootBlock=3.0.4.0146 (46162-001) 10-Jan-13 20:21
000008.264|so   |*|00|Platform: BootL1=1.0.0.0041 (46162-001) 10-Jan-13 20:16
000008.264|so   |3|00|Application, main: Label=Updater, Version=Peridot 5.1.4.0844 20-Mar-13 14:16
000008.264|so   |3|00|Application, main: P/N=3150-11069-514
000008.264|so   |5|00|Platform: Both images are incorrect, will use Primary Image.
000008.264|log  |*|00|Install file upload callback for 'Updater'

000008.265|app1 |*|00|Initial log entry. Current logging level 3
000008.308|cfg  |*|00|Initial log entry. Current logging level 2
000009.220|so   |3|00|Link status is Net up Speed 1000 full Duplex, PC down.
000008.496|so   |*|00|---------- Initial log entry ----------
000008.496|so   |*|00|+++ Note that Updater log times are in GMT +++
000008.497|boot |*|00|Initial log entry. Current logging level 3
000008.497|copy |*|00|Initial log entry. Current logging level 3
000008.497|utilm|*|00|Initial log entry. Current logging level 4
000008.497|hw   |*|00|Initial log entry. Current logging level 4
000008.497|ethf |*|00|Initial log entry. Current logging level 4
000008.497|dns  |*|00|Initial log entry. Current logging level 3
000008.497|curl |*|00|Initial log entry. Current logging level 3
000008.498|sec  |*|00|Initial log entry. Current logging level 4
000008.516|wdog |*|00|Initial log entry. Current logging level 4
000008.517|lldp |*|00|Initial log entry. Current logging level 3
000008.517|cdp  |*|00|Initial log entry. Current logging level 3
000008.517|key  |*|00|Initial log entry. Current logging level 4
000008.541|so   |3|00|Platform: Model=VVX 410, Assembly=3111-46162-001 Rev=A Region=0
000008.541|so   |3|00|Platform: Board=3111-46162-001 2 0
000008.542|so   |3|00|Platform: MAC=0004f28394ec
000008.543|so   |3|00|Platform: BootBlock=3.0.4.0146 (46162-001) 10-Jan-13 20:21
000008.544|so   |*|00|Platform: BootL1=1.0.0.0041 (46162-001) 10-Jan-13 20:16
000008.544|so   |3|00|Application, main: Label=Updater, Version=Peridot 5.1.4.0844 20-Mar-13 14:16
000008.544|so   |3|00|Application, main: P/N=3150-11069-514
000008.544|so   |5|00|Platform: Both images are incorrect, will use Primary Image.
000008.544|log  |*|00|Install file upload callback for 'Updater'

000008.545|app1 |*|00|Initial log entry. Current logging level 3
000008.588|cfg  |*|00|Initial log entry. Current logging level 2
000009.515|so   |3|00|Link status is Net up Speed 1000 full Duplex, PC down.
000008.189|so   |*|00|---------- Initial log entry ----------
000008.189|so   |*|00|+++ Note that Updater log times are in GMT +++
000008.189|boot |*|00|Initial log entry. Current logging level 3
000008.190|copy |*|00|Initial log entry. Current logging level 3
000008.190|utilm|*|00|Initial log entry. Current logging level 4
000008.190|hw   |*|00|Initial log entry. Current logging level 4
000008.190|ethf |*|00|Initial log entry. Current logging level 4
000008.190|dns  |*|00|Initial log entry. Current logging level 3
000008.190|curl |*|00|Initial log entry. Current logging level 3
000008.190|sec  |*|00|Initial log entry. Current logging level 4
000008.209|wdog |*|00|Initial log entry. Current logging level 4
000008.209|lldp |*|00|Initial log entry. Current logging level 3
000008.209|cdp  |*|00|Initial log entry. Current logging level 3
000008.209|key  |*|00|Initial log entry. Current logging level 4
000008.251|so   |3|00|Platform: Model=VVX 410, Assembly=3111-46162-001 Rev=A Region=0
000008.251|so   |3|00|Platform: Board=3111-46162-001 2 0
000008.252|so   |3|00|Platform: MAC=0004f28394ec
000008.253|so   |3|00|Platform: BootBlock=3.0.4.0146 (46162-001) 10-Jan-13 20:21
000008.253|so   |*|00|Platform: BootL1=1.0.0.0041 (46162-001) 10-Jan-13 20:16
000008.254|so   |3|00|Application, main: Label=Updater, Version=Peridot 5.1.4.0844 20-Mar-13 14:16
000008.254|so   |3|00|Application, main: P/N=3150-11069-514
000008.254|so   |5|00|Platform: Both images are incorrect, will use Primary Image.
000008.254|log  |*|00|Install file upload callback for 'Updater'

000008.255|app1 |*|00|Initial log entry. Current logging level 3
000008.298|cfg  |*|00|Initial log entry. Current logging level 2
000009.206|so   |3|00|Link status is Net up Speed 1000 full Duplex, PC down.
000008.193|so   |*|00|---------- Initial log entry ----------
000008.193|so   |*|00|+++ Note that Updater log times are in GMT +++
000008.193|boot |*|00|Initial log entry. Current logging level 3
000008.193|copy |*|00|Initial log entry. Current logging level 3
000008.193|utilm|*|00|Initial log entry. Current logging level 4
000008.193|hw   |*|00|Initial log entry. Current logging level 4
000008.194|ethf |*|00|Initial log entry. Current logging level 4
000008.194|dns  |*|00|Initial log entry. Current logging level 3
000008.194|curl |*|00|Initial log entry. Current logging level 3
000008.194|sec  |*|00|Initial log entry. Current logging level 4
000008.213|wdog |*|00|Initial log entry. Current logging level 4
000008.213|lldp |*|00|Initial log entry. Current logging level 3
000008.213|cdp  |*|00|Initial log entry. Current logging level 3
000008.214|key  |*|00|Initial log entry. Current logging level 4
000008.251|so   |3|00|Platform: Model=VVX 410, Assembly=3111-46162-001 Rev=A Region=0
000008.251|so   |3|00|Platform: Board=3111-46162-001 2 0
000008.252|so   |3|00|Platform: MAC=0004f28394ec
000008.253|so   |3|00|Platform: BootBlock=3.0.4.0146 (46162-001) 10-Jan-13 20:21
000008.254|so   |*|00|Platform: BootL1=1.0.0.0041 (46162-001) 10-Jan-13 20:16
000008.254|so   |3|00|Application, main: Label=Updater, Version=Peridot 5.1.4.0844 20-Mar-13 14:16
000008.254|so   |3|00|Application, main: P/N=3150-11069-514
000008.254|so   |5|00|Platform: Both images are incorrect, will use Primary Image.
000008.254|log  |*|00|Install file upload callback for 'Updater'

000008.255|app1 |*|00|Initial log entry. Current logging level 3
000008.298|cfg  |*|00|Initial log entry. Current logging level 2
000009.210|so   |3|00|Link status is Net up Speed 1000 full Duplex, PC down.
