000008.789|so   |*|01|---------- Initial log entry ----------
000008.789|so   |*|01|+++ Note that Updater log times are in GMT +++
000008.789|boot |*|01|Initial log entry. Current logging level 3
000008.789|copy |*|01|Initial log entry. Current logging level 3
000008.790|utilm|*|01|Initial log entry. Current logging level 4
000008.790|hw   |*|01|Initial log entry. Current logging level 4
000008.790|ethf |*|01|Initial log entry. Current logging level 4
000008.790|dns  |*|01|Initial log entry. Current logging level 3
000008.790|curl |*|01|Initial log entry. Current logging level 3
000008.790|sec  |*|01|Initial log entry. Current logging level 4
000008.809|wdog |*|01|Initial log entry. Current logging level 4
000008.809|lldp |*|01|Initial log entry. Current logging level 3
000008.809|cdp  |*|01|Initial log entry. Current logging level 3
000008.809|key  |*|01|Initial log entry. Current logging level 4
000008.851|so   |3|01|Platform: Model=VVX 410, Assembly=3111-46162-001 Rev=A Region=0
000008.851|so   |3|01|Platform: Board=3111-46162-001 2 0
000008.852|so   |3|01|Platform: MAC=0004f28b3f1c
000008.853|so   |3|01|Platform: BootBlock=3.0.4.0146 (46162-001) 10-Jan-13 20:21
000008.854|so   |*|01|Platform: BootL1=1.0.0.0041 (46162-001) 10-Jan-13 20:16
000008.854|so   |3|01|Application, main: Label=Updater, Version=Peridot 5.1.4.0844 20-Mar-13 14:16
000008.854|so   |3|01|Application, main: P/N=3150-11069-514
000008.854|so   |5|01|Platform: Both images are incorrect, will use Primary Image.
000008.854|log  |*|01|Install file upload callback for 'Updater'

000008.855|app1 |*|01|Initial log entry. Current logging level 3
000008.899|cfg  |*|01|Initial log entry. Current logging level 2
000009.808|so   |3|01|Link status is Net down, PC up Speed 1000 full Duplex.
000008.785|so   |*|01|---------- Initial log entry ----------
000008.785|so   |*|01|+++ Note that Updater log times are in GMT +++
000008.785|boot |*|01|Initial log entry. Current logging level 3
000008.785|copy |*|01|Initial log entry. Current logging level 3
000008.785|utilm|*|01|Initial log entry. Current logging level 4
000008.785|hw   |*|01|Initial log entry. Current logging level 4
000008.785|ethf |*|01|Initial log entry. Current logging level 4
000008.785|dns  |*|01|Initial log entry. Current logging level 3
000008.785|curl |*|01|Initial log entry. Current logging level 3
000008.785|sec  |*|01|Initial log entry. Current logging level 4
000008.805|wdog |*|01|Initial log entry. Current logging level 4
000008.805|lldp |*|01|Initial log entry. Current logging level 3
000008.805|cdp  |*|01|Initial log entry. Current logging level 3
000008.806|key  |*|01|Initial log entry. Current logging level 4
000008.831|so   |3|01|Platform: Model=VVX 410, Assembly=3111-46162-001 Rev=A Region=0
000008.832|so   |3|01|Platform: Board=3111-46162-001 2 0
000008.832|so   |3|01|Platform: MAC=0004f28b3f1c
000008.833|so   |3|01|Platform: BootBlock=3.0.4.0146 (46162-001) 10-Jan-13 20:21
000008.834|so   |*|01|Platform: BootL1=1.0.0.0041 (46162-001) 10-Jan-13 20:16
000008.834|so   |3|01|Application, main: Label=Updater, Version=Peridot 5.1.4.0844 20-Mar-13 14:16
000008.834|so   |3|01|Application, main: P/N=3150-11069-514
000008.834|so   |5|01|Platform: Both images are incorrect, will use Primary Image.
000008.834|log  |*|01|Install file upload callback for 'Updater'

000008.835|app1 |*|01|Initial log entry. Current logging level 3
000008.879|cfg  |*|01|Initial log entry. Current logging level 2
000009.801|so   |3|01|Link status is Net down, PC up Speed 1000 full Duplex.
000008.797|so   |*|01|---------- Initial log entry ----------
000008.797|so   |*|01|+++ Note that Updater log times are in GMT +++
000008.797|boot |*|01|Initial log entry. Current logging level 3
000008.798|copy |*|01|Initial log entry. Current logging level 3
000008.798|utilm|*|01|Initial log entry. Current logging level 4
000008.798|hw   |*|01|Initial log entry. Current logging level 4
000008.798|ethf |*|01|Initial log entry. Current logging level 4
000008.798|dns  |*|01|Initial log entry. Current logging level 3
000008.798|curl |*|01|Initial log entry. Current logging level 3
000008.798|sec  |*|01|Initial log entry. Current logging level 4
000008.818|wdog |*|01|Initial log entry. Current logging level 4
000008.818|lldp |*|01|Initial log entry. Current logging level 3
000008.819|cdp  |*|01|Initial log entry. Current logging level 3
000008.819|key  |*|01|Initial log entry. Current logging level 4
000008.841|so   |3|01|Platform: Model=VVX 410, Assembly=3111-46162-001 Rev=A Region=0
000008.841|so   |3|01|Platform: Board=3111-46162-001 2 0
000008.842|so   |3|01|Platform: MAC=0004f28b3f1c
000008.843|so   |3|01|Platform: BootBlock=3.0.4.0146 (46162-001) 10-Jan-13 20:21
000008.844|so   |*|01|Platform: BootL1=1.0.0.0041 (46162-001) 10-Jan-13 20:16
000008.844|so   |3|01|Application, main: Label=Updater, Version=Peridot 5.1.4.0844 20-Mar-13 14:16
000008.844|so   |3|01|Application, main: P/N=3150-11069-514
000008.844|so   |5|01|Platform: Both images are incorrect, will use Primary Image.
000008.844|log  |*|01|Install file upload callback for 'Updater'

000008.845|app1 |*|01|Initial log entry. Current logging level 3
000008.889|cfg  |*|01|Initial log entry. Current logging level 2
000008.856|so   |*|01|---------- Initial log entry ----------
000008.856|so   |*|01|+++ Note that Updater log times are in GMT +++
000008.856|boot |*|01|Initial log entry. Current logging level 3
000008.856|copy |*|01|Initial log entry. Current logging level 3
000008.856|utilm|*|01|Initial log entry. Current logging level 4
000008.856|hw   |*|01|Initial log entry. Current logging level 4
000008.856|ethf |*|01|Initial log entry. Current logging level 4
000008.856|dns  |*|01|Initial log entry. Current logging level 3
000008.856|curl |*|01|Initial log entry. Current logging level 3
000008.857|sec  |*|01|Initial log entry. Current logging level 4
000008.876|wdog |*|01|Initial log entry. Current logging level 4
000008.876|lldp |*|01|Initial log entry. Current logging level 3
000008.877|cdp  |*|01|Initial log entry. Current logging level 3
000008.877|key  |*|01|Initial log entry. Current logging level 4
000008.911|so   |3|01|Platform: Model=VVX 410, Assembly=3111-46162-001 Rev=A Region=0
000008.912|so   |3|01|Platform: Board=3111-46162-001 2 0
000008.912|so   |3|01|Platform: MAC=0004f28b3f1c
000008.913|so   |3|01|Platform: BootBlock=3.0.4.0146 (46162-001) 10-Jan-13 20:21
000008.914|so   |*|01|Platform: BootL1=1.0.0.0041 (46162-001) 10-Jan-13 20:16
000008.914|so   |3|01|Application, main: Label=Updater, Version=Peridot 5.1.4.0844 20-Mar-13 14:16
000008.914|so   |3|01|Application, main: P/N=3150-11069-514
000008.914|so   |5|01|Platform: Both images are incorrect, will use Primary Image.
000008.914|log  |*|01|Install file upload callback for 'Updater'

000008.915|app1 |*|01|Initial log entry. Current logging level 3
000008.959|cfg  |*|01|Initial log entry. Current logging level 2
000009.872|so   |3|01|Link status is Net down, PC up Speed 1000 full Duplex.
000008.801|so   |*|01|---------- Initial log entry ----------
000008.801|so   |*|01|+++ Note that Updater log times are in GMT +++
000008.801|boot |*|01|Initial log entry. Current logging level 3
000008.801|copy |*|01|Initial log entry. Current logging level 3
000008.801|utilm|*|01|Initial log entry. Current logging level 4
000008.801|hw   |*|01|Initial log entry. Current logging level 4
000008.801|ethf |*|01|Initial log entry. Current logging level 4
000008.801|dns  |*|01|Initial log entry. Current logging level 3
000008.802|curl |*|01|Initial log entry. Current logging level 3
000008.802|sec  |*|01|Initial log entry. Current logging level 4
000008.821|wdog |*|01|Initial log entry. Current logging level 4
000008.822|lldp |*|01|Initial log entry. Current logging level 3
000008.822|cdp  |*|01|Initial log entry. Current logging level 3
000008.822|key  |*|01|Initial log entry. Current logging level 4
000008.861|so   |3|01|Platform: Model=VVX 410, Assembly=3111-46162-001 Rev=A Region=0
000008.861|so   |3|01|Platform: Board=3111-46162-001 2 0
000008.862|so   |3|01|Platform: MAC=0004f28b3f1c
000008.863|so   |3|01|Platform: BootBlock=3.0.4.0146 (46162-001) 10-Jan-13 20:21
000008.864|so   |*|01|Platform: BootL1=1.0.0.0041 (46162-001) 10-Jan-13 20:16
000008.864|so   |3|01|Application, main: Label=Updater, Version=Peridot 5.1.4.0844 20-Mar-13 14:16
000008.864|so   |3|01|Application, main: P/N=3150-11069-514
000008.864|so   |5|01|Platform: Both images are incorrect, will use Primary Image.
000008.864|log  |*|01|Install file upload callback for 'Updater'

000008.865|app1 |*|01|Initial log entry. Current logging level 3
000008.909|cfg  |*|01|Initial log entry. Current logging level 2
000009.817|so   |3|01|Link status is Net up Speed 1000 full Duplex, PC down.
000008.237|so   |*|00|---------- Initial log entry ----------
000008.237|so   |*|00|+++ Note that Updater log times are in GMT +++
000008.237|boot |*|00|Initial log entry. Current logging level 3
000008.237|copy |*|00|Initial log entry. Current logging level 3
000008.238|utilm|*|00|Initial log entry. Current logging level 4
000008.238|hw   |*|00|Initial log entry. Current logging level 4
000008.238|ethf |*|00|Initial log entry. Current logging level 4
000008.238|dns  |*|00|Initial log entry. Current logging level 3
000008.238|curl |*|00|Initial log entry. Current logging level 3
000008.238|sec  |*|00|Initial log entry. Current logging level 4
000008.256|wdog |*|00|Initial log entry. Current logging level 4
000008.257|lldp |*|00|Initial log entry. Current logging level 3
000008.257|cdp  |*|00|Initial log entry. Current logging level 3
000008.257|key  |*|00|Initial log entry. Current logging level 4
000008.281|so   |3|00|Platform: Model=VVX 410, Assembly=3111-46162-001 Rev=A Region=0
000008.281|so   |3|00|Platform: Board=3111-46162-001 2 0
000008.282|so   |3|00|Platform: MAC=0004f28b3f1c
000008.283|so   |3|00|Platform: BootBlock=3.0.4.0146 (46162-001) 10-Jan-13 20:21
000008.284|so   |*|00|Platform: BootL1=1.0.0.0041 (46162-001) 10-Jan-13 20:16
000008.284|so   |3|00|Application, main: Label=Updater, Version=Peridot 5.1.4.0844 20-Mar-13 14:16
000008.284|so   |3|00|Application, main: P/N=3150-11069-514
000008.284|so   |5|00|Platform: Both images are incorrect, will use Primary Image.
000008.284|log  |*|00|Install file upload callback for 'Updater'

000008.285|app1 |*|00|Initial log entry. Current logging level 3
000008.328|cfg  |*|00|Initial log entry. Current logging level 2
000009.247|so   |3|00|Link status is Net down, PC up Speed 1000 full Duplex.
000008.189|so   |*|00|---------- Initial log entry ----------
000008.189|so   |*|00|+++ Note that Updater log times are in GMT +++
000008.189|boot |*|00|Initial log entry. Current logging level 3
000008.189|copy |*|00|Initial log entry. Current logging level 3
000008.189|utilm|*|00|Initial log entry. Current logging level 4
000008.189|hw   |*|00|Initial log entry. Current logging level 4
000008.189|ethf |*|00|Initial log entry. Current logging level 4
000008.189|dns  |*|00|Initial log entry. Current logging level 3
000008.190|curl |*|00|Initial log entry. Current logging level 3
000008.190|sec  |*|00|Initial log entry. Current logging level 4
000008.208|wdog |*|00|Initial log entry. Current logging level 4
000008.208|lldp |*|00|Initial log entry. Current logging level 3
000008.208|cdp  |*|00|Initial log entry. Current logging level 3
000008.208|key  |*|00|Initial log entry. Current logging level 4
000008.231|so   |3|00|Platform: Model=VVX 410, Assembly=3111-46162-001 Rev=A Region=0
000008.231|so   |3|00|Platform: Board=3111-46162-001 2 0
000008.232|so   |3|00|Platform: MAC=0004f28b3f1c
000008.233|so   |3|00|Platform: BootBlock=3.0.4.0146 (46162-001) 10-Jan-13 20:21
000008.234|so   |*|00|Platform: BootL1=1.0.0.0041 (46162-001) 10-Jan-13 20:16
000008.234|so   |3|00|Application, main: Label=Updater, Version=Peridot 5.1.4.0844 20-Mar-13 14:16
000008.234|so   |3|00|Application, main: P/N=3150-11069-514
000008.234|so   |5|00|Platform: Both images are incorrect, will use Primary Image.
000008.234|log  |*|00|Install file upload callback for 'Updater'

000008.235|app1 |*|00|Initial log entry. Current logging level 3
000008.278|cfg  |*|00|Initial log entry. Current logging level 2
000008.202|so   |*|00|---------- Initial log entry ----------
000008.203|so   |*|00|+++ Note that Updater log times are in GMT +++
000008.203|boot |*|00|Initial log entry. Current logging level 3
000008.203|copy |*|00|Initial log entry. Current logging level 3
000008.203|utilm|*|00|Initial log entry. Current logging level 4
000008.203|hw   |*|00|Initial log entry. Current logging level 4
000008.203|ethf |*|00|Initial log entry. Current logging level 4
000008.203|dns  |*|00|Initial log entry. Current logging level 3
000008.204|curl |*|00|Initial log entry. Current logging level 3
000008.204|sec  |*|00|Initial log entry. Current logging level 4
000008.222|wdog |*|00|Initial log entry. Current logging level 4
000008.222|lldp |*|00|Initial log entry. Current logging level 3
000008.222|cdp  |*|00|Initial log entry. Current logging level 3
000008.222|key  |*|00|Initial log entry. Current logging level 4
000008.261|so   |3|00|Platform: Model=VVX 410, Assembly=3111-46162-001 Rev=A Region=0
000008.261|so   |3|00|Platform: Board=3111-46162-001 2 0
000008.262|so   |3|00|Platform: MAC=0004f28b3f1c
000008.263|so   |3|00|Platform: BootBlock=3.0.4.0146 (46162-001) 10-Jan-13 20:21
000008.264|so   |*|00|Platform: BootL1=1.0.0.0041 (46162-001) 10-Jan-13 20:16
000008.264|so   |3|00|Application, main: Label=Updater, Version=Peridot 5.1.4.0844 20-Mar-13 14:16
000008.264|so   |3|00|Application, main: P/N=3150-11069-514
000008.264|so   |5|00|Platform: Both images are incorrect, will use Primary Image.
000008.264|log  |*|00|Install file upload callback for 'Updater'

000008.265|app1 |*|00|Initial log entry. Current logging level 3
000008.308|cfg  |*|00|Initial log entry. Current logging level 2
000008.198|so   |*|00|---------- Initial log entry ----------
000008.198|so   |*|00|+++ Note that Updater log times are in GMT +++
000008.199|boot |*|00|Initial log entry. Current logging level 3
000008.199|copy |*|00|Initial log entry. Current logging level 3
000008.199|utilm|*|00|Initial log entry. Current logging level 4
000008.199|hw   |*|00|Initial log entry. Current logging level 4
000008.199|ethf |*|00|Initial log entry. Current logging level 4
000008.199|dns  |*|00|Initial log entry. Current logging level 3
000008.199|curl |*|00|Initial log entry. Current logging level 3
000008.199|sec  |*|00|Initial log entry. Current logging level 4
000008.217|wdog |*|00|Initial log entry. Current logging level 4
000008.218|lldp |*|00|Initial log entry. Current logging level 3
000008.218|cdp  |*|00|Initial log entry. Current logging level 3
000008.218|key  |*|00|Initial log entry. Current logging level 4
000008.241|so   |3|00|Platform: Model=VVX 410, Assembly=3111-46162-001 Rev=A Region=0
000008.241|so   |3|00|Platform: Board=3111-46162-001 2 0
000008.242|so   |3|00|Platform: MAC=0004f28b3f1c
000008.243|so   |3|00|Platform: BootBlock=3.0.4.0146 (46162-001) 10-Jan-13 20:21
000008.244|so   |*|00|Platform: BootL1=1.0.0.0041 (46162-001) 10-Jan-13 20:16
000008.244|so   |3|00|Application, main: Label=Updater, Version=Peridot 5.1.4.0844 20-Mar-13 14:16
000008.244|so   |3|00|Application, main: P/N=3150-11069-514
000008.244|so   |5|00|Platform: Both images are incorrect, will use Primary Image.
000008.244|log  |*|00|Install file upload callback for 'Updater'

000008.245|app1 |*|00|Initial log entry. Current logging level 3
000008.288|cfg  |*|00|Initial log entry. Current logging level 2
000008.168|so   |*|00|---------- Initial log entry ----------
000008.168|so   |*|00|+++ Note that Updater log times are in GMT +++
000008.168|boot |*|00|Initial log entry. Current logging level 3
000008.169|copy |*|00|Initial log entry. Current logging level 3
000008.169|utilm|*|00|Initial log entry. Current logging level 4
000008.169|hw   |*|00|Initial log entry. Current logging level 4
000008.169|ethf |*|00|Initial log entry. Current logging level 4
000008.169|dns  |*|00|Initial log entry. Current logging level 3
000008.169|curl |*|00|Initial log entry. Current logging level 3
000008.169|sec  |*|00|Initial log entry. Current logging level 4
000008.188|wdog |*|00|Initial log entry. Current logging level 4
000008.188|lldp |*|00|Initial log entry. Current logging level 3
000008.188|cdp  |*|00|Initial log entry. Current logging level 3
000008.188|key  |*|00|Initial log entry. Current logging level 4
000008.211|so   |3|00|Platform: Model=VVX 410, Assembly=3111-46162-001 Rev=A Region=0
000008.211|so   |3|00|Platform: Board=3111-46162-001 2 0
000008.212|so   |3|00|Platform: MAC=0004f28b3f1c
000008.213|so   |3|00|Platform: BootBlock=3.0.4.0146 (46162-001) 10-Jan-13 20:21
000008.214|so   |*|00|Platform: BootL1=1.0.0.0041 (46162-001) 10-Jan-13 20:16
000008.214|so   |3|00|Application, main: Label=Updater, Version=Peridot 5.1.4.0844 20-Mar-13 14:16
000008.214|so   |3|00|Application, main: P/N=3150-11069-514
000008.214|so   |5|00|Platform: Both images are incorrect, will use Primary Image.
000008.214|log  |*|00|Install file upload callback for 'Updater'

000008.215|app1 |*|00|Initial log entry. Current logging level 3
000008.258|cfg  |*|00|Initial log entry. Current logging level 2
000009.178|so   |3|00|Link status is Net down, PC up Speed 1000 full Duplex.
000008.129|so   |*|00|---------- Initial log entry ----------
000008.129|so   |*|00|+++ Note that Updater log times are in GMT +++
000008.129|boot |*|00|Initial log entry. Current logging level 3
000008.129|copy |*|00|Initial log entry. Current logging level 3
000008.129|utilm|*|00|Initial log entry. Current logging level 4
000008.129|hw   |*|00|Initial log entry. Current logging level 4
000008.129|ethf |*|00|Initial log entry. Current logging level 4
000008.130|dns  |*|00|Initial log entry. Current logging level 3
000008.130|curl |*|00|Initial log entry. Current logging level 3
000008.130|sec  |*|00|Initial log entry. Current logging level 4
000008.148|wdog |*|00|Initial log entry. Current logging level 4
000008.148|lldp |*|00|Initial log entry. Current logging level 3
000008.148|cdp  |*|00|Initial log entry. Current logging level 3
000008.148|key  |*|00|Initial log entry. Current logging level 4
000008.171|so   |3|00|Platform: Model=VVX 410, Assembly=3111-46162-001 Rev=A Region=0
000008.171|so   |3|00|Platform: Board=3111-46162-001 2 0
000008.172|so   |3|00|Platform: MAC=0004f28b3f1c
000008.173|so   |3|00|Platform: BootBlock=3.0.4.0146 (46162-001) 10-Jan-13 20:21
000008.174|so   |*|00|Platform: BootL1=1.0.0.0041 (46162-001) 10-Jan-13 20:16
000008.174|so   |3|00|Application, main: Label=Updater, Version=Peridot 5.1.4.0844 20-Mar-13 14:16
000008.174|so   |3|00|Application, main: P/N=3150-11069-514
000008.174|so   |5|00|Platform: Both images are incorrect, will use Primary Image.
000008.174|log  |*|00|Install file upload callback for 'Updater'

000008.175|app1 |*|00|Initial log entry. Current logging level 3
000008.218|cfg  |*|00|Initial log entry. Current logging level 2
000009.147|so   |3|00|Link status is Net down, PC up Speed 1000 full Duplex.
000008.142|so   |*|00|---------- Initial log entry ----------
000008.142|so   |*|00|+++ Note that Updater log times are in GMT +++
000008.142|boot |*|00|Initial log entry. Current logging level 3
000008.142|copy |*|00|Initial log entry. Current logging level 3
000008.142|utilm|*|00|Initial log entry. Current logging level 4
000008.142|hw   |*|00|Initial log entry. Current logging level 4
000008.142|ethf |*|00|Initial log entry. Current logging level 4
000008.143|dns  |*|00|Initial log entry. Current logging level 3
000008.143|curl |*|00|Initial log entry. Current logging level 3
000008.143|sec  |*|00|Initial log entry. Current logging level 4
000008.161|wdog |*|00|Initial log entry. Current logging level 4
000008.161|lldp |*|00|Initial log entry. Current logging level 3
000008.162|cdp  |*|00|Initial log entry. Current logging level 3
000008.162|key  |*|00|Initial log entry. Current logging level 4
000008.201|so   |3|00|Platform: Model=VVX 410, Assembly=3111-46162-001 Rev=A Region=0
000008.201|so   |3|00|Platform: Board=3111-46162-001 2 0
000008.202|so   |3|00|Platform: MAC=0004f28b3f1c
000008.203|so   |3|00|Platform: BootBlock=3.0.4.0146 (46162-001) 10-Jan-13 20:21
000008.204|so   |*|00|Platform: BootL1=1.0.0.0041 (46162-001) 10-Jan-13 20:16
000008.204|so   |3|00|Application, main: Label=Updater, Version=Peridot 5.1.4.0844 20-Mar-13 14:16
000008.204|so   |3|00|Application, main: P/N=3150-11069-514
000008.204|so   |5|00|Platform: Both images are incorrect, will use Primary Image.
000008.204|log  |*|00|Install file upload callback for 'Updater'

000008.205|app1 |*|00|Initial log entry. Current logging level 3
000008.248|cfg  |*|00|Initial log entry. Current logging level 2
000008.240|so   |*|00|---------- Initial log entry ----------
000008.240|so   |*|00|+++ Note that Updater log times are in GMT +++
000008.240|boot |*|00|Initial log entry. Current logging level 3
000008.240|copy |*|00|Initial log entry. Current logging level 3
000008.240|utilm|*|00|Initial log entry. Current logging level 4
000008.240|hw   |*|00|Initial log entry. Current logging level 4
000008.240|ethf |*|00|Initial log entry. Current logging level 4
000008.240|dns  |*|00|Initial log entry. Current logging level 3
000008.241|curl |*|00|Initial log entry. Current logging level 3
000008.241|sec  |*|00|Initial log entry. Current logging level 4
000008.259|wdog |*|00|Initial log entry. Current logging level 4
000008.259|lldp |*|00|Initial log entry. Current logging level 3
000008.259|cdp  |*|00|Initial log entry. Current logging level 3
000008.259|key  |*|00|Initial log entry. Current logging level 4
000008.301|so   |3|00|Platform: Model=VVX 410, Assembly=3111-46162-001 Rev=A Region=0
000008.301|so   |3|00|Platform: Board=3111-46162-001 2 0
000008.302|so   |3|00|Platform: MAC=0004f28b3f1c
000008.303|so   |3|00|Platform: BootBlock=3.0.4.0146 (46162-001) 10-Jan-13 20:21
000008.304|so   |*|00|Platform: BootL1=1.0.0.0041 (46162-001) 10-Jan-13 20:16
000008.304|so   |3|00|Application, main: Label=Updater, Version=Peridot 5.1.4.0844 20-Mar-13 14:16
000008.304|so   |3|00|Application, main: P/N=3150-11069-514
000008.304|so   |5|00|Platform: Both images are incorrect, will use Primary Image.
000008.304|log  |*|00|Install file upload callback for 'Updater'

000008.305|app1 |*|00|Initial log entry. Current logging level 3
000008.348|cfg  |*|00|Initial log entry. Current logging level 2
000009.249|so   |3|00|Link status is Net down, PC up Speed 1000 full Duplex.
000008.181|so   |*|00|---------- Initial log entry ----------
000008.181|so   |*|00|+++ Note that Updater log times are in GMT +++
000008.181|boot |*|00|Initial log entry. Current logging level 3
000008.181|copy |*|00|Initial log entry. Current logging level 3
000008.182|utilm|*|00|Initial log entry. Current logging level 4
000008.182|hw   |*|00|Initial log entry. Current logging level 4
000008.182|ethf |*|00|Initial log entry. Current logging level 4
000008.182|dns  |*|00|Initial log entry. Current logging level 3
000008.182|curl |*|00|Initial log entry. Current logging level 3
000008.182|sec  |*|00|Initial log entry. Current logging level 4
000008.200|wdog |*|00|Initial log entry. Current logging level 4
000008.201|lldp |*|00|Initial log entry. Current logging level 3
000008.201|cdp  |*|00|Initial log entry. Current logging level 3
000008.201|key  |*|00|Initial log entry. Current logging level 4
000008.241|so   |3|00|Platform: Model=VVX 410, Assembly=3111-46162-001 Rev=A Region=0
000008.241|so   |3|00|Platform: Board=3111-46162-001 2 0
000008.242|so   |3|00|Platform: MAC=0004f28b3f1c
000008.243|so   |3|00|Platform: BootBlock=3.0.4.0146 (46162-001) 10-Jan-13 20:21
000008.244|so   |*|00|Platform: BootL1=1.0.0.0041 (46162-001) 10-Jan-13 20:16
000008.244|so   |3|00|Application, main: Label=Updater, Version=Peridot 5.1.4.0844 20-Mar-13 14:16
000008.244|so   |3|00|Application, main: P/N=3150-11069-514
000008.244|so   |5|00|Platform: Both images are incorrect, will use Primary Image.
000008.244|log  |*|00|Install file upload callback for 'Updater'

000008.245|app1 |*|00|Initial log entry. Current logging level 3
000008.288|cfg  |*|00|Initial log entry. Current logging level 2
000008.308|so   |*|00|---------- Initial log entry ----------
000008.308|so   |*|00|+++ Note that Updater log times are in GMT +++
000008.308|boot |*|00|Initial log entry. Current logging level 3
000008.308|copy |*|00|Initial log entry. Current logging level 3
000008.309|utilm|*|00|Initial log entry. Current logging level 4
000008.309|hw   |*|00|Initial log entry. Current logging level 4
000008.309|ethf |*|00|Initial log entry. Current logging level 4
000008.309|dns  |*|00|Initial log entry. Current logging level 3
000008.309|curl |*|00|Initial log entry. Current logging level 3
000008.309|sec  |*|00|Initial log entry. Current logging level 4
000008.328|wdog |*|00|Initial log entry. Current logging level 4
000008.328|lldp |*|00|Initial log entry. Current logging level 3
000008.328|cdp  |*|00|Initial log entry. Current logging level 3
000008.328|key  |*|00|Initial log entry. Current logging level 4
000008.351|so   |3|00|Platform: Model=VVX 410, Assembly=3111-46162-001 Rev=A Region=0
000008.351|so   |3|00|Platform: Board=3111-46162-001 2 0
000008.352|so   |3|00|Platform: MAC=0004f28b3f1c
000008.353|so   |3|00|Platform: BootBlock=3.0.4.0146 (46162-001) 10-Jan-13 20:21
000008.354|so   |*|00|Platform: BootL1=1.0.0.0041 (46162-001) 10-Jan-13 20:16
000008.354|so   |3|00|Application, main: Label=Updater, Version=Peridot 5.1.4.0844 20-Mar-13 14:16
000008.354|so   |3|00|Application, main: P/N=3150-11069-514
000008.354|so   |5|00|Platform: Both images are incorrect, will use Primary Image.
000008.354|log  |*|00|Install file upload callback for 'Updater'

000008.355|app1 |*|00|Initial log entry. Current logging level 3
000008.398|cfg  |*|00|Initial log entry. Current logging level 2
000008.154|so   |*|00|---------- Initial log entry ----------
000008.154|so   |*|00|+++ Note that Updater log times are in GMT +++
000008.154|boot |*|00|Initial log entry. Current logging level 3
000008.154|copy |*|00|Initial log entry. Current logging level 3
000008.154|utilm|*|00|Initial log entry. Current logging level 4
000008.154|hw   |*|00|Initial log entry. Current logging level 4
000008.155|ethf |*|00|Initial log entry. Current logging level 4
000008.155|dns  |*|00|Initial log entry. Current logging level 3
000008.155|curl |*|00|Initial log entry. Current logging level 3
000008.155|sec  |*|00|Initial log entry. Current logging level 4
000008.173|wdog |*|00|Initial log entry. Current logging level 4
000008.173|lldp |*|00|Initial log entry. Current logging level 3
000008.174|cdp  |*|00|Initial log entry. Current logging level 3
000008.174|key  |*|00|Initial log entry. Current logging level 4
000008.211|so   |3|00|Platform: Model=VVX 410, Assembly=3111-46162-001 Rev=A Region=0
000008.212|so   |3|00|Platform: Board=3111-46162-001 2 0
000008.212|so   |3|00|Platform: MAC=0004f28b3f1c
000008.213|so   |3|00|Platform: BootBlock=3.0.4.0146 (46162-001) 10-Jan-13 20:21
000008.214|so   |*|00|Platform: BootL1=1.0.0.0041 (46162-001) 10-Jan-13 20:16
000008.214|so   |3|00|Application, main: Label=Updater, Version=Peridot 5.1.4.0844 20-Mar-13 14:16
000008.214|so   |3|00|Application, main: P/N=3150-11069-514
000008.214|so   |5|00|Platform: Both images are incorrect, will use Primary Image.
000008.214|log  |*|00|Install file upload callback for 'Updater'

000008.215|app1 |*|00|Initial log entry. Current logging level 3
000008.258|cfg  |*|00|Initial log entry. Current logging level 2
000009.172|so   |3|00|Link status is Net down, PC up Speed 1000 full Duplex.
000008.159|so   |*|00|---------- Initial log entry ----------
000008.159|so   |*|00|+++ Note that Updater log times are in GMT +++
000008.159|boot |*|00|Initial log entry. Current logging level 3
000008.160|copy |*|00|Initial log entry. Current logging level 3
000008.160|utilm|*|00|Initial log entry. Current logging level 4
000008.160|hw   |*|00|Initial log entry. Current logging level 4
000008.160|ethf |*|00|Initial log entry. Current logging level 4
000008.160|dns  |*|00|Initial log entry. Current logging level 3
000008.160|curl |*|00|Initial log entry. Current logging level 3
000008.160|sec  |*|00|Initial log entry. Current logging level 4
000008.178|wdog |*|00|Initial log entry. Current logging level 4
000008.179|lldp |*|00|Initial log entry. Current logging level 3
000008.179|cdp  |*|00|Initial log entry. Current logging level 3
000008.179|key  |*|00|Initial log entry. Current logging level 4
000008.201|so   |3|00|Platform: Model=VVX 410, Assembly=3111-46162-001 Rev=A Region=0
000008.201|so   |3|00|Platform: Board=3111-46162-001 2 0
000008.202|so   |3|00|Platform: MAC=0004f28b3f1c
000008.203|so   |3|00|Platform: BootBlock=3.0.4.0146 (46162-001) 10-Jan-13 20:21
000008.204|so   |*|00|Platform: BootL1=1.0.0.0041 (46162-001) 10-Jan-13 20:16
000008.204|so   |3|00|Application, main: Label=Updater, Version=Peridot 5.1.4.0844 20-Mar-13 14:16
000008.204|so   |3|00|Application, main: P/N=3150-11069-514
000008.204|so   |5|00|Platform: Both images are incorrect, will use Primary Image.
000008.204|log  |*|00|Install file upload callback for 'Updater'

000008.205|app1 |*|00|Initial log entry. Current logging level 3
000008.248|cfg  |*|00|Initial log entry. Current logging level 2
000009.177|so   |3|00|Link status is Net down, PC up Speed 1000 full Duplex.
000008.139|so   |*|00|---------- Initial log entry ----------
000008.139|so   |*|00|+++ Note that Updater log times are in GMT +++
000008.139|boot |*|00|Initial log entry. Current logging level 3
000008.139|copy |*|00|Initial log entry. Current logging level 3
000008.139|utilm|*|00|Initial log entry. Current logging level 4
000008.140|hw   |*|00|Initial log entry. Current logging level 4
000008.140|ethf |*|00|Initial log entry. Current logging level 4
000008.140|dns  |*|00|Initial log entry. Current logging level 3
000008.140|curl |*|00|Initial log entry. Current logging level 3
000008.140|sec  |*|00|Initial log entry. Current logging level 4
000008.159|wdog |*|00|Initial log entry. Current logging level 4
000008.159|lldp |*|00|Initial log entry. Current logging level 3
000008.159|cdp  |*|00|Initial log entry. Current logging level 3
000008.159|key  |*|00|Initial log entry. Current logging level 4
000008.181|so   |3|00|Platform: Model=VVX 410, Assembly=3111-46162-001 Rev=A Region=0
000008.181|so   |3|00|Platform: Board=3111-46162-001 2 0
000008.182|so   |3|00|Platform: MAC=0004f28b3f1c
000008.183|so   |3|00|Platform: BootBlock=3.0.4.0146 (46162-001) 10-Jan-13 20:21
000008.184|so   |*|00|Platform: BootL1=1.0.0.0041 (46162-001) 10-Jan-13 20:16
000008.184|so   |3|00|Application, main: Label=Updater, Version=Peridot 5.1.4.0844 20-Mar-13 14:16
000008.184|so   |3|00|Application, main: P/N=3150-11069-514
000008.184|so   |5|00|Platform: Both images are incorrect, will use Primary Image.
000008.184|log  |*|00|Install file upload callback for 'Updater'

000008.185|app1 |*|00|Initial log entry. Current logging level 3
000008.228|cfg  |*|00|Initial log entry. Current logging level 2
000008.220|so   |*|00|---------- Initial log entry ----------
000008.220|so   |*|00|+++ Note that Updater log times are in GMT +++
000008.220|boot |*|00|Initial log entry. Current logging level 3
000008.220|copy |*|00|Initial log entry. Current logging level 3
000008.220|utilm|*|00|Initial log entry. Current logging level 4
000008.221|hw   |*|00|Initial log entry. Current logging level 4
000008.221|ethf |*|00|Initial log entry. Current logging level 4
000008.221|dns  |*|00|Initial log entry. Current logging level 3
000008.221|curl |*|00|Initial log entry. Current logging level 3
000008.221|sec  |*|00|Initial log entry. Current logging level 4
000008.240|wdog |*|00|Initial log entry. Current logging level 4
000008.240|lldp |*|00|Initial log entry. Current logging level 3
000008.240|cdp  |*|00|Initial log entry. Current logging level 3
000008.240|key  |*|00|Initial log entry. Current logging level 4
000008.281|so   |3|00|Platform: Model=VVX 410, Assembly=3111-46162-001 Rev=A Region=0
000008.281|so   |3|00|Platform: Board=3111-46162-001 2 0
000008.282|so   |3|00|Platform: MAC=0004f28b3f1c
000008.283|so   |3|00|Platform: BootBlock=3.0.4.0146 (46162-001) 10-Jan-13 20:21
000008.284|so   |*|00|Platform: BootL1=1.0.0.0041 (46162-001) 10-Jan-13 20:16
000008.284|so   |3|00|Application, main: Label=Updater, Version=Peridot 5.1.4.0844 20-Mar-13 14:16
000008.284|so   |3|00|Application, main: P/N=3150-11069-514
000008.284|so   |5|00|Platform: Both images are incorrect, will use Primary Image.
000008.284|log  |*|00|Install file upload callback for 'Updater'

000008.285|app1 |*|00|Initial log entry. Current logging level 3
000008.328|cfg  |*|00|Initial log entry. Current logging level 2
000009.239|so   |3|00|Link status is Net up Speed 1000 full Duplex, PC down.
000008.155|so   |*|00|---------- Initial log entry ----------
000008.155|so   |*|00|+++ Note that Updater log times are in GMT +++
000008.155|boot |*|00|Initial log entry. Current logging level 3
000008.156|copy |*|00|Initial log entry. Current logging level 3
000008.156|utilm|*|00|Initial log entry. Current logging level 4
000008.156|hw   |*|00|Initial log entry. Current logging level 4
000008.156|ethf |*|00|Initial log entry. Current logging level 4
000008.156|dns  |*|00|Initial log entry. Current logging level 3
000008.156|curl |*|00|Initial log entry. Current logging level 3
000008.156|sec  |*|00|Initial log entry. Current logging level 4
000008.175|wdog |*|00|Initial log entry. Current logging level 4
000008.175|lldp |*|00|Initial log entry. Current logging level 3
000008.175|cdp  |*|00|Initial log entry. Current logging level 3
000008.175|key  |*|00|Initial log entry. Current logging level 4
000008.201|so   |3|00|Platform: Model=VVX 410, Assembly=3111-46162-001 Rev=A Region=0
000008.201|so   |3|00|Platform: Board=3111-46162-001 2 0
000008.202|so   |3|00|Platform: MAC=0004f28b3f1c
000008.203|so   |3|00|Platform: BootBlock=3.0.4.0146 (46162-001) 10-Jan-13 20:21
000008.204|so   |*|00|Platform: BootL1=1.0.0.0041 (46162-001) 10-Jan-13 20:16
000008.204|so   |3|00|Application, main: Label=Updater, Version=Peridot 5.1.4.0844 20-Mar-13 14:16
000008.204|so   |3|00|Application, main: P/N=3150-11069-514
000008.204|so   |5|00|Platform: Both images are incorrect, will use Primary Image.
000008.204|log  |*|00|Install file upload callback for 'Updater'

000008.205|app1 |*|00|Initial log entry. Current logging level 3
000008.248|cfg  |*|00|Initial log entry. Current logging level 2
000009.165|so   |3|00|Link status is Net up Speed 1000 full Duplex, PC down.
000008.151|so   |*|00|---------- Initial log entry ----------
000008.151|so   |*|00|+++ Note that Updater log times are in GMT +++
000008.151|boot |*|00|Initial log entry. Current logging level 3
000008.151|copy |*|00|Initial log entry. Current logging level 3
000008.151|utilm|*|00|Initial log entry. Current logging level 4
000008.151|hw   |*|00|Initial log entry. Current logging level 4
000008.151|ethf |*|00|Initial log entry. Current logging level 4
000008.151|dns  |*|00|Initial log entry. Current logging level 3
000008.152|curl |*|00|Initial log entry. Current logging level 3
000008.152|sec  |*|00|Initial log entry. Current logging level 4
000008.170|wdog |*|00|Initial log entry. Current logging level 4
000008.171|lldp |*|00|Initial log entry. Current logging level 3
000008.171|cdp  |*|00|Initial log entry. Current logging level 3
000008.171|key  |*|00|Initial log entry. Current logging level 4
000008.211|so   |3|00|Platform: Model=VVX 410, Assembly=3111-46162-001 Rev=A Region=0
000008.211|so   |3|00|Platform: Board=3111-46162-001 2 0
000008.212|so   |3|00|Platform: MAC=0004f28b3f1c
000008.213|so   |3|00|Platform: BootBlock=3.0.4.0146 (46162-001) 10-Jan-13 20:21
000008.214|so   |*|00|Platform: BootL1=1.0.0.0041 (46162-001) 10-Jan-13 20:16
000008.214|so   |3|00|Application, main: Label=Updater, Version=Peridot 5.1.4.0844 20-Mar-13 14:16
000008.214|so   |3|00|Application, main: P/N=3150-11069-514
000008.214|so   |5|00|Platform: Both images are incorrect, will use Primary Image.
000008.214|log  |*|00|Install file upload callback for 'Updater'

000008.215|app1 |*|00|Initial log entry. Current logging level 3
000008.258|cfg  |*|00|Initial log entry. Current logging level 2
000009.170|so   |3|00|Link status is Net up Speed 1000 full Duplex, PC up Speed 1000 full Duplex.
000008.175|so   |*|00|---------- Initial log entry ----------
000008.175|so   |*|00|+++ Note that Updater log times are in GMT +++
000008.175|boot |*|00|Initial log entry. Current logging level 3
000008.175|copy |*|00|Initial log entry. Current logging level 3
000008.175|utilm|*|00|Initial log entry. Current logging level 4
000008.175|hw   |*|00|Initial log entry. Current logging level 4
000008.175|ethf |*|00|Initial log entry. Current logging level 4
000008.175|dns  |*|00|Initial log entry. Current logging level 3
000008.176|curl |*|00|Initial log entry. Current logging level 3
000008.176|sec  |*|00|Initial log entry. Current logging level 4
000008.195|wdog |*|00|Initial log entry. Current logging level 4
000008.195|lldp |*|00|Initial log entry. Current logging level 3
000008.196|cdp  |*|00|Initial log entry. Current logging level 3
000008.196|key  |*|00|Initial log entry. Current logging level 4
000008.231|so   |3|00|Platform: Model=VVX 410, Assembly=3111-46162-001 Rev=A Region=0
000008.231|so   |3|00|Platform: Board=3111-46162-001 2 0
000008.232|so   |3|00|Platform: MAC=0004f28b3f1c
000008.233|so   |3|00|Platform: BootBlock=3.0.4.0146 (46162-001) 10-Jan-13 20:21
000008.234|so   |*|00|Platform: BootL1=1.0.0.0041 (46162-001) 10-Jan-13 20:16
000008.234|so   |3|00|Application, main: Label=Updater, Version=Peridot 5.1.4.0844 20-Mar-13 14:16
000008.234|so   |3|00|Application, main: P/N=3150-11069-514
000008.234|so   |5|00|Platform: Both images are incorrect, will use Primary Image.
000008.234|log  |*|00|Install file upload callback for 'Updater'

000008.235|app1 |*|00|Initial log entry. Current logging level 3
000008.280|cfg  |*|00|Initial log entry. Current logging level 2
000009.191|so   |3|00|Link status is Net up Speed 1000 full Duplex, PC up Speed 1000 full Duplex.
