000008.854|so   |*|01|---------- Initial log entry ----------
000008.854|so   |*|01|+++ Note that Updater log times are in GMT +++
000008.854|boot |*|01|Initial log entry. Current logging level 3
000008.854|copy |*|01|Initial log entry. Current logging level 3
000008.855|utilm|*|01|Initial log entry. Current logging level 4
000008.855|hw   |*|01|Initial log entry. Current logging level 4
000008.855|ethf |*|01|Initial log entry. Current logging level 4
000008.855|dns  |*|01|Initial log entry. Current logging level 3
000008.855|curl |*|01|Initial log entry. Current logging level 3
000008.855|sec  |*|01|Initial log entry. Current logging level 4
000008.864|wdog |*|01|Initial log entry. Current logging level 4
000008.864|lldp |*|01|Initial log entry. Current logging level 3
000008.864|cdp  |*|01|Initial log entry. Current logging level 3
000008.864|key  |*|01|Initial log entry. Current logging level 4
000009.001|hw   |6|01|TouchScreen: found lds700x_ts on /dev/event1, firmware version: 0x4438.34
000009.002|so   |3|01|Platform: Model=VVX 500, Assembly=3111-44500-001 Rev=A Region=0
000009.002|so   |3|01|Platform: Board=3111-44500-001 7 0
000009.002|so   |3|01|Platform: MAC=0004f2900dc6
000009.003|so   |3|01|Platform: BootBlock=3.0.4.0033 (44500-001) 11-Jul-12 12:30
000009.003|so   |*|01|Platform: BootL1=1.0.0.0018 (44500-001) 06-Oct-11 17:01
000009.003|so   |3|01|Application, main: Label=Updater, Version=Azurite 5.0.6.0565 26-Feb-14 08:00
000009.003|so   |3|01|Application, main: P/N=YYYY-YYYYY-YYY
000009.004|log  |*|01|Install file upload callback for 'Updater'

000009.004|app1 |*|01|Initial log entry. Current logging level 3
000009.033|cfg  |*|01|Initial log entry. Current logging level 2
000009.862|so   |3|01|Link status is Net up Speed 100 full Duplex, PC down.
000008.789|so   |*|01|---------- Initial log entry ----------
000008.789|so   |*|01|+++ Note that Updater log times are in GMT +++
000008.789|boot |*|01|Initial log entry. Current logging level 3
000008.789|copy |*|01|Initial log entry. Current logging level 3
000008.789|utilm|*|01|Initial log entry. Current logging level 4
000008.789|hw   |*|01|Initial log entry. Current logging level 4
000008.789|ethf |*|01|Initial log entry. Current logging level 4
000008.789|dns  |*|01|Initial log entry. Current logging level 3
000008.790|curl |*|01|Initial log entry. Current logging level 3
000008.790|sec  |*|01|Initial log entry. Current logging level 4
000008.799|wdog |*|01|Initial log entry. Current logging level 4
000008.800|lldp |*|01|Initial log entry. Current logging level 3
000008.800|cdp  |*|01|Initial log entry. Current logging level 3
000008.800|key  |*|01|Initial log entry. Current logging level 4
000008.942|hw   |6|01|TouchScreen: found lds700x_ts on /dev/event1, firmware version: 0x4438.34
000008.943|so   |3|01|Platform: Model=VVX 500, Assembly=3111-44500-001 Rev=A Region=0
000008.943|so   |3|01|Platform: Board=3111-44500-001 7 0
000008.943|so   |3|01|Platform: MAC=0004f2900dc6
000008.944|so   |3|01|Platform: BootBlock=3.0.4.0033 (44500-001) 11-Jul-12 12:30
000008.945|so   |*|01|Platform: BootL1=1.0.0.0018 (44500-001) 06-Oct-11 17:01
000008.945|so   |3|01|Application, main: Label=Updater, Version=Azurite 5.0.6.0565 26-Feb-14 08:00
000008.945|so   |3|01|Application, main: P/N=YYYY-YYYYY-YYY
000008.945|log  |*|01|Install file upload callback for 'Updater'

000008.946|app1 |*|01|Initial log entry. Current logging level 3
000008.974|cfg  |*|01|Initial log entry. Current logging level 2
000009.794|so   |3|01|Link status is Net up Speed 100 full Duplex, PC down.
000008.814|so   |*|01|---------- Initial log entry ----------
000008.814|so   |*|01|+++ Note that Updater log times are in GMT +++
000008.814|boot |*|01|Initial log entry. Current logging level 3
000008.814|copy |*|01|Initial log entry. Current logging level 3
000008.815|utilm|*|01|Initial log entry. Current logging level 4
000008.815|hw   |*|01|Initial log entry. Current logging level 4
000008.815|ethf |*|01|Initial log entry. Current logging level 4
000008.815|dns  |*|01|Initial log entry. Current logging level 3
000008.815|curl |*|01|Initial log entry. Current logging level 3
000008.815|sec  |*|01|Initial log entry. Current logging level 4
000008.825|wdog |*|01|Initial log entry. Current logging level 4
000008.825|lldp |*|01|Initial log entry. Current logging level 3
000008.825|cdp  |*|01|Initial log entry. Current logging level 3
000008.825|key  |*|01|Initial log entry. Current logging level 4
000008.961|hw   |6|01|TouchScreen: found lds700x_ts on /dev/event1, firmware version: 0x4438.34
000008.962|so   |3|01|Platform: Model=VVX 500, Assembly=3111-44500-001 Rev=A Region=0
000008.962|so   |3|01|Platform: Board=3111-44500-001 7 0
000008.963|so   |3|01|Platform: MAC=0004f2900dc6
000008.963|so   |3|01|Platform: BootBlock=3.0.4.0033 (44500-001) 11-Jul-12 12:30
000008.964|so   |*|01|Platform: BootL1=1.0.0.0018 (44500-001) 06-Oct-11 17:01
000008.964|so   |3|01|Application, main: Label=Updater, Version=Azurite 5.0.6.0565 26-Feb-14 08:00
000008.964|so   |3|01|Application, main: P/N=YYYY-YYYYY-YYY
000008.964|log  |*|01|Install file upload callback for 'Updater'

000008.965|app1 |*|01|Initial log entry. Current logging level 3
000008.994|cfg  |*|01|Initial log entry. Current logging level 2
000009.818|so   |3|01|Link status is Net up Speed 100 full Duplex, PC down.
000008.807|so   |*|01|---------- Initial log entry ----------
000008.807|so   |*|01|+++ Note that Updater log times are in GMT +++
000008.807|boot |*|01|Initial log entry. Current logging level 3
000008.807|copy |*|01|Initial log entry. Current logging level 3
000008.807|utilm|*|01|Initial log entry. Current logging level 4
000008.807|hw   |*|01|Initial log entry. Current logging level 4
000008.807|ethf |*|01|Initial log entry. Current logging level 4
000008.807|dns  |*|01|Initial log entry. Current logging level 3
000008.807|curl |*|01|Initial log entry. Current logging level 3
000008.807|sec  |*|01|Initial log entry. Current logging level 4
000008.817|wdog |*|01|Initial log entry. Current logging level 4
000008.817|lldp |*|01|Initial log entry. Current logging level 3
000008.817|cdp  |*|01|Initial log entry. Current logging level 3
000008.817|key  |*|01|Initial log entry. Current logging level 4
000008.951|hw   |6|01|TouchScreen: found lds700x_ts on /dev/event1, firmware version: 0x4438.34
000008.952|so   |3|01|Platform: Model=VVX 500, Assembly=3111-44500-001 Rev=A Region=0
000008.953|so   |3|01|Platform: Board=3111-44500-001 7 0
000008.953|so   |3|01|Platform: MAC=0004f2900dc6
000008.954|so   |3|01|Platform: BootBlock=3.0.4.0033 (44500-001) 11-Jul-12 12:30
000008.954|so   |*|01|Platform: BootL1=1.0.0.0018 (44500-001) 06-Oct-11 17:01
000008.954|so   |3|01|Application, main: Label=Updater, Version=Azurite 5.0.6.0565 26-Feb-14 08:00
000008.954|so   |3|01|Application, main: P/N=YYYY-YYYYY-YYY
000008.954|log  |*|01|Install file upload callback for 'Updater'

000008.955|app1 |*|01|Initial log entry. Current logging level 3
000008.984|cfg  |*|01|Initial log entry. Current logging level 2
000009.811|so   |3|01|Link status is Net up Speed 100 full Duplex, PC down.
000008.821|so   |*|01|---------- Initial log entry ----------
000008.821|so   |*|01|+++ Note that Updater log times are in GMT +++
000008.821|boot |*|01|Initial log entry. Current logging level 3
000008.821|copy |*|01|Initial log entry. Current logging level 3
000008.821|utilm|*|01|Initial log entry. Current logging level 4
000008.821|hw   |*|01|Initial log entry. Current logging level 4
000008.821|ethf |*|01|Initial log entry. Current logging level 4
000008.821|dns  |*|01|Initial log entry. Current logging level 3
000008.821|curl |*|01|Initial log entry. Current logging level 3
000008.821|sec  |*|01|Initial log entry. Current logging level 4
000008.831|wdog |*|01|Initial log entry. Current logging level 4
000008.831|lldp |*|01|Initial log entry. Current logging level 3
000008.831|cdp  |*|01|Initial log entry. Current logging level 3
000008.831|key  |*|01|Initial log entry. Current logging level 4
000008.961|hw   |6|01|TouchScreen: found lds700x_ts on /dev/event1, firmware version: 0x4438.34
000008.962|so   |3|01|Platform: Model=VVX 500, Assembly=3111-44500-001 Rev=A Region=0
000008.962|so   |3|01|Platform: Board=3111-44500-001 7 0
000008.962|so   |3|01|Platform: MAC=0004f2900dc6
000008.963|so   |3|01|Platform: BootBlock=3.0.4.0033 (44500-001) 11-Jul-12 12:30
000008.964|so   |*|01|Platform: BootL1=1.0.0.0018 (44500-001) 06-Oct-11 17:01
000008.964|so   |3|01|Application, main: Label=Updater, Version=Azurite 5.0.6.0565 26-Feb-14 08:00
000008.964|so   |3|01|Application, main: P/N=YYYY-YYYYY-YYY
000008.964|log  |*|01|Install file upload callback for 'Updater'

000008.965|app1 |*|01|Initial log entry. Current logging level 3
000008.993|cfg  |*|01|Initial log entry. Current logging level 2
000009.825|so   |3|01|Link status is Net up Speed 100 full Duplex, PC down.
000008.916|so   |*|01|---------- Initial log entry ----------
000008.916|so   |*|01|+++ Note that Updater log times are in GMT +++
000008.916|boot |*|01|Initial log entry. Current logging level 3
000008.917|copy |*|01|Initial log entry. Current logging level 3
000008.917|utilm|*|01|Initial log entry. Current logging level 4
000008.917|hw   |*|01|Initial log entry. Current logging level 4
000008.917|ethf |*|01|Initial log entry. Current logging level 4
000008.917|dns  |*|01|Initial log entry. Current logging level 3
000008.917|curl |*|01|Initial log entry. Current logging level 3
000008.917|sec  |*|01|Initial log entry. Current logging level 4
000008.926|wdog |*|01|Initial log entry. Current logging level 4
000008.927|lldp |*|01|Initial log entry. Current logging level 3
000008.927|cdp  |*|01|Initial log entry. Current logging level 3
000008.927|key  |*|01|Initial log entry. Current logging level 4
000009.051|hw   |6|01|TouchScreen: found lds700x_ts on /dev/event1, firmware version: 0x4438.34
000009.052|so   |3|01|Platform: Model=VVX 500, Assembly=3111-44500-001 Rev=A Region=0
000009.052|so   |3|01|Platform: Board=3111-44500-001 7 0
000009.052|so   |3|01|Platform: MAC=0004f2900dc6
000009.053|so   |3|01|Platform: BootBlock=3.0.4.0033 (44500-001) 11-Jul-12 12:30
000009.054|so   |*|01|Platform: BootL1=1.0.0.0018 (44500-001) 06-Oct-11 17:01
000009.054|so   |3|01|Application, main: Label=Updater, Version=Azurite 5.0.6.0565 26-Feb-14 08:00
000009.054|so   |3|01|Application, main: P/N=YYYY-YYYYY-YYY
000009.054|log  |*|01|Install file upload callback for 'Updater'

000009.055|app1 |*|01|Initial log entry. Current logging level 3
000009.083|cfg  |*|01|Initial log entry. Current logging level 2
000009.921|so   |3|01|Link status is Net up Speed 100 full Duplex, PC down.
000008.158|so   |*|00|---------- Initial log entry ----------
000008.158|so   |*|00|+++ Note that Updater log times are in GMT +++
000008.158|boot |*|00|Initial log entry. Current logging level 3
000008.158|copy |*|00|Initial log entry. Current logging level 3
000008.158|utilm|*|00|Initial log entry. Current logging level 4
000008.158|hw   |*|00|Initial log entry. Current logging level 4
000008.158|ethf |*|00|Initial log entry. Current logging level 4
000008.158|dns  |*|00|Initial log entry. Current logging level 3
000008.158|curl |*|00|Initial log entry. Current logging level 3
000008.158|sec  |*|00|Initial log entry. Current logging level 4
000008.168|wdog |*|00|Initial log entry. Current logging level 4
000008.168|lldp |*|00|Initial log entry. Current logging level 3
000008.168|cdp  |*|00|Initial log entry. Current logging level 3
000008.168|key  |*|00|Initial log entry. Current logging level 4
000008.289|hw   |6|00|TouchScreen: found lds700x_ts on /dev/event1, firmware version: 0x4438.34
000008.290|so   |3|00|Platform: Model=VVX 500, Assembly=3111-44500-001 Rev=A Region=0
000008.290|so   |3|00|Platform: Board=3111-44500-001 7 0
000008.290|so   |3|00|Platform: MAC=0004f2900dc6
000008.291|so   |3|00|Platform: BootBlock=3.0.4.0033 (44500-001) 11-Jul-12 12:30
000008.292|so   |*|00|Platform: BootL1=1.0.0.0018 (44500-001) 06-Oct-11 17:01
000008.292|so   |3|00|Application, main: Label=Updater, Version=Azurite 5.0.6.0565 26-Feb-14 08:00
000008.292|so   |3|00|Application, main: P/N=YYYY-YYYYY-YYY
000008.292|log  |*|00|Install file upload callback for 'Updater'

000008.292|app1 |*|00|Initial log entry. Current logging level 3
000008.321|cfg  |*|00|Initial log entry. Current logging level 2
000009.164|so   |3|00|Link status is Net up Speed 100 full Duplex, PC down.
000008.130|so   |*|00|---------- Initial log entry ----------
000008.131|so   |*|00|+++ Note that Updater log times are in GMT +++
000008.131|boot |*|00|Initial log entry. Current logging level 3
000008.131|copy |*|00|Initial log entry. Current logging level 3
000008.131|utilm|*|00|Initial log entry. Current logging level 4
000008.131|hw   |*|00|Initial log entry. Current logging level 4
000008.131|ethf |*|00|Initial log entry. Current logging level 4
000008.131|dns  |*|00|Initial log entry. Current logging level 3
000008.131|curl |*|00|Initial log entry. Current logging level 3
000008.131|sec  |*|00|Initial log entry. Current logging level 4
000008.140|wdog |*|00|Initial log entry. Current logging level 4
000008.140|lldp |*|00|Initial log entry. Current logging level 3
000008.140|cdp  |*|00|Initial log entry. Current logging level 3
000008.140|key  |*|00|Initial log entry. Current logging level 4
000008.269|hw   |6|00|TouchScreen: found lds700x_ts on /dev/event1, firmware version: 0x4438.34
000008.270|so   |3|00|Platform: Model=VVX 500, Assembly=3111-44500-001 Rev=A Region=0
000008.270|so   |3|00|Platform: Board=3111-44500-001 7 0
000008.271|so   |3|00|Platform: MAC=0004f2900dc6
000008.271|so   |3|00|Platform: BootBlock=3.0.4.0033 (44500-001) 11-Jul-12 12:30
000008.272|so   |*|00|Platform: BootL1=1.0.0.0018 (44500-001) 06-Oct-11 17:01
000008.272|so   |3|00|Application, main: Label=Updater, Version=Azurite 5.0.6.0565 26-Feb-14 08:00
000008.272|so   |3|00|Application, main: P/N=YYYY-YYYYY-YYY
000008.272|log  |*|00|Install file upload callback for 'Updater'

000008.273|app1 |*|00|Initial log entry. Current logging level 3
000008.302|cfg  |*|00|Initial log entry. Current logging level 2
000009.137|so   |3|00|Link status is Net up Speed 100 full Duplex, PC down.
000008.127|so   |*|00|---------- Initial log entry ----------
000008.127|so   |*|00|+++ Note that Updater log times are in GMT +++
000008.127|boot |*|00|Initial log entry. Current logging level 3
000008.127|copy |*|00|Initial log entry. Current logging level 3
000008.127|utilm|*|00|Initial log entry. Current logging level 4
000008.127|hw   |*|00|Initial log entry. Current logging level 4
000008.127|ethf |*|00|Initial log entry. Current logging level 4
000008.127|dns  |*|00|Initial log entry. Current logging level 3
000008.128|curl |*|00|Initial log entry. Current logging level 3
000008.128|sec  |*|00|Initial log entry. Current logging level 4
000008.137|wdog |*|00|Initial log entry. Current logging level 4
000008.137|lldp |*|00|Initial log entry. Current logging level 3
000008.137|cdp  |*|00|Initial log entry. Current logging level 3
000008.137|key  |*|00|Initial log entry. Current logging level 4
000008.259|hw   |6|00|TouchScreen: found lds700x_ts on /dev/event1, firmware version: 0x4438.34
000008.260|so   |3|00|Platform: Model=VVX 500, Assembly=3111-44500-001 Rev=A Region=0
000008.260|so   |3|00|Platform: Board=3111-44500-001 7 0
000008.260|so   |3|00|Platform: MAC=0004f2900dc6
000008.261|so   |3|00|Platform: BootBlock=3.0.4.0033 (44500-001) 11-Jul-12 12:30
000008.261|so   |*|00|Platform: BootL1=1.0.0.0018 (44500-001) 06-Oct-11 17:01
000008.261|so   |3|00|Application, main: Label=Updater, Version=Azurite 5.0.6.0565 26-Feb-14 08:00
000008.261|so   |3|00|Application, main: P/N=YYYY-YYYYY-YYY
000008.262|log  |*|00|Install file upload callback for 'Updater'

000008.262|app1 |*|00|Initial log entry. Current logging level 3
000008.291|cfg  |*|00|Initial log entry. Current logging level 2
000009.134|so   |3|00|Link status is Net up Speed 100 full Duplex, PC down.
