000008.741|so   |*|01|---------- Initial log entry ----------
000008.741|so   |*|01|+++ Note that Updater log times are in GMT +++
000008.741|boot |*|01|Initial log entry. Current logging level 3
000008.742|copy |*|01|Initial log entry. Current logging level 3
000008.742|utilm|*|01|Initial log entry. Current logging level 4
000008.742|hw   |*|01|Initial log entry. Current logging level 4
000008.742|ethf |*|01|Initial log entry. Current logging level 4
000008.742|dns  |*|01|Initial log entry. Current logging level 3
000008.742|curl |*|01|Initial log entry. Current logging level 3
000008.742|sec  |*|01|Initial log entry. Current logging level 4
000008.755|wdog |*|01|Initial log entry. Current logging level 4
000008.756|lldp |*|01|Initial log entry. Current logging level 3
000008.756|cdp  |*|01|Initial log entry. Current logging level 3
000008.756|key  |*|01|Initial log entry. Current logging level 4
000008.781|so   |3|01|Platform: Model=VVX 300, Assembly=3111-46135-002 Rev=A Region=0
000008.781|so   |3|01|Platform: Board=3111-46135-002 1 0
000008.782|so   |3|01|Platform: MAC=0004f28e7a3b
000008.783|so   |3|01|Platform: BootBlock=3.0.4.0028 (46135-002) 30-Jan-13 18:00
000008.784|so   |*|01|Platform: BootL1=1.0.0.0009 (46135-002) 11-Jan-13 14:23
000008.784|so   |3|01|Application, main: Label=Updater, Version=Peridot 5.1.4.0844 20-Mar-13 14:16
000008.784|so   |3|01|Application, main: P/N=3150-11069-514
000008.784|so   |5|01|Platform: Both images are incorrect, will use Primary Image.
000008.784|log  |*|01|Install file upload callback for 'Updater'

000008.785|app1 |*|01|Initial log entry. Current logging level 3
000008.800|cfg  |*|01|Initial log entry. Current logging level 2
000009.753|so   |3|01|Link status is Net up Speed 100 full Duplex, PC down.
000009.482|so   |*|00|---------- Initial log entry ----------
000009.482|so   |*|00|+++ Note that Updater log times are in GMT +++
000009.482|boot |*|00|Initial log entry. Current logging level 3
000009.482|copy |*|00|Initial log entry. Current logging level 3
000009.482|utilm|*|00|Initial log entry. Current logging level 4
000009.482|hw   |*|00|Initial log entry. Current logging level 4
000009.482|ethf |*|00|Initial log entry. Current logging level 4
000009.482|dns  |*|00|Initial log entry. Current logging level 3
000009.483|curl |*|00|Initial log entry. Current logging level 3
000009.483|sec  |*|00|Initial log entry. Current logging level 4
000009.495|wdog |*|00|Initial log entry. Current logging level 4
000009.496|lldp |*|00|Initial log entry. Current logging level 3
000009.496|cdp  |*|00|Initial log entry. Current logging level 3
000009.496|key  |*|00|Initial log entry. Current logging level 4
000009.522|so   |3|00|Platform: Model=VVX 300, Assembly=3111-46135-002 Rev=A Region=0
000009.522|so   |3|00|Platform: Board=3111-46135-002 1 0
000009.522|so   |3|00|Platform: MAC=0004f28e7a3b
000009.523|so   |3|00|Platform: BootBlock=3.0.4.0028 (46135-002) 30-Jan-13 18:00
000009.524|so   |*|00|Platform: BootL1=1.0.0.0009 (46135-002) 11-Jan-13 14:23
000009.524|so   |3|00|Application, main: Label=Updater, Version=Peridot 5.1.4.0844 20-Mar-13 14:16
000009.524|so   |3|00|Application, main: P/N=3150-11069-514
000009.524|so   |5|00|Platform: Both images are incorrect, will use Primary Image.
000009.525|log  |*|00|Install file upload callback for 'Updater'

000009.526|app1 |*|00|Initial log entry. Current logging level 3
000009.539|cfg  |*|00|Initial log entry. Current logging level 2
000010.492|so   |3|00|Link status is Net up Speed 100 full Duplex, PC down.
000008.062|so   |*|00|---------- Initial log entry ----------
000008.062|so   |*|00|+++ Note that Updater log times are in GMT +++
000008.062|boot |*|00|Initial log entry. Current logging level 3
000008.063|copy |*|00|Initial log entry. Current logging level 3
000008.063|utilm|*|00|Initial log entry. Current logging level 4
000008.063|hw   |*|00|Initial log entry. Current logging level 4
000008.063|ethf |*|00|Initial log entry. Current logging level 4
000008.063|dns  |*|00|Initial log entry. Current logging level 3
000008.063|curl |*|00|Initial log entry. Current logging level 3
000008.063|sec  |*|00|Initial log entry. Current logging level 4
000008.076|wdog |*|00|Initial log entry. Current logging level 4
000008.076|lldp |*|00|Initial log entry. Current logging level 3
000008.076|cdp  |*|00|Initial log entry. Current logging level 3
000008.076|key  |*|00|Initial log entry. Current logging level 4
000008.111|so   |3|00|Platform: Model=VVX 300, Assembly=3111-46135-002 Rev=A Region=0
000008.111|so   |3|00|Platform: Board=3111-46135-002 1 0
000008.112|so   |3|00|Platform: MAC=0004f28e7a3b
000008.113|so   |3|00|Platform: BootBlock=3.0.4.0028 (46135-002) 30-Jan-13 18:00
000008.114|so   |*|00|Platform: BootL1=1.0.0.0009 (46135-002) 11-Jan-13 14:23
000008.114|so   |3|00|Application, main: Label=Updater, Version=Peridot 5.1.4.0844 20-Mar-13 14:16
000008.114|so   |3|00|Application, main: P/N=3150-11069-514
000008.114|so   |5|00|Platform: Both images are incorrect, will use Primary Image.
000008.114|log  |*|00|Install file upload callback for 'Updater'

000008.115|app1 |*|00|Initial log entry. Current logging level 3
000008.130|cfg  |*|00|Initial log entry. Current logging level 2
000009.069|so   |3|00|Link status is Net up Speed 100 full Duplex, PC up Speed 100 full Duplex.
000008.029|so   |*|00|---------- Initial log entry ----------
000008.030|so   |*|00|+++ Note that Updater log times are in GMT +++
000008.030|boot |*|00|Initial log entry. Current logging level 3
000008.030|copy |*|00|Initial log entry. Current logging level 3
000008.030|utilm|*|00|Initial log entry. Current logging level 4
000008.030|hw   |*|00|Initial log entry. Current logging level 4
000008.030|ethf |*|00|Initial log entry. Current logging level 4
000008.030|dns  |*|00|Initial log entry. Current logging level 3
000008.030|curl |*|00|Initial log entry. Current logging level 3
000008.031|sec  |*|00|Initial log entry. Current logging level 4
000008.043|wdog |*|00|Initial log entry. Current logging level 4
000008.043|lldp |*|00|Initial log entry. Current logging level 3
000008.043|cdp  |*|00|Initial log entry. Current logging level 3
000008.043|key  |*|00|Initial log entry. Current logging level 4
000008.071|so   |3|00|Platform: Model=VVX 300, Assembly=3111-46135-002 Rev=A Region=0
000008.071|so   |3|00|Platform: Board=3111-46135-002 1 0
000008.072|so   |3|00|Platform: MAC=0004f28e7a3b
000008.073|so   |3|00|Platform: BootBlock=3.0.4.0028 (46135-002) 30-Jan-13 18:00
000008.074|so   |*|00|Platform: BootL1=1.0.0.0009 (46135-002) 11-Jan-13 14:23
000008.074|so   |3|00|Application, main: Label=Updater, Version=Peridot 5.1.4.0844 20-Mar-13 14:16
000008.074|so   |3|00|Application, main: P/N=3150-11069-514
000008.074|so   |5|00|Platform: Both images are incorrect, will use Primary Image.
000008.074|log  |*|00|Install file upload callback for 'Updater'

000008.075|app1 |*|00|Initial log entry. Current logging level 3
000008.089|cfg  |*|00|Initial log entry. Current logging level 2
000009.037|so   |3|00|Link status is Net up Speed 100 full Duplex, PC down.
000009.293|so   |*|00|---------- Initial log entry ----------
000009.293|so   |*|00|+++ Note that Updater log times are in GMT +++
000009.293|boot |*|00|Initial log entry. Current logging level 3
000009.293|copy |*|00|Initial log entry. Current logging level 3
000009.293|utilm|*|00|Initial log entry. Current logging level 4
000009.293|hw   |*|00|Initial log entry. Current logging level 4
000009.293|ethf |*|00|Initial log entry. Current logging level 4
000009.293|dns  |*|00|Initial log entry. Current logging level 3
000009.294|curl |*|00|Initial log entry. Current logging level 3
000009.294|sec  |*|00|Initial log entry. Current logging level 4
000009.306|wdog |*|00|Initial log entry. Current logging level 4
000009.307|lldp |*|00|Initial log entry. Current logging level 3
000009.307|cdp  |*|00|Initial log entry. Current logging level 3
000009.307|key  |*|00|Initial log entry. Current logging level 4
000009.331|so   |3|00|Platform: Model=VVX 300, Assembly=3111-46135-002 Rev=A Region=0
000009.332|so   |3|00|Platform: Board=3111-46135-002 1 0
000009.332|so   |3|00|Platform: MAC=0004f28e7a3b
000009.333|so   |3|00|Platform: BootBlock=3.0.4.0028 (46135-002) 30-Jan-13 18:00
000009.334|so   |*|00|Platform: BootL1=1.0.0.0009 (46135-002) 11-Jan-13 14:23
000009.334|so   |3|00|Application, main: Label=Updater, Version=Peridot 5.1.4.0844 20-Mar-13 14:16
000009.334|so   |3|00|Application, main: P/N=3150-11069-514
000009.334|so   |5|00|Platform: Both images are incorrect, will use Primary Image.
000009.334|log  |*|00|Install file upload callback for 'Updater'

000009.335|app1 |*|00|Initial log entry. Current logging level 3
000009.349|cfg  |*|00|Initial log entry. Current logging level 2
000010.303|so   |3|00|Link status is Net up Speed 100 full Duplex, PC down.
000008.080|so   |*|00|---------- Initial log entry ----------
000008.080|so   |*|00|+++ Note that Updater log times are in GMT +++
000008.080|boot |*|00|Initial log entry. Current logging level 3
000008.080|copy |*|00|Initial log entry. Current logging level 3
000008.081|utilm|*|00|Initial log entry. Current logging level 4
000008.081|hw   |*|00|Initial log entry. Current logging level 4
000008.081|ethf |*|00|Initial log entry. Current logging level 4
000008.081|dns  |*|00|Initial log entry. Current logging level 3
000008.081|curl |*|00|Initial log entry. Current logging level 3
000008.081|sec  |*|00|Initial log entry. Current logging level 4
000008.093|wdog |*|00|Initial log entry. Current logging level 4
000008.094|lldp |*|00|Initial log entry. Current logging level 3
000008.094|cdp  |*|00|Initial log entry. Current logging level 3
000008.094|key  |*|00|Initial log entry. Current logging level 4
000008.121|so   |3|00|Platform: Model=VVX 300, Assembly=3111-46135-002 Rev=A Region=0
000008.121|so   |3|00|Platform: Board=3111-46135-002 1 0
000008.122|so   |3|00|Platform: MAC=0004f28e7a3b
000008.123|so   |3|00|Platform: BootBlock=3.0.4.0028 (46135-002) 30-Jan-13 18:00
000008.124|so   |*|00|Platform: BootL1=1.0.0.0009 (46135-002) 11-Jan-13 14:23
000008.124|so   |3|00|Application, main: Label=Updater, Version=Peridot 5.1.4.0844 20-Mar-13 14:16
000008.124|so   |3|00|Application, main: P/N=3150-11069-514
000008.124|so   |5|00|Platform: Both images are incorrect, will use Primary Image.
000008.124|log  |*|00|Install file upload callback for 'Updater'

000008.125|app1 |*|00|Initial log entry. Current logging level 3
000008.139|cfg  |*|00|Initial log entry. Current logging level 2
000008.143|dot1x|*|00|Initial log entry. Current logging level 3
000008.143|app1 |3|00|Starting provisioning because of the start type.
000008.344|tls  |*|00|Initial log entry. Current logging level 4
000009.087|so   |3|00|Link status is Net up Speed 100 full Duplex, PC down.
000014.423|lldp |3|00|LLDP received a response from a switch. LLDP enabled.
000014.480|dhcpc|*|00|Initial log entry. Current logging level 4
000017.102|dns  |*|00|DNS resolver servers are '10.75.3.210' '10.75.3.204'
000017.102|dns  |*|00|DNS resolver search domain is 'van.cdot.ca'
000017.102|app1 |3|00|DNS resolver servers are '10.75.3.210' '10.75.3.204'
000017.102|app1 |3|00|DNS resolver search domain is 'van.cdot.ca'
0422005637|dns  |3|00|DNS lookup for (A) 'p.voxter.com'(74.114.208.245) TTL=50703
0422005637|app1 |3|00|DHCP returned result 0x3E7 from server 10.75.3.210.
0422005637|app1 |3|00|   Phone IP address is 10.75.1.114.
0422005637|app1 |3|00|   Subnet mask is 255.255.255.0.
0422005637|app1 |3|00|   Gateway address is 10.75.1.1.
0422005637|app1 |3|00|   Time server is 10.75.3.210.
0422005637|app1 |3|00|   GMT offset is -28800 seconds.
0422005637|app1 |3|00|   DNS server is 10.75.3.210.
0422005637|app1 |3|00|   DNS alternate server is 10.75.3.204.
0422005637|app1 |3|00|   DNS domain is van.cdot.ca.
0422005744|app1 |3|00|Time has been set from 10.75.3.210 (10.75.3.210).
0422005744|app1 |3|00|   1429664264: 2015-4-22, 0:57:44, DST off
0422005744|copy |3|00|'http://PlcmSpIp:****@p.voxter.com/0004f28e7a3b.cfg' from 'p.voxter.com(74.114.208.245)'
0422005744|copy |3|00|Download of '0004f28e7a3b.cfg' succeeded on attempt 1 (addr 1 of 1)
0422005744|cfg  |*|00|Prov|Starting to update 3111-46135-002.sip.ld
0422005744|copy |3|00|'http://PlcmSpIp:****@p.voxter.com/3111-46135-002.sip.ld' from 'p.voxter.com(74.114.208.245)'
0422005744|cfg  |3|00|New load header information:
0422005744|cfg  |3|00|Code length:         0x027559F0
0422005744|cfg  |3|00|Code Checksum:       0x38A3BFD9
0422005744|cfg  |3|00|Options:             0x00000080
0422005744|cfg  |3|00|Recognized container image
0422005744|cfg  |3|00|New load header information:
0422005744|cfg  |3|00|Code length:         0x020760FC
0422005744|cfg  |3|00|Code Checksum:       0x02B7DAEB
0422005744|cfg  |3|00|Options:             0x00000002
0422005744|cfg  |3|00|Application header is different
0422005744|cfg  |3|00|Application in container image 1 is different
0422005744|cfg  |3|00|New load header information:
0422005744|cfg  |3|00|Code length:         0x006DEFE4
0422005744|cfg  |3|00|Code Checksum:       0x38A32210
0422005744|cfg  |3|00|Options:             0x00000010
0422005744|cfg  |3|00|Updater header is different
0422005744|cfg  |3|00|Updater in container image 2 is different
0422005744|cfg  |3|00|Using Updater
0422005835|cfg  |*|00|Prov|Updating the Updater
0422005835|cfg  |3|00|Using compatible image 0
0422005847|copy |3|00|Download of '3111-46135-002.sip.ld' succeeded on attempt 1 (addr 1 of 1)
0422005847|sig  |*|00|Initial log entry. Current logging level 3
0422005847|sig  |3|00|hwSigParseRemove: found key Sig_3.
0422005848|cfg  |3|00|Good image signature
0422005848|cfg  |4|00|Removing application...
0422005853|cfg  |3|00|Programming Updater from sector 320 to 575
0422005859|cfg  |3|00|Programming to sector 320 complete
0422005901|cfg  |*|00|Prov|Image has been changed
0422005901|cfg  |*|00|Prov|Provisioning needs to reboot to upgrade image(s)
000008.566|so   |*|00|---------- Initial log entry ----------
000008.566|so   |*|00|+++ Note that Updater log times are in GMT +++
000008.566|boot |*|00|Initial log entry. Current logging level 3
000008.567|copy |*|00|Initial log entry. Current logging level 3
000008.567|utilm|*|00|Initial log entry. Current logging level 4
000008.567|hw   |*|00|Initial log entry. Current logging level 4
000008.567|ethf |*|00|Initial log entry. Current logging level 4
000008.567|dns  |*|00|Initial log entry. Current logging level 3
000008.567|curl |*|00|Initial log entry. Current logging level 3
000008.567|sec  |*|00|Initial log entry. Current logging level 4
000008.816|wdog |*|00|Initial log entry. Current logging level 4
000008.817|lldp |*|00|Initial log entry. Current logging level 3
000008.817|cdp  |*|00|Initial log entry. Current logging level 3
000008.817|key  |*|00|Initial log entry. Current logging level 4
000008.817|so   |3|00|SoKeyC::keyboardSetup(): Assigning virtual key: hwId 45 soKeyConcordVirtualTab[i].function 53
000008.841|so   |3|00|Platform: Model=VVX 300, Assembly=3111-46135-002 Rev=A Region=0
000008.841|so   |3|00|Platform: Board=3111-46135-002 1 0
000008.842|so   |3|00|Platform: MAC=0004f28e7a3b
000008.843|so   |3|00|Platform: BootBlock=3.0.4.0028 (46135-002) 30-Jan-13 18:00
000008.844|so   |*|00|Platform: BootL1=1.0.0.0009 (46135-002) 11-Jan-13 14:23
000008.844|so   |3|00|Application, main: Label=Updater, Version=Fayalite 5.5.0.13251 24-Mar-15 02:46
000008.844|so   |3|00|Application, main: P/N=3150-11069-550
000008.844|log  |*|00|Install file upload callback for 'Updater'

000008.845|app1 |*|00|Initial log entry. Current logging level 3
000008.857|cfg  |*|00|Initial log entry. Current logging level 2
000008.862|dot1x|*|00|Initial log entry. Current logging level 3
000008.862|app1 |3|00|Starting provisioning because of the start type.
000009.067|tls  |*|00|Initial log entry. Current logging level 4
000009.816|so   |3|00|Link status is Net up Speed 100 full Duplex, PC down.
000015.159|lldp |3|00|LLDP received a response from a switch. LLDP enabled.
000015.352|dhcpc|*|00|Initial log entry. Current logging level 2
000015.355|dhcpc|3|00|dhcAddIf v4 succeeds: eth0.
000015.359|dhcpc|3|00|dhcRebind v4: Will wait until sync rebind completes.
000016.005|dhcpc|3|00|dhcListener: Read succeeds: state:
.
000016.009|dhcpc|3|00|relLease(0) v4: Succeeded to fork dhclient to terminate.
000016.660|dhcpc|3|00|dhcListener: Read succeeds: eth0 state: PREINIT
.
000016.661|dhcpc|4|00|DhcpClient::processLine: no callback for state 1 if eth0
000017.871|dhcpc|3|00|dhcListener: Read succeeds: eth0 ip: 10.75.1.114
.
000017.872|dhcpc|3|00|dhcListener: Read succeeds: eth0 option: subnet-mask 255.255.255.0
.
000017.874|dhcpc|3|00|dhcListener: Read succeeds: eth0 option: routers 10.75.1.1
.
000017.875|dhcpc|3|00|dhcListener: Read succeeds: eth0 option: domain-name-servers 10.75.3.210 10.75.3.204 10.64.0.200
.
000017.877|dhcpc|3|00|dhcListener: Read succeeds: eth0 option: domain-name van.cdot.ca
.
000017.878|dhcpc|3|00|dhcListener: Read succeeds: eth0 option: time-offset -28800
.
000017.879|dhcpc|3|00|dhcListener: Read succeeds: eth0 option: dhcp-lease-time 691200
.
000017.881|dhcpc|3|00|dhcListener: Read succeeds: eth0 option: dhcp-server-identifier 10.75.3.210
.
000017.882|dhcpc|3|00|dhcListener: Read succeeds: eth0 option: time-servers 10.75.3.210 10.75.133.67
.
000017.886|dhcpc|3|00|dhcListener: Read succeeds: eth0 option: broadcast-address 10.75.1.255
.
000017.891|dhcpc|3|00|dhcListener: Read succeeds: eth0 option: dhcp-lease-time 691200
.
000017.892|dhcpc|3|00|dhcListener: Read succeeds: eth0 option: dhcp-message-type 5
.
000017.894|dhcpc|3|00|dhcListener: Read succeeds: eth0 option: dhcp-renewal-time 345600
.
000017.896|dhcpc|3|00|dhcListener: Read succeeds: eth0 option: dhcp_rebinding_time 604800
.
000017.930|dhcpc|3|00|dhcListener: Read succeeds: eth0 state: BOUND
.
000017.930|dhcpc|4|00|DhcpClient::processLine: no callback for state 2 if eth0
000017.931|dhcpc|3|00|dhcRebind v4: Sync rebind succeeds.
000017.932|dhcpc|3|00|Program eth0 to use subnet mask 255.255.255.0, result -1.
000017.932|dhcpc|3|00|Program eth0 to use ip address 10.75.1.114, result 0.
000017.932|dhcpc|3|00|Program eth0 to use router 10.75.1.1, result 0.
000017.949|dhcpc|3|00|getLease v4: Succeeded to fork dhclient for interface eth0.
000018.941|ares |*|00|Initial log entry. Current logging level 3
000018.943|dns  |*|00|DNS resolver servers are '10.75.3.210' '10.75.3.204'
000018.943|dns  |*|00|DNS resolver search domain is 'van.cdot.ca'
000018.943|app1 |3|00|DNS resolver servers are '10.75.3.210' '10.75.3.204'
000018.943|app1 |3|00|DNS resolver search domain is 'van.cdot.ca'
000018.965|app1 |3|00|DHCP returned result 0x3E7 from server 10.75.3.210.
0422005754|app1 |3|00|   Phone IPv4 address is 10.75.1.114.
0422005754|app1 |3|00|   Subnet mask is 255.255.255.0.
0422005754|app1 |3|00|   Gateway address is 10.75.1.1.
0422005754|app1 |3|00|   Time server is 10.75.3.210.
0422005754|app1 |3|00|   GMT offset is -28800 seconds.
0422005754|app1 |3|00|   DNS server is 10.75.3.210
0422005754|app1 |3|00|   DNS alternate server is 10.75.3.204.
0422005754|app1 |3|00|   DNS domain is van.cdot.ca.
0422005936|app1 |3|00|Time has been set from 10.75.3.210 (10.75.3.210).
0422005936|app1 |3|00|   1429664376: 2015-4-22, 0:59:36, DST off
0422005936|copy |3|00|'http://PlcmSpIp:****@p.voxter.com/0004f28e7a3b.cfg' from 'p.voxter.com(74.114.208.245)'
0422005936|copy |3|00|Download of '0004f28e7a3b.cfg' succeeded on attempt 1 (addr 1 of 1)
0422005936|cfg  |*|00|Prov|Starting to update 3111-46135-002.sip.ld
0422005936|copy |3|00|'http://PlcmSpIp:****@p.voxter.com/3111-46135-002.sip.ld' from 'p.voxter.com(74.114.208.245)'
0422005936|cfg  |3|00|New load header information:
0422005936|cfg  |3|00|Code length:         0x027559F0
0422005936|cfg  |3|00|Code Checksum:       0x38A3BFD9
0422005936|cfg  |3|00|Options:             0x00000080
0422005936|cfg  |3|00|Recognized container image
0422005936|cfg  |3|00|New load header information:
0422005936|cfg  |3|00|Code length:         0x020760FC
0422005936|cfg  |3|00|Code Checksum:       0x02B7DAEB
0422005936|cfg  |3|00|Options:             0x00000002
0422005936|cfg  |3|00|Could not open application file for checking
0422005936|cfg  |3|00|Application in container image 1 is different
0422005936|cfg  |3|00|New load header information:
0422005936|cfg  |3|00|Code length:         0x006DEFE4
0422005936|cfg  |3|00|Code Checksum:       0x38A32210
0422005936|cfg  |3|00|Options:             0x00000010
0422005936|cfg  |3|00|Updater is already present
0422005936|cfg  |3|00|Updater in container image 2 is not different
0422005936|cfg  |3|00|Using application
0422005936|cfg  |*|00|Prov|Updating the Application
0422005936|cfg  |3|00|Using compatible image 0
0422010029|copy |3|00|buffered_write: transfer terminated
0422010029|copy |3|00|Download of '3111-46135-002.sip.ld' succeeded on attempt 1 (addr 1 of 1)
0422010030|sig  |*|00|Initial log entry. Current logging level 3
0422010030|sig  |3|00|hwSigParseRemove: found key Sig_3.
0422010033|cfg  |3|00|Good image signature
0422010033|cfg  |3|00|Programming 34038588 bytes into tffs in 4K blocks
0422010036|cfg  |3|00|Extracting application files
0422010036|cfg  |3|00|New load header information:
0422010036|cfg  |3|00|Code length:         0x020760FC
0422010036|cfg  |3|00|Code Checksum:       0x02B7DAEB
0422010036|cfg  |3|00|Options:             0x00000002
0422010300|cfg  |3|00|Finished extracting application files (OK)
0422010309|cfg  |3|00|File system is synchronized
0422010309|cfg  |*|00|Prov|Succeeded updating file 3111-46135-002.sip.ld
0422010309|cfg  |*|00|Prov|Image has been changed
0422010309|cfg  |3|00|Prov|Provisioning succeeded
0422010309|app1 |3|00|Application, load: Type=SIP, Version=5.3.0.12074 24-Mar-15 03:06
0422010309|cfg  |*|00|Prov|Finished updating configuration
0422010309|boot |*|00|Using TFFS for flash load
0422010309|boot |*|00|Code length:         0x020760FC
0422010309|boot |*|00|Code checksum:       0x02B7DAEB
0422010309|app1 |4|00|Loaded application sip.ld from local system successfully.
0422010309|app1 |6|00|Uploading boot log, time is Wed Apr 22 01:03:10 2015

0422010310|copy |3|00|'http://PlcmSpIp:****@p.voxter.com/logs/0004f28e7a3b-boot.log' to 'p.voxter.com(74.114.208.245)'
0422010310|copy |3|00|Upload of 'logs/0004f28e7a3b-boot.log' succeeded on attempt 1 (addr 1 of 1)
0422010310|dhcpc|3|00|relLease(0) v4: Succeeded to fork dhclient to terminate.
0422010323|cfg  |3|00|Prov|Shutting down
000008.428|so   |*|00|---------- Initial log entry ----------
000008.428|so   |*|00|+++ Note that Updater log times are in GMT +++
000008.428|boot |*|00|Initial log entry. Current logging level 3
000008.428|copy |*|00|Initial log entry. Current logging level 3
000008.429|utilm|*|00|Initial log entry. Current logging level 4
000008.429|hw   |*|00|Initial log entry. Current logging level 4
000008.429|ethf |*|00|Initial log entry. Current logging level 4
000008.429|dns  |*|00|Initial log entry. Current logging level 3
000008.429|curl |*|00|Initial log entry. Current logging level 3
000008.429|sec  |*|00|Initial log entry. Current logging level 4
000008.442|wdog |*|00|Initial log entry. Current logging level 4
000008.442|lldp |*|00|Initial log entry. Current logging level 3
000008.442|cdp  |*|00|Initial log entry. Current logging level 3
000008.442|key  |*|00|Initial log entry. Current logging level 4
000008.443|so   |3|00|SoKeyC::keyboardSetup(): Assigning virtual key: hwId 45 soKeyConcordVirtualTab[i].function 53
000008.471|so   |3|00|Platform: Model=VVX 300, Assembly=3111-46135-002 Rev=A Region=0
000008.472|so   |3|00|Platform: Board=3111-46135-002 1 0
000008.472|so   |3|00|Platform: MAC=0004f28e7a3b
000008.473|so   |3|00|Platform: BootBlock=3.0.4.0028 (46135-002) 30-Jan-13 18:00
000008.474|so   |*|00|Platform: BootL1=1.0.0.0009 (46135-002) 11-Jan-13 14:23
000008.474|so   |3|00|Application, main: Label=Updater, Version=Fayalite 5.5.0.13251 24-Mar-15 02:46
000008.474|so   |3|00|Application, main: P/N=3150-11069-550
000008.474|log  |*|00|Install file upload callback for 'Updater'

000008.475|app1 |*|00|Initial log entry. Current logging level 3
000008.488|cfg  |*|00|Initial log entry. Current logging level 2
000008.501|app1 |3|00|Application, load: Type=SIP, Version=5.3.0.12074 24-Mar-15 03:06
000009.437|so   |3|00|Link status is Net up Speed 100 full Duplex, PC down.
