000008.808|so   |*|01|---------- Initial log entry ----------
000008.808|so   |*|01|+++ Note that Updater log times are in GMT +++
000008.808|boot |*|01|Initial log entry. Current logging level 3
000008.809|copy |*|01|Initial log entry. Current logging level 3
000008.809|utilm|*|01|Initial log entry. Current logging level 4
000008.809|hw   |*|01|Initial log entry. Current logging level 4
000008.809|ethf |*|01|Initial log entry. Current logging level 4
000008.809|dns  |*|01|Initial log entry. Current logging level 3
000008.809|curl |*|01|Initial log entry. Current logging level 3
000008.809|sec  |*|01|Initial log entry. Current logging level 4
000008.828|wdog |*|01|Initial log entry. Current logging level 4
000008.828|lldp |*|01|Initial log entry. Current logging level 3
000008.828|cdp  |*|01|Initial log entry. Current logging level 3
000008.828|key  |*|01|Initial log entry. Current logging level 4
000008.851|so   |3|01|Platform: Model=VVX 410, Assembly=3111-46162-001 Rev=A Region=0
000008.851|so   |3|01|Platform: Board=3111-46162-001 2 0
000008.851|so   |3|01|Platform: MAC=0004f28c8f0e
000008.852|so   |3|01|Platform: BootBlock=3.0.4.0146 (46162-001) 10-Jan-13 20:21
000008.853|so   |*|01|Platform: BootL1=1.0.0.0041 (46162-001) 10-Jan-13 20:16
000008.853|so   |3|01|Application, main: Label=Updater, Version=Peridot 5.1.4.0844 20-Mar-13 14:16
000008.853|so   |3|01|Application, main: P/N=3150-11069-514
000008.853|so   |5|01|Platform: Both images are incorrect, will use Primary Image.
000008.854|log  |*|01|Install file upload callback for 'Updater'

000008.855|app1 |*|01|Initial log entry. Current logging level 3
000008.898|cfg  |*|01|Initial log entry. Current logging level 2
000009.821|so   |3|01|Link status is Net up Speed 1000 full Duplex, PC down.
000008.174|so   |*|00|---------- Initial log entry ----------
000008.174|so   |*|00|+++ Note that Updater log times are in GMT +++
000008.174|boot |*|00|Initial log entry. Current logging level 3
000008.175|copy |*|00|Initial log entry. Current logging level 3
000008.175|utilm|*|00|Initial log entry. Current logging level 4
000008.175|hw   |*|00|Initial log entry. Current logging level 4
000008.175|ethf |*|00|Initial log entry. Current logging level 4
000008.175|dns  |*|00|Initial log entry. Current logging level 3
000008.175|curl |*|00|Initial log entry. Current logging level 3
000008.175|sec  |*|00|Initial log entry. Current logging level 4
000008.194|wdog |*|00|Initial log entry. Current logging level 4
000008.194|lldp |*|00|Initial log entry. Current logging level 3
000008.194|cdp  |*|00|Initial log entry. Current logging level 3
000008.194|key  |*|00|Initial log entry. Current logging level 4
000008.231|so   |3|00|Platform: Model=VVX 410, Assembly=3111-46162-001 Rev=A Region=0
000008.231|so   |3|00|Platform: Board=3111-46162-001 2 0
000008.232|so   |3|00|Platform: MAC=0004f28c8f0e
000008.233|so   |3|00|Platform: BootBlock=3.0.4.0146 (46162-001) 10-Jan-13 20:21
000008.233|so   |*|00|Platform: BootL1=1.0.0.0041 (46162-001) 10-Jan-13 20:16
000008.234|so   |3|00|Application, main: Label=Updater, Version=Peridot 5.1.4.0844 20-Mar-13 14:16
000008.234|so   |3|00|Application, main: P/N=3150-11069-514
000008.234|so   |5|00|Platform: Both images are incorrect, will use Primary Image.
000008.234|log  |*|00|Install file upload callback for 'Updater'

000008.235|app1 |*|00|Initial log entry. Current logging level 3
000008.278|cfg  |*|00|Initial log entry. Current logging level 2
000009.186|so   |3|00|Link status is Net up Speed 1000 full Duplex, PC down.
000008.122|so   |*|00|---------- Initial log entry ----------
000008.122|so   |*|00|+++ Note that Updater log times are in GMT +++
000008.122|boot |*|00|Initial log entry. Current logging level 3
000008.122|copy |*|00|Initial log entry. Current logging level 3
000008.122|utilm|*|00|Initial log entry. Current logging level 4
000008.122|hw   |*|00|Initial log entry. Current logging level 4
000008.123|ethf |*|00|Initial log entry. Current logging level 4
000008.123|dns  |*|00|Initial log entry. Current logging level 3
000008.123|curl |*|00|Initial log entry. Current logging level 3
000008.123|sec  |*|00|Initial log entry. Current logging level 4
000008.142|wdog |*|00|Initial log entry. Current logging level 4
000008.143|lldp |*|00|Initial log entry. Current logging level 3
000008.143|cdp  |*|00|Initial log entry. Current logging level 3
000008.143|key  |*|00|Initial log entry. Current logging level 4
000008.181|so   |3|00|Platform: Model=VVX 410, Assembly=3111-46162-001 Rev=A Region=0
000008.181|so   |3|00|Platform: Board=3111-46162-001 2 0
000008.182|so   |3|00|Platform: MAC=0004f28c8f0e
000008.183|so   |3|00|Platform: BootBlock=3.0.4.0146 (46162-001) 10-Jan-13 20:21
000008.184|so   |*|00|Platform: BootL1=1.0.0.0041 (46162-001) 10-Jan-13 20:16
000008.184|so   |3|00|Application, main: Label=Updater, Version=Peridot 5.1.4.0844 20-Mar-13 14:16
000008.184|so   |3|00|Application, main: P/N=3150-11069-514
000008.184|so   |5|00|Platform: Both images are incorrect, will use Primary Image.
000008.184|log  |*|00|Install file upload callback for 'Updater'

000008.185|app1 |*|00|Initial log entry. Current logging level 3
000008.228|cfg  |*|00|Initial log entry. Current logging level 2
000009.141|so   |3|00|Link status is Net up Speed 1000 full Duplex, PC down.
000015.225|so   |3|00|Link status is Net up Speed 1000 full Duplex, PC up Speed 100 full Duplex.
000008.249|so   |*|00|---------- Initial log entry ----------
000008.249|so   |*|00|+++ Note that Updater log times are in GMT +++
000008.249|boot |*|00|Initial log entry. Current logging level 3
000008.249|copy |*|00|Initial log entry. Current logging level 3
000008.249|utilm|*|00|Initial log entry. Current logging level 4
000008.249|hw   |*|00|Initial log entry. Current logging level 4
000008.249|ethf |*|00|Initial log entry. Current logging level 4
000008.250|dns  |*|00|Initial log entry. Current logging level 3
000008.250|curl |*|00|Initial log entry. Current logging level 3
000008.250|sec  |*|00|Initial log entry. Current logging level 4
000008.269|wdog |*|00|Initial log entry. Current logging level 4
000008.270|lldp |*|00|Initial log entry. Current logging level 3
000008.270|cdp  |*|00|Initial log entry. Current logging level 3
000008.270|key  |*|00|Initial log entry. Current logging level 4
000008.301|so   |3|00|Platform: Model=VVX 410, Assembly=3111-46162-001 Rev=A Region=0
000008.301|so   |3|00|Platform: Board=3111-46162-001 2 0
000008.302|so   |3|00|Platform: MAC=0004f28c8f0e
000008.303|so   |3|00|Platform: BootBlock=3.0.4.0146 (46162-001) 10-Jan-13 20:21
000008.304|so   |*|00|Platform: BootL1=1.0.0.0041 (46162-001) 10-Jan-13 20:16
000008.304|so   |3|00|Application, main: Label=Updater, Version=Peridot 5.1.4.0844 20-Mar-13 14:16
000008.304|so   |3|00|Application, main: P/N=3150-11069-514
000008.304|so   |5|00|Platform: Both images are incorrect, will use Primary Image.
000008.304|log  |*|00|Install file upload callback for 'Updater'

000008.305|app1 |*|00|Initial log entry. Current logging level 3
000008.352|cfg  |*|00|Initial log entry. Current logging level 2
000009.267|so   |3|00|Link status is Net up Speed 1000 full Duplex, PC up Speed 1000 full Duplex.
