0420112500|dns  |4|03|doDnsLookupForList: given NULL hostname in task tPktProSys
0420122500|dns  |4|03|doDnsLookupForList: given NULL hostname in task tPktProSys
0420125800|app1 |*|03|Ctx [0] Registered [false]
0420125846|app1 |*|03|Ctx [0] Registered [true]
0420132646|dns  |4|03|doDnsLookupForList: given NULL hostname in task tPktProSys
0420142646|dns  |4|03|doDnsLookupForList: given NULL hostname in task tPktProSys
0420152647|dns  |4|03|doDnsLookupForList: given NULL hostname in task tPktProSys
0420162647|dns  |4|03|doDnsLookupForList: given NULL hostname in task tPktProSys
0420170004|dns  |4|03|doDnsLookupForList: given NULL hostname in task tSntpGet
0420172648|dns  |4|03|doDnsLookupForList: given NULL hostname in task tPktProSys
0420182648|dns  |4|03|doDnsLookupForList: given NULL hostname in task tPktProSys
0420185848|sip  |4|03|NAPTR query for host 'iasusa.voxter.sip.voxter.com' returned no results
0420192648|dns  |4|03|doDnsLookupForList: given NULL hostname in task tPktProSys
0420202648|dns  |4|03|doDnsLookupForList: given NULL hostname in task tPktProSys
0420213048|dns  |4|03|doDnsLookupForList: given NULL hostname in task tPktProSys
0420223448|dns  |4|03|doDnsLookupForList: given NULL hostname in task tPktProSys
0420233848|dns  |4|03|doDnsLookupForList: given NULL hostname in task tPktProSys
0421004248|dns  |4|03|doDnsLookupForList: given NULL hostname in task tPktProSys
0421014648|dns  |4|03|doDnsLookupForList: given NULL hostname in task tPktProSys
0421025048|dns  |4|03|doDnsLookupForList: given NULL hostname in task tPktProSys
0421035448|dns  |4|03|doDnsLookupForList: given NULL hostname in task tPktProSys
0421045848|dns  |4|03|doDnsLookupForList: given NULL hostname in task tPktProSys
0421060248|dns  |4|03|doDnsLookupForList: given NULL hostname in task tPktProSys
0421070648|dns  |4|03|doDnsLookupForList: given NULL hostname in task tPktProSys
0421081048|dns  |4|03|doDnsLookupForList: given NULL hostname in task tPktProSys
0421091448|dns  |4|03|doDnsLookupForList: given NULL hostname in task tPktProSys
0421101848|dns  |4|03|doDnsLookupForList: given NULL hostname in task tPktProSys
0421112248|dns  |4|03|doDnsLookupForList: given NULL hostname in task tPktProSys
0421122249|dns  |4|03|doDnsLookupForList: given NULL hostname in task tPktProSys
0421132249|dns  |4|03|doDnsLookupForList: given NULL hostname in task tPktProSys
0421142249|dns  |4|03|doDnsLookupForList: given NULL hostname in task tPktProSys
0421152249|dns  |4|03|doDnsLookupForList: given NULL hostname in task tPktProSys
0421162249|dns  |4|03|doDnsLookupForList: given NULL hostname in task tPktProSys
0421170005|dns  |4|03|doDnsLookupForList: given NULL hostname in task tSntpGet
0421170006|ares |4|03|aresDnsLookup: select time-out 1 on A lookup for 'pool.ntp.org' after 1 sec
0421171449|sip  |4|03|NAPTR query for host 'iasusa.voxter.sip.voxter.com' returned no results
0421172249|dns  |4|03|doDnsLookupForList: given NULL hostname in task tPktProSys
0421182249|dns  |4|03|doDnsLookupForList: given NULL hostname in task tPktProSys
0421192249|dns  |4|03|doDnsLookupForList: given NULL hostname in task tPktProSys
0421202249|dns  |4|03|doDnsLookupForList: given NULL hostname in task tPktProSys
0421212249|dns  |4|03|doDnsLookupForList: given NULL hostname in task tPktProSys
0421222249|dns  |4|03|doDnsLookupForList: given NULL hostname in task tPktProSys
0421232249|dns  |4|03|doDnsLookupForList: given NULL hostname in task tPktProSys
0422002250|dns  |4|03|doDnsLookupForList: given NULL hostname in task tPktProSys
0422012250|dns  |4|03|doDnsLookupForList: given NULL hostname in task tPktProSys
0422022250|dns  |4|03|doDnsLookupForList: given NULL hostname in task tPktProSys
0422032250|dns  |4|03|doDnsLookupForList: given NULL hostname in task tPktProSys
0422042250|dns  |4|03|doDnsLookupForList: given NULL hostname in task tPktProSys
