000008.704|so   |*|01|---------- Initial log entry ----------
000008.704|so   |*|01|+++ Note that Updater log times are in GMT +++
000008.704|boot |*|01|Initial log entry. Current logging level 3
000008.704|copy |*|01|Initial log entry. Current logging level 3
000008.704|utilm|*|01|Initial log entry. Current logging level 4
000008.704|hw   |*|01|Initial log entry. Current logging level 4
000008.704|ethf |*|01|Initial log entry. Current logging level 4
000008.704|dns  |*|01|Initial log entry. Current logging level 3
000008.705|curl |*|01|Initial log entry. Current logging level 3
000008.705|sec  |*|01|Initial log entry. Current logging level 4
000008.718|wdog |*|01|Initial log entry. Current logging level 4
000008.718|lldp |*|01|Initial log entry. Current logging level 3
000008.718|cdp  |*|01|Initial log entry. Current logging level 3
000008.718|key  |*|01|Initial log entry. Current logging level 4
000008.751|so   |3|01|Platform: Model=VVX 300, Assembly=3111-46135-002 Rev=A Region=0
000008.751|so   |3|01|Platform: Board=3111-46135-002 1 0
000008.752|so   |3|01|Platform: MAC=0004f28e7863
000008.753|so   |3|01|Platform: BootBlock=3.0.4.0028 (46135-002) 30-Jan-13 18:00
000008.754|so   |*|01|Platform: BootL1=1.0.0.0009 (46135-002) 11-Jan-13 14:23
000008.754|so   |3|01|Application, main: Label=Updater, Version=Peridot 5.1.4.0844 20-Mar-13 14:16
000008.754|so   |3|01|Application, main: P/N=3150-11069-514
000008.754|so   |5|01|Platform: Both images are incorrect, will use Primary Image.
000008.754|log  |*|01|Install file upload callback for 'Updater'

000008.755|app1 |*|01|Initial log entry. Current logging level 3
000008.770|cfg  |*|01|Initial log entry. Current logging level 2
000009.716|so   |3|01|Link status is Net up Speed 100 full Duplex, PC down.
000009.663|so   |*|00|---------- Initial log entry ----------
000009.663|so   |*|00|+++ Note that Updater log times are in GMT +++
000009.663|boot |*|00|Initial log entry. Current logging level 3
000009.663|copy |*|00|Initial log entry. Current logging level 3
000009.663|utilm|*|00|Initial log entry. Current logging level 4
000009.664|hw   |*|00|Initial log entry. Current logging level 4
000009.664|ethf |*|00|Initial log entry. Current logging level 4
000009.664|dns  |*|00|Initial log entry. Current logging level 3
000009.664|curl |*|00|Initial log entry. Current logging level 3
000009.664|sec  |*|00|Initial log entry. Current logging level 4
000009.677|wdog |*|00|Initial log entry. Current logging level 4
000009.677|lldp |*|00|Initial log entry. Current logging level 3
000009.677|cdp  |*|00|Initial log entry. Current logging level 3
000009.677|key  |*|00|Initial log entry. Current logging level 4
000009.702|so   |3|00|Platform: Model=VVX 300, Assembly=3111-46135-002 Rev=A Region=0
000009.702|so   |3|00|Platform: Board=3111-46135-002 1 0
000009.703|so   |3|00|Platform: MAC=0004f28e7863
000009.704|so   |3|00|Platform: BootBlock=3.0.4.0028 (46135-002) 30-Jan-13 18:00
000009.705|so   |*|00|Platform: BootL1=1.0.0.0009 (46135-002) 11-Jan-13 14:23
000009.705|so   |3|00|Application, main: Label=Updater, Version=Peridot 5.1.4.0844 20-Mar-13 14:16
000009.705|so   |3|00|Application, main: P/N=3150-11069-514
000009.705|so   |5|00|Platform: Both images are incorrect, will use Primary Image.
000009.705|log  |*|00|Install file upload callback for 'Updater'

000009.706|app1 |*|00|Initial log entry. Current logging level 3
000009.720|cfg  |*|00|Initial log entry. Current logging level 2
000010.673|so   |3|00|Link status is Net up Speed 100 full Duplex, PC down.
000008.104|so   |*|00|---------- Initial log entry ----------
000008.104|so   |*|00|+++ Note that Updater log times are in GMT +++
000008.105|boot |*|00|Initial log entry. Current logging level 3
000008.105|copy |*|00|Initial log entry. Current logging level 3
000008.105|utilm|*|00|Initial log entry. Current logging level 4
000008.105|hw   |*|00|Initial log entry. Current logging level 4
000008.105|ethf |*|00|Initial log entry. Current logging level 4
000008.105|dns  |*|00|Initial log entry. Current logging level 3
000008.105|curl |*|00|Initial log entry. Current logging level 3
000008.105|sec  |*|00|Initial log entry. Current logging level 4
000008.118|wdog |*|00|Initial log entry. Current logging level 4
000008.118|lldp |*|00|Initial log entry. Current logging level 3
000008.119|cdp  |*|00|Initial log entry. Current logging level 3
000008.119|key  |*|00|Initial log entry. Current logging level 4
000008.141|so   |3|00|Platform: Model=VVX 300, Assembly=3111-46135-002 Rev=A Region=0
000008.142|so   |3|00|Platform: Board=3111-46135-002 1 0
000008.142|so   |3|00|Platform: MAC=0004f28e7863
000008.143|so   |3|00|Platform: BootBlock=3.0.4.0028 (46135-002) 30-Jan-13 18:00
000008.144|so   |*|00|Platform: BootL1=1.0.0.0009 (46135-002) 11-Jan-13 14:23
000008.144|so   |3|00|Application, main: Label=Updater, Version=Peridot 5.1.4.0844 20-Mar-13 14:16
000008.144|so   |3|00|Application, main: P/N=3150-11069-514
000008.144|so   |5|00|Platform: Both images are incorrect, will use Primary Image.
000008.144|log  |*|00|Install file upload callback for 'Updater'

000008.145|app1 |*|00|Initial log entry. Current logging level 3
000008.159|cfg  |*|00|Initial log entry. Current logging level 2
000009.113|so   |3|00|Link status is Net up Speed 100 full Duplex, PC down.
000008.488|so   |*|00|---------- Initial log entry ----------
000008.488|so   |*|00|+++ Note that Updater log times are in GMT +++
000008.489|boot |*|00|Initial log entry. Current logging level 3
000008.489|copy |*|00|Initial log entry. Current logging level 3
000008.489|utilm|*|00|Initial log entry. Current logging level 4
000008.489|hw   |*|00|Initial log entry. Current logging level 4
000008.489|ethf |*|00|Initial log entry. Current logging level 4
000008.489|dns  |*|00|Initial log entry. Current logging level 3
000008.489|curl |*|00|Initial log entry. Current logging level 3
000008.489|sec  |*|00|Initial log entry. Current logging level 4
000008.502|wdog |*|00|Initial log entry. Current logging level 4
000008.502|lldp |*|00|Initial log entry. Current logging level 3
000008.503|cdp  |*|00|Initial log entry. Current logging level 3
000008.503|key  |*|00|Initial log entry. Current logging level 4
000008.532|so   |3|00|Platform: Model=VVX 300, Assembly=3111-46135-002 Rev=A Region=0
000008.532|so   |3|00|Platform: Board=3111-46135-002 1 0
000008.533|so   |3|00|Platform: MAC=0004f28e7863
000008.534|so   |3|00|Platform: BootBlock=3.0.4.0028 (46135-002) 30-Jan-13 18:00
000008.535|so   |*|00|Platform: BootL1=1.0.0.0009 (46135-002) 11-Jan-13 14:23
000008.535|so   |3|00|Application, main: Label=Updater, Version=Peridot 5.1.4.0844 20-Mar-13 14:16
000008.535|so   |3|00|Application, main: P/N=3150-11069-514
000008.535|so   |5|00|Platform: Both images are incorrect, will use Primary Image.
000008.535|log  |*|00|Install file upload callback for 'Updater'

000008.536|app1 |*|00|Initial log entry. Current logging level 3
000008.550|cfg  |*|00|Initial log entry. Current logging level 2
000009.498|so   |3|00|Link status is Net up Speed 100 full Duplex, PC down.
000008.114|so   |*|00|---------- Initial log entry ----------
000008.114|so   |*|00|+++ Note that Updater log times are in GMT +++
000008.114|boot |*|00|Initial log entry. Current logging level 3
000008.114|copy |*|00|Initial log entry. Current logging level 3
000008.115|utilm|*|00|Initial log entry. Current logging level 4
000008.115|hw   |*|00|Initial log entry. Current logging level 4
000008.115|ethf |*|00|Initial log entry. Current logging level 4
000008.115|dns  |*|00|Initial log entry. Current logging level 3
000008.115|curl |*|00|Initial log entry. Current logging level 3
000008.115|sec  |*|00|Initial log entry. Current logging level 4
000008.127|wdog |*|00|Initial log entry. Current logging level 4
000008.128|lldp |*|00|Initial log entry. Current logging level 3
000008.128|cdp  |*|00|Initial log entry. Current logging level 3
000008.128|key  |*|00|Initial log entry. Current logging level 4
000008.151|so   |3|00|Platform: Model=VVX 300, Assembly=3111-46135-002 Rev=A Region=0
000008.152|so   |3|00|Platform: Board=3111-46135-002 1 0
000008.152|so   |3|00|Platform: MAC=0004f28e7863
000008.153|so   |3|00|Platform: BootBlock=3.0.4.0028 (46135-002) 30-Jan-13 18:00
000008.154|so   |*|00|Platform: BootL1=1.0.0.0009 (46135-002) 11-Jan-13 14:23
000008.154|so   |3|00|Application, main: Label=Updater, Version=Peridot 5.1.4.0844 20-Mar-13 14:16
000008.154|so   |3|00|Application, main: P/N=3150-11069-514
000008.154|so   |5|00|Platform: Both images are incorrect, will use Primary Image.
000008.154|log  |*|00|Install file upload callback for 'Updater'

000008.155|app1 |*|00|Initial log entry. Current logging level 3
000008.169|cfg  |*|00|Initial log entry. Current logging level 2
000009.122|so   |3|00|Link status is Net up Speed 100 full Duplex, PC down.
