000008.686|so   |*|01|---------- Initial log entry ----------
000008.686|so   |*|01|+++ Note that Updater log times are in GMT +++
000008.686|boot |*|01|Initial log entry. Current logging level 3
000008.686|copy |*|01|Initial log entry. Current logging level 3
000008.686|utilm|*|01|Initial log entry. Current logging level 4
000008.686|hw   |*|01|Initial log entry. Current logging level 4
000008.686|ethf |*|01|Initial log entry. Current logging level 4
000008.686|dns  |*|01|Initial log entry. Current logging level 3
000008.687|curl |*|01|Initial log entry. Current logging level 3
000008.687|sec  |*|01|Initial log entry. Current logging level 4
000008.706|wdog |*|01|Initial log entry. Current logging level 4
000008.706|lldp |*|01|Initial log entry. Current logging level 3
000008.706|cdp  |*|01|Initial log entry. Current logging level 3
000008.706|key  |*|01|Initial log entry. Current logging level 4
000008.731|so   |3|01|Platform: Model=VVX 400, Assembly=3111-46157-002 Rev=A Region=0
000008.731|so   |3|01|Platform: Board=3111-46157-002 1 0
000008.731|so   |3|01|Platform: MAC=0004f28751f8
000008.732|so   |3|01|Platform: BootBlock=3.0.4.0006 (46157-002) 10-Jan-13 19:52
000008.733|so   |*|01|Platform: BootL1=1.0.0.0001 (46157-002) 10-Jan-13 19:27
000008.733|so   |3|01|Application, main: Label=Updater, Version=Peridot 5.1.4.0844 20-Mar-13 14:16
000008.733|so   |3|01|Application, main: P/N=3150-11069-514
000008.733|so   |5|01|Platform: Both images are incorrect, will use Primary Image.
000008.734|log  |*|01|Install file upload callback for 'Updater'

000008.735|app1 |*|01|Initial log entry. Current logging level 3
000008.778|cfg  |*|01|Initial log entry. Current logging level 2
000009.698|so   |3|01|Link status is Net up Speed 100 full Duplex, PC down.
000008.672|so   |*|01|---------- Initial log entry ----------
000008.672|so   |*|01|+++ Note that Updater log times are in GMT +++
000008.672|boot |*|01|Initial log entry. Current logging level 3
000008.672|copy |*|01|Initial log entry. Current logging level 3
000008.672|utilm|*|01|Initial log entry. Current logging level 4
000008.672|hw   |*|01|Initial log entry. Current logging level 4
000008.673|ethf |*|01|Initial log entry. Current logging level 4
000008.673|dns  |*|01|Initial log entry. Current logging level 3
000008.673|curl |*|01|Initial log entry. Current logging level 3
000008.673|sec  |*|01|Initial log entry. Current logging level 4
000008.693|wdog |*|01|Initial log entry. Current logging level 4
000008.693|lldp |*|01|Initial log entry. Current logging level 3
000008.693|cdp  |*|01|Initial log entry. Current logging level 3
000008.694|key  |*|01|Initial log entry. Current logging level 4
000008.731|so   |3|01|Platform: Model=VVX 400, Assembly=3111-46157-002 Rev=A Region=0
000008.731|so   |3|01|Platform: Board=3111-46157-002 1 0
000008.732|so   |3|01|Platform: MAC=0004f28751f8
000008.733|so   |3|01|Platform: BootBlock=3.0.4.0006 (46157-002) 10-Jan-13 19:52
000008.734|so   |*|01|Platform: BootL1=1.0.0.0001 (46157-002) 10-Jan-13 19:27
000008.734|so   |3|01|Application, main: Label=Updater, Version=Peridot 5.1.4.0844 20-Mar-13 14:16
000008.734|so   |3|01|Application, main: P/N=3150-11069-514
000008.734|so   |5|01|Platform: Both images are incorrect, will use Primary Image.
000008.734|log  |*|01|Install file upload callback for 'Updater'

000008.735|app1 |*|01|Initial log entry. Current logging level 3
000008.779|cfg  |*|01|Initial log entry. Current logging level 2
000009.688|so   |3|01|Link status is Net down, PC down.
000012.688|so   |3|01|Link status is Net up Speed 100 full Duplex, PC down.
000008.662|so   |*|01|---------- Initial log entry ----------
000008.662|so   |*|01|+++ Note that Updater log times are in GMT +++
000008.663|boot |*|01|Initial log entry. Current logging level 3
000008.663|copy |*|01|Initial log entry. Current logging level 3
000008.663|utilm|*|01|Initial log entry. Current logging level 4
000008.663|hw   |*|01|Initial log entry. Current logging level 4
000008.663|ethf |*|01|Initial log entry. Current logging level 4
000008.663|dns  |*|01|Initial log entry. Current logging level 3
000008.663|curl |*|01|Initial log entry. Current logging level 3
000008.663|sec  |*|01|Initial log entry. Current logging level 4
000008.684|wdog |*|01|Initial log entry. Current logging level 4
000008.684|lldp |*|01|Initial log entry. Current logging level 3
000008.684|cdp  |*|01|Initial log entry. Current logging level 3
000008.684|key  |*|01|Initial log entry. Current logging level 4
000008.721|so   |3|01|Platform: Model=VVX 400, Assembly=3111-46157-002 Rev=A Region=0
000008.721|so   |3|01|Platform: Board=3111-46157-002 1 0
000008.722|so   |3|01|Platform: MAC=0004f28751f8
000008.723|so   |3|01|Platform: BootBlock=3.0.4.0006 (46157-002) 10-Jan-13 19:52
000008.724|so   |*|01|Platform: BootL1=1.0.0.0001 (46157-002) 10-Jan-13 19:27
000008.724|so   |3|01|Application, main: Label=Updater, Version=Peridot 5.1.4.0844 20-Mar-13 14:16
000008.724|so   |3|01|Application, main: P/N=3150-11069-514
000008.724|so   |5|01|Platform: Both images are incorrect, will use Primary Image.
000008.724|log  |*|01|Install file upload callback for 'Updater'

000008.725|app1 |*|01|Initial log entry. Current logging level 3
000008.769|cfg  |*|01|Initial log entry. Current logging level 2
000009.678|so   |3|01|Link status is Net up Speed 100 full Duplex, PC down.
000007.994|so   |*|00|---------- Initial log entry ----------
000007.994|so   |*|00|+++ Note that Updater log times are in GMT +++
000007.994|boot |*|00|Initial log entry. Current logging level 3
000007.994|copy |*|00|Initial log entry. Current logging level 3
000007.995|utilm|*|00|Initial log entry. Current logging level 4
000007.995|hw   |*|00|Initial log entry. Current logging level 4
000007.995|ethf |*|00|Initial log entry. Current logging level 4
000007.995|dns  |*|00|Initial log entry. Current logging level 3
000007.995|curl |*|00|Initial log entry. Current logging level 3
000007.995|sec  |*|00|Initial log entry. Current logging level 4
000008.014|wdog |*|00|Initial log entry. Current logging level 4
000008.015|lldp |*|00|Initial log entry. Current logging level 3
000008.015|cdp  |*|00|Initial log entry. Current logging level 3
000008.015|key  |*|00|Initial log entry. Current logging level 4
000008.051|so   |3|00|Platform: Model=VVX 400, Assembly=3111-46157-002 Rev=A Region=0
000008.052|so   |3|00|Platform: Board=3111-46157-002 1 0
000008.052|so   |3|00|Platform: MAC=0004f28751f8
000008.053|so   |3|00|Platform: BootBlock=3.0.4.0006 (46157-002) 10-Jan-13 19:52
000008.054|so   |*|00|Platform: BootL1=1.0.0.0001 (46157-002) 10-Jan-13 19:27
000008.054|so   |3|00|Application, main: Label=Updater, Version=Peridot 5.1.4.0844 20-Mar-13 14:16
000008.054|so   |3|00|Application, main: P/N=3150-11069-514
000008.054|so   |5|00|Platform: Both images are incorrect, will use Primary Image.
000008.054|log  |*|00|Install file upload callback for 'Updater'

000008.055|app1 |*|00|Initial log entry. Current logging level 3
000008.098|cfg  |*|00|Initial log entry. Current logging level 2
000009.013|so   |3|00|Link status is Net up Speed 100 full Duplex, PC down.
000008.041|so   |*|00|---------- Initial log entry ----------
000008.041|so   |*|00|+++ Note that Updater log times are in GMT +++
000008.042|boot |*|00|Initial log entry. Current logging level 3
000008.042|copy |*|00|Initial log entry. Current logging level 3
000008.042|utilm|*|00|Initial log entry. Current logging level 4
000008.042|hw   |*|00|Initial log entry. Current logging level 4
000008.042|ethf |*|00|Initial log entry. Current logging level 4
000008.042|dns  |*|00|Initial log entry. Current logging level 3
000008.042|curl |*|00|Initial log entry. Current logging level 3
000008.042|sec  |*|00|Initial log entry. Current logging level 4
000008.061|wdog |*|00|Initial log entry. Current logging level 4
000008.062|lldp |*|00|Initial log entry. Current logging level 3
000008.062|cdp  |*|00|Initial log entry. Current logging level 3
000008.062|key  |*|00|Initial log entry. Current logging level 4
000008.101|so   |3|00|Platform: Model=VVX 400, Assembly=3111-46157-002 Rev=A Region=0
000008.101|so   |3|00|Platform: Board=3111-46157-002 1 0
000008.102|so   |3|00|Platform: MAC=0004f28751f8
000008.103|so   |3|00|Platform: BootBlock=3.0.4.0006 (46157-002) 10-Jan-13 19:52
000008.104|so   |*|00|Platform: BootL1=1.0.0.0001 (46157-002) 10-Jan-13 19:27
000008.104|so   |3|00|Application, main: Label=Updater, Version=Peridot 5.1.4.0844 20-Mar-13 14:16
000008.104|so   |3|00|Application, main: P/N=3150-11069-514
000008.104|so   |5|00|Platform: Both images are incorrect, will use Primary Image.
000008.104|log  |*|00|Install file upload callback for 'Updater'

000008.105|app1 |*|00|Initial log entry. Current logging level 3
000008.148|cfg  |*|00|Initial log entry. Current logging level 2
000009.051|so   |3|00|Link status is Net down, PC down.
000012.051|so   |3|00|Link status is Net up Speed 100 full Duplex, PC down.
000008.036|so   |*|00|---------- Initial log entry ----------
000008.036|so   |*|00|+++ Note that Updater log times are in GMT +++
000008.036|boot |*|00|Initial log entry. Current logging level 3
000008.036|copy |*|00|Initial log entry. Current logging level 3
000008.036|utilm|*|00|Initial log entry. Current logging level 4
000008.036|hw   |*|00|Initial log entry. Current logging level 4
000008.036|ethf |*|00|Initial log entry. Current logging level 4
000008.037|dns  |*|00|Initial log entry. Current logging level 3
000008.037|curl |*|00|Initial log entry. Current logging level 3
000008.037|sec  |*|00|Initial log entry. Current logging level 4
000008.056|wdog |*|00|Initial log entry. Current logging level 4
000008.056|lldp |*|00|Initial log entry. Current logging level 3
000008.056|cdp  |*|00|Initial log entry. Current logging level 3
000008.056|key  |*|00|Initial log entry. Current logging level 4
000008.081|so   |3|00|Platform: Model=VVX 400, Assembly=3111-46157-002 Rev=A Region=0
000008.081|so   |3|00|Platform: Board=3111-46157-002 1 0
000008.082|so   |3|00|Platform: MAC=0004f28751f8
000008.083|so   |3|00|Platform: BootBlock=3.0.4.0006 (46157-002) 10-Jan-13 19:52
000008.084|so   |*|00|Platform: BootL1=1.0.0.0001 (46157-002) 10-Jan-13 19:27
000008.084|so   |3|00|Application, main: Label=Updater, Version=Peridot 5.1.4.0844 20-Mar-13 14:16
000008.084|so   |3|00|Application, main: P/N=3150-11069-514
000008.084|so   |5|00|Platform: Both images are incorrect, will use Primary Image.
000008.084|log  |*|00|Install file upload callback for 'Updater'

000008.085|app1 |*|00|Initial log entry. Current logging level 3
000008.128|cfg  |*|00|Initial log entry. Current logging level 2
000009.053|so   |3|00|Link status is Net up Speed 100 full Duplex, PC down.
000008.078|so   |*|00|---------- Initial log entry ----------
000008.079|so   |*|00|+++ Note that Updater log times are in GMT +++
000008.079|boot |*|00|Initial log entry. Current logging level 3
000008.079|copy |*|00|Initial log entry. Current logging level 3
000008.079|utilm|*|00|Initial log entry. Current logging level 4
000008.079|hw   |*|00|Initial log entry. Current logging level 4
000008.079|ethf |*|00|Initial log entry. Current logging level 4
000008.079|dns  |*|00|Initial log entry. Current logging level 3
000008.080|curl |*|00|Initial log entry. Current logging level 3
000008.080|sec  |*|00|Initial log entry. Current logging level 4
000008.098|wdog |*|00|Initial log entry. Current logging level 4
000008.099|lldp |*|00|Initial log entry. Current logging level 3
000008.099|cdp  |*|00|Initial log entry. Current logging level 3
000008.099|key  |*|00|Initial log entry. Current logging level 4
000008.121|so   |3|00|Platform: Model=VVX 400, Assembly=3111-46157-002 Rev=A Region=0
000008.121|so   |3|00|Platform: Board=3111-46157-002 1 0
000008.122|so   |3|00|Platform: MAC=0004f28751f8
000008.123|so   |3|00|Platform: BootBlock=3.0.4.0006 (46157-002) 10-Jan-13 19:52
000008.123|so   |*|00|Platform: BootL1=1.0.0.0001 (46157-002) 10-Jan-13 19:27
000008.124|so   |3|00|Application, main: Label=Updater, Version=Peridot 5.1.4.0844 20-Mar-13 14:16
000008.124|so   |3|00|Application, main: P/N=3150-11069-514
000008.124|so   |5|00|Platform: Both images are incorrect, will use Primary Image.
000008.124|log  |*|00|Install file upload callback for 'Updater'

000008.125|app1 |*|00|Initial log entry. Current logging level 3
000008.168|cfg  |*|00|Initial log entry. Current logging level 2
000009.097|so   |3|00|Link status is Net up Speed 100 full Duplex, PC down.
000008.018|so   |*|00|---------- Initial log entry ----------
000008.019|so   |*|00|+++ Note that Updater log times are in GMT +++
000008.019|boot |*|00|Initial log entry. Current logging level 3
000008.019|copy |*|00|Initial log entry. Current logging level 3
000008.019|utilm|*|00|Initial log entry. Current logging level 4
000008.019|hw   |*|00|Initial log entry. Current logging level 4
000008.019|ethf |*|00|Initial log entry. Current logging level 4
000008.019|dns  |*|00|Initial log entry. Current logging level 3
000008.020|curl |*|00|Initial log entry. Current logging level 3
000008.020|sec  |*|00|Initial log entry. Current logging level 4
000008.038|wdog |*|00|Initial log entry. Current logging level 4
000008.039|lldp |*|00|Initial log entry. Current logging level 3
000008.039|cdp  |*|00|Initial log entry. Current logging level 3
000008.039|key  |*|00|Initial log entry. Current logging level 4
000008.061|so   |3|00|Platform: Model=VVX 400, Assembly=3111-46157-002 Rev=A Region=0
000008.061|so   |3|00|Platform: Board=3111-46157-002 1 0
000008.062|so   |3|00|Platform: MAC=0004f28751f8
000008.063|so   |3|00|Platform: BootBlock=3.0.4.0006 (46157-002) 10-Jan-13 19:52
000008.064|so   |*|00|Platform: BootL1=1.0.0.0001 (46157-002) 10-Jan-13 19:27
000008.064|so   |3|00|Application, main: Label=Updater, Version=Peridot 5.1.4.0844 20-Mar-13 14:16
000008.064|so   |3|00|Application, main: P/N=3150-11069-514
000008.064|so   |5|00|Platform: Both images are incorrect, will use Primary Image.
000008.064|log  |*|00|Install file upload callback for 'Updater'

000008.065|app1 |*|00|Initial log entry. Current logging level 3
000008.108|cfg  |*|00|Initial log entry. Current logging level 2
000009.037|so   |3|00|Link status is Net down, PC down.
000012.037|so   |3|00|Link status is Net up Speed 100 full Duplex, PC down.
000008.019|so   |*|00|---------- Initial log entry ----------
000008.019|so   |*|00|+++ Note that Updater log times are in GMT +++
000008.019|boot |*|00|Initial log entry. Current logging level 3
000008.019|copy |*|00|Initial log entry. Current logging level 3
000008.019|utilm|*|00|Initial log entry. Current logging level 4
000008.019|hw   |*|00|Initial log entry. Current logging level 4
000008.019|ethf |*|00|Initial log entry. Current logging level 4
000008.020|dns  |*|00|Initial log entry. Current logging level 3
000008.020|curl |*|00|Initial log entry. Current logging level 3
000008.020|sec  |*|00|Initial log entry. Current logging level 4
000008.038|wdog |*|00|Initial log entry. Current logging level 4
000008.039|lldp |*|00|Initial log entry. Current logging level 3
000008.039|cdp  |*|00|Initial log entry. Current logging level 3
000008.039|key  |*|00|Initial log entry. Current logging level 4
000008.061|so   |3|00|Platform: Model=VVX 400, Assembly=3111-46157-002 Rev=A Region=0
000008.061|so   |3|00|Platform: Board=3111-46157-002 1 0
000008.062|so   |3|00|Platform: MAC=0004f28751f8
000008.063|so   |3|00|Platform: BootBlock=3.0.4.0006 (46157-002) 10-Jan-13 19:52
000008.064|so   |*|00|Platform: BootL1=1.0.0.0001 (46157-002) 10-Jan-13 19:27
000008.064|so   |3|00|Application, main: Label=Updater, Version=Peridot 5.1.4.0844 20-Mar-13 14:16
000008.064|so   |3|00|Application, main: P/N=3150-11069-514
000008.064|so   |5|00|Platform: Both images are incorrect, will use Primary Image.
000008.064|log  |*|00|Install file upload callback for 'Updater'

000008.065|app1 |*|00|Initial log entry. Current logging level 3
000008.108|cfg  |*|00|Initial log entry. Current logging level 2
000009.037|so   |3|00|Link status is Net down, PC down.
000012.037|so   |3|00|Link status is Net up Speed 100 full Duplex, PC down.
000008.064|so   |*|00|---------- Initial log entry ----------
000008.064|so   |*|00|+++ Note that Updater log times are in GMT +++
000008.064|boot |*|00|Initial log entry. Current logging level 3
000008.064|copy |*|00|Initial log entry. Current logging level 3
000008.064|utilm|*|00|Initial log entry. Current logging level 4
000008.064|hw   |*|00|Initial log entry. Current logging level 4
000008.064|ethf |*|00|Initial log entry. Current logging level 4
000008.065|dns  |*|00|Initial log entry. Current logging level 3
000008.065|curl |*|00|Initial log entry. Current logging level 3
000008.065|sec  |*|00|Initial log entry. Current logging level 4
000008.084|wdog |*|00|Initial log entry. Current logging level 4
000008.084|lldp |*|00|Initial log entry. Current logging level 3
000008.084|cdp  |*|00|Initial log entry. Current logging level 3
000008.084|key  |*|00|Initial log entry. Current logging level 4
000008.121|so   |3|00|Platform: Model=VVX 400, Assembly=3111-46157-002 Rev=A Region=0
000008.122|so   |3|00|Platform: Board=3111-46157-002 1 0
000008.122|so   |3|00|Platform: MAC=0004f28751f8
000008.123|so   |3|00|Platform: BootBlock=3.0.4.0006 (46157-002) 10-Jan-13 19:52
000008.124|so   |*|00|Platform: BootL1=1.0.0.0001 (46157-002) 10-Jan-13 19:27
000008.124|so   |3|00|Application, main: Label=Updater, Version=Peridot 5.1.4.0844 20-Mar-13 14:16
000008.124|so   |3|00|Application, main: P/N=3150-11069-514
000008.124|so   |5|00|Platform: Both images are incorrect, will use Primary Image.
000008.124|log  |*|00|Install file upload callback for 'Updater'

000008.125|app1 |*|00|Initial log entry. Current logging level 3
000008.168|cfg  |*|00|Initial log entry. Current logging level 2
000009.082|so   |3|00|Link status is Net down, PC down.
000012.082|so   |3|00|Link status is Net up Speed 100 full Duplex, PC down.
000008.043|so   |*|00|---------- Initial log entry ----------
000008.043|so   |*|00|+++ Note that Updater log times are in GMT +++
000008.043|boot |*|00|Initial log entry. Current logging level 3
000008.043|copy |*|00|Initial log entry. Current logging level 3
000008.043|utilm|*|00|Initial log entry. Current logging level 4
000008.043|hw   |*|00|Initial log entry. Current logging level 4
000008.043|ethf |*|00|Initial log entry. Current logging level 4
000008.044|dns  |*|00|Initial log entry. Current logging level 3
000008.044|curl |*|00|Initial log entry. Current logging level 3
000008.044|sec  |*|00|Initial log entry. Current logging level 4
000008.063|wdog |*|00|Initial log entry. Current logging level 4
000008.063|lldp |*|00|Initial log entry. Current logging level 3
000008.063|cdp  |*|00|Initial log entry. Current logging level 3
000008.063|key  |*|00|Initial log entry. Current logging level 4
000008.101|so   |3|00|Platform: Model=VVX 400, Assembly=3111-46157-002 Rev=A Region=0
000008.102|so   |3|00|Platform: Board=3111-46157-002 1 0
000008.102|so   |3|00|Platform: MAC=0004f28751f8
000008.103|so   |3|00|Platform: BootBlock=3.0.4.0006 (46157-002) 10-Jan-13 19:52
000008.104|so   |*|00|Platform: BootL1=1.0.0.0001 (46157-002) 10-Jan-13 19:27
000008.104|so   |3|00|Application, main: Label=Updater, Version=Peridot 5.1.4.0844 20-Mar-13 14:16
000008.104|so   |3|00|Application, main: P/N=3150-11069-514
000008.104|so   |5|00|Platform: Both images are incorrect, will use Primary Image.
000008.104|log  |*|00|Install file upload callback for 'Updater'

000008.105|app1 |*|00|Initial log entry. Current logging level 3
000008.148|cfg  |*|00|Initial log entry. Current logging level 2
000009.062|so   |3|00|Link status is Net up Speed 100 full Duplex, PC down.
000008.045|so   |*|00|---------- Initial log entry ----------
000008.045|so   |*|00|+++ Note that Updater log times are in GMT +++
000008.045|boot |*|00|Initial log entry. Current logging level 3
000008.045|copy |*|00|Initial log entry. Current logging level 3
000008.045|utilm|*|00|Initial log entry. Current logging level 4
000008.045|hw   |*|00|Initial log entry. Current logging level 4
000008.045|ethf |*|00|Initial log entry. Current logging level 4
000008.045|dns  |*|00|Initial log entry. Current logging level 3
000008.045|curl |*|00|Initial log entry. Current logging level 3
000008.046|sec  |*|00|Initial log entry. Current logging level 4
000008.064|wdog |*|00|Initial log entry. Current logging level 4
000008.065|lldp |*|00|Initial log entry. Current logging level 3
000008.065|cdp  |*|00|Initial log entry. Current logging level 3
000008.065|key  |*|00|Initial log entry. Current logging level 4
000008.101|so   |3|00|Platform: Model=VVX 400, Assembly=3111-46157-002 Rev=A Region=0
000008.101|so   |3|00|Platform: Board=3111-46157-002 1 0
000008.102|so   |3|00|Platform: MAC=0004f28751f8
000008.103|so   |3|00|Platform: BootBlock=3.0.4.0006 (46157-002) 10-Jan-13 19:52
000008.104|so   |*|00|Platform: BootL1=1.0.0.0001 (46157-002) 10-Jan-13 19:27
000008.104|so   |3|00|Application, main: Label=Updater, Version=Peridot 5.1.4.0844 20-Mar-13 14:16
000008.104|so   |3|00|Application, main: P/N=3150-11069-514
000008.104|so   |5|00|Platform: Both images are incorrect, will use Primary Image.
000008.104|log  |*|00|Install file upload callback for 'Updater'

000008.105|app1 |*|00|Initial log entry. Current logging level 3
000008.148|cfg  |*|00|Initial log entry. Current logging level 2
000009.064|so   |3|00|Link status is Net up Speed 100 full Duplex, PC down.
000008.048|so   |*|00|---------- Initial log entry ----------
000008.048|so   |*|00|+++ Note that Updater log times are in GMT +++
000008.048|boot |*|00|Initial log entry. Current logging level 3
000008.048|copy |*|00|Initial log entry. Current logging level 3
000008.048|utilm|*|00|Initial log entry. Current logging level 4
000008.048|hw   |*|00|Initial log entry. Current logging level 4
000008.048|ethf |*|00|Initial log entry. Current logging level 4
000008.049|dns  |*|00|Initial log entry. Current logging level 3
000008.049|curl |*|00|Initial log entry. Current logging level 3
000008.049|sec  |*|00|Initial log entry. Current logging level 4
000008.068|wdog |*|00|Initial log entry. Current logging level 4
000008.068|lldp |*|00|Initial log entry. Current logging level 3
000008.068|cdp  |*|00|Initial log entry. Current logging level 3
000008.068|key  |*|00|Initial log entry. Current logging level 4
000008.091|so   |3|00|Platform: Model=VVX 400, Assembly=3111-46157-002 Rev=A Region=0
000008.091|so   |3|00|Platform: Board=3111-46157-002 1 0
000008.092|so   |3|00|Platform: MAC=0004f28751f8
000008.093|so   |3|00|Platform: BootBlock=3.0.4.0006 (46157-002) 10-Jan-13 19:52
000008.094|so   |*|00|Platform: BootL1=1.0.0.0001 (46157-002) 10-Jan-13 19:27
000008.094|so   |3|00|Application, main: Label=Updater, Version=Peridot 5.1.4.0844 20-Mar-13 14:16
000008.094|so   |3|00|Application, main: P/N=3150-11069-514
000008.094|so   |5|00|Platform: Both images are incorrect, will use Primary Image.
000008.094|log  |*|00|Install file upload callback for 'Updater'

000008.095|app1 |*|00|Initial log entry. Current logging level 3
000008.138|cfg  |*|00|Initial log entry. Current logging level 2
000009.067|so   |3|00|Link status is Net down, PC down.
000012.067|so   |3|00|Link status is Net up Speed 100 full Duplex, PC down.
000008.081|so   |*|00|---------- Initial log entry ----------
000008.081|so   |*|00|+++ Note that Updater log times are in GMT +++
000008.081|boot |*|00|Initial log entry. Current logging level 3
000008.081|copy |*|00|Initial log entry. Current logging level 3
000008.081|utilm|*|00|Initial log entry. Current logging level 4
000008.081|hw   |*|00|Initial log entry. Current logging level 4
000008.081|ethf |*|00|Initial log entry. Current logging level 4
000008.082|dns  |*|00|Initial log entry. Current logging level 3
000008.082|curl |*|00|Initial log entry. Current logging level 3
000008.082|sec  |*|00|Initial log entry. Current logging level 4
000008.101|wdog |*|00|Initial log entry. Current logging level 4
000008.101|lldp |*|00|Initial log entry. Current logging level 3
000008.101|cdp  |*|00|Initial log entry. Current logging level 3
000008.101|key  |*|00|Initial log entry. Current logging level 4
000008.141|so   |3|00|Platform: Model=VVX 400, Assembly=3111-46157-002 Rev=A Region=0
000008.141|so   |3|00|Platform: Board=3111-46157-002 1 0
000008.142|so   |3|00|Platform: MAC=0004f28751f8
000008.143|so   |3|00|Platform: BootBlock=3.0.4.0006 (46157-002) 10-Jan-13 19:52
000008.144|so   |*|00|Platform: BootL1=1.0.0.0001 (46157-002) 10-Jan-13 19:27
000008.144|so   |3|00|Application, main: Label=Updater, Version=Peridot 5.1.4.0844 20-Mar-13 14:16
000008.144|so   |3|00|Application, main: P/N=3150-11069-514
000008.144|so   |5|00|Platform: Both images are incorrect, will use Primary Image.
000008.144|log  |*|00|Install file upload callback for 'Updater'

000008.145|app1 |*|00|Initial log entry. Current logging level 3
000008.188|cfg  |*|00|Initial log entry. Current logging level 2
000009.099|so   |3|00|Link status is Net up Speed 100 full Duplex, PC down.
000008.015|so   |*|00|---------- Initial log entry ----------
000008.015|so   |*|00|+++ Note that Updater log times are in GMT +++
000008.015|boot |*|00|Initial log entry. Current logging level 3
000008.015|copy |*|00|Initial log entry. Current logging level 3
000008.015|utilm|*|00|Initial log entry. Current logging level 4
000008.016|hw   |*|00|Initial log entry. Current logging level 4
000008.016|ethf |*|00|Initial log entry. Current logging level 4
000008.016|dns  |*|00|Initial log entry. Current logging level 3
000008.016|curl |*|00|Initial log entry. Current logging level 3
000008.016|sec  |*|00|Initial log entry. Current logging level 4
000008.035|wdog |*|00|Initial log entry. Current logging level 4
000008.035|lldp |*|00|Initial log entry. Current logging level 3
000008.035|cdp  |*|00|Initial log entry. Current logging level 3
000008.035|key  |*|00|Initial log entry. Current logging level 4
000008.061|so   |3|00|Platform: Model=VVX 400, Assembly=3111-46157-002 Rev=A Region=0
000008.061|so   |3|00|Platform: Board=3111-46157-002 1 0
000008.062|so   |3|00|Platform: MAC=0004f28751f8
000008.063|so   |3|00|Platform: BootBlock=3.0.4.0006 (46157-002) 10-Jan-13 19:52
000008.064|so   |*|00|Platform: BootL1=1.0.0.0001 (46157-002) 10-Jan-13 19:27
000008.064|so   |3|00|Application, main: Label=Updater, Version=Peridot 5.1.4.0844 20-Mar-13 14:16
000008.064|so   |3|00|Application, main: P/N=3150-11069-514
000008.064|so   |5|00|Platform: Both images are incorrect, will use Primary Image.
000008.064|log  |*|00|Install file upload callback for 'Updater'

000008.065|app1 |*|00|Initial log entry. Current logging level 3
000008.109|cfg  |*|00|Initial log entry. Current logging level 2
000009.033|so   |3|00|Link status is Net up Speed 100 full Duplex, PC down.
000008.118|so   |*|00|---------- Initial log entry ----------
000008.119|so   |*|00|+++ Note that Updater log times are in GMT +++
000008.119|boot |*|00|Initial log entry. Current logging level 3
000008.119|copy |*|00|Initial log entry. Current logging level 3
000008.119|utilm|*|00|Initial log entry. Current logging level 4
000008.119|hw   |*|00|Initial log entry. Current logging level 4
000008.119|ethf |*|00|Initial log entry. Current logging level 4
000008.119|dns  |*|00|Initial log entry. Current logging level 3
000008.120|curl |*|00|Initial log entry. Current logging level 3
000008.120|sec  |*|00|Initial log entry. Current logging level 4
000008.138|wdog |*|00|Initial log entry. Current logging level 4
000008.139|lldp |*|00|Initial log entry. Current logging level 3
000008.139|cdp  |*|00|Initial log entry. Current logging level 3
000008.139|key  |*|00|Initial log entry. Current logging level 4
000008.161|so   |3|00|Platform: Model=VVX 400, Assembly=3111-46157-002 Rev=A Region=0
000008.161|so   |3|00|Platform: Board=3111-46157-002 1 0
000008.162|so   |3|00|Platform: MAC=0004f28751f8
000008.163|so   |3|00|Platform: BootBlock=3.0.4.0006 (46157-002) 10-Jan-13 19:52
000008.164|so   |*|00|Platform: BootL1=1.0.0.0001 (46157-002) 10-Jan-13 19:27
000008.164|so   |3|00|Application, main: Label=Updater, Version=Peridot 5.1.4.0844 20-Mar-13 14:16
000008.164|so   |3|00|Application, main: P/N=3150-11069-514
000008.164|so   |5|00|Platform: Both images are incorrect, will use Primary Image.
000008.164|log  |*|00|Install file upload callback for 'Updater'

000008.165|app1 |*|00|Initial log entry. Current logging level 3
000008.208|cfg  |*|00|Initial log entry. Current logging level 2
000009.137|so   |3|00|Link status is Net down, PC down.
000012.137|so   |3|00|Link status is Net up Speed 100 full Duplex, PC down.
000008.084|so   |*|00|---------- Initial log entry ----------
000008.085|so   |*|00|+++ Note that Updater log times are in GMT +++
000008.085|boot |*|00|Initial log entry. Current logging level 3
000008.085|copy |*|00|Initial log entry. Current logging level 3
000008.085|utilm|*|00|Initial log entry. Current logging level 4
000008.085|hw   |*|00|Initial log entry. Current logging level 4
000008.085|ethf |*|00|Initial log entry. Current logging level 4
000008.085|dns  |*|00|Initial log entry. Current logging level 3
000008.086|curl |*|00|Initial log entry. Current logging level 3
000008.086|sec  |*|00|Initial log entry. Current logging level 4
000008.104|wdog |*|00|Initial log entry. Current logging level 4
000008.105|lldp |*|00|Initial log entry. Current logging level 3
000008.105|cdp  |*|00|Initial log entry. Current logging level 3
000008.105|key  |*|00|Initial log entry. Current logging level 4
000008.141|so   |3|00|Platform: Model=VVX 400, Assembly=3111-46157-002 Rev=A Region=0
000008.142|so   |3|00|Platform: Board=3111-46157-002 1 0
000008.142|so   |3|00|Platform: MAC=0004f28751f8
000008.143|so   |3|00|Platform: BootBlock=3.0.4.0006 (46157-002) 10-Jan-13 19:52
000008.144|so   |*|00|Platform: BootL1=1.0.0.0001 (46157-002) 10-Jan-13 19:27
000008.144|so   |3|00|Application, main: Label=Updater, Version=Peridot 5.1.4.0844 20-Mar-13 14:16
000008.144|so   |3|00|Application, main: P/N=3150-11069-514
000008.144|so   |5|00|Platform: Both images are incorrect, will use Primary Image.
000008.144|log  |*|00|Install file upload callback for 'Updater'

000008.145|app1 |*|00|Initial log entry. Current logging level 3
000008.188|cfg  |*|00|Initial log entry. Current logging level 2
000009.103|so   |3|00|Link status is Net down, PC down.
000012.103|so   |3|00|Link status is Net up Speed 100 full Duplex, PC down.
000008.068|so   |*|00|---------- Initial log entry ----------
000008.069|so   |*|00|+++ Note that Updater log times are in GMT +++
000008.069|boot |*|00|Initial log entry. Current logging level 3
000008.069|copy |*|00|Initial log entry. Current logging level 3
000008.069|utilm|*|00|Initial log entry. Current logging level 4
000008.069|hw   |*|00|Initial log entry. Current logging level 4
000008.069|ethf |*|00|Initial log entry. Current logging level 4
000008.069|dns  |*|00|Initial log entry. Current logging level 3
000008.070|curl |*|00|Initial log entry. Current logging level 3
000008.070|sec  |*|00|Initial log entry. Current logging level 4
000008.088|wdog |*|00|Initial log entry. Current logging level 4
000008.089|lldp |*|00|Initial log entry. Current logging level 3
000008.089|cdp  |*|00|Initial log entry. Current logging level 3
000008.089|key  |*|00|Initial log entry. Current logging level 4
000008.111|so   |3|00|Platform: Model=VVX 400, Assembly=3111-46157-002 Rev=A Region=0
000008.111|so   |3|00|Platform: Board=3111-46157-002 1 0
000008.112|so   |3|00|Platform: MAC=0004f28751f8
000008.113|so   |3|00|Platform: BootBlock=3.0.4.0006 (46157-002) 10-Jan-13 19:52
000008.114|so   |*|00|Platform: BootL1=1.0.0.0001 (46157-002) 10-Jan-13 19:27
000008.114|so   |3|00|Application, main: Label=Updater, Version=Peridot 5.1.4.0844 20-Mar-13 14:16
000008.114|so   |3|00|Application, main: P/N=3150-11069-514
000008.114|so   |5|00|Platform: Both images are incorrect, will use Primary Image.
000008.114|log  |*|00|Install file upload callback for 'Updater'

000008.115|app1 |*|00|Initial log entry. Current logging level 3
000008.158|cfg  |*|00|Initial log entry. Current logging level 2
000009.087|so   |3|00|Link status is Net down, PC down.
000012.087|so   |3|00|Link status is Net up Speed 100 full Duplex, PC down.
