000008.642|so   |*|01|---------- Initial log entry ----------
000008.642|so   |*|01|+++ Note that Updater log times are in GMT +++
000008.642|boot |*|01|Initial log entry. Current logging level 3
000008.643|copy |*|01|Initial log entry. Current logging level 3
000008.643|utilm|*|01|Initial log entry. Current logging level 4
000008.643|hw   |*|01|Initial log entry. Current logging level 4
000008.643|ethf |*|01|Initial log entry. Current logging level 4
000008.643|dns  |*|01|Initial log entry. Current logging level 3
000008.643|curl |*|01|Initial log entry. Current logging level 3
000008.643|sec  |*|01|Initial log entry. Current logging level 4
000008.656|wdog |*|01|Initial log entry. Current logging level 4
000008.657|lldp |*|01|Initial log entry. Current logging level 3
000008.657|cdp  |*|01|Initial log entry. Current logging level 3
000008.657|key  |*|01|Initial log entry. Current logging level 4
000008.681|so   |3|01|Platform: Model=VVX 300, Assembly=3111-46135-002 Rev=A Region=0
000008.681|so   |3|01|Platform: Board=3111-46135-002 1 0
000008.682|so   |3|01|Platform: MAC=0004f28e7a7f
000008.683|so   |3|01|Platform: BootBlock=3.0.4.0028 (46135-002) 30-Jan-13 18:00
000008.684|so   |*|01|Platform: BootL1=1.0.0.0009 (46135-002) 11-Jan-13 14:23
000008.684|so   |3|01|Application, main: Label=Updater, Version=Peridot 5.1.4.0844 20-Mar-13 14:16
000008.684|so   |3|01|Application, main: P/N=3150-11069-514
000008.684|so   |5|01|Platform: Both images are incorrect, will use Primary Image.
000008.684|log  |*|01|Install file upload callback for 'Updater'

000008.685|app1 |*|01|Initial log entry. Current logging level 3
000008.700|cfg  |*|01|Initial log entry. Current logging level 2
000009.655|so   |3|01|Link status is Net up Speed 100 full Duplex, PC down.
000150.624|dot1x|*|01|Initial log entry. Current logging level 3
000150.807|tls  |*|01|Initial log entry. Current logging level 4
000156.901|lldp |3|01|LLDP received a response from a switch. LLDP enabled.
000156.960|dhcpc|*|01|Initial log entry. Current logging level 4
000230.831|dns  |*|01|DNS resolver servers are '10.64.0.200' '10.75.3.210'
000230.831|dns  |*|01|DNS resolver search domain is 'van.cdot.ca'
000230.831|app1 |3|01|DNS resolver servers are '10.64.0.200' '10.75.3.210'
000230.831|app1 |3|01|DNS resolver search domain is 'van.cdot.ca'
000232.148|dns  |3|01|DNS lookup for (A) 'ztp.polycom.com'(50.19.91.154,174.129.241.97) TTL=60
000232.150|app1 |3|01|DHCP returned result 0x3E7 from server 10.64.0.200.
0101000231|app1 |3|01|   Phone IP address is 10.64.4.101.
0101000231|app1 |3|01|   Subnet mask is 255.255.255.0.
0101000231|app1 |3|01|   Gateway address is 10.64.4.1.
0101000231|app1 |3|01|   Time server is 10.64.0.200.
0101000231|app1 |3|01|   GMT offset is -25200 seconds.
0101000231|app1 |3|01|   DNS server is 10.64.0.200.
0101000231|app1 |3|01|   DNS alternate server is 10.75.3.210.
0101000231|app1 |3|01|   DNS domain is van.cdot.ca.
0101000231|app1 |3|01|Provisioning server address has been set to ZTP.
1223213710|app1 |3|01|Time has been set from 10.64.0.200 (10.64.0.200).
1223213710|app1 |3|01|   1419370630: 2014-12-23, 21:37:10, DST off
1223214400|dns  |3|01|DNS lookup for (A) 'ztp.polycom.com'(50.19.91.154,174.129.241.97) TTL=60
1223214400|copy |3|01|'https://PlcmSpIp:****@ztp.polycom.com/0004f28e7a7f.cfg' from 'ztp.polycom.com(50.19.91.154)'
1223214401|copy |3|01|Download of '0004f28e7a7f.cfg' FAILED on attempt 1 (addr 1 of 2)
1223214401|copy |*|01|Server 'ztp.polycom.com' said '0004f28e7a7f.cfg' is not present
1223214401|copy |3|01|Update of '/ffs0/newinit.mac' failed, leaving local copy intact
1223214401|copy |3|01|'https://PlcmSpIp:****@ztp.polycom.com/000000000000.cfg' from 'ztp.polycom.com(50.19.91.154)'
1223214402|copy |3|01|Download of '000000000000.cfg' succeeded on attempt 1 (addr 1 of 2)
1223214402|cfg  |5|01|Prov|Cannot remove file /ffs0/init.mac.
1223214402|cfg  |*|01|Prov|Starting to update 3111-46135-002.sip.ld
1223214402|copy |3|01|'https://PlcmSpIp:****@ztp.polycom.com/3111-46135-002.sip.ld' from 'ztp.polycom.com(50.19.91.154)'
1223214403|copy |3|01|Download of '3111-46135-002.sip.ld' FAILED on attempt 1 (addr 1 of 2)
1223214403|copy |*|01|Server 'ztp.polycom.com' said '3111-46135-002.sip.ld' is not present
1223214403|cfg  |3|01|Could not get all 512 bytes of the header
1223214403|app1 |4|01|Error downloading 3111-46135-002.sip.ld
1223214403|cfg  |*|01|Prov|Starting to update sip.ld
1223214403|copy |3|01|'https://PlcmSpIp:****@ztp.polycom.com/sip.ld' from 'ztp.polycom.com(50.19.91.154)'
1223214404|copy |3|01|Download of 'sip.ld' FAILED on attempt 1 (addr 1 of 2)
1223214404|copy |*|01|Server 'ztp.polycom.com' said 'sip.ld' is not present
1223214404|cfg  |3|01|Could not get all 512 bytes of the header
1223214404|app1 |4|01|Error downloading sip.ld
1223214404|cfg  |3|01|Prov|Provisioning succeeded
1223214404|app1 |3|01|Application, load: Type=SIP, Version=4.1.4.7430 20-Mar-13 14:23
1223214404|cfg  |*|01|Prov|Finished updating configuration
1223214404|boot |*|01|Using TFFS for flash load
1223214404|boot |*|01|Code length:         0x02A7A000
1223214404|boot |*|01|Code checksum:       0x65750AB5
1223214404|app1 |4|01|Loaded application sip.ld from local system successfully.
1223214404|app1 |6|01|Uploading boot log, time is Tue Dec 23 21:44:05 2014

1223214404|copy |3|01|'https://PlcmSpIp:****@ztp.polycom.com/0004f28e7a7f-boot.log' to 'ztp.polycom.com(50.19.91.154)'
1223214406|copy |3|01|Upload of '0004f28e7a7f-boot.log' FAILED on attempt 1 (addr 1 of 2)
1223214406|copy |*|01|Server 'ztp.polycom.com' said '0004f28e7a7f-boot.log' is not present
1223214406|log  |4|01|UtilLogC::uploadFifoLog: upload error. protocol 0 result = -1
1223214454|cfg  |3|01|Prov|Shutting down
000008.068|so   |*|00|---------- Initial log entry ----------
000008.068|so   |*|00|+++ Note that Updater log times are in GMT +++
000008.069|boot |*|00|Initial log entry. Current logging level 3
000008.069|copy |*|00|Initial log entry. Current logging level 3
000008.069|utilm|*|00|Initial log entry. Current logging level 4
000008.069|hw   |*|00|Initial log entry. Current logging level 4
000008.069|ethf |*|00|Initial log entry. Current logging level 4
000008.069|dns  |*|00|Initial log entry. Current logging level 3
000008.069|curl |*|00|Initial log entry. Current logging level 3
000008.070|sec  |*|00|Initial log entry. Current logging level 4
000008.082|wdog |*|00|Initial log entry. Current logging level 4
000008.082|lldp |*|00|Initial log entry. Current logging level 3
000008.082|cdp  |*|00|Initial log entry. Current logging level 3
000008.083|key  |*|00|Initial log entry. Current logging level 4
000008.111|so   |3|00|Platform: Model=VVX 300, Assembly=3111-46135-002 Rev=A Region=0
000008.111|so   |3|00|Platform: Board=3111-46135-002 1 0
000008.112|so   |3|00|Platform: MAC=0004f28e7a7f
000008.113|so   |3|00|Platform: BootBlock=3.0.4.0028 (46135-002) 30-Jan-13 18:00
000008.114|so   |*|00|Platform: BootL1=1.0.0.0009 (46135-002) 11-Jan-13 14:23
000008.114|so   |3|00|Application, main: Label=Updater, Version=Peridot 5.1.4.0844 20-Mar-13 14:16
000008.114|so   |3|00|Application, main: P/N=3150-11069-514
000008.114|so   |5|00|Platform: Both images are incorrect, will use Primary Image.
000008.114|log  |*|00|Install file upload callback for 'Updater'

000008.115|app1 |*|00|Initial log entry. Current logging level 3
000008.129|cfg  |*|00|Initial log entry. Current logging level 2
000009.076|so   |3|00|Link status is Net up Speed 100 full Duplex, PC down.
000008.101|so   |*|00|---------- Initial log entry ----------
000008.101|so   |*|00|+++ Note that Updater log times are in GMT +++
000008.101|boot |*|00|Initial log entry. Current logging level 3
000008.102|copy |*|00|Initial log entry. Current logging level 3
000008.102|utilm|*|00|Initial log entry. Current logging level 4
000008.102|hw   |*|00|Initial log entry. Current logging level 4
000008.102|ethf |*|00|Initial log entry. Current logging level 4
000008.102|dns  |*|00|Initial log entry. Current logging level 3
000008.102|curl |*|00|Initial log entry. Current logging level 3
000008.102|sec  |*|00|Initial log entry. Current logging level 4
000008.115|wdog |*|00|Initial log entry. Current logging level 4
000008.115|lldp |*|00|Initial log entry. Current logging level 3
000008.115|cdp  |*|00|Initial log entry. Current logging level 3
000008.115|key  |*|00|Initial log entry. Current logging level 4
000008.141|so   |3|00|Platform: Model=VVX 300, Assembly=3111-46135-002 Rev=A Region=0
000008.141|so   |3|00|Platform: Board=3111-46135-002 1 0
000008.142|so   |3|00|Platform: MAC=0004f28e7a7f
000008.143|so   |3|00|Platform: BootBlock=3.0.4.0028 (46135-002) 30-Jan-13 18:00
000008.144|so   |*|00|Platform: BootL1=1.0.0.0009 (46135-002) 11-Jan-13 14:23
000008.144|so   |3|00|Application, main: Label=Updater, Version=Peridot 5.1.4.0844 20-Mar-13 14:16
000008.144|so   |3|00|Application, main: P/N=3150-11069-514
000008.144|so   |5|00|Platform: Both images are incorrect, will use Primary Image.
000008.144|log  |*|00|Install file upload callback for 'Updater'

000008.145|app1 |*|00|Initial log entry. Current logging level 3
000008.159|cfg  |*|00|Initial log entry. Current logging level 2
000009.109|so   |3|00|Link status is Net up Speed 100 full Duplex, PC down.
000008.666|so   |*|01|---------- Initial log entry ----------
000008.667|so   |*|01|+++ Note that Updater log times are in GMT +++
000008.667|boot |*|01|Initial log entry. Current logging level 3
000008.667|copy |*|01|Initial log entry. Current logging level 3
000008.667|utilm|*|01|Initial log entry. Current logging level 4
000008.667|hw   |*|01|Initial log entry. Current logging level 4
000008.667|ethf |*|01|Initial log entry. Current logging level 4
000008.667|dns  |*|01|Initial log entry. Current logging level 3
000008.667|curl |*|01|Initial log entry. Current logging level 3
000008.667|sec  |*|01|Initial log entry. Current logging level 4
000008.681|wdog |*|01|Initial log entry. Current logging level 4
000008.682|lldp |*|01|Initial log entry. Current logging level 3
000008.682|cdp  |*|01|Initial log entry. Current logging level 3
000008.682|key  |*|01|Initial log entry. Current logging level 4
000008.711|so   |3|01|Platform: Model=VVX 300, Assembly=3111-46135-002 Rev=A Region=0
000008.712|so   |3|01|Platform: Board=3111-46135-002 1 0
000008.712|so   |3|01|Platform: MAC=0004f28e7a7f
000008.713|so   |3|01|Platform: BootBlock=3.0.4.0028 (46135-002) 30-Jan-13 18:00
000008.714|so   |*|01|Platform: BootL1=1.0.0.0009 (46135-002) 11-Jan-13 14:23
000008.714|so   |3|01|Application, main: Label=Updater, Version=Peridot 5.1.4.0844 20-Mar-13 14:16
000008.714|so   |3|01|Application, main: P/N=3150-11069-514
000008.714|so   |5|01|Platform: Both images are incorrect, will use Primary Image.
000008.714|log  |*|01|Install file upload callback for 'Updater'

000008.716|app1 |*|01|Initial log entry. Current logging level 3
000008.730|cfg  |*|01|Initial log entry. Current logging level 2
000009.671|so   |3|01|Link status is Net up Speed 100 full Duplex, PC down.
000008.014|so   |*|00|---------- Initial log entry ----------
000008.014|so   |*|00|+++ Note that Updater log times are in GMT +++
000008.015|boot |*|00|Initial log entry. Current logging level 3
000008.015|copy |*|00|Initial log entry. Current logging level 3
000008.015|utilm|*|00|Initial log entry. Current logging level 4
000008.015|hw   |*|00|Initial log entry. Current logging level 4
000008.015|ethf |*|00|Initial log entry. Current logging level 4
000008.015|dns  |*|00|Initial log entry. Current logging level 3
000008.015|curl |*|00|Initial log entry. Current logging level 3
000008.015|sec  |*|00|Initial log entry. Current logging level 4
000008.028|wdog |*|00|Initial log entry. Current logging level 4
000008.028|lldp |*|00|Initial log entry. Current logging level 3
000008.028|cdp  |*|00|Initial log entry. Current logging level 3
000008.028|key  |*|00|Initial log entry. Current logging level 4
000008.051|so   |3|00|Platform: Model=VVX 300, Assembly=3111-46135-002 Rev=A Region=0
000008.052|so   |3|00|Platform: Board=3111-46135-002 1 0
000008.052|so   |3|00|Platform: MAC=0004f28e7a7f
000008.053|so   |3|00|Platform: BootBlock=3.0.4.0028 (46135-002) 30-Jan-13 18:00
000008.054|so   |*|00|Platform: BootL1=1.0.0.0009 (46135-002) 11-Jan-13 14:23
000008.054|so   |3|00|Application, main: Label=Updater, Version=Peridot 5.1.4.0844 20-Mar-13 14:16
000008.054|so   |3|00|Application, main: P/N=3150-11069-514
000008.054|so   |5|00|Platform: Both images are incorrect, will use Primary Image.
000008.054|log  |*|00|Install file upload callback for 'Updater'

000008.056|app1 |*|00|Initial log entry. Current logging level 3
000008.069|cfg  |*|00|Initial log entry. Current logging level 2
000009.022|so   |3|00|Link status is Net up Speed 100 full Duplex, PC down.
000008.140|so   |*|00|---------- Initial log entry ----------
000008.140|so   |*|00|+++ Note that Updater log times are in GMT +++
000008.140|boot |*|00|Initial log entry. Current logging level 3
000008.140|copy |*|00|Initial log entry. Current logging level 3
000008.140|utilm|*|00|Initial log entry. Current logging level 4
000008.140|hw   |*|00|Initial log entry. Current logging level 4
000008.140|ethf |*|00|Initial log entry. Current logging level 4
000008.141|dns  |*|00|Initial log entry. Current logging level 3
000008.141|curl |*|00|Initial log entry. Current logging level 3
000008.141|sec  |*|00|Initial log entry. Current logging level 4
000008.153|wdog |*|00|Initial log entry. Current logging level 4
000008.154|lldp |*|00|Initial log entry. Current logging level 3
000008.154|cdp  |*|00|Initial log entry. Current logging level 3
000008.154|key  |*|00|Initial log entry. Current logging level 4
000008.181|so   |3|00|Platform: Model=VVX 300, Assembly=3111-46135-002 Rev=A Region=0
000008.181|so   |3|00|Platform: Board=3111-46135-002 1 0
000008.182|so   |3|00|Platform: MAC=0004f28e7a7f
000008.183|so   |3|00|Platform: BootBlock=3.0.4.0028 (46135-002) 30-Jan-13 18:00
000008.184|so   |*|00|Platform: BootL1=1.0.0.0009 (46135-002) 11-Jan-13 14:23
000008.184|so   |3|00|Application, main: Label=Updater, Version=Peridot 5.1.4.0844 20-Mar-13 14:16
000008.184|so   |3|00|Application, main: P/N=3150-11069-514
000008.184|so   |5|00|Platform: Both images are incorrect, will use Primary Image.
000008.184|log  |*|00|Install file upload callback for 'Updater'

000008.185|app1 |*|00|Initial log entry. Current logging level 3
000008.199|cfg  |*|00|Initial log entry. Current logging level 2
000009.148|so   |3|00|Link status is Net up Speed 100 full Duplex, PC down.
000008.087|so   |*|00|---------- Initial log entry ----------
000008.088|so   |*|00|+++ Note that Updater log times are in GMT +++
000008.088|boot |*|00|Initial log entry. Current logging level 3
000008.088|copy |*|00|Initial log entry. Current logging level 3
000008.088|utilm|*|00|Initial log entry. Current logging level 4
000008.088|hw   |*|00|Initial log entry. Current logging level 4
000008.088|ethf |*|00|Initial log entry. Current logging level 4
000008.088|dns  |*|00|Initial log entry. Current logging level 3
000008.088|curl |*|00|Initial log entry. Current logging level 3
000008.089|sec  |*|00|Initial log entry. Current logging level 4
000008.101|wdog |*|00|Initial log entry. Current logging level 4
000008.102|lldp |*|00|Initial log entry. Current logging level 3
000008.102|cdp  |*|00|Initial log entry. Current logging level 3
000008.102|key  |*|00|Initial log entry. Current logging level 4
000008.131|so   |3|00|Platform: Model=VVX 300, Assembly=3111-46135-002 Rev=A Region=0
000008.131|so   |3|00|Platform: Board=3111-46135-002 1 0
000008.132|so   |3|00|Platform: MAC=0004f28e7a7f
000008.133|so   |3|00|Platform: BootBlock=3.0.4.0028 (46135-002) 30-Jan-13 18:00
000008.134|so   |*|00|Platform: BootL1=1.0.0.0009 (46135-002) 11-Jan-13 14:23
000008.134|so   |3|00|Application, main: Label=Updater, Version=Peridot 5.1.4.0844 20-Mar-13 14:16
000008.134|so   |3|00|Application, main: P/N=3150-11069-514
000008.134|so   |5|00|Platform: Both images are incorrect, will use Primary Image.
000008.134|log  |*|00|Install file upload callback for 'Updater'

000008.135|app1 |*|00|Initial log entry. Current logging level 3
000008.149|cfg  |*|00|Initial log entry. Current logging level 2
000009.095|so   |3|00|Link status is Net up Speed 100 full Duplex, PC down.
000008.210|so   |*|00|---------- Initial log entry ----------
000008.210|so   |*|00|+++ Note that Updater log times are in GMT +++
000008.210|boot |*|00|Initial log entry. Current logging level 3
000008.210|copy |*|00|Initial log entry. Current logging level 3
000008.210|utilm|*|00|Initial log entry. Current logging level 4
000008.210|hw   |*|00|Initial log entry. Current logging level 4
000008.211|ethf |*|00|Initial log entry. Current logging level 4
000008.211|dns  |*|00|Initial log entry. Current logging level 3
000008.211|curl |*|00|Initial log entry. Current logging level 3
000008.211|sec  |*|00|Initial log entry. Current logging level 4
000008.223|wdog |*|00|Initial log entry. Current logging level 4
000008.224|lldp |*|00|Initial log entry. Current logging level 3
000008.224|cdp  |*|00|Initial log entry. Current logging level 3
000008.224|key  |*|00|Initial log entry. Current logging level 4
000008.251|so   |3|00|Platform: Model=VVX 300, Assembly=3111-46135-002 Rev=A Region=0
000008.251|so   |3|00|Platform: Board=3111-46135-002 1 0
000008.252|so   |3|00|Platform: MAC=0004f28e7a7f
000008.253|so   |3|00|Platform: BootBlock=3.0.4.0028 (46135-002) 30-Jan-13 18:00
000008.254|so   |*|00|Platform: BootL1=1.0.0.0009 (46135-002) 11-Jan-13 14:23
000008.254|so   |3|00|Application, main: Label=Updater, Version=Peridot 5.1.4.0844 20-Mar-13 14:16
000008.254|so   |3|00|Application, main: P/N=3150-11069-514
000008.254|so   |5|00|Platform: Both images are incorrect, will use Primary Image.
000008.254|log  |*|00|Install file upload callback for 'Updater'

000008.255|app1 |*|00|Initial log entry. Current logging level 3
000008.269|cfg  |*|00|Initial log entry. Current logging level 2
000009.219|so   |3|00|Link status is Net up Speed 100 full Duplex, PC down.
000008.063|so   |*|00|---------- Initial log entry ----------
000008.063|so   |*|00|+++ Note that Updater log times are in GMT +++
000008.063|boot |*|00|Initial log entry. Current logging level 3
000008.063|copy |*|00|Initial log entry. Current logging level 3
000008.063|utilm|*|00|Initial log entry. Current logging level 4
000008.063|hw   |*|00|Initial log entry. Current logging level 4
000008.063|ethf |*|00|Initial log entry. Current logging level 4
000008.064|dns  |*|00|Initial log entry. Current logging level 3
000008.064|curl |*|00|Initial log entry. Current logging level 3
000008.064|sec  |*|00|Initial log entry. Current logging level 4
000008.076|wdog |*|00|Initial log entry. Current logging level 4
000008.077|lldp |*|00|Initial log entry. Current logging level 3
000008.077|cdp  |*|00|Initial log entry. Current logging level 3
000008.077|key  |*|00|Initial log entry. Current logging level 4
000008.101|so   |3|00|Platform: Model=VVX 300, Assembly=3111-46135-002 Rev=A Region=0
000008.101|so   |3|00|Platform: Board=3111-46135-002 1 0
000008.102|so   |3|00|Platform: MAC=0004f28e7a7f
000008.103|so   |3|00|Platform: BootBlock=3.0.4.0028 (46135-002) 30-Jan-13 18:00
000008.104|so   |*|00|Platform: BootL1=1.0.0.0009 (46135-002) 11-Jan-13 14:23
000008.104|so   |3|00|Application, main: Label=Updater, Version=Peridot 5.1.4.0844 20-Mar-13 14:16
000008.104|so   |3|00|Application, main: P/N=3150-11069-514
000008.104|so   |5|00|Platform: Both images are incorrect, will use Primary Image.
000008.104|log  |*|00|Install file upload callback for 'Updater'

000008.105|app1 |*|00|Initial log entry. Current logging level 3
000008.119|cfg  |*|00|Initial log entry. Current logging level 2
000009.071|so   |3|00|Link status is Net up Speed 100 full Duplex, PC down.
