000000.365|so   |*|00|---------- Initial log entry ----------
000000.365|so   |*|00|+++ Note that bootrom log times are in GMT +++
000000.365|copy |*|00|Initial log entry. Current logging level 3
000000.365|utilm|*|00|Initial log entry. Current logging level 4
000000.365|hw   |*|00|Initial log entry. Current logging level 4
000000.365|ethf |*|00|Initial log entry. Current logging level 4
000000.365|dns  |*|00|Initial log entry. Current logging level 3
000000.365|curl |*|00|Initial log entry. Current logging level 3
000000.365|sec  |*|00|Initial log entry. Current logging level 4
000000.375|wdog |*|00|Initial log entry. Current logging level 4
000000.375|lldp |*|00|Initial log entry. Current logging level 3
000000.375|lldp |3|00|LLDP is DISABLED.
000000.375|cdp  |*|00|Initial log entry. Current logging level 3
000000.375|cdp  |3|00|CDP is DISABLED.
000000.375|key  |*|00|Initial log entry. Current logging level 4
000000.395|so   |3|00|Platform: Model=SoundPoint IP 331, Assembly=2345-12365-001 Rev=B Region=
000000.395|so   |3|00|Platform: Board=2345-12365-001 1 0
000000.395|so   |3|00|Platform: MAC=0004f2a672dd, IP=Resolving, Subnet Mask=Resolving
000000.395|so   |3|00|Platform: BootBlock=3.0.2.0024 (12365-001) 30-Nov-10 14:56
000000.395|so   |3|00|Application, main: Label=BOOT, Version=Muscovite 4.4.0.0080 26-Jul-11 13:35
000000.395|so   |3|00|Application, main: P/N=3150-11069-440
000000.395|app1 |*|00|Initial log entry. Current logging level 3
000000.410|cfg  |*|00|Initial log entry. Current logging level 2
000000.415|cfg  |3|00|Current BootBlock revision is '3.0.2 (12365-001).0024'
000000.415|cfg  |*|00|Prov|Updating BootBlock
000000.415|cfg  |3|00|Checking pre-compiled image 2345-12360-001.bootblock.ld
000000.415|cfg  |3|00|New load header information:
000000.415|cfg  |3|00|Code length:         0x0000AAC9
000000.415|cfg  |3|00|Header check Sum:    0x0029F78D
000000.415|cfg  |3|00|Code check Sum:      0x00294A9C
000000.415|cfg  |3|00|Options:             0x00000020
000000.415|cfg  |3|00|Image 0 is not compatible 0x00010100
000000.420|cfg  |3|00|Checking pre-compiled image 2345-12365-001.bootblock.ld
000000.420|cfg  |3|00|New load header information:
000000.420|cfg  |3|00|Code length:         0x0000AAC9
000000.420|cfg  |3|00|Header check Sum:    0x0029F792
000000.420|cfg  |3|00|Code check Sum:      0x00294AA1
000000.420|cfg  |3|00|Options:             0x00000020
000000.420|cfg  |3|00|Recognized compatible bootBlock
000000.430|cfg  |3|00|BootBlock is already present
000000.430|cfg  |3|00|Image is already up to date
000000.430|app1 |*|00|BootBlock is already up to date.
000001.370|so   |3|00|Link status is Net up Speed 100 full Duplex, PC down.
000012.320|lldp |3|00|LLDP did not receive a response from a switch. Disabling LLDP.
000017.590|cdp  |3|00|CDP did not receive a response from a switch. Disabling CDP.
000027.120|app1 |3|00|DNS resolver servers are '64.59.144.90' '64.59.150.136'
000027.120|app1 |3|00|DNS resolver search domain is ''
000027.135|app1 |3|00|Bootline: esw(3,0)bootHost:flash e=192.168.0.21:ffffff00:e10:18 h=74.114.208.245 g=192.168.0.1 u=**** pw=**** f=0x40 tn=CircaIP
0210001202|app1 |3|00|DHCP returned result 0x187 from server 192.168.0.1.
0210001202|app1 |3|00|   Phone IP address is 192.168.0.21.
0210001202|app1 |3|00|   Subnet mask is 255.255.255.0.
0210001202|app1 |3|00|   Gateway address is 192.168.0.1.
0210001202|app1 |3|00|   DNS server is 64.59.144.90.
0210001202|app1 |3|00|   DNS alternate server is 64.59.150.136.
0210001401|app1 |3|00|Time has been set from pool.ntp.org (129.128.5.210).
0210001401|app1 |3|00|   1423527241: 2015-2-10, 0:14:1, DST off
0210001401|dns  |3|00|DNS lookup for 'p.voxter.com'(74.114.208.245) TTL=85506
0210001401|copy |3|00|'http://PlcmSpIp:****@p.voxter.com/0004f2a672dd.cfg' from 'p.voxter.com(74.114.208.245)'
0210001401|copy |3|00|Download of '0004f2a672dd.cfg' succeeded on attempt 1 (addr 1 of 1)
0210001401|cfg  |*|00|Prov|Starting to update 2345-12365-001.sip.ld
0210001401|copy |3|00|'http://PlcmSpIp:****@p.voxter.com/2345-12365-001.sip.ld' from 'p.voxter.com(74.114.208.245)'
0210001401|cfg  |3|00|New load header information:
0210001401|cfg  |3|00|Code length:         0x00464FE8
0210001401|cfg  |3|00|Header check Sum:    0x07508F71
0210001401|cfg  |3|00|Code check Sum:      0x070A3E61
0210001401|cfg  |3|00|Options:             0x00000080
0210001401|cfg  |3|00|Recognized container image
0210001401|cfg  |3|00|New load header information:
0210001401|cfg  |3|00|Code length:         0x00382716
0210001401|cfg  |3|00|Header check Sum:    0x283C2952
0210001401|cfg  |3|00|Code check Sum:      0x1BF7B2B3
0210001401|cfg  |3|00|Options:             0x00000102
0210001401|cfg  |3|00|Could not open application file for checking
0210001401|cfg  |3|00|Application in container image 1 is different
0210001401|cfg  |3|00|New load header information:
0210001401|cfg  |3|00|Code length:         0x000E1FD0
0210001401|cfg  |3|00|Header check Sum:    0x3217BDEF
0210001401|cfg  |3|00|Code check Sum:      0x07099BE7
0210001401|cfg  |3|00|Options:             0x00000110
0210001401|cfg  |3|00|BootROM header is different
0210001401|cfg  |3|00|BootROM in container image 2 is different
0210001401|cfg  |3|00|Using bootROM
0210001412|cfg  |*|00|Prov|Updating BootROM
0210001412|cfg  |3|00|Using compatible image 0
0210001415|copy |3|00|Download of '2345-12365-001.sip.ld' succeeded on attempt 1 (addr 1 of 1)
0210001415|sig  |*|00|Initial log entry. Current logging level 3
0210001415|sig  |3|00|hwSigParseRemove: found key Sig_3.
0210001415|cfg  |3|00|Good image signature
0210001415|cfg  |4|00|Removing application...
0210001415|cfg  |3|00|Programming BootROM from sector 19 to 36
0210001432|cfg  |3|00|Programming to sector 19 complete
0210001432|cfg  |3|00|Invalidated old image at sector 1, offset 20.
0210001433|cfg  |*|00|Prov|Image has been changed
0210001433|cfg  |*|00|Prov|Provisioning needs to reboot to upgrade image(s)
000000.360|so   |*|01|---------- Initial log entry ----------
000000.360|so   |*|01|+++ Note that Updater log times are in GMT +++
000000.360|boot |*|01|Initial log entry. Current logging level 3
000000.360|copy |*|01|Initial log entry. Current logging level 3
000000.360|utilm|*|01|Initial log entry. Current logging level 4
000000.360|hw   |*|01|Initial log entry. Current logging level 4
000000.360|ethf |*|01|Initial log entry. Current logging level 4
000000.360|dns  |*|01|Initial log entry. Current logging level 3
000000.360|curl |*|01|Initial log entry. Current logging level 3
000000.360|sec  |*|01|Initial log entry. Current logging level 4
000000.370|wdog |*|01|Initial log entry. Current logging level 4
000000.370|lldp |*|01|Initial log entry. Current logging level 3
000000.370|cdp  |*|01|Initial log entry. Current logging level 3
000000.370|key  |*|01|Initial log entry. Current logging level 4
000000.370|so   |3|01|Platform: Model=SoundPoint IP 331, Assembly=2345-12365-001 Rev=B Region=
000000.370|so   |3|01|Platform: Board=2345-12365-001 1 0
000000.370|so   |3|01|Platform: MAC=0004f2a672dd
000000.370|so   |3|01|Platform: BootBlock=3.0.2.0024 (12365-001) 30-Nov-10 14:56
000000.370|so   |3|01|Application, main: Label=Updater, Version=Azurite 5.0.5.2324 09-Dec-13 15:26
000000.370|so   |3|01|Application, main: P/N=YYYY-YYYYY-YYY
000000.370|log  |*|01|Install file upload callback for 'Updater'

000000.375|app1 |*|01|Initial log entry. Current logging level 3
000000.390|cfg  |*|01|Initial log entry. Current logging level 2
000000.395|app1 |3|01|Application image is not present.
000000.405|dot1x|*|01|Initial log entry. Current logging level 3
000001.365|so   |3|01|Link status is Net up Speed 100 full Duplex, PC down.
000002.765|tls  |*|01|Initial log entry. Current logging level 4
000012.310|lldp |3|01|LLDP did not receive a response from a switch. Disabling LLDP.
000017.355|cdp  |3|01|CDP did not receive a response from a switch. Disabling CDP.
000026.885|dns  |*|01|DNS resolver servers are '64.59.144.90' '64.59.150.136'
000026.885|dns  |*|01|DNS resolver search domain is ''
000026.885|app1 |3|01|DNS resolver servers are '64.59.144.90' '64.59.150.136'
000026.885|app1 |3|01|DNS resolver search domain is ''
000026.900|dns  |3|01|DNS lookup for (A) 'p.voxter.com'(74.114.208.245) TTL=85441
000026.900|app1 |3|01|Bootline: esw(3,0)bootHost:flash e=192.168.0.21:ffffff00:e10:18 h=74.114.208.245 g=192.168.0.1 u=**** pw=**** f=0x40 tn=CircaIP
000026.905|app1 |3|01|DHCP returned result 0x187 from server 192.168.0.1.
000026.905|app1 |3|01|   Phone IP address is 192.168.0.21.
000026.905|app1 |3|01|   Subnet mask is 255.255.255.0.
000026.905|app1 |3|01|   Gateway address is 192.168.0.1.
000026.905|app1 |3|01|   DNS server is 64.59.144.90.
000026.905|app1 |3|01|   DNS alternate server is 64.59.150.136.
000026.920|dns  |3|01|DNS lookup for (A) 'pool.ntp.org'(72.38.129.202,142.137.247.109,69.28.83.155) TTL=87
0210001506|app1 |3|01|Time has been set from pool.ntp.org (72.38.129.202).
0210001506|app1 |3|01|   1423527306: 2015-2-10, 0:15:6, DST off
0210001506|copy |3|01|'http://PlcmSpIp:****@p.voxter.com/0004f2a672dd.cfg' from 'p.voxter.com(74.114.208.245)'
0210001506|copy |3|01|Download of '0004f2a672dd.cfg' succeeded on attempt 1 (addr 1 of 1)
0210001506|cfg  |*|01|Prov|Starting to update 2345-12365-001.sip.ld
0210001506|copy |3|01|'http://PlcmSpIp:****@p.voxter.com/2345-12365-001.sip.ld' from 'p.voxter.com(74.114.208.245)'
0210001506|cfg  |3|01|New load header information:
0210001506|cfg  |3|01|Code length:         0x00464FE8
0210001506|cfg  |3|01|Code Checksum:       0x070A3E61
0210001506|cfg  |3|01|Options:             0x00000080
0210001506|cfg  |3|01|Recognized container image
0210001506|cfg  |3|01|New load header information:
0210001506|cfg  |3|01|Code length:         0x00382716
0210001506|cfg  |3|01|Code Checksum:       0x1BF7B2B3
0210001506|cfg  |3|01|Options:             0x00000102
0210001506|cfg  |3|01|Could not open application file for checking
0210001506|cfg  |3|01|Application in container image 1 is different
0210001506|cfg  |3|01|New load header information:
0210001506|cfg  |3|01|Code length:         0x000E1FD0
0210001506|cfg  |3|01|Code Checksum:       0x07099BE7
0210001506|cfg  |3|01|Options:             0x00000110
0210001506|cfg  |3|01|Updater is already present
0210001506|cfg  |3|01|Updater in container image 2 is not different
0210001506|cfg  |3|01|Using application
0210001506|cfg  |*|01|Prov|Updating the Application
0210001506|cfg  |3|01|Using compatible image 0
0210001517|copy |3|01|buffered_write: transfer terminated
0210001517|copy |3|01|Download of '2345-12365-001.sip.ld' succeeded on attempt 1 (addr 1 of 1)
0210001518|sig  |*|01|Initial log entry. Current logging level 3
0210001518|sig  |3|01|hwSigParseRemove: found key Sig_3.
0210001519|cfg  |3|01|Good image signature
0210001519|cfg  |3|01|Programming 3680594 bytes into tffs in 4K blocks
0210001622|cfg  |*|01|Prov|Succeeded updating file 2345-12365-001.sip.ld
0210001622|cfg  |*|01|Prov|Image has been changed
0210001622|cfg  |3|01|Prov|Provisioning succeeded
0210001622|app1 |3|01|Application, load: Type=SIP, Version=4.0.6.0711 26-Feb-14 07:14
0210001622|boot |*|01|Using TFFS for flash load
0210001622|boot |*|01|Code length:         0x00382716
0210001622|boot |*|01|Code checksum:       0x1BF7B2B3
0210001622|cfg  |*|01|Prov|Finished updating configuration
0210001637|app1 |4|01|Loaded application sip.ld from local system successfully.
0210001637|app1 |6|01|Uploading boot log, time is TUE FEB 10 00:16:38 2015

0210001638|copy |3|01|'http://PlcmSpIp:****@p.voxter.com/logs/0004f2a672dd-boot.log' to 'p.voxter.com(74.114.208.245)'
0210001638|copy |3|01|Upload of 'logs/0004f2a672dd-boot.log' succeeded on attempt 1 (addr 1 of 1)
0210001638|cfg  |3|01|Prov|Shutting down
