000008.635|so   |*|01|---------- Initial log entry ----------
000008.635|so   |*|01|+++ Note that Updater log times are in GMT +++
000008.635|boot |*|01|Initial log entry. Current logging level 3
000008.636|copy |*|01|Initial log entry. Current logging level 3
000008.636|utilm|*|01|Initial log entry. Current logging level 4
000008.636|hw   |*|01|Initial log entry. Current logging level 4
000008.636|ethf |*|01|Initial log entry. Current logging level 4
000008.636|dns  |*|01|Initial log entry. Current logging level 3
000008.636|curl |*|01|Initial log entry. Current logging level 3
000008.636|sec  |*|01|Initial log entry. Current logging level 4
000008.649|wdog |*|01|Initial log entry. Current logging level 4
000008.650|lldp |*|01|Initial log entry. Current logging level 3
000008.650|cdp  |*|01|Initial log entry. Current logging level 3
000008.650|key  |*|01|Initial log entry. Current logging level 4
000008.681|so   |3|01|Platform: Model=VVX 300, Assembly=3111-46135-002 Rev=A Region=0
000008.682|so   |3|01|Platform: Board=3111-46135-002 1 0
000008.682|so   |3|01|Platform: MAC=0004f28852fd
000008.683|so   |3|01|Platform: BootBlock=3.0.4.0028 (46135-002) 30-Jan-13 18:00
000008.684|so   |*|01|Platform: BootL1=1.0.0.0009 (46135-002) 11-Jan-13 14:23
000008.684|so   |3|01|Application, main: Label=Updater, Version=Peridot 5.1.4.0844 20-Mar-13 14:16
000008.684|so   |3|01|Application, main: P/N=3150-11069-514
000008.684|so   |5|01|Platform: Both images are incorrect, will use Primary Image.
000008.684|log  |*|01|Install file upload callback for 'Updater'

000008.685|app1 |*|01|Initial log entry. Current logging level 3
000008.700|cfg  |*|01|Initial log entry. Current logging level 2
000009.648|so   |3|01|Link status is Net up Speed 100 full Duplex, PC down.
000008.660|so   |*|01|---------- Initial log entry ----------
000008.660|so   |*|01|+++ Note that Updater log times are in GMT +++
000008.660|boot |*|01|Initial log entry. Current logging level 3
000008.660|copy |*|01|Initial log entry. Current logging level 3
000008.660|utilm|*|01|Initial log entry. Current logging level 4
000008.661|hw   |*|01|Initial log entry. Current logging level 4
000008.661|ethf |*|01|Initial log entry. Current logging level 4
000008.661|dns  |*|01|Initial log entry. Current logging level 3
000008.661|curl |*|01|Initial log entry. Current logging level 3
000008.661|sec  |*|01|Initial log entry. Current logging level 4
000008.675|wdog |*|01|Initial log entry. Current logging level 4
000008.675|lldp |*|01|Initial log entry. Current logging level 3
000008.675|cdp  |*|01|Initial log entry. Current logging level 3
000008.675|key  |*|01|Initial log entry. Current logging level 4
000008.701|so   |3|01|Platform: Model=VVX 300, Assembly=3111-46135-002 Rev=A Region=0
000008.702|so   |3|01|Platform: Board=3111-46135-002 1 0
000008.702|so   |3|01|Platform: MAC=0004f28852fd
000008.703|so   |3|01|Platform: BootBlock=3.0.4.0028 (46135-002) 30-Jan-13 18:00
000008.704|so   |*|01|Platform: BootL1=1.0.0.0009 (46135-002) 11-Jan-13 14:23
000008.704|so   |3|01|Application, main: Label=Updater, Version=Peridot 5.1.4.0844 20-Mar-13 14:16
000008.704|so   |3|01|Application, main: P/N=3150-11069-514
000008.704|so   |5|01|Platform: Both images are incorrect, will use Primary Image.
000008.704|log  |*|01|Install file upload callback for 'Updater'

000008.706|app1 |*|01|Initial log entry. Current logging level 3
000008.720|cfg  |*|01|Initial log entry. Current logging level 2
000009.667|so   |3|01|Link status is Net up Speed 100 full Duplex, PC down.
000008.709|so   |*|01|---------- Initial log entry ----------
000008.709|so   |*|01|+++ Note that Updater log times are in GMT +++
000008.709|boot |*|01|Initial log entry. Current logging level 3
000008.709|copy |*|01|Initial log entry. Current logging level 3
000008.709|utilm|*|01|Initial log entry. Current logging level 4
000008.709|hw   |*|01|Initial log entry. Current logging level 4
000008.709|ethf |*|01|Initial log entry. Current logging level 4
000008.710|dns  |*|01|Initial log entry. Current logging level 3
000008.710|curl |*|01|Initial log entry. Current logging level 3
000008.710|sec  |*|01|Initial log entry. Current logging level 4
000008.724|wdog |*|01|Initial log entry. Current logging level 4
000008.724|lldp |*|01|Initial log entry. Current logging level 3
000008.725|cdp  |*|01|Initial log entry. Current logging level 3
000008.725|key  |*|01|Initial log entry. Current logging level 4
000008.751|so   |3|01|Platform: Model=VVX 300, Assembly=3111-46135-002 Rev=A Region=0
000008.751|so   |3|01|Platform: Board=3111-46135-002 1 0
000008.752|so   |3|01|Platform: MAC=0004f28852fd
000008.753|so   |3|01|Platform: BootBlock=3.0.4.0028 (46135-002) 30-Jan-13 18:00
000008.754|so   |*|01|Platform: BootL1=1.0.0.0009 (46135-002) 11-Jan-13 14:23
000008.754|so   |3|01|Application, main: Label=Updater, Version=Peridot 5.1.4.0844 20-Mar-13 14:16
000008.754|so   |3|01|Application, main: P/N=3150-11069-514
000008.754|so   |5|01|Platform: Both images are incorrect, will use Primary Image.
000008.754|log  |*|01|Install file upload callback for 'Updater'

000008.755|app1 |*|01|Initial log entry. Current logging level 3
000008.770|cfg  |*|01|Initial log entry. Current logging level 2
000009.715|so   |3|01|Link status is Net up Speed 100 full Duplex, PC down.
000008.077|so   |*|00|---------- Initial log entry ----------
000008.077|so   |*|00|+++ Note that Updater log times are in GMT +++
000008.077|boot |*|00|Initial log entry. Current logging level 3
000008.077|copy |*|00|Initial log entry. Current logging level 3
000008.077|utilm|*|00|Initial log entry. Current logging level 4
000008.077|hw   |*|00|Initial log entry. Current logging level 4
000008.077|ethf |*|00|Initial log entry. Current logging level 4
000008.078|dns  |*|00|Initial log entry. Current logging level 3
000008.078|curl |*|00|Initial log entry. Current logging level 3
000008.078|sec  |*|00|Initial log entry. Current logging level 4
000008.091|wdog |*|00|Initial log entry. Current logging level 4
000008.091|lldp |*|00|Initial log entry. Current logging level 3
000008.091|cdp  |*|00|Initial log entry. Current logging level 3
000008.091|key  |*|00|Initial log entry. Current logging level 4
000008.121|so   |3|00|Platform: Model=VVX 300, Assembly=3111-46135-002 Rev=A Region=0
000008.121|so   |3|00|Platform: Board=3111-46135-002 1 0
000008.122|so   |3|00|Platform: MAC=0004f28852fd
000008.123|so   |3|00|Platform: BootBlock=3.0.4.0028 (46135-002) 30-Jan-13 18:00
000008.124|so   |*|00|Platform: BootL1=1.0.0.0009 (46135-002) 11-Jan-13 14:23
000008.124|so   |3|00|Application, main: Label=Updater, Version=Peridot 5.1.4.0844 20-Mar-13 14:16
000008.124|so   |3|00|Application, main: P/N=3150-11069-514
000008.124|so   |5|00|Platform: Both images are incorrect, will use Primary Image.
000008.124|log  |*|00|Install file upload callback for 'Updater'

000008.125|app1 |*|00|Initial log entry. Current logging level 3
000008.139|cfg  |*|00|Initial log entry. Current logging level 2
000009.085|so   |3|00|Link status is Net up Speed 100 full Duplex, PC down.
000008.154|so   |*|00|---------- Initial log entry ----------
000008.155|so   |*|00|+++ Note that Updater log times are in GMT +++
000008.155|boot |*|00|Initial log entry. Current logging level 3
000008.155|copy |*|00|Initial log entry. Current logging level 3
000008.155|utilm|*|00|Initial log entry. Current logging level 4
000008.155|hw   |*|00|Initial log entry. Current logging level 4
000008.155|ethf |*|00|Initial log entry. Current logging level 4
000008.155|dns  |*|00|Initial log entry. Current logging level 3
000008.155|curl |*|00|Initial log entry. Current logging level 3
000008.155|sec  |*|00|Initial log entry. Current logging level 4
000008.168|wdog |*|00|Initial log entry. Current logging level 4
000008.168|lldp |*|00|Initial log entry. Current logging level 3
000008.168|cdp  |*|00|Initial log entry. Current logging level 3
000008.168|key  |*|00|Initial log entry. Current logging level 4
000008.191|so   |3|00|Platform: Model=VVX 300, Assembly=3111-46135-002 Rev=A Region=0
000008.192|so   |3|00|Platform: Board=3111-46135-002 1 0
000008.192|so   |3|00|Platform: MAC=0004f28852fd
000008.193|so   |3|00|Platform: BootBlock=3.0.4.0028 (46135-002) 30-Jan-13 18:00
000008.194|so   |*|00|Platform: BootL1=1.0.0.0009 (46135-002) 11-Jan-13 14:23
000008.194|so   |3|00|Application, main: Label=Updater, Version=Peridot 5.1.4.0844 20-Mar-13 14:16
000008.194|so   |3|00|Application, main: P/N=3150-11069-514
000008.194|so   |5|00|Platform: Both images are incorrect, will use Primary Image.
000008.194|log  |*|00|Install file upload callback for 'Updater'

000008.196|app1 |*|00|Initial log entry. Current logging level 3
000008.209|cfg  |*|00|Initial log entry. Current logging level 2
000009.162|so   |3|00|Link status is Net up Speed 100 full Duplex, PC down.
000008.130|so   |*|00|---------- Initial log entry ----------
000008.130|so   |*|00|+++ Note that Updater log times are in GMT +++
000008.130|boot |*|00|Initial log entry. Current logging level 3
000008.130|copy |*|00|Initial log entry. Current logging level 3
000008.130|utilm|*|00|Initial log entry. Current logging level 4
000008.130|hw   |*|00|Initial log entry. Current logging level 4
000008.130|ethf |*|00|Initial log entry. Current logging level 4
000008.131|dns  |*|00|Initial log entry. Current logging level 3
000008.131|curl |*|00|Initial log entry. Current logging level 3
000008.131|sec  |*|00|Initial log entry. Current logging level 4
000008.143|wdog |*|00|Initial log entry. Current logging level 4
000008.144|lldp |*|00|Initial log entry. Current logging level 3
000008.144|cdp  |*|00|Initial log entry. Current logging level 3
000008.144|key  |*|00|Initial log entry. Current logging level 4
000008.171|so   |3|00|Platform: Model=VVX 300, Assembly=3111-46135-002 Rev=A Region=0
000008.171|so   |3|00|Platform: Board=3111-46135-002 1 0
000008.172|so   |3|00|Platform: MAC=0004f28852fd
000008.173|so   |3|00|Platform: BootBlock=3.0.4.0028 (46135-002) 30-Jan-13 18:00
000008.174|so   |*|00|Platform: BootL1=1.0.0.0009 (46135-002) 11-Jan-13 14:23
000008.174|so   |3|00|Application, main: Label=Updater, Version=Peridot 5.1.4.0844 20-Mar-13 14:16
000008.174|so   |3|00|Application, main: P/N=3150-11069-514
000008.174|so   |5|00|Platform: Both images are incorrect, will use Primary Image.
000008.174|log  |*|00|Install file upload callback for 'Updater'

000008.175|app1 |*|00|Initial log entry. Current logging level 3
000008.189|cfg  |*|00|Initial log entry. Current logging level 2
000009.138|so   |3|00|Link status is Net up Speed 100 full Duplex, PC down.
000008.105|so   |*|00|---------- Initial log entry ----------
000008.105|so   |*|00|+++ Note that Updater log times are in GMT +++
000008.106|boot |*|00|Initial log entry. Current logging level 3
000008.106|copy |*|00|Initial log entry. Current logging level 3
000008.106|utilm|*|00|Initial log entry. Current logging level 4
000008.106|hw   |*|00|Initial log entry. Current logging level 4
000008.106|ethf |*|00|Initial log entry. Current logging level 4
000008.106|dns  |*|00|Initial log entry. Current logging level 3
000008.106|curl |*|00|Initial log entry. Current logging level 3
000008.106|sec  |*|00|Initial log entry. Current logging level 4
000008.119|wdog |*|00|Initial log entry. Current logging level 4
000008.119|lldp |*|00|Initial log entry. Current logging level 3
000008.119|cdp  |*|00|Initial log entry. Current logging level 3
000008.119|key  |*|00|Initial log entry. Current logging level 4
000008.162|so   |3|00|Platform: Model=VVX 300, Assembly=3111-46135-002 Rev=A Region=0
000008.162|so   |3|00|Platform: Board=3111-46135-002 1 0
000008.162|so   |3|00|Platform: MAC=0004f28852fd
000008.163|so   |3|00|Platform: BootBlock=3.0.4.0028 (46135-002) 30-Jan-13 18:00
000008.164|so   |*|00|Platform: BootL1=1.0.0.0009 (46135-002) 11-Jan-13 14:23
000008.164|so   |3|00|Application, main: Label=Updater, Version=Peridot 5.1.4.0844 20-Mar-13 14:16
000008.164|so   |3|00|Application, main: P/N=3150-11069-514
000008.164|so   |5|00|Platform: Both images are incorrect, will use Primary Image.
000008.164|log  |*|00|Install file upload callback for 'Updater'

000008.166|app1 |*|00|Initial log entry. Current logging level 3
000008.179|cfg  |*|00|Initial log entry. Current logging level 2
000009.112|so   |3|00|Link status is Net up Speed 100 full Duplex, PC down.
000008.103|so   |*|00|---------- Initial log entry ----------
000008.104|so   |*|00|+++ Note that Updater log times are in GMT +++
000008.104|boot |*|00|Initial log entry. Current logging level 3
000008.104|copy |*|00|Initial log entry. Current logging level 3
000008.104|utilm|*|00|Initial log entry. Current logging level 4
000008.104|hw   |*|00|Initial log entry. Current logging level 4
000008.104|ethf |*|00|Initial log entry. Current logging level 4
000008.104|dns  |*|00|Initial log entry. Current logging level 3
000008.104|curl |*|00|Initial log entry. Current logging level 3
000008.104|sec  |*|00|Initial log entry. Current logging level 4
000008.117|wdog |*|00|Initial log entry. Current logging level 4
000008.117|lldp |*|00|Initial log entry. Current logging level 3
000008.117|cdp  |*|00|Initial log entry. Current logging level 3
000008.117|key  |*|00|Initial log entry. Current logging level 4
000008.141|so   |3|00|Platform: Model=VVX 300, Assembly=3111-46135-002 Rev=A Region=0
000008.141|so   |3|00|Platform: Board=3111-46135-002 1 0
000008.142|so   |3|00|Platform: MAC=0004f28852fd
000008.143|so   |3|00|Platform: BootBlock=3.0.4.0028 (46135-002) 30-Jan-13 18:00
000008.144|so   |*|00|Platform: BootL1=1.0.0.0009 (46135-002) 11-Jan-13 14:23
000008.144|so   |3|00|Application, main: Label=Updater, Version=Peridot 5.1.4.0844 20-Mar-13 14:16
000008.144|so   |3|00|Application, main: P/N=3150-11069-514
000008.144|so   |5|00|Platform: Both images are incorrect, will use Primary Image.
000008.144|log  |*|00|Install file upload callback for 'Updater'

000008.145|app1 |*|00|Initial log entry. Current logging level 3
000008.159|cfg  |*|00|Initial log entry. Current logging level 2
000009.111|so   |3|00|Link status is Net up Speed 100 full Duplex, PC down.
000008.489|so   |*|00|---------- Initial log entry ----------
000008.489|so   |*|00|+++ Note that Updater log times are in GMT +++
000008.489|boot |*|00|Initial log entry. Current logging level 3
000008.489|copy |*|00|Initial log entry. Current logging level 3
000008.489|utilm|*|00|Initial log entry. Current logging level 4
000008.489|hw   |*|00|Initial log entry. Current logging level 4
000008.489|ethf |*|00|Initial log entry. Current logging level 4
000008.489|dns  |*|00|Initial log entry. Current logging level 3
000008.490|curl |*|00|Initial log entry. Current logging level 3
000008.490|sec  |*|00|Initial log entry. Current logging level 4
000008.502|wdog |*|00|Initial log entry. Current logging level 4
000008.503|lldp |*|00|Initial log entry. Current logging level 3
000008.503|cdp  |*|00|Initial log entry. Current logging level 3
000008.503|key  |*|00|Initial log entry. Current logging level 4
000008.531|so   |3|00|Platform: Model=VVX 300, Assembly=3111-46135-002 Rev=A Region=0
000008.532|so   |3|00|Platform: Board=3111-46135-002 1 0
000008.532|so   |3|00|Platform: MAC=0004f28852fd
000008.533|so   |3|00|Platform: BootBlock=3.0.4.0028 (46135-002) 30-Jan-13 18:00
000008.534|so   |*|00|Platform: BootL1=1.0.0.0009 (46135-002) 11-Jan-13 14:23
000008.534|so   |3|00|Application, main: Label=Updater, Version=Peridot 5.1.4.0844 20-Mar-13 14:16
000008.534|so   |3|00|Application, main: P/N=3150-11069-514
000008.534|so   |5|00|Platform: Both images are incorrect, will use Primary Image.
000008.534|log  |*|00|Install file upload callback for 'Updater'

000008.535|app1 |*|00|Initial log entry. Current logging level 3
000008.549|cfg  |*|00|Initial log entry. Current logging level 2
000009.498|so   |3|00|Link status is Net up Speed 100 full Duplex, PC down.
000008.026|so   |*|00|---------- Initial log entry ----------
000008.026|so   |*|00|+++ Note that Updater log times are in GMT +++
000008.026|boot |*|00|Initial log entry. Current logging level 3
000008.026|copy |*|00|Initial log entry. Current logging level 3
000008.026|utilm|*|00|Initial log entry. Current logging level 4
000008.026|hw   |*|00|Initial log entry. Current logging level 4
000008.026|ethf |*|00|Initial log entry. Current logging level 4
000008.026|dns  |*|00|Initial log entry. Current logging level 3
000008.026|curl |*|00|Initial log entry. Current logging level 3
000008.027|sec  |*|00|Initial log entry. Current logging level 4
000008.039|wdog |*|00|Initial log entry. Current logging level 4
000008.040|lldp |*|00|Initial log entry. Current logging level 3
000008.040|cdp  |*|00|Initial log entry. Current logging level 3
000008.040|key  |*|00|Initial log entry. Current logging level 4
000008.071|so   |3|00|Platform: Model=VVX 300, Assembly=3111-46135-002 Rev=A Region=0
000008.072|so   |3|00|Platform: Board=3111-46135-002 1 0
000008.072|so   |3|00|Platform: MAC=0004f28852fd
000008.073|so   |3|00|Platform: BootBlock=3.0.4.0028 (46135-002) 30-Jan-13 18:00
000008.074|so   |*|00|Platform: BootL1=1.0.0.0009 (46135-002) 11-Jan-13 14:23
000008.074|so   |3|00|Application, main: Label=Updater, Version=Peridot 5.1.4.0844 20-Mar-13 14:16
000008.074|so   |3|00|Application, main: P/N=3150-11069-514
000008.074|so   |5|00|Platform: Both images are incorrect, will use Primary Image.
000008.074|log  |*|00|Install file upload callback for 'Updater'

000008.075|app1 |*|00|Initial log entry. Current logging level 3
000008.089|cfg  |*|00|Initial log entry. Current logging level 2
000008.093|dot1x|*|00|Initial log entry. Current logging level 3
000008.093|app1 |3|00|Starting provisioning because of the start type.
000008.294|tls  |*|00|Initial log entry. Current logging level 4
000009.032|so   |3|00|Link status is Net up Speed 100 full Duplex, PC down.
000010.622|lldp |3|00|Enabling 802.1Q tagging, VLAN ID = 111 (from LLDP/CDP)
000010.622|lldp |5|00|VLAN Id has changed to 111.
000014.373|lldp |3|00|LLDP received a response from a switch. LLDP enabled.
000014.430|dhcpc|*|00|Initial log entry. Current logging level 4
000017.166|dns  |*|00|DNS resolver servers are '8.8.8.8' '8.8.4.4'
000017.167|dns  |*|00|DNS resolver search domain is ''
000017.167|app1 |3|00|DNS resolver servers are '8.8.8.8' '8.8.4.4'
000017.167|app1 |3|00|DNS resolver search domain is ''
000017.330|dns  |3|00|DNS lookup for (A) 'p.voxter.com'(74.114.208.245) TTL=2206
000017.333|app1 |3|00|DHCP returned result 0x18F from server 10.2.0.2.
000017.333|app1 |3|00|   Phone IP address is 10.2.0.249.
000017.333|app1 |3|00|   Subnet mask is 255.255.255.0.
000017.333|app1 |3|00|   Gateway address is 10.2.0.1.
000017.333|app1 |3|00|   Provisioning server address is http://p.voxter.com/.
000017.333|app1 |3|00|   DNS server is 8.8.8.8.
000017.333|app1 |3|00|   DNS alternate server is 8.8.4.4.
000017.504|dns  |3|00|DNS lookup for (A) 'pool.ntp.org'(192.99.15.169,162.219.6.68,206.108.0.132) TTL=47
0422014123|app1 |3|00|Time has been set from pool.ntp.org (192.99.15.169).
0422014123|app1 |3|00|   1429666883: 2015-4-22, 1:41:23, DST off
0422014123|copy |3|00|'http://PlcmSpIp:****@p.voxter.com/0004f28852fd.cfg' from 'p.voxter.com(74.114.208.245)'
0422014123|copy |3|00|Download of '0004f28852fd.cfg' succeeded on attempt 1 (addr 1 of 1)
0422014123|cfg  |*|00|Prov|Starting to update 3111-46135-002.sip.ld
0422014123|copy |3|00|'http://PlcmSpIp:****@p.voxter.com/3111-46135-002.sip.ld' from 'p.voxter.com(74.114.208.245)'
0422014124|cfg  |3|00|New load header information:
0422014124|cfg  |3|00|Code length:         0x027559F0
0422014124|cfg  |3|00|Code Checksum:       0x38A3BFD9
0422014124|cfg  |3|00|Options:             0x00000080
0422014124|cfg  |3|00|Recognized container image
0422014124|cfg  |3|00|New load header information:
0422014124|cfg  |3|00|Code length:         0x020760FC
0422014124|cfg  |3|00|Code Checksum:       0x02B7DAEB
0422014124|cfg  |3|00|Options:             0x00000002
0422014124|cfg  |3|00|Application header is different
0422014124|cfg  |3|00|Application in container image 1 is different
0422014124|cfg  |3|00|New load header information:
0422014124|cfg  |3|00|Code length:         0x006DEFE4
0422014124|cfg  |3|00|Code Checksum:       0x38A32210
0422014124|cfg  |3|00|Options:             0x00000010
0422014124|cfg  |3|00|Updater header is different
0422014124|cfg  |3|00|Updater in container image 2 is different
0422014124|cfg  |3|00|Using Updater
0422015318|cfg  |*|00|Prov|Updating the Updater
0422015318|cfg  |3|00|Using compatible image 0
0422015543|copy |3|00|Download of '3111-46135-002.sip.ld' succeeded on attempt 1 (addr 1 of 1)
0422015543|sig  |*|00|Initial log entry. Current logging level 3
0422015543|sig  |3|00|hwSigParseRemove: found key Sig_3.
0422015544|cfg  |3|00|Good image signature
0422015544|cfg  |4|00|Removing application...
0422015549|cfg  |3|00|Programming Updater from sector 320 to 575
0422015556|cfg  |3|00|Programming to sector 320 complete
0422015558|cfg  |*|00|Prov|Image has been changed
0422015558|cfg  |*|00|Prov|Provisioning needs to reboot to upgrade image(s)
000008.546|so   |*|00|---------- Initial log entry ----------
000008.546|so   |*|00|+++ Note that Updater log times are in GMT +++
000008.546|boot |*|00|Initial log entry. Current logging level 3
000008.546|copy |*|00|Initial log entry. Current logging level 3
000008.546|utilm|*|00|Initial log entry. Current logging level 4
000008.546|hw   |*|00|Initial log entry. Current logging level 4
000008.546|ethf |*|00|Initial log entry. Current logging level 4
000008.546|dns  |*|00|Initial log entry. Current logging level 3
000008.547|curl |*|00|Initial log entry. Current logging level 3
000008.547|sec  |*|00|Initial log entry. Current logging level 4
000008.797|wdog |*|00|Initial log entry. Current logging level 4
000008.797|lldp |*|00|Initial log entry. Current logging level 3
000008.797|cdp  |*|00|Initial log entry. Current logging level 3
000008.797|key  |*|00|Initial log entry. Current logging level 4
000008.797|so   |3|00|SoKeyC::keyboardSetup(): Assigning virtual key: hwId 45 soKeyConcordVirtualTab[i].function 53
000008.821|so   |3|00|Platform: Model=VVX 300, Assembly=3111-46135-002 Rev=A Region=0
000008.821|so   |3|00|Platform: Board=3111-46135-002 1 0
000008.822|so   |3|00|Platform: MAC=0004f28852fd
000008.823|so   |3|00|Platform: BootBlock=3.0.4.0028 (46135-002) 30-Jan-13 18:00
000008.824|so   |*|00|Platform: BootL1=1.0.0.0009 (46135-002) 11-Jan-13 14:23
000008.824|so   |3|00|Application, main: Label=Updater, Version=Fayalite 5.5.0.13251 24-Mar-15 02:46
000008.824|so   |3|00|Application, main: P/N=3150-11069-550
000008.824|log  |*|00|Install file upload callback for 'Updater'

000008.825|app1 |*|00|Initial log entry. Current logging level 3
000008.837|cfg  |*|00|Initial log entry. Current logging level 2
000008.842|dot1x|*|00|Initial log entry. Current logging level 3
000008.842|app1 |3|00|Starting provisioning because of the start type.
000009.047|tls  |*|00|Initial log entry. Current logging level 4
000009.789|so   |3|00|Link status is Net up Speed 100 full Duplex, PC down.
000011.238|lldp |3|00|Enabling 802.1Q tagging, VLAN ID = 111 (from LLDP/CDP)
000011.238|lldp |5|00|VLAN Id has changed to 111.
000015.139|lldp |3|00|LLDP received a response from a switch. LLDP enabled.
000015.323|dhcpc|*|00|Initial log entry. Current logging level 2
000015.324|dhcpc|3|00|dhcAddIf v4 succeeds: eth0.111.
000015.329|dhcpc|3|00|dhcRebind v4: Will wait until sync rebind completes.
000015.864|dhcpc|3|00|relLease(0) v4: Succeeded to fork dhclient to terminate.
000016.515|dhcpc|3|00|dhcListener: Read succeeds: eth0.111 state: PREINIT
.
000016.516|dhcpc|4|00|DhcpClient::processLine: no callback for state 1 if eth0.111
000017.711|dhcpc|3|00|dhcListener: Read succeeds: eth0.111 ip: 10.2.0.249
.
000017.712|dhcpc|3|00|dhcListener: Read succeeds: eth0.111 option: subnet-mask 255.255.255.0
.
000017.714|dhcpc|3|00|dhcListener: Read succeeds: eth0.111 option: routers 10.2.0.1
.
000017.715|dhcpc|3|00|dhcListener: Read succeeds: eth0.111 option: domain-name-servers 8.8.8.8 8.8.4.4
.
000017.716|dhcpc|3|00|dhcListener: Read succeeds: eth0.111 option: dhcp-lease-time 600
.
000017.718|dhcpc|3|00|dhcListener: Read succeeds: eth0.111 option: tftp-server-name http://p.voxter.com/
.
000017.719|dhcpc|3|00|dhcListener: Read succeeds: eth0.111 option: dhcp-server-identifier 10.2.0.2
.
000017.724|dhcpc|3|00|dhcListener: Read succeeds: eth0.111 option: broadcast-address 10.2.0.255
.
000017.729|dhcpc|3|00|dhcListener: Read succeeds: eth0.111 option: dhcp-lease-time 600
.
000017.730|dhcpc|3|00|dhcListener: Read succeeds: eth0.111 option: dhcp-message-type 5
.
000017.765|dhcpc|3|00|dhcListener: Read succeeds: eth0.111 state: BOUND
.
000017.765|dhcpc|4|00|DhcpClient::processLine: no callback for state 2 if eth0.111
000017.766|dhcpc|3|00|dhcRebind v4: Sync rebind succeeds.
000017.766|dhcpc|3|00|Program eth0.111 to use subnet mask 255.255.255.0, result 0.
000017.767|dhcpc|3|00|Program eth0.111 to use ip address 10.2.0.249, result 0.
000017.768|dhcpc|3|00|Program eth0.111 to use router 10.2.0.1, result 0.
000017.784|dhcpc|3|00|getLease v4: Succeeded to fork dhclient for interface eth0.111.
000018.777|ares |*|00|Initial log entry. Current logging level 3
000018.778|dns  |*|00|DNS resolver servers are '8.8.8.8' '8.8.4.4'
000018.778|dns  |*|00|DNS resolver search domain is ''
000018.778|app1 |3|00|DNS resolver servers are '8.8.8.8' '8.8.4.4'
000018.778|app1 |3|00|DNS resolver search domain is ''
000018.968|app1 |3|00|DHCP returned result 0x18F from server 10.2.0.2.
000018.968|app1 |3|00|   Phone IPv4 address is 10.2.0.249.
000018.968|app1 |3|00|   Subnet mask is 255.255.255.0.
000018.968|app1 |3|00|   Gateway address is 10.2.0.1.
000018.968|app1 |3|00|   Provisioning server address is http://p.voxter.com/.
000018.968|app1 |3|00|   DNS server is 8.8.8.8
000018.968|app1 |3|00|   DNS alternate server is 8.8.4.4.
0422015632|app1 |3|00|Time has been set from pool.ntp.org (167.88.40.177).
0422015632|app1 |3|00|   1429667792: 2015-4-22, 1:56:32, DST off
0422015632|copy |3|00|'http://PlcmSpIp:****@p.voxter.com/0004f28852fd.cfg' from 'p.voxter.com(74.114.208.245)'
0422015633|copy |3|00|Download of '0004f28852fd.cfg' succeeded on attempt 1 (addr 1 of 1)
0422015633|cfg  |*|00|Prov|Starting to update 3111-46135-002.sip.ld
0422015633|copy |3|00|'http://PlcmSpIp:****@p.voxter.com/3111-46135-002.sip.ld' from 'p.voxter.com(74.114.208.245)'
0422015634|cfg  |3|00|New load header information:
0422015634|cfg  |3|00|Code length:         0x027559F0
0422015634|cfg  |3|00|Code Checksum:       0x38A3BFD9
0422015634|cfg  |3|00|Options:             0x00000080
0422015634|cfg  |3|00|Recognized container image
0422015634|cfg  |3|00|New load header information:
0422015634|cfg  |3|00|Code length:         0x020760FC
0422015634|cfg  |3|00|Code Checksum:       0x02B7DAEB
0422015634|cfg  |3|00|Options:             0x00000002
0422015634|cfg  |3|00|Could not open application file for checking
0422015634|cfg  |3|00|Application in container image 1 is different
0422015634|cfg  |3|00|New load header information:
0422015634|cfg  |3|00|Code length:         0x006DEFE4
0422015634|cfg  |3|00|Code Checksum:       0x38A32210
0422015634|cfg  |3|00|Options:             0x00000010
0422015634|cfg  |3|00|Updater is already present
0422015634|cfg  |3|00|Updater in container image 2 is not different
0422015634|cfg  |3|00|Using application
0422015634|cfg  |*|00|Prov|Updating the Application
0422015634|cfg  |3|00|Using compatible image 0
0422020117|dhcpc|3|00|dhcListener: Read succeeds: eth0.111 state: RENEW
.
0422020117|dhcpc|4|00|DhcpClient::processLine: no callback for state 6 if eth0.111
0422020556|copy |3|00|buffered_write: transfer terminated
0422020556|copy |3|00|Download of '3111-46135-002.sip.ld' succeeded on attempt 1 (addr 1 of 1)
0422020557|sig  |*|00|Initial log entry. Current logging level 3
0422020557|sig  |3|00|hwSigParseRemove: found key Sig_3.
0422020600|cfg  |3|00|Good image signature
0422020601|cfg  |3|00|Programming 34038588 bytes into tffs in 4K blocks
0422020604|cfg  |3|00|Extracting application files
0422020604|cfg  |3|00|New load header information:
0422020604|cfg  |3|00|Code length:         0x020760FC
0422020604|cfg  |3|00|Code Checksum:       0x02B7DAEB
0422020604|cfg  |3|00|Options:             0x00000002
0422020628|dhcpc|3|00|dhcListener: Read succeeds: eth0.111 state: RENEW
.
0422020628|dhcpc|4|00|DhcpClient::processLine: no callback for state 6 if eth0.111
0422020827|cfg  |3|00|Finished extracting application files (OK)
0422020837|cfg  |3|00|File system is synchronized
0422020838|cfg  |*|00|Prov|Succeeded updating file 3111-46135-002.sip.ld
0422020838|cfg  |*|00|Prov|Image has been changed
0422020838|cfg  |3|00|Prov|Provisioning succeeded
0422020838|app1 |3|00|Application, load: Type=SIP, Version=5.3.0.12074 24-Mar-15 03:06
0422020838|cfg  |*|00|Prov|Finished updating configuration
0422020838|boot |*|00|Using TFFS for flash load
0422020838|boot |*|00|Code length:         0x020760FC
0422020838|boot |*|00|Code checksum:       0x02B7DAEB
0422020838|app1 |4|00|Loaded application sip.ld from local system successfully.
0422020838|app1 |6|00|Uploading boot log, time is Wed Apr 22 02:08:38 2015

0422020838|copy |3|00|'http://PlcmSpIp:****@p.voxter.com/logs/0004f28852fd-boot.log' to 'p.voxter.com(74.114.208.245)'
0422020838|copy |3|00|Upload of 'logs/0004f28852fd-boot.log' succeeded on attempt 1 (addr 1 of 1)
0422020839|dhcpc|3|00|relLease(0) v4: Succeeded to fork dhclient to terminate.
0422020854|cfg  |3|00|Prov|Shutting down
