000008.811|so   |*|01|---------- Initial log entry ----------
000008.811|so   |*|01|+++ Note that Updater log times are in GMT +++
000008.811|boot |*|01|Initial log entry. Current logging level 3
000008.811|copy |*|01|Initial log entry. Current logging level 3
000008.811|utilm|*|01|Initial log entry. Current logging level 4
000008.811|hw   |*|01|Initial log entry. Current logging level 4
000008.811|ethf |*|01|Initial log entry. Current logging level 4
000008.812|dns  |*|01|Initial log entry. Current logging level 3
000008.812|curl |*|01|Initial log entry. Current logging level 3
000008.812|sec  |*|01|Initial log entry. Current logging level 4
000008.831|wdog |*|01|Initial log entry. Current logging level 4
000008.831|lldp |*|01|Initial log entry. Current logging level 3
000008.831|cdp  |*|01|Initial log entry. Current logging level 3
000008.831|key  |*|01|Initial log entry. Current logging level 4
000008.871|so   |3|01|Platform: Model=VVX 410, Assembly=3111-46162-001 Rev=A Region=0
000008.871|so   |3|01|Platform: Board=3111-46162-001 2 0
000008.871|so   |3|01|Platform: MAC=0004f28e664d
000008.872|so   |3|01|Platform: BootBlock=3.0.4.0146 (46162-001) 10-Jan-13 20:21
000008.873|so   |*|01|Platform: BootL1=1.0.0.0041 (46162-001) 10-Jan-13 20:16
000008.873|so   |3|01|Application, main: Label=Updater, Version=Peridot 5.1.4.0844 20-Mar-13 14:16
000008.873|so   |3|01|Application, main: P/N=3150-11069-514
000008.874|so   |5|01|Platform: Both images are incorrect, will use Primary Image.
000008.874|log  |*|01|Install file upload callback for 'Updater'

000008.875|app1 |*|01|Initial log entry. Current logging level 3
000008.919|cfg  |*|01|Initial log entry. Current logging level 2
000009.823|so   |3|01|Link status is Net up Speed 1000 full Duplex, PC down.
000008.267|so   |*|00|---------- Initial log entry ----------
000008.268|so   |*|00|+++ Note that Updater log times are in GMT +++
000008.268|boot |*|00|Initial log entry. Current logging level 3
000008.268|copy |*|00|Initial log entry. Current logging level 3
000008.268|utilm|*|00|Initial log entry. Current logging level 4
000008.268|hw   |*|00|Initial log entry. Current logging level 4
000008.268|ethf |*|00|Initial log entry. Current logging level 4
000008.268|dns  |*|00|Initial log entry. Current logging level 3
000008.269|curl |*|00|Initial log entry. Current logging level 3
000008.269|sec  |*|00|Initial log entry. Current logging level 4
000008.287|wdog |*|00|Initial log entry. Current logging level 4
000008.287|lldp |*|00|Initial log entry. Current logging level 3
000008.287|cdp  |*|00|Initial log entry. Current logging level 3
000008.287|key  |*|00|Initial log entry. Current logging level 4
000008.311|so   |3|00|Platform: Model=VVX 410, Assembly=3111-46162-001 Rev=A Region=0
000008.311|so   |3|00|Platform: Board=3111-46162-001 2 0
000008.312|so   |3|00|Platform: MAC=0004f28e664d
000008.313|so   |3|00|Platform: BootBlock=3.0.4.0146 (46162-001) 10-Jan-13 20:21
000008.314|so   |*|00|Platform: BootL1=1.0.0.0041 (46162-001) 10-Jan-13 20:16
000008.314|so   |3|00|Application, main: Label=Updater, Version=Peridot 5.1.4.0844 20-Mar-13 14:16
000008.314|so   |3|00|Application, main: P/N=3150-11069-514
000008.314|so   |5|00|Platform: Both images are incorrect, will use Primary Image.
000008.314|log  |*|00|Install file upload callback for 'Updater'

000008.315|app1 |*|00|Initial log entry. Current logging level 3
000008.358|cfg  |*|00|Initial log entry. Current logging level 2
000009.279|so   |3|00|Link status is Net up Speed 1000 full Duplex, PC down.
000008.161|so   |*|00|---------- Initial log entry ----------
000008.161|so   |*|00|+++ Note that Updater log times are in GMT +++
000008.161|boot |*|00|Initial log entry. Current logging level 3
000008.162|copy |*|00|Initial log entry. Current logging level 3
000008.162|utilm|*|00|Initial log entry. Current logging level 4
000008.162|hw   |*|00|Initial log entry. Current logging level 4
000008.162|ethf |*|00|Initial log entry. Current logging level 4
000008.162|dns  |*|00|Initial log entry. Current logging level 3
000008.162|curl |*|00|Initial log entry. Current logging level 3
000008.162|sec  |*|00|Initial log entry. Current logging level 4
000008.181|wdog |*|00|Initial log entry. Current logging level 4
000008.181|lldp |*|00|Initial log entry. Current logging level 3
000008.181|cdp  |*|00|Initial log entry. Current logging level 3
000008.181|key  |*|00|Initial log entry. Current logging level 4
000008.221|so   |3|00|Platform: Model=VVX 410, Assembly=3111-46162-001 Rev=A Region=0
000008.221|so   |3|00|Platform: Board=3111-46162-001 2 0
000008.222|so   |3|00|Platform: MAC=0004f28e664d
000008.223|so   |3|00|Platform: BootBlock=3.0.4.0146 (46162-001) 10-Jan-13 20:21
000008.224|so   |*|00|Platform: BootL1=1.0.0.0041 (46162-001) 10-Jan-13 20:16
000008.224|so   |3|00|Application, main: Label=Updater, Version=Peridot 5.1.4.0844 20-Mar-13 14:16
000008.224|so   |3|00|Application, main: P/N=3150-11069-514
000008.224|so   |5|00|Platform: Both images are incorrect, will use Primary Image.
000008.224|log  |*|00|Install file upload callback for 'Updater'

000008.225|app1 |*|00|Initial log entry. Current logging level 3
000008.268|cfg  |*|00|Initial log entry. Current logging level 2
000009.179|so   |3|00|Link status is Net up Speed 1000 full Duplex, PC up Speed 10 full Duplex.
000008.318|so   |*|00|---------- Initial log entry ----------
000008.318|so   |*|00|+++ Note that Updater log times are in GMT +++
000008.318|boot |*|00|Initial log entry. Current logging level 3
000008.318|copy |*|00|Initial log entry. Current logging level 3
000008.318|utilm|*|00|Initial log entry. Current logging level 4
000008.318|hw   |*|00|Initial log entry. Current logging level 4
000008.318|ethf |*|00|Initial log entry. Current logging level 4
000008.319|dns  |*|00|Initial log entry. Current logging level 3
000008.319|curl |*|00|Initial log entry. Current logging level 3
000008.319|sec  |*|00|Initial log entry. Current logging level 4
000008.338|wdog |*|00|Initial log entry. Current logging level 4
000008.338|lldp |*|00|Initial log entry. Current logging level 3
000008.338|cdp  |*|00|Initial log entry. Current logging level 3
000008.338|key  |*|00|Initial log entry. Current logging level 4
000008.361|so   |3|00|Platform: Model=VVX 410, Assembly=3111-46162-001 Rev=A Region=0
000008.361|so   |3|00|Platform: Board=3111-46162-001 2 0
000008.362|so   |3|00|Platform: MAC=0004f28e664d
000008.363|so   |3|00|Platform: BootBlock=3.0.4.0146 (46162-001) 10-Jan-13 20:21
000008.364|so   |*|00|Platform: BootL1=1.0.0.0041 (46162-001) 10-Jan-13 20:16
000008.364|so   |3|00|Application, main: Label=Updater, Version=Peridot 5.1.4.0844 20-Mar-13 14:16
000008.364|so   |3|00|Application, main: P/N=3150-11069-514
000008.364|so   |5|00|Platform: Both images are incorrect, will use Primary Image.
000008.364|log  |*|00|Install file upload callback for 'Updater'

000008.365|app1 |*|00|Initial log entry. Current logging level 3
000008.410|cfg  |*|00|Initial log entry. Current logging level 2
000009.334|so   |3|00|Link status is Net up Speed 1000 full Duplex, PC up Speed 1000 full Duplex.
