000005.105|log  |*|03|---------- Initial log entry ----------
000005.106|so   |*|03|Platform: Model=SoundStation IP 7000, Assembly=3111-40000-001 Rev=J Region=
000005.106|so   |*|03|Platform: Interface    eth0 MAC=0004f2ef2670
000005.106|so   |*|03|Platform: BootBlock=3.0.2.0024 (40000-001) 30-Nov-10 15:04
000005.106|so   |*|03|Platform: BootL1=Standalone.0002 15-Jan-07 15:05:00
000005.107|so   |*|03|Platform: Updater=5.0.8.0935 14-Jan-15 19:55
000005.107|so   |*|03|Application, main: Label=SIP, Version=Mink 4.0.8.1608 07-Feb-15 10:04
000005.107|so   |*|03|Application, main: P/N=3150-11530-408
000005.107|rdisk|*|03|RAM disk created, size: 8,388,608 bytes
000005.107|ocsp |*|03|O.C.S.P. Enabled = 0
000005.107|tls  |*|03|Initial log entry. Current logging level 4
000005.131|pmt  |*|03|Initial log entry. Current logging level 4
000005.132|wdog |*|03|Initial log entry. Current logging level 4
000005.132|ethf |*|03|Initial log entry. Current logging level 4
000005.132|hw   |*|03|Initial log entry. Current logging level 4
000005.132|ares |*|03|Initial log entry. Current logging level 4
000005.132|dns  |*|03|Initial log entry. Current logging level 4
000005.132|cfg  |*|03|Initial log entry. Current logging level 4
000005.132|dot1x|*|03|Initial log entry. Current logging level 4
000005.132|lic  |*|03|Initial log entry. Current logging level 4
000005.133|lic  |4|03|cfgCfsFlashKeyScratchLoad: key is blank
000005.233|cfg  |*|03|RT|Network eth0 link went up
000005.233|cfg  |*|03|RT|cfgRtNetInterfaceUpdate: Network not initialized
000005.416|pnetm|*|03|Initial log entry. Current logging level 4
000005.416|clink|*|03|Initial log entry. Current logging level 4
000005.554|curl |*|03|Initial log entry. Current logging level 4
000005.554|utilm|*|03|Initial log entry. Current logging level 4
000005.554|copy |*|03|Initial log entry. Current logging level 4
000005.554|rtos |*|03|Initial log entry. Current logging level 4
000005.554|sec  |*|03|Initial log entry. Current logging level 4
000005.555|so   |*|03|Configuration files: 0004f2ef2670_reg.cfg, provisioner.cfg, sip.cfg, features.cfg
000005.555|so   |*|03|Configuration file "0004f2ef2670_reg.cfg" SHA1 digest: 4B7877535376DF618F3C61F7B59D8AD7647562AE
000005.555|so   |*|03|Configuration file "provisioner.cfg" SHA1 digest: 51080CD89DA743106AF5139272C6860F0465BE9D
000005.555|so   |*|03|Configuration file "sip.cfg" SHA1 digest: 3A6798331FB1AB50330069FF9A5A9F561FA4A5C0
000005.555|so   |*|03|Configuration file "features.cfg" SHA1 digest: 4CC8F8E5A161C0EA5F932FF8A190910D0B78027B
000005.555|cfg  |4|03|Prm|Configuration file(s) statistics: 1 parameters were invalid and could not be interpreted.
000005.555|cfg  |4|03|Prm|Configuration file(s) statistics: 1 parameter values were used but were out of range. 5 were invalid and ignored.
000005.558|log  |*|03|Log render level set to 1
000005.967|srtp |*|03|Initial log entry. Current logging level 4
000005.968|res  |*|03|Initial log entry. Current logging level 4
000005.968|httpa|*|03|Initial log entry. Current logging level 4
000005.968|lldp |*|03|Initial log entry. Current logging level 4
000005.968|cdp  |*|03|Initial log entry. Current logging level 4
000006.015|ssps |*|03|Initial log entry. Current logging level 4
000006.101|so   |*|03|System Info Reports:
000006.101|so   |*|03|	CPU is pnx1700/TM5250, rev 0 running at 399MHz with memory at 199MHz.
000006.101|so   |*|03|	CAS latency (dram): 0x133; CAS latency (proc): 0x6; refresh rate: 0x616
000006.101|so   |*|03|	Board is identified as PLCM PNX1700 Onyx (ID 0x1004fb2c):
000006.101|so   |*|03|	DRAM_LO: 0x40000000.  DRAM_HI: 0x44000000.  C_LIMIT: 0x43ff0000.
000006.101|so   |*|03|	APERT1_LO: 0x1c000000.  APERT1_HI: 0x20000000.
000006.101|so   |*|03|	PCSW: 0x20001e02
000006.101|so   |*|03|	Application built in ASSERT mode.
000006.101|so   |*|03|  NOR flash detected is 16
000006.101|key  |*|03|Initial log entry. Current logging level 4
000006.103|httpd|*|03|Initial log entry. Current logging level 4
000006.103|poll |*|03|Initial log entry. Current logging level 4
000006.103|push |*|03|Initial log entry. Current logging level 4
000006.103|poll |*|03|Initial log entry. Current logging level 4
000006.103|poll |*|03|Initial log entry. Current logging level 4
000006.104|poll |*|03|Initial log entry. Current logging level 4
000006.104|poll |*|03|Initial log entry. Current logging level 4
000006.104|poll |*|03|Initial log entry. Current logging level 4
000006.104|ht   |*|03|Initial log entry. Current logging level 4
000006.104|dbuf |*|03|Initial log entry. Current logging level 4
000006.106|pps  |*|03|Initial log entry. Current logging level 4
000006.106|sip  |*|03|Initial log entry. Current logging level 4
000006.106|peer |*|03|Initial log entry. Current logging level 4
000006.106|mobil|*|03|Initial log entry. Current logging level 4
000006.106|ptt  |*|03|Initial log entry. Current logging level 4
000006.126|ssps |*|03|Application, comp. 1: Label=PolyDSP PNX1700 Mem1 FS1, Version=6.2.0.0117 23-Jan-13 15:46
000006.126|ssps |*|03|Application, comp. 1: P/N=3150-11580-620.
000006.198|so   |5|03|soCoreAudio compiledOffsetsApply error: unrecognized verAudio 6 for headset
000006.326|ssps |5|03|sspsHdiMsgProc: id=210 (SspsHdiMsgDtHAck), len=12, seq=23, req=24, extra=-1, extraRep=-2, resType=3, desc=3147.
000006.346|ssps |5|03|sspsHdiMsgProc: id=210 (SspsHdiMsgDtHAck), len=12, seq=26, req=27, extra=-1, extraRep=-2, resType=3, desc=3148.
000006.346|ssps |5|03|sspsHdiMsgProc: id=210 (SspsHdiMsgDtHAck), len=12, seq=32, req=33, extra=-1, extraRep=-2, resType=3, desc=3147.
000006.366|ssps |5|03|sspsHdiMsgProc: id=210 (SspsHdiMsgDtHAck), len=12, seq=35, req=36, extra=-1, extraRep=-2, resType=3, desc=3148.
000006.386|so   |*|03|Using TCP IP Media Port, configured initial RTP port 2222
000006.399|sshc |*|03|Initial log entry. Current logging level 4
000006.400|cmp  |*|03|Initial log entry. Current logging level 4
000006.400|wmgr |*|03|Initial log entry. Current logging level 4
000006.401|pnetm|*|03|WaitForProvisioningOverClink2(), returning 1 in task tSup (5505024)
000006.406|ssps |5|03|sspsHdiMsgProc: id=210 (SspsHdiMsgDtHAck), len=12, seq=40, req=41, extra=-1, extraRep=-2, resType=3, desc=3147.
000006.422|slog |*|03|Initial log entry. Current logging level 4
000006.602|app1 |*|03|Initial log entry. Current logging level 4
000006.602|pnetm|*|03|pnetModule::attach() VGA status call back:0x40524d40, appPtr:0x42d62804 
000006.606|app1 |4|03|StatusBar is disabled
000006.608|app1 |4|03|mb.main.home parameter is empty
000006.613|mb   |*|03|Initial log entry. Current logging level 4
000006.696|ldap |*|03|Initial log entry. Current logging level 4
000006.696|ldap |4|03|cDynamicData::cDynamicData:cDynamicData:Failed
000006.942|efk  |*|03|Initial log entry. Current logging level 4
000007.601|app1 |4|03|[AppUserLoginC::Init]:flushing user cache file failed
000007.769|app1 |*|03|Ctx [2] Registered [false]
000007.772|app1 |*|03|Ctx [2] Registered [true]
000007.782|app1 |*|03|Ctx [1] Registered [false]
000011.234|cfg  |*|03|RT|cfgRtNetInterfaceUpdate: Network not initialized
000013.991|cfg  |*|03|RT|   Phone IP address is 10.19.1.109.
000013.991|cfg  |*|03|RT|   Subnet mask is 255.255.255.0.
000013.991|cfg  |*|03|RT|   Gateway address is 10.19.1.1.
000013.991|cfg  |*|03|RT|   DNS server is 10.76.144.114.
000013.991|cfg  |*|03|RT|   DNS alternate server is 10.76.144.124.
000013.991|cfg  |*|03|RT|   DNS domain is vantageairportgroup.com.
000013.991|cfg  |*|03|RT|   Time server is 192.95.20.208.
000013.991|cfg  |*|03|RT|   GMT offset is -28800 seconds.
000013.991|dns  |*|03|DNS resolver servers are '10.76.144.114' '10.76.144.124'
000013.991|dns  |*|03|DNS resolver search domain is 'vantageairportgroup.com'
000013.991|cfg  |*|03|RT|Primary IP changed to 10.19.1.109 subnet mask 255.255.255.0
000013.991|cfg  |*|03|RT|cfgRtNetInterfaceUpdate: bfeng -- calling network status callback
000014.233|so   |*|03|Network initialized. Starting network tasks.
000014.233|log  |*|03|Install file upload callback for 'so'

000014.239|app1 |4|03|[AppPhoneC]::LineInit(), attempting to initialize line 1 (protocol 1) multiple times.
000014.239|app1 |4|03|[AppPhoneC]::LineInit(), attempting to initialize line 2 (protocol 2) multiple times.
000014.241|app1 |*|03|Ctx [0] Registered [false]
000014.261|sip  |4|03|NAPTR query for host 'vantage.fullymanaged.sip.voxter.com' returned no results
000014.265|app1 |5|03|Corporate directory instance does not exists.
0410041743|sip  |*|03|Fast Boot Measurement Point: Ready for Call, uptime: 14.278 sec.
0410041743|app1 |*|03|Ctx [0] Registered [true]
0409211820|cfg  |*|03|Prov|Starting to update 3111-40000-001.updater.ld
0409211820|cfg  |*|03|Prov|Starting to update 3111-40000-001.sip.ld
0409211823|copy |*|03|Server 'p.voxter.com' said 'overrides/0004f2ef2670-phone.cfg' is not present
0409211823|copy |*|03|Server 'p.voxter.com' said 'overrides/0004f2ef2670-web.cfg' is not present
0409211823|copy |*|03|Server 'p.voxter.com' said 'licenses/000000000000-license.cfg' is not present
0409211823|copy |*|03|Server 'p.voxter.com' said 'licenses/0004f2ef2670-license.cfg' is not present
0409211823|cfg  |*|03|Prm|0004f2ef2670_reg.cfg: Value "" for configuration parameter reg.1.server.2.port is invalid, ignoring
0409211823|cfg  |*|03|Prm|0004f2ef2670_reg.cfg: Value "" for configuration parameter reg.1.outboundProxy.port is invalid, ignoring
0409211823|cfg  |*|03|Prm|0004f2ef2670_reg.cfg: Value "" for configuration parameter reg.1.lineKeys is invalid, ignoring
0409211823|cfg  |4|03|Prm|provisioner.cfg: Unknown parameter "sec.tagSerialNo.set" found, ignoring.
0409211823|cfg  |*|03|Prm|features.cfg: Value 9999 for configuration parameter dir.local.contacts.maxNum is too large, using 99, the maximum allowed
0409211823|cfg  |*|03|Prov|Setting device parameters from configuration files.
0409211823|cfg  |*|03|Prov|Finished updating configuration
0409233819|ares |4|03|aresDnsLookup: select time-out 1 on SRV lookup for '_sip._udp.vantage.fullymanaged.sip.voxter.com' after 1 sec
0409233820|ares |4|03|aresDnsLookup: select time-out 1 on A lookup for 'sbc02.van1.voxter.net.' after 1 sec
0410192622|sip  |4|03|NAPTR query for host 'vantage.fullymanaged.sip.voxter.com' returned no results
0411173822|sip  |4|03|NAPTR query for host 'vantage.fullymanaged.sip.voxter.com' returned no results
