000001.514|so   |*|01|---------- Initial log entry ----------
000001.514|so   |*|01|+++ Note that Updater log times are in GMT +++
000001.514|boot |*|01|Initial log entry. Current logging level 3
000001.514|copy |*|01|Initial log entry. Current logging level 3
000001.515|utilm|*|01|Initial log entry. Current logging level 4
000001.515|hw   |*|01|Initial log entry. Current logging level 4
000001.515|ethf |*|01|Initial log entry. Current logging level 4
000001.515|dns  |*|01|Initial log entry. Current logging level 3
000001.515|curl |*|01|Initial log entry. Current logging level 3
000001.515|sec  |*|01|Initial log entry. Current logging level 4
000001.813|utilm|4|01|utilUtcGet: Couldn't open file /ffs0/time.utc for reading
000001.843|wdog |*|01|Initial log entry. Current logging level 4
000001.843|lldp |*|01|Initial log entry. Current logging level 3
000001.843|cdp  |*|01|Initial log entry. Current logging level 3
000001.843|key  |*|01|Initial log entry. Current logging level 4
000001.844|so   |3|01|Platform: Model=SoundStation IP 7000, Assembly=3111-40000-001 Rev=N Region=
000001.844|so   |3|01|Platform: Board=3111-40000-001 1 0
000001.844|so   |3|01|Platform: MAC=0004f2efd14f
000001.844|so   |3|01|Platform: BootBlock=3.0.2.0024 (40000-001) 30-Nov-10 15:04
000001.844|so   |*|01|Platform: BootL1=Standalone.0002 15-Jan-07 15:05:00
000001.844|so   |3|01|Application, main: Label=Updater, Version=Azurite 5.0.8.0935 14-Jan-15 19:55
000001.844|so   |3|01|Application, main: P/N=3150-11069-508
000001.844|log  |*|01|Install file upload callback for 'Updater'

000001.844|app1 |*|01|Initial log entry. Current logging level 3
000001.848|cfg  |*|01|Initial log entry. Current logging level 2
000001.848|app1 |3|01|Application image is not present.
000001.849|dot1x|*|01|Initial log entry. Current logging level 3
000002.813|so   |3|01|Link status is Net up Speed 100 full Duplex.
000004.153|tls  |*|01|Initial log entry. Current logging level 4
000010.294|lldp |3|01|LLDP received a response from a switch. LLDP enabled.
000015.429|dns  |*|01|DNS resolver servers are '10.50.10.251' '10.50.10.252'
000015.429|dns  |*|01|DNS resolver search domain is 'rdu.cumulusnetworks.com'
000015.433|dns  |3|01|DNS lookup for (A) 'p.voxter.com'(74.114.208.245) TTL=20510
000015.434|app1 |3|01|DHCP returned result 0x3A7 from server 10.50.0.11.
000015.434|app1 |3|01|   Phone IP address is 10.50.10.186.
000015.434|app1 |3|01|   Subnet mask is 255.255.255.0.
000015.434|app1 |3|01|   Gateway address is 10.50.10.1.
000015.434|app1 |3|01|   Time server is 10.50.5.123.
000015.434|app1 |3|01|   DNS server is 10.50.10.251.
000015.434|app1 |3|01|   DNS alternate server is 10.50.10.252.
000015.434|app1 |3|01|   DNS domain is rdu.cumulusnetworks.com.
000015.869|copy |3|01|'http://PlcmSpIp:****@p.voxter.com/3111-40000-001.updater.ld' from 'p.voxter.com(74.114.208.245)'
000024.173|app1 |4|01|Could not load time from 10.50.5.123 (10.50.5.123).
000031.344|cfg  |*|01|Prov|Starting to update 3111-40000-001.updater.ld
000031.348|cfg  |3|01|Image 3111-40000-001.updater.ld has not changed
000031.471|copy |3|01|buffered_write: transfer Terminated on entry. Return 0
000031.471|copy |3|01|Download of '3111-40000-001.updater.ld' succeeded on attempt 1 (addr 1 of 1)
000031.477|copy |3|01|'http://PlcmSpIp:****@p.voxter.com/0004f2efd14f.cfg' from 'p.voxter.com(74.114.208.245)'
000032.106|copy |3|01|Download of '0004f2efd14f.cfg' succeeded on attempt 1 (addr 1 of 1)
000032.140|cfg  |5|01|Prov|Cannot remove file /ffs0/init.mac.
000032.155|cfg  |*|01|Prov|Starting to update 3111-40000-001.sip.ld
000032.160|copy |3|01|'http://PlcmSpIp:****@p.voxter.com/3111-40000-001.sip.ld' from 'p.voxter.com(74.114.208.245)'
000032.324|cfg  |3|01|New load header information:
000032.324|cfg  |3|01|Code length:         0x00B244FF
000032.324|cfg  |3|01|Code Checksum:       0x58C2EF72
000032.324|cfg  |3|01|Options:             0x00000102
000032.324|cfg  |3|01|Could not open application file for checking
000032.324|cfg  |3|01|Recognized application
000032.449|cfg  |*|01|Prov|Updating the Application
000032.449|cfg  |3|01|Using compatible image 0
000313.975|copy |3|01|Download of '3111-40000-001.sip.ld' succeeded on attempt 1 (addr 1 of 1)
000314.290|sig  |*|01|Initial log entry. Current logging level 3
000314.290|sig  |3|01|hwSigParseRemove: found key Sig_3.
000314.474|cfg  |3|01|Good image signature
000314.647|cfg  |3|01|Programming 11683631 bytes into tffs in 4K blocks
000710.909|cfg  |*|01|Prov|Succeeded updating file 3111-40000-001.sip.ld
000711.001|cfg  |*|01|Prov|Image has been changed
000711.006|cfg  |3|01|Prov|Provisioning succeeded
000711.009|app1 |3|01|Application, load: Type=SIP, Version=4.0.8.1608 07-Feb-15 10:04
000711.010|cfg  |*|01|Prov|Finished updating configuration
000711.011|boot |*|01|Using TFFS for flash load
000711.011|boot |*|01|Code length:         0x00B244FF
000711.011|boot |*|01|Code checksum:       0x58C2EF72
000726.464|app1 |4|01|Loaded application sip.ld from local system successfully.
000726.464|app1 |6|01|Uploading boot log, time is Tue Apr 14 18:02:44 2015

000726.715|copy |3|01|'http://PlcmSpIp:****@p.voxter.com/logs/0004f2efd14f-boot.log' to 'p.voxter.com(74.114.208.245)'
000738.122|copy |3|01|Upload of 'logs/0004f2efd14f-boot.log' FAILED on attempt 1 (addr 1 of 1)
000738.122|copy |3|01|transport res: 28 respCode 0. transport error: Timeout was reached. transport error buffer: connect() timed out!.
000738.122|log  |4|01|UtilLogC::uploadFifoLog: upload error. protocol 0 result = 10
000738.226|cfg  |3|01|Prov|Shutting down
000001.555|so   |*|01|---------- Initial log entry ----------
000001.555|so   |*|01|+++ Note that Updater log times are in GMT +++
000001.555|boot |*|01|Initial log entry. Current logging level 3
000001.555|copy |*|01|Initial log entry. Current logging level 3
000001.555|utilm|*|01|Initial log entry. Current logging level 4
000001.555|hw   |*|01|Initial log entry. Current logging level 4
000001.555|ethf |*|01|Initial log entry. Current logging level 4
000001.555|dns  |*|01|Initial log entry. Current logging level 3
000001.555|curl |*|01|Initial log entry. Current logging level 3
000001.555|sec  |*|01|Initial log entry. Current logging level 4
000001.867|wdog |*|01|Initial log entry. Current logging level 4
000001.867|lldp |*|01|Initial log entry. Current logging level 3
000001.867|cdp  |*|01|Initial log entry. Current logging level 3
000001.867|key  |*|01|Initial log entry. Current logging level 4
000001.867|so   |3|01|Platform: Model=SoundStation IP 7000, Assembly=3111-40000-001 Rev=N Region=
000001.867|so   |3|01|Platform: Board=3111-40000-001 1 0
000001.867|so   |3|01|Platform: MAC=0004f2efd14f
000001.868|so   |3|01|Platform: BootBlock=3.0.2.0024 (40000-001) 30-Nov-10 15:04
000001.868|so   |*|01|Platform: BootL1=Standalone.0002 15-Jan-07 15:05:00
000001.868|so   |3|01|Application, main: Label=Updater, Version=Azurite 5.0.8.0935 14-Jan-15 19:55
000001.868|so   |3|01|Application, main: P/N=3150-11069-508
000001.868|log  |*|01|Install file upload callback for 'Updater'

000001.868|app1 |*|01|Initial log entry. Current logging level 3
000001.872|cfg  |*|01|Initial log entry. Current logging level 2
000001.888|app1 |3|01|Application, load: Type=SIP, Version=4.0.8.1608 07-Feb-15 10:04
000001.892|boot |*|01|Using TFFS for flash load
000001.892|boot |*|01|Code length:         0x00B244FF
000001.892|boot |*|01|Code checksum:       0x58C2EF72
000002.850|so   |3|01|Link status is Net up Speed 100 full Duplex.
000017.332|app1 |4|01|Loaded application sip.ld from local system successfully.
000001.516|so   |*|01|---------- Initial log entry ----------
000001.516|so   |*|01|+++ Note that Updater log times are in GMT +++
000001.516|boot |*|01|Initial log entry. Current logging level 3
000001.516|copy |*|01|Initial log entry. Current logging level 3
000001.516|utilm|*|01|Initial log entry. Current logging level 4
000001.516|hw   |*|01|Initial log entry. Current logging level 4
000001.516|ethf |*|01|Initial log entry. Current logging level 4
000001.516|dns  |*|01|Initial log entry. Current logging level 3
000001.516|curl |*|01|Initial log entry. Current logging level 3
000001.516|sec  |*|01|Initial log entry. Current logging level 4
000001.828|wdog |*|01|Initial log entry. Current logging level 4
000001.828|lldp |*|01|Initial log entry. Current logging level 3
000001.828|cdp  |*|01|Initial log entry. Current logging level 3
000001.828|key  |*|01|Initial log entry. Current logging level 4
000001.828|so   |3|01|Platform: Model=SoundStation IP 7000, Assembly=3111-40000-001 Rev=N Region=
000001.828|so   |3|01|Platform: Board=3111-40000-001 1 0
000001.829|so   |3|01|Platform: MAC=0004f2efd14f
000001.829|so   |3|01|Platform: BootBlock=3.0.2.0024 (40000-001) 30-Nov-10 15:04
000001.829|so   |*|01|Platform: BootL1=Standalone.0002 15-Jan-07 15:05:00
000001.829|so   |3|01|Application, main: Label=Updater, Version=Azurite 5.0.8.0935 14-Jan-15 19:55
000001.829|so   |3|01|Application, main: P/N=3150-11069-508
000001.829|log  |*|01|Install file upload callback for 'Updater'

000001.829|app1 |*|01|Initial log entry. Current logging level 3
000001.833|cfg  |*|01|Initial log entry. Current logging level 2
000001.850|app1 |3|01|Application, load: Type=SIP, Version=4.0.8.1608 07-Feb-15 10:04
000001.853|boot |*|01|Using TFFS for flash load
000001.853|boot |*|01|Code length:         0x00B244FF
000001.854|boot |*|01|Code checksum:       0x58C2EF72
000002.812|so   |3|01|Link status is Net up Speed 100 full Duplex.
000017.293|app1 |4|01|Loaded application sip.ld from local system successfully.
