0419182257|ares |4|00|aresDnsLookup: select time-out 1 on NAPTR lookup for 'fmoffice.fullymanaged.sip.voxter.com' after 0 sec
0419182258|ares |4|00|aresDnsLookup: select time-out 2 on NAPTR lookup for 'fmoffice.fullymanaged.sip.voxter.com' after 0 sec
0419182259|ares |4|00|aresDnsLookup: select time-out 3 on NAPTR lookup for 'fmoffice.fullymanaged.sip.voxter.com' after 0 sec
0419182300|ares |4|00|aresDnsLookup: select time-out 4 on NAPTR lookup for 'fmoffice.fullymanaged.sip.voxter.com' after 0 sec
0419182302|ares |4|00|aresDnsLookup: select time-out 5 on NAPTR lookup for 'fmoffice.fullymanaged.sip.voxter.com' after 0 sec
0419182304|ares |4|00|aresDnsLookup: select time-out 6 on NAPTR lookup for 'fmoffice.fullymanaged.sip.voxter.com' after 0 sec
0419182304|dns  |4|00|DNS server(s) unresponsive due to query timeout after 7 sec (Threshold = 5)
0419182304|sip  |4|00|doDnsListLookup(udp): doDnsSrvLookupForARecordList 'fmoffice.fullymanaged.sip.voxter.com' found no records. 
0419182326|dns  |4|00|DNS(NAPTR) query now allowed after unresponsive for 22 (of 10) sec
0419182727|ares |4|00|aresDnsLookup: select time-out 1 on SRV lookup for '_sip._udp.fmoffice.fullymanaged.sip.voxter.com' after 0 sec
0419182728|ares |4|00|aresDnsLookup: select time-out 2 on SRV lookup for '_sip._udp.fmoffice.fullymanaged.sip.voxter.com' after 0 sec
0419182729|ares |4|00|aresDnsLookup: select time-out 3 on SRV lookup for '_sip._udp.fmoffice.fullymanaged.sip.voxter.com' after 0 sec
0419182730|ares |4|00|aresDnsLookup: select time-out 4 on SRV lookup for '_sip._udp.fmoffice.fullymanaged.sip.voxter.com' after 0 sec
0420074142|so   |4|00|IsDivertFeaturesEnabled - EXIT
0420074142|so   |4|00|IsDivertFeaturesEnabled - EXIT
0420074243|clist|4|00|dbIO::processResult:copy error
0420074243|clist|4|00|dbSet::mem2srv:transfer failed
0420081932|sip  |4|00|NAPTR query for host 'fmoffice.fullymanaged.sip.voxter.com' returned no results
0420090943|clist|4|00|dbIO::processResult:copy error
0420090943|clist|4|00|dbSet::mem2srv:transfer failed
0420135141|clist|4|00|dbIO::processResult:copy error
0420135141|clist|4|00|dbSet::mem2srv:transfer failed
0420135641|clist|4|00|dbIO::processResult:copy error
0420135641|clist|4|00|dbSet::mem2srv:transfer failed
0420144211|so   |4|00|IsDivertFeaturesEnabled - EXIT
0420144211|so   |4|00|IsDivertFeaturesEnabled - EXIT
0420150450|clist|4|00|dbIO::processResult:copy error
0420150450|clist|4|00|dbSet::mem2srv:transfer failed
0420150757|ares |4|00|aresDnsLookup: select time-out 1 on SRV lookup for '_sip._udp.fmoffice.fullymanaged.sip.voxter.com' after 0 sec
0420150758|ares |4|00|aresDnsLookup: select time-out 2 on SRV lookup for '_sip._udp.fmoffice.fullymanaged.sip.voxter.com' after 0 sec
0420150759|ares |4|00|aresDnsLookup: select time-out 3 on SRV lookup for '_sip._udp.fmoffice.fullymanaged.sip.voxter.com' after 0 sec
0420150800|ares |4|00|aresDnsLookup: select time-out 4 on SRV lookup for '_sip._udp.fmoffice.fullymanaged.sip.voxter.com' after 0 sec
0420150802|ares |4|00|aresDnsLookup: select time-out 5 on SRV lookup for '_sip._udp.fmoffice.fullymanaged.sip.voxter.com' after 0 sec
0420150804|ares |4|00|aresDnsLookup: select time-out 6 on SRV lookup for '_sip._udp.fmoffice.fullymanaged.sip.voxter.com' after 0 sec
0420150804|dns  |4|00|DNS server(s) unresponsive due to query timeout after 7 sec (Threshold = 5)
0420150804|sip  |4|00|doDnsListLookup(udp): doDnsSrvLookupForARecordList 'fmoffice.fullymanaged.sip.voxter.com' found no records. 
0420150826|dns  |4|00|DNS(SRV) query now allowed after unresponsive for 22 (of 10) sec
0420165227|ares |4|00|aresDnsLookup: select time-out 1 on SRV lookup for '_sip._udp.fmoffice.fullymanaged.sip.voxter.com' after 0 sec
0420165228|ares |4|00|aresDnsLookup: select time-out 2 on SRV lookup for '_sip._udp.fmoffice.fullymanaged.sip.voxter.com' after 0 sec
0420165229|ares |4|00|aresDnsLookup: select time-out 3 on SRV lookup for '_sip._udp.fmoffice.fullymanaged.sip.voxter.com' after 0 sec
0420165230|ares |4|00|aresDnsLookup: select time-out 4 on SRV lookup for '_sip._udp.fmoffice.fullymanaged.sip.voxter.com' after 0 sec
0420165232|ares |4|00|aresDnsLookup: select time-out 5 on SRV lookup for '_sip._udp.fmoffice.fullymanaged.sip.voxter.com' after 0 sec
0420165234|ares |4|00|aresDnsLookup: select time-out 6 on SRV lookup for '_sip._udp.fmoffice.fullymanaged.sip.voxter.com' after 0 sec
0420165234|dns  |4|00|DNS server(s) unresponsive due to query timeout after 7 sec (Threshold = 5)
0420165234|sip  |4|00|doDnsListLookup(udp): doDnsSrvLookupForARecordList 'fmoffice.fullymanaged.sip.voxter.com' found no records. 
0420165256|dns  |4|00|DNS(SRV) query now allowed after unresponsive for 22 (of 10) sec
0420165257|ares |4|00|aresDnsLookup: select time-out 1 on SRV lookup for '_sip._udp.fmoffice.fullymanaged.sip.voxter.com' after 0 sec
0420165258|ares |4|00|aresDnsLookup: select time-out 2 on SRV lookup for '_sip._udp.fmoffice.fullymanaged.sip.voxter.com' after 0 sec
0420165259|ares |4|00|aresDnsLookup: select time-out 3 on SRV lookup for '_sip._udp.fmoffice.fullymanaged.sip.voxter.com' after 0 sec
0420165300|ares |4|00|aresDnsLookup: select time-out 4 on SRV lookup for '_sip._udp.fmoffice.fullymanaged.sip.voxter.com' after 0 sec
0420165302|ares |4|00|aresDnsLookup: select time-out 5 on SRV lookup for '_sip._udp.fmoffice.fullymanaged.sip.voxter.com' after 0 sec
0420165304|ares |4|00|aresDnsLookup: select time-out 6 on SRV lookup for '_sip._udp.fmoffice.fullymanaged.sip.voxter.com' after 0 sec
0420165304|dns  |4|00|DNS server(s) unresponsive due to query timeout after 7 sec (Threshold = 5)
0420165304|sip  |4|00|doDnsListLookup(udp): doDnsSrvLookupForARecordList 'fmoffice.fullymanaged.sip.voxter.com' found no records. 
0420165311|sip  |4|00|doDnsListLookup(udp): doDnsSrvLookupForARecordList 'fmoffice.fullymanaged.sip.voxter.com' found no records. 
0420165318|dns  |4|00|DNS(SRV) query now allowed after unresponsive for 14 (of 10) sec
0420165319|ares |4|00|aresDnsLookup: select time-out 1 on SRV lookup for '_sip._udp.fmoffice.fullymanaged.sip.voxter.com' after 0 sec
0420165320|ares |4|00|aresDnsLookup: select time-out 2 on SRV lookup for '_sip._udp.fmoffice.fullymanaged.sip.voxter.com' after 0 sec
0420165321|ares |4|00|aresDnsLookup: select time-out 3 on SRV lookup for '_sip._udp.fmoffice.fullymanaged.sip.voxter.com' after 0 sec
0420165322|ares |4|00|aresDnsLookup: select time-out 4 on SRV lookup for '_sip._udp.fmoffice.fullymanaged.sip.voxter.com' after 0 sec
0420165324|ares |4|00|aresDnsLookup: select time-out 5 on SRV lookup for '_sip._udp.fmoffice.fullymanaged.sip.voxter.com' after 0 sec
0420165326|ares |4|00|aresDnsLookup: select time-out 6 on SRV lookup for '_sip._udp.fmoffice.fullymanaged.sip.voxter.com' after 0 sec
0420165326|dns  |4|00|DNS server(s) unresponsive due to query timeout after 7 sec (Threshold = 5)
0420165326|sip  |4|00|doDnsListLookup(udp): doDnsSrvLookupForARecordList 'fmoffice.fullymanaged.sip.voxter.com' found no records. 
0420165326|sip  |4|00|doDnsListLookup(udp): doDnsSrvLookupForARecordList 'fmoffice.fullymanaged.sip.voxter.com' found no records. 
0420165425|dns  |4|00|DNS(SRV) query now allowed after unresponsive for 58 (of 10) sec
0420165426|ares |4|00|aresDnsLookup: select time-out 1 on SRV lookup for '_sip._udp.fmoffice.fullymanaged.sip.voxter.com' after 0 sec
0420171827|ares |4|00|aresDnsLookup: select time-out 1 on SRV lookup for '_sip._udp.fmoffice.fullymanaged.sip.voxter.com' after 0 sec
0420171828|ares |4|00|aresDnsLookup: select time-out 2 on SRV lookup for '_sip._udp.fmoffice.fullymanaged.sip.voxter.com' after 0 sec
0420171829|ares |4|00|aresDnsLookup: select time-out 3 on SRV lookup for '_sip._udp.fmoffice.fullymanaged.sip.voxter.com' after 0 sec
0420171830|ares |4|00|aresDnsLookup: select time-out 4 on SRV lookup for '_sip._udp.fmoffice.fullymanaged.sip.voxter.com' after 0 sec
0420171832|ares |4|00|aresDnsLookup: select time-out 5 on SRV lookup for '_sip._udp.fmoffice.fullymanaged.sip.voxter.com' after 0 sec
