0421183241|cfg  |*|00|RT|   Phone IP address is 10.2.0.209.
0421183241|cfg  |*|00|RT|   Subnet mask is 255.255.255.0.
0421183241|cfg  |*|00|RT|   Gateway address is 10.2.0.1.
0421183241|cfg  |*|00|RT|   DNS server is 8.8.8.8.
0421183241|cfg  |*|00|RT|   DNS alternate server is 8.8.4.4.
0421183241|cfg  |*|00|RT|   GMT offset is -28800 seconds.
000016.316|log  |*|00|---------- Initial log entry ----------
000009.006|wdog |*|00|Initial log entry. Current logging level 4
000015.952|rdisk|*|00|Initial log entry. Current logging level 4
000015.957|rdisk|*|00|RAM disk created and mounted at "/rfs0"
000015.957|rdisk|*|00|RAM disk created, size: 16,777,216 bytes
000016.302|so   |*|00|Platform: Model=VVX 300, Assembly=3111-46135-002 Rev=A Region=0
000016.302|so   |*|00|Platform: Interface    eth0 MAC=0004f28e7abd
000016.305|so   |*|00|Platform: BootBlock=3.0.4.0028 (46135-002) 30-Jan-13 18:00
000016.306|so   |*|00|Platform: BootL1=1.0.0.0009 (46135-002) 11-Jan-13 14:23
000016.313|so   |*|00|Platform: Updater=5.1.4.0844 20-Mar-13 14:23
000016.313|so   |*|00|Application, main: Label=SIP, Version=PrairieDog 4.1.4.7430 20-Mar-13 14:12
000016.313|so   |*|00|Application, main: P/N=3150-11530-414
000016.313|rdisk|*|00|RAM disk created, size: 16,777,216 bytes
000016.315|ocsp |*|00|O.C.S.P. Enabled = 0
000016.368|tls  |*|00|Initial log entry. Current logging level 4
000016.418|pmt  |*|00|Initial log entry. Current logging level 4
000016.424|wdog |*|00|Initial log entry. Current logging level 4
000016.424|ethf |*|00|Initial log entry. Current logging level 4
000016.425|hw   |*|00|Initial log entry. Current logging level 4
000016.432|ares |*|00|Initial log entry. Current logging level 4
000016.433|dns  |*|00|Initial log entry. Current logging level 4
000016.433|cfg  |*|00|Initial log entry. Current logging level 4
000016.433|cfg  |*|00|Prm|cfgParamBaseProfileUpdate: Using Base Profile Generic
000016.447|dot1x|*|00|Initial log entry. Current logging level 4
000016.466|ethf |4|00|utilEthFilterInit: VLAN Filter enabled, Storm Filter enabled
000016.557|cfg  |5|00|RT|Error installing DHCP event hook.
000016.648|lic  |*|00|Initial log entry. Current logging level 4
000016.666|lic  |5|00|cfgCfsFlashKeyScratchLoad: could not load flash len 976
000016.787|curl |*|00|Initial log entry. Current logging level 4
000016.787|utilm|*|00|Initial log entry. Current logging level 4
000016.790|copy |*|00|Initial log entry. Current logging level 4
000016.790|rtos |*|00|Initial log entry. Current logging level 4
000016.798|sec  |*|00|Initial log entry. Current logging level 4
000016.825|so   |*|00|Configuration files: 0004f28e7abd_reg.cfg, provisioner.cfg, sip.cfg, features.cfg
000016.825|so   |*|00|Configuration file "0004f28e7abd_reg.cfg" SHA1 digest: 0F21390F0C5B85AF0234A9ABACB64A0243DCBA82
000016.825|so   |*|00|Configuration file "provisioner.cfg" SHA1 digest: 51080CD89DA743106AF5139272C6860F0465BE9D
000016.825|so   |*|00|Configuration file "sip.cfg" SHA1 digest: 9D80E22A8C8F9EC0EB9376C1FD37FDEE5B79EEF0
000016.825|so   |*|00|Configuration file "features.cfg" SHA1 digest: 4CC8F8E5A161C0EA5F932FF8A190910D0B78027B
000016.825|cfg  |4|00|Prm|Configuration file(s) statistics: 1 parameters were invalid and could not be interpreted.
000016.825|cfg  |4|00|Prm|Configuration file(s) statistics: 1 parameter values were used but were out of range. 5 were invalid and ignored.
000016.839|log  |*|00|Log render level set to 1
000016.848|srtp |*|00|Initial log entry. Current logging level 4
000016.858|cfg  |5|00|Prm|Parameter 0 is out of range
000016.866|res  |*|00|Initial log entry. Current logging level 4
000016.870|httpa|*|00|Initial log entry. Current logging level 4
000016.871|lldp |*|00|Initial log entry. Current logging level 4
000016.871|cdp  |*|00|Initial log entry. Current logging level 4
000016.874|pcd  |*|00|Initial log entry. Current logging level 4
000016.890|tickt|*|00|Initial log entry. Current logging level 4
000016.911|utilm|4|00|uBLFUnCompressed: File /ffs0/Config/Local/WebTicket/0/sip.usr doesn't exist or is empty
000016.915|tickt|4|00|soWebTicketCertMove: Could not copy key to new slot
000016.917|tickt|4|00|soWebTicketCertMove: Could not copy cert to new slot
000016.917|tickt|4|00|soWebTicketCertMove: Could not copy SIP user to new slot
000016.918|tickt|4|00|soWebTicketCertMove: Could not copy SIP uuid to new slot
000016.918|tickt|4|00|soWebTicketCertMove: Could not copy server to new slot
000016.923|loc  |*|00|Initial log entry. Current logging level 4
000016.939|ssps |*|00|Initial log entry. Current logging level 4
000016.948|ssps |5|00|Allocated 36992 bytes for SspsHdiMemBase=0x41100d10
000016.952|ssps |4|00|sspsDspLoad: found Maroo 23.
000017.475|so   |*|00|System Info Reports:
000017.475|so   |*|00|  Cpu is ARMv6-compatible processor rev 7 (v6l), ID: 0x111700b0, running at 300MHz.
000017.475|so   |*|00|  Board is identified as PolycomVVX-VVX_300.
000017.475|so   |*|00|  DRAM_SIZE: 128 MB
000017.475|so   |*|00|  NAND flash detected is 20
000017.475|key  |*|00|Initial log entry. Current logging level 4
000017.502|httpd|*|00|Initial log entry. Current logging level 4
000017.508|poll |*|00|Initial log entry. Current logging level 4
000017.511|push |*|00|Initial log entry. Current logging level 4
000017.513|poll |*|00|Initial log entry. Current logging level 4
000017.516|poll |*|00|Initial log entry. Current logging level 4
000017.518|poll |*|00|Initial log entry. Current logging level 4
000017.518|poll |*|00|Initial log entry. Current logging level 4
000017.518|poll |*|00|Initial log entry. Current logging level 4
000017.521|ht   |*|00|Initial log entry. Current logging level 4
000017.524|dbuf |*|00|Initial log entry. Current logging level 4
000017.528|ssps |*|00|sspsMain: Set HDI mem to be 0, was 0
000017.542|ice  |*|00|Initial log entry. Current logging level 4
000017.545|ssps |*|00|Application, comp. 1: Label=PolyDSP Vino BCM11195 Mem1 FS1, Version=7.7.2.7234 19-Mar-2013 22:11
000017.545|ssps |*|00|Application, comp. 1: P/N=3150-11580-772.
000017.547|pps  |*|00|Initial log entry. Current logging level 4
000017.548|sip  |*|00|Initial log entry. Current logging level 4
000017.550|sipt |*|00|Initial log entry. Current logging level 4
000017.551|sipp |*|00|Initial log entry. Current logging level 4
000017.556|ptt  |*|00|Initial log entry. Current logging level 4
000018.448|pwrsv|*|00|Initial log entry. Current logging level 4
000018.453|so   |*|00|Using TCP IP Media Port, configured initial RTP port 2222
000018.512|sshc |*|00|Initial log entry. Current logging level 4
000018.515|app1 |*|00|Initial log entry. Current logging level 4
000018.527|app1 |*|00|AppPhoneC::AppPhoneC() Number Of Line Keys = 6
000018.527|app1 |*|00|AppPhoneC::AppPhoneC() - new AppRegLineC, szUser = 8730
000018.614|ldap |*|00|Initial log entry. Current logging level 4
000018.614|ldap |4|00|cDynamicData::cDynamicData:cDynamicData:Failed
000018.748|efk  |*|00|Initial log entry. Current logging level 4
000018.807|lic  |4|00|License: feature Nuance XT9 is not available
000018.812|cfg  |4|00|Dir|regAppCb set
000018.822|app1 |4|00|getCfgParams
000018.826|cmp  |*|00|Initial log entry. Current logging level 4
000018.829|wmgr |*|00|Initial log entry. Current logging level 4
000018.842|slog |*|00|Initial log entry. Current logging level 4
000018.931|so   |4|00|SoKeyC::procMsg unexpected message 4099
000022.632|dhcpc|*|00|Initial log entry. Current logging level 4
000024.002|pgui |*|00|Initial log entry. Current logging level 4
000024.956|cfg  |*|00|RT|   Phone IP address is 10.2.0.209.
000024.956|cfg  |*|00|RT|   Subnet mask is 255.255.255.0.
000024.956|cfg  |*|00|RT|   Gateway address is 10.2.0.1.
000024.956|cfg  |*|00|RT|   DNS server is 8.8.8.8.
000024.957|cfg  |*|00|RT|   DNS alternate server is 8.8.4.4.
000024.957|cfg  |*|00|RT|   GMT offset is -28800 seconds.
000024.964|dns  |*|00|DNS resolver servers are '8.8.8.8' '8.8.4.4'
000024.964|dns  |*|00|DNS resolver search domain is ''
000024.966|cfg  |*|00|RT|Primary IP changed to 10.2.0.209 subnet mask 255.255.255.0
000024.967|cfg  |*|00|RT|   Phone IP address is 10.2.0.209.
000024.967|cfg  |*|00|RT|   Subnet mask is 255.255.255.0.
000024.967|cfg  |*|00|RT|   Gateway address is 10.2.0.1.
000024.967|cfg  |*|00|RT|   DNS server is 8.8.8.8.
000024.967|cfg  |*|00|RT|   DNS alternate server is 8.8.4.4.
000024.967|cfg  |*|00|RT|   GMT offset is -28800 seconds.
000025.032|so   |*|00|Network initialized. Starting network tasks.
000025.035|ice  |5|00|Network ICE stack failed to initialize in 5000 ms
000025.037|log  |*|00|Install file upload callback for 'so'

0421184228|cfg  |*|00|Prov|Starting to update 3111-46135-002.sip.ld
0421184229|cfg  |*|00|Prov|Updating the Updater
0421184229|cfg  |*|00|Prov|Image has been changed
0421184233|copy |*|00|Server 'p.voxter.com' said 'overrides/0004f28e7abd-web.cfg' is not present
0421184233|copy |*|00|Server 'p.voxter.com' said 'licenses/000000000000-license.cfg' is not present
0421184234|copy |*|00|Server 'p.voxter.com' said 'licenses/0004f28e7abd-license.cfg' is not present
0421184234|cfg  |*|00|Prov|Provisioning needs to reboot to upgrade image(s)
0421184234|cfg  |*|00|Prov|Finished updating configuration
0421184234|app1 |*|00|Event: Multiple Key Combo 1
0421184234|app1 |*|00|Manual Reboot
0421184234|ldap |4|00|ldapXfer::start:xferStart failed cState=-1
0421184234|app1 |*|00|AppC::appReboot corp dir shutdown complete
0421184234|so   |*|00|SoNcasC::procMsg: Client service shutdown complete
0421184244|wdog |*|00|Watchdog Expired: tSupObjs, 8
0421184244|log  |*|00|---------- Final log entry ----------
001137.810|log  |*|00|---------- Initial log entry ----------
001137.487|rdisk|*|00|Initial log entry. Current logging level 4
001137.490|rdisk|*|00|RAM disk created and mounted at "/rfs0"
001137.490|rdisk|*|00|RAM disk created, size: 16,777,216 bytes
001137.802|so   |*|00|Platform: Model=VVX 300, Assembly=3111-46135-002 Rev=A Region=0
001137.802|so   |*|00|Platform: Interface    eth0 MAC=0004f28e7abd
001137.803|so   |*|00|Platform: BootBlock=3.0.4.0028 (46135-002) 30-Jan-13 18:00
001137.804|so   |*|00|Platform: BootL1=1.0.0.0009 (46135-002) 11-Jan-13 14:23
001137.807|so   |*|00|Platform: Updater=5.5.0.13251 24-Mar-15 03:06
001137.807|so   |*|00|Application, main: Label=SIP, Version=Congo 5.3.0.12074 24-Mar-15 02:31
001137.807|so   |*|00|Application, main: P/N=3150-11530-530
001137.807|rdisk|*|00|RAM disk created, size: 16,777,216 bytes
001137.808|ocsp |*|00|O.C.S.P. Enabled = 0
001137.892|tls  |*|00|Initial log entry. Current logging level 4
001137.944|pmt  |*|00|Initial log entry. Current logging level 4
001137.946|wdog |*|00|Initial log entry. Current logging level 4
001137.946|ethf |*|00|Initial log entry. Current logging level 4
001137.948|hw   |*|00|Initial log entry. Current logging level 4
001137.948|ares |*|00|Initial log entry. Current logging level 4
001137.948|dns  |*|00|Initial log entry. Current logging level 4
001137.948|cfg  |*|00|Initial log entry. Current logging level 4
001137.949|cfg  |*|00|Prm|cfgParamBaseProfileUpdate: Using Base Profile Generic
001137.952|dot1x|*|00|Initial log entry. Current logging level 4
001138.127|lic  |*|00|Initial log entry. Current logging level 4
001138.148|lic  |5|00|cfgCfsFlashKeyScratchLoad: could not load flash len 976
001138.148|lic  |*|00|License expiry check in 85978 seconds
001138.213|curl |*|00|Initial log entry. Current logging level 4
001138.214|utilm|*|00|Initial log entry. Current logging level 4
001138.214|copy |*|00|Initial log entry. Current logging level 4
001138.214|rtos |*|00|Initial log entry. Current logging level 4
001142.765|pgui |*|00|Initial log entry. Current logging level 4
001144.717|dhcpc|*|00|Initial log entry. Current logging level 4
001147.889|cfg  |*|00|RT|   Phone IP address is 10.2.0.209.
001147.889|cfg  |*|00|RT|   Subnet mask is 255.255.255.0.
001147.890|cfg  |*|00|RT|   Gateway address is 10.2.0.1.
001147.890|cfg  |*|00|RT|   DNS server is 8.8.8.8.
001147.890|cfg  |*|00|RT|   DNS alternate server is 8.8.4.4.
001147.890|cfg  |*|00|RT|   GMT offset is -28800 seconds.
001147.892|dns  |*|00|DNS resolver servers are '8.8.8.8' '8.8.4.4'
001147.892|dns  |*|00|DNS resolver search domain is ''
001147.894|cfg  |*|00|RT|Primary IP: 10.2.0.209 subnet mask 255.255.255.0
001148.497|cfg  |*|00|Prov|Starting to update 3111-46135-002.sip.ld
001150.592|copy |*|00|Server 'p.voxter.com' said 'overrides/0004f28e7abd-web.cfg' is not present
001150.659|copy |*|00|Server 'p.voxter.com' said 'licenses/000000000000-license.cfg' is not present
001150.724|copy |*|00|Server 'p.voxter.com' said 'licenses/0004f28e7abd-license.cfg' is not present
001150.736|cfg  |*|00|Prm|0004f28e7abd_reg.cfg: Value "" for configuration parameter reg.1.server.2.port is invalid, ignoring
001150.736|cfg  |*|00|Prm|0004f28e7abd_reg.cfg: Value "" for configuration parameter reg.1.outboundProxy.port is invalid, ignoring
001150.737|cfg  |*|00|Prm|0004f28e7abd_reg.cfg: Value "" for configuration parameter reg.1.lineKeys is invalid, ignoring
001150.744|cfg  |4|00|Prm|provisioner.cfg: Unknown parameter "sec.tagSerialNo.set" found, ignoring.
001150.772|cfg  |*|00|Prm|features.cfg: Value 9999 for configuration parameter dir.local.contacts.maxNum is too large, using 500, the maximum allowed
001150.807|cfg  |*|00|Prov|Setting device parameters from configuration files.
001150.809|cfg  |4|00|RT|cfgFlashUpdateFromConfig: Failed to update SerialConfig
001151.215|cfg  |*|00|Prov|Finished updating configuration
001151.216|sec  |*|00|Initial log entry. Current logging level 4
001151.218|so   |*|00|Configuration files: 0004f28e7abd_reg.cfg, provisioner.cfg, sip.cfg, features.cfg
001151.218|so   |*|00|Configuration file "0004f28e7abd_reg.cfg" SHA1 digest: 0F21390F0C5B85AF0234A9ABACB64A0243DCBA82
001151.218|so   |*|00|Configuration file "provisioner.cfg" SHA1 digest: 51080CD89DA743106AF5139272C6860F0465BE9D
001151.218|so   |*|00|Configuration file "sip.cfg" SHA1 digest: CB0962CE718073BF791D2D01F35EED370212541F
001151.219|so   |*|00|Configuration file "features.cfg" SHA1 digest: C581BA279B236C29DF1CFC79741E3FAED2E8A230
001151.219|cfg  |4|00|Prm|Configuration file(s) statistics: 1 parameters were invalid and could not be interpreted.
001151.219|cfg  |4|00|Prm|Configuration file(s) statistics: 1 parameter values were used but were out of range. 5 were invalid and ignored.
001151.222|log  |*|00|Log render level set to 1
001151.225|pcap |*|00|On-Phone Packet Capture disabled
001151.225|srtp |*|00|Initial log entry. Current logging level 4
001151.226|cfg  |5|00|Prm|Parameter 0 is out of range
001151.231|res  |*|00|Initial log entry. Current logging level 4
001151.232|httpa|*|00|Initial log entry. Current logging level 4
001151.232|lldp |*|00|Initial log entry. Current logging level 4
001151.232|cdp  |*|00|Initial log entry. Current logging level 4
001151.232|pcd  |*|00|Initial log entry. Current logging level 4
001151.247|tickt|*|00|Initial log entry. Current logging level 4
001151.247|loc  |*|00|Initial log entry. Current logging level 4
001151.254|ssps |*|00|Initial log entry. Current logging level 4
001151.256|ssps |5|00|Allocated 36992 bytes for SspsHdiMemBase=0xe771f0
001151.256|ssps |4|00|sspsDspLoad: found Maroo 23.
001151.281|utilm|4|00|uBLFUnCompressed: File /ffs0/Config/Local/WebTicket/0/sip.usr doesn't exist or is empty
001151.285|tickt|4|00|soWebTicketCertMove: Could not copy key to new uiSlot
001151.286|tickt|4|00|soWebTicketCertMove: Could not copy cert to new uiSlot
001151.287|tickt|4|00|soWebTicketCertMove: Could not copy SIP user to new uiSlot
001151.288|tickt|4|00|soWebTicketCertMove: Could not copy SIP uuid to new uiSlot
001151.290|tickt|4|00|soWebTicketCertMove: Could not copy server to new uiSlot
001151.492|so   |*|00|System Info Reports:
001151.492|so   |*|00|  Cpu is ARMv6-compatible processor rev 7 (v6l), ID: 0x111700b0, running at 300MHz.
001151.492|so   |*|00|  Board is identified as PolycomVVX-VVX_300.
001151.492|so   |*|00|  DRAM_SIZE: 128 MB
001151.492|so   |*|00|  NAND flash detected is 20
001151.493|key  |*|00|Initial log entry. Current logging level 4
001151.522|httpd|*|00|Initial log entry. Current logging level 4
001151.523|poll |*|00|Initial log entry. Current logging level 4
001151.523|push |*|00|Initial log entry. Current logging level 4
001151.524|poll |*|00|Initial log entry. Current logging level 4
001151.524|poll |*|00|Initial log entry. Current logging level 4
001151.525|ht   |*|00|Initial log entry. Current logging level 4
001151.526|dbuf |*|00|Initial log entry. Current logging level 4
001151.528|ssps |*|00|sspsMain: Set HDI mem to be 0, was 0
001151.533|ssps |*|00|Application, comp. 1: Label=PolyDSP Vino BCM11193 Mem1 FS1, Version=8.4.1.2003 26-Nov-2014 14:26
001151.533|ssps |*|00|Application, comp. 1: P/N=3150-11580-841.
001151.534|ice  |*|00|Initial log entry. Current logging level 4
001151.534|pps  |*|00|Initial log entry. Current logging level 4
001151.534|sip  |*|00|Initial log entry. Current logging level 4
001151.534|sipt |*|00|Initial log entry. Current logging level 4
001151.535|sipp |*|00|Initial log entry. Current logging level 4
001151.537|ptt  |*|00|Initial log entry. Current logging level 4
001151.538|xmpp |*|00|Initial log entry. Current logging level 4
001151.540|btoe |*|00|Initial log entry. Current logging level 4
001151.542|btoe |5|00|PpsBtoeC::ppsProcMsg thread launched
001152.397|pwrsv|*|00|Initial log entry. Current logging level 4
001152.430|so   |*|00|Using TCP IP Media Port, configured initial RTP port 2222
001152.463|sshc |*|00|Initial log entry. Current logging level 4
001152.463|gbLoc|*|00|Initial log entry. Current logging level 4
001152.463|app1 |*|00|Initial log entry. Current logging level 4
001152.483|btoe |5|00|PpsBtoeC Callback is set
001152.520|app1 |*|00|AppPhoneC::AppPhoneC() Number Of Line Keys = 48
001152.520|app1 |*|00|AppPhoneC::AppPhoneC() - new AppRegLineC, szUser = 8730
001152.639|ldap |*|00|Initial log entry. Current logging level 4
001152.843|efk  |*|00|Initial log entry. Current logging level 4
001152.886|cmp  |*|00|Initial log entry. Current logging level 4
001152.886|wmgr |*|00|Initial log entry. Current logging level 4
001152.900|slog |*|00|Initial log entry. Current logging level 4
001152.928|so   |4|00|SoKeyC::procMsg unexpected message 4099
001152.989|so   |*|00|Network initialized. Starting network tasks.
001152.990|log  |*|00|Install file upload callback for 'so'

0421191100|pgui |*|00|Qt Mouse driver created.
0421191101|em   |*|00|Initial log entry. Current logging level 4
0421191101|dbs  |*|00|Initial log entry. Current logging level 4
0421191101|brow |*|00|Initial log entry. Current logging level 4
0421191102|osd  |*|00|Initial log entry. Current logging level 4
0421191102|clist|*|00|Initial log entry. Current logging level 4
0421191102|clist|4|00|dbCfg::getServerDir:Unknown dbCfg type
0421191102|clist|4|00|dbCfg::getServerDir:Unknown dbCfg type
0421191102|clist|4|00|dbCfg::getServerDir:Unknown dbCfg type
0421191102|clist|4|00|dbCfg::getServerDir:Unknown dbCfg type
0421191103|clist|4|00|dbXML::createEntry:name=<bb> func=<0x1afd08><0x1afcb8>- invalid or already exist
0421191103|clist|4|00|dbXML::createEntry:name=<bb> func=<0x1afd08><0x1afcb8>- invalid or already exist
0421191108|app1 |5|00|[AppHybridC]: APP IS COMPLETELY INTIALIZED.
0421191108|sip  |*|00|Sip Register Usr:8730 Dsp:8730 Auth:'8730' Inx:0
0421191108|app1 |4|00|Corporate directory instance does not exists.
0421191109|clist|4|00|dbCfg::getServerDir:Unknown dbCfg type
0421191109|clist|4|00|dbCfg::getServerDir:Unknown dbCfg type
0421191109|moh  |*|00|Initial log entry. Current logging level 4
0421191109|moh  |4|00|SoNcasMohC::soNcasmohCfgInit: File provisioning for Moh is defined only for Lync Profile adn if Moh feature is enabled
