000000.290|so   |*|00|---------- Initial log entry ----------
000000.290|so   |*|00|+++ Note that bootrom log times are in GMT +++
000000.290|copy |*|00|Initial log entry. Current logging level 3
000000.290|utilm|*|00|Initial log entry. Current logging level 4
000000.290|hw   |*|00|Initial log entry. Current logging level 4
000000.290|ethf |*|00|Initial log entry. Current logging level 4
000000.290|dns  |*|00|Initial log entry. Current logging level 3
000000.290|curl |*|00|Initial log entry. Current logging level 3
000000.290|sec  |*|00|Initial log entry. Current logging level 4
000000.445|wdog |*|00|Initial log entry. Current logging level 4
000000.445|lldp |*|00|Initial log entry. Current logging level 3
000000.445|lldp |3|00|LLDP is DISABLED.
000000.445|cdp  |*|00|Initial log entry. Current logging level 3
000000.445|cdp  |3|00|CDP is DISABLED.
000000.445|key  |*|00|Initial log entry. Current logging level 4
000000.460|so   |3|00|Platform: Model=SoundStation IP 5000, Assembly=3111-30900-001 Rev=G Region=0
000000.460|so   |3|00|Platform: Board=3111-30900-001 1 0
000000.460|so   |3|00|Platform: MAC=0004f2f3ad6f, IP=Resolving, Subnet Mask=Resolving
000000.460|so   |3|00|Platform: BootBlock=3.0.2.0024 (30900-001) 30-Nov-10 15:06
000000.460|so   |3|00|Application, main: Label=BOOT, Version=Muscovite 4.4.0.0080 26-Jul-11 13:56
000000.460|so   |3|00|Application, main: P/N=3150-11069-440
000000.460|app1 |*|00|Initial log entry. Current logging level 3
000000.605|cfg  |*|00|Initial log entry. Current logging level 2
000000.675|cfg  |3|00|Current BootBlock revision is '3.0.2 (30900-001).0024'
000000.675|cfg  |*|00|Prov|Updating BootBlock
000000.675|cfg  |3|00|Checking pre-compiled image 3111-30900-001.bootblock.ld
000000.675|cfg  |3|00|New load header information:
000000.675|cfg  |3|00|Code length:         0x0000F119
000000.675|cfg  |3|00|Header check Sum:    0x0066D5C9
000000.675|cfg  |3|00|Code check Sum:      0x0065E284
000000.675|cfg  |3|00|Options:             0x00000020
000000.675|cfg  |3|00|Recognized compatible bootBlock
000000.685|cfg  |3|00|BootBlock is already present
000000.685|cfg  |3|00|Image is already up to date
000000.685|app1 |*|00|BootBlock is already up to date.
000001.445|so   |3|00|Link status is Net up Speed 100 full Duplex.
000012.245|lldp |3|00|LLDP did not receive a response from a switch. Disabling LLDP.
0304235007|cdp  |3|00|CDP did not receive a response from a switch. Disabling CDP.
0304235011|app1 |3|00|DNS resolver server is '10.40.30.1'
0304235011|app1 |3|00|DNS resolver search domain is 'cumulusnetworks.com'
0304235011|app1 |3|00|Bootline: esw(3,0)bootHost:flash e=10.40.30.189:ffffff00:a8c0:13 h=74.114.208.245 g=10.40.30.1 u=**** pw=**** f=0x40 tn=CircaIP
0304235011|app1 |3|00|DHCP returned result 0x2E7 from server 10.40.30.1.
0304235011|app1 |3|00|   Phone IP address is 10.40.30.189.
0304235011|app1 |3|00|   Subnet mask is 255.255.255.0.
0304235011|app1 |3|00|   Gateway address is 10.40.30.1.
0304235011|app1 |3|00|   Time server is 10.40.30.1.
0304235011|app1 |3|00|   GMT offset is 0 seconds.
0304235011|app1 |3|00|   DNS server is 10.40.30.1.
0304235011|app1 |3|00|   DNS domain is cumulusnetworks.com.
0304235148|app1 |3|00|Time has been set from 10.40.30.1 (10.40.30.1).
0304235148|app1 |3|00|   1425513108: 2015-3-4, 23:51:48, DST off
0304235148|dns  |3|00|DNS lookup for 'p.voxter.com'(74.114.208.245) TTL=66057
0304235148|copy |3|00|'http://PlcmSplp:****@p.voxter.com/0004f2f3ad6f.cfg' from 'p.voxter.com(74.114.208.245)'
0304235148|copy |3|00|Download of '0004f2f3ad6f.cfg' succeeded on attempt 1 (addr 1 of 1)
0304235148|cfg  |*|00|Prov|Starting to update 3111-30900-001.sip.ld
0304235149|copy |3|00|'http://PlcmSplp:****@p.voxter.com/3111-30900-001.sip.ld' from 'p.voxter.com(74.114.208.245)'
0304235149|cfg  |3|00|New load header information:
0304235149|cfg  |3|00|Code length:         0x004AF4B8
0304235149|cfg  |3|00|Header check Sum:    0x07547284
0304235149|cfg  |3|00|Code check Sum:      0x07097CA8
0304235149|cfg  |3|00|Options:             0x00000080
0304235149|cfg  |3|00|Recognized container image
0304235149|cfg  |3|00|New load header information:
0304235149|cfg  |3|00|Code length:         0x003CD0B5
0304235149|cfg  |3|00|Header check Sum:    0x2840D2ED
0304235149|cfg  |3|00|Code check Sum:      0x1E4B19CF
0304235149|cfg  |3|00|Options:             0x00000102
0304235149|cfg  |3|00|Could not open application file for checking
0304235149|cfg  |3|00|Application in container image 1 is different
0304235149|cfg  |3|00|New load header information:
0304235149|cfg  |3|00|Code length:         0x000E1B10
0304235149|cfg  |3|00|Header check Sum:    0x3216FA02
0304235149|cfg  |3|00|Code check Sum:      0x0708DCBE
0304235149|cfg  |3|00|Options:             0x00000110
0304235149|cfg  |3|00|BootROM header is different
0304235149|cfg  |3|00|BootROM in container image 2 is different
0304235149|cfg  |3|00|Using bootROM
0304235210|cfg  |*|00|Prov|Updating BootROM
0304235210|cfg  |3|00|Using compatible image 0
0304235215|copy |3|00|Download of '3111-30900-001.sip.ld' succeeded on attempt 1 (addr 1 of 1)
0304235215|sig  |*|00|Initial log entry. Current logging level 3
0304235215|sig  |3|00|hwSigParseRemove: found key Sig_3.
0304235215|cfg  |3|00|Good image signature
0304235216|cfg  |4|00|Removing application...
0304235216|cfg  |3|00|Programming BootROM from sector 19 to 36
0304235234|cfg  |3|00|Programming to sector 19 complete
0304235235|cfg  |3|00|Invalidated old image at sector 1, offset 20.
0304235235|cfg  |*|00|Prov|Image has been changed
0304235235|cfg  |*|00|Prov|Provisioning needs to reboot to upgrade image(s)
000000.270|so   |*|01|---------- Initial log entry ----------
000000.270|so   |*|01|+++ Note that Updater log times are in GMT +++
000000.270|boot |*|01|Initial log entry. Current logging level 3
000000.270|copy |*|01|Initial log entry. Current logging level 3
000000.270|utilm|*|01|Initial log entry. Current logging level 4
000000.270|hw   |*|01|Initial log entry. Current logging level 4
000000.270|ethf |*|01|Initial log entry. Current logging level 4
000000.270|dns  |*|01|Initial log entry. Current logging level 3
000000.270|curl |*|01|Initial log entry. Current logging level 3
000000.270|sec  |*|01|Initial log entry. Current logging level 4
000000.430|wdog |*|01|Initial log entry. Current logging level 4
000000.430|lldp |*|01|Initial log entry. Current logging level 3
000000.430|cdp  |*|01|Initial log entry. Current logging level 3
000000.430|key  |*|01|Initial log entry. Current logging level 4
000000.430|so   |3|01|Platform: Model=SoundStation IP 5000, Assembly=3111-30900-001 Rev=G Region=0
000000.430|so   |3|01|Platform: Board=3111-30900-001 1 0
000000.430|so   |3|01|Platform: MAC=0004f2f3ad6f
000000.430|so   |3|01|Platform: BootBlock=3.0.2.0024 (30900-001) 30-Nov-10 15:06
000000.430|so   |3|01|Application, main: Label=Updater, Version=Azurite 5.0.5.2324 09-Dec-13 16:11
000000.430|so   |3|01|Application, main: P/N=YYYY-YYYYY-YYY
000000.430|log  |*|01|Install file upload callback for 'Updater'

000000.430|app1 |*|01|Initial log entry. Current logging level 3
000000.575|cfg  |*|01|Initial log entry. Current logging level 2
000000.580|app1 |3|01|Application image is not present.
000000.650|dot1x|*|01|Initial log entry. Current logging level 3
000001.430|so   |3|01|Link status is Net up Speed 100 full Duplex.
000003.060|tls  |*|01|Initial log entry. Current logging level 4
000012.235|lldp |3|01|LLDP did not receive a response from a switch. Disabling LLDP.
000017.430|cdp  |3|01|CDP did not receive a response from a switch. Disabling CDP.
000021.115|dns  |*|01|DNS resolver servers are '10.40.30.1' '0.0.0.0'
000021.115|dns  |*|01|DNS resolver search domain is 'cumulusnetworks.com'
000021.115|app1 |3|01|DNS resolver server is '10.40.30.1'
000021.115|app1 |3|01|DNS resolver search domain is 'cumulusnetworks.com'
000021.120|dns  |3|01|DNS lookup for (A) 'p.voxter.com'(74.114.208.245) TTL=65983
0304235208|app1 |3|01|Bootline: esw(3,0)bootHost:flash e=10.40.30.189:ffffff00:a8c0:13 h=74.114.208.245 g=10.40.30.1 u=**** pw=**** f=0x40 tn=CircaIP
0304235208|app1 |3|01|DHCP returned result 0x2E7 from server 10.40.30.1.
0304235208|app1 |3|01|   Phone IP address is 10.40.30.189.
0304235208|app1 |3|01|   Subnet mask is 255.255.255.0.
0304235208|app1 |3|01|   Gateway address is 10.40.30.1.
0304235208|app1 |3|01|   Time server is 10.40.30.1.
0304235208|app1 |3|01|   GMT offset is 0 seconds.
0304235208|app1 |3|01|   DNS server is 10.40.30.1.
0304235208|app1 |3|01|   DNS domain is cumulusnetworks.com.
0304235303|app1 |3|01|Time has been set from 10.40.30.1 (10.40.30.1).
0304235303|app1 |3|01|   1425513183: 2015-3-4, 23:53:3, DST off
0304235303|copy |3|01|'http://PlcmSplp:****@p.voxter.com/0004f2f3ad6f.cfg' from 'p.voxter.com(74.114.208.245)'
0304235303|copy |3|01|Download of '0004f2f3ad6f.cfg' succeeded on attempt 1 (addr 1 of 1)
0304235303|cfg  |*|01|Prov|Starting to update 3111-30900-001.sip.ld
0304235303|copy |3|01|'http://PlcmSplp:****@p.voxter.com/3111-30900-001.sip.ld' from 'p.voxter.com(74.114.208.245)'
0304235304|cfg  |3|01|New load header information:
0304235304|cfg  |3|01|Code length:         0x004AF4B8
0304235304|cfg  |3|01|Code Checksum:       0x07097CA8
0304235304|cfg  |3|01|Options:             0x00000080
0304235304|cfg  |3|01|Recognized container image
0304235304|cfg  |3|01|New load header information:
0304235304|cfg  |3|01|Code length:         0x003CD0B5
0304235304|cfg  |3|01|Code Checksum:       0x1E4B19CF
0304235304|cfg  |3|01|Options:             0x00000102
0304235304|cfg  |3|01|Could not open application file for checking
0304235304|cfg  |3|01|Application in container image 1 is different
0304235304|cfg  |3|01|New load header information:
0304235304|cfg  |3|01|Code length:         0x000E1B10
0304235304|cfg  |3|01|Code Checksum:       0x0708DCBE
0304235304|cfg  |3|01|Options:             0x00000110
0304235304|cfg  |3|01|Updater is already present
0304235304|cfg  |3|01|Updater in container image 2 is not different
0304235304|cfg  |3|01|Using application
0304235304|cfg  |*|01|Prov|Updating the Application
0304235304|cfg  |3|01|Using compatible image 0
0304235325|copy |3|01|buffered_write: transfer terminated
0304235325|copy |3|01|Download of '3111-30900-001.sip.ld' succeeded on attempt 1 (addr 1 of 1)
0304235326|sig  |*|01|Initial log entry. Current logging level 3
0304235326|sig  |3|01|hwSigParseRemove: found key Sig_3.
0304235327|cfg  |3|01|Good image signature
0304235327|cfg  |3|01|Programming 3986157 bytes into tffs in 4K blocks
0304235435|cfg  |*|01|Prov|Succeeded updating file 3111-30900-001.sip.ld
0304235435|cfg  |*|01|Prov|Image has been changed
0304235435|cfg  |3|01|Prov|Provisioning succeeded
0304235435|app1 |3|01|Application, load: Type=SIP, Version=4.0.6.0711 26-Feb-14 08:43
0304235435|boot |*|01|Using TFFS for flash load
0304235435|boot |*|01|Code length:         0x003CD0B5
0304235435|boot |*|01|Code checksum:       0x1E4B19CF
0304235435|cfg  |*|01|Prov|Finished updating configuration
0304235447|app1 |4|01|Loaded application sip.ld from local system successfully.
0304235447|app1 |6|01|Uploading boot log, time is WED MAR 04 23:54:47 2015

0304235447|copy |3|01|'http://PlcmSplp:****@p.voxter.com/logs/0004f2f3ad6f-boot.log' to 'p.voxter.com(74.114.208.245)'
0304235447|copy |3|01|Upload of 'logs/0004f2f3ad6f-boot.log' succeeded on attempt 1 (addr 1 of 1)
0304235447|cfg  |3|01|Prov|Shutting down
000000.280|so   |*|01|---------- Initial log entry ----------
000000.280|so   |*|01|+++ Note that Updater log times are in GMT +++
000000.280|boot |*|01|Initial log entry. Current logging level 3
000000.285|copy |*|01|Initial log entry. Current logging level 3
000000.285|utilm|*|01|Initial log entry. Current logging level 4
000000.285|hw   |*|01|Initial log entry. Current logging level 4
000000.285|ethf |*|01|Initial log entry. Current logging level 4
000000.285|dns  |*|01|Initial log entry. Current logging level 3
000000.285|curl |*|01|Initial log entry. Current logging level 3
000000.285|sec  |*|01|Initial log entry. Current logging level 4
000000.440|wdog |*|01|Initial log entry. Current logging level 4
000000.440|lldp |*|01|Initial log entry. Current logging level 3
000000.440|cdp  |*|01|Initial log entry. Current logging level 3
000000.440|key  |*|01|Initial log entry. Current logging level 4
000000.440|so   |3|01|Platform: Model=SoundStation IP 5000, Assembly=3111-30900-001 Rev=G Region=0
000000.440|so   |3|01|Platform: Board=3111-30900-001 1 0
000000.440|so   |3|01|Platform: MAC=0004f2f3ad6f
000000.440|so   |3|01|Platform: BootBlock=3.0.2.0024 (30900-001) 30-Nov-10 15:06
000000.445|so   |3|01|Application, main: Label=Updater, Version=Azurite 5.0.5.2324 09-Dec-13 16:11
000000.445|so   |3|01|Application, main: P/N=YYYY-YYYYY-YYY
000000.445|log  |*|01|Install file upload callback for 'Updater'

000000.445|app1 |*|01|Initial log entry. Current logging level 3
000000.585|cfg  |*|01|Initial log entry. Current logging level 2
000000.655|dot1x|*|01|Initial log entry. Current logging level 3
000000.655|app1 |3|01|Starting provisioning because of the start type.
000001.440|so   |3|01|Link status is Net up Speed 100 full Duplex.
000002.975|tls  |*|01|Initial log entry. Current logging level 4
000012.250|lldp |3|01|LLDP did not receive a response from a switch. Disabling LLDP.
000017.565|cdp  |3|01|CDP did not receive a response from a switch. Disabling CDP.
000021.265|dns  |*|01|DNS resolver servers are '10.40.30.1' '0.0.0.0'
000021.265|dns  |*|01|DNS resolver search domain is 'cumulusnetworks.com'
000021.265|app1 |3|01|DNS resolver server is '10.40.30.1'
000021.265|app1 |3|01|DNS resolver search domain is 'cumulusnetworks.com'
000021.270|dns  |3|01|DNS lookup for (A) 'p.voxter.com'(74.114.208.245) TTL=65681
0304235748|app1 |3|01|Bootline: esw(3,0)bootHost:flash e=10.40.30.189:ffffff00:a8c0:13 h=74.114.208.245 g=10.40.30.1 u=**** pw=**** f=0x40 tn=CircaIP
0304235748|app1 |3|01|DHCP returned result 0x2E7 from server 10.40.30.1.
0304235748|app1 |3|01|   Phone IP address is 10.40.30.189.
0304235748|app1 |3|01|   Subnet mask is 255.255.255.0.
0304235748|app1 |3|01|   Gateway address is 10.40.30.1.
0304235748|app1 |3|01|   Time server is 10.40.30.1.
0304235748|app1 |3|01|   GMT offset is 0 seconds.
0304235748|app1 |3|01|   DNS server is 10.40.30.1.
0304235748|app1 |3|01|   DNS domain is cumulusnetworks.com.
0304235805|app1 |3|01|Time has been set from 10.40.30.1 (10.40.30.1).
0304235805|app1 |3|01|   1425513485: 2015-3-4, 23:58:5, DST off
0304235805|copy |3|01|'http://PlcmSpIp:****@p.voxter.com/0004f2f3ad6f.cfg' from 'p.voxter.com(74.114.208.245)'
0304235805|copy |3|01|Download of '0004f2f3ad6f.cfg' succeeded on attempt 1 (addr 1 of 1)
0304235805|cfg  |*|01|Prov|Starting to update 3111-30900-001.sip.ld
0304235805|copy |3|01|'http://PlcmSpIp:****@p.voxter.com/3111-30900-001.sip.ld' from 'p.voxter.com(74.114.208.245)'
0304235806|cfg  |3|01|New load header information:
0304235806|cfg  |3|01|Code length:         0x004B3678
0304235806|cfg  |3|01|Code Checksum:       0x0712E909
0304235806|cfg  |3|01|Options:             0x00000080
0304235806|cfg  |3|01|Recognized container image
0304235806|cfg  |3|01|New load header information:
0304235806|cfg  |3|01|Code length:         0x003CFAB5
0304235806|cfg  |3|01|Code Checksum:       0x1E5A457E
0304235806|cfg  |3|01|Options:             0x00000102
0304235806|cfg  |3|01|Application header is different
0304235806|cfg  |3|01|Application in container image 1 is different
0304235806|cfg  |3|01|New load header information:
0304235806|cfg  |3|01|Code length:         0x000E32D0
0304235806|cfg  |3|01|Code Checksum:       0x071247D1
0304235806|cfg  |3|01|Options:             0x00000110
0304235806|cfg  |3|01|Updater header is different
0304235806|cfg  |3|01|Updater in container image 2 is different
0304235806|cfg  |3|01|Using Updater
0304235827|cfg  |*|01|Prov|Updating the Updater
0304235827|cfg  |3|01|Using compatible image 0
0304235832|copy |3|01|Download of '3111-30900-001.sip.ld' succeeded on attempt 1 (addr 1 of 1)
0304235832|sig  |*|01|Initial log entry. Current logging level 3
0304235832|sig  |3|01|hwSigParseRemove: found key Sig_3.
0304235833|cfg  |3|01|Good image signature
0304235833|cfg  |4|01|Removing application...
0304235834|cfg  |3|01|Programming Updater from sector 1 to 18
0304235854|cfg  |3|01|Programming to sector 1 complete
0304235854|cfg  |3|01|Invalidated old image at sector 19, offset 20.
0304235854|cfg  |*|01|Prov|Image has been changed
0304235854|cfg  |*|01|Prov|Provisioning needs to reboot to upgrade image(s)
000000.285|so   |*|01|---------- Initial log entry ----------
000000.285|so   |*|01|+++ Note that Updater log times are in GMT +++
000000.285|boot |*|01|Initial log entry. Current logging level 3
000000.285|copy |*|01|Initial log entry. Current logging level 3
000000.285|utilm|*|01|Initial log entry. Current logging level 4
000000.285|hw   |*|01|Initial log entry. Current logging level 4
000000.285|ethf |*|01|Initial log entry. Current logging level 4
000000.285|dns  |*|01|Initial log entry. Current logging level 3
000000.285|curl |*|01|Initial log entry. Current logging level 3
000000.285|sec  |*|01|Initial log entry. Current logging level 4
000000.445|wdog |*|01|Initial log entry. Current logging level 4
000000.445|lldp |*|01|Initial log entry. Current logging level 3
000000.445|cdp  |*|01|Initial log entry. Current logging level 3
000000.445|key  |*|01|Initial log entry. Current logging level 4
000000.445|so   |3|01|Platform: Model=SoundStation IP 5000, Assembly=3111-30900-001 Rev=G Region=0
000000.445|so   |3|01|Platform: Board=3111-30900-001 1 0
000000.445|so   |3|01|Platform: MAC=0004f2f3ad6f
000000.445|so   |3|01|Platform: BootBlock=3.0.2.0024 (30900-001) 30-Nov-10 15:06
000000.445|so   |3|01|Application, main: Label=Updater, Version=Azurite 5.0.8.0935 14-Jan-15 20:29
000000.445|so   |3|01|Application, main: P/N=3150-11069-508
000000.445|log  |*|01|Install file upload callback for 'Updater'

000000.445|app1 |*|01|Initial log entry. Current logging level 3
000000.590|cfg  |*|01|Initial log entry. Current logging level 2
000000.660|dot1x|*|01|Initial log entry. Current logging level 3
000000.660|app1 |3|01|Starting provisioning because of the start type.
000001.440|so   |3|01|Link status is Net up Speed 100 full Duplex.
000002.860|tls  |*|01|Initial log entry. Current logging level 4
000012.255|lldp |3|01|LLDP did not receive a response from a switch. Disabling LLDP.
000017.695|cdp  |3|01|CDP did not receive a response from a switch. Disabling CDP.
000021.405|dns  |*|01|DNS resolver servers are '10.40.30.1' '0.0.0.0'
000021.405|dns  |*|01|DNS resolver search domain is 'cumulusnetworks.com'
000021.405|app1 |3|01|DNS resolver server is '10.40.30.1'
000021.405|app1 |3|01|DNS resolver search domain is 'cumulusnetworks.com'
000021.410|dns  |3|01|DNS lookup for (A) 'p.voxter.com'(74.114.208.245) TTL=65604
0304235825|app1 |3|01|Bootline: esw(3,0)bootHost:flash e=10.40.30.189:ffffff00:a8c0:13 h=74.114.208.245 g=10.40.30.1 u=**** pw=**** f=0x40 tn=CircaIP
0304235825|app1 |3|01|DHCP returned result 0x2E7 from server 10.40.30.1.
0304235825|app1 |3|01|   Phone IP address is 10.40.30.189.
0304235825|app1 |3|01|   Subnet mask is 255.255.255.0.
0304235825|app1 |3|01|   Gateway address is 10.40.30.1.
0304235825|app1 |3|01|   Time server is 10.40.30.1.
0304235825|app1 |3|01|   GMT offset is 0 seconds.
0304235825|app1 |3|01|   DNS server is 10.40.30.1.
0304235825|app1 |3|01|   DNS domain is cumulusnetworks.com.
0304235922|app1 |3|01|Time has been set from 10.40.30.1 (10.40.30.1).
0304235922|app1 |3|01|   1425513562: 2015-3-4, 23:59:22, DST off
0304235922|copy |3|01|'http://PlcmSpIp:****@p.voxter.com/0004f2f3ad6f.cfg' from 'p.voxter.com(74.114.208.245)'
0304235922|copy |3|01|Download of '0004f2f3ad6f.cfg' succeeded on attempt 1 (addr 1 of 1)
0304235922|cfg  |*|01|Prov|Starting to update 3111-30900-001.sip.ld
0304235922|copy |3|01|'http://PlcmSpIp:****@p.voxter.com/3111-30900-001.sip.ld' from 'p.voxter.com(74.114.208.245)'
0304235923|cfg  |3|01|New load header information:
0304235923|cfg  |3|01|Code length:         0x004B3678
0304235923|cfg  |3|01|Code Checksum:       0x0712E909
0304235923|cfg  |3|01|Options:             0x00000080
0304235923|cfg  |3|01|Recognized container image
0304235923|cfg  |3|01|New load header information:
0304235923|cfg  |3|01|Code length:         0x003CFAB5
0304235923|cfg  |3|01|Code Checksum:       0x1E5A457E
0304235923|cfg  |3|01|Options:             0x00000102
0304235923|cfg  |3|01|Could not open application file for checking
0304235923|cfg  |3|01|Application in container image 1 is different
0304235923|cfg  |3|01|New load header information:
0304235923|cfg  |3|01|Code length:         0x000E32D0
0304235923|cfg  |3|01|Code Checksum:       0x071247D1
0304235923|cfg  |3|01|Options:             0x00000110
0304235923|cfg  |3|01|Updater is already present
0304235923|cfg  |3|01|Updater in container image 2 is not different
0304235923|cfg  |3|01|Using application
0304235923|cfg  |*|01|Prov|Updating the Application
0304235923|cfg  |3|01|Using compatible image 0
0304235944|copy |3|01|buffered_write: transfer terminated
0304235944|copy |3|01|Download of '3111-30900-001.sip.ld' succeeded on attempt 1 (addr 1 of 1)
0304235945|sig  |*|01|Initial log entry. Current logging level 3
0304235945|sig  |3|01|hwSigParseRemove: found key Sig_3.
0304235946|cfg  |3|01|Good image signature
0304235946|cfg  |3|01|Programming 3996909 bytes into tffs in 4K blocks
0305000113|cfg  |*|01|Prov|Succeeded updating file 3111-30900-001.sip.ld
0305000113|cfg  |*|01|Prov|Image has been changed
0305000113|cfg  |3|01|Prov|Provisioning succeeded
0305000113|app1 |3|01|Application, load: Type=SIP, Version=4.0.8.1608 07-Feb-15 11:08
0305000113|boot |*|01|Using TFFS for flash load
0305000113|boot |*|01|Code length:         0x003CFAB5
0305000113|boot |*|01|Code checksum:       0x1E5A457E
0305000113|cfg  |*|01|Prov|Finished updating configuration
0305000124|app1 |4|01|Loaded application sip.ld from local system successfully.
0305000124|app1 |6|01|Uploading boot log, time is THU MAR 05 00:01:24 2015

0305000124|copy |3|01|'http://PlcmSpIp:****@p.voxter.com/logs/0004f2f3ad6f-boot.log' to 'p.voxter.com(74.114.208.245)'
0305000125|copy |3|01|Upload of 'logs/0004f2f3ad6f-boot.log' succeeded on attempt 1 (addr 1 of 1)
0305000125|cfg  |3|01|Prov|Shutting down
000000.285|so   |*|01|---------- Initial log entry ----------
000000.285|so   |*|01|+++ Note that Updater log times are in GMT +++
000000.285|boot |*|01|Initial log entry. Current logging level 3
000000.285|copy |*|01|Initial log entry. Current logging level 3
000000.285|utilm|*|01|Initial log entry. Current logging level 4
000000.285|hw   |*|01|Initial log entry. Current logging level 4
000000.285|ethf |*|01|Initial log entry. Current logging level 4
000000.285|dns  |*|01|Initial log entry. Current logging level 3
000000.285|curl |*|01|Initial log entry. Current logging level 3
000000.285|sec  |*|01|Initial log entry. Current logging level 4
000000.450|wdog |*|01|Initial log entry. Current logging level 4
000000.450|lldp |*|01|Initial log entry. Current logging level 3
000000.450|cdp  |*|01|Initial log entry. Current logging level 3
000000.450|key  |*|01|Initial log entry. Current logging level 4
000000.450|so   |3|01|Platform: Model=SoundStation IP 5000, Assembly=3111-30900-001 Rev=G Region=0
000000.450|so   |3|01|Platform: Board=3111-30900-001 1 0
000000.450|so   |3|01|Platform: MAC=0004f2f3ad6f
000000.450|so   |3|01|Platform: BootBlock=3.0.2.0024 (30900-001) 30-Nov-10 15:06
000000.450|so   |3|01|Application, main: Label=Updater, Version=Azurite 5.0.8.0935 14-Jan-15 20:29
000000.450|so   |3|01|Application, main: P/N=3150-11069-508
000000.450|log  |*|01|Install file upload callback for 'Updater'

000000.450|app1 |*|01|Initial log entry. Current logging level 3
000000.600|cfg  |*|01|Initial log entry. Current logging level 2
000000.675|app1 |3|01|Application, load: Type=SIP, Version=4.0.8.1608 07-Feb-15 11:08
000000.690|boot |*|01|Using TFFS for flash load
000000.710|boot |*|01|Code length:         0x003CFAB5
000000.710|boot |*|01|Code checksum:       0x1E5A457E
000001.445|so   |3|01|Link status is Net down.
000002.445|so   |3|01|Link status is Net up Speed 100 full Duplex.
000012.130|app1 |4|01|Loaded application sip.ld from local system successfully.
000000.285|so   |*|01|---------- Initial log entry ----------
000000.285|so   |*|01|+++ Note that Updater log times are in GMT +++
000000.285|boot |*|01|Initial log entry. Current logging level 3
000000.285|copy |*|01|Initial log entry. Current logging level 3
000000.285|utilm|*|01|Initial log entry. Current logging level 4
000000.285|hw   |*|01|Initial log entry. Current logging level 4
000000.285|ethf |*|01|Initial log entry. Current logging level 4
000000.285|dns  |*|01|Initial log entry. Current logging level 3
000000.285|curl |*|01|Initial log entry. Current logging level 3
000000.285|sec  |*|01|Initial log entry. Current logging level 4
000000.450|wdog |*|01|Initial log entry. Current logging level 4
000000.450|lldp |*|01|Initial log entry. Current logging level 3
000000.450|cdp  |*|01|Initial log entry. Current logging level 3
000000.450|key  |*|01|Initial log entry. Current logging level 4
000000.450|so   |3|01|Platform: Model=SoundStation IP 5000, Assembly=3111-30900-001 Rev=G Region=0
000000.450|so   |3|01|Platform: Board=3111-30900-001 1 0
000000.450|so   |3|01|Platform: MAC=0004f2f3ad6f
000000.450|so   |3|01|Platform: BootBlock=3.0.2.0024 (30900-001) 30-Nov-10 15:06
000000.450|so   |3|01|Application, main: Label=Updater, Version=Azurite 5.0.8.0935 14-Jan-15 20:29
000000.450|so   |3|01|Application, main: P/N=3150-11069-508
000000.450|log  |*|01|Install file upload callback for 'Updater'

000000.450|app1 |*|01|Initial log entry. Current logging level 3
000000.600|cfg  |*|01|Initial log entry. Current logging level 2
000000.675|app1 |3|01|Application, load: Type=SIP, Version=4.0.8.1608 07-Feb-15 11:08
000000.690|boot |*|01|Using TFFS for flash load
000000.710|boot |*|01|Code length:         0x003CFAB5
000000.710|boot |*|01|Code checksum:       0x1E5A457E
000001.445|so   |3|01|Link status is Net down.
000002.445|so   |3|01|Link status is Net up Speed 100 full Duplex.
000012.135|app1 |4|01|Loaded application sip.ld from local system successfully.
000000.285|so   |*|01|---------- Initial log entry ----------
000000.285|so   |*|01|+++ Note that Updater log times are in GMT +++
000000.285|boot |*|01|Initial log entry. Current logging level 3
000000.285|copy |*|01|Initial log entry. Current logging level 3
000000.285|utilm|*|01|Initial log entry. Current logging level 4
000000.285|hw   |*|01|Initial log entry. Current logging level 4
000000.285|ethf |*|01|Initial log entry. Current logging level 4
000000.285|dns  |*|01|Initial log entry. Current logging level 3
000000.285|curl |*|01|Initial log entry. Current logging level 3
000000.285|sec  |*|01|Initial log entry. Current logging level 4
000000.450|wdog |*|01|Initial log entry. Current logging level 4
000000.450|lldp |*|01|Initial log entry. Current logging level 3
000000.450|cdp  |*|01|Initial log entry. Current logging level 3
000000.450|key  |*|01|Initial log entry. Current logging level 4
000000.450|so   |3|01|Platform: Model=SoundStation IP 5000, Assembly=3111-30900-001 Rev=G Region=0
000000.450|so   |3|01|Platform: Board=3111-30900-001 1 0
000000.450|so   |3|01|Platform: MAC=0004f2f3ad6f
000000.450|so   |3|01|Platform: BootBlock=3.0.2.0024 (30900-001) 30-Nov-10 15:06
000000.450|so   |3|01|Application, main: Label=Updater, Version=Azurite 5.0.8.0935 14-Jan-15 20:29
000000.450|so   |3|01|Application, main: P/N=3150-11069-508
000000.450|log  |*|01|Install file upload callback for 'Updater'

000000.450|app1 |*|01|Initial log entry. Current logging level 3
000000.595|cfg  |*|01|Initial log entry. Current logging level 2
000000.675|app1 |3|01|Application, load: Type=SIP, Version=4.0.8.1608 07-Feb-15 11:08
000000.690|boot |*|01|Using TFFS for flash load
000000.710|boot |*|01|Code length:         0x003CFAB5
000000.710|boot |*|01|Code checksum:       0x1E5A457E
000001.445|so   |3|01|Link status is Net down.
000002.445|so   |3|01|Link status is Net up Speed 100 full Duplex.
000012.130|app1 |4|01|Loaded application sip.ld from local system successfully.
000000.285|so   |*|01|---------- Initial log entry ----------
000000.285|so   |*|01|+++ Note that Updater log times are in GMT +++
000000.285|boot |*|01|Initial log entry. Current logging level 3
000000.285|copy |*|01|Initial log entry. Current logging level 3
000000.285|utilm|*|01|Initial log entry. Current logging level 4
000000.285|hw   |*|01|Initial log entry. Current logging level 4
000000.285|ethf |*|01|Initial log entry. Current logging level 4
000000.285|dns  |*|01|Initial log entry. Current logging level 3
000000.285|curl |*|01|Initial log entry. Current logging level 3
000000.285|sec  |*|01|Initial log entry. Current logging level 4
000000.450|wdog |*|01|Initial log entry. Current logging level 4
000000.450|lldp |*|01|Initial log entry. Current logging level 3
000000.450|cdp  |*|01|Initial log entry. Current logging level 3
000000.450|key  |*|01|Initial log entry. Current logging level 4
000000.450|so   |3|01|Platform: Model=SoundStation IP 5000, Assembly=3111-30900-001 Rev=G Region=0
000000.450|so   |3|01|Platform: Board=3111-30900-001 1 0
000000.450|so   |3|01|Platform: MAC=0004f2f3ad6f
000000.450|so   |3|01|Platform: BootBlock=3.0.2.0024 (30900-001) 30-Nov-10 15:06
000000.450|so   |3|01|Application, main: Label=Updater, Version=Azurite 5.0.8.0935 14-Jan-15 20:29
000000.450|so   |3|01|Application, main: P/N=3150-11069-508
000000.450|log  |*|01|Install file upload callback for 'Updater'

000000.450|app1 |*|01|Initial log entry. Current logging level 3
000000.595|cfg  |*|01|Initial log entry. Current logging level 2
000000.675|app1 |3|01|Application, load: Type=SIP, Version=4.0.8.1608 07-Feb-15 11:08
000000.690|boot |*|01|Using TFFS for flash load
000000.710|boot |*|01|Code length:         0x003CFAB5
000000.710|boot |*|01|Code checksum:       0x1E5A457E
000001.445|so   |3|01|Link status is Net down.
000002.445|so   |3|01|Link status is Net up Speed 100 full Duplex.
000012.130|app1 |4|01|Loaded application sip.ld from local system successfully.
