000042.372|copy |3|00|File /ffs0/sip_327_cfg.zzz is up to date
000042.378|cfg  |4|00|Prm|File server_327.cfg (compressed) was not found in the phone
000042.380|cfg  |3|00|Prm|Check of configuration files failed
000042.384|so   |5|00|Rebooting due to provisioning error 'Config file error'.
000027.608|log  |*|00|Initial log entry. Current logging level 4
000027.610|so   |*|00|---------- Initial log entry ----------
000027.610|so   |*|00|Platform: Model=SoundPoint IP 430, Assembly=2345-11402-001 Rev=C
000027.610|so   |*|00|Platform: MAC=0004f212ef80, IP=192.168.99.180, Subnet Mask=255.255.255.0
000027.610|so   |*|00|Platform: BootBlock=2.7.0 (11402_001) 18-Apr-06 10:24
000027.612|so   |*|00|Platform: Bootrom=4.1.2.0037 11-Aug-08 16:40
000027.612|so   |*|00|Application, main: Label=SIP, Version=Buffalo 3.2.7.0198 21-May-12 01:42
000027.612|so   |*|00|Application, main: P/N=3150-11530-327
000027.612|pmt  |*|00|Initial log entry. Current logging level 4
000027.614|wdog |*|00|Initial log entry. Current logging level 4
000027.614|ethf |*|00|Initial log entry. Current logging level 4
000027.614|hw   |*|00|Initial log entry. Current logging level 4
000027.614|so   |*|00|utilCertificateInit succeeded.
000027.614|so   |4|00|Using default certificates only
000027.622|so   |4|00|No custom certificate in flash
000027.622|so   |4|00|Client authentication is not supported
000027.622|ares |*|00|Initial log entry. Current logging level 4
000027.622|dns  |*|00|Initial log entry. Current logging level 3
000027.622|cfg  |*|00|Initial log entry. Current logging level 3
000027.624|dns  |*|00|DNS resolver servers are '192.168.99.35' '8.8.4.4'
000027.624|dns  |*|00|DNS resolver search domain is 'ad.cloudthomas.ca'
000027.732|curl |*|00|Initial log entry. Current logging level 3
000027.732|utilm|*|00|Initial log entry. Current logging level 4
000027.732|copy |*|00|Initial log entry. Current logging level 3
000027.732|rtos |*|00|Initial log entry. Current logging level 4
000027.734|sec  |*|00|Initial log entry. Current logging level 4
000027.734|cfg  |3|00|Prm|Beginning to provision phone
000027.762|copy |3|00|ConfigureCurl : curl option usrpwd  is not set
000027.766|dns  |3|00|DNS lookup for (A) 'p.voxter.com'(74.114.208.41,74.114.208.40) TTL=17897
000027.768|copy |3|00|'http://:****@p.voxter.com/2345-11402-001.bootrom.ld' from 'p.voxter.com(74.114.208.41)'
000027.768|curl |3|00|timeout on name lookup is not supported
000027.768|curl |3|00|About to connect() to p.voxter.com port 80 (#0)
000027.770|curl |3|00|  Trying 74.114.208.41... 
000027.782|curl |3|00|FAILED!
000027.782|curl |3|00|singleipconnect: could not connect to host
000027.784|curl |3|00| errno 57. retryCount at 1 timeout.tv_sec 16 waited 0 seconds
000027.784|curl |3|00|  Retrying 74.114.208.41... , retryCount 1
000028.784|curl |3|00|OK
000028.784|curl |3|00|couldn't connect to host
000028.784|curl |3|00|Closing connection #0
000028.784|copy |4|00|Download of '2345-11402-001.bootrom.ld' FAILED on attempt 1 (addr 1 of 2)
000028.784|copy |3|00|transport res: 7 respCode 0
000028.784|copy |3|00|transport error: Couldn't connect to server.
000028.784|copy |3|00|transport error buffer: couldn't connect to host.
000028.784|copy |3|00|Making further download attempts for '2345-11402-001.bootrom.ld'
000028.784|copy |3|00|'http://:****@p.voxter.com/2345-11402-001.bootrom.ld' from 'p.voxter.com(74.114.208.40)'
000028.786|curl |3|00|timeout on name lookup is not supported
000028.786|curl |3|00|About to connect() to p.voxter.com port 80 (#0)
000028.786|curl |3|00|  Trying 74.114.208.40... 
000028.910|curl |3|00|Connected to p.voxter.com (74.114.208.40) port 80 (#0)
000029.148|curl |3|00|Closing connection #0
000029.150|curl |3|00|Issue another request to this URL: '** not displayed **'
000029.150|curl |3|00|timeout on name lookup is not supported
000029.150|curl |3|00|About to connect() to p.voxter.com port 80 (#0)
000029.150|curl |3|00|  Trying 74.114.208.40... 
000029.260|curl |3|00|Connected to p.voxter.com (74.114.208.40) port 80 (#0)
000029.278|cfg  |3|00|Prm|Image 2345-11402-001.bootrom.ld has not changed
000029.278|copy |3|00|buffered_write: transfer terminated
000029.280|curl |3|00|Failed writing body (4096 != 7041)
000029.280|curl |3|00|Closing connection #0
000029.280|copy |4|00|Download of '2345-11402-001.bootrom.ld' succeeded on attempt 1 (addr 2 of 2)
000029.282|cfg  |3|00|Prm|Downloaded bootROM is identical to current version 4.1.2
000029.308|copy |3|00|ConfigureCurl : curl option usrpwd  is not set
000029.308|copy |3|00|'http://:****@p.voxter.com/0004f212ef80.cfg' from 'p.voxter.com(74.114.208.40)'
000029.310|curl |3|00|timeout on name lookup is not supported
000029.310|curl |3|00|About to connect() to p.voxter.com port 80 (#0)
000029.312|curl |3|00|  Trying 74.114.208.40... 
000029.370|curl |3|00|Connected to p.voxter.com (74.114.208.40) port 80 (#0)
000030.920|curl |3|00|Closing connection #0
000030.922|copy |3|00|Download of '0004f212ef80.cfg' succeeded on attempt 1 (addr 1 of 2)
000030.962|copy |3|00|ConfigureCurl : curl option usrpwd  is not set
000030.962|copy |3|00|'http://:****@p.voxter.com/2345-11402-001.sip_327.ld' from 'p.voxter.com(74.114.208.40)'
000030.964|curl |3|00|timeout on name lookup is not supported
000030.964|curl |3|00|About to connect() to p.voxter.com port 80 (#0)
000030.964|curl |3|00|  Trying 74.114.208.40... 
000031.028|curl |3|00|Connected to p.voxter.com (74.114.208.40) port 80 (#0)
000031.290|curl |3|00|Closing connection #0
000031.290|curl |3|00|Issue another request to this URL: '** not displayed **'
000031.290|curl |3|00|timeout on name lookup is not supported
000031.292|curl |3|00|About to connect() to p.voxter.com port 80 (#0)
000031.292|curl |3|00|  Trying 74.114.208.40... 
000031.310|curl |3|00|Connected to p.voxter.com (74.114.208.40) port 80 (#0)
000031.330|cfg  |3|00|Prm|Image 2345-11402-001.sip_327.ld has not changed
000031.330|copy |3|00|buffered_write: transfer terminated
000031.330|curl |3|00|Failed writing body (4096 != 7039)
000031.330|curl |3|00|Closing connection #0
000031.330|copy |3|00|Download of '2345-11402-001.sip_327.ld' succeeded on attempt 1 (addr 1 of 2)
000031.338|copy |3|00|ConfigureCurl : curl option usrpwd  is not set
000031.340|copy |3|00|'http://:****@p.voxter.com/0004f212ef80_reg.cfg' from 'p.voxter.com(74.114.208.40)'
000031.340|curl |3|00|timeout on name lookup is not supported
000031.342|curl |3|00|About to connect() to p.voxter.com port 80 (#0)
000031.342|curl |3|00|  Trying 74.114.208.40... 
000031.356|curl |3|00|Connected to p.voxter.com (74.114.208.40) port 80 (#0)
000031.726|curl |3|00|Closing connection #0
000031.728|copy |3|00|Download of '0004f212ef80_reg.cfg' succeeded on attempt 1 (addr 1 of 2)
000031.730|copy |3|00|File /ffs0/0004f212ef80_reg_cfg.zzz is up to date
000031.734|copy |3|00|ConfigureCurl : curl option usrpwd  is not set
000031.734|copy |3|00|'http://:****@p.voxter.com/server_327.cfg' from 'p.voxter.com(74.114.208.40)'
000031.736|curl |3|00|timeout on name lookup is not supported
000031.736|curl |3|00|About to connect() to p.voxter.com port 80 (#0)
000031.736|curl |3|00|  Trying 74.114.208.40... 
000031.750|curl |3|00|Connected to p.voxter.com (74.114.208.40) port 80 (#0)
000032.032|curl |3|00|Closing connection #0
000032.032|copy |3|00|Download of 'server_327.cfg' succeeded on attempt 1 (addr 1 of 2)
000032.046|cfg  |3|00|Prm|Updated server_327.cfg
000032.050|copy |3|00|ConfigureCurl : curl option usrpwd  is not set
000032.050|copy |3|00|'http://:****@p.voxter.com/phone1_327.cfg' from 'p.voxter.com(74.114.208.40)'
000032.050|curl |3|00|timeout on name lookup is not supported
000032.052|curl |3|00|About to connect() to p.voxter.com port 80 (#0)
000032.052|curl |3|00|  Trying 74.114.208.40... 
000032.066|curl |3|00|Connected to p.voxter.com (74.114.208.40) port 80 (#0)
000032.952|curl |3|00|Closing connection #0
000032.952|copy |3|00|Download of 'phone1_327.cfg' succeeded on attempt 1 (addr 1 of 2)
000032.960|copy |3|00|File /ffs0/phone1_327_cfg.zzz is up to date
000032.964|copy |3|00|ConfigureCurl : curl option usrpwd  is not set
000032.964|copy |3|00|'http://:****@p.voxter.com/sip_327.cfg' from 'p.voxter.com(74.114.208.40)'
000032.964|curl |3|00|timeout on name lookup is not supported
000032.966|curl |3|00|About to connect() to p.voxter.com port 80 (#0)
000032.966|curl |3|00|  Trying 74.114.208.40... 
000032.978|curl |3|00|Connected to p.voxter.com (74.114.208.40) port 80 (#0)
000036.512|curl |3|00|Closing connection #0
000036.512|copy |3|00|Download of 'sip_327.cfg' succeeded on attempt 1 (addr 1 of 2)
000036.516|copy |3|00|File /ffs0/sip_327_cfg.zzz is up to date
000036.522|cfg  |3|00|Prm|Check of configuration files succeeded
000036.528|cfg  |3|00|Prm|Phone successfully provisioned
000037.360|cfg  |*|00|Prm|Configuration file "0004f212ef80_reg.cfg" is from template Unknown, revision Unknown
000037.360|cfg  |*|00|Prm|Configuration file "0004f212ef80_reg.cfg" SHA1 digest: 8246FB06AF09FC4E3DBF09BC383D85ECD68E23E7
000037.360|cfg  |*|00|Prm|Configuration file "server_327.cfg" is from template Unknown, revision Unknown
000037.360|cfg  |*|00|Prm|Configuration file "server_327.cfg" SHA1 digest: C719727C75DED05C2A422711F5BF1D333E9EE311
000037.360|cfg  |*|00|Prm|Configuration file "phone1_327.cfg" is from template phone1.cfg, revision 1.121.4.5
000037.360|cfg  |*|00|Prm|Configuration file "phone1_327.cfg" SHA1 digest: 92DC66529977940E9CDB01BE8F324589CB18143C
000037.360|cfg  |*|00|Prm|Configuration file "sip_327.cfg" is from template sip.cfg, revision 1.558.2.3.2.19
000037.360|cfg  |*|00|Prm|Configuration file "sip_327.cfg" SHA1 digest: 0C6413400D73924C16627047BC49F21E7C3C4A02
000037.360|so   |3|00|Success provisioning.
000037.364|so   |*|00|Configuration files: 0004f212ef80_reg.cfg, server_327.cfg, phone1_327.cfg, sip_327.cfg
000037.398|copy |3|00|ConfigureCurl : curl option usrpwd  is not set
000037.398|copy |3|00|'http://:****@p.voxter.com/overrides/0004f212ef80-phone.cfg' from 'p.voxter.com(74.114.208.40)'
000037.400|curl |3|00|timeout on name lookup is not supported
000037.400|curl |3|00|About to connect() to p.voxter.com port 80 (#0)
000037.402|curl |3|00|  Trying 74.114.208.40... 
000037.536|curl |3|00|Connected to p.voxter.com (74.114.208.40) port 80 (#0)
000037.794|curl |3|00|Closing connection #0
000037.794|copy |3|00|Download of 'overrides/0004f212ef80-phone.cfg' succeeded on attempt 1 (addr 1 of 2)
000037.826|cfg  |4|00|Edit|Error 0x380003 when compressing local file: /ffs0/local/0004f212ef80-phone_cfg.zzz
000037.826|cfg  |4|00|Edit|Error 0x380003 when removing file: /ffs0/local/0004f212ef80-phone_cfg.zzz
000037.826|utilm|4|00|uBLFCompressed: File /ffs0/local/0004f212ef80-phone_cfg.zzz does not exist or is empty
000037.828|sec  |4|00|utilCryptoConfigFileEncrypted: Could not read file /ffs0/local/0004f212ef80-phone_cfg.zzz.
000037.828|cfg  |3|00|Edit|Local cfg not found: /ffs0/local/0004f212ef80-phone_cfg.zzz
000037.828|cfg  |3|00|Edit|Loaded local file: /ffs0/local/0004f212ef80-phone_cfg.zzz
000037.828|cfg  |4|00|Edit|Error 0x380003 attempting stat of /ffs0/local/0004f212ef80-phone_cfg.zzz
000037.830|utilm|4|00|uBLFCompressed: File /ffs0/local/0004f212ef80-phone_cfg.zzz does not exist or is empty
000037.830|cfg  |5|00|Prm|Error when decompressing config file /ffs0/local/0004f212ef80-phone_cfg.zzz
000037.830|so   |3|00|Using time offset 0 seconds.
000038.832|so   |3|00|SNTP: sync with server '0.0.0.0' 1 of 1 failed on try 1 of 2 timeout 500 of total 500 ticks (1 sec)
000040.832|so   |3|00|SNTP: sync with server '0.0.0.0' 1 of 1 failed on try 2 of 2 timeout 1000 of total 1500 ticks (3 sec)
000040.848|so   |3|00|Setting daylight savings string to "TIMEZONE=UTC::0:::".
000040.850|so   |4|00|SNTP: initial soMain sync failed with server 0.0.0.0.
000040.850|log  |*|00|Log render level set to 1
000040.866|lic  |*|00|Initial log entry. Current logging level 4
000040.872|copy |3|00|ConfigureCurl : curl option usrpwd  is not set
000040.872|copy |3|00|'http://:****@p.voxter.com/licenses/000000000000-license.cfg' from 'p.voxter.com(74.114.208.40)'
000040.874|curl |3|00|timeout on name lookup is not supported
000040.874|curl |3|00|About to connect() to p.voxter.com port 80 (#0)
000040.874|curl |3|00|  Trying 74.114.208.40... 
000041.024|curl |3|00|Connected to p.voxter.com (74.114.208.40) port 80 (#0)
000041.266|curl |3|00|Closing connection #0
000041.266|copy |3|00|Download of 'licenses/000000000000-license.cfg' succeeded on attempt 1 (addr 1 of 2)
000041.268|lic  |4|00|cfgCfsKeysUpdateLicenseParse: error parsing reply
000041.272|copy |3|00|ConfigureCurl : curl option usrpwd  is not set
000041.272|copy |3|00|'http://:****@p.voxter.com/licenses/0004f212ef80-license.cfg' from 'p.voxter.com(74.114.208.40)'
000041.274|curl |3|00|timeout on name lookup is not supported
000041.274|curl |3|00|About to connect() to p.voxter.com port 80 (#0)
000041.274|curl |3|00|  Trying 74.114.208.40... 
000041.686|curl |3|00|Connected to p.voxter.com (74.114.208.40) port 80 (#0)
000041.920|curl |3|00|Closing connection #0
000041.920|copy |3|00|Download of 'licenses/0004f212ef80-license.cfg' succeeded on attempt 1 (addr 1 of 2)
000041.922|lic  |4|00|cfgCfsKeysUpdateLicenseParse: error parsing reply
000041.926|lic  |4|00|cfgCfsFlashKeyScratchLoad: key is blank
000041.926|srtp |*|00|Initial log entry. Current logging level 4
000041.928|rdisk|*|00|Initial log entry. Current logging level 4
000041.928|rdisk|*|00|RAM disk created, size: 51,200 bytes
000041.928|rdisk|*|00|RAM disk size adjusted from 2,097,152 bytes due to limits
000041.928|res  |*|00|Initial log entry. Current logging level 4
000041.930|httpa|*|00|Initial log entry. Current logging level 4
000041.932|lldp |*|00|Initial log entry. Current logging level 4
000041.932|lldp |*|00|LLDP is DISABLED. LLDP not detected at boot.
000041.932|cdp  |*|00|Initial log entry. Current logging level 4
000041.932|cdp  |*|00|CDP is DISABLED. CDP not detected at boot.
000041.934|sys  |*|00|Initial log entry. Current logging level 4
000042.060|copy |3|00|ConfigureCurl : curl option usrpwd  is not set
000042.060|copy |3|00|'http://:****@p.voxter.com/contacts/0004f212ef80-directory.xml' from 'p.voxter.com(74.114.208.40)'
000042.332|copy |3|00|Download of 'contacts/0004f212ef80-directory.xml' succeeded on attempt 1 (addr 1 of 2)
000042.380|cfg  |4|00|Edit|Local file compressed: /ffs0/local/local-directory_xml.zzz
000042.404|ssps |*|00|Initial log entry. Current logging level 4
000044.786|dbuf |*|00|Initial log entry. Current logging level 4
000044.788|so   |*|00|System Info Reports:
000044.788|so   |*|00|	CPU is TNETV1055/C55x, rev 2 running at 125.000MHz with memory at 125.000MHz.
000044.788|so   |*|00|	Board is identified as PolycomSoundPointIP-SPIP_430.
000044.788|so   |*|00|	DRAM_LO: 0x94000000.  DRAM_SIZE: 16 MB
000044.790|so   |*|00|	Clocks are VBUSP: 125.000MHz, VBUS: 62.500MHz, USB: 25.000MHz, LCD: 62.500MHz, DSP: 100.000MHz.
000044.790|so   |*|00|  NOR flash detected is 8
000044.790|key  |*|00|Initial log entry. Current logging level 4
000044.808|httpd|*|00|Initial log entry. Current logging level 4
000044.810|cfg  |4|00|Edit|Error 0x380003 attempting stat of /ffs0/local/0004f212ef80-phone_cfg.zzz
000044.812|push |*|00|Initial log entry. Current logging level 4
000044.812|poll |*|00|Initial log entry. Current logging level 4
000044.878|ssps |*|00|Application, comp. 1: Label=PolyDSP Titan Mem1 FS1 (G.729), Version=3.1.6.0004 17-Nov-10 13:57
000044.878|ssps |*|00|Application, comp. 1: P/N=3150-11580-316.
000045.800|pps  |*|00|Initial log entry. Current logging level 4
000045.800|sip  |*|00|Initial log entry. Current logging level 4
000046.204|cfg  |4|00|Edit|Error 0x380003 attempting stat of /ffs0/local/0004f212ef80-phone_cfg.zzz
000046.206|cfg  |4|00|Edit|Error 0x380003 attempting stat of /ffs0/local/0004f212ef80-phone_cfg.zzz
