0127122208|log  |4|03|UtilLogC: Upload succeeded. (ConsecutiveFailures 1 Total 1 MsgSendErr 0)
0127123020|so   |4|03|[SoNcasC]: Icon(7)Set - State 39 - OOR.
0127123409|so   |4|03|[SoNcasC]: Icon(7)Set - State 39 - OOR.
0127123510|so   |4|03|[SoNcasC]: Icon(7)Set - State 39 - OOR.
0127123550|so   |4|03|[SoNcasC]: Icon(7)Set - State 39 - OOR.
0127124349|so   |4|03|[SoNcasC]: Icon(7)Set - State 39 - OOR.
0127132204|dns  |4|03|doDnsLookupForList: given NULL hostname in task tPktProSys
0127142204|dns  |4|03|doDnsLookupForList: given NULL hostname in task tPktProSys
0127142819|so   |4|03|[SoNcasC]: Icon(7)Set - State 39 - OOR.
0127152204|dns  |4|03|doDnsLookupForList: given NULL hostname in task tPktProSys
0127154425|so   |4|03|[SoNcasC]: Icon(7)Set - State 39 - OOR.
0127154550|so   |4|03|[SoNcasC]: Icon(7)Set - State 39 - OOR.
0127162204|dns  |4|03|doDnsLookupForList: given NULL hostname in task tPktProSys
0127172703|ares |4|03|aresDnsLookup: select time-out 1 on NAPTR lookup for 'voxteroffice.voxter.sip.voxter.com' after 1 sec
0127172704|ares |4|03|aresDnsLookup: select time-out 2 on NAPTR lookup for 'voxteroffice.voxter.sip.voxter.com' after 1 sec
0127172705|ares |4|03|aresDnsLookup: select time-out 3 on NAPTR lookup for 'voxteroffice.voxter.sip.voxter.com' after 1 sec
0127172706|ares |4|03|aresDnsLookup: select time-out 4 on NAPTR lookup for 'voxteroffice.voxter.sip.voxter.com' after 1 sec
0127172708|ares |4|03|aresDnsLookup: select time-out 5 on NAPTR lookup for 'voxteroffice.voxter.sip.voxter.com' after 2 sec
0127172710|ares |4|03|aresDnsLookup: select time-out 6 on NAPTR lookup for 'voxteroffice.voxter.sip.voxter.com' after 2 sec
0127172710|dns  |4|03|DNS server(s) unresponsive due to query timeout after 8 sec (Threshold = 5)
0127172710|sip  |4|03|doDnsListLookup(udp): doDnsSrvLookupForARecordList 'voxteroffice.voxter.sip.voxter.com' found no records
0127172710|sip  |4|03|Registration failed User: user_9qswhl, Error Code:480 Temporarily not available
0127172732|dns  |4|03|DNS(NAPTR) query now allowed after unresponsive for 21 (of 10) sec
0127172733|ares |4|03|aresDnsLookup: select time-out 1 on A lookup for 'sbc02.van1.voxter.net.' after 1 sec
0127172734|ares |4|03|aresDnsLookup: select time-out 3 on A lookup for 'sbc02.van1.voxter.net.' after 1 sec
0127172735|ares |4|03|aresDnsLookup: select time-out 1 on A lookup for 'sbc02.van1.voxter.net.' after 1 sec
0127172736|ares |4|03|aresDnsLookup: select time-out 3 on A lookup for 'sbc02.van1.voxter.net.' after 1 sec
0127172737|ares |4|03|aresDnsLookup: select time-out 1 on A lookup for 'voxteroffice.voxter.sip.voxter.com' after 1 sec
0127172738|ares |4|03|aresDnsLookup: select time-out 3 on A lookup for 'voxteroffice.voxter.sip.voxter.com' after 1 sec
0127172740|ares |4|03|aresDnsLookup: select time-out 4 on A lookup for 'voxteroffice.voxter.sip.voxter.com' after 2 sec
