000000.310|so   |*|01|---------- Initial log entry ----------
000000.310|so   |*|01|+++ Note that Updater log times are in GMT +++
000000.310|boot |*|01|Initial log entry. Current logging level 3
000000.310|copy |*|01|Initial log entry. Current logging level 3
000000.310|utilm|*|01|Initial log entry. Current logging level 4
000000.310|hw   |*|01|Initial log entry. Current logging level 4
000000.310|ethf |*|01|Initial log entry. Current logging level 4
000000.310|dns  |*|01|Initial log entry. Current logging level 3
000000.310|curl |*|01|Initial log entry. Current logging level 3
000000.310|sec  |*|01|Initial log entry. Current logging level 4
000000.470|wdog |*|01|Initial log entry. Current logging level 4
000000.470|lldp |*|01|Initial log entry. Current logging level 3
000000.470|cdp  |*|01|Initial log entry. Current logging level 3
000000.470|key  |*|01|Initial log entry. Current logging level 4
000000.470|so   |3|01|Platform: Model=SoundStation IP 5000, Assembly=3111-30900-001 Rev=G Region=0
000000.470|so   |3|01|Platform: Board=3111-30900-001 1 0
000000.470|so   |3|01|Platform: MAC=0004f2f33c5e
000000.470|so   |3|01|Platform: BootBlock=3.0.2.0024 (30900-001) 30-Nov-10 15:06
000000.470|so   |3|01|Application, main: Label=Updater, Version=Azurite 5.0.1.10553 24-Nov-11 13:51
000000.470|so   |3|01|Application, main: P/N=3150-11069-501
000000.470|log  |*|01|Install file upload callback for 'Updater'

000000.470|app1 |*|01|Initial log entry. Current logging level 3
000000.615|cfg  |*|01|Initial log entry. Current logging level 2
000000.695|app1 |3|01|Application, load: Type=SIP, Version=4.0.1.13681 29-Nov-11 18:55
000000.705|boot |*|01|Using TFFS for flash load
000000.730|boot |*|01|Code length:         0x00392382
000000.730|boot |*|01|Code checksum:       0x1C754C0C
000001.465|so   |3|01|Link status is Net up Speed 100 full Duplex.
000011.625|app1 |4|01|Loaded application unknown from local system successfully.
000000.280|so   |*|01|---------- Initial log entry ----------
000000.280|so   |*|01|+++ Note that Updater log times are in GMT +++
000000.280|boot |*|01|Initial log entry. Current logging level 3
000000.280|copy |*|01|Initial log entry. Current logging level 3
000000.280|utilm|*|01|Initial log entry. Current logging level 4
000000.280|hw   |*|01|Initial log entry. Current logging level 4
000000.280|ethf |*|01|Initial log entry. Current logging level 4
000000.280|dns  |*|01|Initial log entry. Current logging level 3
000000.280|curl |*|01|Initial log entry. Current logging level 3
000000.280|sec  |*|01|Initial log entry. Current logging level 4
000000.440|wdog |*|01|Initial log entry. Current logging level 4
000000.440|lldp |*|01|Initial log entry. Current logging level 3
000000.440|cdp  |*|01|Initial log entry. Current logging level 3
000000.440|key  |*|01|Initial log entry. Current logging level 4
000000.440|so   |3|01|Platform: Model=SoundStation IP 5000, Assembly=3111-30900-001 Rev=G Region=0
000000.440|so   |3|01|Platform: Board=3111-30900-001 1 0
000000.440|so   |3|01|Platform: MAC=0004f2f33c5e
000000.440|so   |3|01|Platform: BootBlock=3.0.2.0024 (30900-001) 30-Nov-10 15:06
000000.440|so   |3|01|Application, main: Label=Updater, Version=Azurite 5.0.1.10553 24-Nov-11 13:51
000000.440|so   |3|01|Application, main: P/N=3150-11069-501
000000.440|log  |*|01|Install file upload callback for 'Updater'

000000.440|app1 |*|01|Initial log entry. Current logging level 3
000000.585|cfg  |*|01|Initial log entry. Current logging level 2
000000.660|app1 |3|01|Application, load: Type=SIP, Version=4.0.1.13681 29-Nov-11 18:55
000000.690|boot |*|01|Using TFFS for flash load
000000.725|boot |*|01|Code length:         0x00392382
000000.725|boot |*|01|Code checksum:       0x1C754C0C
000001.440|so   |3|01|Link status is Net up Speed 100 full Duplex.
000011.595|app1 |4|01|Loaded application sip.ld from local system successfully.
000000.280|so   |*|01|---------- Initial log entry ----------
000000.280|so   |*|01|+++ Note that Updater log times are in GMT +++
000000.280|boot |*|01|Initial log entry. Current logging level 3
000000.280|copy |*|01|Initial log entry. Current logging level 3
000000.280|utilm|*|01|Initial log entry. Current logging level 4
000000.280|hw   |*|01|Initial log entry. Current logging level 4
000000.280|ethf |*|01|Initial log entry. Current logging level 4
000000.280|dns  |*|01|Initial log entry. Current logging level 3
000000.280|curl |*|01|Initial log entry. Current logging level 3
000000.280|sec  |*|01|Initial log entry. Current logging level 4
000000.440|wdog |*|01|Initial log entry. Current logging level 4
000000.440|lldp |*|01|Initial log entry. Current logging level 3
000000.440|cdp  |*|01|Initial log entry. Current logging level 3
000000.440|key  |*|01|Initial log entry. Current logging level 4
000000.440|so   |3|01|Platform: Model=SoundStation IP 5000, Assembly=3111-30900-001 Rev=G Region=0
000000.440|so   |3|01|Platform: Board=3111-30900-001 1 0
000000.440|so   |3|01|Platform: MAC=0004f2f33c5e
000000.440|so   |3|01|Platform: BootBlock=3.0.2.0024 (30900-001) 30-Nov-10 15:06
000000.440|so   |3|01|Application, main: Label=Updater, Version=Azurite 5.0.1.10553 24-Nov-11 13:51
000000.440|so   |3|01|Application, main: P/N=3150-11069-501
000000.440|log  |*|01|Install file upload callback for 'Updater'

000000.445|app1 |*|01|Initial log entry. Current logging level 3
000000.590|cfg  |*|01|Initial log entry. Current logging level 2
000000.670|app1 |3|01|Application, load: Type=SIP, Version=4.0.1.13681 29-Nov-11 18:55
000000.685|boot |*|01|Using TFFS for flash load
000000.700|boot |*|01|Code length:         0x00392382
000000.700|boot |*|01|Code checksum:       0x1C754C0C
000001.440|so   |3|01|Link status is Net down.
000002.440|so   |3|01|Link status is Net up Speed 100 full Duplex.
000011.610|app1 |4|01|Loaded application sip.ld from local system successfully.
000000.280|so   |*|01|---------- Initial log entry ----------
000000.280|so   |*|01|+++ Note that Updater log times are in GMT +++
000000.280|boot |*|01|Initial log entry. Current logging level 3
000000.280|copy |*|01|Initial log entry. Current logging level 3
000000.280|utilm|*|01|Initial log entry. Current logging level 4
000000.280|hw   |*|01|Initial log entry. Current logging level 4
000000.280|ethf |*|01|Initial log entry. Current logging level 4
000000.280|dns  |*|01|Initial log entry. Current logging level 3
000000.280|curl |*|01|Initial log entry. Current logging level 3
000000.280|sec  |*|01|Initial log entry. Current logging level 4
000000.440|wdog |*|01|Initial log entry. Current logging level 4
000000.440|lldp |*|01|Initial log entry. Current logging level 3
000000.440|cdp  |*|01|Initial log entry. Current logging level 3
000000.440|key  |*|01|Initial log entry. Current logging level 4
000000.440|so   |3|01|Platform: Model=SoundStation IP 5000, Assembly=3111-30900-001 Rev=G Region=0
000000.440|so   |3|01|Platform: Board=3111-30900-001 1 0
000000.440|so   |3|01|Platform: MAC=0004f2f33c5e
000000.440|so   |3|01|Platform: BootBlock=3.0.2.0024 (30900-001) 30-Nov-10 15:06
000000.440|so   |3|01|Application, main: Label=Updater, Version=Azurite 5.0.1.10553 24-Nov-11 13:51
000000.440|so   |3|01|Application, main: P/N=3150-11069-501
000000.440|log  |*|01|Install file upload callback for 'Updater'

000000.445|app1 |*|01|Initial log entry. Current logging level 3
000000.585|cfg  |*|01|Initial log entry. Current logging level 2
000000.665|app1 |3|01|Application, load: Type=SIP, Version=4.0.1.13681 29-Nov-11 18:55
000000.675|boot |*|01|Using TFFS for flash load
000000.695|boot |*|01|Code length:         0x00392382
000000.695|boot |*|01|Code checksum:       0x1C754C0C
000001.440|so   |3|01|Link status is Net up Speed 100 full Duplex.
000011.605|app1 |4|01|Loaded application sip.ld from local system successfully.
000000.280|so   |*|01|---------- Initial log entry ----------
000000.280|so   |*|01|+++ Note that Updater log times are in GMT +++
000000.280|boot |*|01|Initial log entry. Current logging level 3
000000.280|copy |*|01|Initial log entry. Current logging level 3
000000.280|utilm|*|01|Initial log entry. Current logging level 4
000000.280|hw   |*|01|Initial log entry. Current logging level 4
000000.280|ethf |*|01|Initial log entry. Current logging level 4
000000.280|dns  |*|01|Initial log entry. Current logging level 3
000000.280|curl |*|01|Initial log entry. Current logging level 3
000000.280|sec  |*|01|Initial log entry. Current logging level 4
000000.440|wdog |*|01|Initial log entry. Current logging level 4
000000.440|lldp |*|01|Initial log entry. Current logging level 3
000000.440|cdp  |*|01|Initial log entry. Current logging level 3
000000.440|key  |*|01|Initial log entry. Current logging level 4
000000.440|so   |3|01|Platform: Model=SoundStation IP 5000, Assembly=3111-30900-001 Rev=G Region=0
000000.440|so   |3|01|Platform: Board=3111-30900-001 1 0
000000.440|so   |3|01|Platform: MAC=0004f2f33c5e
000000.440|so   |3|01|Platform: BootBlock=3.0.2.0024 (30900-001) 30-Nov-10 15:06
000000.440|so   |3|01|Application, main: Label=Updater, Version=Azurite 5.0.1.10553 24-Nov-11 13:51
000000.440|so   |3|01|Application, main: P/N=3150-11069-501
000000.440|log  |*|01|Install file upload callback for 'Updater'

000000.445|app1 |*|01|Initial log entry. Current logging level 3
000000.590|cfg  |*|01|Initial log entry. Current logging level 2
000000.670|app1 |3|01|Application, load: Type=SIP, Version=4.0.1.13681 29-Nov-11 18:55
000000.685|boot |*|01|Using TFFS for flash load
000000.700|boot |*|01|Code length:         0x00392382
000000.700|boot |*|01|Code checksum:       0x1C754C0C
000001.440|so   |3|01|Link status is Net down.
000002.440|so   |3|01|Link status is Net up Speed 100 full Duplex.
000011.605|app1 |4|01|Loaded application sip.ld from local system successfully.
000000.280|so   |*|01|---------- Initial log entry ----------
000000.280|so   |*|01|+++ Note that Updater log times are in GMT +++
000000.280|boot |*|01|Initial log entry. Current logging level 3
000000.280|copy |*|01|Initial log entry. Current logging level 3
000000.280|utilm|*|01|Initial log entry. Current logging level 4
000000.280|hw   |*|01|Initial log entry. Current logging level 4
000000.280|ethf |*|01|Initial log entry. Current logging level 4
000000.280|dns  |*|01|Initial log entry. Current logging level 3
000000.280|curl |*|01|Initial log entry. Current logging level 3
000000.280|sec  |*|01|Initial log entry. Current logging level 4
000000.440|wdog |*|01|Initial log entry. Current logging level 4
000000.440|lldp |*|01|Initial log entry. Current logging level 3
000000.440|cdp  |*|01|Initial log entry. Current logging level 3
000000.440|key  |*|01|Initial log entry. Current logging level 4
000000.440|so   |3|01|Platform: Model=SoundStation IP 5000, Assembly=3111-30900-001 Rev=G Region=0
000000.440|so   |3|01|Platform: Board=3111-30900-001 1 0
000000.440|so   |3|01|Platform: MAC=0004f2f33c5e
000000.440|so   |3|01|Platform: BootBlock=3.0.2.0024 (30900-001) 30-Nov-10 15:06
000000.440|so   |3|01|Application, main: Label=Updater, Version=Azurite 5.0.1.10553 24-Nov-11 13:51
000000.440|so   |3|01|Application, main: P/N=3150-11069-501
000000.440|log  |*|01|Install file upload callback for 'Updater'

000000.440|app1 |*|01|Initial log entry. Current logging level 3
000000.585|cfg  |*|01|Initial log entry. Current logging level 2
000000.655|dot1x|*|01|Initial log entry. Current logging level 3
000000.655|app1 |3|01|Starting provisioning because of the start type.
000001.440|so   |3|01|Link status is Net up Speed 100 full Duplex.
000003.200|tls  |*|01|Initial log entry. Current logging level 4
000012.250|lldp |3|01|LLDP did not receive a response from a switch. Disabling LLDP.
000018.110|cdp  |3|01|CDP did not receive a response from a switch. Disabling CDP.
000026.610|dns  |*|01|DNS resolver servers are '208.201.224.11' '208.201.224.33'
000026.610|dns  |*|01|DNS resolver search domain is 'cumulusnetworks.com'
000026.610|app1 |3|01|DNS resolver servers are '208.201.224.11' '208.201.224.33'
000026.610|app1 |3|01|DNS resolver search domain is 'cumulusnetworks.com'
000026.615|dns  |3|01|DNS lookup for (A) 'p.voxter.com'(74.114.208.40,74.114.208.41) TTL=86353
000026.620|app1 |3|01|Bootline: esw(3,0)bootHost:flash e=172.16.1.58:ffffff00:15180:19 h=74.114.208.40 g=172.16.1.1 u=**** pw=**** f=0x40 tn=CircaIP
000026.620|app1 |3|01|DHCP returned result 0x387 from server 172.16.1.1.
000026.620|app1 |3|01|   Phone IP address is 172.16.1.58.
000026.620|app1 |3|01|   Subnet mask is 255.255.255.0.
000026.620|app1 |3|01|   Gateway address is 172.16.1.1.
000026.620|app1 |3|01|   DNS server is 208.201.224.11.
000026.620|app1 |3|01|   DNS alternate server is 208.201.224.33.
000026.620|app1 |3|01|   DNS domain is cumulusnetworks.com.
000026.625|dns  |3|01|DNS lookup for (A) 'pool.ntp.org'(38.229.71.1,216.229.4.69,66.7.96.1) TTL=72
000026.865|copy |3|01|'http://PlcmSpIp:****@p.voxter.com/0004f2f33c5e.cfg' from 'p.voxter.com(74.114.208.40)'
000027.155|copy |3|01|Download of '0004f2f33c5e.cfg' succeeded on attempt 1 (addr 1 of 2)
000027.280|cfg  |*|01|Prov|Starting to update 3111-30900-001.sip.ld
000027.395|copy |3|01|'http://PlcmSpIp:****@p.voxter.com/3111-30900-001.sip.ld' from 'p.voxter.com(74.114.208.40)'
000027.735|cfg  |3|01|New load header information:
000027.735|cfg  |3|01|Code length:         0x004B0500
000027.735|cfg  |3|01|Code Checksum:       0x070CC771
000027.735|cfg  |3|01|Options:             0x00000080
000027.735|cfg  |3|01|Recognized container image
000027.735|cfg  |3|01|New load header information:
000027.735|cfg  |3|01|Code length:         0x003CD570
000027.735|cfg  |3|01|Code Checksum:       0x1E4C97B9
000027.735|cfg  |3|01|Options:             0x00000102
000027.740|cfg  |3|01|Application header is different
000027.740|cfg  |3|01|Application in container image 1 is different
000027.740|cfg  |3|01|New load header information:
000027.740|cfg  |3|01|Code length:         0x000E26A0
000027.740|cfg  |3|01|Code Checksum:       0x070C2795
000027.740|cfg  |3|01|Options:             0x00000110
000027.740|cfg  |3|01|Updater header is different
000027.740|cfg  |3|01|Updater in container image 2 is different
000027.740|cfg  |3|01|Using Updater
0830052515|app1 |3|01|Time has been set from pool.ntp.org (38.229.71.1).
0830052515|app1 |3|01|   1409376315: 2014-8-30, 5:25:15, DST off
0830052535|cfg  |*|01|Prov|Updating the Updater
0830052535|cfg  |3|01|Using compatible image 0
0830052540|copy |3|01|Download of '3111-30900-001.sip.ld' succeeded on attempt 1 (addr 1 of 2)
0830052540|sig  |*|01|Initial log entry. Current logging level 3
0830052540|sig  |3|01|hwSigParseRemove: found key Sig_3.
0830052540|cfg  |3|01|Good image signature
0830052541|cfg  |4|01|Removing application...
0830052542|cfg  |3|01|Programming Updater from sector 1 to 18
0830052600|cfg  |3|01|Programming to sector 1 complete
0830052600|cfg  |3|01|Invalidated old image at sector 19, offset 20.
0830052600|cfg  |*|01|Prov|Image has been changed
0830052600|cfg  |*|01|Prov|Provisioning needs to reboot to upgrade image(s)
000000.280|so   |*|01|---------- Initial log entry ----------
000000.280|so   |*|01|+++ Note that Updater log times are in GMT +++
000000.280|boot |*|01|Initial log entry. Current logging level 3
000000.280|copy |*|01|Initial log entry. Current logging level 3
000000.280|utilm|*|01|Initial log entry. Current logging level 4
000000.280|hw   |*|01|Initial log entry. Current logging level 4
000000.280|ethf |*|01|Initial log entry. Current logging level 4
000000.280|dns  |*|01|Initial log entry. Current logging level 3
000000.280|curl |*|01|Initial log entry. Current logging level 3
000000.280|sec  |*|01|Initial log entry. Current logging level 4
000000.440|wdog |*|01|Initial log entry. Current logging level 4
000000.440|lldp |*|01|Initial log entry. Current logging level 3
000000.440|cdp  |*|01|Initial log entry. Current logging level 3
000000.440|key  |*|01|Initial log entry. Current logging level 4
000000.440|so   |3|01|Platform: Model=SoundStation IP 5000, Assembly=3111-30900-001 Rev=G Region=0
000000.440|so   |3|01|Platform: Board=3111-30900-001 1 0
000000.440|so   |3|01|Platform: MAC=0004f2f33c5e
000000.440|so   |3|01|Platform: BootBlock=3.0.2.0024 (30900-001) 30-Nov-10 15:06
000000.440|so   |3|01|Application, main: Label=Updater, Version=Azurite 5.0.7.1284 07-Jul-14 16:25
000000.440|so   |3|01|Application, main: P/N=3150-11069-507
000000.440|log  |*|01|Install file upload callback for 'Updater'

000000.440|app1 |*|01|Initial log entry. Current logging level 3
000000.585|cfg  |*|01|Initial log entry. Current logging level 2
000000.655|dot1x|*|01|Initial log entry. Current logging level 3
000000.655|app1 |3|01|Starting provisioning because of the start type.
000001.440|so   |3|01|Link status is Net up Speed 100 full Duplex.
000003.105|tls  |*|01|Initial log entry. Current logging level 4
000012.250|lldp |3|01|LLDP did not receive a response from a switch. Disabling LLDP.
000017.930|cdp  |3|01|CDP did not receive a response from a switch. Disabling CDP.
000027.430|dns  |*|01|DNS resolver servers are '208.201.224.11' '208.201.224.33'
000027.430|dns  |*|01|DNS resolver search domain is 'cumulusnetworks.com'
000027.430|app1 |3|01|DNS resolver servers are '208.201.224.11' '208.201.224.33'
000027.430|app1 |3|01|DNS resolver search domain is 'cumulusnetworks.com'
000027.435|dns  |3|01|DNS lookup for (A) 'p.voxter.com'(74.114.208.40,74.114.208.41) TTL=86274
000027.440|app1 |3|01|Bootline: esw(3,0)bootHost:flash e=172.16.1.58:ffffff00:15180:18 h=74.114.208.40 g=172.16.1.1 u=**** pw=**** f=0x40 tn=CircaIP
0830052542|app1 |3|01|DHCP returned result 0x387 from server 172.16.1.1.
0830052542|app1 |3|01|   Phone IP address is 172.16.1.58.
0830052542|app1 |3|01|   Subnet mask is 255.255.255.0.
0830052542|app1 |3|01|   Gateway address is 172.16.1.1.
0830052542|app1 |3|01|   DNS server is 208.201.224.11.
0830052542|app1 |3|01|   DNS alternate server is 208.201.224.33.
0830052542|app1 |3|01|   DNS domain is cumulusnetworks.com.
0830052542|dns  |3|01|DNS lookup for (A) 'pool.ntp.org'(204.2.134.164,50.7.64.4,38.229.71.1) TTL=143
0830052634|app1 |3|01|Time has been set from pool.ntp.org (204.2.134.164).
0830052634|app1 |3|01|   1409376394: 2014-8-30, 5:26:34, DST off
0830052634|copy |3|01|'http://PlcmSpIp:****@p.voxter.com/0004f2f33c5e.cfg' from 'p.voxter.com(74.114.208.40)'
0830052634|copy |3|01|Download of '0004f2f33c5e.cfg' succeeded on attempt 1 (addr 1 of 2)
0830052634|cfg  |*|01|Prov|Starting to update 3111-30900-001.sip.ld
0830052634|copy |3|01|'http://PlcmSpIp:****@p.voxter.com/3111-30900-001.sip.ld' from 'p.voxter.com(74.114.208.40)'
0830052634|cfg  |3|01|New load header information:
0830052634|cfg  |3|01|Code length:         0x004B0500
0830052634|cfg  |3|01|Code Checksum:       0x070CC771
0830052634|cfg  |3|01|Options:             0x00000080
0830052634|cfg  |3|01|Recognized container image
0830052634|cfg  |3|01|New load header information:
0830052634|cfg  |3|01|Code length:         0x003CD570
0830052634|cfg  |3|01|Code Checksum:       0x1E4C97B9
0830052634|cfg  |3|01|Options:             0x00000102
0830052634|cfg  |3|01|Could not open application file for checking
0830052634|cfg  |3|01|Application in container image 1 is different
0830052634|cfg  |3|01|New load header information:
0830052634|cfg  |3|01|Code length:         0x000E26A0
0830052634|cfg  |3|01|Code Checksum:       0x070C2795
0830052634|cfg  |3|01|Options:             0x00000110
0830052634|cfg  |3|01|Updater is already present
0830052634|cfg  |3|01|Updater in container image 2 is not different
0830052634|cfg  |3|01|Using application
0830052634|cfg  |*|01|Prov|Updating the Application
0830052634|cfg  |3|01|Using compatible image 0
0830052655|copy |3|01|buffered_write: transfer terminated
0830052655|copy |3|01|Download of '3111-30900-001.sip.ld' succeeded on attempt 1 (addr 1 of 2)
0830052656|sig  |*|01|Initial log entry. Current logging level 3
0830052656|sig  |3|01|hwSigParseRemove: found key Sig_3.
0830052657|cfg  |3|01|Good image signature
0830052657|cfg  |3|01|Programming 3987368 bytes into tffs in 4K blocks
0830052814|cfg  |*|01|Prov|Succeeded updating file 3111-30900-001.sip.ld
0830052814|cfg  |*|01|Prov|Image has been changed
0830052814|cfg  |3|01|Prov|Provisioning succeeded
0830052814|app1 |3|01|Application, load: Type=SIP, Version=4.0.7.2514 13-Jul-14 22:13
0830052814|boot |*|01|Using TFFS for flash load
0830052814|boot |*|01|Code length:         0x003CD570
0830052814|boot |*|01|Code checksum:       0x1E4C97B9
0830052814|cfg  |*|01|Prov|Finished updating configuration
0830052825|app1 |4|01|Loaded application sip.ld from local system successfully.
0830052825|app1 |6|01|Uploading boot log, time is SAT AUG 30 05:28:26 2014

0830052826|copy |3|01|'http://PlcmSpIp:****@p.voxter.com/logs/0004f2f33c5e-boot.log' to 'p.voxter.com(74.114.208.40)'
0830052826|copy |3|01|Upload of 'logs/0004f2f33c5e-boot.log' succeeded on attempt 1 (addr 1 of 2)
0830052826|cfg  |3|01|Prov|Shutting down
000000.290|so   |*|01|---------- Initial log entry ----------
000000.290|so   |*|01|+++ Note that Updater log times are in GMT +++
000000.290|boot |*|01|Initial log entry. Current logging level 3
000000.290|copy |*|01|Initial log entry. Current logging level 3
000000.290|utilm|*|01|Initial log entry. Current logging level 4
000000.290|hw   |*|01|Initial log entry. Current logging level 4
000000.290|ethf |*|01|Initial log entry. Current logging level 4
000000.290|dns  |*|01|Initial log entry. Current logging level 3
000000.290|curl |*|01|Initial log entry. Current logging level 3
000000.290|sec  |*|01|Initial log entry. Current logging level 4
000000.450|wdog |*|01|Initial log entry. Current logging level 4
000000.450|lldp |*|01|Initial log entry. Current logging level 3
000000.450|cdp  |*|01|Initial log entry. Current logging level 3
000000.450|key  |*|01|Initial log entry. Current logging level 4
000000.450|so   |3|01|Platform: Model=SoundStation IP 5000, Assembly=3111-30900-001 Rev=G Region=0
000000.450|so   |3|01|Platform: Board=3111-30900-001 1 0
000000.450|so   |3|01|Platform: MAC=0004f2f33c5e
000000.450|so   |3|01|Platform: BootBlock=3.0.2.0024 (30900-001) 30-Nov-10 15:06
000000.450|so   |3|01|Application, main: Label=Updater, Version=Azurite 5.0.7.1284 07-Jul-14 16:25
000000.450|so   |3|01|Application, main: P/N=3150-11069-507
000000.450|log  |*|01|Install file upload callback for 'Updater'

000000.455|app1 |*|01|Initial log entry. Current logging level 3
000000.600|cfg  |*|01|Initial log entry. Current logging level 2
000000.680|app1 |3|01|Application, load: Type=SIP, Version=4.0.7.2514 13-Jul-14 22:13
000000.695|boot |*|01|Using TFFS for flash load
000000.700|boot |*|01|Code length:         0x003CD570
000000.700|boot |*|01|Code checksum:       0x1E4C97B9
000001.450|so   |3|01|Link status is Net down.
000002.450|so   |3|01|Link status is Net up Speed 100 full Duplex.
000012.145|app1 |4|01|Loaded application sip.ld from local system successfully.
000000.280|so   |*|01|---------- Initial log entry ----------
000000.280|so   |*|01|+++ Note that Updater log times are in GMT +++
000000.280|boot |*|01|Initial log entry. Current logging level 3
000000.280|copy |*|01|Initial log entry. Current logging level 3
000000.280|utilm|*|01|Initial log entry. Current logging level 4
000000.280|hw   |*|01|Initial log entry. Current logging level 4
000000.280|ethf |*|01|Initial log entry. Current logging level 4
000000.280|dns  |*|01|Initial log entry. Current logging level 3
000000.285|curl |*|01|Initial log entry. Current logging level 3
000000.285|sec  |*|01|Initial log entry. Current logging level 4
000000.440|wdog |*|01|Initial log entry. Current logging level 4
000000.440|lldp |*|01|Initial log entry. Current logging level 3
000000.440|cdp  |*|01|Initial log entry. Current logging level 3
000000.440|key  |*|01|Initial log entry. Current logging level 4
000000.440|so   |3|01|Platform: Model=SoundStation IP 5000, Assembly=3111-30900-001 Rev=G Region=0
000000.440|so   |3|01|Platform: Board=3111-30900-001 1 0
000000.440|so   |3|01|Platform: MAC=0004f2f33c5e
000000.440|so   |3|01|Platform: BootBlock=3.0.2.0024 (30900-001) 30-Nov-10 15:06
000000.440|so   |3|01|Application, main: Label=Updater, Version=Azurite 5.0.7.1284 07-Jul-14 16:25
000000.440|so   |3|01|Application, main: P/N=3150-11069-507
000000.440|log  |*|01|Install file upload callback for 'Updater'

000000.445|app1 |*|01|Initial log entry. Current logging level 3
000000.585|cfg  |*|01|Initial log entry. Current logging level 2
000000.655|dot1x|*|01|Initial log entry. Current logging level 3
000000.655|app1 |3|01|Starting provisioning because of the start type.
000001.440|so   |3|01|Link status is Net up Speed 100 full Duplex.
000002.735|tls  |*|01|Initial log entry. Current logging level 4
000012.250|lldp |3|01|LLDP did not receive a response from a switch. Disabling LLDP.
000017.490|cdp  |3|01|CDP did not receive a response from a switch. Disabling CDP.
000025.990|dns  |*|01|DNS resolver servers are '208.201.224.11' '208.201.224.33'
000025.990|dns  |*|01|DNS resolver search domain is 'cumulusnetworks.com'
000025.990|app1 |3|01|DNS resolver servers are '208.201.224.11' '208.201.224.33'
000025.990|app1 |3|01|DNS resolver search domain is 'cumulusnetworks.com'
000025.995|dns  |3|01|DNS lookup for (A) 'p.voxter.com'(74.114.208.245) TTL=86356
000026.000|app1 |3|01|Bootline: esw(3,0)bootHost:flash e=172.16.1.58:ffffff00:15180:18 h=74.114.208.245 g=172.16.1.1 u=**** pw=**** f=0x40 tn=CircaIP
000026.000|app1 |3|01|DHCP returned result 0x387 from server 172.16.1.1.
0126153943|app1 |3|01|   Phone IP address is 172.16.1.58.
0126153943|app1 |3|01|   Subnet mask is 255.255.255.0.
0126153943|app1 |3|01|   Gateway address is 172.16.1.1.
0126153943|app1 |3|01|   DNS server is 208.201.224.11.
0126153943|app1 |3|01|   DNS alternate server is 208.201.224.33.
0126153943|app1 |3|01|   DNS domain is cumulusnetworks.com.
0126153943|dns  |3|01|DNS lookup for (A) 'pool.ntp.org'(74.207.242.71,66.228.42.59,66.241.101.63) TTL=31
0126154001|app1 |3|01|Time has been set from pool.ntp.org (74.207.242.71).
0126154001|app1 |3|01|   1422286801: 2015-1-26, 15:40:1, DST off
0126154001|copy |3|01|'http://PlcmSpIp:****@p.voxter.com/0004f2f33c5e.cfg' from 'p.voxter.com(74.114.208.245)'
0126154001|copy |3|01|Download of '0004f2f33c5e.cfg' succeeded on attempt 1 (addr 1 of 1)
0126154002|cfg  |*|01|Prov|Starting to update 3111-30900-001.sip.ld
0126154002|copy |3|01|'http://PlcmSpIp:****@p.voxter.com/3111-30900-001.sip.ld' from 'p.voxter.com(74.114.208.245)'
0126154002|cfg  |3|01|New load header information:
0126154002|cfg  |3|01|Code length:         0x004AF4B8
0126154002|cfg  |3|01|Code Checksum:       0x07097CA8
0126154002|cfg  |3|01|Options:             0x00000080
0126154002|cfg  |3|01|Recognized container image
0126154002|cfg  |3|01|New load header information:
0126154002|cfg  |3|01|Code length:         0x003CD0B5
0126154002|cfg  |3|01|Code Checksum:       0x1E4B19CF
0126154002|cfg  |3|01|Options:             0x00000102
0126154002|cfg  |3|01|Application header is different
0126154002|cfg  |3|01|Application in container image 1 is different
0126154002|cfg  |3|01|New load header information:
0126154002|cfg  |3|01|Code length:         0x000E1B10
0126154002|cfg  |3|01|Code Checksum:       0x0708DCBE
0126154002|cfg  |3|01|Options:             0x00000110
0126154002|cfg  |3|01|Updater header is different
0126154002|cfg  |3|01|Updater in container image 2 is different
0126154002|cfg  |3|01|Using Updater
0126154023|cfg  |*|01|Prov|Updating the Updater
0126154023|cfg  |3|01|Using compatible image 0
0126154029|copy |3|01|Download of '3111-30900-001.sip.ld' succeeded on attempt 1 (addr 1 of 1)
0126154029|sig  |*|01|Initial log entry. Current logging level 3
0126154029|sig  |3|01|hwSigParseRemove: found key Sig_3.
0126154029|cfg  |3|01|Good image signature
0126154029|cfg  |4|01|Removing application...
0126154030|cfg  |3|01|Programming Updater from sector 19 to 36
0126154048|cfg  |3|01|Programming to sector 19 complete
0126154049|cfg  |3|01|Invalidated old image at sector 1, offset 20.
0126154049|cfg  |*|01|Prov|Image has been changed
0126154049|cfg  |*|01|Prov|Provisioning needs to reboot to upgrade image(s)
000000.280|so   |*|01|---------- Initial log entry ----------
000000.280|so   |*|01|+++ Note that Updater log times are in GMT +++
000000.280|boot |*|01|Initial log entry. Current logging level 3
000000.280|copy |*|01|Initial log entry. Current logging level 3
000000.280|utilm|*|01|Initial log entry. Current logging level 4
000000.280|hw   |*|01|Initial log entry. Current logging level 4
000000.280|ethf |*|01|Initial log entry. Current logging level 4
000000.280|dns  |*|01|Initial log entry. Current logging level 3
000000.280|curl |*|01|Initial log entry. Current logging level 3
000000.280|sec  |*|01|Initial log entry. Current logging level 4
000000.440|wdog |*|01|Initial log entry. Current logging level 4
000000.440|lldp |*|01|Initial log entry. Current logging level 3
000000.440|cdp  |*|01|Initial log entry. Current logging level 3
000000.440|key  |*|01|Initial log entry. Current logging level 4
000000.440|so   |3|01|Platform: Model=SoundStation IP 5000, Assembly=3111-30900-001 Rev=G Region=0
000000.440|so   |3|01|Platform: Board=3111-30900-001 1 0
000000.440|so   |3|01|Platform: MAC=0004f2f33c5e
000000.440|so   |3|01|Platform: BootBlock=3.0.2.0024 (30900-001) 30-Nov-10 15:06
000000.440|so   |3|01|Application, main: Label=Updater, Version=Azurite 5.0.5.2324 09-Dec-13 16:11
000000.440|so   |3|01|Application, main: P/N=YYYY-YYYYY-YYY
000000.440|log  |*|01|Install file upload callback for 'Updater'

000000.440|app1 |*|01|Initial log entry. Current logging level 3
000000.585|cfg  |*|01|Initial log entry. Current logging level 2
000000.655|dot1x|*|01|Initial log entry. Current logging level 3
000000.655|app1 |3|01|Starting provisioning because of the start type.
000001.440|so   |3|01|Link status is Net up Speed 100 full Duplex.
000003.185|tls  |*|01|Initial log entry. Current logging level 4
000012.250|lldp |3|01|LLDP did not receive a response from a switch. Disabling LLDP.
000018.055|cdp  |3|01|CDP did not receive a response from a switch. Disabling CDP.
000027.555|dns  |*|01|DNS resolver servers are '208.201.224.11' '208.201.224.33'
000027.555|dns  |*|01|DNS resolver search domain is 'cumulusnetworks.com'
000027.555|app1 |3|01|DNS resolver servers are '208.201.224.11' '208.201.224.33'
000027.555|app1 |3|01|DNS resolver search domain is 'cumulusnetworks.com'
000027.560|dns  |3|01|DNS lookup for (A) 'p.voxter.com'(74.114.208.245) TTL=86275
000027.565|app1 |3|01|Bootline: esw(3,0)bootHost:flash e=172.16.1.58:ffffff00:15180:19 h=74.114.208.245 g=172.16.1.1 u=**** pw=**** f=0x40 tn=CircaIP
000027.565|app1 |3|01|DHCP returned result 0x387 from server 172.16.1.1.
000027.565|app1 |3|01|   Phone IP address is 172.16.1.58.
000027.565|app1 |3|01|   Subnet mask is 255.255.255.0.
000027.565|app1 |3|01|   Gateway address is 172.16.1.1.
000027.565|app1 |3|01|   DNS server is 208.201.224.11.
000027.565|app1 |3|01|   DNS alternate server is 208.201.224.33.
000027.565|app1 |3|01|   DNS domain is cumulusnetworks.com.
000027.570|dns  |3|01|DNS lookup for (A) 'pool.ntp.org'(199.102.46.79,72.14.188.52,204.235.61.9) TTL=102
0126154122|app1 |3|01|Time has been set from pool.ntp.org (199.102.46.79).
0126154122|app1 |3|01|   1422286882: 2015-1-26, 15:41:22, DST off
0126154122|copy |3|01|'http://PlcmSpIp:****@p.voxter.com/0004f2f33c5e.cfg' from 'p.voxter.com(74.114.208.245)'
0126154122|copy |3|01|Download of '0004f2f33c5e.cfg' succeeded on attempt 1 (addr 1 of 1)
0126154122|cfg  |*|01|Prov|Starting to update 3111-30900-001.sip.ld
0126154122|copy |3|01|'http://PlcmSpIp:****@p.voxter.com/3111-30900-001.sip.ld' from 'p.voxter.com(74.114.208.245)'
0126154122|cfg  |3|01|New load header information:
0126154122|cfg  |3|01|Code length:         0x004AF4B8
0126154122|cfg  |3|01|Code Checksum:       0x07097CA8
0126154122|cfg  |3|01|Options:             0x00000080
0126154122|cfg  |3|01|Recognized container image
0126154122|cfg  |3|01|New load header information:
0126154122|cfg  |3|01|Code length:         0x003CD0B5
0126154122|cfg  |3|01|Code Checksum:       0x1E4B19CF
0126154122|cfg  |3|01|Options:             0x00000102
0126154122|cfg  |3|01|Could not open application file for checking
0126154122|cfg  |3|01|Application in container image 1 is different
0126154122|cfg  |3|01|New load header information:
0126154122|cfg  |3|01|Code length:         0x000E1B10
0126154122|cfg  |3|01|Code Checksum:       0x0708DCBE
0126154122|cfg  |3|01|Options:             0x00000110
0126154122|cfg  |3|01|Updater is already present
0126154122|cfg  |3|01|Updater in container image 2 is not different
0126154122|cfg  |3|01|Using application
0126154122|cfg  |*|01|Prov|Updating the Application
0126154122|cfg  |3|01|Using compatible image 0
0126154143|copy |3|01|buffered_write: transfer terminated
0126154143|copy |3|01|Download of '3111-30900-001.sip.ld' succeeded on attempt 1 (addr 1 of 1)
0126154144|sig  |*|01|Initial log entry. Current logging level 3
0126154144|sig  |3|01|hwSigParseRemove: found key Sig_3.
0126154145|cfg  |3|01|Good image signature
0126154145|cfg  |3|01|Programming 3986157 bytes into tffs in 4K blocks
0126154301|cfg  |*|01|Prov|Succeeded updating file 3111-30900-001.sip.ld
0126154301|cfg  |*|01|Prov|Image has been changed
0126154301|cfg  |3|01|Prov|Provisioning succeeded
0126154301|app1 |3|01|Application, load: Type=SIP, Version=4.0.6.0711 26-Feb-14 08:43
0126154301|boot |*|01|Using TFFS for flash load
0126154301|boot |*|01|Code length:         0x003CD0B5
0126154301|boot |*|01|Code checksum:       0x1E4B19CF
0126154301|cfg  |*|01|Prov|Finished updating configuration
0126154312|app1 |4|01|Loaded application sip.ld from local system successfully.
0126154312|app1 |6|01|Uploading boot log, time is MON JAN 26 15:43:13 2015

0126154312|copy |3|01|'http://PlcmSpIp:****@p.voxter.com/logs/0004f2f33c5e-boot.log' to 'p.voxter.com(74.114.208.245)'
0126154313|copy |3|01|Upload of 'logs/0004f2f33c5e-boot.log' succeeded on attempt 1 (addr 1 of 1)
0126154313|cfg  |3|01|Prov|Shutting down
000000.290|so   |*|01|---------- Initial log entry ----------
000000.290|so   |*|01|+++ Note that Updater log times are in GMT +++
000000.290|boot |*|01|Initial log entry. Current logging level 3
000000.290|copy |*|01|Initial log entry. Current logging level 3
000000.290|utilm|*|01|Initial log entry. Current logging level 4
000000.290|hw   |*|01|Initial log entry. Current logging level 4
000000.290|ethf |*|01|Initial log entry. Current logging level 4
000000.290|dns  |*|01|Initial log entry. Current logging level 3
000000.290|curl |*|01|Initial log entry. Current logging level 3
000000.290|sec  |*|01|Initial log entry. Current logging level 4
000000.450|wdog |*|01|Initial log entry. Current logging level 4
000000.450|lldp |*|01|Initial log entry. Current logging level 3
000000.450|cdp  |*|01|Initial log entry. Current logging level 3
000000.450|key  |*|01|Initial log entry. Current logging level 4
000000.450|so   |3|01|Platform: Model=SoundStation IP 5000, Assembly=3111-30900-001 Rev=G Region=0
000000.450|so   |3|01|Platform: Board=3111-30900-001 1 0
000000.450|so   |3|01|Platform: MAC=0004f2f33c5e
000000.450|so   |3|01|Platform: BootBlock=3.0.2.0024 (30900-001) 30-Nov-10 15:06
000000.450|so   |3|01|Application, main: Label=Updater, Version=Azurite 5.0.5.2324 09-Dec-13 16:11
000000.450|so   |3|01|Application, main: P/N=YYYY-YYYYY-YYY
000000.450|log  |*|01|Install file upload callback for 'Updater'

000000.450|app1 |*|01|Initial log entry. Current logging level 3
000000.595|cfg  |*|01|Initial log entry. Current logging level 2
000000.675|app1 |3|01|Application, load: Type=SIP, Version=4.0.6.0711 26-Feb-14 08:43
000000.690|boot |*|01|Using TFFS for flash load
000000.700|boot |*|01|Code length:         0x003CD0B5
000000.700|boot |*|01|Code checksum:       0x1E4B19CF
000001.445|so   |3|01|Link status is Net down.
000002.445|so   |3|01|Link status is Net up Speed 100 full Duplex.
000012.405|app1 |4|01|Loaded application sip.ld from local system successfully.
000000.280|so   |*|01|---------- Initial log entry ----------
000000.285|so   |*|01|+++ Note that Updater log times are in GMT +++
000000.285|boot |*|01|Initial log entry. Current logging level 3
000000.285|copy |*|01|Initial log entry. Current logging level 3
000000.285|utilm|*|01|Initial log entry. Current logging level 4
000000.285|hw   |*|01|Initial log entry. Current logging level 4
000000.285|ethf |*|01|Initial log entry. Current logging level 4
000000.285|dns  |*|01|Initial log entry. Current logging level 3
000000.285|curl |*|01|Initial log entry. Current logging level 3
000000.285|sec  |*|01|Initial log entry. Current logging level 4
000000.440|wdog |*|01|Initial log entry. Current logging level 4
000000.440|lldp |*|01|Initial log entry. Current logging level 3
000000.440|cdp  |*|01|Initial log entry. Current logging level 3
000000.440|key  |*|01|Initial log entry. Current logging level 4
000000.440|so   |3|01|Platform: Model=SoundStation IP 5000, Assembly=3111-30900-001 Rev=G Region=0
000000.440|so   |3|01|Platform: Board=3111-30900-001 1 0
000000.440|so   |3|01|Platform: MAC=0004f2f33c5e
000000.440|so   |3|01|Platform: BootBlock=3.0.2.0024 (30900-001) 30-Nov-10 15:06
000000.445|so   |3|01|Application, main: Label=Updater, Version=Azurite 5.0.5.2324 09-Dec-13 16:11
000000.445|so   |3|01|Application, main: P/N=YYYY-YYYYY-YYY
000000.445|log  |*|01|Install file upload callback for 'Updater'

000000.445|app1 |*|01|Initial log entry. Current logging level 3
000000.585|cfg  |*|01|Initial log entry. Current logging level 2
000000.655|dot1x|*|01|Initial log entry. Current logging level 3
000000.655|app1 |3|01|Starting provisioning because of the start type.
000001.440|so   |3|01|Link status is Net up Speed 100 full Duplex.
000003.345|tls  |*|01|Initial log entry. Current logging level 4
000012.385|lldp |3|01|LLDP did not receive a response from a switch. Disabling LLDP.
000017.450|cdp  |3|01|CDP did not receive a response from a switch. Disabling CDP.
000026.075|dns  |*|01|DNS resolver servers are '10.6.0.2' '0.0.0.0'
000026.075|dns  |*|01|DNS resolver search domain is ''
000026.075|app1 |3|01|DNS resolver server is '10.6.0.2'
000026.075|app1 |3|01|DNS resolver search domain is ''
000026.090|dns  |3|01|DNS lookup for (A) 'p.voxter.com'(74.114.208.245) TTL=21555
000026.090|app1 |3|01|Bootline: esw(3,0)bootHost:flash e=10.6.1.234:fffffc00:a8c0:18 h=74.114.208.245 g=10.6.0.1 u=**** pw=**** f=0x40 tn=CircaIP
000026.095|app1 |3|01|DHCP returned result 0x87 from server 10.6.0.2.
000026.095|app1 |3|01|   Phone IP address is 10.6.1.234.
000026.095|app1 |3|01|   Subnet mask is 255.255.252.0.
000026.095|app1 |3|01|   Gateway address is 10.6.0.1.
000026.095|app1 |3|01|   DNS server is 10.6.0.2.
000026.110|dns  |3|01|DNS lookup for (A) 'pool.ntp.org'(129.6.15.28,132.163.4.102,66.175.209.17) TTL=105
0312182715|app1 |3|01|Time has been set from pool.ntp.org (129.6.15.28).
0312182715|app1 |3|01|   1426184835: 2015-3-12, 18:27:15, DST off
0312182715|copy |3|01|'http://PlcmSpIp:****@p.voxter.com/0004f2f33c5e.cfg' from 'p.voxter.com(74.114.208.245)'
0312182715|copy |3|01|Download of '0004f2f33c5e.cfg' succeeded on attempt 1 (addr 1 of 1)
0312182715|cfg  |*|01|Prov|Starting to update 3111-30900-001.sip.ld
0312182715|copy |3|01|'http://PlcmSpIp:****@p.voxter.com/3111-30900-001.sip.ld' from 'p.voxter.com(74.114.208.245)'
0312182716|cfg  |3|01|New load header information:
0312182716|cfg  |3|01|Code length:         0x004B3678
0312182716|cfg  |3|01|Code Checksum:       0x0712E909
0312182716|cfg  |3|01|Options:             0x00000080
0312182716|cfg  |3|01|Recognized container image
0312182716|cfg  |3|01|New load header information:
0312182716|cfg  |3|01|Code length:         0x003CFAB5
0312182716|cfg  |3|01|Code Checksum:       0x1E5A457E
0312182716|cfg  |3|01|Options:             0x00000102
0312182716|cfg  |3|01|Application header is different
0312182716|cfg  |3|01|Application in container image 1 is different
0312182716|cfg  |3|01|New load header information:
0312182716|cfg  |3|01|Code length:         0x000E32D0
0312182716|cfg  |3|01|Code Checksum:       0x071247D1
0312182716|cfg  |3|01|Options:             0x00000110
0312182716|cfg  |3|01|Updater header is different
0312182716|cfg  |3|01|Updater in container image 2 is different
0312182716|cfg  |3|01|Using Updater
0312182747|cfg  |*|01|Prov|Updating the Updater
0312182747|cfg  |3|01|Using compatible image 0
0312182755|copy |3|01|Download of '3111-30900-001.sip.ld' succeeded on attempt 1 (addr 1 of 1)
0312182755|sig  |*|01|Initial log entry. Current logging level 3
0312182755|sig  |3|01|hwSigParseRemove: found key Sig_3.
0312182756|cfg  |3|01|Good image signature
0312182756|cfg  |4|01|Removing application...
0312182757|cfg  |3|01|Programming Updater from sector 1 to 18
0312182815|cfg  |3|01|Programming to sector 1 complete
0312182815|cfg  |3|01|Invalidated old image at sector 19, offset 20.
0312182815|cfg  |*|01|Prov|Image has been changed
0312182815|cfg  |*|01|Prov|Provisioning needs to reboot to upgrade image(s)
000000.285|so   |*|01|---------- Initial log entry ----------
000000.285|so   |*|01|+++ Note that Updater log times are in GMT +++
000000.285|boot |*|01|Initial log entry. Current logging level 3
000000.285|copy |*|01|Initial log entry. Current logging level 3
000000.285|utilm|*|01|Initial log entry. Current logging level 4
000000.285|hw   |*|01|Initial log entry. Current logging level 4
000000.285|ethf |*|01|Initial log entry. Current logging level 4
000000.285|dns  |*|01|Initial log entry. Current logging level 3
000000.285|curl |*|01|Initial log entry. Current logging level 3
000000.285|sec  |*|01|Initial log entry. Current logging level 4
000000.445|wdog |*|01|Initial log entry. Current logging level 4
000000.445|lldp |*|01|Initial log entry. Current logging level 3
000000.445|cdp  |*|01|Initial log entry. Current logging level 3
000000.445|key  |*|01|Initial log entry. Current logging level 4
000000.445|so   |3|01|Platform: Model=SoundStation IP 5000, Assembly=3111-30900-001 Rev=G Region=0
000000.445|so   |3|01|Platform: Board=3111-30900-001 1 0
000000.445|so   |3|01|Platform: MAC=0004f2f33c5e
000000.445|so   |3|01|Platform: BootBlock=3.0.2.0024 (30900-001) 30-Nov-10 15:06
000000.445|so   |3|01|Application, main: Label=Updater, Version=Azurite 5.0.8.0935 14-Jan-15 20:29
000000.445|so   |3|01|Application, main: P/N=3150-11069-508
000000.445|log  |*|01|Install file upload callback for 'Updater'

000000.445|app1 |*|01|Initial log entry. Current logging level 3
000000.590|cfg  |*|01|Initial log entry. Current logging level 2
000000.660|dot1x|*|01|Initial log entry. Current logging level 3
000000.660|app1 |3|01|Starting provisioning because of the start type.
000001.445|so   |3|01|Link status is Net up Speed 100 full Duplex.
000003.250|tls  |*|01|Initial log entry. Current logging level 4
000012.285|lldp |3|01|LLDP did not receive a response from a switch. Disabling LLDP.
000017.380|cdp  |3|01|CDP did not receive a response from a switch. Disabling CDP.
000026.235|dns  |*|01|DNS resolver servers are '10.6.0.2' '0.0.0.0'
000026.235|dns  |*|01|DNS resolver search domain is ''
000026.235|app1 |3|01|DNS resolver server is '10.6.0.2'
000026.235|app1 |3|01|DNS resolver search domain is ''
000026.315|dns  |3|01|DNS lookup for (A) 'p.voxter.com'(74.114.208.245) TTL=21462
000026.320|app1 |3|01|Bootline: esw(3,0)bootHost:flash e=10.6.1.234:fffffc00:a8c0:18 h=74.114.208.245 g=10.6.0.1 u=**** pw=**** f=0x40 tn=CircaIP
000026.320|app1 |3|01|DHCP returned result 0x87 from server 10.6.0.2.
000026.320|app1 |3|01|   Phone IP address is 10.6.1.234.
000026.320|app1 |3|01|   Subnet mask is 255.255.252.0.
000026.320|app1 |3|01|   Gateway address is 10.6.0.1.
000026.320|app1 |3|01|   DNS server is 10.6.0.2.
000026.335|dns  |3|01|DNS lookup for (A) 'pool.ntp.org'(23.226.142.216,132.163.4.102,97.107.128.58) TTL=115
0312182848|app1 |3|01|Time has been set from pool.ntp.org (23.226.142.216).
0312182848|app1 |3|01|   1426184928: 2015-3-12, 18:28:48, DST off
0312182848|copy |3|01|'http://PlcmSpIp:****@p.voxter.com/0004f2f33c5e.cfg' from 'p.voxter.com(74.114.208.245)'
0312182848|copy |3|01|Download of '0004f2f33c5e.cfg' succeeded on attempt 1 (addr 1 of 1)
0312182848|cfg  |*|01|Prov|Starting to update 3111-30900-001.sip.ld
0312182848|copy |3|01|'http://PlcmSpIp:****@p.voxter.com/3111-30900-001.sip.ld' from 'p.voxter.com(74.114.208.245)'
0312182849|cfg  |3|01|New load header information:
0312182849|cfg  |3|01|Code length:         0x004B3678
0312182849|cfg  |3|01|Code Checksum:       0x0712E909
0312182849|cfg  |3|01|Options:             0x00000080
0312182849|cfg  |3|01|Recognized container image
0312182849|cfg  |3|01|New load header information:
0312182849|cfg  |3|01|Code length:         0x003CFAB5
0312182849|cfg  |3|01|Code Checksum:       0x1E5A457E
0312182849|cfg  |3|01|Options:             0x00000102
0312182849|cfg  |3|01|Could not open application file for checking
0312182849|cfg  |3|01|Application in container image 1 is different
0312182849|cfg  |3|01|New load header information:
0312182849|cfg  |3|01|Code length:         0x000E32D0
0312182849|cfg  |3|01|Code Checksum:       0x071247D1
0312182849|cfg  |3|01|Options:             0x00000110
0312182849|cfg  |3|01|Updater is already present
0312182849|cfg  |3|01|Updater in container image 2 is not different
0312182849|cfg  |3|01|Using application
0312182849|cfg  |*|01|Prov|Updating the Application
0312182849|cfg  |3|01|Using compatible image 0
0312182921|copy |3|01|buffered_write: transfer terminated
0312182921|copy |3|01|Download of '3111-30900-001.sip.ld' succeeded on attempt 1 (addr 1 of 1)
0312182921|sig  |*|01|Initial log entry. Current logging level 3
0312182921|sig  |3|01|hwSigParseRemove: found key Sig_3.
0312182922|cfg  |3|01|Good image signature
0312182922|cfg  |3|01|Programming 3996909 bytes into tffs in 4K blocks
0312183040|cfg  |*|01|Prov|Succeeded updating file 3111-30900-001.sip.ld
0312183041|cfg  |*|01|Prov|Image has been changed
0312183041|cfg  |3|01|Prov|Provisioning succeeded
0312183041|app1 |3|01|Application, load: Type=SIP, Version=4.0.8.1608 07-Feb-15 11:08
0312183041|boot |*|01|Using TFFS for flash load
0312183041|boot |*|01|Code length:         0x003CFAB5
0312183041|boot |*|01|Code checksum:       0x1E5A457E
0312183041|cfg  |*|01|Prov|Finished updating configuration
0312183052|app1 |4|01|Loaded application sip.ld from local system successfully.
0312183052|app1 |6|01|Uploading boot log, time is THU MAR 12 18:30:52 2015

0312183052|copy |3|01|'http://PlcmSpIp:****@p.voxter.com/logs/0004f2f33c5e-boot.log' to 'p.voxter.com(74.114.208.245)'
0312183053|copy |3|01|Upload of 'logs/0004f2f33c5e-boot.log' succeeded on attempt 1 (addr 1 of 1)
0312183053|cfg  |3|01|Prov|Shutting down
