000000.325|log  |*|00|Log render level set to 3
000000.325|log  |*|00|All logs set to level 3
000006.536|log  |*|03|---------- Initial log entry ----------
000006.538|so   |*|03|Platform: Model=SoundPoint IP 331, Assembly=2345-12365-001 Rev=B Region=
000006.538|so   |*|03|Platform: Interface    eth0 MAC=0004f2a672dd
000006.538|so   |*|03|Platform: BootBlock=3.0.2.0024 (12365-001) 30-Nov-10 14:56
000006.540|so   |*|03|Platform: Updater=5.0.5.2324 09-Dec-13 15:26
000006.540|so   |*|03|Application, main: Label=SIP, Version=Mink 4.0.6.0711 26-Feb-14 07:14
000006.540|so   |*|03|Application, main: P/N=3150-11530-406
000006.540|rdisk|*|03|RAM disk created, size: 4,194,304 bytes
000006.540|ocsp |*|03|O.C.S.P. Enabled = 0
000006.542|tls  |*|03|Initial log entry. Current logging level 4
000006.600|pmt  |*|03|Initial log entry. Current logging level 4
000006.602|wdog |*|03|Initial log entry. Current logging level 4
000006.604|ethf |*|03|Initial log entry. Current logging level 4
000006.604|hw   |*|03|Initial log entry. Current logging level 4
000006.604|ares |*|03|Initial log entry. Current logging level 4
000006.604|dns  |*|03|Initial log entry. Current logging level 4
000006.604|cfg  |*|03|Initial log entry. Current logging level 4
000006.606|dot1x|*|03|Initial log entry. Current logging level 4
000006.610|cfg  |5|03|RT|Error installing DHCP event hook.
000006.672|lic  |*|03|Initial log entry. Current logging level 4
000006.672|lic  |4|03|cfgCfsFlashKeyScratchLoad: key is blank
000006.714|curl |*|03|Initial log entry. Current logging level 4
000006.714|utilm|*|03|Initial log entry. Current logging level 4
000006.714|copy |*|03|Initial log entry. Current logging level 4
000006.714|rtos |*|03|Initial log entry. Current logging level 4
000021.140|cfg  |*|03|RT|cfgRtNetInterfaceUpdate: Network not initialized
000027.672|cfg  |*|03|RT|Do not do DHCP VLAN Discovery.
000027.674|cfg  |*|03|RT|   Phone IP address is 192.168.0.21.
000027.674|cfg  |*|03|RT|   Subnet mask is 255.255.255.0.
000027.674|cfg  |*|03|RT|   Gateway address is 192.168.0.1.
000027.674|cfg  |*|03|RT|   DNS server is 64.59.144.90.
000027.674|cfg  |*|03|RT|   DNS alternate server is 64.59.150.136.
000027.674|cfg  |*|03|RT|   GMT offset is 0 seconds.
000027.676|dns  |*|03|DNS resolver servers are '64.59.144.90' '64.59.150.136'
000027.676|dns  |*|03|DNS resolver search domain is ''
000027.678|cfg  |*|03|RT|Primary IP changed to 192.168.0.21 subnet mask 255.255.255.0
000028.300|cfg  |*|03|Prov|Starting to update 2345-12365-001.sip.ld
000030.168|copy |*|03|Server 'p.voxter.com' said 'overrides/0004f2a672dd-phone.cfg' is not present
000030.208|copy |*|03|Server 'p.voxter.com' said 'overrides/0004f2a672dd-web.cfg' is not present
000030.250|copy |*|03|Server 'p.voxter.com' said 'licenses/000000000000-license.cfg' is not present
000030.292|copy |*|03|Server 'p.voxter.com' said 'licenses/0004f2a672dd-license.cfg' is not present
000030.318|cfg  |*|03|Prm|0004f2a672dd_reg.cfg: Value "" for configuration parameter reg.1.server.2.port is invalid, ignoring
000030.318|cfg  |*|03|Prm|0004f2a672dd_reg.cfg: Value "" for configuration parameter reg.1.outboundProxy.port is invalid, ignoring
000030.318|cfg  |*|03|Prm|0004f2a672dd_reg.cfg: Value "" for configuration parameter reg.1.lineKeys is invalid, ignoring
000030.378|cfg  |*|03|RT|   Phone IP address is 192.168.0.21.
000030.380|cfg  |*|03|RT|   Subnet mask is 255.255.255.0.
000030.380|cfg  |*|03|RT|   Gateway address is 192.168.0.1.
000030.380|cfg  |*|03|RT|   DNS server is 64.59.144.90.
000030.380|cfg  |*|03|RT|   DNS alternate server is 64.59.150.136.
000030.380|cfg  |*|03|RT|   GMT offset is 0 seconds.
000030.384|cfg  |*|03|Prov|Setting device parameters from configuration files.
000030.430|cfg  |*|03|Prov|Finished updating configuration
000030.432|sec  |*|03|Initial log entry. Current logging level 4
000030.434|so   |*|03|Configuration files: 0004f2a672dd_reg.cfg, sip.cfg
000030.434|so   |*|03|Configuration file "0004f2a672dd_reg.cfg" SHA1 digest: B711C250BC9F964379D31FF8BDBCAD818C82BA4A
000030.434|so   |*|03|Configuration file "sip.cfg" SHA1 digest: 8DEC2C4472CFB9F35DBD67D012C558B033A0659F
000030.434|cfg  |4|03|Prm|Configuration file(s) statistics: 0 parameter values were used but were out of range. 5 were invalid and ignored.
000030.528|log  |*|03|Log render level set to 1
000030.534|log  |*|03|Log render level set to 1
000030.632|srtp |*|03|Initial log entry. Current logging level 4
000030.634|res  |*|03|Initial log entry. Current logging level 4
000030.636|httpa|*|03|Initial log entry. Current logging level 4
000030.636|lldp |*|03|Initial log entry. Current logging level 4
000030.636|cdp  |*|03|Initial log entry. Current logging level 4
000030.638|sys  |*|03|Initial log entry. Current logging level 4
000030.706|ssps |*|03|Initial log entry. Current logging level 4
000030.706|so   |*|03|soCodecConfig: Explicitly Adding codecG722 for PTT
000033.140|so   |*|03|System Info Reports:
000033.140|so   |*|03|    CPU is TNETV1057/C55x, rev 2 running at 87.500MHz with memory at 87.500MHz.
000033.140|so   |*|03|    Board is identified as PolycomSoundPointIP-SPIP_331.
000033.140|so   |*|03|    DRAM_LO: 0x94000000.  DRAM_SIZE: 32 MB
000033.140|so   |*|03|    Clocks are VBUSP: 87.500MHz, VBUS: 75.000MHz, USB: 25.000MHz, LCD: 87.500MHz, DSP: 87.500MHz.
000033.140|so   |*|03|  NOR flash detected is 9
000033.140|key  |*|03|Initial log entry. Current logging level 4
000033.146|httpd|*|03|Initial log entry. Current logging level 4
000033.146|poll |*|03|Initial log entry. Current logging level 4
000033.146|push |*|03|Initial log entry. Current logging level 4
000033.146|poll |*|03|Initial log entry. Current logging level 4
000033.146|poll |*|03|Initial log entry. Current logging level 4
000033.146|poll |*|03|Initial log entry. Current logging level 4
000033.148|poll |*|03|Initial log entry. Current logging level 4
000033.148|poll |*|03|Initial log entry. Current logging level 4
000033.148|ht   |*|03|Initial log entry. Current logging level 4
000033.148|dbuf |*|03|Initial log entry. Current logging level 4
000033.152|ssps |*|03|Application, comp. 1: Label=PolyDSP Titan Mem1 FS4, Version=6.1.1.0010 11-Jul-12 19:00
000033.152|ssps |*|03|Application, comp. 1: P/N=3150-11580-611.
000033.152|pps  |*|03|Initial log entry. Current logging level 4
000033.154|sip  |*|03|Initial log entry. Current logging level 4
000033.154|ptt  |*|03|Initial log entry. Current logging level 4
000033.446|so   |*|03|Using TCP IP Media Port, configured initial RTP port 2222
000033.480|sshc |*|03|Initial log entry. Current logging level 4
000033.486|cmp  |*|03|Initial log entry. Current logging level 4
000033.486|wmgr |*|03|Initial log entry. Current logging level 4
000033.488|so   |*|03|Network initialized. Starting network tasks.
000033.488|log  |*|03|Install file upload callback for 'so'

000033.504|slog |*|03|Initial log entry. Current logging level 4
000033.520|dns  |4|03|doDnsLookupForList: given NULL hostname in task tSntpGet
0210001714|app1 |*|03|Initial log entry. Current logging level 4
0210001714|app1 |4|03|Default StatusBar is disabled
0210001714|app1 |4|03|mb.main.home parameter is empty
0210001714|mb   |*|03|Initial log entry. Current logging level 4
0210001714|ldap |*|03|Initial log entry. Current logging level 4
0210001714|ldap |4|03|cDynamicData::cDynamicData:cDynamicData:Failed
0210001714|efk  |*|03|Initial log entry. Current logging level 4
0210001714|app1 |4|03|[AppUserLoginC::Init]:flushing user cache file failed
0210001714|utilm|4|03|uBLFCompressed: File /ffs0/local/local-directory_xml.zzz does not exist or is empty
0210001714|dns  |4|03|doDnsLookupForList: given NULL hostname in task tPktProSys
0210001714|sip  |4|03|NAPTR query for host 'voxteroffice.voxter.sip.voxter.com' returned no results
0210001714|app1 |5|03|Corporate directory instance does not exists.
0210001714|sip  |*|03|Fast Boot Measurement Point: Ready for Call, uptime: 34.520 sec.
