000008.821|so   |*|01|---------- Initial log entry ----------
000008.821|so   |*|01|+++ Note that Updater log times are in GMT +++
000008.821|boot |*|01|Initial log entry. Current logging level 3
000008.821|copy |*|01|Initial log entry. Current logging level 3
000008.821|utilm|*|01|Initial log entry. Current logging level 4
000008.822|hw   |*|01|Initial log entry. Current logging level 4
000008.822|ethf |*|01|Initial log entry. Current logging level 4
000008.822|dns  |*|01|Initial log entry. Current logging level 3
000008.822|curl |*|01|Initial log entry. Current logging level 3
000008.822|sec  |*|01|Initial log entry. Current logging level 4
000008.841|wdog |*|01|Initial log entry. Current logging level 4
000008.841|lldp |*|01|Initial log entry. Current logging level 3
000008.841|cdp  |*|01|Initial log entry. Current logging level 3
000008.841|key  |*|01|Initial log entry. Current logging level 4
000008.881|so   |3|01|Platform: Model=VVX 410, Assembly=3111-46162-001 Rev=A Region=0
000008.881|so   |3|01|Platform: Board=3111-46162-001 2 0
000008.881|so   |3|01|Platform: MAC=0004f28b3f07
000008.882|so   |3|01|Platform: BootBlock=3.0.4.0146 (46162-001) 10-Jan-13 20:21
000008.883|so   |*|01|Platform: BootL1=1.0.0.0041 (46162-001) 10-Jan-13 20:16
000008.883|so   |3|01|Application, main: Label=Updater, Version=Peridot 5.1.4.0844 20-Mar-13 14:16
000008.884|so   |3|01|Application, main: P/N=3150-11069-514
000008.884|so   |5|01|Platform: Both images are incorrect, will use Primary Image.
000008.884|log  |*|01|Install file upload callback for 'Updater'

000008.885|app1 |*|01|Initial log entry. Current logging level 3
000008.929|cfg  |*|01|Initial log entry. Current logging level 2
000009.834|so   |3|01|Link status is Net up Speed 1000 full Duplex, PC down.
000017.834|so   |3|01|Link status is Net up Speed 1000 full Duplex, PC up Speed 1000 full Duplex.
000008.837|so   |*|01|---------- Initial log entry ----------
000008.837|so   |*|01|+++ Note that Updater log times are in GMT +++
000008.837|boot |*|01|Initial log entry. Current logging level 3
000008.837|copy |*|01|Initial log entry. Current logging level 3
000008.837|utilm|*|01|Initial log entry. Current logging level 4
000008.837|hw   |*|01|Initial log entry. Current logging level 4
000008.837|ethf |*|01|Initial log entry. Current logging level 4
000008.838|dns  |*|01|Initial log entry. Current logging level 3
000008.838|curl |*|01|Initial log entry. Current logging level 3
000008.838|sec  |*|01|Initial log entry. Current logging level 4
000008.857|wdog |*|01|Initial log entry. Current logging level 4
000008.858|lldp |*|01|Initial log entry. Current logging level 3
000008.858|cdp  |*|01|Initial log entry. Current logging level 3
000008.858|key  |*|01|Initial log entry. Current logging level 4
000008.881|so   |3|01|Platform: Model=VVX 410, Assembly=3111-46162-001 Rev=A Region=0
000008.881|so   |3|01|Platform: Board=3111-46162-001 2 0
000008.882|so   |3|01|Platform: MAC=0004f28b3f07
000008.883|so   |3|01|Platform: BootBlock=3.0.4.0146 (46162-001) 10-Jan-13 20:21
000008.884|so   |*|01|Platform: BootL1=1.0.0.0041 (46162-001) 10-Jan-13 20:16
000008.884|so   |3|01|Application, main: Label=Updater, Version=Peridot 5.1.4.0844 20-Mar-13 14:16
000008.884|so   |3|01|Application, main: P/N=3150-11069-514
000008.884|so   |5|01|Platform: Both images are incorrect, will use Primary Image.
000008.884|log  |*|01|Install file upload callback for 'Updater'

000008.885|app1 |*|01|Initial log entry. Current logging level 3
000008.929|cfg  |*|01|Initial log entry. Current logging level 2
000009.855|so   |3|01|Link status is Net up Speed 1000 full Duplex, PC up Speed 1000 full Duplex.
000008.255|so   |*|00|---------- Initial log entry ----------
000008.255|so   |*|00|+++ Note that Updater log times are in GMT +++
000008.255|boot |*|00|Initial log entry. Current logging level 3
000008.255|copy |*|00|Initial log entry. Current logging level 3
000008.255|utilm|*|00|Initial log entry. Current logging level 4
000008.255|hw   |*|00|Initial log entry. Current logging level 4
000008.255|ethf |*|00|Initial log entry. Current logging level 4
000008.255|dns  |*|00|Initial log entry. Current logging level 3
000008.255|curl |*|00|Initial log entry. Current logging level 3
000008.256|sec  |*|00|Initial log entry. Current logging level 4
000008.274|wdog |*|00|Initial log entry. Current logging level 4
000008.275|lldp |*|00|Initial log entry. Current logging level 3
000008.275|cdp  |*|00|Initial log entry. Current logging level 3
000008.275|key  |*|00|Initial log entry. Current logging level 4
000008.311|so   |3|00|Platform: Model=VVX 410, Assembly=3111-46162-001 Rev=A Region=0
000008.311|so   |3|00|Platform: Board=3111-46162-001 2 0
000008.312|so   |3|00|Platform: MAC=0004f28b3f07
000008.313|so   |3|00|Platform: BootBlock=3.0.4.0146 (46162-001) 10-Jan-13 20:21
000008.314|so   |*|00|Platform: BootL1=1.0.0.0041 (46162-001) 10-Jan-13 20:16
000008.314|so   |3|00|Application, main: Label=Updater, Version=Peridot 5.1.4.0844 20-Mar-13 14:16
000008.314|so   |3|00|Application, main: P/N=3150-11069-514
000008.314|so   |5|00|Platform: Both images are incorrect, will use Primary Image.
000008.314|log  |*|00|Install file upload callback for 'Updater'

000008.315|app1 |*|00|Initial log entry. Current logging level 3
000008.358|cfg  |*|00|Initial log entry. Current logging level 2
000009.264|so   |3|00|Link status is Net up Speed 1000 full Duplex, PC up Speed 1000 full Duplex.
000008.154|so   |*|00|---------- Initial log entry ----------
000008.154|so   |*|00|+++ Note that Updater log times are in GMT +++
000008.154|boot |*|00|Initial log entry. Current logging level 3
000008.154|copy |*|00|Initial log entry. Current logging level 3
000008.154|utilm|*|00|Initial log entry. Current logging level 4
000008.154|hw   |*|00|Initial log entry. Current logging level 4
000008.154|ethf |*|00|Initial log entry. Current logging level 4
000008.154|dns  |*|00|Initial log entry. Current logging level 3
000008.154|curl |*|00|Initial log entry. Current logging level 3
000008.155|sec  |*|00|Initial log entry. Current logging level 4
000008.174|wdog |*|00|Initial log entry. Current logging level 4
000008.174|lldp |*|00|Initial log entry. Current logging level 3
000008.174|cdp  |*|00|Initial log entry. Current logging level 3
000008.174|key  |*|00|Initial log entry. Current logging level 4
000008.211|so   |3|00|Platform: Model=VVX 410, Assembly=3111-46162-001 Rev=A Region=0
000008.211|so   |3|00|Platform: Board=3111-46162-001 2 0
000008.212|so   |3|00|Platform: MAC=0004f28b3f07
000008.213|so   |3|00|Platform: BootBlock=3.0.4.0146 (46162-001) 10-Jan-13 20:21
000008.214|so   |*|00|Platform: BootL1=1.0.0.0041 (46162-001) 10-Jan-13 20:16
000008.214|so   |3|00|Application, main: Label=Updater, Version=Peridot 5.1.4.0844 20-Mar-13 14:16
000008.214|so   |3|00|Application, main: P/N=3150-11069-514
000008.214|so   |5|00|Platform: Both images are incorrect, will use Primary Image.
000008.214|log  |*|00|Install file upload callback for 'Updater'

000008.216|app1 |*|00|Initial log entry. Current logging level 3
000008.261|cfg  |*|00|Initial log entry. Current logging level 2
000009.171|so   |3|00|Link status is Net up Speed 1000 full Duplex, PC up Speed 100 full Duplex.
000008.143|so   |*|00|---------- Initial log entry ----------
000008.143|so   |*|00|+++ Note that Updater log times are in GMT +++
000008.143|boot |*|00|Initial log entry. Current logging level 3
000008.143|copy |*|00|Initial log entry. Current logging level 3
000008.143|utilm|*|00|Initial log entry. Current logging level 4
000008.143|hw   |*|00|Initial log entry. Current logging level 4
000008.144|ethf |*|00|Initial log entry. Current logging level 4
000008.144|dns  |*|00|Initial log entry. Current logging level 3
000008.144|curl |*|00|Initial log entry. Current logging level 3
000008.144|sec  |*|00|Initial log entry. Current logging level 4
000008.162|wdog |*|00|Initial log entry. Current logging level 4
000008.163|lldp |*|00|Initial log entry. Current logging level 3
000008.163|cdp  |*|00|Initial log entry. Current logging level 3
000008.163|key  |*|00|Initial log entry. Current logging level 4
000008.201|so   |3|00|Platform: Model=VVX 410, Assembly=3111-46162-001 Rev=A Region=0
000008.202|so   |3|00|Platform: Board=3111-46162-001 2 0
000008.202|so   |3|00|Platform: MAC=0004f28b3f07
000008.203|so   |3|00|Platform: BootBlock=3.0.4.0146 (46162-001) 10-Jan-13 20:21
000008.204|so   |*|00|Platform: BootL1=1.0.0.0041 (46162-001) 10-Jan-13 20:16
000008.204|so   |3|00|Application, main: Label=Updater, Version=Peridot 5.1.4.0844 20-Mar-13 14:16
000008.204|so   |3|00|Application, main: P/N=3150-11069-514
000008.204|so   |5|00|Platform: Both images are incorrect, will use Primary Image.
000008.204|log  |*|00|Install file upload callback for 'Updater'

000008.205|app1 |*|00|Initial log entry. Current logging level 3
000008.248|cfg  |*|00|Initial log entry. Current logging level 2
000009.153|so   |3|00|Link status is Net up Speed 1000 full Duplex, PC up Speed 1000 full Duplex.
000008.134|so   |*|00|---------- Initial log entry ----------
000008.135|so   |*|00|+++ Note that Updater log times are in GMT +++
000008.135|boot |*|00|Initial log entry. Current logging level 3
000008.135|copy |*|00|Initial log entry. Current logging level 3
000008.135|utilm|*|00|Initial log entry. Current logging level 4
000008.135|hw   |*|00|Initial log entry. Current logging level 4
000008.135|ethf |*|00|Initial log entry. Current logging level 4
000008.135|dns  |*|00|Initial log entry. Current logging level 3
000008.136|curl |*|00|Initial log entry. Current logging level 3
000008.136|sec  |*|00|Initial log entry. Current logging level 4
000008.154|wdog |*|00|Initial log entry. Current logging level 4
000008.154|lldp |*|00|Initial log entry. Current logging level 3
000008.154|cdp  |*|00|Initial log entry. Current logging level 3
000008.154|key  |*|00|Initial log entry. Current logging level 4
000008.191|so   |3|00|Platform: Model=VVX 410, Assembly=3111-46162-001 Rev=A Region=0
000008.191|so   |3|00|Platform: Board=3111-46162-001 2 0
000008.192|so   |3|00|Platform: MAC=0004f28b3f07
000008.193|so   |3|00|Platform: BootBlock=3.0.4.0146 (46162-001) 10-Jan-13 20:21
000008.194|so   |*|00|Platform: BootL1=1.0.0.0041 (46162-001) 10-Jan-13 20:16
000008.194|so   |3|00|Application, main: Label=Updater, Version=Peridot 5.1.4.0844 20-Mar-13 14:16
000008.194|so   |3|00|Application, main: P/N=3150-11069-514
000008.194|so   |5|00|Platform: Both images are incorrect, will use Primary Image.
000008.194|log  |*|00|Install file upload callback for 'Updater'

000008.195|app1 |*|00|Initial log entry. Current logging level 3
000008.238|cfg  |*|00|Initial log entry. Current logging level 2
000009.153|so   |3|00|Link status is Net up Speed 1000 full Duplex, PC up Speed 1000 full Duplex.
000008.133|so   |*|00|---------- Initial log entry ----------
000008.133|so   |*|00|+++ Note that Updater log times are in GMT +++
000008.133|boot |*|00|Initial log entry. Current logging level 3
000008.133|copy |*|00|Initial log entry. Current logging level 3
000008.134|utilm|*|00|Initial log entry. Current logging level 4
000008.134|hw   |*|00|Initial log entry. Current logging level 4
000008.134|ethf |*|00|Initial log entry. Current logging level 4
000008.134|dns  |*|00|Initial log entry. Current logging level 3
000008.134|curl |*|00|Initial log entry. Current logging level 3
000008.134|sec  |*|00|Initial log entry. Current logging level 4
000008.152|wdog |*|00|Initial log entry. Current logging level 4
000008.153|lldp |*|00|Initial log entry. Current logging level 3
000008.153|cdp  |*|00|Initial log entry. Current logging level 3
000008.153|key  |*|00|Initial log entry. Current logging level 4
000008.191|so   |3|00|Platform: Model=VVX 410, Assembly=3111-46162-001 Rev=A Region=0
000008.192|so   |3|00|Platform: Board=3111-46162-001 2 0
000008.192|so   |3|00|Platform: MAC=0004f28b3f07
000008.193|so   |3|00|Platform: BootBlock=3.0.4.0146 (46162-001) 10-Jan-13 20:21
000008.194|so   |*|00|Platform: BootL1=1.0.0.0041 (46162-001) 10-Jan-13 20:16
000008.194|so   |3|00|Application, main: Label=Updater, Version=Peridot 5.1.4.0844 20-Mar-13 14:16
000008.194|so   |3|00|Application, main: P/N=3150-11069-514
000008.194|so   |5|00|Platform: Both images are incorrect, will use Primary Image.
000008.194|log  |*|00|Install file upload callback for 'Updater'

000008.195|app1 |*|00|Initial log entry. Current logging level 3
000008.238|cfg  |*|00|Initial log entry. Current logging level 2
000009.152|so   |3|00|Link status is Net up Speed 1000 full Duplex, PC up Speed 1000 full Duplex.
000008.146|so   |*|00|---------- Initial log entry ----------
000008.146|so   |*|00|+++ Note that Updater log times are in GMT +++
000008.146|boot |*|00|Initial log entry. Current logging level 3
000008.146|copy |*|00|Initial log entry. Current logging level 3
000008.147|utilm|*|00|Initial log entry. Current logging level 4
000008.147|hw   |*|00|Initial log entry. Current logging level 4
000008.147|ethf |*|00|Initial log entry. Current logging level 4
000008.147|dns  |*|00|Initial log entry. Current logging level 3
000008.147|curl |*|00|Initial log entry. Current logging level 3
000008.147|sec  |*|00|Initial log entry. Current logging level 4
000008.165|wdog |*|00|Initial log entry. Current logging level 4
000008.166|lldp |*|00|Initial log entry. Current logging level 3
000008.166|cdp  |*|00|Initial log entry. Current logging level 3
000008.166|key  |*|00|Initial log entry. Current logging level 4
000008.201|so   |3|00|Platform: Model=VVX 410, Assembly=3111-46162-001 Rev=A Region=0
000008.202|so   |3|00|Platform: Board=3111-46162-001 2 0
000008.202|so   |3|00|Platform: MAC=0004f28b3f07
000008.203|so   |3|00|Platform: BootBlock=3.0.4.0146 (46162-001) 10-Jan-13 20:21
000008.204|so   |*|00|Platform: BootL1=1.0.0.0041 (46162-001) 10-Jan-13 20:16
000008.204|so   |3|00|Application, main: Label=Updater, Version=Peridot 5.1.4.0844 20-Mar-13 14:16
000008.204|so   |3|00|Application, main: P/N=3150-11069-514
000008.204|so   |5|00|Platform: Both images are incorrect, will use Primary Image.
000008.204|log  |*|00|Install file upload callback for 'Updater'

000008.205|app1 |*|00|Initial log entry. Current logging level 3
000008.248|cfg  |*|00|Initial log entry. Current logging level 2
000009.162|so   |3|00|Link status is Net up Speed 1000 full Duplex, PC down.
000008.149|so   |*|00|---------- Initial log entry ----------
000008.149|so   |*|00|+++ Note that Updater log times are in GMT +++
000008.149|boot |*|00|Initial log entry. Current logging level 3
000008.150|copy |*|00|Initial log entry. Current logging level 3
000008.150|utilm|*|00|Initial log entry. Current logging level 4
000008.150|hw   |*|00|Initial log entry. Current logging level 4
000008.150|ethf |*|00|Initial log entry. Current logging level 4
000008.150|dns  |*|00|Initial log entry. Current logging level 3
000008.150|curl |*|00|Initial log entry. Current logging level 3
000008.150|sec  |*|00|Initial log entry. Current logging level 4
000008.168|wdog |*|00|Initial log entry. Current logging level 4
000008.169|lldp |*|00|Initial log entry. Current logging level 3
000008.169|cdp  |*|00|Initial log entry. Current logging level 3
000008.169|key  |*|00|Initial log entry. Current logging level 4
000008.191|so   |3|00|Platform: Model=VVX 410, Assembly=3111-46162-001 Rev=A Region=0
000008.191|so   |3|00|Platform: Board=3111-46162-001 2 0
000008.192|so   |3|00|Platform: MAC=0004f28b3f07
000008.193|so   |3|00|Platform: BootBlock=3.0.4.0146 (46162-001) 10-Jan-13 20:21
000008.194|so   |*|00|Platform: BootL1=1.0.0.0041 (46162-001) 10-Jan-13 20:16
000008.194|so   |3|00|Application, main: Label=Updater, Version=Peridot 5.1.4.0844 20-Mar-13 14:16
000008.194|so   |3|00|Application, main: P/N=3150-11069-514
000008.194|so   |5|00|Platform: Both images are incorrect, will use Primary Image.
000008.194|log  |*|00|Install file upload callback for 'Updater'

000008.195|app1 |*|00|Initial log entry. Current logging level 3
000008.238|cfg  |*|00|Initial log entry. Current logging level 2
000009.158|so   |3|00|Link status is Net up Speed 1000 full Duplex, PC down.
000008.165|so   |*|00|---------- Initial log entry ----------
000008.165|so   |*|00|+++ Note that Updater log times are in GMT +++
000008.165|boot |*|00|Initial log entry. Current logging level 3
000008.166|copy |*|00|Initial log entry. Current logging level 3
000008.166|utilm|*|00|Initial log entry. Current logging level 4
000008.166|hw   |*|00|Initial log entry. Current logging level 4
000008.166|ethf |*|00|Initial log entry. Current logging level 4
000008.166|dns  |*|00|Initial log entry. Current logging level 3
000008.166|curl |*|00|Initial log entry. Current logging level 3
000008.166|sec  |*|00|Initial log entry. Current logging level 4
000008.185|wdog |*|00|Initial log entry. Current logging level 4
000008.185|lldp |*|00|Initial log entry. Current logging level 3
000008.185|cdp  |*|00|Initial log entry. Current logging level 3
000008.185|key  |*|00|Initial log entry. Current logging level 4
000008.211|so   |3|00|Platform: Model=VVX 410, Assembly=3111-46162-001 Rev=A Region=0
000008.211|so   |3|00|Platform: Board=3111-46162-001 2 0
000008.212|so   |3|00|Platform: MAC=0004f28b3f07
000008.213|so   |3|00|Platform: BootBlock=3.0.4.0146 (46162-001) 10-Jan-13 20:21
000008.214|so   |*|00|Platform: BootL1=1.0.0.0041 (46162-001) 10-Jan-13 20:16
000008.214|so   |3|00|Application, main: Label=Updater, Version=Peridot 5.1.4.0844 20-Mar-13 14:16
000008.214|so   |3|00|Application, main: P/N=3150-11069-514
000008.214|so   |5|00|Platform: Both images are incorrect, will use Primary Image.
000008.214|log  |*|00|Install file upload callback for 'Updater'

000008.215|app1 |*|00|Initial log entry. Current logging level 3
000008.258|cfg  |*|00|Initial log entry. Current logging level 2
000009.175|so   |3|00|Link status is Net up Speed 1000 full Duplex, PC down.
000008.210|so   |*|00|---------- Initial log entry ----------
000008.210|so   |*|00|+++ Note that Updater log times are in GMT +++
000008.210|boot |*|00|Initial log entry. Current logging level 3
000008.210|copy |*|00|Initial log entry. Current logging level 3
000008.210|utilm|*|00|Initial log entry. Current logging level 4
000008.210|hw   |*|00|Initial log entry. Current logging level 4
000008.210|ethf |*|00|Initial log entry. Current logging level 4
000008.210|dns  |*|00|Initial log entry. Current logging level 3
000008.211|curl |*|00|Initial log entry. Current logging level 3
000008.211|sec  |*|00|Initial log entry. Current logging level 4
000008.229|wdog |*|00|Initial log entry. Current logging level 4
000008.229|lldp |*|00|Initial log entry. Current logging level 3
000008.229|cdp  |*|00|Initial log entry. Current logging level 3
000008.229|key  |*|00|Initial log entry. Current logging level 4
000008.271|so   |3|00|Platform: Model=VVX 410, Assembly=3111-46162-001 Rev=A Region=0
000008.271|so   |3|00|Platform: Board=3111-46162-001 2 0
000008.272|so   |3|00|Platform: MAC=0004f28b3f07
000008.273|so   |3|00|Platform: BootBlock=3.0.4.0146 (46162-001) 10-Jan-13 20:21
000008.274|so   |*|00|Platform: BootL1=1.0.0.0041 (46162-001) 10-Jan-13 20:16
000008.274|so   |3|00|Application, main: Label=Updater, Version=Peridot 5.1.4.0844 20-Mar-13 14:16
000008.274|so   |3|00|Application, main: P/N=3150-11069-514
000008.274|so   |5|00|Platform: Both images are incorrect, will use Primary Image.
000008.274|log  |*|00|Install file upload callback for 'Updater'

000008.275|app1 |*|00|Initial log entry. Current logging level 3
000008.318|cfg  |*|00|Initial log entry. Current logging level 2
000009.219|so   |3|00|Link status is Net up Speed 1000 full Duplex, PC down.
000008.189|so   |*|00|---------- Initial log entry ----------
000008.189|so   |*|00|+++ Note that Updater log times are in GMT +++
000008.189|boot |*|00|Initial log entry. Current logging level 3
000008.189|copy |*|00|Initial log entry. Current logging level 3
000008.189|utilm|*|00|Initial log entry. Current logging level 4
000008.189|hw   |*|00|Initial log entry. Current logging level 4
000008.189|ethf |*|00|Initial log entry. Current logging level 4
000008.189|dns  |*|00|Initial log entry. Current logging level 3
000008.190|curl |*|00|Initial log entry. Current logging level 3
000008.190|sec  |*|00|Initial log entry. Current logging level 4
000008.208|wdog |*|00|Initial log entry. Current logging level 4
000008.209|lldp |*|00|Initial log entry. Current logging level 3
000008.209|cdp  |*|00|Initial log entry. Current logging level 3
000008.209|key  |*|00|Initial log entry. Current logging level 4
000008.241|so   |3|00|Platform: Model=VVX 410, Assembly=3111-46162-001 Rev=A Region=0
000008.241|so   |3|00|Platform: Board=3111-46162-001 2 0
000008.242|so   |3|00|Platform: MAC=0004f28b3f07
000008.243|so   |3|00|Platform: BootBlock=3.0.4.0146 (46162-001) 10-Jan-13 20:21
000008.244|so   |*|00|Platform: BootL1=1.0.0.0041 (46162-001) 10-Jan-13 20:16
000008.244|so   |3|00|Application, main: Label=Updater, Version=Peridot 5.1.4.0844 20-Mar-13 14:16
000008.244|so   |3|00|Application, main: P/N=3150-11069-514
000008.244|so   |5|00|Platform: Both images are incorrect, will use Primary Image.
000008.244|log  |*|00|Install file upload callback for 'Updater'

000008.245|app1 |*|00|Initial log entry. Current logging level 3
000008.289|cfg  |*|00|Initial log entry. Current logging level 2
000009.206|so   |3|00|Link status is Net up Speed 1000 full Duplex, PC down.
