0421093823|clist|4|00|dbSet::mem2srv:transfer failed
0421101137|ares |4|00|aresDnsLookup: select time-out 1 on SRV lookup for '_ntp._udp.pool.ntp.org' after 0 sec
0421104106|so   |4|00|IsDivertFeaturesEnabled - EXIT
0421104106|so   |4|00|IsDivertFeaturesEnabled - EXIT
0421104125|app1 |4|00|DBS event contains a handle (0xf19e38) that's invalid
0421104125|app1 |4|00|DBS event contains a handle (0xf18338) that's invalid
0421104125|app1 |4|00|DBS event contains a handle (0xf19e38) that's invalid
0421104125|app1 |4|00|DBS event contains a handle (0xf18338) that's invalid
0421104222|clist|4|00|dbIO::processResult:copy error
0421104222|clist|4|00|dbSet::mem2srv:transfer failed
0421111042|sip  |4|00|NAPTR query for host 'lakeexcavating.voxter.sip.voxter.com' returned no results
0421121259|so   |4|00|IsDivertFeaturesEnabled - EXIT
0421121259|so   |4|00|IsDivertFeaturesEnabled - EXIT
0421121319|app1 |4|00|DBS event contains a handle (0xf19e38) that's invalid
0421121319|app1 |4|00|DBS event contains a handle (0xf18338) that's invalid
0421121319|app1 |4|00|DBS event contains a handle (0xf19e38) that's invalid
0421121319|app1 |4|00|DBS event contains a handle (0xf18338) that's invalid
0421121322|clist|4|00|dbIO::processResult:copy error
0421121322|clist|4|00|dbSet::mem2srv:transfer failed
0421123243|so   |4|00|IsDivertFeaturesEnabled - EXIT
0421123243|so   |4|00|IsDivertFeaturesEnabled - EXIT
0421123247|app1 |4|00|DBS event contains a handle (0xf19e38) that's invalid
0421123247|app1 |4|00|DBS event contains a handle (0xf18338) that's invalid
0421123247|app1 |4|00|DBS event contains a handle (0xf19e38) that's invalid
0421123247|app1 |4|00|DBS event contains a handle (0xf18338) that's invalid
0421123322|clist|4|00|dbIO::processResult:copy error
0421123322|clist|4|00|dbSet::mem2srv:transfer failed
0421123618|app1 |4|00|DBS event contains a handle (0xf19e38) that's invalid
0421123618|app1 |4|00|DBS event contains a handle (0xf18338) that's invalid
0421123618|app1 |4|00|DBS event contains a handle (0xf19e38) that's invalid
0421123618|app1 |4|00|DBS event contains a handle (0xf18338) that's invalid
0421123622|clist|4|00|dbIO::processResult:copy error
0421123622|clist|4|00|dbSet::mem2srv:transfer failed
0421124209|app1 |4|00|DBS event contains a handle (0xf19e38) that's invalid
0421124209|app1 |4|00|DBS event contains a handle (0xf18338) that's invalid
0421124209|app1 |4|00|DBS event contains a handle (0xf19e38) that's invalid
0421124209|app1 |4|00|DBS event contains a handle (0xf18338) that's invalid
0421124222|clist|4|00|dbIO::processResult:copy error
0421124222|clist|4|00|dbSet::mem2srv:transfer failed
0421124357|app1 |4|00|DBS event contains a handle (0xf19e38) that's invalid
0421124357|app1 |4|00|DBS event contains a handle (0xf18338) that's invalid
0421124357|app1 |4|00|DBS event contains a handle (0xf19e38) that's invalid
0421124357|app1 |4|00|DBS event contains a handle (0xf18338) that's invalid
0421124422|clist|4|00|dbIO::processResult:copy error
0421124422|clist|4|00|dbSet::mem2srv:transfer failed
0421124558|app1 |4|00|DBS event contains a handle (0xf19e38) that's invalid
0421124558|app1 |4|00|DBS event contains a handle (0xf18338) that's invalid
0421124558|app1 |4|00|DBS event contains a handle (0xf19e38) that's invalid
0421124558|app1 |4|00|DBS event contains a handle (0xf18338) that's invalid
0421124622|clist|4|00|dbIO::processResult:copy error
0421124622|clist|4|00|dbSet::mem2srv:transfer failed
0421125134|app1 |4|00|DBS event contains a handle (0xf19e38) that's invalid
0421125134|app1 |4|00|DBS event contains a handle (0xf18338) that's invalid
0421125134|app1 |4|00|DBS event contains a handle (0xf19e38) that's invalid
0421125134|app1 |4|00|DBS event contains a handle (0xf18338) that's invalid
0421125222|clist|4|00|dbIO::processResult:copy error
0421125222|clist|4|00|dbSet::mem2srv:transfer failed
0421134645|so   |4|00|IsDivertFeaturesEnabled - EXIT
0421134645|so   |4|00|IsDivertFeaturesEnabled - EXIT
0421134726|app1 |4|00|DBS event contains a handle (0xf19e38) that's invalid
0421134726|app1 |4|00|DBS event contains a handle (0xf18338) that's invalid
0421134727|app1 |4|00|DBS event contains a handle (0xf19e38) that's invalid
0421134727|app1 |4|00|DBS event contains a handle (0xf18338) that's invalid
0421134822|clist|4|00|dbIO::processResult:copy error
0421134822|clist|4|00|dbSet::mem2srv:transfer failed
0421141404|so   |4|00|IsDivertFeaturesEnabled - EXIT
0421141404|so   |4|00|IsDivertFeaturesEnabled - EXIT
0421141655|app1 |4|00|DBS event contains a handle (0xf19e38) that's invalid
0421141655|app1 |4|00|DBS event contains a handle (0xf18338) that's invalid
0421141655|app1 |4|00|DBS event contains a handle (0xf19e38) that's invalid
0421141655|app1 |4|00|DBS event contains a handle (0xf18338) that's invalid
0421141722|clist|4|00|dbIO::processResult:copy error
0421141722|clist|4|00|dbSet::mem2srv:transfer failed
0421145239|so   |4|00|IsDivertFeaturesEnabled - EXIT
0421145239|so   |4|00|IsDivertFeaturesEnabled - EXIT
0421145314|app1 |4|00|DBS event contains a handle (0xf19e38) that's invalid
0421145314|app1 |4|00|DBS event contains a handle (0xf18338) that's invalid
0421145314|app1 |4|00|DBS event contains a handle (0xf19e38) that's invalid
0421145314|app1 |4|00|DBS event contains a handle (0xf18338) that's invalid
0421145325|clist|4|00|dbIO::processResult:copy error
0421145325|clist|4|00|dbSet::mem2srv:transfer failed
0421145338|so   |4|00|IsDivertFeaturesEnabled - EXIT
0421145338|so   |4|00|IsDivertFeaturesEnabled - EXIT
0421145407|app1 |4|00|DBS event contains a handle (0xf19e38) that's invalid
0421145407|app1 |4|00|DBS event contains a handle (0xf18338) that's invalid
0421145407|app1 |4|00|DBS event contains a handle (0xf19e38) that's invalid
0421145407|app1 |4|00|DBS event contains a handle (0xf18338) that's invalid
0421145422|clist|4|00|dbIO::processResult:copy error
0421145422|clist|4|00|dbSet::mem2srv:transfer failed
0421150710|so   |4|00|IsDivertFeaturesEnabled - EXIT
0421150710|so   |4|00|IsDivertFeaturesEnabled - EXIT
0421150729|so   |4|00|IsDivertFeaturesEnabled - EXIT
0421150729|so   |4|00|IsDivertFeaturesEnabled - EXIT
0421150733|app1 |4|00|DBS event contains a handle (0xf19e38) that's invalid
0421150733|app1 |4|00|DBS event contains a handle (0xf18338) that's invalid
0421150733|app1 |4|00|DBS event contains a handle (0xf19e38) that's invalid
0421150733|app1 |4|00|DBS event contains a handle (0xf18338) that's invalid
0421150751|app1 |4|00|DBS event contains a handle (0xf19e38) that's invalid
0421150751|app1 |4|00|DBS event contains a handle (0xf18338) that's invalid
0421150751|app1 |4|00|DBS event contains a handle (0xf19e38) that's invalid
0421150751|app1 |4|00|DBS event contains a handle (0xf18338) that's invalid
0421150822|clist|4|00|dbIO::processResult:copy error
0421150822|clist|4|00|dbSet::mem2srv:transfer failed
0421150948|app1 |4|00|DBS event contains a handle (0xf19e38) that's invalid
0421150948|app1 |4|00|DBS event contains a handle (0xf18338) that's invalid
0421150948|app1 |4|00|DBS event contains a handle (0xf19e38) that's invalid
0421150948|app1 |4|00|DBS event contains a handle (0xf18338) that's invalid
0421151022|clist|4|00|dbIO::processResult:copy error
0421151022|clist|4|00|dbSet::mem2srv:transfer failed
0421152542|app1 |4|00|DBS event contains a handle (0xf19e38) that's invalid
0421152542|app1 |4|00|DBS event contains a handle (0xf18338) that's invalid
0421152542|app1 |4|00|DBS event contains a handle (0xf19e38) that's invalid
0421152542|app1 |4|00|DBS event contains a handle (0xf18338) that's invalid
0421152622|clist|4|00|dbIO::processResult:copy error
0421152622|clist|4|00|dbSet::mem2srv:transfer failed
0421163930|so   |4|00|IsDivertFeaturesEnabled - EXIT
0421163930|so   |4|00|IsDivertFeaturesEnabled - EXIT
0421163933|so   |4|00|IsDivertFeaturesEnabled - EXIT
0421163933|so   |4|00|IsDivertFeaturesEnabled - EXIT
0421163937|app1 |4|00|DBS event contains a handle (0xf19e38) that's invalid
