000000.270|so   |*|00|---------- Initial log entry ----------
000000.270|so   |*|00|+++ Note that bootrom log times are in GMT +++
000000.270|copy |*|00|Initial log entry. Current logging level 3
000000.270|utilm|*|00|Initial log entry. Current logging level 4
000000.270|hw   |*|00|Initial log entry. Current logging level 4
000000.270|ethf |*|00|Initial log entry. Current logging level 4
000000.270|dns  |*|00|Initial log entry. Current logging level 3
000000.270|curl |*|00|Initial log entry. Current logging level 3
000000.270|sec  |*|00|Initial log entry. Current logging level 4
000000.435|wdog |*|00|Initial log entry. Current logging level 4
000000.435|lldp |*|00|Initial log entry. Current logging level 3
000000.435|lldp |3|00|LLDP is DISABLED.
000000.435|cdp  |*|00|Initial log entry. Current logging level 3
000000.435|cdp  |3|00|CDP is DISABLED.
000000.435|key  |*|00|Initial log entry. Current logging level 4
000000.435|so   |3|00|Platform: Model=SoundPoint IP 550, Assembly=2345-12500-001 Rev=A Region=
000000.435|so   |3|00|Platform: Board=2345-12500-001 1 0
000000.435|so   |3|00|Platform: MAC=0004f2169b26, IP=Resolving, Subnet Mask=Resolving
000000.435|so   |3|00|Platform: BootBlock=3.0.2.0024 (12500-001) 30-Nov-10 15:00
000000.435|so   |3|00|Application, main: Label=BOOT, Version=Muscovite 4.4.0.0080 26-Jul-11 13:21
000000.435|so   |3|00|Application, main: P/N=3150-11069-440
000000.435|app1 |*|00|Initial log entry. Current logging level 3
000000.445|cfg  |*|00|Initial log entry. Current logging level 2
000000.450|cfg  |3|00|Current BootBlock revision is '3.0.2 (12500-001).0024'
000000.450|cfg  |*|00|Prov|Updating BootBlock
000000.450|cfg  |3|00|Checking pre-compiled image 2345-12500-001.bootblock.ld
000000.450|cfg  |3|00|New load header information:
000000.450|cfg  |3|00|Code length:         0x0000B6A9
000000.450|cfg  |3|00|Header check Sum:    0x002A5D32
000000.450|cfg  |3|00|Code check Sum:      0x0029A465
000000.450|cfg  |3|00|Options:             0x00000020
000000.450|cfg  |3|00|Recognized compatible bootBlock
000000.460|cfg  |3|00|BootBlock is already present
000000.460|cfg  |3|00|Image is already up to date
000000.460|app1 |*|00|BootBlock is already up to date.
000001.430|so   |3|00|Link status is Net up Speed 100 full Duplex, PC down.
000012.250|lldp |3|00|LLDP did not receive a response from a switch. Disabling LLDP.
000017.450|cdp  |3|00|CDP did not receive a response from a switch. Disabling CDP.
000021.355|app1 |3|00|DNS resolver server is '192.168.0.254'
000021.355|app1 |3|00|DNS resolver search domain is 'router.com'
000021.360|app1 |3|00|Bootline: esw(3,0)bootHost:flash e=192.168.0.185:ffffff00:15180:13 h=74.114.208.245 g=192.168.0.254 u=**** pw=**** f=0x40 tn=Cir
000021.360|app1 |3|00|Bootline: caIP
000021.360|app1 |3|00|DHCP returned result 0x287 from server 192.168.0.254.
000021.360|app1 |3|00|   Phone IP address is 192.168.0.185.
000021.360|app1 |3|00|   Subnet mask is 255.255.255.0.
000021.360|app1 |3|00|   Gateway address is 192.168.0.254.
000021.360|app1 |3|00|   DNS server is 192.168.0.254.
000021.360|app1 |3|00|   DNS domain is router.com.
000021.525|dns  |3|00|DNS lookup for 'p.voxter.com'(74.114.208.245) TTL=86239
000021.525|copy |3|00|'http://PlcmSpIp:****@p.voxter.com/0004f2169b26.cfg' from 'p.voxter.com(74.114.208.245)'
000021.695|copy |3|00|Download of '0004f2169b26.cfg' succeeded on attempt 1 (addr 1 of 1)
000021.695|copy |3|00|File /ffs0/init.mac is up to date
000021.705|copy |3|00|'http://PlcmSpIp:****@p.voxter.com/000000000000.cfg' from 'p.voxter.com(74.114.208.245)'
000021.760|copy |3|00|Download of '000000000000.cfg' succeeded on attempt 1 (addr 1 of 1)
000021.780|cfg  |*|00|Prov|Starting to update /firmware/polycom/spipm/firmware/2345-12500-001.sip.ld
000021.800|copy |3|00|'http://PlcmSpIp:****@p.voxter.com/firmware/polycom/spipm/firmware/2345-12500-001.sip.ld' from 'p.voxter.com(74.114.208.245)'
000021.875|cfg  |3|00|New load header information:
000021.875|cfg  |3|00|Code length:         0x0046D2E0
000021.875|cfg  |3|00|Header check Sum:    0x075B88AB
000021.875|cfg  |3|00|Code check Sum:      0x0714B4A7
000021.875|cfg  |3|00|Options:             0x00000080
000021.875|cfg  |3|00|Recognized container image
000021.875|cfg  |3|00|New load header information:
000021.875|cfg  |3|00|Code length:         0x0038930F
000021.875|cfg  |3|00|Header check Sum:    0x283C9547
000021.875|cfg  |3|00|Code check Sum:      0x1C2E9672
000021.875|cfg  |3|00|Options:             0x00000102
000021.875|cfg  |3|00|Could not open application file for checking
000021.875|cfg  |3|00|Application in container image 1 is different
000021.875|cfg  |3|00|New load header information:
000021.875|cfg  |3|00|Code length:         0x000E36E0
000021.875|cfg  |3|00|Header check Sum:    0x32225062
000021.875|cfg  |3|00|Code check Sum:      0x0714174E
000021.875|cfg  |3|00|Options:             0x00000110
000021.880|cfg  |3|00|BootROM header is different
000021.880|cfg  |3|00|BootROM in container image 2 is different
000021.880|cfg  |3|00|Using bootROM
000029.560|app1 |4|00|Could not load time from 0.0.0.0 (0.0.0.0).
000039.155|cfg  |*|00|Prov|Updating BootROM
000039.160|cfg  |3|00|Using compatible image 0
000043.395|copy |3|00|Download of 'firmware/polycom/spipm/firmware/2345-12500-001.sip.ld' succeeded on attempt 1 (addr 1 of 1)
000043.705|sig  |*|00|Initial log entry. Current logging level 3
000043.705|sig  |3|00|hwSigParseRemove: found key Sig_3.
000043.940|cfg  |3|00|Good image signature
000044.065|cfg  |4|00|Removing application...
000044.205|cfg  |3|00|Programming BootROM from sector 19 to 36
000052.815|cfg  |3|00|Programming to sector 19 complete
000052.990|cfg  |3|00|Invalidated old image at sector 1, offset 20.
000053.240|cfg  |*|00|Prov|Image has been changed
000053.255|cfg  |*|00|Prov|Provisioning needs to reboot to upgrade image(s)
000000.295|so   |*|01|---------- Initial log entry ----------
000000.295|so   |*|01|+++ Note that Updater log times are in GMT +++
000000.295|boot |*|01|Initial log entry. Current logging level 3
000000.295|copy |*|01|Initial log entry. Current logging level 3
000000.295|utilm|*|01|Initial log entry. Current logging level 4
000000.295|hw   |*|01|Initial log entry. Current logging level 4
000000.295|ethf |*|01|Initial log entry. Current logging level 4
000000.295|dns  |*|01|Initial log entry. Current logging level 3
000000.295|curl |*|01|Initial log entry. Current logging level 3
000000.295|sec  |*|01|Initial log entry. Current logging level 4
000000.455|wdog |*|01|Initial log entry. Current logging level 4
000000.455|lldp |*|01|Initial log entry. Current logging level 3
000000.455|cdp  |*|01|Initial log entry. Current logging level 3
000000.455|key  |*|01|Initial log entry. Current logging level 4
000000.455|so   |3|01|Platform: Model=SoundPoint IP 550, Assembly=2345-12500-001 Rev=A Region=
000000.455|so   |3|01|Platform: Board=2345-12500-001 1 0
000000.455|so   |3|01|Platform: MAC=0004f2169b26
000000.455|so   |3|01|Platform: BootBlock=3.0.2.0024 (12500-001) 30-Nov-10 15:00
000000.455|so   |3|01|Application, main: Label=Updater, Version=Azurite 5.0.5.2324 09-Dec-13 14:31
000000.455|so   |3|01|Application, main: P/N=YYYY-YYYYY-YYY
000000.455|log  |*|01|Install file upload callback for 'Updater'

000000.460|app1 |*|01|Initial log entry. Current logging level 3
000000.475|cfg  |*|01|Initial log entry. Current logging level 2
000000.480|app1 |3|01|Application image is not present.
000000.490|dot1x|*|01|Initial log entry. Current logging level 3
000001.425|tls  |*|01|Initial log entry. Current logging level 4
000001.455|so   |3|01|Link status is Net up Speed 100 full Duplex, PC down.
000012.255|lldp |3|01|LLDP did not receive a response from a switch. Disabling LLDP.
000017.455|cdp  |3|01|CDP did not receive a response from a switch. Disabling CDP.
000021.360|dns  |*|01|DNS resolver servers are '192.168.0.254' '0.0.0.0'
000021.360|dns  |*|01|DNS resolver search domain is 'router.com'
000021.360|app1 |3|01|DNS resolver server is '192.168.0.254'
000021.360|app1 |3|01|DNS resolver search domain is 'router.com'
000021.365|dns  |3|01|DNS lookup for (A) 'p.voxter.com'(74.114.208.245) TTL=86181
000021.365|app1 |3|01|Bootline: esw(3,0)bootHost:flash e=192.168.0.185:ffffff00:15180:13 h=74.114.208.245 g=192.168.0.254 u=**** pw=**** f=0x40 tn=CircaIP
000021.365|app1 |3|01|DHCP returned result 0x287 from server 192.168.0.254.
000021.370|app1 |3|01|   Phone IP address is 192.168.0.185.
000021.370|app1 |3|01|   Subnet mask is 255.255.255.0.
000021.370|app1 |3|01|   Gateway address is 192.168.0.254.
000021.370|app1 |3|01|   DNS server is 192.168.0.254.
000021.370|app1 |3|01|   DNS domain is router.com.
000021.540|copy |3|01|'http://PlcmSpIp:****@p.voxter.com/0004f2169b26.cfg' from 'p.voxter.com(74.114.208.245)'
000021.710|copy |3|01|Download of '0004f2169b26.cfg' succeeded on attempt 1 (addr 1 of 1)
000021.710|copy |3|01|File /ffs0/newinit.mac is up to date
000021.725|copy |3|01|'http://PlcmSpIp:****@p.voxter.com/000000000000.cfg' from 'p.voxter.com(74.114.208.245)'
000021.775|copy |3|01|Download of '000000000000.cfg' succeeded on attempt 1 (addr 1 of 1)
000021.820|cfg  |*|01|Prov|Starting to update /firmware/polycom/spipm/firmware/2345-12500-001.sip.ld
000021.840|copy |3|01|'http://PlcmSpIp:****@p.voxter.com/firmware/polycom/spipm/firmware/2345-12500-001.sip.ld' from 'p.voxter.com(74.114.208.245)'
000021.890|cfg  |3|01|New load header information:
000021.890|cfg  |3|01|Code length:         0x0046D2E0
000021.890|cfg  |3|01|Code Checksum:       0x0714B4A7
000021.890|cfg  |3|01|Options:             0x00000080
000021.895|cfg  |3|01|Recognized container image
000021.895|cfg  |3|01|New load header information:
000021.895|cfg  |3|01|Code length:         0x0038930F
000021.895|cfg  |3|01|Code Checksum:       0x1C2E9672
000021.895|cfg  |3|01|Options:             0x00000102
000021.895|cfg  |3|01|Could not open application file for checking
000021.895|cfg  |3|01|Application in container image 1 is different
000021.895|cfg  |3|01|New load header information:
000021.895|cfg  |3|01|Code length:         0x000E36E0
000021.895|cfg  |3|01|Code Checksum:       0x0714174E
000021.895|cfg  |3|01|Options:             0x00000110
000021.895|cfg  |3|01|Updater is already present
000021.895|cfg  |3|01|Updater in container image 2 is not different
000021.895|cfg  |3|01|Using application
000022.020|cfg  |*|01|Prov|Updating the Application
000022.025|cfg  |3|01|Using compatible image 0
000029.565|app1 |4|01|Could not load time from 0.0.0.0 (0.0.0.0).
000040.645|copy |3|01|buffered_write: transfer terminated
000040.645|copy |3|01|Download of 'firmware/polycom/spipm/firmware/2345-12500-001.sip.ld' succeeded on attempt 1 (addr 1 of 1)
000041.120|sig  |*|01|Initial log entry. Current logging level 3
000041.120|sig  |3|01|hwSigParseRemove: found key Sig_3.
000042.050|cfg  |3|01|Good image signature
000042.195|cfg  |3|01|Programming 3708231 bytes into tffs in 4K blocks
000106.760|cfg  |*|01|Prov|Succeeded updating file /firmware/polycom/spipm/firmware/2345-12500-001.sip.ld
000106.805|cfg  |*|01|Prov|Image has been changed
000106.830|cfg  |3|01|Prov|Provisioning succeeded
000106.840|app1 |3|01|Application, load: Type=SIP, Version=4.0.6.0711 26-Feb-14 06:47
000106.845|boot |*|01|Using TFFS for flash load
000106.845|boot |*|01|Code length:         0x0038930F
000106.845|boot |*|01|Code checksum:       0x1C2E9672
000106.845|cfg  |*|01|Prov|Finished updating configuration
000118.085|app1 |4|01|Loaded application /firmware/polycom/spipm/firmware/sip.ld from local system successfully.
000118.085|app1 |6|01|Uploading boot log, time is MON JAN 01 00:01:17 2001

000118.335|copy |3|01|'http://PlcmSpIp:****@p.voxter.com/logs/0004f2169b26-boot.log' to 'p.voxter.com(74.114.208.245)'
000118.485|copy |3|01|Curl attempted to write at an unexpected time
000118.485|copy |3|01|Upload of 'logs/0004f2169b26-boot.log' succeeded on attempt 1 (addr 1 of 1)
000118.600|cfg  |3|01|Prov|Shutting down
000000.310|so   |*|01|---------- Initial log entry ----------
000000.310|so   |*|01|+++ Note that Updater log times are in GMT +++
000000.310|boot |*|01|Initial log entry. Current logging level 3
000000.310|copy |*|01|Initial log entry. Current logging level 3
000000.310|utilm|*|01|Initial log entry. Current logging level 4
000000.310|hw   |*|01|Initial log entry. Current logging level 4
000000.310|ethf |*|01|Initial log entry. Current logging level 4
000000.310|dns  |*|01|Initial log entry. Current logging level 3
000000.310|curl |*|01|Initial log entry. Current logging level 3
000000.310|sec  |*|01|Initial log entry. Current logging level 4
000000.475|wdog |*|01|Initial log entry. Current logging level 4
000000.475|lldp |*|01|Initial log entry. Current logging level 3
000000.475|cdp  |*|01|Initial log entry. Current logging level 3
000000.475|key  |*|01|Initial log entry. Current logging level 4
000000.475|so   |3|01|Platform: Model=SoundPoint IP 550, Assembly=2345-12500-001 Rev=A Region=
000000.475|so   |3|01|Platform: Board=2345-12500-001 1 0
000000.475|so   |3|01|Platform: MAC=0004f2169b26
000000.475|so   |3|01|Platform: BootBlock=3.0.2.0024 (12500-001) 30-Nov-10 15:00
000000.475|so   |3|01|Application, main: Label=Updater, Version=Azurite 5.0.5.2324 09-Dec-13 14:31
000000.475|so   |3|01|Application, main: P/N=YYYY-YYYYY-YYY
000000.475|log  |*|01|Install file upload callback for 'Updater'

000000.475|app1 |*|01|Initial log entry. Current logging level 3
000000.495|cfg  |*|01|Initial log entry. Current logging level 2
000000.510|app1 |3|01|Application, load: Type=SIP, Version=4.0.6.0711 26-Feb-14 06:47
000000.540|boot |*|01|Using TFFS for flash load
000000.550|boot |*|01|Code length:         0x0038930F
000000.550|boot |*|01|Code checksum:       0x1C2E9672
000001.470|so   |3|01|Link status is Net down, PC down.
000002.470|so   |3|01|Link status is Net up Speed 100 full Duplex, PC down.
000011.765|app1 |4|01|Loaded application /firmware/polycom/spipm/firmware/sip.ld from local system successfully.
000000.290|so   |*|01|---------- Initial log entry ----------
000000.290|so   |*|01|+++ Note that Updater log times are in GMT +++
000000.290|boot |*|01|Initial log entry. Current logging level 3
000000.290|copy |*|01|Initial log entry. Current logging level 3
000000.290|utilm|*|01|Initial log entry. Current logging level 4
000000.290|hw   |*|01|Initial log entry. Current logging level 4
000000.290|ethf |*|01|Initial log entry. Current logging level 4
000000.290|dns  |*|01|Initial log entry. Current logging level 3
000000.290|curl |*|01|Initial log entry. Current logging level 3
000000.295|sec  |*|01|Initial log entry. Current logging level 4
000000.455|wdog |*|01|Initial log entry. Current logging level 4
000000.455|lldp |*|01|Initial log entry. Current logging level 3
000000.455|cdp  |*|01|Initial log entry. Current logging level 3
000000.455|key  |*|01|Initial log entry. Current logging level 4
000000.455|so   |3|01|Platform: Model=SoundPoint IP 550, Assembly=2345-12500-001 Rev=A Region=
000000.455|so   |3|01|Platform: Board=2345-12500-001 1 0
000000.455|so   |3|01|Platform: MAC=0004f2169b26
000000.455|so   |3|01|Platform: BootBlock=3.0.2.0024 (12500-001) 30-Nov-10 15:00
000000.455|so   |3|01|Application, main: Label=Updater, Version=Azurite 5.0.5.2324 09-Dec-13 14:31
000000.455|so   |3|01|Application, main: P/N=YYYY-YYYYY-YYY
000000.455|log  |*|01|Install file upload callback for 'Updater'

000000.455|app1 |*|01|Initial log entry. Current logging level 3
000000.475|cfg  |*|01|Initial log entry. Current logging level 2
000000.490|app1 |3|01|Application, load: Type=SIP, Version=4.0.6.0711 26-Feb-14 06:47
000000.520|boot |*|01|Using TFFS for flash load
000000.530|boot |*|01|Code length:         0x0038930F
000000.530|boot |*|01|Code checksum:       0x1C2E9672
000001.450|so   |3|01|Link status is Net down, PC down.
000002.450|so   |3|01|Link status is Net up Speed 100 full Duplex, PC down.
000011.735|app1 |4|01|Loaded application sip.ld from local system successfully.
000000.295|so   |*|01|---------- Initial log entry ----------
000000.295|so   |*|01|+++ Note that Updater log times are in GMT +++
000000.295|boot |*|01|Initial log entry. Current logging level 3
000000.295|copy |*|01|Initial log entry. Current logging level 3
000000.295|utilm|*|01|Initial log entry. Current logging level 4
000000.295|hw   |*|01|Initial log entry. Current logging level 4
000000.295|ethf |*|01|Initial log entry. Current logging level 4
000000.295|dns  |*|01|Initial log entry. Current logging level 3
000000.295|curl |*|01|Initial log entry. Current logging level 3
000000.295|sec  |*|01|Initial log entry. Current logging level 4
000000.455|wdog |*|01|Initial log entry. Current logging level 4
000000.455|lldp |*|01|Initial log entry. Current logging level 3
000000.455|cdp  |*|01|Initial log entry. Current logging level 3
000000.455|key  |*|01|Initial log entry. Current logging level 4
000000.460|so   |3|01|Platform: Model=SoundPoint IP 550, Assembly=2345-12500-001 Rev=A Region=
000000.460|so   |3|01|Platform: Board=2345-12500-001 1 0
000000.460|so   |3|01|Platform: MAC=0004f2169b26
000000.460|so   |3|01|Platform: BootBlock=3.0.2.0024 (12500-001) 30-Nov-10 15:00
000000.460|so   |3|01|Application, main: Label=Updater, Version=Azurite 5.0.5.2324 09-Dec-13 14:31
000000.460|so   |3|01|Application, main: P/N=YYYY-YYYYY-YYY
000000.460|log  |*|01|Install file upload callback for 'Updater'

000000.460|app1 |*|01|Initial log entry. Current logging level 3
000000.480|cfg  |*|01|Initial log entry. Current logging level 2
000000.495|app1 |3|01|Application, load: Type=SIP, Version=4.0.6.0711 26-Feb-14 06:47
000000.525|boot |*|01|Using TFFS for flash load
000000.530|boot |*|01|Code length:         0x0038930F
000000.530|boot |*|01|Code checksum:       0x1C2E9672
000001.455|so   |3|01|Link status is Net down, PC down.
000002.455|so   |3|01|Link status is Net up Speed 100 full Duplex, PC down.
000011.740|app1 |4|01|Loaded application sip.ld from local system successfully.
000000.295|so   |*|01|---------- Initial log entry ----------
000000.295|so   |*|01|+++ Note that Updater log times are in GMT +++
000000.295|boot |*|01|Initial log entry. Current logging level 3
000000.295|copy |*|01|Initial log entry. Current logging level 3
000000.295|utilm|*|01|Initial log entry. Current logging level 4
000000.295|hw   |*|01|Initial log entry. Current logging level 4
000000.295|ethf |*|01|Initial log entry. Current logging level 4
000000.295|dns  |*|01|Initial log entry. Current logging level 3
000000.295|curl |*|01|Initial log entry. Current logging level 3
000000.295|sec  |*|01|Initial log entry. Current logging level 4
000000.455|wdog |*|01|Initial log entry. Current logging level 4
000000.455|lldp |*|01|Initial log entry. Current logging level 3
000000.455|cdp  |*|01|Initial log entry. Current logging level 3
000000.455|key  |*|01|Initial log entry. Current logging level 4
000000.460|so   |3|01|Platform: Model=SoundPoint IP 550, Assembly=2345-12500-001 Rev=A Region=
000000.460|so   |3|01|Platform: Board=2345-12500-001 1 0
000000.460|so   |3|01|Platform: MAC=0004f2169b26
000000.460|so   |3|01|Platform: BootBlock=3.0.2.0024 (12500-001) 30-Nov-10 15:00
000000.460|so   |3|01|Application, main: Label=Updater, Version=Azurite 5.0.5.2324 09-Dec-13 14:31
000000.460|so   |3|01|Application, main: P/N=YYYY-YYYYY-YYY
000000.460|log  |*|01|Install file upload callback for 'Updater'

000000.460|app1 |*|01|Initial log entry. Current logging level 3
000000.480|cfg  |*|01|Initial log entry. Current logging level 2
000000.495|app1 |3|01|Application, load: Type=SIP, Version=4.0.6.0711 26-Feb-14 06:47
000000.525|boot |*|01|Using TFFS for flash load
000000.530|boot |*|01|Code length:         0x0038930F
000000.530|boot |*|01|Code checksum:       0x1C2E9672
000001.455|so   |3|01|Link status is Net down, PC down.
000002.455|so   |3|01|Link status is Net up Speed 100 full Duplex, PC down.
000011.740|app1 |4|01|Loaded application sip.ld from local system successfully.
000000.290|so   |*|01|---------- Initial log entry ----------
000000.290|so   |*|01|+++ Note that Updater log times are in GMT +++
000000.290|boot |*|01|Initial log entry. Current logging level 3
000000.290|copy |*|01|Initial log entry. Current logging level 3
000000.290|utilm|*|01|Initial log entry. Current logging level 4
000000.290|hw   |*|01|Initial log entry. Current logging level 4
000000.290|ethf |*|01|Initial log entry. Current logging level 4
000000.290|dns  |*|01|Initial log entry. Current logging level 3
000000.290|curl |*|01|Initial log entry. Current logging level 3
000000.290|sec  |*|01|Initial log entry. Current logging level 4
000000.455|wdog |*|01|Initial log entry. Current logging level 4
000000.455|lldp |*|01|Initial log entry. Current logging level 3
000000.455|cdp  |*|01|Initial log entry. Current logging level 3
000000.455|key  |*|01|Initial log entry. Current logging level 4
000000.455|so   |3|01|Platform: Model=SoundPoint IP 550, Assembly=2345-12500-001 Rev=A Region=
000000.455|so   |3|01|Platform: Board=2345-12500-001 1 0
000000.455|so   |3|01|Platform: MAC=0004f2169b26
000000.455|so   |3|01|Platform: BootBlock=3.0.2.0024 (12500-001) 30-Nov-10 15:00
000000.455|so   |3|01|Application, main: Label=Updater, Version=Azurite 5.0.5.2324 09-Dec-13 14:31
000000.455|so   |3|01|Application, main: P/N=YYYY-YYYYY-YYY
000000.455|log  |*|01|Install file upload callback for 'Updater'

000000.455|app1 |*|01|Initial log entry. Current logging level 3
000000.475|cfg  |*|01|Initial log entry. Current logging level 2
000000.490|app1 |3|01|Application, load: Type=SIP, Version=4.0.6.0711 26-Feb-14 06:47
000000.520|boot |*|01|Using TFFS for flash load
000000.530|boot |*|01|Code length:         0x0038930F
000000.530|boot |*|01|Code checksum:       0x1C2E9672
000001.450|so   |3|01|Link status is Net down, PC down.
000002.450|so   |3|01|Link status is Net up Speed 100 full Duplex, PC down.
000011.735|app1 |4|01|Loaded application sip.ld from local system successfully.
000000.290|so   |*|01|---------- Initial log entry ----------
000000.290|so   |*|01|+++ Note that Updater log times are in GMT +++
000000.290|boot |*|01|Initial log entry. Current logging level 3
000000.290|copy |*|01|Initial log entry. Current logging level 3
000000.290|utilm|*|01|Initial log entry. Current logging level 4
000000.290|hw   |*|01|Initial log entry. Current logging level 4
000000.290|ethf |*|01|Initial log entry. Current logging level 4
000000.290|dns  |*|01|Initial log entry. Current logging level 3
000000.290|curl |*|01|Initial log entry. Current logging level 3
000000.290|sec  |*|01|Initial log entry. Current logging level 4
000000.455|wdog |*|01|Initial log entry. Current logging level 4
000000.455|lldp |*|01|Initial log entry. Current logging level 3
000000.455|cdp  |*|01|Initial log entry. Current logging level 3
000000.455|key  |*|01|Initial log entry. Current logging level 4
000000.455|so   |3|01|Platform: Model=SoundPoint IP 550, Assembly=2345-12500-001 Rev=A Region=
000000.455|so   |3|01|Platform: Board=2345-12500-001 1 0
000000.455|so   |3|01|Platform: MAC=0004f2169b26
000000.455|so   |3|01|Platform: BootBlock=3.0.2.0024 (12500-001) 30-Nov-10 15:00
000000.455|so   |3|01|Application, main: Label=Updater, Version=Azurite 5.0.5.2324 09-Dec-13 14:31
000000.455|so   |3|01|Application, main: P/N=YYYY-YYYYY-YYY
000000.455|log  |*|01|Install file upload callback for 'Updater'

000000.455|app1 |*|01|Initial log entry. Current logging level 3
000000.475|cfg  |*|01|Initial log entry. Current logging level 2
000000.490|app1 |3|01|Application, load: Type=SIP, Version=4.0.6.0711 26-Feb-14 06:47
000000.520|boot |*|01|Using TFFS for flash load
000000.530|boot |*|01|Code length:         0x0038930F
000000.530|boot |*|01|Code checksum:       0x1C2E9672
000001.450|so   |3|01|Link status is Net down, PC down.
000002.450|so   |3|01|Link status is Net up Speed 100 full Duplex, PC down.
000011.735|app1 |4|01|Loaded application sip.ld from local system successfully.
000000.290|so   |*|01|---------- Initial log entry ----------
000000.290|so   |*|01|+++ Note that Updater log times are in GMT +++
000000.290|boot |*|01|Initial log entry. Current logging level 3
000000.290|copy |*|01|Initial log entry. Current logging level 3
000000.290|utilm|*|01|Initial log entry. Current logging level 4
000000.290|hw   |*|01|Initial log entry. Current logging level 4
000000.290|ethf |*|01|Initial log entry. Current logging level 4
000000.290|dns  |*|01|Initial log entry. Current logging level 3
000000.290|curl |*|01|Initial log entry. Current logging level 3
000000.290|sec  |*|01|Initial log entry. Current logging level 4
000000.455|wdog |*|01|Initial log entry. Current logging level 4
000000.455|lldp |*|01|Initial log entry. Current logging level 3
000000.455|cdp  |*|01|Initial log entry. Current logging level 3
000000.455|key  |*|01|Initial log entry. Current logging level 4
000000.455|so   |3|01|Platform: Model=SoundPoint IP 550, Assembly=2345-12500-001 Rev=A Region=
000000.455|so   |3|01|Platform: Board=2345-12500-001 1 0
000000.455|so   |3|01|Platform: MAC=0004f2169b26
000000.455|so   |3|01|Platform: BootBlock=3.0.2.0024 (12500-001) 30-Nov-10 15:00
000000.455|so   |3|01|Application, main: Label=Updater, Version=Azurite 5.0.5.2324 09-Dec-13 14:31
000000.455|so   |3|01|Application, main: P/N=YYYY-YYYYY-YYY
000000.455|log  |*|01|Install file upload callback for 'Updater'

000000.455|app1 |*|01|Initial log entry. Current logging level 3
000000.475|cfg  |*|01|Initial log entry. Current logging level 2
000000.490|app1 |3|01|Application, load: Type=SIP, Version=4.0.6.0711 26-Feb-14 06:47
000000.520|boot |*|01|Using TFFS for flash load
000000.530|boot |*|01|Code length:         0x0038930F
000000.530|boot |*|01|Code checksum:       0x1C2E9672
000001.450|so   |3|01|Link status is Net down, PC down.
000002.450|so   |3|01|Link status is Net up Speed 100 full Duplex, PC down.
000011.735|app1 |4|01|Loaded application sip.ld from local system successfully.
000000.290|so   |*|01|---------- Initial log entry ----------
000000.290|so   |*|01|+++ Note that Updater log times are in GMT +++
000000.290|boot |*|01|Initial log entry. Current logging level 3
000000.290|copy |*|01|Initial log entry. Current logging level 3
000000.290|utilm|*|01|Initial log entry. Current logging level 4
000000.290|hw   |*|01|Initial log entry. Current logging level 4
000000.290|ethf |*|01|Initial log entry. Current logging level 4
000000.290|dns  |*|01|Initial log entry. Current logging level 3
000000.290|curl |*|01|Initial log entry. Current logging level 3
000000.290|sec  |*|01|Initial log entry. Current logging level 4
000000.455|wdog |*|01|Initial log entry. Current logging level 4
000000.455|lldp |*|01|Initial log entry. Current logging level 3
000000.455|cdp  |*|01|Initial log entry. Current logging level 3
000000.455|key  |*|01|Initial log entry. Current logging level 4
000000.455|so   |3|01|Platform: Model=SoundPoint IP 550, Assembly=2345-12500-001 Rev=A Region=
000000.455|so   |3|01|Platform: Board=2345-12500-001 1 0
000000.455|so   |3|01|Platform: MAC=0004f2169b26
000000.455|so   |3|01|Platform: BootBlock=3.0.2.0024 (12500-001) 30-Nov-10 15:00
000000.455|so   |3|01|Application, main: Label=Updater, Version=Azurite 5.0.5.2324 09-Dec-13 14:31
000000.455|so   |3|01|Application, main: P/N=YYYY-YYYYY-YYY
000000.455|log  |*|01|Install file upload callback for 'Updater'

000000.455|app1 |*|01|Initial log entry. Current logging level 3
000000.475|cfg  |*|01|Initial log entry. Current logging level 2
000000.490|app1 |3|01|Application, load: Type=SIP, Version=4.0.6.0711 26-Feb-14 06:47
000000.520|boot |*|01|Using TFFS for flash load
000000.530|boot |*|01|Code length:         0x0038930F
000000.530|boot |*|01|Code checksum:       0x1C2E9672
000001.450|so   |3|01|Link status is Net down, PC down.
000002.450|so   |3|01|Link status is Net up Speed 100 full Duplex, PC down.
000011.735|app1 |4|01|Loaded application sip.ld from local system successfully.
000000.295|so   |*|01|---------- Initial log entry ----------
000000.295|so   |*|01|+++ Note that Updater log times are in GMT +++
000000.295|boot |*|01|Initial log entry. Current logging level 3
000000.295|copy |*|01|Initial log entry. Current logging level 3
000000.295|utilm|*|01|Initial log entry. Current logging level 4
000000.295|hw   |*|01|Initial log entry. Current logging level 4
000000.295|ethf |*|01|Initial log entry. Current logging level 4
000000.295|dns  |*|01|Initial log entry. Current logging level 3
000000.295|curl |*|01|Initial log entry. Current logging level 3
000000.295|sec  |*|01|Initial log entry. Current logging level 4
000000.455|wdog |*|01|Initial log entry. Current logging level 4
000000.455|lldp |*|01|Initial log entry. Current logging level 3
000000.455|cdp  |*|01|Initial log entry. Current logging level 3
000000.455|key  |*|01|Initial log entry. Current logging level 4
000000.460|so   |3|01|Platform: Model=SoundPoint IP 550, Assembly=2345-12500-001 Rev=A Region=
000000.460|so   |3|01|Platform: Board=2345-12500-001 1 0
000000.460|so   |3|01|Platform: MAC=0004f2169b26
000000.460|so   |3|01|Platform: BootBlock=3.0.2.0024 (12500-001) 30-Nov-10 15:00
000000.460|so   |3|01|Application, main: Label=Updater, Version=Azurite 5.0.5.2324 09-Dec-13 14:31
000000.460|so   |3|01|Application, main: P/N=YYYY-YYYYY-YYY
000000.460|log  |*|01|Install file upload callback for 'Updater'

000000.460|app1 |*|01|Initial log entry. Current logging level 3
000000.480|cfg  |*|01|Initial log entry. Current logging level 2
000000.495|app1 |3|01|Application, load: Type=SIP, Version=4.0.6.0711 26-Feb-14 06:47
000000.525|boot |*|01|Using TFFS for flash load
000000.530|boot |*|01|Code length:         0x0038930F
000000.530|boot |*|01|Code checksum:       0x1C2E9672
000001.455|so   |3|01|Link status is Net down, PC down.
000002.455|so   |3|01|Link status is Net up Speed 100 full Duplex, PC down.
000011.740|app1 |4|01|Loaded application sip.ld from local system successfully.
000000.295|so   |*|01|---------- Initial log entry ----------
000000.295|so   |*|01|+++ Note that Updater log times are in GMT +++
000000.295|boot |*|01|Initial log entry. Current logging level 3
000000.295|copy |*|01|Initial log entry. Current logging level 3
000000.295|utilm|*|01|Initial log entry. Current logging level 4
000000.295|hw   |*|01|Initial log entry. Current logging level 4
000000.295|ethf |*|01|Initial log entry. Current logging level 4
000000.295|dns  |*|01|Initial log entry. Current logging level 3
000000.295|curl |*|01|Initial log entry. Current logging level 3
000000.295|sec  |*|01|Initial log entry. Current logging level 4
000000.455|wdog |*|01|Initial log entry. Current logging level 4
000000.455|lldp |*|01|Initial log entry. Current logging level 3
000000.455|cdp  |*|01|Initial log entry. Current logging level 3
000000.455|key  |*|01|Initial log entry. Current logging level 4
000000.460|so   |3|01|Platform: Model=SoundPoint IP 550, Assembly=2345-12500-001 Rev=A Region=
000000.460|so   |3|01|Platform: Board=2345-12500-001 1 0
000000.460|so   |3|01|Platform: MAC=0004f2169b26
000000.460|so   |3|01|Platform: BootBlock=3.0.2.0024 (12500-001) 30-Nov-10 15:00
000000.460|so   |3|01|Application, main: Label=Updater, Version=Azurite 5.0.5.2324 09-Dec-13 14:31
000000.460|so   |3|01|Application, main: P/N=YYYY-YYYYY-YYY
000000.460|log  |*|01|Install file upload callback for 'Updater'

000000.460|app1 |*|01|Initial log entry. Current logging level 3
000000.480|cfg  |*|01|Initial log entry. Current logging level 2
000000.495|app1 |3|01|Application, load: Type=SIP, Version=4.0.6.0711 26-Feb-14 06:47
000000.525|boot |*|01|Using TFFS for flash load
000000.530|boot |*|01|Code length:         0x0038930F
000000.530|boot |*|01|Code checksum:       0x1C2E9672
000001.455|so   |3|01|Link status is Net down, PC down.
000002.455|so   |3|01|Link status is Net up Speed 100 full Duplex, PC down.
000011.740|app1 |4|01|Loaded application sip.ld from local system successfully.
000000.290|so   |*|01|---------- Initial log entry ----------
000000.290|so   |*|01|+++ Note that Updater log times are in GMT +++
000000.290|boot |*|01|Initial log entry. Current logging level 3
000000.290|copy |*|01|Initial log entry. Current logging level 3
000000.290|utilm|*|01|Initial log entry. Current logging level 4
000000.290|hw   |*|01|Initial log entry. Current logging level 4
000000.290|ethf |*|01|Initial log entry. Current logging level 4
000000.290|dns  |*|01|Initial log entry. Current logging level 3
000000.290|curl |*|01|Initial log entry. Current logging level 3
000000.290|sec  |*|01|Initial log entry. Current logging level 4
000000.455|wdog |*|01|Initial log entry. Current logging level 4
000000.455|lldp |*|01|Initial log entry. Current logging level 3
000000.455|cdp  |*|01|Initial log entry. Current logging level 3
000000.455|key  |*|01|Initial log entry. Current logging level 4
000000.455|so   |3|01|Platform: Model=SoundPoint IP 550, Assembly=2345-12500-001 Rev=A Region=
000000.455|so   |3|01|Platform: Board=2345-12500-001 1 0
000000.455|so   |3|01|Platform: MAC=0004f2169b26
000000.455|so   |3|01|Platform: BootBlock=3.0.2.0024 (12500-001) 30-Nov-10 15:00
000000.455|so   |3|01|Application, main: Label=Updater, Version=Azurite 5.0.5.2324 09-Dec-13 14:31
000000.455|so   |3|01|Application, main: P/N=YYYY-YYYYY-YYY
000000.455|log  |*|01|Install file upload callback for 'Updater'

000000.455|app1 |*|01|Initial log entry. Current logging level 3
000000.475|cfg  |*|01|Initial log entry. Current logging level 2
000000.490|app1 |3|01|Application, load: Type=SIP, Version=4.0.6.0711 26-Feb-14 06:47
000000.520|boot |*|01|Using TFFS for flash load
000000.530|boot |*|01|Code length:         0x0038930F
000000.530|boot |*|01|Code checksum:       0x1C2E9672
000001.450|so   |3|01|Link status is Net down, PC down.
000002.450|so   |3|01|Link status is Net up Speed 100 full Duplex, PC down.
000011.735|app1 |4|01|Loaded application sip.ld from local system successfully.
000000.295|so   |*|01|---------- Initial log entry ----------
000000.295|so   |*|01|+++ Note that Updater log times are in GMT +++
000000.295|boot |*|01|Initial log entry. Current logging level 3
000000.295|copy |*|01|Initial log entry. Current logging level 3
000000.295|utilm|*|01|Initial log entry. Current logging level 4
000000.295|hw   |*|01|Initial log entry. Current logging level 4
000000.295|ethf |*|01|Initial log entry. Current logging level 4
000000.295|dns  |*|01|Initial log entry. Current logging level 3
000000.295|curl |*|01|Initial log entry. Current logging level 3
000000.295|sec  |*|01|Initial log entry. Current logging level 4
000000.455|wdog |*|01|Initial log entry. Current logging level 4
000000.455|lldp |*|01|Initial log entry. Current logging level 3
000000.455|cdp  |*|01|Initial log entry. Current logging level 3
000000.455|key  |*|01|Initial log entry. Current logging level 4
000000.460|so   |3|01|Platform: Model=SoundPoint IP 550, Assembly=2345-12500-001 Rev=A Region=
000000.460|so   |3|01|Platform: Board=2345-12500-001 1 0
000000.460|so   |3|01|Platform: MAC=0004f2169b26
000000.460|so   |3|01|Platform: BootBlock=3.0.2.0024 (12500-001) 30-Nov-10 15:00
000000.460|so   |3|01|Application, main: Label=Updater, Version=Azurite 5.0.5.2324 09-Dec-13 14:31
000000.460|so   |3|01|Application, main: P/N=YYYY-YYYYY-YYY
000000.460|log  |*|01|Install file upload callback for 'Updater'

000000.460|app1 |*|01|Initial log entry. Current logging level 3
000000.480|cfg  |*|01|Initial log entry. Current logging level 2
000000.495|app1 |3|01|Application, load: Type=SIP, Version=4.0.6.0711 26-Feb-14 06:47
000000.525|boot |*|01|Using TFFS for flash load
000000.530|boot |*|01|Code length:         0x0038930F
000000.530|boot |*|01|Code checksum:       0x1C2E9672
000001.455|so   |3|01|Link status is Net down, PC down.
000002.455|so   |3|01|Link status is Net up Speed 100 full Duplex, PC down.
000012.140|app1 |4|01|Loaded application sip.ld from local system successfully.
000000.295|so   |*|01|---------- Initial log entry ----------
000000.295|so   |*|01|+++ Note that Updater log times are in GMT +++
000000.295|boot |*|01|Initial log entry. Current logging level 3
000000.295|copy |*|01|Initial log entry. Current logging level 3
000000.295|utilm|*|01|Initial log entry. Current logging level 4
000000.295|hw   |*|01|Initial log entry. Current logging level 4
000000.295|ethf |*|01|Initial log entry. Current logging level 4
000000.295|dns  |*|01|Initial log entry. Current logging level 3
000000.295|curl |*|01|Initial log entry. Current logging level 3
000000.295|sec  |*|01|Initial log entry. Current logging level 4
000000.455|wdog |*|01|Initial log entry. Current logging level 4
000000.455|lldp |*|01|Initial log entry. Current logging level 3
000000.455|cdp  |*|01|Initial log entry. Current logging level 3
000000.455|key  |*|01|Initial log entry. Current logging level 4
000000.460|so   |3|01|Platform: Model=SoundPoint IP 550, Assembly=2345-12500-001 Rev=A Region=
000000.460|so   |3|01|Platform: Board=2345-12500-001 1 0
000000.460|so   |3|01|Platform: MAC=0004f2169b26
000000.460|so   |3|01|Platform: BootBlock=3.0.2.0024 (12500-001) 30-Nov-10 15:00
000000.460|so   |3|01|Application, main: Label=Updater, Version=Azurite 5.0.5.2324 09-Dec-13 14:31
000000.460|so   |3|01|Application, main: P/N=YYYY-YYYYY-YYY
000000.460|log  |*|01|Install file upload callback for 'Updater'

000000.460|app1 |*|01|Initial log entry. Current logging level 3
000000.480|cfg  |*|01|Initial log entry. Current logging level 2
000000.495|app1 |3|01|Application, load: Type=SIP, Version=4.0.6.0711 26-Feb-14 06:47
000000.525|boot |*|01|Using TFFS for flash load
000000.530|boot |*|01|Code length:         0x0038930F
000000.530|boot |*|01|Code checksum:       0x1C2E9672
000001.455|so   |3|01|Link status is Net down, PC down.
000002.455|so   |3|01|Link status is Net up Speed 100 full Duplex, PC down.
000011.740|app1 |4|01|Loaded application sip.ld from local system successfully.
