000002.292|so   |*|01|---------- Initial log entry ----------
000002.292|so   |*|01|+++ Note that Updater log times are in GMT +++
000002.292|boot |*|01|Initial log entry. Current logging level 3
000002.292|copy |*|01|Initial log entry. Current logging level 3
000002.292|utilm|*|01|Initial log entry. Current logging level 4
000002.292|hw   |*|01|Initial log entry. Current logging level 4
000002.292|ethf |*|01|Initial log entry. Current logging level 4
000002.292|dns  |*|01|Initial log entry. Current logging level 3
000002.292|curl |*|01|Initial log entry. Current logging level 3
000002.292|sec  |*|01|Initial log entry. Current logging level 4
000002.588|utilm|4|01|utilUtcGet: Couldn't open file /ffs0/time.utc for reading
000002.614|wdog |*|01|Initial log entry. Current logging level 4
000002.614|lldp |*|01|Initial log entry. Current logging level 3
000002.614|cdp  |*|01|Initial log entry. Current logging level 3
000002.614|key  |*|01|Initial log entry. Current logging level 4
000002.615|so   |3|01|Platform: Model=SoundStation IP 6000, Assembly=3111-15600-001 Rev=U Region=
000002.615|so   |3|01|Platform: Board=3111-15600-001 B 0
000002.615|so   |3|01|Platform: MAC=0004f2f823c1
000002.616|so   |3|01|Platform: BootBlock=3.0.2.0024 (15600-001) 30-Nov-10 15:05
000002.616|so   |*|01|Platform: BootL1=Standalone.0008 26-Feb-08 14:11:56
000002.616|so   |3|01|Application, main: Label=Updater, Version=Azurite 5.0.5.2324 09-Dec-13 15:31
000002.616|so   |3|01|Application, main: P/N=YYYY-YYYYY-YYY
000002.616|log  |*|01|Install file upload callback for 'Updater'

000002.616|app1 |*|01|Initial log entry. Current logging level 3
000002.617|cfg  |*|01|Initial log entry. Current logging level 2
000002.618|app1 |3|01|Application image is not present.
000002.618|dot1x|*|01|Initial log entry. Current logging level 3
000003.588|so   |3|01|Link status is Net up Speed 100 full Duplex.
000004.662|tls  |*|01|Initial log entry. Current logging level 4
000013.691|lldp |3|01|LLDP did not receive a response from a switch. Disabling LLDP.
000015.692|cdp  |3|01|CDP received a response from a switch. CDP enabled.
000030.076|dns  |*|01|DNS resolver servers are '8.8.8.8' '0.0.0.0'
000030.076|dns  |*|01|DNS resolver search domain is ''
000030.082|dns  |3|01|DNS lookup for (A) 'p.voxter.com'(74.114.208.245) TTL=17113
000030.083|app1 |3|01|DHCP returned result 0xA7 from server 10.2.10.1.
000030.083|app1 |3|01|   Phone IP address is 10.2.11.129.
000030.083|app1 |3|01|   Subnet mask is 255.255.254.0.
000030.083|app1 |3|01|   Gateway address is 10.2.10.1.
000030.083|app1 |3|01|   Time server is 192.95.20.208.
000030.083|app1 |3|01|   DNS server is 8.8.8.8.
0226181802|app1 |3|01|Time has been set from 192.95.20.208 (192.95.20.208).
0226181802|app1 |3|01|   1424974682: 2015-2-26, 18:18:2, DST off
0226181803|copy |3|01|'http://PlcmSpIp:****@p.voxter.com/3111-15600-001.updater.ld' from 'p.voxter.com(74.114.208.245)'
0226181803|cfg  |*|01|Prov|Starting to update 3111-15600-001.updater.ld
0226181803|cfg  |3|01|Image 3111-15600-001.updater.ld has not changed
0226181803|copy |3|01|buffered_write: transfer Terminated on entry. Return 0
0226181803|copy |3|01|Download of '3111-15600-001.updater.ld' succeeded on attempt 1 (addr 1 of 1)
0226181803|copy |3|01|'http://PlcmSpIp:****@p.voxter.com/0004f2f823c1.cfg' from 'p.voxter.com(74.114.208.245)'
0226181803|copy |3|01|Download of '0004f2f823c1.cfg' succeeded on attempt 1 (addr 1 of 1)
0226181803|cfg  |5|01|Prov|Cannot remove file /ffs0/init.mac.
0226181803|cfg  |*|01|Prov|Starting to update 3111-15600-001.sip.ld
0226181803|copy |3|01|'http://PlcmSpIp:****@p.voxter.com/3111-15600-001.sip.ld' from 'p.voxter.com(74.114.208.245)'
0226181804|cfg  |3|01|New load header information:
0226181804|cfg  |3|01|Code length:         0x009B9FDB
0226181804|cfg  |3|01|Code Checksum:       0x4D82C510
0226181804|cfg  |3|01|Options:             0x00000102
0226181804|cfg  |3|01|Could not open application file for checking
0226181804|cfg  |3|01|Recognized application
0226181804|cfg  |*|01|Prov|Updating the Application
0226181804|cfg  |3|01|Using compatible image 0
0226181818|copy |3|01|Download of '3111-15600-001.sip.ld' succeeded on attempt 1 (addr 1 of 1)
0226181818|sig  |*|01|Initial log entry. Current logging level 3
0226181818|sig  |3|01|hwSigParseRemove: found key Sig_3.
0226181818|cfg  |3|01|Good image signature
0226181818|cfg  |3|01|Programming 10199567 bytes into tffs in 4K blocks
0226182106|cfg  |*|01|Prov|Succeeded updating file 3111-15600-001.sip.ld
0226182106|cfg  |*|01|Prov|Image has been changed
0226182106|cfg  |3|01|Prov|Provisioning succeeded
0226182106|app1 |3|01|Application, load: Type=SIP, Version=4.0.6.0711 26-Feb-14 08:14
0226182106|cfg  |*|01|Prov|Finished updating configuration
0226182106|boot |*|01|Using TFFS for flash load
0226182106|boot |*|01|Code length:         0x009B9FDB
0226182106|boot |*|01|Code checksum:       0x4D82C510
0226182121|app1 |4|01|Loaded application sip.ld from local system successfully.
0226182121|app1 |6|01|Uploading boot log, time is Thu Feb 26 18:21:21 2015

0226182121|copy |3|01|'http://PlcmSpIp:****@p.voxter.com/logs/0004f2f823c1-boot.log' to 'p.voxter.com(74.114.208.245)'
0226182121|copy |3|01|Upload of 'logs/0004f2f823c1-boot.log' succeeded on attempt 1 (addr 1 of 1)
0226182121|cfg  |3|01|Prov|Shutting down
000002.295|so   |*|01|---------- Initial log entry ----------
000002.295|so   |*|01|+++ Note that Updater log times are in GMT +++
000002.295|boot |*|01|Initial log entry. Current logging level 3
000002.295|copy |*|01|Initial log entry. Current logging level 3
000002.295|utilm|*|01|Initial log entry. Current logging level 4
000002.295|hw   |*|01|Initial log entry. Current logging level 4
000002.295|ethf |*|01|Initial log entry. Current logging level 4
000002.295|dns  |*|01|Initial log entry. Current logging level 3
000002.295|curl |*|01|Initial log entry. Current logging level 3
000002.295|sec  |*|01|Initial log entry. Current logging level 4
000002.601|wdog |*|01|Initial log entry. Current logging level 4
000002.601|lldp |*|01|Initial log entry. Current logging level 3
000002.601|cdp  |*|01|Initial log entry. Current logging level 3
000002.601|key  |*|01|Initial log entry. Current logging level 4
000002.602|so   |3|01|Platform: Model=SoundStation IP 6000, Assembly=3111-15600-001 Rev=U Region=
000002.602|so   |3|01|Platform: Board=3111-15600-001 B 0
000002.602|so   |3|01|Platform: MAC=0004f2f823c1
000002.604|so   |3|01|Platform: BootBlock=3.0.2.0024 (15600-001) 30-Nov-10 15:05
000002.604|so   |*|01|Platform: BootL1=Standalone.0008 26-Feb-08 14:11:56
000002.604|so   |3|01|Application, main: Label=Updater, Version=Azurite 5.0.5.2324 09-Dec-13 15:31
000002.604|so   |3|01|Application, main: P/N=YYYY-YYYYY-YYY
000002.604|log  |*|01|Install file upload callback for 'Updater'

000002.604|app1 |*|01|Initial log entry. Current logging level 3
000002.605|cfg  |*|01|Initial log entry. Current logging level 2
000002.612|app1 |3|01|Application, load: Type=SIP, Version=4.0.6.0711 26-Feb-14 08:14
000002.614|boot |*|01|Using TFFS for flash load
000002.614|boot |*|01|Code length:         0x009B9FDB
000002.614|boot |*|01|Code checksum:       0x4D82C510
000003.591|so   |3|01|Link status is Net up Speed 100 full Duplex.
000017.858|app1 |4|01|Loaded application sip.ld from local system successfully.
