000008.655|so   |*|01|---------- Initial log entry ----------
000008.655|so   |*|01|+++ Note that Updater log times are in GMT +++
000008.655|boot |*|01|Initial log entry. Current logging level 3
000008.655|copy |*|01|Initial log entry. Current logging level 3
000008.655|utilm|*|01|Initial log entry. Current logging level 4
000008.655|hw   |*|01|Initial log entry. Current logging level 4
000008.655|ethf |*|01|Initial log entry. Current logging level 4
000008.656|dns  |*|01|Initial log entry. Current logging level 3
000008.656|curl |*|01|Initial log entry. Current logging level 3
000008.656|sec  |*|01|Initial log entry. Current logging level 4
000008.669|wdog |*|01|Initial log entry. Current logging level 4
000008.669|lldp |*|01|Initial log entry. Current logging level 3
000008.669|cdp  |*|01|Initial log entry. Current logging level 3
000008.670|key  |*|01|Initial log entry. Current logging level 4
000008.701|so   |3|01|Platform: Model=VVX 300, Assembly=3111-46135-002 Rev=A Region=0
000008.701|so   |3|01|Platform: Board=3111-46135-002 1 0
000008.702|so   |3|01|Platform: MAC=0004f28e7561
000008.703|so   |3|01|Platform: BootBlock=3.0.4.0028 (46135-002) 30-Jan-13 18:00
000008.704|so   |*|01|Platform: BootL1=1.0.0.0009 (46135-002) 11-Jan-13 14:23
000008.704|so   |3|01|Application, main: Label=Updater, Version=Peridot 5.1.4.0844 20-Mar-13 14:16
000008.704|so   |3|01|Application, main: P/N=3150-11069-514
000008.704|so   |5|01|Platform: Both images are incorrect, will use Primary Image.
000008.704|log  |*|01|Install file upload callback for 'Updater'

000008.706|app1 |*|01|Initial log entry. Current logging level 3
000008.720|cfg  |*|01|Initial log entry. Current logging level 2
000009.667|so   |3|01|Link status is Net up Speed 100 full Duplex, PC down.
000008.040|so   |*|00|---------- Initial log entry ----------
000008.040|so   |*|00|+++ Note that Updater log times are in GMT +++
000008.040|boot |*|00|Initial log entry. Current logging level 3
000008.040|copy |*|00|Initial log entry. Current logging level 3
000008.041|utilm|*|00|Initial log entry. Current logging level 4
000008.041|hw   |*|00|Initial log entry. Current logging level 4
000008.041|ethf |*|00|Initial log entry. Current logging level 4
000008.041|dns  |*|00|Initial log entry. Current logging level 3
000008.041|curl |*|00|Initial log entry. Current logging level 3
000008.041|sec  |*|00|Initial log entry. Current logging level 4
000008.054|wdog |*|00|Initial log entry. Current logging level 4
000008.054|lldp |*|00|Initial log entry. Current logging level 3
000008.054|cdp  |*|00|Initial log entry. Current logging level 3
000008.054|key  |*|00|Initial log entry. Current logging level 4
000008.081|so   |3|00|Platform: Model=VVX 300, Assembly=3111-46135-002 Rev=A Region=0
000008.081|so   |3|00|Platform: Board=3111-46135-002 1 0
000008.082|so   |3|00|Platform: MAC=0004f28e7561
000008.083|so   |3|00|Platform: BootBlock=3.0.4.0028 (46135-002) 30-Jan-13 18:00
000008.084|so   |*|00|Platform: BootL1=1.0.0.0009 (46135-002) 11-Jan-13 14:23
000008.084|so   |3|00|Application, main: Label=Updater, Version=Peridot 5.1.4.0844 20-Mar-13 14:16
000008.084|so   |3|00|Application, main: P/N=3150-11069-514
000008.084|so   |5|00|Platform: Both images are incorrect, will use Primary Image.
000008.084|log  |*|00|Install file upload callback for 'Updater'

000008.085|app1 |*|00|Initial log entry. Current logging level 3
000008.099|cfg  |*|00|Initial log entry. Current logging level 2
000009.048|so   |3|00|Link status is Net up Speed 100 full Duplex, PC down.
000008.034|so   |*|00|---------- Initial log entry ----------
000008.034|so   |*|00|+++ Note that Updater log times are in GMT +++
000008.034|boot |*|00|Initial log entry. Current logging level 3
000008.034|copy |*|00|Initial log entry. Current logging level 3
000008.034|utilm|*|00|Initial log entry. Current logging level 4
000008.034|hw   |*|00|Initial log entry. Current logging level 4
000008.034|ethf |*|00|Initial log entry. Current logging level 4
000008.035|dns  |*|00|Initial log entry. Current logging level 3
000008.035|curl |*|00|Initial log entry. Current logging level 3
000008.035|sec  |*|00|Initial log entry. Current logging level 4
000008.047|wdog |*|00|Initial log entry. Current logging level 4
000008.048|lldp |*|00|Initial log entry. Current logging level 3
000008.048|cdp  |*|00|Initial log entry. Current logging level 3
000008.048|key  |*|00|Initial log entry. Current logging level 4
000008.071|so   |3|00|Platform: Model=VVX 300, Assembly=3111-46135-002 Rev=A Region=0
000008.072|so   |3|00|Platform: Board=3111-46135-002 1 0
000008.072|so   |3|00|Platform: MAC=0004f28e7561
000008.073|so   |3|00|Platform: BootBlock=3.0.4.0028 (46135-002) 30-Jan-13 18:00
000008.074|so   |*|00|Platform: BootL1=1.0.0.0009 (46135-002) 11-Jan-13 14:23
000008.074|so   |3|00|Application, main: Label=Updater, Version=Peridot 5.1.4.0844 20-Mar-13 14:16
000008.074|so   |3|00|Application, main: P/N=3150-11069-514
000008.074|so   |5|00|Platform: Both images are incorrect, will use Primary Image.
000008.074|log  |*|00|Install file upload callback for 'Updater'

000008.075|app1 |*|00|Initial log entry. Current logging level 3
000008.090|cfg  |*|00|Initial log entry. Current logging level 2
000009.042|so   |3|00|Link status is Net up Speed 100 full Duplex, PC down.
000009.714|so   |*|00|---------- Initial log entry ----------
000009.714|so   |*|00|+++ Note that Updater log times are in GMT +++
000009.714|boot |*|00|Initial log entry. Current logging level 3
000009.714|copy |*|00|Initial log entry. Current logging level 3
000009.715|utilm|*|00|Initial log entry. Current logging level 4
000009.715|hw   |*|00|Initial log entry. Current logging level 4
000009.715|ethf |*|00|Initial log entry. Current logging level 4
000009.715|dns  |*|00|Initial log entry. Current logging level 3
000009.715|curl |*|00|Initial log entry. Current logging level 3
000009.715|sec  |*|00|Initial log entry. Current logging level 4
000009.728|wdog |*|00|Initial log entry. Current logging level 4
000009.728|lldp |*|00|Initial log entry. Current logging level 3
000009.728|cdp  |*|00|Initial log entry. Current logging level 3
000009.728|key  |*|00|Initial log entry. Current logging level 4
000009.761|so   |3|00|Platform: Model=VVX 300, Assembly=3111-46135-002 Rev=A Region=0
000009.761|so   |3|00|Platform: Board=3111-46135-002 1 0
000009.762|so   |3|00|Platform: MAC=0004f28e7561
000009.763|so   |3|00|Platform: BootBlock=3.0.4.0028 (46135-002) 30-Jan-13 18:00
000009.764|so   |*|00|Platform: BootL1=1.0.0.0009 (46135-002) 11-Jan-13 14:23
000009.764|so   |3|00|Application, main: Label=Updater, Version=Peridot 5.1.4.0844 20-Mar-13 14:16
000009.764|so   |3|00|Application, main: P/N=3150-11069-514
000009.764|so   |5|00|Platform: Both images are incorrect, will use Primary Image.
000009.764|log  |*|00|Install file upload callback for 'Updater'

000009.765|app1 |*|00|Initial log entry. Current logging level 3
000009.780|cfg  |*|00|Initial log entry. Current logging level 2
000010.723|so   |3|00|Link status is Net up Speed 100 full Duplex, PC up Speed 100 full Duplex.
000008.875|so   |*|00|---------- Initial log entry ----------
000008.875|so   |*|00|+++ Note that Updater log times are in GMT +++
000008.875|boot |*|00|Initial log entry. Current logging level 3
000008.875|copy |*|00|Initial log entry. Current logging level 3
000008.875|utilm|*|00|Initial log entry. Current logging level 4
000008.875|hw   |*|00|Initial log entry. Current logging level 4
000008.875|ethf |*|00|Initial log entry. Current logging level 4
000008.875|dns  |*|00|Initial log entry. Current logging level 3
000008.875|curl |*|00|Initial log entry. Current logging level 3
000008.876|sec  |*|00|Initial log entry. Current logging level 4
000008.888|wdog |*|00|Initial log entry. Current logging level 4
000008.889|lldp |*|00|Initial log entry. Current logging level 3
000008.889|cdp  |*|00|Initial log entry. Current logging level 3
000008.889|key  |*|00|Initial log entry. Current logging level 4
000008.912|so   |3|00|Platform: Model=VVX 300, Assembly=3111-46135-002 Rev=A Region=0
000008.912|so   |3|00|Platform: Board=3111-46135-002 1 0
000008.912|so   |3|00|Platform: MAC=0004f28e7561
000008.914|so   |3|00|Platform: BootBlock=3.0.4.0028 (46135-002) 30-Jan-13 18:00
000008.915|so   |*|00|Platform: BootL1=1.0.0.0009 (46135-002) 11-Jan-13 14:23
000008.915|so   |3|00|Application, main: Label=Updater, Version=Peridot 5.1.4.0844 20-Mar-13 14:16
000008.915|so   |3|00|Application, main: P/N=3150-11069-514
000008.915|so   |5|00|Platform: Both images are incorrect, will use Primary Image.
000008.915|log  |*|00|Install file upload callback for 'Updater'

000008.916|app1 |*|00|Initial log entry. Current logging level 3
000008.930|cfg  |*|00|Initial log entry. Current logging level 2
000009.884|so   |3|00|Link status is Net up Speed 100 full Duplex, PC up Speed 100 full Duplex.
000008.579|so   |*|00|---------- Initial log entry ----------
000008.579|so   |*|00|+++ Note that Updater log times are in GMT +++
000008.579|boot |*|00|Initial log entry. Current logging level 3
000008.580|copy |*|00|Initial log entry. Current logging level 3
000008.580|utilm|*|00|Initial log entry. Current logging level 4
000008.580|hw   |*|00|Initial log entry. Current logging level 4
000008.580|ethf |*|00|Initial log entry. Current logging level 4
000008.580|dns  |*|00|Initial log entry. Current logging level 3
000008.580|curl |*|00|Initial log entry. Current logging level 3
000008.580|sec  |*|00|Initial log entry. Current logging level 4
000008.593|wdog |*|00|Initial log entry. Current logging level 4
000008.593|lldp |*|00|Initial log entry. Current logging level 3
000008.593|cdp  |*|00|Initial log entry. Current logging level 3
000008.593|key  |*|00|Initial log entry. Current logging level 4
000008.621|so   |3|00|Platform: Model=VVX 300, Assembly=3111-46135-002 Rev=A Region=0
000008.621|so   |3|00|Platform: Board=3111-46135-002 1 0
000008.622|so   |3|00|Platform: MAC=0004f28e7561
000008.623|so   |3|00|Platform: BootBlock=3.0.4.0028 (46135-002) 30-Jan-13 18:00
000008.624|so   |*|00|Platform: BootL1=1.0.0.0009 (46135-002) 11-Jan-13 14:23
000008.624|so   |3|00|Application, main: Label=Updater, Version=Peridot 5.1.4.0844 20-Mar-13 14:16
000008.624|so   |3|00|Application, main: P/N=3150-11069-514
000008.624|so   |5|00|Platform: Both images are incorrect, will use Primary Image.
000008.624|log  |*|00|Install file upload callback for 'Updater'

000008.625|app1 |*|00|Initial log entry. Current logging level 3
000008.639|cfg  |*|00|Initial log entry. Current logging level 2
000009.589|so   |3|00|Link status is Net up Speed 100 full Duplex, PC up Speed 100 full Duplex.
000008.268|so   |*|00|---------- Initial log entry ----------
000008.268|so   |*|00|+++ Note that Updater log times are in GMT +++
000008.268|boot |*|00|Initial log entry. Current logging level 3
000008.268|copy |*|00|Initial log entry. Current logging level 3
000008.269|utilm|*|00|Initial log entry. Current logging level 4
000008.269|hw   |*|00|Initial log entry. Current logging level 4
000008.269|ethf |*|00|Initial log entry. Current logging level 4
000008.269|dns  |*|00|Initial log entry. Current logging level 3
000008.269|curl |*|00|Initial log entry. Current logging level 3
000008.269|sec  |*|00|Initial log entry. Current logging level 4
000008.282|wdog |*|00|Initial log entry. Current logging level 4
000008.282|lldp |*|00|Initial log entry. Current logging level 3
000008.282|cdp  |*|00|Initial log entry. Current logging level 3
000008.282|key  |*|00|Initial log entry. Current logging level 4
000008.321|so   |3|00|Platform: Model=VVX 300, Assembly=3111-46135-002 Rev=A Region=0
000008.321|so   |3|00|Platform: Board=3111-46135-002 1 0
000008.322|so   |3|00|Platform: MAC=0004f28e7561
000008.323|so   |3|00|Platform: BootBlock=3.0.4.0028 (46135-002) 30-Jan-13 18:00
000008.324|so   |*|00|Platform: BootL1=1.0.0.0009 (46135-002) 11-Jan-13 14:23
000008.324|so   |3|00|Application, main: Label=Updater, Version=Peridot 5.1.4.0844 20-Mar-13 14:16
000008.324|so   |3|00|Application, main: P/N=3150-11069-514
000008.324|so   |5|00|Platform: Both images are incorrect, will use Primary Image.
000008.324|log  |*|00|Install file upload callback for 'Updater'

000008.325|app1 |*|00|Initial log entry. Current logging level 3
000008.339|cfg  |*|00|Initial log entry. Current logging level 2
000009.280|so   |3|00|Link status is Net up Speed 100 full Duplex, PC up Speed 100 full Duplex.
000008.032|so   |*|00|---------- Initial log entry ----------
000008.032|so   |*|00|+++ Note that Updater log times are in GMT +++
000008.032|boot |*|00|Initial log entry. Current logging level 3
000008.032|copy |*|00|Initial log entry. Current logging level 3
000008.033|utilm|*|00|Initial log entry. Current logging level 4
000008.033|hw   |*|00|Initial log entry. Current logging level 4
000008.033|ethf |*|00|Initial log entry. Current logging level 4
000008.033|dns  |*|00|Initial log entry. Current logging level 3
000008.033|curl |*|00|Initial log entry. Current logging level 3
000008.033|sec  |*|00|Initial log entry. Current logging level 4
000008.045|wdog |*|00|Initial log entry. Current logging level 4
000008.046|lldp |*|00|Initial log entry. Current logging level 3
000008.046|cdp  |*|00|Initial log entry. Current logging level 3
000008.046|key  |*|00|Initial log entry. Current logging level 4
000008.071|so   |3|00|Platform: Model=VVX 300, Assembly=3111-46135-002 Rev=A Region=0
000008.071|so   |3|00|Platform: Board=3111-46135-002 1 0
000008.072|so   |3|00|Platform: MAC=0004f28e7561
000008.073|so   |3|00|Platform: BootBlock=3.0.4.0028 (46135-002) 30-Jan-13 18:00
000008.074|so   |*|00|Platform: BootL1=1.0.0.0009 (46135-002) 11-Jan-13 14:23
000008.074|so   |3|00|Application, main: Label=Updater, Version=Peridot 5.1.4.0844 20-Mar-13 14:16
000008.074|so   |3|00|Application, main: P/N=3150-11069-514
000008.074|so   |5|00|Platform: Both images are incorrect, will use Primary Image.
000008.074|log  |*|00|Install file upload callback for 'Updater'

000008.075|app1 |*|00|Initial log entry. Current logging level 3
000008.089|cfg  |*|00|Initial log entry. Current logging level 2
000008.093|dot1x|*|00|Initial log entry. Current logging level 3
000008.093|app1 |3|00|Starting provisioning because of the start type.
000008.295|tls  |*|00|Initial log entry. Current logging level 4
000009.039|so   |3|00|Link status is Net up Speed 100 full Duplex, PC up Speed 100 full Duplex.
000010.857|lldp |3|00|Enabling 802.1Q tagging, VLAN ID = 111 (from LLDP/CDP)
000010.858|lldp |5|00|VLAN Id has changed to 111.
000014.393|lldp |3|00|LLDP received a response from a switch. LLDP enabled.
000014.450|dhcpc|*|00|Initial log entry. Current logging level 4
000016.996|dns  |*|00|DNS resolver servers are '8.8.8.8' '8.8.4.4'
000016.996|dns  |*|00|DNS resolver search domain is ''
000016.996|app1 |3|00|DNS resolver servers are '8.8.8.8' '8.8.4.4'
000016.996|app1 |3|00|DNS resolver search domain is ''
000017.096|dns  |3|00|DNS lookup for (A) 'p.voxter.com'(74.114.208.245) TTL=2627
000017.098|app1 |3|00|DHCP returned result 0x18F from server 10.2.0.2.
000017.098|app1 |3|00|   Phone IP address is 10.2.0.228.
000017.098|app1 |3|00|   Subnet mask is 255.255.255.0.
000017.098|app1 |3|00|   Gateway address is 10.2.0.1.
000017.098|app1 |3|00|   Provisioning server address is http://p.voxter.com/.
000017.098|app1 |3|00|   DNS server is 8.8.8.8.
000017.098|app1 |3|00|   DNS alternate server is 8.8.4.4.
000017.209|dns  |3|00|DNS lookup for (A) 'pool.ntp.org'(206.108.0.132,199.167.128.130,104.167.108.120) TTL=128
0422013422|app1 |3|00|Time has been set from pool.ntp.org (206.108.0.132).
0422013422|app1 |3|00|   1429666462: 2015-4-22, 1:34:22, DST off
0422013422|copy |3|00|'http://PlcmSpIp:****@p.voxter.com/0004f28e7561.cfg' from 'p.voxter.com(74.114.208.245)'
0422013422|copy |3|00|Download of '0004f28e7561.cfg' succeeded on attempt 1 (addr 1 of 1)
0422013422|cfg  |*|00|Prov|Starting to update 3111-46135-002.sip.ld
0422013422|copy |3|00|'http://PlcmSpIp:****@p.voxter.com/3111-46135-002.sip.ld' from 'p.voxter.com(74.114.208.245)'
0422013423|cfg  |3|00|New load header information:
0422013423|cfg  |3|00|Code length:         0x027559F0
0422013423|cfg  |3|00|Code Checksum:       0x38A3BFD9
0422013423|cfg  |3|00|Options:             0x00000080
0422013423|cfg  |3|00|Recognized container image
0422013423|cfg  |3|00|New load header information:
0422013423|cfg  |3|00|Code length:         0x020760FC
0422013423|cfg  |3|00|Code Checksum:       0x02B7DAEB
0422013423|cfg  |3|00|Options:             0x00000002
0422013423|cfg  |3|00|Application header is different
0422013423|cfg  |3|00|Application in container image 1 is different
0422013423|cfg  |3|00|New load header information:
0422013423|cfg  |3|00|Code length:         0x006DEFE4
0422013423|cfg  |3|00|Code Checksum:       0x38A32210
0422013423|cfg  |3|00|Options:             0x00000010
0422013423|cfg  |3|00|Updater header is different
0422013423|cfg  |3|00|Updater in container image 2 is different
0422013423|cfg  |3|00|Using Updater
0422013712|cfg  |*|00|Prov|Updating the Updater
0422013712|cfg  |3|00|Using compatible image 0
0422013746|copy |3|00|Download of '3111-46135-002.sip.ld' succeeded on attempt 1 (addr 1 of 1)
0422013747|sig  |*|00|Initial log entry. Current logging level 3
0422013747|sig  |3|00|hwSigParseRemove: found key Sig_3.
0422013747|cfg  |3|00|Good image signature
0422013748|cfg  |4|00|Removing application...
0422013753|cfg  |3|00|Programming Updater from sector 320 to 575
0422013759|cfg  |3|00|Programming to sector 320 complete
0422013801|cfg  |*|00|Prov|Image has been changed
0422013801|cfg  |*|00|Prov|Provisioning needs to reboot to upgrade image(s)
000008.604|so   |*|00|---------- Initial log entry ----------
000008.604|so   |*|00|+++ Note that Updater log times are in GMT +++
000008.604|boot |*|00|Initial log entry. Current logging level 3
000008.604|copy |*|00|Initial log entry. Current logging level 3
000008.604|utilm|*|00|Initial log entry. Current logging level 4
000008.604|hw   |*|00|Initial log entry. Current logging level 4
000008.604|ethf |*|00|Initial log entry. Current logging level 4
000008.604|dns  |*|00|Initial log entry. Current logging level 3
000008.604|curl |*|00|Initial log entry. Current logging level 3
000008.605|sec  |*|00|Initial log entry. Current logging level 4
000008.849|wdog |*|00|Initial log entry. Current logging level 4
000008.849|lldp |*|00|Initial log entry. Current logging level 3
000008.849|cdp  |*|00|Initial log entry. Current logging level 3
000008.850|key  |*|00|Initial log entry. Current logging level 4
000008.850|so   |3|00|SoKeyC::keyboardSetup(): Assigning virtual key: hwId 45 soKeyConcordVirtualTab[i].function 53
000008.881|so   |3|00|Platform: Model=VVX 300, Assembly=3111-46135-002 Rev=A Region=0
000008.881|so   |3|00|Platform: Board=3111-46135-002 1 0
000008.882|so   |3|00|Platform: MAC=0004f28e7561
000008.883|so   |3|00|Platform: BootBlock=3.0.4.0028 (46135-002) 30-Jan-13 18:00
000008.884|so   |*|00|Platform: BootL1=1.0.0.0009 (46135-002) 11-Jan-13 14:23
000008.884|so   |3|00|Application, main: Label=Updater, Version=Fayalite 5.5.0.13251 24-Mar-15 02:46
000008.884|so   |3|00|Application, main: P/N=3150-11069-550
000008.884|log  |*|00|Install file upload callback for 'Updater'

000008.885|app1 |*|00|Initial log entry. Current logging level 3
000008.897|cfg  |*|00|Initial log entry. Current logging level 2
000008.902|dot1x|*|00|Initial log entry. Current logging level 3
000008.902|app1 |3|00|Starting provisioning because of the start type.
000009.107|tls  |*|00|Initial log entry. Current logging level 4
000009.843|so   |3|00|Link status is Net up Speed 100 full Duplex, PC down.
000010.843|so   |3|00|Link status is Net up Speed 100 full Duplex, PC up Speed 100 full Duplex.
000011.292|lldp |3|00|Enabling 802.1Q tagging, VLAN ID = 111 (from LLDP/CDP)
000011.292|lldp |5|00|VLAN Id has changed to 111.
000015.199|lldp |3|00|LLDP received a response from a switch. LLDP enabled.
000015.393|dhcpc|*|00|Initial log entry. Current logging level 2
000015.395|dhcpc|3|00|dhcAddIf v4 succeeds: eth0.111.
000015.399|dhcpc|3|00|dhcRebind v4: Will wait until sync rebind completes.
000015.935|dhcpc|3|00|relLease(0) v4: Succeeded to fork dhclient to terminate.
000016.586|dhcpc|3|00|dhcListener: Read succeeds: eth0.111 state: PREINIT
.
000016.586|dhcpc|4|00|DhcpClient::processLine: no callback for state 1 if eth0.111
000017.791|dhcpc|3|00|dhcListener: Read succeeds: eth0.111 ip: 10.2.0.228
.
000017.793|dhcpc|3|00|dhcListener: Read succeeds: eth0.111 option: subnet-mask 255.255.255.0
.
000017.794|dhcpc|3|00|dhcListener: Read succeeds: eth0.111 option: routers 10.2.0.1
.
000017.795|dhcpc|3|00|dhcListener: Read succeeds: eth0.111 option: domain-name-servers 8.8.8.8 8.8.4.4
.
000017.797|dhcpc|3|00|dhcListener: Read succeeds: eth0.111 option: dhcp-lease-time 600
.
000017.798|dhcpc|3|00|dhcListener: Read succeeds: eth0.111 option: tftp-server-name http://p.voxter.com/
.
000017.799|dhcpc|3|00|dhcListener: Read succeeds: eth0.111 option: dhcp-server-identifier 10.2.0.2
.
000017.805|dhcpc|3|00|dhcListener: Read succeeds: eth0.111 option: broadcast-address 10.2.0.255
.
000017.809|dhcpc|3|00|dhcListener: Read succeeds: eth0.111 option: dhcp-lease-time 600
.
000017.811|dhcpc|3|00|dhcListener: Read succeeds: eth0.111 option: dhcp-message-type 5
.
000017.847|dhcpc|3|00|dhcListener: Read succeeds: eth0.111 state: BOUND
.
000017.847|dhcpc|4|00|DhcpClient::processLine: no callback for state 2 if eth0.111
000017.848|dhcpc|3|00|dhcRebind v4: Sync rebind succeeds.
000017.848|dhcpc|3|00|Program eth0.111 to use subnet mask 255.255.255.0, result 0.
000017.849|dhcpc|3|00|Program eth0.111 to use ip address 10.2.0.228, result 0.
000017.850|dhcpc|3|00|Program eth0.111 to use router 10.2.0.1, result 0.
000017.866|dhcpc|3|00|getLease v4: Succeeded to fork dhclient for interface eth0.111.
000018.858|ares |*|00|Initial log entry. Current logging level 3
000018.860|dns  |*|00|DNS resolver servers are '8.8.8.8' '8.8.4.4'
000018.860|dns  |*|00|DNS resolver search domain is ''
000018.860|app1 |3|00|DNS resolver servers are '8.8.8.8' '8.8.4.4'
000018.860|app1 |3|00|DNS resolver search domain is ''
000019.055|app1 |3|00|DHCP returned result 0x18F from server 10.2.0.2.
000019.055|app1 |3|00|   Phone IPv4 address is 10.2.0.228.
000019.055|app1 |3|00|   Subnet mask is 255.255.255.0.
000019.055|app1 |3|00|   Gateway address is 10.2.0.1.
000019.056|app1 |3|00|   Provisioning server address is http://p.voxter.com/.
000019.056|app1 |3|00|   DNS server is 8.8.8.8
000019.056|app1 |3|00|   DNS alternate server is 8.8.4.4.
0422013835|app1 |3|00|Time has been set from pool.ntp.org (206.108.0.132).
0422013835|app1 |3|00|   1429666715: 2015-4-22, 1:38:35, DST off
0422013835|copy |3|00|'http://PlcmSpIp:****@p.voxter.com/0004f28e7561.cfg' from 'p.voxter.com(74.114.208.245)'
0422013835|copy |3|00|Download of '0004f28e7561.cfg' succeeded on attempt 1 (addr 1 of 1)
0422013835|cfg  |*|00|Prov|Starting to update 3111-46135-002.sip.ld
0422013835|copy |3|00|'http://PlcmSpIp:****@p.voxter.com/3111-46135-002.sip.ld' from 'p.voxter.com(74.114.208.245)'
0422013836|cfg  |3|00|New load header information:
0422013836|cfg  |3|00|Code length:         0x027559F0
0422013836|cfg  |3|00|Code Checksum:       0x38A3BFD9
0422013836|cfg  |3|00|Options:             0x00000080
0422013836|cfg  |3|00|Recognized container image
0422013836|cfg  |3|00|New load header information:
0422013836|cfg  |3|00|Code length:         0x020760FC
0422013836|cfg  |3|00|Code Checksum:       0x02B7DAEB
0422013836|cfg  |3|00|Options:             0x00000002
0422013836|cfg  |3|00|Could not open application file for checking
0422013836|cfg  |3|00|Application in container image 1 is different
0422013836|cfg  |3|00|New load header information:
0422013836|cfg  |3|00|Code length:         0x006DEFE4
0422013836|cfg  |3|00|Code Checksum:       0x38A32210
0422013836|cfg  |3|00|Options:             0x00000010
0422013836|cfg  |3|00|Updater is already present
0422013836|cfg  |3|00|Updater in container image 2 is not different
0422013836|cfg  |3|00|Using application
0422013836|cfg  |*|00|Prov|Updating the Application
0422013836|cfg  |3|00|Using compatible image 0
0422014305|dhcpc|3|00|dhcListener: Read succeeds: eth0.111 state: RENEW
.
0422014305|dhcpc|4|00|DhcpClient::processLine: no callback for state 6 if eth0.111
0422014702|dhcpc|3|00|dhcListener: Read succeeds: eth0.111 state: RENEW
.
0422014702|dhcpc|4|00|DhcpClient::processLine: no callback for state 6 if eth0.111
0422014746|copy |3|00|buffered_write: transfer terminated
0422014746|copy |3|00|Download of '3111-46135-002.sip.ld' succeeded on attempt 1 (addr 1 of 1)
0422014747|sig  |*|00|Initial log entry. Current logging level 3
0422014747|sig  |3|00|hwSigParseRemove: found key Sig_3.
0422014750|cfg  |3|00|Good image signature
0422014751|cfg  |3|00|Programming 34038588 bytes into tffs in 4K blocks
0422014754|cfg  |3|00|Extracting application files
0422014754|cfg  |3|00|New load header information:
0422014754|cfg  |3|00|Code length:         0x020760FC
0422014754|cfg  |3|00|Code Checksum:       0x02B7DAEB
0422014754|cfg  |3|00|Options:             0x00000002
0422015015|cfg  |3|00|Finished extracting application files (OK)
0422015025|cfg  |3|00|File system is synchronized
0422015025|cfg  |*|00|Prov|Succeeded updating file 3111-46135-002.sip.ld
0422015025|cfg  |*|00|Prov|Image has been changed
0422015025|cfg  |3|00|Prov|Provisioning succeeded
0422015025|app1 |3|00|Application, load: Type=SIP, Version=5.3.0.12074 24-Mar-15 03:06
0422015025|cfg  |*|00|Prov|Finished updating configuration
0422015025|boot |*|00|Using TFFS for flash load
0422015025|boot |*|00|Code length:         0x020760FC
0422015025|boot |*|00|Code checksum:       0x02B7DAEB
0422015025|app1 |4|00|Loaded application sip.ld from local system successfully.
0422015025|app1 |6|00|Uploading boot log, time is Wed Apr 22 01:50:26 2015

0422015026|copy |3|00|'http://PlcmSpIp:****@p.voxter.com/logs/0004f28e7561-boot.log' to 'p.voxter.com(74.114.208.245)'
0422015026|copy |3|00|Upload of 'logs/0004f28e7561-boot.log' succeeded on attempt 1 (addr 1 of 1)
0422015027|dhcpc|3|00|relLease(0) v4: Succeeded to fork dhclient to terminate.
0422015048|cfg  |3|00|Prov|Shutting down
