0420080342|sip  |4|00|NAPTR query for host 'vantage.fullymanaged.sip.voxter.com' returned no results
0420091700|app1 |4|00|DBS event contains a handle (0xd57438) that's invalid
0420091700|app1 |4|00|DBS event contains a handle (0xd7dc70) that's invalid
0420091724|clist|4|00|dbIO::processResult:copy error
0420091724|clist|4|00|dbSet::mem2srv:transfer failed
0420095643|app1 |4|00|DBS event contains a handle (0xd57438) that's invalid
0420095643|app1 |4|00|DBS event contains a handle (0xd7dc70) that's invalid
0420095724|clist|4|00|dbIO::processResult:copy error
0420095724|clist|4|00|dbSet::mem2srv:transfer failed
0420113407|app1 |4|00|DBS event contains a handle (0x41396b68) that's invalid
0420113407|app1 |4|00|DBS event contains a handle (0xd56ae0) that's invalid
0420113418|app1 |4|00|DBS event contains a handle (0x41396b68) that's invalid
0420113418|app1 |4|00|DBS event contains a handle (0xd56ae0) that's invalid
0420113645|app1 |4|00|DBS event contains a handle (0xd57438) that's invalid
0420113645|app1 |4|00|DBS event contains a handle (0xd7dc70) that's invalid
0420113724|clist|4|00|dbIO::processResult:copy error
0420113724|clist|4|00|dbSet::mem2srv:transfer failed
0420121326|so   |4|00|IsDivertFeaturesEnabled - EXIT
0420121326|so   |4|00|IsDivertFeaturesEnabled - EXIT
0420121345|app1 |4|00|DBS event contains a handle (0xd57438) that's invalid
0420121345|app1 |4|00|DBS event contains a handle (0xd7dc70) that's invalid
0420121424|clist|4|00|dbIO::processResult:copy error
0420121424|clist|4|00|dbSet::mem2srv:transfer failed
0420123024|app1 |4|00|DBS event contains a handle (0xd57438) that's invalid
0420123024|app1 |4|00|DBS event contains a handle (0xd7dc70) that's invalid
0420123124|clist|4|00|dbIO::processResult:copy error
0420123124|clist|4|00|dbSet::mem2srv:transfer failed
0420125626|sip  |4|00|Registration failed User: 3829, Error Code:480 Temporarily not available
0420125730|sip  |4|00|Registration failed User: 3829, Error Code:401 Unauthorized
0420130448|app1 |4|00|DBS event contains a handle (0xd57438) that's invalid
0420130448|app1 |4|00|DBS event contains a handle (0xd7dc70) that's invalid
0420130524|clist|4|00|dbIO::processResult:copy error
0420130524|clist|4|00|dbSet::mem2srv:transfer failed
0420130554|app1 |4|00|DBS event contains a handle (0xd57438) that's invalid
0420130554|app1 |4|00|DBS event contains a handle (0xd7dc70) that's invalid
0420130624|clist|4|00|dbIO::processResult:copy error
0420130624|clist|4|00|dbSet::mem2srv:transfer failed
0420131640|so   |4|00|IsDivertFeaturesEnabled - EXIT
0420131640|so   |4|00|IsDivertFeaturesEnabled - EXIT
0420133258|app1 |4|00|DBS event contains a handle (0xd57438) that's invalid
0420133258|app1 |4|00|DBS event contains a handle (0xd7dc70) that's invalid
0420133322|clist|4|00|dbIO::processResult:copy error
0420133322|clist|4|00|dbSet::mem2srv:transfer failed
0421052636|sip  |4|00|NAPTR query for host 'vantage.fullymanaged.sip.voxter.com' returned no results
