000008.610|so   |*|01|---------- Initial log entry ----------
000008.610|so   |*|01|+++ Note that Updater log times are in GMT +++
000008.610|boot |*|01|Initial log entry. Current logging level 3
000008.610|copy |*|01|Initial log entry. Current logging level 3
000008.610|utilm|*|01|Initial log entry. Current logging level 4
000008.610|hw   |*|01|Initial log entry. Current logging level 4
000008.610|ethf |*|01|Initial log entry. Current logging level 4
000008.610|dns  |*|01|Initial log entry. Current logging level 3
000008.611|curl |*|01|Initial log entry. Current logging level 3
000008.611|sec  |*|01|Initial log entry. Current logging level 4
000008.624|wdog |*|01|Initial log entry. Current logging level 4
000008.624|lldp |*|01|Initial log entry. Current logging level 3
000008.624|cdp  |*|01|Initial log entry. Current logging level 3
000008.624|key  |*|01|Initial log entry. Current logging level 4
000008.652|so   |3|01|Platform: Model=VVX 300, Assembly=3111-46135-002 Rev=A Region=0
000008.652|so   |3|01|Platform: Board=3111-46135-002 1 0
000008.652|so   |3|01|Platform: MAC=0004f28e753d
000008.653|so   |3|01|Platform: BootBlock=3.0.4.0028 (46135-002) 30-Jan-13 18:00
000008.654|so   |*|01|Platform: BootL1=1.0.0.0009 (46135-002) 11-Jan-13 14:23
000008.654|so   |3|01|Application, main: Label=Updater, Version=Peridot 5.1.4.0844 20-Mar-13 14:16
000008.654|so   |3|01|Application, main: P/N=3150-11069-514
000008.654|so   |5|01|Platform: Both images are incorrect, will use Primary Image.
000008.654|log  |*|01|Install file upload callback for 'Updater'

000008.656|app1 |*|01|Initial log entry. Current logging level 3
000008.670|cfg  |*|01|Initial log entry. Current logging level 2
000009.622|so   |3|01|Link status is Net up Speed 100 full Duplex, PC down.
000008.634|so   |*|01|---------- Initial log entry ----------
000008.634|so   |*|01|+++ Note that Updater log times are in GMT +++
000008.634|boot |*|01|Initial log entry. Current logging level 3
000008.634|copy |*|01|Initial log entry. Current logging level 3
000008.634|utilm|*|01|Initial log entry. Current logging level 4
000008.634|hw   |*|01|Initial log entry. Current logging level 4
000008.634|ethf |*|01|Initial log entry. Current logging level 4
000008.634|dns  |*|01|Initial log entry. Current logging level 3
000008.634|curl |*|01|Initial log entry. Current logging level 3
000008.635|sec  |*|01|Initial log entry. Current logging level 4
000008.648|wdog |*|01|Initial log entry. Current logging level 4
000008.648|lldp |*|01|Initial log entry. Current logging level 3
000008.649|cdp  |*|01|Initial log entry. Current logging level 3
000008.649|key  |*|01|Initial log entry. Current logging level 4
000008.671|so   |3|01|Platform: Model=VVX 300, Assembly=3111-46135-002 Rev=A Region=0
000008.671|so   |3|01|Platform: Board=3111-46135-002 1 0
000008.672|so   |3|01|Platform: MAC=0004f28e753d
000008.673|so   |3|01|Platform: BootBlock=3.0.4.0028 (46135-002) 30-Jan-13 18:00
000008.674|so   |*|01|Platform: BootL1=1.0.0.0009 (46135-002) 11-Jan-13 14:23
000008.674|so   |3|01|Application, main: Label=Updater, Version=Peridot 5.1.4.0844 20-Mar-13 14:16
000008.674|so   |3|01|Application, main: P/N=3150-11069-514
000008.674|so   |5|01|Platform: Both images are incorrect, will use Primary Image.
000008.674|log  |*|01|Install file upload callback for 'Updater'

000008.675|app1 |*|01|Initial log entry. Current logging level 3
000008.690|cfg  |*|01|Initial log entry. Current logging level 2
000009.641|so   |3|01|Link status is Net up Speed 100 full Duplex, PC down.
000008.077|so   |*|00|---------- Initial log entry ----------
000008.078|so   |*|00|+++ Note that Updater log times are in GMT +++
000008.078|boot |*|00|Initial log entry. Current logging level 3
000008.078|copy |*|00|Initial log entry. Current logging level 3
000008.078|utilm|*|00|Initial log entry. Current logging level 4
000008.078|hw   |*|00|Initial log entry. Current logging level 4
000008.078|ethf |*|00|Initial log entry. Current logging level 4
000008.078|dns  |*|00|Initial log entry. Current logging level 3
000008.078|curl |*|00|Initial log entry. Current logging level 3
000008.078|sec  |*|00|Initial log entry. Current logging level 4
000008.091|wdog |*|00|Initial log entry. Current logging level 4
000008.092|lldp |*|00|Initial log entry. Current logging level 3
000008.092|cdp  |*|00|Initial log entry. Current logging level 3
000008.092|key  |*|00|Initial log entry. Current logging level 4
000008.121|so   |3|00|Platform: Model=VVX 300, Assembly=3111-46135-002 Rev=A Region=0
000008.121|so   |3|00|Platform: Board=3111-46135-002 1 0
000008.122|so   |3|00|Platform: MAC=0004f28e753d
000008.123|so   |3|00|Platform: BootBlock=3.0.4.0028 (46135-002) 30-Jan-13 18:00
000008.124|so   |*|00|Platform: BootL1=1.0.0.0009 (46135-002) 11-Jan-13 14:23
000008.124|so   |3|00|Application, main: Label=Updater, Version=Peridot 5.1.4.0844 20-Mar-13 14:16
000008.124|so   |3|00|Application, main: P/N=3150-11069-514
000008.124|so   |5|00|Platform: Both images are incorrect, will use Primary Image.
000008.124|log  |*|00|Install file upload callback for 'Updater'

000008.125|app1 |*|00|Initial log entry. Current logging level 3
000008.139|cfg  |*|00|Initial log entry. Current logging level 2
000009.087|so   |3|00|Link status is Net up Speed 100 full Duplex, PC down.
000008.081|so   |*|00|---------- Initial log entry ----------
000008.081|so   |*|00|+++ Note that Updater log times are in GMT +++
000008.081|boot |*|00|Initial log entry. Current logging level 3
000008.081|copy |*|00|Initial log entry. Current logging level 3
000008.082|utilm|*|00|Initial log entry. Current logging level 4
000008.082|hw   |*|00|Initial log entry. Current logging level 4
000008.082|ethf |*|00|Initial log entry. Current logging level 4
000008.082|dns  |*|00|Initial log entry. Current logging level 3
000008.082|curl |*|00|Initial log entry. Current logging level 3
000008.082|sec  |*|00|Initial log entry. Current logging level 4
000008.095|wdog |*|00|Initial log entry. Current logging level 4
000008.095|lldp |*|00|Initial log entry. Current logging level 3
000008.095|cdp  |*|00|Initial log entry. Current logging level 3
000008.095|key  |*|00|Initial log entry. Current logging level 4
000008.121|so   |3|00|Platform: Model=VVX 300, Assembly=3111-46135-002 Rev=A Region=0
000008.121|so   |3|00|Platform: Board=3111-46135-002 1 0
000008.122|so   |3|00|Platform: MAC=0004f28e753d
000008.123|so   |3|00|Platform: BootBlock=3.0.4.0028 (46135-002) 30-Jan-13 18:00
000008.124|so   |*|00|Platform: BootL1=1.0.0.0009 (46135-002) 11-Jan-13 14:23
000008.124|so   |3|00|Application, main: Label=Updater, Version=Peridot 5.1.4.0844 20-Mar-13 14:16
000008.124|so   |3|00|Application, main: P/N=3150-11069-514
000008.124|so   |5|00|Platform: Both images are incorrect, will use Primary Image.
000008.124|log  |*|00|Install file upload callback for 'Updater'

000008.125|app1 |*|00|Initial log entry. Current logging level 3
000008.139|cfg  |*|00|Initial log entry. Current logging level 2
000009.090|so   |3|00|Link status is Net up Speed 100 full Duplex, PC down.
000009.347|so   |*|00|---------- Initial log entry ----------
000009.347|so   |*|00|+++ Note that Updater log times are in GMT +++
000009.347|boot |*|00|Initial log entry. Current logging level 3
000009.347|copy |*|00|Initial log entry. Current logging level 3
000009.347|utilm|*|00|Initial log entry. Current logging level 4
000009.347|hw   |*|00|Initial log entry. Current logging level 4
000009.347|ethf |*|00|Initial log entry. Current logging level 4
000009.347|dns  |*|00|Initial log entry. Current logging level 3
000009.348|curl |*|00|Initial log entry. Current logging level 3
000009.348|sec  |*|00|Initial log entry. Current logging level 4
000009.361|wdog |*|00|Initial log entry. Current logging level 4
000009.361|lldp |*|00|Initial log entry. Current logging level 3
000009.361|cdp  |*|00|Initial log entry. Current logging level 3
000009.361|key  |*|00|Initial log entry. Current logging level 4
000009.391|so   |3|00|Platform: Model=VVX 300, Assembly=3111-46135-002 Rev=A Region=0
000009.391|so   |3|00|Platform: Board=3111-46135-002 1 0
000009.392|so   |3|00|Platform: MAC=0004f28e753d
000009.393|so   |3|00|Platform: BootBlock=3.0.4.0028 (46135-002) 30-Jan-13 18:00
000009.394|so   |*|00|Platform: BootL1=1.0.0.0009 (46135-002) 11-Jan-13 14:23
000009.394|so   |3|00|Application, main: Label=Updater, Version=Peridot 5.1.4.0844 20-Mar-13 14:16
000009.394|so   |3|00|Application, main: P/N=3150-11069-514
000009.394|so   |5|00|Platform: Both images are incorrect, will use Primary Image.
000009.394|log  |*|00|Install file upload callback for 'Updater'

000009.395|app1 |*|00|Initial log entry. Current logging level 3
000009.409|cfg  |*|00|Initial log entry. Current logging level 2
000010.358|so   |3|00|Link status is Net up Speed 100 full Duplex, PC down.
000008.070|so   |*|00|---------- Initial log entry ----------
000008.070|so   |*|00|+++ Note that Updater log times are in GMT +++
000008.070|boot |*|00|Initial log entry. Current logging level 3
000008.070|copy |*|00|Initial log entry. Current logging level 3
000008.071|utilm|*|00|Initial log entry. Current logging level 4
000008.071|hw   |*|00|Initial log entry. Current logging level 4
000008.071|ethf |*|00|Initial log entry. Current logging level 4
000008.071|dns  |*|00|Initial log entry. Current logging level 3
000008.071|curl |*|00|Initial log entry. Current logging level 3
000008.071|sec  |*|00|Initial log entry. Current logging level 4
000008.084|wdog |*|00|Initial log entry. Current logging level 4
000008.084|lldp |*|00|Initial log entry. Current logging level 3
000008.084|cdp  |*|00|Initial log entry. Current logging level 3
000008.084|key  |*|00|Initial log entry. Current logging level 4
000008.111|so   |3|00|Platform: Model=VVX 300, Assembly=3111-46135-002 Rev=A Region=0
000008.111|so   |3|00|Platform: Board=3111-46135-002 1 0
000008.112|so   |3|00|Platform: MAC=0004f28e753d
000008.113|so   |3|00|Platform: BootBlock=3.0.4.0028 (46135-002) 30-Jan-13 18:00
000008.114|so   |*|00|Platform: BootL1=1.0.0.0009 (46135-002) 11-Jan-13 14:23
000008.114|so   |3|00|Application, main: Label=Updater, Version=Peridot 5.1.4.0844 20-Mar-13 14:16
000008.114|so   |3|00|Application, main: P/N=3150-11069-514
000008.114|so   |5|00|Platform: Both images are incorrect, will use Primary Image.
000008.114|log  |*|00|Install file upload callback for 'Updater'

000008.115|app1 |*|00|Initial log entry. Current logging level 3
000008.129|cfg  |*|00|Initial log entry. Current logging level 2
000009.079|so   |3|00|Link status is Net up Speed 100 full Duplex, PC down.
000008.091|so   |*|00|---------- Initial log entry ----------
000008.091|so   |*|00|+++ Note that Updater log times are in GMT +++
000008.092|boot |*|00|Initial log entry. Current logging level 3
000008.092|copy |*|00|Initial log entry. Current logging level 3
000008.092|utilm|*|00|Initial log entry. Current logging level 4
000008.092|hw   |*|00|Initial log entry. Current logging level 4
000008.092|ethf |*|00|Initial log entry. Current logging level 4
000008.092|dns  |*|00|Initial log entry. Current logging level 3
000008.092|curl |*|00|Initial log entry. Current logging level 3
000008.092|sec  |*|00|Initial log entry. Current logging level 4
000008.105|wdog |*|00|Initial log entry. Current logging level 4
000008.105|lldp |*|00|Initial log entry. Current logging level 3
000008.105|cdp  |*|00|Initial log entry. Current logging level 3
000008.105|key  |*|00|Initial log entry. Current logging level 4
000008.131|so   |3|00|Platform: Model=VVX 300, Assembly=3111-46135-002 Rev=A Region=0
000008.131|so   |3|00|Platform: Board=3111-46135-002 1 0
000008.132|so   |3|00|Platform: MAC=0004f28e753d
000008.133|so   |3|00|Platform: BootBlock=3.0.4.0028 (46135-002) 30-Jan-13 18:00
000008.134|so   |*|00|Platform: BootL1=1.0.0.0009 (46135-002) 11-Jan-13 14:23
000008.134|so   |3|00|Application, main: Label=Updater, Version=Peridot 5.1.4.0844 20-Mar-13 14:16
000008.134|so   |3|00|Application, main: P/N=3150-11069-514
000008.134|so   |5|00|Platform: Both images are incorrect, will use Primary Image.
000008.134|log  |*|00|Install file upload callback for 'Updater'

000008.135|app1 |*|00|Initial log entry. Current logging level 3
000008.149|cfg  |*|00|Initial log entry. Current logging level 2
000008.101|so   |*|00|---------- Initial log entry ----------
000008.101|so   |*|00|+++ Note that Updater log times are in GMT +++
000008.101|boot |*|00|Initial log entry. Current logging level 3
000008.101|copy |*|00|Initial log entry. Current logging level 3
000008.101|utilm|*|00|Initial log entry. Current logging level 4
000008.102|hw   |*|00|Initial log entry. Current logging level 4
000008.102|ethf |*|00|Initial log entry. Current logging level 4
000008.102|dns  |*|00|Initial log entry. Current logging level 3
000008.102|curl |*|00|Initial log entry. Current logging level 3
000008.102|sec  |*|00|Initial log entry. Current logging level 4
000008.114|wdog |*|00|Initial log entry. Current logging level 4
000008.115|lldp |*|00|Initial log entry. Current logging level 3
000008.115|cdp  |*|00|Initial log entry. Current logging level 3
000008.115|key  |*|00|Initial log entry. Current logging level 4
000008.142|so   |3|00|Platform: Model=VVX 300, Assembly=3111-46135-002 Rev=A Region=0
000008.142|so   |3|00|Platform: Board=3111-46135-002 1 0
000008.142|so   |3|00|Platform: MAC=0004f28e753d
000008.143|so   |3|00|Platform: BootBlock=3.0.4.0028 (46135-002) 30-Jan-13 18:00
000008.144|so   |*|00|Platform: BootL1=1.0.0.0009 (46135-002) 11-Jan-13 14:23
000008.144|so   |3|00|Application, main: Label=Updater, Version=Peridot 5.1.4.0844 20-Mar-13 14:16
000008.144|so   |3|00|Application, main: P/N=3150-11069-514
000008.144|so   |5|00|Platform: Both images are incorrect, will use Primary Image.
000008.144|log  |*|00|Install file upload callback for 'Updater'

000008.146|app1 |*|00|Initial log entry. Current logging level 3
000008.159|cfg  |*|00|Initial log entry. Current logging level 2
000009.112|so   |3|00|Link status is Net up Speed 100 full Duplex, PC down.
000008.136|so   |*|00|---------- Initial log entry ----------
000008.136|so   |*|00|+++ Note that Updater log times are in GMT +++
000008.136|boot |*|00|Initial log entry. Current logging level 3
000008.137|copy |*|00|Initial log entry. Current logging level 3
000008.137|utilm|*|00|Initial log entry. Current logging level 4
000008.137|hw   |*|00|Initial log entry. Current logging level 4
000008.137|ethf |*|00|Initial log entry. Current logging level 4
000008.137|dns  |*|00|Initial log entry. Current logging level 3
000008.137|curl |*|00|Initial log entry. Current logging level 3
000008.137|sec  |*|00|Initial log entry. Current logging level 4
000008.150|wdog |*|00|Initial log entry. Current logging level 4
000008.150|lldp |*|00|Initial log entry. Current logging level 3
000008.150|cdp  |*|00|Initial log entry. Current logging level 3
000008.150|key  |*|00|Initial log entry. Current logging level 4
000008.181|so   |3|00|Platform: Model=VVX 300, Assembly=3111-46135-002 Rev=A Region=0
000008.181|so   |3|00|Platform: Board=3111-46135-002 1 0
000008.182|so   |3|00|Platform: MAC=0004f28e753d
000008.183|so   |3|00|Platform: BootBlock=3.0.4.0028 (46135-002) 30-Jan-13 18:00
000008.184|so   |*|00|Platform: BootL1=1.0.0.0009 (46135-002) 11-Jan-13 14:23
000008.184|so   |3|00|Application, main: Label=Updater, Version=Peridot 5.1.4.0844 20-Mar-13 14:16
000008.184|so   |3|00|Application, main: P/N=3150-11069-514
000008.184|so   |5|00|Platform: Both images are incorrect, will use Primary Image.
000008.184|log  |*|00|Install file upload callback for 'Updater'

000008.185|app1 |*|00|Initial log entry. Current logging level 3
000008.199|cfg  |*|00|Initial log entry. Current logging level 2
000009.144|so   |3|00|Link status is Net up Speed 100 full Duplex, PC down.
000008.074|so   |*|00|---------- Initial log entry ----------
000008.074|so   |*|00|+++ Note that Updater log times are in GMT +++
000008.075|boot |*|00|Initial log entry. Current logging level 3
000008.075|copy |*|00|Initial log entry. Current logging level 3
000008.075|utilm|*|00|Initial log entry. Current logging level 4
000008.075|hw   |*|00|Initial log entry. Current logging level 4
000008.075|ethf |*|00|Initial log entry. Current logging level 4
000008.075|dns  |*|00|Initial log entry. Current logging level 3
000008.075|curl |*|00|Initial log entry. Current logging level 3
000008.076|sec  |*|00|Initial log entry. Current logging level 4
000008.088|wdog |*|00|Initial log entry. Current logging level 4
000008.089|lldp |*|00|Initial log entry. Current logging level 3
000008.089|cdp  |*|00|Initial log entry. Current logging level 3
000008.089|key  |*|00|Initial log entry. Current logging level 4
000008.111|so   |3|00|Platform: Model=VVX 300, Assembly=3111-46135-002 Rev=A Region=0
000008.112|so   |3|00|Platform: Board=3111-46135-002 1 0
000008.112|so   |3|00|Platform: MAC=0004f28e753d
000008.113|so   |3|00|Platform: BootBlock=3.0.4.0028 (46135-002) 30-Jan-13 18:00
000008.114|so   |*|00|Platform: BootL1=1.0.0.0009 (46135-002) 11-Jan-13 14:23
000008.114|so   |3|00|Application, main: Label=Updater, Version=Peridot 5.1.4.0844 20-Mar-13 14:16
000008.114|so   |3|00|Application, main: P/N=3150-11069-514
000008.114|so   |5|00|Platform: Both images are incorrect, will use Primary Image.
000008.114|log  |*|00|Install file upload callback for 'Updater'

000008.115|app1 |*|00|Initial log entry. Current logging level 3
000008.129|cfg  |*|00|Initial log entry. Current logging level 2
000009.083|so   |3|00|Link status is Net up Speed 100 full Duplex, PC down.
000008.036|so   |*|00|---------- Initial log entry ----------
000008.036|so   |*|00|+++ Note that Updater log times are in GMT +++
000008.036|boot |*|00|Initial log entry. Current logging level 3
000008.036|copy |*|00|Initial log entry. Current logging level 3
000008.036|utilm|*|00|Initial log entry. Current logging level 4
000008.037|hw   |*|00|Initial log entry. Current logging level 4
000008.037|ethf |*|00|Initial log entry. Current logging level 4
000008.037|dns  |*|00|Initial log entry. Current logging level 3
000008.037|curl |*|00|Initial log entry. Current logging level 3
000008.037|sec  |*|00|Initial log entry. Current logging level 4
000008.050|wdog |*|00|Initial log entry. Current logging level 4
000008.050|lldp |*|00|Initial log entry. Current logging level 3
000008.050|cdp  |*|00|Initial log entry. Current logging level 3
000008.051|key  |*|00|Initial log entry. Current logging level 4
000008.081|so   |3|00|Platform: Model=VVX 300, Assembly=3111-46135-002 Rev=A Region=0
000008.081|so   |3|00|Platform: Board=3111-46135-002 1 0
000008.082|so   |3|00|Platform: MAC=0004f28e753d
000008.083|so   |3|00|Platform: BootBlock=3.0.4.0028 (46135-002) 30-Jan-13 18:00
000008.084|so   |*|00|Platform: BootL1=1.0.0.0009 (46135-002) 11-Jan-13 14:23
000008.084|so   |3|00|Application, main: Label=Updater, Version=Peridot 5.1.4.0844 20-Mar-13 14:16
000008.084|so   |3|00|Application, main: P/N=3150-11069-514
000008.084|so   |5|00|Platform: Both images are incorrect, will use Primary Image.
000008.084|log  |*|00|Install file upload callback for 'Updater'

000008.085|app1 |*|00|Initial log entry. Current logging level 3
000008.099|cfg  |*|00|Initial log entry. Current logging level 2
000009.044|so   |3|00|Link status is Net up Speed 100 full Duplex, PC down.
000008.110|so   |*|00|---------- Initial log entry ----------
000008.111|so   |*|00|+++ Note that Updater log times are in GMT +++
000008.111|boot |*|00|Initial log entry. Current logging level 3
000008.111|copy |*|00|Initial log entry. Current logging level 3
000008.111|utilm|*|00|Initial log entry. Current logging level 4
000008.111|hw   |*|00|Initial log entry. Current logging level 4
000008.111|ethf |*|00|Initial log entry. Current logging level 4
000008.112|dns  |*|00|Initial log entry. Current logging level 3
000008.112|curl |*|00|Initial log entry. Current logging level 3
000008.112|sec  |*|00|Initial log entry. Current logging level 4
000008.125|wdog |*|00|Initial log entry. Current logging level 4
000008.125|lldp |*|00|Initial log entry. Current logging level 3
000008.125|cdp  |*|00|Initial log entry. Current logging level 3
000008.125|key  |*|00|Initial log entry. Current logging level 4
000008.151|so   |3|00|Platform: Model=VVX 300, Assembly=3111-46135-002 Rev=A Region=0
000008.151|so   |3|00|Platform: Board=3111-46135-002 1 0
000008.152|so   |3|00|Platform: MAC=0004f28e753d
000008.153|so   |3|00|Platform: BootBlock=3.0.4.0028 (46135-002) 30-Jan-13 18:00
000008.154|so   |*|00|Platform: BootL1=1.0.0.0009 (46135-002) 11-Jan-13 14:23
000008.154|so   |3|00|Application, main: Label=Updater, Version=Peridot 5.1.4.0844 20-Mar-13 14:16
000008.154|so   |3|00|Application, main: P/N=3150-11069-514
000008.154|so   |5|00|Platform: Both images are incorrect, will use Primary Image.
000008.154|log  |*|00|Install file upload callback for 'Updater'

000008.155|app1 |*|00|Initial log entry. Current logging level 3
000008.170|cfg  |*|00|Initial log entry. Current logging level 2
000009.119|so   |3|00|Link status is Net up Speed 100 full Duplex, PC down.
000008.064|so   |*|00|---------- Initial log entry ----------
000008.064|so   |*|00|+++ Note that Updater log times are in GMT +++
000008.064|boot |*|00|Initial log entry. Current logging level 3
000008.064|copy |*|00|Initial log entry. Current logging level 3
000008.064|utilm|*|00|Initial log entry. Current logging level 4
000008.064|hw   |*|00|Initial log entry. Current logging level 4
000008.064|ethf |*|00|Initial log entry. Current logging level 4
000008.065|dns  |*|00|Initial log entry. Current logging level 3
000008.065|curl |*|00|Initial log entry. Current logging level 3
000008.065|sec  |*|00|Initial log entry. Current logging level 4
000008.078|wdog |*|00|Initial log entry. Current logging level 4
000008.078|lldp |*|00|Initial log entry. Current logging level 3
000008.078|cdp  |*|00|Initial log entry. Current logging level 3
000008.078|key  |*|00|Initial log entry. Current logging level 4
000008.101|so   |3|00|Platform: Model=VVX 300, Assembly=3111-46135-002 Rev=A Region=0
000008.102|so   |3|00|Platform: Board=3111-46135-002 1 0
000008.102|so   |3|00|Platform: MAC=0004f28e753d
000008.103|so   |3|00|Platform: BootBlock=3.0.4.0028 (46135-002) 30-Jan-13 18:00
000008.104|so   |*|00|Platform: BootL1=1.0.0.0009 (46135-002) 11-Jan-13 14:23
000008.104|so   |3|00|Application, main: Label=Updater, Version=Peridot 5.1.4.0844 20-Mar-13 14:16
000008.104|so   |3|00|Application, main: P/N=3150-11069-514
000008.104|so   |5|00|Platform: Both images are incorrect, will use Primary Image.
000008.104|log  |*|00|Install file upload callback for 'Updater'

000008.106|app1 |*|00|Initial log entry. Current logging level 3
000008.119|cfg  |*|00|Initial log entry. Current logging level 2
000009.072|so   |3|00|Link status is Net up Speed 100 full Duplex, PC down.
000008.001|so   |*|00|---------- Initial log entry ----------
000008.001|so   |*|00|+++ Note that Updater log times are in GMT +++
000008.001|boot |*|00|Initial log entry. Current logging level 3
000008.001|copy |*|00|Initial log entry. Current logging level 3
000008.001|utilm|*|00|Initial log entry. Current logging level 4
000008.001|hw   |*|00|Initial log entry. Current logging level 4
000008.001|ethf |*|00|Initial log entry. Current logging level 4
000008.002|dns  |*|00|Initial log entry. Current logging level 3
000008.002|curl |*|00|Initial log entry. Current logging level 3
000008.002|sec  |*|00|Initial log entry. Current logging level 4
000008.015|wdog |*|00|Initial log entry. Current logging level 4
000008.015|lldp |*|00|Initial log entry. Current logging level 3
000008.015|cdp  |*|00|Initial log entry. Current logging level 3
000008.015|key  |*|00|Initial log entry. Current logging level 4
000008.041|so   |3|00|Platform: Model=VVX 300, Assembly=3111-46135-002 Rev=A Region=0
000008.041|so   |3|00|Platform: Board=3111-46135-002 1 0
000008.042|so   |3|00|Platform: MAC=0004f28e753d
000008.043|so   |3|00|Platform: BootBlock=3.0.4.0028 (46135-002) 30-Jan-13 18:00
000008.044|so   |*|00|Platform: BootL1=1.0.0.0009 (46135-002) 11-Jan-13 14:23
000008.044|so   |3|00|Application, main: Label=Updater, Version=Peridot 5.1.4.0844 20-Mar-13 14:16
000008.044|so   |3|00|Application, main: P/N=3150-11069-514
000008.044|so   |5|00|Platform: Both images are incorrect, will use Primary Image.
000008.044|log  |*|00|Install file upload callback for 'Updater'

000008.045|app1 |*|00|Initial log entry. Current logging level 3
000008.059|cfg  |*|00|Initial log entry. Current logging level 2
000008.063|dot1x|*|00|Initial log entry. Current logging level 3
000008.063|app1 |3|00|Starting provisioning because of the start type.
000008.262|tls  |*|00|Initial log entry. Current logging level 4
000008.360|lldp |3|00|Enabling 802.1Q tagging, VLAN ID = 111 (from FLASH)
000008.360|lldp |5|00|VLAN Id has changed to 111.
000009.009|so   |3|00|Link status is Net up Speed 100 full Duplex, PC down.
000014.373|lldp |3|00|LLDP received a response from a switch. LLDP enabled.
000014.430|dhcpc|*|00|Initial log entry. Current logging level 4
000019.136|dns  |*|00|DNS resolver servers are '8.8.8.8' '8.8.4.4'
000019.136|dns  |*|00|DNS resolver search domain is ''
000019.136|app1 |3|00|DNS resolver servers are '8.8.8.8' '8.8.4.4'
000019.136|app1 |3|00|DNS resolver search domain is ''
000019.176|dns  |3|00|DNS lookup for (A) 'p.voxter.com'(74.114.208.245) TTL=14742
000019.178|app1 |3|00|DHCP returned result 0x18F from server 10.2.0.2.
000019.178|app1 |3|00|   Phone IP address is 10.2.0.247.
000019.178|app1 |3|00|   Subnet mask is 255.255.255.0.
000019.179|app1 |3|00|   Gateway address is 10.2.0.1.
000019.179|app1 |3|00|   Provisioning server address is http://p.voxter.com/.
000019.179|app1 |3|00|   DNS server is 8.8.8.8.
000019.179|app1 |3|00|   DNS alternate server is 8.8.4.4.
000019.218|dns  |3|00|DNS lookup for (A) 'pool.ntp.org'(192.95.20.208,209.172.32.214,142.137.247.109) TTL=122
0421215245|app1 |3|00|Time has been set from pool.ntp.org (192.95.20.208).
0421215245|app1 |3|00|   1429653165: 2015-4-21, 21:52:45, DST off
0421215245|copy |3|00|'http://PlcmSpIp:****@p.voxter.com/0004f28e753d.cfg' from 'p.voxter.com(74.114.208.245)'
0421215245|copy |3|00|Download of '0004f28e753d.cfg' succeeded on attempt 1 (addr 1 of 1)
0421215245|cfg  |*|00|Prov|Starting to update 3111-46135-002.sip.ld
0421215245|copy |3|00|'http://PlcmSpIp:****@p.voxter.com/3111-46135-002.sip.ld' from 'p.voxter.com(74.114.208.245)'
0421215245|cfg  |3|00|New load header information:
0421215245|cfg  |3|00|Code length:         0x027559F0
0421215245|cfg  |3|00|Code Checksum:       0x38A3BFD9
0421215245|cfg  |3|00|Options:             0x00000080
0421215245|cfg  |3|00|Recognized container image
0421215245|cfg  |3|00|New load header information:
0421215245|cfg  |3|00|Code length:         0x020760FC
0421215245|cfg  |3|00|Code Checksum:       0x02B7DAEB
0421215245|cfg  |3|00|Options:             0x00000002
0421215245|cfg  |3|00|Application header is different
0421215245|cfg  |3|00|Application in container image 1 is different
0421215245|cfg  |3|00|New load header information:
0421215245|cfg  |3|00|Code length:         0x006DEFE4
0421215245|cfg  |3|00|Code Checksum:       0x38A32210
0421215245|cfg  |3|00|Options:             0x00000010
0421215245|cfg  |3|00|Updater header is different
0421215245|cfg  |3|00|Updater in container image 2 is different
0421215245|cfg  |3|00|Using Updater
0421215333|cfg  |*|00|Prov|Updating the Updater
0421215333|cfg  |3|00|Using compatible image 0
0421215343|copy |3|00|Download of '3111-46135-002.sip.ld' succeeded on attempt 1 (addr 1 of 1)
0421215344|sig  |*|00|Initial log entry. Current logging level 3
0421215344|sig  |3|00|hwSigParseRemove: found key Sig_3.
0421215344|cfg  |3|00|Good image signature
0421215345|cfg  |4|00|Removing application...
0421215349|cfg  |3|00|Programming Updater from sector 320 to 575
0421215356|cfg  |3|00|Programming to sector 320 complete
0421215358|cfg  |*|00|Prov|Image has been changed
0421215358|cfg  |*|00|Prov|Provisioning needs to reboot to upgrade image(s)
000008.576|so   |*|00|---------- Initial log entry ----------
000008.576|so   |*|00|+++ Note that Updater log times are in GMT +++
000008.577|boot |*|00|Initial log entry. Current logging level 3
000008.577|copy |*|00|Initial log entry. Current logging level 3
000008.577|utilm|*|00|Initial log entry. Current logging level 4
000008.577|hw   |*|00|Initial log entry. Current logging level 4
000008.577|ethf |*|00|Initial log entry. Current logging level 4
000008.577|dns  |*|00|Initial log entry. Current logging level 3
000008.578|curl |*|00|Initial log entry. Current logging level 3
000008.578|sec  |*|00|Initial log entry. Current logging level 4
000008.826|wdog |*|00|Initial log entry. Current logging level 4
000008.826|lldp |*|00|Initial log entry. Current logging level 3
000008.826|cdp  |*|00|Initial log entry. Current logging level 3
000008.826|key  |*|00|Initial log entry. Current logging level 4
000008.826|so   |3|00|SoKeyC::keyboardSetup(): Assigning virtual key: hwId 45 soKeyConcordVirtualTab[i].function 53
000008.851|so   |3|00|Platform: Model=VVX 300, Assembly=3111-46135-002 Rev=A Region=0
000008.851|so   |3|00|Platform: Board=3111-46135-002 1 0
000008.852|so   |3|00|Platform: MAC=0004f28e753d
000008.853|so   |3|00|Platform: BootBlock=3.0.4.0028 (46135-002) 30-Jan-13 18:00
000008.854|so   |*|00|Platform: BootL1=1.0.0.0009 (46135-002) 11-Jan-13 14:23
000008.854|so   |3|00|Application, main: Label=Updater, Version=Fayalite 5.5.0.13251 24-Mar-15 02:46
000008.854|so   |3|00|Application, main: P/N=3150-11069-550
000008.854|log  |*|00|Install file upload callback for 'Updater'

000008.855|app1 |*|00|Initial log entry. Current logging level 3
000008.867|cfg  |*|00|Initial log entry. Current logging level 2
000008.872|dot1x|*|00|Initial log entry. Current logging level 3
000008.872|app1 |3|00|Starting provisioning because of the start type.
000009.077|tls  |*|00|Initial log entry. Current logging level 4
000009.161|lldp |3|00|Enabling 802.1Q tagging, VLAN ID = 111 (from FLASH)
000009.161|lldp |5|00|VLAN Id has changed to 111.
000009.823|so   |3|00|Link status is Net up Speed 100 full Duplex, PC down.
000015.170|lldp |3|00|LLDP received a response from a switch. LLDP enabled.
000015.361|dhcpc|*|00|Initial log entry. Current logging level 2
000015.363|dhcpc|3|00|dhcAddIf v4 succeeds: eth0.
000015.368|dhcpc|3|00|dhcRebind v4: Will wait until sync rebind completes.
000016.015|dhcpc|3|00|dhcListener: Read succeeds: state:
.
000016.018|dhcpc|3|00|relLease(0) v4: Succeeded to fork dhclient to terminate.
000016.671|dhcpc|3|00|dhcListener: Read succeeds: eth0 state: PREINIT
.
000016.671|dhcpc|4|00|DhcpClient::processLine: no callback for state 1 if eth0
000209.901|dhcpc|3|00|dhcListener: Read succeeds: eth0 ip: 10.75.5.102
.
000209.903|dhcpc|3|00|dhcListener: Read succeeds: eth0 option: subnet-mask 255.255.255.0
.
000209.904|dhcpc|3|00|dhcListener: Read succeeds: eth0 option: routers 10.75.5.1
.
000209.905|dhcpc|3|00|dhcListener: Read succeeds: eth0 option: domain-name-servers 10.75.3.210 10.75.3.204 10.64.0.200
.
000209.906|dhcpc|3|00|dhcListener: Read succeeds: eth0 option: domain-name van.cdot.ca
.
000209.908|dhcpc|3|00|dhcListener: Read succeeds: eth0 option: dhcp-lease-time 691200
.
000209.909|dhcpc|3|00|dhcListener: Read succeeds: eth0 option: dhcp-server-identifier 10.75.3.210
.
000209.914|dhcpc|3|00|dhcListener: Read succeeds: eth0 option: broadcast-address 10.75.5.255
.
000209.919|dhcpc|3|00|dhcListener: Read succeeds: eth0 option: dhcp-lease-time 691200
.
000209.920|dhcpc|3|00|dhcListener: Read succeeds: eth0 option: dhcp-message-type 5
.
000209.922|dhcpc|3|00|dhcListener: Read succeeds: eth0 option: dhcp-renewal-time 345600
.
000209.924|dhcpc|3|00|dhcListener: Read succeeds: eth0 option: dhcp_rebinding_time 604800
.
000209.957|dhcpc|3|00|dhcListener: Read succeeds: eth0 state: BOUND
.
000209.958|dhcpc|4|00|DhcpClient::processLine: no callback for state 2 if eth0
000209.958|dhcpc|3|00|dhcRebind v4: Sync rebind succeeds.
000209.959|dhcpc|3|00|Program eth0 to use subnet mask 255.255.255.0, result -1.
000209.960|dhcpc|3|00|Program eth0 to use ip address 10.75.5.102, result 0.
000209.960|dhcpc|3|00|Program eth0 to use router 10.75.5.1, result 0.
000209.977|dhcpc|3|00|getLease v4: Succeeded to fork dhclient for interface eth0.
000210.969|ares |*|00|Initial log entry. Current logging level 3
000210.970|dns  |*|00|DNS resolver servers are '10.75.3.210' '10.75.3.204'
000210.970|dns  |*|00|DNS resolver search domain is 'van.cdot.ca'
000210.970|app1 |3|00|DNS resolver servers are '10.75.3.210' '10.75.3.204'
000210.971|app1 |3|00|DNS resolver search domain is 'van.cdot.ca'
000211.009|app1 |3|00|DHCP returned result 0x387 from server 10.75.3.210.
000211.009|app1 |3|00|   Phone IPv4 address is 10.75.5.102.
000211.009|app1 |3|00|   Subnet mask is 255.255.255.0.
000211.009|app1 |3|00|   Gateway address is 10.75.5.1.
000211.009|app1 |3|00|   DNS server is 10.75.3.210
000211.009|app1 |3|00|   DNS alternate server is 10.75.3.204.
000211.009|app1 |3|00|   DNS domain is van.cdot.ca.
0421215625|app1 |3|00|Time has been set from pool.ntp.org (208.79.218.140).
0421215625|app1 |3|00|   1429653385: 2015-4-21, 21:56:25, DST off
0421215625|copy |3|00|'http://PlcmSpIp:****@p.voxter.com/0004f28e753d.cfg' from 'p.voxter.com(74.114.208.245)'
0421215625|copy |3|00|Download of '0004f28e753d.cfg' succeeded on attempt 1 (addr 1 of 1)
0421215625|cfg  |*|00|Prov|Starting to update 3111-46135-002.sip.ld
0421215625|copy |3|00|'http://PlcmSpIp:****@p.voxter.com/3111-46135-002.sip.ld' from 'p.voxter.com(74.114.208.245)'
0421215625|cfg  |3|00|New load header information:
0421215625|cfg  |3|00|Code length:         0x027559F0
0421215625|cfg  |3|00|Code Checksum:       0x38A3BFD9
0421215625|cfg  |3|00|Options:             0x00000080
0421215625|cfg  |3|00|Recognized container image
0421215625|cfg  |3|00|New load header information:
0421215625|cfg  |3|00|Code length:         0x020760FC
0421215625|cfg  |3|00|Code Checksum:       0x02B7DAEB
0421215625|cfg  |3|00|Options:             0x00000002
0421215625|cfg  |3|00|Could not open application file for checking
0421215625|cfg  |3|00|Application in container image 1 is different
0421215625|cfg  |3|00|New load header information:
0421215625|cfg  |3|00|Code length:         0x006DEFE4
0421215625|cfg  |3|00|Code Checksum:       0x38A32210
0421215625|cfg  |3|00|Options:             0x00000010
0421215625|cfg  |3|00|Updater is already present
0421215625|cfg  |3|00|Updater in container image 2 is not different
0421215625|cfg  |3|00|Using application
0421215625|cfg  |*|00|Prov|Updating the Application
0421215625|cfg  |3|00|Using compatible image 0
0421215717|copy |3|00|buffered_write: transfer terminated
0421215717|copy |3|00|Download of '3111-46135-002.sip.ld' succeeded on attempt 1 (addr 1 of 1)
0421215718|sig  |*|00|Initial log entry. Current logging level 3
0421215718|sig  |3|00|hwSigParseRemove: found key Sig_3.
0421215721|cfg  |3|00|Good image signature
0421215722|cfg  |3|00|Programming 34038588 bytes into tffs in 4K blocks
0421215725|cfg  |3|00|Extracting application files
0421215725|cfg  |3|00|New load header information:
0421215725|cfg  |3|00|Code length:         0x020760FC
0421215725|cfg  |3|00|Code Checksum:       0x02B7DAEB
0421215725|cfg  |3|00|Options:             0x00000002
0421215948|cfg  |3|00|Finished extracting application files (OK)
0421215957|cfg  |3|00|File system is synchronized
0421215957|cfg  |*|00|Prov|Succeeded updating file 3111-46135-002.sip.ld
0421215957|cfg  |*|00|Prov|Image has been changed
0421215957|cfg  |3|00|Prov|Provisioning succeeded
0421215957|app1 |3|00|Application, load: Type=SIP, Version=5.3.0.12074 24-Mar-15 03:06
0421215957|cfg  |*|00|Prov|Finished updating configuration
0421215957|boot |*|00|Using TFFS for flash load
0421215957|boot |*|00|Code length:         0x020760FC
0421215957|boot |*|00|Code checksum:       0x02B7DAEB
0421215957|app1 |4|00|Loaded application sip.ld from local system successfully.
0421215957|app1 |6|00|Uploading boot log, time is Tue Apr 21 21:59:58 2015

0421215957|copy |3|00|'http://PlcmSpIp:****@p.voxter.com/logs/0004f28e753d-boot.log' to 'p.voxter.com(74.114.208.245)'
0421215958|copy |3|00|Upload of 'logs/0004f28e753d-boot.log' succeeded on attempt 1 (addr 1 of 1)
0421215958|dhcpc|3|00|relLease(0) v4: Succeeded to fork dhclient to terminate.
0421220013|cfg  |3|00|Prov|Shutting down
000008.370|so   |*|00|---------- Initial log entry ----------
000008.370|so   |*|00|+++ Note that Updater log times are in GMT +++
000008.370|boot |*|00|Initial log entry. Current logging level 3
000008.370|copy |*|00|Initial log entry. Current logging level 3
000008.370|utilm|*|00|Initial log entry. Current logging level 4
000008.370|hw   |*|00|Initial log entry. Current logging level 4
000008.370|ethf |*|00|Initial log entry. Current logging level 4
000008.370|dns  |*|00|Initial log entry. Current logging level 3
000008.371|curl |*|00|Initial log entry. Current logging level 3
000008.371|sec  |*|00|Initial log entry. Current logging level 4
000008.384|wdog |*|00|Initial log entry. Current logging level 4
000008.385|lldp |*|00|Initial log entry. Current logging level 3
000008.385|cdp  |*|00|Initial log entry. Current logging level 3
000008.385|key  |*|00|Initial log entry. Current logging level 4
000008.385|so   |3|00|SoKeyC::keyboardSetup(): Assigning virtual key: hwId 45 soKeyConcordVirtualTab[i].function 53
000008.411|so   |3|00|Platform: Model=VVX 300, Assembly=3111-46135-002 Rev=A Region=0
000008.411|so   |3|00|Platform: Board=3111-46135-002 1 0
000008.412|so   |3|00|Platform: MAC=0004f28e753d
000008.413|so   |3|00|Platform: BootBlock=3.0.4.0028 (46135-002) 30-Jan-13 18:00
000008.414|so   |*|00|Platform: BootL1=1.0.0.0009 (46135-002) 11-Jan-13 14:23
000008.414|so   |3|00|Application, main: Label=Updater, Version=Fayalite 5.5.0.13251 24-Mar-15 02:46
000008.414|so   |3|00|Application, main: P/N=3150-11069-550
000008.414|log  |*|00|Install file upload callback for 'Updater'

000008.415|app1 |*|00|Initial log entry. Current logging level 3
000008.428|cfg  |*|00|Initial log entry. Current logging level 2
000008.441|app1 |3|00|Application, load: Type=SIP, Version=5.3.0.12074 24-Mar-15 03:06
000009.374|so   |3|00|Link status is Net up Speed 100 full Duplex, PC down.
