000008.613|so   |*|01|---------- Initial log entry ----------
000008.613|so   |*|01|+++ Note that Updater log times are in GMT +++
000008.614|boot |*|01|Initial log entry. Current logging level 3
000008.614|copy |*|01|Initial log entry. Current logging level 3
000008.614|utilm|*|01|Initial log entry. Current logging level 4
000008.614|hw   |*|01|Initial log entry. Current logging level 4
000008.614|ethf |*|01|Initial log entry. Current logging level 4
000008.614|dns  |*|01|Initial log entry. Current logging level 3
000008.615|curl |*|01|Initial log entry. Current logging level 3
000008.615|sec  |*|01|Initial log entry. Current logging level 4
000008.627|wdog |*|01|Initial log entry. Current logging level 4
000008.628|lldp |*|01|Initial log entry. Current logging level 3
000008.628|cdp  |*|01|Initial log entry. Current logging level 3
000008.628|key  |*|01|Initial log entry. Current logging level 4
000008.651|so   |3|01|Platform: Model=VVX 300, Assembly=3111-46135-002 Rev=A Region=0
000008.651|so   |3|01|Platform: Board=3111-46135-002 1 0
000008.652|so   |3|01|Platform: MAC=0004f28e7ad0
000008.653|so   |3|01|Platform: BootBlock=3.0.4.0028 (46135-002) 30-Jan-13 18:00
000008.654|so   |*|01|Platform: BootL1=1.0.0.0009 (46135-002) 11-Jan-13 14:23
000008.654|so   |3|01|Application, main: Label=Updater, Version=Peridot 5.1.4.0844 20-Mar-13 14:16
000008.654|so   |3|01|Application, main: P/N=3150-11069-514
000008.654|so   |5|01|Platform: Both images are incorrect, will use Primary Image.
000008.654|log  |*|01|Install file upload callback for 'Updater'

000008.655|app1 |*|01|Initial log entry. Current logging level 3
000008.670|cfg  |*|01|Initial log entry. Current logging level 2
000009.626|so   |3|01|Link status is Net up Speed 100 full Duplex, PC down.
000008.044|so   |*|00|---------- Initial log entry ----------
000008.044|so   |*|00|+++ Note that Updater log times are in GMT +++
000008.045|boot |*|00|Initial log entry. Current logging level 3
000008.045|copy |*|00|Initial log entry. Current logging level 3
000008.045|utilm|*|00|Initial log entry. Current logging level 4
000008.045|hw   |*|00|Initial log entry. Current logging level 4
000008.045|ethf |*|00|Initial log entry. Current logging level 4
000008.045|dns  |*|00|Initial log entry. Current logging level 3
000008.045|curl |*|00|Initial log entry. Current logging level 3
000008.045|sec  |*|00|Initial log entry. Current logging level 4
000008.059|wdog |*|00|Initial log entry. Current logging level 4
000008.059|lldp |*|00|Initial log entry. Current logging level 3
000008.060|cdp  |*|00|Initial log entry. Current logging level 3
000008.060|key  |*|00|Initial log entry. Current logging level 4
000008.101|so   |3|00|Platform: Model=VVX 300, Assembly=3111-46135-002 Rev=A Region=0
000008.101|so   |3|00|Platform: Board=3111-46135-002 1 0
000008.102|so   |3|00|Platform: MAC=0004f28e7ad0
000008.103|so   |3|00|Platform: BootBlock=3.0.4.0028 (46135-002) 30-Jan-13 18:00
000008.104|so   |*|00|Platform: BootL1=1.0.0.0009 (46135-002) 11-Jan-13 14:23
000008.104|so   |3|00|Application, main: Label=Updater, Version=Peridot 5.1.4.0844 20-Mar-13 14:16
000008.104|so   |3|00|Application, main: P/N=3150-11069-514
000008.104|so   |5|00|Platform: Both images are incorrect, will use Primary Image.
000008.104|log  |*|00|Install file upload callback for 'Updater'

000008.105|app1 |*|00|Initial log entry. Current logging level 3
000008.119|cfg  |*|00|Initial log entry. Current logging level 2
000009.054|so   |3|00|Link status is Net up Speed 100 full Duplex, PC down.
000008.113|so   |*|00|---------- Initial log entry ----------
000008.114|so   |*|00|+++ Note that Updater log times are in GMT +++
000008.114|boot |*|00|Initial log entry. Current logging level 3
000008.114|copy |*|00|Initial log entry. Current logging level 3
000008.114|utilm|*|00|Initial log entry. Current logging level 4
000008.114|hw   |*|00|Initial log entry. Current logging level 4
000008.114|ethf |*|00|Initial log entry. Current logging level 4
000008.114|dns  |*|00|Initial log entry. Current logging level 3
000008.115|curl |*|00|Initial log entry. Current logging level 3
000008.115|sec  |*|00|Initial log entry. Current logging level 4
000008.129|wdog |*|00|Initial log entry. Current logging level 4
000008.129|lldp |*|00|Initial log entry. Current logging level 3
000008.129|cdp  |*|00|Initial log entry. Current logging level 3
000008.129|key  |*|00|Initial log entry. Current logging level 4
000008.151|so   |3|00|Platform: Model=VVX 300, Assembly=3111-46135-002 Rev=A Region=0
000008.152|so   |3|00|Platform: Board=3111-46135-002 1 0
000008.152|so   |3|00|Platform: MAC=0004f28e7ad0
000008.153|so   |3|00|Platform: BootBlock=3.0.4.0028 (46135-002) 30-Jan-13 18:00
000008.154|so   |*|00|Platform: BootL1=1.0.0.0009 (46135-002) 11-Jan-13 14:23
000008.154|so   |3|00|Application, main: Label=Updater, Version=Peridot 5.1.4.0844 20-Mar-13 14:16
000008.154|so   |3|00|Application, main: P/N=3150-11069-514
000008.154|so   |5|00|Platform: Both images are incorrect, will use Primary Image.
000008.154|log  |*|00|Install file upload callback for 'Updater'

000008.156|app1 |*|00|Initial log entry. Current logging level 3
000008.169|cfg  |*|00|Initial log entry. Current logging level 2
000009.122|so   |3|00|Link status is Net up Speed 100 full Duplex, PC down.
000008.650|so   |*|00|---------- Initial log entry ----------
000008.650|so   |*|00|+++ Note that Updater log times are in GMT +++
000008.650|boot |*|00|Initial log entry. Current logging level 3
000008.650|copy |*|00|Initial log entry. Current logging level 3
000008.650|utilm|*|00|Initial log entry. Current logging level 4
000008.650|hw   |*|00|Initial log entry. Current logging level 4
000008.650|ethf |*|00|Initial log entry. Current logging level 4
000008.650|dns  |*|00|Initial log entry. Current logging level 3
000008.651|curl |*|00|Initial log entry. Current logging level 3
000008.651|sec  |*|00|Initial log entry. Current logging level 4
000008.665|wdog |*|00|Initial log entry. Current logging level 4
000008.665|lldp |*|00|Initial log entry. Current logging level 3
000008.665|cdp  |*|00|Initial log entry. Current logging level 3
000008.665|key  |*|00|Initial log entry. Current logging level 4
000008.691|so   |3|00|Platform: Model=VVX 300, Assembly=3111-46135-002 Rev=A Region=0
000008.691|so   |3|00|Platform: Board=3111-46135-002 1 0
000008.692|so   |3|00|Platform: MAC=0004f28e7ad0
000008.693|so   |3|00|Platform: BootBlock=3.0.4.0028 (46135-002) 30-Jan-13 18:00
000008.694|so   |*|00|Platform: BootL1=1.0.0.0009 (46135-002) 11-Jan-13 14:23
000008.694|so   |3|00|Application, main: Label=Updater, Version=Peridot 5.1.4.0844 20-Mar-13 14:16
000008.694|so   |3|00|Application, main: P/N=3150-11069-514
000008.694|so   |5|00|Platform: Both images are incorrect, will use Primary Image.
000008.694|log  |*|00|Install file upload callback for 'Updater'

000008.695|app1 |*|00|Initial log entry. Current logging level 3
000008.709|cfg  |*|00|Initial log entry. Current logging level 2
000009.659|so   |3|00|Link status is Net up Speed 100 full Duplex, PC down.
000008.375|so   |*|00|---------- Initial log entry ----------
000008.375|so   |*|00|+++ Note that Updater log times are in GMT +++
000008.375|boot |*|00|Initial log entry. Current logging level 3
000008.375|copy |*|00|Initial log entry. Current logging level 3
000008.375|utilm|*|00|Initial log entry. Current logging level 4
000008.375|hw   |*|00|Initial log entry. Current logging level 4
000008.375|ethf |*|00|Initial log entry. Current logging level 4
000008.376|dns  |*|00|Initial log entry. Current logging level 3
000008.376|curl |*|00|Initial log entry. Current logging level 3
000008.376|sec  |*|00|Initial log entry. Current logging level 4
000008.390|wdog |*|00|Initial log entry. Current logging level 4
000008.390|lldp |*|00|Initial log entry. Current logging level 3
000008.390|cdp  |*|00|Initial log entry. Current logging level 3
000008.390|key  |*|00|Initial log entry. Current logging level 4
000008.421|so   |3|00|Platform: Model=VVX 300, Assembly=3111-46135-002 Rev=A Region=0
000008.421|so   |3|00|Platform: Board=3111-46135-002 1 0
000008.422|so   |3|00|Platform: MAC=0004f28e7ad0
000008.423|so   |3|00|Platform: BootBlock=3.0.4.0028 (46135-002) 30-Jan-13 18:00
000008.424|so   |*|00|Platform: BootL1=1.0.0.0009 (46135-002) 11-Jan-13 14:23
000008.424|so   |3|00|Application, main: Label=Updater, Version=Peridot 5.1.4.0844 20-Mar-13 14:16
000008.424|so   |3|00|Application, main: P/N=3150-11069-514
000008.424|so   |5|00|Platform: Both images are incorrect, will use Primary Image.
000008.424|log  |*|00|Install file upload callback for 'Updater'

000008.425|app1 |*|00|Initial log entry. Current logging level 3
000008.439|cfg  |*|00|Initial log entry. Current logging level 2
000009.383|so   |3|00|Link status is Net up Speed 100 full Duplex, PC down.
000008.311|so   |*|00|---------- Initial log entry ----------
000008.311|so   |*|00|+++ Note that Updater log times are in GMT +++
000008.311|boot |*|00|Initial log entry. Current logging level 3
000008.311|copy |*|00|Initial log entry. Current logging level 3
000008.311|utilm|*|00|Initial log entry. Current logging level 4
000008.311|hw   |*|00|Initial log entry. Current logging level 4
000008.311|ethf |*|00|Initial log entry. Current logging level 4
000008.312|dns  |*|00|Initial log entry. Current logging level 3
000008.312|curl |*|00|Initial log entry. Current logging level 3
000008.312|sec  |*|00|Initial log entry. Current logging level 4
000008.325|wdog |*|00|Initial log entry. Current logging level 4
000008.325|lldp |*|00|Initial log entry. Current logging level 3
000008.325|cdp  |*|00|Initial log entry. Current logging level 3
000008.326|key  |*|00|Initial log entry. Current logging level 4
000008.351|so   |3|00|Platform: Model=VVX 300, Assembly=3111-46135-002 Rev=A Region=0
000008.351|so   |3|00|Platform: Board=3111-46135-002 1 0
000008.352|so   |3|00|Platform: MAC=0004f28e7ad0
000008.353|so   |3|00|Platform: BootBlock=3.0.4.0028 (46135-002) 30-Jan-13 18:00
000008.354|so   |*|00|Platform: BootL1=1.0.0.0009 (46135-002) 11-Jan-13 14:23
000008.354|so   |3|00|Application, main: Label=Updater, Version=Peridot 5.1.4.0844 20-Mar-13 14:16
000008.354|so   |3|00|Application, main: P/N=3150-11069-514
000008.354|so   |5|00|Platform: Both images are incorrect, will use Primary Image.
000008.354|log  |*|00|Install file upload callback for 'Updater'

000008.355|app1 |*|00|Initial log entry. Current logging level 3
000008.369|cfg  |*|00|Initial log entry. Current logging level 2
000009.320|so   |3|00|Link status is Net up Speed 100 full Duplex, PC down.
000008.114|so   |*|00|---------- Initial log entry ----------
000008.114|so   |*|00|+++ Note that Updater log times are in GMT +++
000008.114|boot |*|00|Initial log entry. Current logging level 3
000008.114|copy |*|00|Initial log entry. Current logging level 3
000008.114|utilm|*|00|Initial log entry. Current logging level 4
000008.115|hw   |*|00|Initial log entry. Current logging level 4
000008.115|ethf |*|00|Initial log entry. Current logging level 4
000008.115|dns  |*|00|Initial log entry. Current logging level 3
000008.115|curl |*|00|Initial log entry. Current logging level 3
000008.115|sec  |*|00|Initial log entry. Current logging level 4
000008.128|wdog |*|00|Initial log entry. Current logging level 4
000008.129|lldp |*|00|Initial log entry. Current logging level 3
000008.129|cdp  |*|00|Initial log entry. Current logging level 3
000008.129|key  |*|00|Initial log entry. Current logging level 4
000008.151|so   |3|00|Platform: Model=VVX 300, Assembly=3111-46135-002 Rev=A Region=0
000008.151|so   |3|00|Platform: Board=3111-46135-002 1 0
000008.152|so   |3|00|Platform: MAC=0004f28e7ad0
000008.153|so   |3|00|Platform: BootBlock=3.0.4.0028 (46135-002) 30-Jan-13 18:00
000008.154|so   |*|00|Platform: BootL1=1.0.0.0009 (46135-002) 11-Jan-13 14:23
000008.154|so   |3|00|Application, main: Label=Updater, Version=Peridot 5.1.4.0844 20-Mar-13 14:16
000008.154|so   |3|00|Application, main: P/N=3150-11069-514
000008.154|so   |5|00|Platform: Both images are incorrect, will use Primary Image.
000008.154|log  |*|00|Install file upload callback for 'Updater'

000008.155|app1 |*|00|Initial log entry. Current logging level 3
000008.169|cfg  |*|00|Initial log entry. Current logging level 2
000009.123|so   |3|00|Link status is Net up Speed 100 full Duplex, PC down.
