000008.795|so   |*|01|---------- Initial log entry ----------
000008.795|so   |*|01|+++ Note that Updater log times are in GMT +++
000008.796|boot |*|01|Initial log entry. Current logging level 3
000008.796|copy |*|01|Initial log entry. Current logging level 3
000008.796|utilm|*|01|Initial log entry. Current logging level 4
000008.796|hw   |*|01|Initial log entry. Current logging level 4
000008.796|ethf |*|01|Initial log entry. Current logging level 4
000008.796|dns  |*|01|Initial log entry. Current logging level 3
000008.796|curl |*|01|Initial log entry. Current logging level 3
000008.796|sec  |*|01|Initial log entry. Current logging level 4
000008.815|wdog |*|01|Initial log entry. Current logging level 4
000008.815|lldp |*|01|Initial log entry. Current logging level 3
000008.816|cdp  |*|01|Initial log entry. Current logging level 3
000008.816|key  |*|01|Initial log entry. Current logging level 4
000008.841|so   |3|01|Platform: Model=VVX 410, Assembly=3111-46162-001 Rev=A Region=0
000008.841|so   |3|01|Platform: Board=3111-46162-001 2 0
000008.841|so   |3|01|Platform: MAC=0004f28b3f17
000008.842|so   |3|01|Platform: BootBlock=3.0.4.0146 (46162-001) 10-Jan-13 20:21
000008.843|so   |*|01|Platform: BootL1=1.0.0.0041 (46162-001) 10-Jan-13 20:16
000008.843|so   |3|01|Application, main: Label=Updater, Version=Peridot 5.1.4.0844 20-Mar-13 14:16
000008.843|so   |3|01|Application, main: P/N=3150-11069-514
000008.843|so   |5|01|Platform: Both images are incorrect, will use Primary Image.
000008.844|log  |*|01|Install file upload callback for 'Updater'

000008.845|app1 |*|01|Initial log entry. Current logging level 3
000008.889|cfg  |*|01|Initial log entry. Current logging level 2
000009.808|so   |3|01|Link status is Net down, PC down.
000008.830|so   |*|01|---------- Initial log entry ----------
000008.830|so   |*|01|+++ Note that Updater log times are in GMT +++
000008.830|boot |*|01|Initial log entry. Current logging level 3
000008.831|copy |*|01|Initial log entry. Current logging level 3
000008.831|utilm|*|01|Initial log entry. Current logging level 4
000008.831|hw   |*|01|Initial log entry. Current logging level 4
000008.831|ethf |*|01|Initial log entry. Current logging level 4
000008.831|dns  |*|01|Initial log entry. Current logging level 3
000008.831|curl |*|01|Initial log entry. Current logging level 3
000008.831|sec  |*|01|Initial log entry. Current logging level 4
000008.851|wdog |*|01|Initial log entry. Current logging level 4
000008.851|lldp |*|01|Initial log entry. Current logging level 3
000008.851|cdp  |*|01|Initial log entry. Current logging level 3
000008.851|key  |*|01|Initial log entry. Current logging level 4
000008.892|so   |3|01|Platform: Model=VVX 410, Assembly=3111-46162-001 Rev=A Region=0
000008.892|so   |3|01|Platform: Board=3111-46162-001 2 0
000008.892|so   |3|01|Platform: MAC=0004f28b3f17
000008.893|so   |3|01|Platform: BootBlock=3.0.4.0146 (46162-001) 10-Jan-13 20:21
000008.894|so   |*|01|Platform: BootL1=1.0.0.0041 (46162-001) 10-Jan-13 20:16
000008.894|so   |3|01|Application, main: Label=Updater, Version=Peridot 5.1.4.0844 20-Mar-13 14:16
000008.894|so   |3|01|Application, main: P/N=3150-11069-514
000008.894|so   |5|01|Platform: Both images are incorrect, will use Primary Image.
000008.894|log  |*|01|Install file upload callback for 'Updater'

000008.896|app1 |*|01|Initial log entry. Current logging level 3
000008.939|cfg  |*|01|Initial log entry. Current logging level 2
000009.842|so   |3|01|Link status is Net up Speed 1000 full Duplex, PC down.
000008.798|so   |*|01|---------- Initial log entry ----------
000008.798|so   |*|01|+++ Note that Updater log times are in GMT +++
000008.798|boot |*|01|Initial log entry. Current logging level 3
000008.798|copy |*|01|Initial log entry. Current logging level 3
000008.798|utilm|*|01|Initial log entry. Current logging level 4
000008.798|hw   |*|01|Initial log entry. Current logging level 4
000008.798|ethf |*|01|Initial log entry. Current logging level 4
000008.799|dns  |*|01|Initial log entry. Current logging level 3
000008.799|curl |*|01|Initial log entry. Current logging level 3
000008.799|sec  |*|01|Initial log entry. Current logging level 4
000008.819|wdog |*|01|Initial log entry. Current logging level 4
000008.819|lldp |*|01|Initial log entry. Current logging level 3
000008.819|cdp  |*|01|Initial log entry. Current logging level 3
000008.819|key  |*|01|Initial log entry. Current logging level 4
000008.841|so   |3|01|Platform: Model=VVX 410, Assembly=3111-46162-001 Rev=A Region=0
000008.841|so   |3|01|Platform: Board=3111-46162-001 2 0
000008.842|so   |3|01|Platform: MAC=0004f28b3f17
000008.843|so   |3|01|Platform: BootBlock=3.0.4.0146 (46162-001) 10-Jan-13 20:21
000008.844|so   |*|01|Platform: BootL1=1.0.0.0041 (46162-001) 10-Jan-13 20:16
000008.844|so   |3|01|Application, main: Label=Updater, Version=Peridot 5.1.4.0844 20-Mar-13 14:16
000008.844|so   |3|01|Application, main: P/N=3150-11069-514
000008.844|so   |5|01|Platform: Both images are incorrect, will use Primary Image.
000008.844|log  |*|01|Install file upload callback for 'Updater'

000008.845|app1 |*|01|Initial log entry. Current logging level 3
000008.889|cfg  |*|01|Initial log entry. Current logging level 2
000009.814|so   |3|01|Link status is Net up Speed 1000 full Duplex, PC down.
000008.198|so   |*|00|---------- Initial log entry ----------
000008.198|so   |*|00|+++ Note that Updater log times are in GMT +++
000008.198|boot |*|00|Initial log entry. Current logging level 3
000008.199|copy |*|00|Initial log entry. Current logging level 3
000008.199|utilm|*|00|Initial log entry. Current logging level 4
000008.199|hw   |*|00|Initial log entry. Current logging level 4
000008.199|ethf |*|00|Initial log entry. Current logging level 4
000008.199|dns  |*|00|Initial log entry. Current logging level 3
000008.199|curl |*|00|Initial log entry. Current logging level 3
000008.199|sec  |*|00|Initial log entry. Current logging level 4
000008.217|wdog |*|00|Initial log entry. Current logging level 4
000008.218|lldp |*|00|Initial log entry. Current logging level 3
000008.218|cdp  |*|00|Initial log entry. Current logging level 3
000008.218|key  |*|00|Initial log entry. Current logging level 4
000008.241|so   |3|00|Platform: Model=VVX 410, Assembly=3111-46162-001 Rev=A Region=0
000008.241|so   |3|00|Platform: Board=3111-46162-001 2 0
000008.242|so   |3|00|Platform: MAC=0004f28b3f17
000008.243|so   |3|00|Platform: BootBlock=3.0.4.0146 (46162-001) 10-Jan-13 20:21
000008.244|so   |*|00|Platform: BootL1=1.0.0.0041 (46162-001) 10-Jan-13 20:16
000008.244|so   |3|00|Application, main: Label=Updater, Version=Peridot 5.1.4.0844 20-Mar-13 14:16
000008.244|so   |3|00|Application, main: P/N=3150-11069-514
000008.244|so   |5|00|Platform: Both images are incorrect, will use Primary Image.
000008.244|log  |*|00|Install file upload callback for 'Updater'

000008.245|app1 |*|00|Initial log entry. Current logging level 3
000008.288|cfg  |*|00|Initial log entry. Current logging level 2
000009.207|so   |3|00|Link status is Net up Speed 1000 full Duplex, PC down.
000008.205|so   |*|00|---------- Initial log entry ----------
000008.205|so   |*|00|+++ Note that Updater log times are in GMT +++
000008.206|boot |*|00|Initial log entry. Current logging level 3
000008.206|copy |*|00|Initial log entry. Current logging level 3
000008.206|utilm|*|00|Initial log entry. Current logging level 4
000008.206|hw   |*|00|Initial log entry. Current logging level 4
000008.206|ethf |*|00|Initial log entry. Current logging level 4
000008.206|dns  |*|00|Initial log entry. Current logging level 3
000008.206|curl |*|00|Initial log entry. Current logging level 3
000008.206|sec  |*|00|Initial log entry. Current logging level 4
000008.226|wdog |*|00|Initial log entry. Current logging level 4
000008.226|lldp |*|00|Initial log entry. Current logging level 3
000008.226|cdp  |*|00|Initial log entry. Current logging level 3
000008.226|key  |*|00|Initial log entry. Current logging level 4
000008.252|so   |3|00|Platform: Model=VVX 410, Assembly=3111-46162-001 Rev=A Region=0
000008.252|so   |3|00|Platform: Board=3111-46162-001 2 0
000008.252|so   |3|00|Platform: MAC=0004f28b3f17
000008.253|so   |3|00|Platform: BootBlock=3.0.4.0146 (46162-001) 10-Jan-13 20:21
000008.254|so   |*|00|Platform: BootL1=1.0.0.0041 (46162-001) 10-Jan-13 20:16
000008.254|so   |3|00|Application, main: Label=Updater, Version=Peridot 5.1.4.0844 20-Mar-13 14:16
000008.254|so   |3|00|Application, main: P/N=3150-11069-514
000008.254|so   |5|00|Platform: Both images are incorrect, will use Primary Image.
000008.254|log  |*|00|Install file upload callback for 'Updater'

000008.256|app1 |*|00|Initial log entry. Current logging level 3
000008.301|cfg  |*|00|Initial log entry. Current logging level 2
000009.222|so   |3|00|Link status is Net up Speed 1000 full Duplex, PC down.
000008.179|so   |*|00|---------- Initial log entry ----------
000008.179|so   |*|00|+++ Note that Updater log times are in GMT +++
000008.179|boot |*|00|Initial log entry. Current logging level 3
000008.180|copy |*|00|Initial log entry. Current logging level 3
000008.180|utilm|*|00|Initial log entry. Current logging level 4
000008.180|hw   |*|00|Initial log entry. Current logging level 4
000008.180|ethf |*|00|Initial log entry. Current logging level 4
000008.180|dns  |*|00|Initial log entry. Current logging level 3
000008.180|curl |*|00|Initial log entry. Current logging level 3
000008.180|sec  |*|00|Initial log entry. Current logging level 4
000008.199|wdog |*|00|Initial log entry. Current logging level 4
000008.199|lldp |*|00|Initial log entry. Current logging level 3
000008.200|cdp  |*|00|Initial log entry. Current logging level 3
000008.200|key  |*|00|Initial log entry. Current logging level 4
000008.241|so   |3|00|Platform: Model=VVX 410, Assembly=3111-46162-001 Rev=A Region=0
000008.241|so   |3|00|Platform: Board=3111-46162-001 2 0
000008.242|so   |3|00|Platform: MAC=0004f28b3f17
000008.243|so   |3|00|Platform: BootBlock=3.0.4.0146 (46162-001) 10-Jan-13 20:21
000008.244|so   |*|00|Platform: BootL1=1.0.0.0041 (46162-001) 10-Jan-13 20:16
000008.244|so   |3|00|Application, main: Label=Updater, Version=Peridot 5.1.4.0844 20-Mar-13 14:16
000008.244|so   |3|00|Application, main: P/N=3150-11069-514
000008.244|so   |5|00|Platform: Both images are incorrect, will use Primary Image.
000008.244|log  |*|00|Install file upload callback for 'Updater'

000008.245|app1 |*|00|Initial log entry. Current logging level 3
000008.292|cfg  |*|00|Initial log entry. Current logging level 2
000009.194|so   |3|00|Link status is Net up Speed 1000 full Duplex, PC down.
000008.312|so   |*|00|---------- Initial log entry ----------
000008.313|so   |*|00|+++ Note that Updater log times are in GMT +++
000008.313|boot |*|00|Initial log entry. Current logging level 3
000008.313|copy |*|00|Initial log entry. Current logging level 3
000008.313|utilm|*|00|Initial log entry. Current logging level 4
000008.313|hw   |*|00|Initial log entry. Current logging level 4
000008.313|ethf |*|00|Initial log entry. Current logging level 4
000008.313|dns  |*|00|Initial log entry. Current logging level 3
000008.314|curl |*|00|Initial log entry. Current logging level 3
000008.314|sec  |*|00|Initial log entry. Current logging level 4
000008.332|wdog |*|00|Initial log entry. Current logging level 4
000008.332|lldp |*|00|Initial log entry. Current logging level 3
000008.333|cdp  |*|00|Initial log entry. Current logging level 3
000008.333|key  |*|00|Initial log entry. Current logging level 4
000008.361|so   |3|00|Platform: Model=VVX 410, Assembly=3111-46162-001 Rev=A Region=0
000008.361|so   |3|00|Platform: Board=3111-46162-001 2 0
000008.362|so   |3|00|Platform: MAC=0004f28b3f17
000008.363|so   |3|00|Platform: BootBlock=3.0.4.0146 (46162-001) 10-Jan-13 20:21
000008.364|so   |*|00|Platform: BootL1=1.0.0.0041 (46162-001) 10-Jan-13 20:16
000008.364|so   |3|00|Application, main: Label=Updater, Version=Peridot 5.1.4.0844 20-Mar-13 14:16
000008.364|so   |3|00|Application, main: P/N=3150-11069-514
000008.364|so   |5|00|Platform: Both images are incorrect, will use Primary Image.
000008.365|log  |*|00|Install file upload callback for 'Updater'

000008.366|app1 |*|00|Initial log entry. Current logging level 3
000008.410|cfg  |*|00|Initial log entry. Current logging level 2
000009.331|so   |3|00|Link status is Net up Speed 1000 full Duplex, PC down.
