000008.687|so   |*|01|---------- Initial log entry ----------
000008.687|so   |*|01|+++ Note that Updater log times are in GMT +++
000008.687|boot |*|01|Initial log entry. Current logging level 3
000008.687|copy |*|01|Initial log entry. Current logging level 3
000008.687|utilm|*|01|Initial log entry. Current logging level 4
000008.688|hw   |*|01|Initial log entry. Current logging level 4
000008.688|ethf |*|01|Initial log entry. Current logging level 4
000008.688|dns  |*|01|Initial log entry. Current logging level 3
000008.688|curl |*|01|Initial log entry. Current logging level 3
000008.688|sec  |*|01|Initial log entry. Current logging level 4
000008.701|wdog |*|01|Initial log entry. Current logging level 4
000008.702|lldp |*|01|Initial log entry. Current logging level 3
000008.702|cdp  |*|01|Initial log entry. Current logging level 3
000008.702|key  |*|01|Initial log entry. Current logging level 4
000008.732|so   |3|01|Platform: Model=VVX 300, Assembly=3111-46135-002 Rev=A Region=0
000008.732|so   |3|01|Platform: Board=3111-46135-002 1 0
000008.733|so   |3|01|Platform: MAC=0004f281ee82
000008.734|so   |3|01|Platform: BootBlock=3.0.4.0028 (46135-002) 30-Jan-13 18:00
000008.735|so   |*|01|Platform: BootL1=1.0.0.0009 (46135-002) 11-Jan-13 14:23
000008.735|so   |3|01|Application, main: Label=Updater, Version=Peridot 5.1.4.0844 20-Mar-13 14:16
000008.735|so   |3|01|Application, main: P/N=3150-11069-514
000008.735|so   |5|01|Platform: Both images are incorrect, will use Primary Image.
000008.735|log  |*|01|Install file upload callback for 'Updater'

000008.736|app1 |*|01|Initial log entry. Current logging level 3
000008.751|cfg  |*|01|Initial log entry. Current logging level 2
000009.700|so   |3|01|Link status is Net up Speed 100 full Duplex, PC down.
000008.705|so   |*|01|---------- Initial log entry ----------
000008.705|so   |*|01|+++ Note that Updater log times are in GMT +++
000008.705|boot |*|01|Initial log entry. Current logging level 3
000008.706|copy |*|01|Initial log entry. Current logging level 3
000008.706|utilm|*|01|Initial log entry. Current logging level 4
000008.706|hw   |*|01|Initial log entry. Current logging level 4
000008.706|ethf |*|01|Initial log entry. Current logging level 4
000008.706|dns  |*|01|Initial log entry. Current logging level 3
000008.706|curl |*|01|Initial log entry. Current logging level 3
000008.706|sec  |*|01|Initial log entry. Current logging level 4
000008.721|wdog |*|01|Initial log entry. Current logging level 4
000008.721|lldp |*|01|Initial log entry. Current logging level 3
000008.721|cdp  |*|01|Initial log entry. Current logging level 3
000008.722|key  |*|01|Initial log entry. Current logging level 4
000008.751|so   |3|01|Platform: Model=VVX 300, Assembly=3111-46135-002 Rev=A Region=0
000008.752|so   |3|01|Platform: Board=3111-46135-002 1 0
000008.752|so   |3|01|Platform: MAC=0004f281ee82
000008.753|so   |3|01|Platform: BootBlock=3.0.4.0028 (46135-002) 30-Jan-13 18:00
000008.754|so   |*|01|Platform: BootL1=1.0.0.0009 (46135-002) 11-Jan-13 14:23
000008.754|so   |3|01|Application, main: Label=Updater, Version=Peridot 5.1.4.0844 20-Mar-13 14:16
000008.754|so   |3|01|Application, main: P/N=3150-11069-514
000008.754|so   |5|01|Platform: Both images are incorrect, will use Primary Image.
000008.754|log  |*|01|Install file upload callback for 'Updater'

000008.756|app1 |*|01|Initial log entry. Current logging level 3
000008.770|cfg  |*|01|Initial log entry. Current logging level 2
000009.711|so   |3|01|Link status is Net up Speed 100 full Duplex, PC down.
000008.755|so   |*|01|---------- Initial log entry ----------
000008.755|so   |*|01|+++ Note that Updater log times are in GMT +++
000008.756|boot |*|01|Initial log entry. Current logging level 3
000008.756|copy |*|01|Initial log entry. Current logging level 3
000008.756|utilm|*|01|Initial log entry. Current logging level 4
000008.756|hw   |*|01|Initial log entry. Current logging level 4
000008.756|ethf |*|01|Initial log entry. Current logging level 4
000008.756|dns  |*|01|Initial log entry. Current logging level 3
000008.756|curl |*|01|Initial log entry. Current logging level 3
000008.756|sec  |*|01|Initial log entry. Current logging level 4
000008.771|wdog |*|01|Initial log entry. Current logging level 4
000008.771|lldp |*|01|Initial log entry. Current logging level 3
000008.771|cdp  |*|01|Initial log entry. Current logging level 3
000008.772|key  |*|01|Initial log entry. Current logging level 4
000008.801|so   |3|01|Platform: Model=VVX 300, Assembly=3111-46135-002 Rev=A Region=0
000008.802|so   |3|01|Platform: Board=3111-46135-002 1 0
000008.802|so   |3|01|Platform: MAC=0004f281ee82
000008.803|so   |3|01|Platform: BootBlock=3.0.4.0028 (46135-002) 30-Jan-13 18:00
000008.804|so   |*|01|Platform: BootL1=1.0.0.0009 (46135-002) 11-Jan-13 14:23
000008.804|so   |3|01|Application, main: Label=Updater, Version=Peridot 5.1.4.0844 20-Mar-13 14:16
000008.804|so   |3|01|Application, main: P/N=3150-11069-514
000008.804|so   |5|01|Platform: Both images are incorrect, will use Primary Image.
000008.805|log  |*|01|Install file upload callback for 'Updater'

000008.806|app1 |*|01|Initial log entry. Current logging level 3
000008.820|cfg  |*|01|Initial log entry. Current logging level 2
000009.761|so   |3|01|Link status is Net up Speed 100 full Duplex, PC down.
000008.676|so   |*|01|---------- Initial log entry ----------
000008.676|so   |*|01|+++ Note that Updater log times are in GMT +++
000008.676|boot |*|01|Initial log entry. Current logging level 3
000008.676|copy |*|01|Initial log entry. Current logging level 3
000008.676|utilm|*|01|Initial log entry. Current logging level 4
000008.676|hw   |*|01|Initial log entry. Current logging level 4
000008.676|ethf |*|01|Initial log entry. Current logging level 4
000008.677|dns  |*|01|Initial log entry. Current logging level 3
000008.677|curl |*|01|Initial log entry. Current logging level 3
000008.677|sec  |*|01|Initial log entry. Current logging level 4
000008.691|wdog |*|01|Initial log entry. Current logging level 4
000008.692|lldp |*|01|Initial log entry. Current logging level 3
000008.692|cdp  |*|01|Initial log entry. Current logging level 3
000008.692|key  |*|01|Initial log entry. Current logging level 4
000008.721|so   |3|01|Platform: Model=VVX 300, Assembly=3111-46135-002 Rev=A Region=0
000008.722|so   |3|01|Platform: Board=3111-46135-002 1 0
000008.722|so   |3|01|Platform: MAC=0004f281ee82
000008.723|so   |3|01|Platform: BootBlock=3.0.4.0028 (46135-002) 30-Jan-13 18:00
000008.724|so   |*|01|Platform: BootL1=1.0.0.0009 (46135-002) 11-Jan-13 14:23
000008.724|so   |3|01|Application, main: Label=Updater, Version=Peridot 5.1.4.0844 20-Mar-13 14:16
000008.724|so   |3|01|Application, main: P/N=3150-11069-514
000008.724|so   |5|01|Platform: Both images are incorrect, will use Primary Image.
000008.724|log  |*|01|Install file upload callback for 'Updater'

000008.726|app1 |*|01|Initial log entry. Current logging level 3
000008.740|cfg  |*|01|Initial log entry. Current logging level 2
000009.682|so   |3|01|Link status is Net up Speed 100 full Duplex, PC down.
000008.665|so   |*|01|---------- Initial log entry ----------
000008.665|so   |*|01|+++ Note that Updater log times are in GMT +++
000008.665|boot |*|01|Initial log entry. Current logging level 3
000008.665|copy |*|01|Initial log entry. Current logging level 3
000008.665|utilm|*|01|Initial log entry. Current logging level 4
000008.665|hw   |*|01|Initial log entry. Current logging level 4
000008.665|ethf |*|01|Initial log entry. Current logging level 4
000008.665|dns  |*|01|Initial log entry. Current logging level 3
000008.666|curl |*|01|Initial log entry. Current logging level 3
000008.666|sec  |*|01|Initial log entry. Current logging level 4
000008.680|wdog |*|01|Initial log entry. Current logging level 4
000008.681|lldp |*|01|Initial log entry. Current logging level 3
000008.681|cdp  |*|01|Initial log entry. Current logging level 3
000008.681|key  |*|01|Initial log entry. Current logging level 4
000008.721|so   |3|01|Platform: Model=VVX 300, Assembly=3111-46135-002 Rev=A Region=0
000008.721|so   |3|01|Platform: Board=3111-46135-002 1 0
000008.722|so   |3|01|Platform: MAC=0004f281ee82
000008.723|so   |3|01|Platform: BootBlock=3.0.4.0028 (46135-002) 30-Jan-13 18:00
000008.724|so   |*|01|Platform: BootL1=1.0.0.0009 (46135-002) 11-Jan-13 14:23
000008.724|so   |3|01|Application, main: Label=Updater, Version=Peridot 5.1.4.0844 20-Mar-13 14:16
000008.724|so   |3|01|Application, main: P/N=3150-11069-514
000008.724|so   |5|01|Platform: Both images are incorrect, will use Primary Image.
000008.724|log  |*|01|Install file upload callback for 'Updater'

000008.725|app1 |*|01|Initial log entry. Current logging level 3
000008.740|cfg  |*|01|Initial log entry. Current logging level 2
000009.670|so   |3|01|Link status is Net up Speed 100 full Duplex, PC up Speed 100 full Duplex.
000008.781|so   |*|01|---------- Initial log entry ----------
000008.781|so   |*|01|+++ Note that Updater log times are in GMT +++
000008.781|boot |*|01|Initial log entry. Current logging level 3
000008.781|copy |*|01|Initial log entry. Current logging level 3
000008.781|utilm|*|01|Initial log entry. Current logging level 4
000008.781|hw   |*|01|Initial log entry. Current logging level 4
000008.781|ethf |*|01|Initial log entry. Current logging level 4
000008.781|dns  |*|01|Initial log entry. Current logging level 3
000008.781|curl |*|01|Initial log entry. Current logging level 3
000008.782|sec  |*|01|Initial log entry. Current logging level 4
000008.796|wdog |*|01|Initial log entry. Current logging level 4
000008.796|lldp |*|01|Initial log entry. Current logging level 3
000008.796|cdp  |*|01|Initial log entry. Current logging level 3
000008.797|key  |*|01|Initial log entry. Current logging level 4
000008.821|so   |3|01|Platform: Model=VVX 300, Assembly=3111-46135-002 Rev=A Region=0
000008.821|so   |3|01|Platform: Board=3111-46135-002 1 0
000008.822|so   |3|01|Platform: MAC=0004f281ee82
000008.823|so   |3|01|Platform: BootBlock=3.0.4.0028 (46135-002) 30-Jan-13 18:00
000008.824|so   |*|01|Platform: BootL1=1.0.0.0009 (46135-002) 11-Jan-13 14:23
000008.824|so   |3|01|Application, main: Label=Updater, Version=Peridot 5.1.4.0844 20-Mar-13 14:16
000008.824|so   |3|01|Application, main: P/N=3150-11069-514
000008.824|so   |5|01|Platform: Both images are incorrect, will use Primary Image.
000008.824|log  |*|01|Install file upload callback for 'Updater'

000008.825|app1 |*|01|Initial log entry. Current logging level 3
000008.840|cfg  |*|01|Initial log entry. Current logging level 2
000009.786|so   |3|01|Link status is Net up Speed 100 full Duplex, PC down.
000008.722|so   |*|01|---------- Initial log entry ----------
000008.722|so   |*|01|+++ Note that Updater log times are in GMT +++
000008.722|boot |*|01|Initial log entry. Current logging level 3
000008.722|copy |*|01|Initial log entry. Current logging level 3
000008.722|utilm|*|01|Initial log entry. Current logging level 4
000008.722|hw   |*|01|Initial log entry. Current logging level 4
000008.722|ethf |*|01|Initial log entry. Current logging level 4
000008.722|dns  |*|01|Initial log entry. Current logging level 3
000008.723|curl |*|01|Initial log entry. Current logging level 3
000008.723|sec  |*|01|Initial log entry. Current logging level 4
000008.737|wdog |*|01|Initial log entry. Current logging level 4
000008.737|lldp |*|01|Initial log entry. Current logging level 3
000008.737|cdp  |*|01|Initial log entry. Current logging level 3
000008.737|key  |*|01|Initial log entry. Current logging level 4
000008.761|so   |3|01|Platform: Model=VVX 300, Assembly=3111-46135-002 Rev=A Region=0
000008.761|so   |3|01|Platform: Board=3111-46135-002 1 0
000008.762|so   |3|01|Platform: MAC=0004f281ee82
000008.763|so   |3|01|Platform: BootBlock=3.0.4.0028 (46135-002) 30-Jan-13 18:00
000008.764|so   |*|01|Platform: BootL1=1.0.0.0009 (46135-002) 11-Jan-13 14:23
000008.764|so   |3|01|Application, main: Label=Updater, Version=Peridot 5.1.4.0844 20-Mar-13 14:16
000008.764|so   |3|01|Application, main: P/N=3150-11069-514
000008.764|so   |5|01|Platform: Both images are incorrect, will use Primary Image.
000008.764|log  |*|01|Install file upload callback for 'Updater'

000008.766|app1 |*|01|Initial log entry. Current logging level 3
000008.780|cfg  |*|01|Initial log entry. Current logging level 2
000009.727|so   |3|01|Link status is Net up Speed 100 full Duplex, PC down.
000008.710|so   |*|01|---------- Initial log entry ----------
000008.710|so   |*|01|+++ Note that Updater log times are in GMT +++
000008.710|boot |*|01|Initial log entry. Current logging level 3
000008.710|copy |*|01|Initial log entry. Current logging level 3
000008.710|utilm|*|01|Initial log entry. Current logging level 4
000008.710|hw   |*|01|Initial log entry. Current logging level 4
000008.711|ethf |*|01|Initial log entry. Current logging level 4
000008.711|dns  |*|01|Initial log entry. Current logging level 3
000008.711|curl |*|01|Initial log entry. Current logging level 3
000008.711|sec  |*|01|Initial log entry. Current logging level 4
000008.725|wdog |*|01|Initial log entry. Current logging level 4
000008.726|lldp |*|01|Initial log entry. Current logging level 3
000008.726|cdp  |*|01|Initial log entry. Current logging level 3
000008.726|key  |*|01|Initial log entry. Current logging level 4
000008.751|so   |3|01|Platform: Model=VVX 300, Assembly=3111-46135-002 Rev=A Region=0
000008.751|so   |3|01|Platform: Board=3111-46135-002 1 0
000008.752|so   |3|01|Platform: MAC=0004f281ee82
000008.753|so   |3|01|Platform: BootBlock=3.0.4.0028 (46135-002) 30-Jan-13 18:00
000008.754|so   |*|01|Platform: BootL1=1.0.0.0009 (46135-002) 11-Jan-13 14:23
000008.754|so   |3|01|Application, main: Label=Updater, Version=Peridot 5.1.4.0844 20-Mar-13 14:16
000008.754|so   |3|01|Application, main: P/N=3150-11069-514
000008.754|so   |5|01|Platform: Both images are incorrect, will use Primary Image.
000008.754|log  |*|01|Install file upload callback for 'Updater'

000008.755|app1 |*|01|Initial log entry. Current logging level 3
000008.770|cfg  |*|01|Initial log entry. Current logging level 2
000009.716|so   |3|01|Link status is Net up Speed 100 full Duplex, PC down.
000008.825|so   |*|01|---------- Initial log entry ----------
000008.825|so   |*|01|+++ Note that Updater log times are in GMT +++
000008.825|boot |*|01|Initial log entry. Current logging level 3
000008.825|copy |*|01|Initial log entry. Current logging level 3
000008.825|utilm|*|01|Initial log entry. Current logging level 4
000008.825|hw   |*|01|Initial log entry. Current logging level 4
000008.825|ethf |*|01|Initial log entry. Current logging level 4
000008.826|dns  |*|01|Initial log entry. Current logging level 3
000008.826|curl |*|01|Initial log entry. Current logging level 3
000008.826|sec  |*|01|Initial log entry. Current logging level 4
000008.840|wdog |*|01|Initial log entry. Current logging level 4
000008.841|lldp |*|01|Initial log entry. Current logging level 3
000008.841|cdp  |*|01|Initial log entry. Current logging level 3
000008.841|key  |*|01|Initial log entry. Current logging level 4
000008.881|so   |3|01|Platform: Model=VVX 300, Assembly=3111-46135-002 Rev=A Region=0
000008.881|so   |3|01|Platform: Board=3111-46135-002 1 0
000008.882|so   |3|01|Platform: MAC=0004f281ee82
000008.883|so   |3|01|Platform: BootBlock=3.0.4.0028 (46135-002) 30-Jan-13 18:00
000008.884|so   |*|01|Platform: BootL1=1.0.0.0009 (46135-002) 11-Jan-13 14:23
000008.884|so   |3|01|Application, main: Label=Updater, Version=Peridot 5.1.4.0844 20-Mar-13 14:16
000008.884|so   |3|01|Application, main: P/N=3150-11069-514
000008.884|so   |5|01|Platform: Both images are incorrect, will use Primary Image.
000008.884|log  |*|01|Install file upload callback for 'Updater'

000008.886|app1 |*|01|Initial log entry. Current logging level 3
000008.900|cfg  |*|01|Initial log entry. Current logging level 2
000009.831|so   |3|01|Link status is Net up Speed 100 full Duplex, PC down.
000008.920|so   |*|01|---------- Initial log entry ----------
000008.920|so   |*|01|+++ Note that Updater log times are in GMT +++
000008.920|boot |*|01|Initial log entry. Current logging level 3
000008.920|copy |*|01|Initial log entry. Current logging level 3
000008.920|utilm|*|01|Initial log entry. Current logging level 4
000008.920|hw   |*|01|Initial log entry. Current logging level 4
000008.920|ethf |*|01|Initial log entry. Current logging level 4
000008.920|dns  |*|01|Initial log entry. Current logging level 3
000008.921|curl |*|01|Initial log entry. Current logging level 3
000008.921|sec  |*|01|Initial log entry. Current logging level 4
000008.935|wdog |*|01|Initial log entry. Current logging level 4
000008.936|lldp |*|01|Initial log entry. Current logging level 3
000008.936|cdp  |*|01|Initial log entry. Current logging level 3
000008.936|key  |*|01|Initial log entry. Current logging level 4
000008.961|so   |3|01|Platform: Model=VVX 300, Assembly=3111-46135-002 Rev=A Region=0
000008.961|so   |3|01|Platform: Board=3111-46135-002 1 0
000008.962|so   |3|01|Platform: MAC=0004f281ee82
000008.963|so   |3|01|Platform: BootBlock=3.0.4.0028 (46135-002) 30-Jan-13 18:00
000008.964|so   |*|01|Platform: BootL1=1.0.0.0009 (46135-002) 11-Jan-13 14:23
000008.964|so   |3|01|Application, main: Label=Updater, Version=Peridot 5.1.4.0844 20-Mar-13 14:16
000008.964|so   |3|01|Application, main: P/N=3150-11069-514
000008.964|so   |5|01|Platform: Both images are incorrect, will use Primary Image.
000008.964|log  |*|01|Install file upload callback for 'Updater'

000008.965|app1 |*|01|Initial log entry. Current logging level 3
000008.980|cfg  |*|01|Initial log entry. Current logging level 2
000009.935|so   |3|01|Link status is Net up Speed 100 full Duplex, PC down.
000008.611|so   |*|01|---------- Initial log entry ----------
000008.611|so   |*|01|+++ Note that Updater log times are in GMT +++
000008.611|boot |*|01|Initial log entry. Current logging level 3
000008.612|copy |*|01|Initial log entry. Current logging level 3
000008.612|utilm|*|01|Initial log entry. Current logging level 4
000008.612|hw   |*|01|Initial log entry. Current logging level 4
000008.612|ethf |*|01|Initial log entry. Current logging level 4
000008.612|dns  |*|01|Initial log entry. Current logging level 3
000008.612|curl |*|01|Initial log entry. Current logging level 3
000008.612|sec  |*|01|Initial log entry. Current logging level 4
000008.626|wdog |*|01|Initial log entry. Current logging level 4
000008.627|lldp |*|01|Initial log entry. Current logging level 3
000008.627|cdp  |*|01|Initial log entry. Current logging level 3
000008.627|key  |*|01|Initial log entry. Current logging level 4
000008.651|so   |3|01|Platform: Model=VVX 300, Assembly=3111-46135-002 Rev=A Region=0
000008.651|so   |3|01|Platform: Board=3111-46135-002 1 0
000008.652|so   |3|01|Platform: MAC=0004f281ee82
000008.653|so   |3|01|Platform: BootBlock=3.0.4.0028 (46135-002) 30-Jan-13 18:00
000008.654|so   |*|01|Platform: BootL1=1.0.0.0009 (46135-002) 11-Jan-13 14:23
000008.654|so   |3|01|Application, main: Label=Updater, Version=Peridot 5.1.4.0844 20-Mar-13 14:16
000008.654|so   |3|01|Application, main: P/N=3150-11069-514
000008.654|so   |5|01|Platform: Both images are incorrect, will use Primary Image.
000008.654|log  |*|01|Install file upload callback for 'Updater'

000008.655|app1 |*|01|Initial log entry. Current logging level 3
000008.670|cfg  |*|01|Initial log entry. Current logging level 2
000009.616|so   |3|01|Link status is Net up Speed 100 full Duplex, PC down.
000008.816|so   |*|01|---------- Initial log entry ----------
000008.816|so   |*|01|+++ Note that Updater log times are in GMT +++
000008.816|boot |*|01|Initial log entry. Current logging level 3
000008.816|copy |*|01|Initial log entry. Current logging level 3
000008.816|utilm|*|01|Initial log entry. Current logging level 4
000008.816|hw   |*|01|Initial log entry. Current logging level 4
000008.817|ethf |*|01|Initial log entry. Current logging level 4
000008.817|dns  |*|01|Initial log entry. Current logging level 3
000008.817|curl |*|01|Initial log entry. Current logging level 3
000008.817|sec  |*|01|Initial log entry. Current logging level 4
000008.831|wdog |*|01|Initial log entry. Current logging level 4
000008.832|lldp |*|01|Initial log entry. Current logging level 3
000008.832|cdp  |*|01|Initial log entry. Current logging level 3
000008.832|key  |*|01|Initial log entry. Current logging level 4
000008.861|so   |3|01|Platform: Model=VVX 300, Assembly=3111-46135-002 Rev=A Region=0
000008.861|so   |3|01|Platform: Board=3111-46135-002 1 0
000008.862|so   |3|01|Platform: MAC=0004f281ee82
000008.863|so   |3|01|Platform: BootBlock=3.0.4.0028 (46135-002) 30-Jan-13 18:00
000008.864|so   |*|01|Platform: BootL1=1.0.0.0009 (46135-002) 11-Jan-13 14:23
000008.864|so   |3|01|Application, main: Label=Updater, Version=Peridot 5.1.4.0844 20-Mar-13 14:16
000008.864|so   |3|01|Application, main: P/N=3150-11069-514
000008.864|so   |5|01|Platform: Both images are incorrect, will use Primary Image.
000008.864|log  |*|01|Install file upload callback for 'Updater'

000008.865|app1 |*|01|Initial log entry. Current logging level 3
000008.880|cfg  |*|01|Initial log entry. Current logging level 2
000009.831|so   |3|01|Link status is Net up Speed 100 full Duplex, PC down.
000008.669|so   |*|01|---------- Initial log entry ----------
000008.669|so   |*|01|+++ Note that Updater log times are in GMT +++
000008.669|boot |*|01|Initial log entry. Current logging level 3
000008.669|copy |*|01|Initial log entry. Current logging level 3
000008.669|utilm|*|01|Initial log entry. Current logging level 4
000008.669|hw   |*|01|Initial log entry. Current logging level 4
000008.669|ethf |*|01|Initial log entry. Current logging level 4
000008.670|dns  |*|01|Initial log entry. Current logging level 3
000008.670|curl |*|01|Initial log entry. Current logging level 3
000008.670|sec  |*|01|Initial log entry. Current logging level 4
000008.684|wdog |*|01|Initial log entry. Current logging level 4
000008.685|lldp |*|01|Initial log entry. Current logging level 3
000008.685|cdp  |*|01|Initial log entry. Current logging level 3
000008.685|key  |*|01|Initial log entry. Current logging level 4
000008.711|so   |3|01|Platform: Model=VVX 300, Assembly=3111-46135-002 Rev=A Region=0
000008.711|so   |3|01|Platform: Board=3111-46135-002 1 0
000008.712|so   |3|01|Platform: MAC=0004f281ee82
000008.713|so   |3|01|Platform: BootBlock=3.0.4.0028 (46135-002) 30-Jan-13 18:00
000008.714|so   |*|01|Platform: BootL1=1.0.0.0009 (46135-002) 11-Jan-13 14:23
000008.714|so   |3|01|Application, main: Label=Updater, Version=Peridot 5.1.4.0844 20-Mar-13 14:16
000008.714|so   |3|01|Application, main: P/N=3150-11069-514
000008.714|so   |5|01|Platform: Both images are incorrect, will use Primary Image.
000008.714|log  |*|01|Install file upload callback for 'Updater'

000008.715|app1 |*|01|Initial log entry. Current logging level 3
000008.730|cfg  |*|01|Initial log entry. Current logging level 2
000009.683|so   |3|01|Link status is Net up Speed 100 full Duplex, PC down.
000008.639|so   |*|01|---------- Initial log entry ----------
000008.639|so   |*|01|+++ Note that Updater log times are in GMT +++
000008.639|boot |*|01|Initial log entry. Current logging level 3
000008.639|copy |*|01|Initial log entry. Current logging level 3
000008.639|utilm|*|01|Initial log entry. Current logging level 4
000008.640|hw   |*|01|Initial log entry. Current logging level 4
000008.640|ethf |*|01|Initial log entry. Current logging level 4
000008.640|dns  |*|01|Initial log entry. Current logging level 3
000008.640|curl |*|01|Initial log entry. Current logging level 3
000008.640|sec  |*|01|Initial log entry. Current logging level 4
000008.655|wdog |*|01|Initial log entry. Current logging level 4
000008.655|lldp |*|01|Initial log entry. Current logging level 3
000008.655|cdp  |*|01|Initial log entry. Current logging level 3
000008.655|key  |*|01|Initial log entry. Current logging level 4
000008.681|so   |3|01|Platform: Model=VVX 300, Assembly=3111-46135-002 Rev=A Region=0
000008.682|so   |3|01|Platform: Board=3111-46135-002 1 0
000008.682|so   |3|01|Platform: MAC=0004f281ee82
000008.683|so   |3|01|Platform: BootBlock=3.0.4.0028 (46135-002) 30-Jan-13 18:00
000008.684|so   |*|01|Platform: BootL1=1.0.0.0009 (46135-002) 11-Jan-13 14:23
000008.684|so   |3|01|Application, main: Label=Updater, Version=Peridot 5.1.4.0844 20-Mar-13 14:16
000008.684|so   |3|01|Application, main: P/N=3150-11069-514
000008.684|so   |5|01|Platform: Both images are incorrect, will use Primary Image.
000008.684|log  |*|01|Install file upload callback for 'Updater'

000008.685|app1 |*|01|Initial log entry. Current logging level 3
000008.700|cfg  |*|01|Initial log entry. Current logging level 2
000009.653|so   |3|01|Link status is Net up Speed 100 full Duplex, PC down.
000008.729|so   |*|01|---------- Initial log entry ----------
000008.729|so   |*|01|+++ Note that Updater log times are in GMT +++
000008.729|boot |*|01|Initial log entry. Current logging level 3
000008.729|copy |*|01|Initial log entry. Current logging level 3
000008.729|utilm|*|01|Initial log entry. Current logging level 4
000008.729|hw   |*|01|Initial log entry. Current logging level 4
000008.729|ethf |*|01|Initial log entry. Current logging level 4
000008.729|dns  |*|01|Initial log entry. Current logging level 3
000008.729|curl |*|01|Initial log entry. Current logging level 3
000008.730|sec  |*|01|Initial log entry. Current logging level 4
000008.744|wdog |*|01|Initial log entry. Current logging level 4
000008.744|lldp |*|01|Initial log entry. Current logging level 3
000008.744|cdp  |*|01|Initial log entry. Current logging level 3
000008.745|key  |*|01|Initial log entry. Current logging level 4
000008.772|so   |3|01|Platform: Model=VVX 300, Assembly=3111-46135-002 Rev=A Region=0
000008.772|so   |3|01|Platform: Board=3111-46135-002 1 0
000008.772|so   |3|01|Platform: MAC=0004f281ee82
000008.773|so   |3|01|Platform: BootBlock=3.0.4.0028 (46135-002) 30-Jan-13 18:00
000008.774|so   |*|01|Platform: BootL1=1.0.0.0009 (46135-002) 11-Jan-13 14:23
000008.774|so   |3|01|Application, main: Label=Updater, Version=Peridot 5.1.4.0844 20-Mar-13 14:16
000008.774|so   |3|01|Application, main: P/N=3150-11069-514
000008.774|so   |5|01|Platform: Both images are incorrect, will use Primary Image.
000008.774|log  |*|01|Install file upload callback for 'Updater'

000008.776|app1 |*|01|Initial log entry. Current logging level 3
000008.790|cfg  |*|01|Initial log entry. Current logging level 2
000009.743|so   |3|01|Link status is Net up Speed 100 full Duplex, PC down.
000008.676|so   |*|01|---------- Initial log entry ----------
000008.676|so   |*|01|+++ Note that Updater log times are in GMT +++
000008.676|boot |*|01|Initial log entry. Current logging level 3
000008.676|copy |*|01|Initial log entry. Current logging level 3
000008.676|utilm|*|01|Initial log entry. Current logging level 4
000008.676|hw   |*|01|Initial log entry. Current logging level 4
000008.676|ethf |*|01|Initial log entry. Current logging level 4
000008.677|dns  |*|01|Initial log entry. Current logging level 3
000008.677|curl |*|01|Initial log entry. Current logging level 3
000008.677|sec  |*|01|Initial log entry. Current logging level 4
000008.691|wdog |*|01|Initial log entry. Current logging level 4
000008.692|lldp |*|01|Initial log entry. Current logging level 3
000008.692|cdp  |*|01|Initial log entry. Current logging level 3
000008.692|key  |*|01|Initial log entry. Current logging level 4
000008.721|so   |3|01|Platform: Model=VVX 300, Assembly=3111-46135-002 Rev=A Region=0
000008.721|so   |3|01|Platform: Board=3111-46135-002 1 0
000008.722|so   |3|01|Platform: MAC=0004f281ee82
000008.723|so   |3|01|Platform: BootBlock=3.0.4.0028 (46135-002) 30-Jan-13 18:00
000008.724|so   |*|01|Platform: BootL1=1.0.0.0009 (46135-002) 11-Jan-13 14:23
000008.724|so   |3|01|Application, main: Label=Updater, Version=Peridot 5.1.4.0844 20-Mar-13 14:16
000008.724|so   |3|01|Application, main: P/N=3150-11069-514
000008.724|so   |5|01|Platform: Both images are incorrect, will use Primary Image.
000008.724|log  |*|01|Install file upload callback for 'Updater'

000008.725|app1 |*|01|Initial log entry. Current logging level 3
000008.740|cfg  |*|01|Initial log entry. Current logging level 2
000009.691|so   |3|01|Link status is Net up Speed 100 full Duplex, PC down.
000008.703|so   |*|01|---------- Initial log entry ----------
000008.703|so   |*|01|+++ Note that Updater log times are in GMT +++
000008.703|boot |*|01|Initial log entry. Current logging level 3
000008.703|copy |*|01|Initial log entry. Current logging level 3
000008.703|utilm|*|01|Initial log entry. Current logging level 4
000008.703|hw   |*|01|Initial log entry. Current logging level 4
000008.703|ethf |*|01|Initial log entry. Current logging level 4
000008.703|dns  |*|01|Initial log entry. Current logging level 3
000008.704|curl |*|01|Initial log entry. Current logging level 3
000008.704|sec  |*|01|Initial log entry. Current logging level 4
000008.718|wdog |*|01|Initial log entry. Current logging level 4
000008.719|lldp |*|01|Initial log entry. Current logging level 3
000008.719|cdp  |*|01|Initial log entry. Current logging level 3
000008.719|key  |*|01|Initial log entry. Current logging level 4
000008.741|so   |3|01|Platform: Model=VVX 300, Assembly=3111-46135-002 Rev=A Region=0
000008.741|so   |3|01|Platform: Board=3111-46135-002 1 0
000008.742|so   |3|01|Platform: MAC=0004f281ee82
000008.743|so   |3|01|Platform: BootBlock=3.0.4.0028 (46135-002) 30-Jan-13 18:00
000008.744|so   |*|01|Platform: BootL1=1.0.0.0009 (46135-002) 11-Jan-13 14:23
000008.744|so   |3|01|Application, main: Label=Updater, Version=Peridot 5.1.4.0844 20-Mar-13 14:16
000008.744|so   |3|01|Application, main: P/N=3150-11069-514
000008.744|so   |5|01|Platform: Both images are incorrect, will use Primary Image.
000008.744|log  |*|01|Install file upload callback for 'Updater'

000008.746|app1 |*|01|Initial log entry. Current logging level 3
000008.760|cfg  |*|01|Initial log entry. Current logging level 2
000009.717|so   |3|01|Link status is Net up Speed 100 full Duplex, PC down.
000008.759|so   |*|01|---------- Initial log entry ----------
000008.759|so   |*|01|+++ Note that Updater log times are in GMT +++
000008.759|boot |*|01|Initial log entry. Current logging level 3
000008.759|copy |*|01|Initial log entry. Current logging level 3
000008.759|utilm|*|01|Initial log entry. Current logging level 4
000008.759|hw   |*|01|Initial log entry. Current logging level 4
000008.759|ethf |*|01|Initial log entry. Current logging level 4
000008.760|dns  |*|01|Initial log entry. Current logging level 3
000008.760|curl |*|01|Initial log entry. Current logging level 3
000008.760|sec  |*|01|Initial log entry. Current logging level 4
000008.774|wdog |*|01|Initial log entry. Current logging level 4
000008.775|lldp |*|01|Initial log entry. Current logging level 3
000008.775|cdp  |*|01|Initial log entry. Current logging level 3
000008.775|key  |*|01|Initial log entry. Current logging level 4
000008.801|so   |3|01|Platform: Model=VVX 300, Assembly=3111-46135-002 Rev=A Region=0
000008.801|so   |3|01|Platform: Board=3111-46135-002 1 0
000008.802|so   |3|01|Platform: MAC=0004f281ee82
000008.803|so   |3|01|Platform: BootBlock=3.0.4.0028 (46135-002) 30-Jan-13 18:00
000008.804|so   |*|01|Platform: BootL1=1.0.0.0009 (46135-002) 11-Jan-13 14:23
000008.804|so   |3|01|Application, main: Label=Updater, Version=Peridot 5.1.4.0844 20-Mar-13 14:16
000008.804|so   |3|01|Application, main: P/N=3150-11069-514
000008.804|so   |5|01|Platform: Both images are incorrect, will use Primary Image.
000008.804|log  |*|01|Install file upload callback for 'Updater'

000008.805|app1 |*|01|Initial log entry. Current logging level 3
000008.820|cfg  |*|01|Initial log entry. Current logging level 2
000009.764|so   |3|01|Link status is Net up Speed 100 full Duplex, PC down.
000008.647|so   |*|01|---------- Initial log entry ----------
000008.647|so   |*|01|+++ Note that Updater log times are in GMT +++
000008.647|boot |*|01|Initial log entry. Current logging level 3
000008.647|copy |*|01|Initial log entry. Current logging level 3
000008.647|utilm|*|01|Initial log entry. Current logging level 4
000008.647|hw   |*|01|Initial log entry. Current logging level 4
000008.647|ethf |*|01|Initial log entry. Current logging level 4
000008.647|dns  |*|01|Initial log entry. Current logging level 3
000008.648|curl |*|01|Initial log entry. Current logging level 3
000008.648|sec  |*|01|Initial log entry. Current logging level 4
000008.662|wdog |*|01|Initial log entry. Current logging level 4
000008.663|lldp |*|01|Initial log entry. Current logging level 3
000008.663|cdp  |*|01|Initial log entry. Current logging level 3
000008.663|key  |*|01|Initial log entry. Current logging level 4
000008.691|so   |3|01|Platform: Model=VVX 300, Assembly=3111-46135-002 Rev=A Region=0
000008.691|so   |3|01|Platform: Board=3111-46135-002 1 0
000008.692|so   |3|01|Platform: MAC=0004f281ee82
000008.693|so   |3|01|Platform: BootBlock=3.0.4.0028 (46135-002) 30-Jan-13 18:00
000008.694|so   |*|01|Platform: BootL1=1.0.0.0009 (46135-002) 11-Jan-13 14:23
000008.694|so   |3|01|Application, main: Label=Updater, Version=Peridot 5.1.4.0844 20-Mar-13 14:16
000008.694|so   |3|01|Application, main: P/N=3150-11069-514
000008.694|so   |5|01|Platform: Both images are incorrect, will use Primary Image.
000008.694|log  |*|01|Install file upload callback for 'Updater'

000008.695|app1 |*|01|Initial log entry. Current logging level 3
000008.710|cfg  |*|01|Initial log entry. Current logging level 2
000009.661|so   |3|01|Link status is Net up Speed 100 full Duplex, PC down.
000008.672|so   |*|01|---------- Initial log entry ----------
000008.672|so   |*|01|+++ Note that Updater log times are in GMT +++
000008.672|boot |*|01|Initial log entry. Current logging level 3
000008.672|copy |*|01|Initial log entry. Current logging level 3
000008.673|utilm|*|01|Initial log entry. Current logging level 4
000008.673|hw   |*|01|Initial log entry. Current logging level 4
000008.673|ethf |*|01|Initial log entry. Current logging level 4
000008.673|dns  |*|01|Initial log entry. Current logging level 3
000008.673|curl |*|01|Initial log entry. Current logging level 3
000008.673|sec  |*|01|Initial log entry. Current logging level 4
000008.688|wdog |*|01|Initial log entry. Current logging level 4
000008.688|lldp |*|01|Initial log entry. Current logging level 3
000008.688|cdp  |*|01|Initial log entry. Current logging level 3
000008.688|key  |*|01|Initial log entry. Current logging level 4
000008.711|so   |3|01|Platform: Model=VVX 300, Assembly=3111-46135-002 Rev=A Region=0
000008.711|so   |3|01|Platform: Board=3111-46135-002 1 0
000008.712|so   |3|01|Platform: MAC=0004f281ee82
000008.713|so   |3|01|Platform: BootBlock=3.0.4.0028 (46135-002) 30-Jan-13 18:00
000008.714|so   |*|01|Platform: BootL1=1.0.0.0009 (46135-002) 11-Jan-13 14:23
000008.714|so   |3|01|Application, main: Label=Updater, Version=Peridot 5.1.4.0844 20-Mar-13 14:16
000008.714|so   |3|01|Application, main: P/N=3150-11069-514
000008.714|so   |5|01|Platform: Both images are incorrect, will use Primary Image.
000008.714|log  |*|01|Install file upload callback for 'Updater'

000008.715|app1 |*|01|Initial log entry. Current logging level 3
000008.730|cfg  |*|01|Initial log entry. Current logging level 2
000009.686|so   |3|01|Link status is Net up Speed 100 full Duplex, PC down.
000008.861|so   |*|01|---------- Initial log entry ----------
000008.861|so   |*|01|+++ Note that Updater log times are in GMT +++
000008.861|boot |*|01|Initial log entry. Current logging level 3
000008.861|copy |*|01|Initial log entry. Current logging level 3
000008.861|utilm|*|01|Initial log entry. Current logging level 4
000008.861|hw   |*|01|Initial log entry. Current logging level 4
000008.861|ethf |*|01|Initial log entry. Current logging level 4
000008.862|dns  |*|01|Initial log entry. Current logging level 3
000008.862|curl |*|01|Initial log entry. Current logging level 3
000008.862|sec  |*|01|Initial log entry. Current logging level 4
000008.876|wdog |*|01|Initial log entry. Current logging level 4
000008.877|lldp |*|01|Initial log entry. Current logging level 3
000008.877|cdp  |*|01|Initial log entry. Current logging level 3
000008.877|key  |*|01|Initial log entry. Current logging level 4
000008.901|so   |3|01|Platform: Model=VVX 300, Assembly=3111-46135-002 Rev=A Region=0
000008.901|so   |3|01|Platform: Board=3111-46135-002 1 0
000008.902|so   |3|01|Platform: MAC=0004f281ee82
000008.903|so   |3|01|Platform: BootBlock=3.0.4.0028 (46135-002) 30-Jan-13 18:00
000008.904|so   |*|01|Platform: BootL1=1.0.0.0009 (46135-002) 11-Jan-13 14:23
000008.904|so   |3|01|Application, main: Label=Updater, Version=Peridot 5.1.4.0844 20-Mar-13 14:16
000008.904|so   |3|01|Application, main: P/N=3150-11069-514
000008.904|so   |5|01|Platform: Both images are incorrect, will use Primary Image.
000008.904|log  |*|01|Install file upload callback for 'Updater'

000008.906|app1 |*|01|Initial log entry. Current logging level 3
000008.920|cfg  |*|01|Initial log entry. Current logging level 2
000009.866|so   |3|01|Link status is Net up Speed 100 full Duplex, PC down.
000008.700|so   |*|01|---------- Initial log entry ----------
000008.700|so   |*|01|+++ Note that Updater log times are in GMT +++
000008.700|boot |*|01|Initial log entry. Current logging level 3
000008.700|copy |*|01|Initial log entry. Current logging level 3
000008.700|utilm|*|01|Initial log entry. Current logging level 4
000008.700|hw   |*|01|Initial log entry. Current logging level 4
000008.700|ethf |*|01|Initial log entry. Current logging level 4
000008.701|dns  |*|01|Initial log entry. Current logging level 3
000008.701|curl |*|01|Initial log entry. Current logging level 3
000008.701|sec  |*|01|Initial log entry. Current logging level 4
000008.715|wdog |*|01|Initial log entry. Current logging level 4
000008.716|lldp |*|01|Initial log entry. Current logging level 3
000008.716|cdp  |*|01|Initial log entry. Current logging level 3
000008.716|key  |*|01|Initial log entry. Current logging level 4
000008.741|so   |3|01|Platform: Model=VVX 300, Assembly=3111-46135-002 Rev=A Region=0
000008.741|so   |3|01|Platform: Board=3111-46135-002 1 0
000008.742|so   |3|01|Platform: MAC=0004f281ee82
000008.743|so   |3|01|Platform: BootBlock=3.0.4.0028 (46135-002) 30-Jan-13 18:00
000008.744|so   |*|01|Platform: BootL1=1.0.0.0009 (46135-002) 11-Jan-13 14:23
000008.744|so   |3|01|Application, main: Label=Updater, Version=Peridot 5.1.4.0844 20-Mar-13 14:16
000008.744|so   |3|01|Application, main: P/N=3150-11069-514
000008.744|so   |5|01|Platform: Both images are incorrect, will use Primary Image.
000008.744|log  |*|01|Install file upload callback for 'Updater'

000008.745|app1 |*|01|Initial log entry. Current logging level 3
000008.760|cfg  |*|01|Initial log entry. Current logging level 2
000009.714|so   |3|01|Link status is Net up Speed 100 full Duplex, PC down.
000008.625|so   |*|01|---------- Initial log entry ----------
000008.625|so   |*|01|+++ Note that Updater log times are in GMT +++
000008.625|boot |*|01|Initial log entry. Current logging level 3
000008.625|copy |*|01|Initial log entry. Current logging level 3
000008.625|utilm|*|01|Initial log entry. Current logging level 4
000008.625|hw   |*|01|Initial log entry. Current logging level 4
000008.625|ethf |*|01|Initial log entry. Current logging level 4
000008.625|dns  |*|01|Initial log entry. Current logging level 3
000008.626|curl |*|01|Initial log entry. Current logging level 3
000008.626|sec  |*|01|Initial log entry. Current logging level 4
000008.640|wdog |*|01|Initial log entry. Current logging level 4
000008.641|lldp |*|01|Initial log entry. Current logging level 3
000008.641|cdp  |*|01|Initial log entry. Current logging level 3
000008.641|key  |*|01|Initial log entry. Current logging level 4
000008.681|so   |3|01|Platform: Model=VVX 300, Assembly=3111-46135-002 Rev=A Region=0
000008.681|so   |3|01|Platform: Board=3111-46135-002 1 0
000008.682|so   |3|01|Platform: MAC=0004f281ee82
000008.683|so   |3|01|Platform: BootBlock=3.0.4.0028 (46135-002) 30-Jan-13 18:00
000008.684|so   |*|01|Platform: BootL1=1.0.0.0009 (46135-002) 11-Jan-13 14:23
000008.684|so   |3|01|Application, main: Label=Updater, Version=Peridot 5.1.4.0844 20-Mar-13 14:16
000008.684|so   |3|01|Application, main: P/N=3150-11069-514
000008.684|so   |5|01|Platform: Both images are incorrect, will use Primary Image.
000008.684|log  |*|01|Install file upload callback for 'Updater'

000008.685|app1 |*|01|Initial log entry. Current logging level 3
000008.700|cfg  |*|01|Initial log entry. Current logging level 2
000009.639|so   |3|01|Link status is Net up Speed 100 full Duplex, PC down.
000008.753|so   |*|01|---------- Initial log entry ----------
000008.753|so   |*|01|+++ Note that Updater log times are in GMT +++
000008.753|boot |*|01|Initial log entry. Current logging level 3
000008.753|copy |*|01|Initial log entry. Current logging level 3
000008.753|utilm|*|01|Initial log entry. Current logging level 4
000008.753|hw   |*|01|Initial log entry. Current logging level 4
000008.753|ethf |*|01|Initial log entry. Current logging level 4
000008.753|dns  |*|01|Initial log entry. Current logging level 3
000008.753|curl |*|01|Initial log entry. Current logging level 3
000008.753|sec  |*|01|Initial log entry. Current logging level 4
000008.768|wdog |*|01|Initial log entry. Current logging level 4
000008.768|lldp |*|01|Initial log entry. Current logging level 3
000008.769|cdp  |*|01|Initial log entry. Current logging level 3
000008.769|key  |*|01|Initial log entry. Current logging level 4
000008.791|so   |3|01|Platform: Model=VVX 300, Assembly=3111-46135-002 Rev=A Region=0
000008.792|so   |3|01|Platform: Board=3111-46135-002 1 0
000008.792|so   |3|01|Platform: MAC=0004f281ee82
000008.793|so   |3|01|Platform: BootBlock=3.0.4.0028 (46135-002) 30-Jan-13 18:00
000008.794|so   |*|01|Platform: BootL1=1.0.0.0009 (46135-002) 11-Jan-13 14:23
000008.794|so   |3|01|Application, main: Label=Updater, Version=Peridot 5.1.4.0844 20-Mar-13 14:16
000008.794|so   |3|01|Application, main: P/N=3150-11069-514
000008.794|so   |5|01|Platform: Both images are incorrect, will use Primary Image.
000008.794|log  |*|01|Install file upload callback for 'Updater'

000008.795|app1 |*|01|Initial log entry. Current logging level 3
000008.810|cfg  |*|01|Initial log entry. Current logging level 2
000009.768|so   |3|01|Link status is Net up Speed 100 full Duplex, PC down.
000008.713|so   |*|01|---------- Initial log entry ----------
000008.713|so   |*|01|+++ Note that Updater log times are in GMT +++
000008.713|boot |*|01|Initial log entry. Current logging level 3
000008.713|copy |*|01|Initial log entry. Current logging level 3
000008.713|utilm|*|01|Initial log entry. Current logging level 4
000008.713|hw   |*|01|Initial log entry. Current logging level 4
000008.713|ethf |*|01|Initial log entry. Current logging level 4
000008.713|dns  |*|01|Initial log entry. Current logging level 3
000008.714|curl |*|01|Initial log entry. Current logging level 3
000008.714|sec  |*|01|Initial log entry. Current logging level 4
000008.728|wdog |*|01|Initial log entry. Current logging level 4
000008.728|lldp |*|01|Initial log entry. Current logging level 3
000008.728|cdp  |*|01|Initial log entry. Current logging level 3
000008.729|key  |*|01|Initial log entry. Current logging level 4
000008.751|so   |3|01|Platform: Model=VVX 300, Assembly=3111-46135-002 Rev=A Region=0
000008.751|so   |3|01|Platform: Board=3111-46135-002 1 0
000008.752|so   |3|01|Platform: MAC=0004f281ee82
000008.753|so   |3|01|Platform: BootBlock=3.0.4.0028 (46135-002) 30-Jan-13 18:00
000008.754|so   |*|01|Platform: BootL1=1.0.0.0009 (46135-002) 11-Jan-13 14:23
000008.754|so   |3|01|Application, main: Label=Updater, Version=Peridot 5.1.4.0844 20-Mar-13 14:16
000008.754|so   |3|01|Application, main: P/N=3150-11069-514
000008.754|so   |5|01|Platform: Both images are incorrect, will use Primary Image.
000008.754|log  |*|01|Install file upload callback for 'Updater'

000008.755|app1 |*|01|Initial log entry. Current logging level 3
000008.770|cfg  |*|01|Initial log entry. Current logging level 2
000009.727|so   |3|01|Link status is Net up Speed 100 full Duplex, PC down.
