0420101825|dns  |4|03|doDnsLookupForList: given NULL hostname in task tPktProSys
0420111825|dns  |4|03|doDnsLookupForList: given NULL hostname in task tPktProSys
0420121825|dns  |4|03|doDnsLookupForList: given NULL hostname in task tPktProSys
0420125438|sip  |4|03|Registration failed User: 207, Error Code:401 Unauthorized
0420125525|app1 |*|03|Ctx [0] Registered [false]
0420125540|app1 |*|03|Ctx [0] Registered [true]
0420132010|dns  |4|03|doDnsLookupForList: given NULL hostname in task tPktProSys
0420142010|dns  |4|03|doDnsLookupForList: given NULL hostname in task tPktProSys
0420152010|dns  |4|03|doDnsLookupForList: given NULL hostname in task tPktProSys
0420162010|dns  |4|03|doDnsLookupForList: given NULL hostname in task tPktProSys
0420162810|sip  |4|03|NAPTR query for host 'hyperwallet.voxter.sip.voxter.com' returned no results
0420172010|dns  |4|03|doDnsLookupForList: given NULL hostname in task tPktProSys
0420182010|dns  |4|03|doDnsLookupForList: given NULL hostname in task tPktProSys
0420192010|dns  |4|03|doDnsLookupForList: given NULL hostname in task tPktProSys
0420202010|dns  |4|03|doDnsLookupForList: given NULL hostname in task tPktProSys
0420212011|dns  |4|03|doDnsLookupForList: given NULL hostname in task tPktProSys
0420222011|dns  |4|03|doDnsLookupForList: given NULL hostname in task tPktProSys
0420222938|dns  |4|03|doDnsLookupForList: given NULL hostname in task tSntpGet
0420232012|dns  |4|03|doDnsLookupForList: given NULL hostname in task tPktProSys
0421002012|dns  |4|03|doDnsLookupForList: given NULL hostname in task tPktProSys
0421012012|dns  |4|03|doDnsLookupForList: given NULL hostname in task tPktProSys
0421022012|dns  |4|03|doDnsLookupForList: given NULL hostname in task tPktProSys
0421032012|dns  |4|03|doDnsLookupForList: given NULL hostname in task tPktProSys
0421042012|dns  |4|03|doDnsLookupForList: given NULL hostname in task tPktProSys
0421052012|dns  |4|03|doDnsLookupForList: given NULL hostname in task tPktProSys
0421062012|dns  |4|03|doDnsLookupForList: given NULL hostname in task tPktProSys
0421072012|dns  |4|03|doDnsLookupForList: given NULL hostname in task tPktProSys
0421082012|dns  |4|03|doDnsLookupForList: given NULL hostname in task tPktProSys
0421092012|dns  |4|03|doDnsLookupForList: given NULL hostname in task tPktProSys
0421102013|dns  |4|03|doDnsLookupForList: given NULL hostname in task tPktProSys
0421112013|dns  |4|03|doDnsLookupForList: given NULL hostname in task tPktProSys
0421122013|dns  |4|03|doDnsLookupForList: given NULL hostname in task tPktProSys
0421132013|dns  |4|03|doDnsLookupForList: given NULL hostname in task tPktProSys
0421142013|dns  |4|03|doDnsLookupForList: given NULL hostname in task tPktProSys
0421144413|sip  |4|03|NAPTR query for host 'hyperwallet.voxter.sip.voxter.com' returned no results
0421152013|dns  |4|03|doDnsLookupForList: given NULL hostname in task tPktProSys
0421162013|dns  |4|03|doDnsLookupForList: given NULL hostname in task tPktProSys
0421172013|dns  |4|03|doDnsLookupForList: given NULL hostname in task tPktProSys
0421182014|dns  |4|03|doDnsLookupForList: given NULL hostname in task tPktProSys
0421192014|dns  |4|03|doDnsLookupForList: given NULL hostname in task tPktProSys
0421202014|dns  |4|03|doDnsLookupForList: given NULL hostname in task tPktProSys
0421212014|dns  |4|03|doDnsLookupForList: given NULL hostname in task tPktProSys
0421222014|dns  |4|03|doDnsLookupForList: given NULL hostname in task tPktProSys
0421222939|dns  |4|03|doDnsLookupForList: given NULL hostname in task tSntpGet
0421232016|dns  |4|03|doDnsLookupForList: given NULL hostname in task tPktProSys
0422002016|dns  |4|03|doDnsLookupForList: given NULL hostname in task tPktProSys
0422012016|dns  |4|03|doDnsLookupForList: given NULL hostname in task tPktProSys
0422022016|dns  |4|03|doDnsLookupForList: given NULL hostname in task tPktProSys
0422032016|dns  |4|03|doDnsLookupForList: given NULL hostname in task tPktProSys
0422042016|dns  |4|03|doDnsLookupForList: given NULL hostname in task tPktProSys
0422052016|dns  |4|03|doDnsLookupForList: given NULL hostname in task tPktProSys
0422062016|dns  |4|03|doDnsLookupForList: given NULL hostname in task tPktProSys
0422072016|dns  |4|03|doDnsLookupForList: given NULL hostname in task tPktProSys
0422082016|dns  |4|03|doDnsLookupForList: given NULL hostname in task tPktProSys
