000014.230|srtp |*|00|Initial log entry. Current logging level 4
000014.238|cfg  |5|00|Prm|Parameter 0 is out of range
000014.247|res  |*|00|Initial log entry. Current logging level 4
000014.250|httpa|*|00|Initial log entry. Current logging level 4
000014.250|lldp |*|00|Initial log entry. Current logging level 4
000014.250|cdp  |*|00|Initial log entry. Current logging level 4
000014.251|pcd  |*|00|Initial log entry. Current logging level 4
000014.262|tickt|*|00|Initial log entry. Current logging level 4
000014.273|utilm|4|00|uBLFUnCompressed: File /ffs0/Config/Local/WebTicket/0/sip.usr doesn't exist or is empty
000014.277|tickt|4|00|soWebTicketCertMove: Could not copy key to new slot
000014.279|tickt|4|00|soWebTicketCertMove: Could not copy cert to new slot
000014.280|tickt|4|00|soWebTicketCertMove: Could not copy SIP user to new slot
000014.280|tickt|4|00|soWebTicketCertMove: Could not copy SIP uuid to new slot
000014.280|tickt|4|00|soWebTicketCertMove: Could not copy server to new slot
000014.284|loc  |*|00|Initial log entry. Current logging level 4
000014.294|ssps |*|00|Initial log entry. Current logging level 4
000014.322|ssps |5|00|Allocated 36992 bytes for SspsHdiMemBase=0x11b42f0
000014.639|so   |*|00|System Info Reports:
000014.639|so   |*|00|  Cpu is ARMv6-compatible processor rev 7 (v6l), ID: 0x111070b2, running at 500MHz.
000014.639|so   |*|00|  Board is identified as PolycomVVX-VVX_500.
000014.639|so   |*|00|  DRAM_SIZE: 224 MB
000014.639|so   |*|00|  NAND flash detected is 20
000014.639|key  |*|00|Initial log entry. Current logging level 4
000014.653|httpd|*|00|Initial log entry. Current logging level 4
000014.658|poll |*|00|Initial log entry. Current logging level 4
000014.658|push |*|00|Initial log entry. Current logging level 4
000014.659|poll |*|00|Initial log entry. Current logging level 4
000014.660|poll |*|00|Initial log entry. Current logging level 4
000014.660|poll |*|00|Initial log entry. Current logging level 4
000014.661|poll |*|00|Initial log entry. Current logging level 4
000014.661|poll |*|00|Initial log entry. Current logging level 4
000014.662|ht   |*|00|Initial log entry. Current logging level 4
000014.663|cap  |*|00|Initial log entry. Current logging level 4
000014.665|vid  |*|00|Initial log entry. Current logging level 4
000014.665|vid  |5|00|init: Could not start display driver.
000014.670|dbuf |*|00|Initial log entry. Current logging level 4
000014.678|ssps |*|00|sspsMain: Set HDI mem to be 0, was 0
000014.694|ssps |*|00|Application, comp. 1: Label=PolyDSP Vino BCM11107 Mem1 FS1, Version=7.4.2.4243 03-Oct-2013 18:31
000014.694|ssps |*|00|Application, comp. 1: P/N=3150-11580-742.
000014.697|ice  |*|00|Initial log entry. Current logging level 4
000014.699|pps  |*|00|Initial log entry. Current logging level 4
000014.700|sip  |*|00|Initial log entry. Current logging level 4
000014.701|sipt |*|00|Initial log entry. Current logging level 4
000014.701|sipp |*|00|Initial log entry. Current logging level 4
000014.706|ptt  |*|00|Initial log entry. Current logging level 4
000014.712|xmpp |*|00|Initial log entry. Current logging level 4
000014.781|so   |5|00|soCoreAudio compiledOffsetsApply error: unrecognized verAudio 20 for bluetooth headset
000015.050|cap  |4|00|[SoVidVideoCaptureManagerC::captureFrameAndProcessLoop][ERROR] No active camera channel found! noActiveCameraChanCt=1
000015.051|ssps |5|00|Failed to create 'SoVidDecoderFacadeC' object
000015.053|ssps |5|00|Failed to create 'SoVidDecoderFacadeC' object
000015.477|pwrsv|*|00|Initial log entry. Current logging level 4
000015.482|so   |*|00|Using TCP IP Media Port, configured initial RTP port 2222
000015.493|so   |4|00|SoVideoIFrameRequesterC::instanceDestroy - unexpected state, instance was not initialized
000015.498|so   |4|00|SoVideoIFrameRequesterC::instanceDestroy - unexpected state, instance was not initialized
000015.498|so   |4|00|SoVideoIFrameRequesterC::instanceDestroy - unexpected state, instance was not initialized
000015.498|so   |4|00|SoVideoIFrameRequesterC::instanceDestroy - unexpected state, instance was not initialized
000015.498|so   |4|00|SoVideoIFrameRequesterC::instanceDestroy - unexpected state, instance was not initialized
000015.499|so   |4|00|SoVideoIFrameRequesterC::instanceDestroy - unexpected state, instance was not initialized
000015.499|so   |4|00|SoVideoIFrameRequesterC::instanceDestroy - unexpected state, instance was not initialized
000015.499|so   |4|00|SoVideoIFrameRequesterC::instanceDestroy - unexpected state, instance was not initialized
000015.499|so   |4|00|SoVideoIFrameRequesterC::instanceDestroy - unexpected state, instance was not initialized
000015.499|so   |4|00|SoVideoIFrameRequesterC::instanceDestroy - unexpected state, instance was not initialized
000015.500|so   |4|00|SoVideoIFrameRequesterC::instanceDestroy - unexpected state, instance was not initialized
000015.500|so   |4|00|SoVideoIFrameRequesterC::instanceDestroy - unexpected state, instance was not initialized
000015.500|so   |4|00|SoVideoIFrameRequesterC::instanceDestroy - unexpected state, instance was not initialized
000015.500|so   |4|00|SoVideoIFrameRequesterC::instanceDestroy - unexpected state, instance was not initialized
000015.501|so   |4|00|SoVideoIFrameRequesterC::instanceDestroy - unexpected state, instance was not initialized
000015.501|so   |4|00|SoVideoIFrameRequesterC::instanceDestroy - unexpected state, instance was not initialized
000015.501|so   |4|00|SoVideoIFrameRequesterC::instanceDestroy - unexpected state, instance was not initialized
000015.501|so   |4|00|SoVideoIFrameRequesterC::instanceDestroy - unexpected state, instance was not initialized
000015.501|so   |4|00|SoVideoIFrameRequesterC::instanceDestroy - unexpected state, instance was not initialized
000015.502|so   |4|00|SoVideoIFrameRequesterC::instanceDestroy - unexpected state, instance was not initialized
000015.502|so   |4|00|SoVideoIFrameRequesterC::instanceDestroy - unexpected state, instance was not initialized
000015.502|so   |4|00|SoVideoIFrameRequesterC::instanceDestroy - unexpected state, instance was not initialized
000015.502|so   |4|00|SoVideoIFrameRequesterC::instanceDestroy - unexpected state, instance was not initialized
000015.502|so   |4|00|SoVideoIFrameRequesterC::instanceDestroy - unexpected state, instance was not initialized
000015.503|so   |4|00|SoVideoIFrameRequesterC::instanceDestroy - unexpected state, instance was not initialized
000015.503|so   |4|00|SoVideoIFrameRequesterC::instanceDestroy - unexpected state, instance was not initialized
000015.506|cfg  |5|00|Prm|Parameter dialplan.impossibleMatchHandling requested type 2 but is of type 0
000015.534|usb  |*|00|Initial log entry. Current logging level 4
000015.549|sshc |*|00|Initial log entry. Current logging level 4
000015.553|app1 |*|00|Initial log entry. Current logging level 4
000015.563|app1 |*|00|AppPhoneC::AppPhoneC() Number Of Line Keys = 12
000015.564|app1 |*|00|AppPhoneC::AppPhoneC() - new AppRegLineC, szUser = user_kzbaha
000015.626|ldap |*|00|Initial log entry. Current logging level 4
000015.627|ldap |4|00|cDynamicData::cDynamicData:cDynamicData:Failed
000015.628|abs  |*|00|Initial log entry. Current logging level 4
000015.645|bluet|*|00|Initial log entry. Current logging level 4
000016.745|btapp|*|00|Initial log entry. Current logging level 4
000016.862|efk  |*|00|Initial log entry. Current logging level 4
000016.907|lic  |4|00|License: feature Nuance XT9 is not available
000016.909|cfg  |4|00|Dir|regAppCb set
000016.917|app1 |4|00|getCfgParams
000016.926|cmp  |*|00|Initial log entry. Current logging level 4
000016.939|wmgr |*|00|Initial log entry. Current logging level 4
000016.941|slog |*|00|Initial log entry. Current logging level 4
000017.129|so   |4|00|SoKeyC::procMsg unexpected message 4099
000018.558|pgui |*|00|Initial log entry. Current logging level 4
000029.625|pgui |*|00|Qt Mouse driver created.
000029.782|so   |5|00|SoCoreAudioC::videoWindowResizeMove: Requested yuv chan has not been activated yet.
000029.782|cap  |4|00|[SoVidVideoCaptureManagerC::captureFrameAndProcessLoop][ERROR] No active camera channel found! noActiveCameraChanCt=3
000030.785|osd  |*|00|Initial log entry. Current logging level 4
000030.802|brow |*|00|Initial log entry. Current logging level 4
000030.812|dbs  |*|00|Initial log entry. Current logging level 4
000031.031|clist|*|00|Initial log entry. Current logging level 4
000031.059|app1 |5|00|[connectToDatabase]: dbDirSet activated
000031.574|copy |4|00|DNS lookup failed for p.voxter.com
000031.670|clist|4|00|dbIO::processResult:copy error
000031.670|clist|4|00|dbSet::srv2mem:transfer failed, trying to get local file
000031.724|clist|4|00|dbSet::load:cleared load error state m_sync=<0x41>
000031.753|copy |4|00|DNS lookup failed for p.voxter.com
000031.766|clist|4|00|dbIO::processResult:copy error
000031.766|clist|4|00|dbSet::srv2mem:transfer failed, trying to get local file
000941.496|cfg  |*|00|RT|Network eth0 link went up
000947.747|dhcpc|*|00|Initial log entry. Current logging level 4
000951.058|cfg  |4|00|RT|DHCP CfgRtMsgDhcpUp is received.
000951.059|cfg  |*|00|RT|   Phone IP address is 172.24.32.176.
000951.059|cfg  |*|00|RT|   Subnet mask is 255.255.254.0.
000951.059|cfg  |*|00|RT|   Gateway address is 172.24.32.1.
000951.059|cfg  |*|00|RT|   DNS server is 172.24.192.11.
000951.059|cfg  |*|00|RT|   DNS alternate server is 172.24.192.12.
000951.059|cfg  |*|00|RT|   DNS domain is hq.squareup.com.
000951.059|cfg  |*|00|RT|   GMT offset is -28800 seconds.
000951.060|dns  |*|00|DNS resolver servers are '172.24.192.11' '172.24.192.12'
000951.060|dns  |*|00|DNS resolver search domain is 'hq.squareup.com'
000951.061|cfg  |*|00|RT|Primary IP: 172.24.32.176 subnet mask 255.255.254.0
000951.148|so   |*|00|Network initialized. Starting network tasks.
000951.148|ice  |5|00|Network ICE stack failed to initialize in 5000 ms
000951.149|log  |*|00|Install file upload callback for 'so'

000951.191|cfg  |*|00|Prov|Starting to update 
000951.260|sip  |5|00|Bind Successful
000951.263|sip  |5|00|Starting Accept Task
000951.272|cfg  |5|00|Prm|Parameter reg.x.outboundProxy.port requested type 0 but is of type 2
000951.274|sip  |*|00|Sip Register Usr:user_kzbaha Dsp:Sean Lazar Auth:'user_kzbaha' Inx:0
000951.384|sip  |*|00|Fast Boot Measurement Point: Ready for Call, uptime: 591.384 sec.
000953.619|lic  |4|00|cfgCfsKeysUpdateLicenseParse: error parsing reply
000953.909|lic  |4|00|cfgCfsKeysUpdateLicenseParse: error parsing reply
000953.915|cfg  |*|00|Prm|0004f281ff30_reg.cfg: Value "" for configuration parameter reg.1.server.2.port is invalid, ignoring
000953.916|cfg  |*|00|Prm|0004f281ff30_reg.cfg: Value "" for configuration parameter reg.1.lineKeys is invalid, ignoring
000953.934|cfg  |*|00|Prm|features.cfg: Value 9999 for configuration parameter dir.local.contacts.maxNum is too large, using 500, the maximum allowed
000953.952|cfg  |*|00|Prov|Setting device parameters from configuration files.
000953.967|cfg  |*|00|Prov|Finished updating configuration
