0420100406|so   |*|03|SoNcasC::procMsg: Client service shutdown complete
0420100407|pgui |*|03|Initial log entry. Current logging level 4
0420100421|wdog |*|03|Watchdog Expired: tSupObjs, 10
000025.019|so   |*|00|Platform: Model=CX5500, Assembly=CX5500 Rev=20 Region=0
000025.019|so   |*|00|Platform: Interface    eth0 MAC=00e0db42618d
000025.019|so   |*|00|Platform: Updater=1.1.1.10117 Thu Aug 14 18:21:45 CDT 2014
000025.020|so   |*|00|Application, main: Label=SIP, Version=Ganga.1 5.0.1.8343 14-Aug-14 19:13
000025.020|so   |*|00|Application, main: P/N=3150-11530-501
000025.020|rdisk|*|03|RAM disk created, size: 67,108,864 bytes
000025.020|ocsp |*|03|O.C.S.P. Enabled = 0
000025.021|log  |*|03|---------- Initial log entry ----------
000025.035|tls  |*|03|Initial log entry. Current logging level 4
000025.037|pmt  |*|03|Initial log entry. Current logging level 4
000025.037|wdog |*|03|Initial log entry. Current logging level 4
000025.037|ethf |*|03|Initial log entry. Current logging level 4
000025.038|hw   |*|03|Initial log entry. Current logging level 4
000025.038|ares |*|03|Initial log entry. Current logging level 4
000025.038|dns  |*|03|Initial log entry. Current logging level 4
000025.038|cfg  |*|03|Initial log entry. Current logging level 4
000025.038|cfg  |*|03|Prm|cfgParamBaseProfileUpdate: Using Base Profile Generic
000025.039|dot1x|*|03|Initial log entry. Current logging level 4
000025.049|lic  |*|03|Initial log entry. Current logging level 4
000025.051|curl |*|03|Initial log entry. Current logging level 4
000025.051|utilm|*|03|Initial log entry. Current logging level 4
000025.052|copy |*|03|Initial log entry. Current logging level 4
000025.052|rtos |*|03|Initial log entry. Current logging level 4
000025.067|sec  |*|03|Initial log entry. Current logging level 4
000025.081|so   |*|03|Configuration files: 00e0db42618d_reg.cfg, provisioner.cfg, sip.cfg, features.cfg
000025.081|so   |*|03|Configuration file "00e0db42618d_reg.cfg" SHA1 digest: 5831E2A93466E4C04F914D7D8EF3B10BF3EB4D92
000025.081|so   |*|03|Configuration file "provisioner.cfg" SHA1 digest: 51080CD89DA743106AF5139272C6860F0465BE9D
000025.081|so   |*|03|Configuration file "sip.cfg" SHA1 digest: 6470E957D197F39048AD3154E1997222E07CBB92
000025.081|so   |*|03|Configuration file "features.cfg" SHA1 digest: C581BA279B236C29DF1CFC79741E3FAED2E8A230
000025.081|cfg  |4|03|Prm|Configuration file(s) statistics: 1 parameters were invalid and could not be interpreted.
000025.081|cfg  |4|03|Prm|Configuration file(s) statistics: 1 parameter values were used but were out of range. 5 were invalid and ignored.
000025.082|log  |*|03|Log render level set to 1
000025.083|srtp |*|03|Initial log entry. Current logging level 4
000025.099|res  |*|03|Initial log entry. Current logging level 4
000025.099|httpa|*|03|Initial log entry. Current logging level 4
000025.099|lldp |*|03|Initial log entry. Current logging level 4
000025.099|cdp  |*|03|Initial log entry. Current logging level 4
000025.108|tickt|*|03|Initial log entry. Current logging level 4
000025.129|utilm|4|03|uBLFUnCompressed: File /data/polycom/ffs0/Config/Local/WebTicket/0/sip.usr doesn't exist or is empty
000025.139|tickt|4|03|soWebTicketCertMove: Could not copy key to new slot
000025.139|tickt|4|03|soWebTicketCertMove: Could not copy cert to new slot
000025.139|tickt|4|03|soWebTicketCertMove: Could not copy SIP user to new slot
000025.139|tickt|4|03|soWebTicketCertMove: Could not copy SIP uuid to new slot
000025.140|tickt|4|03|soWebTicketCertMove: Could not copy server to new slot
000025.141|loc  |*|03|Initial log entry. Current logging level 4
000025.143|ssps |*|03|Initial log entry. Current logging level 4
000025.149|so   |*|03|System Info Reports:
000025.149|so   |*|03|  Cpu is ARMv7 Processor rev 2 (v7l), ID: unknown, running at 980MHz.
000025.150|so   |*|03|  Board is identified as PolycomCX-CX_5500.
000025.150|so   |*|03|  DRAM_SIZE: 736 MB
000025.150|so   |*|03|  NAND flash detected is 18
000025.150|key  |*|03|Initial log entry. Current logging level 4
000025.158|httpd|*|03|Initial log entry. Current logging level 4
000025.165|poll |*|03|Initial log entry. Current logging level 4
000025.165|push |*|03|Initial log entry. Current logging level 4
000025.166|ht   |*|03|Initial log entry. Current logging level 4
000025.166|dbuf |*|03|Initial log entry. Current logging level 4
000025.168|ssps |*|03|sspsHdiMsgAndRtpPointerInit: Opened device /dev/plcm_edma fd 69 addr 2c4f3000
000025.169|ice  |*|03|Initial log entry. Current logging level 4
000025.169|pps  |*|03|Initial log entry. Current logging level 4
000025.169|sip  |*|03|Initial log entry. Current logging level 4
000025.169|sipt |*|03|Initial log entry. Current logging level 4
000025.170|sipp |*|03|Initial log entry. Current logging level 4
000025.170|ptt  |*|03|Initial log entry. Current logging level 4
000025.171|xmpp |*|03|Initial log entry. Current logging level 4
000025.229|ssps |*|03|Application, comp. 1: Label=PolyDSP Netra DM816x Mem1 FS1, Version=7.6.2.6238 21-Feb-2014 16:49
000025.229|ssps |*|03|Application, comp. 1: P/N=3150-11580-762.
000025.289|pwrsv|*|03|Initial log entry. Current logging level 4
000025.297|so   |*|03|Using TCP IP Media Port, configured initial RTP port 2222
000025.303|app1 |*|03|Initial log entry. Current logging level 4
000025.318|app1 |*|03|AppPhoneC::AppPhoneC() Number Of Line Keys = 16
000025.318|app1 |*|03|AppPhoneC::AppPhoneC() - new AppRegLineC, szUser = user_dd7ad8
000025.330|ldap |*|03|Initial log entry. Current logging level 4
000025.330|abs  |*|03|Initial log entry. Current logging level 4
000025.392|efk  |*|03|Initial log entry. Current logging level 4
000025.413|cmp  |*|03|Initial log entry. Current logging level 4
000025.414|wmgr |*|03|Initial log entry. Current logging level 4
000025.427|slog |*|03|Initial log entry. Current logging level 4
000039.144|dhcpc|*|03|Initial log entry. Current logging level 4
000042.019|cfg  |*|03|RT|Do not do DHCP VLAN Discovery.
000042.019|cfg  |*|03|RT|   Phone IP address is 10.2.0.198.
000042.019|cfg  |*|03|RT|   Subnet mask is 255.255.255.0.
000042.019|cfg  |*|03|RT|   Gateway address is 10.2.0.1.
000042.019|cfg  |*|03|RT|   DNS server is 8.8.8.8.
000042.019|cfg  |*|03|RT|   DNS alternate server is 8.8.4.4.
000042.019|cfg  |*|03|RT|   GMT offset is -28800 seconds.
000042.019|dns  |*|03|DNS resolver servers are '8.8.8.8' '8.8.4.4'
000042.019|dns  |*|03|DNS resolver search domain is ''
000042.146|cfg  |*|03|RT|Primary IP: 10.2.0.198 subnet mask 255.255.255.0
000042.146|cfg  |*|03|RT|   DNS server is 8.8.8.8.
000042.146|cfg  |*|03|RT|   DNS alternate server is 8.8.4.4.
000042.146|cfg  |*|03|RT|   GMT offset is -28800 seconds.
000042.149|so   |*|03|Network initialized. Starting network tasks.
000042.149|log  |*|03|Install file upload callback for 'so'

000042.162|sip  |*|03|Sip Register Usr:user_dd7ad8 Dsp:8732 Auth:'user_dd7ad8' Inx:0
0420100538|sip  |*|03|Fast Boot Measurement Point: Ready for Call, uptime: 43.052 sec.
0420100539|copy |*|03|Server 'p.voxter.com' said 'overrides/00e0db42618d-phone.cfg' is not present
0420100539|copy |*|03|Server 'p.voxter.com' said 'overrides/00e0db42618d-web.cfg' is not present
0420100539|copy |*|03|Server 'p.voxter.com' said 'licenses/000000000000-license.cfg' is not present
0420100539|copy |*|03|Server 'p.voxter.com' said 'licenses/00e0db42618d-license.cfg' is not present
0420100539|cfg  |*|03|Prm|00e0db42618d_reg.cfg: Value "" for configuration parameter reg.1.server.2.port is invalid, ignoring
0420100539|cfg  |*|03|Prm|00e0db42618d_reg.cfg: Value "" for configuration parameter reg.1.outboundProxy.port is invalid, ignoring
0420100539|cfg  |*|03|Prm|00e0db42618d_reg.cfg: Value "" for configuration parameter reg.1.lineKeys is invalid, ignoring
0420100539|cfg  |4|03|Prm|provisioner.cfg: Unknown parameter "sec.tagSerialNo.set" found, ignoring.
0420100539|cfg  |*|03|Prm|features.cfg: Value 9999 for configuration parameter dir.local.contacts.maxNum is too large, using 500, the maximum allowed
0420100539|cfg  |*|03|Prov|Setting device parameters from configuration files.
0420100540|cfg  |*|03|Prov|Finished updating configuration
0420100541|copy |*|03|Server 'p.voxter.com' said 'overrides/00e0db42618d-phone.cfg' is not present
0420100541|copy |*|03|Server 'p.voxter.com' said 'overrides/00e0db42618d-web.cfg' is not present
0420100541|copy |*|03|Server 'p.voxter.com' said 'licenses/000000000000-license.cfg' is not present
0420100542|copy |*|03|Server 'p.voxter.com' said 'licenses/00e0db42618d-license.cfg' is not present
0420100542|cfg  |*|03|Prov|Setting device parameters from configuration files.
0420100542|cfg  |*|03|Prov|Finished updating configuration
