0416181545|ldap |4|03|ldapXfer::start:xferStart failed cState=-1
0416181545|app1 |*|03|AppC::appReconfigure corp dir shutdown complete
0416181546|log  |*|03|changed log level of 814 to 4
0416181546|log  |*|03|changed log level of 820 to 4
0416181546|log  |*|03|changed log level of 822 to 4
0416181547|log  |*|03|changed log level of 827 to 4
0416181548|log  |*|03|changed log level of 828 to 4
0416181548|log  |*|03|changed log level of 834 to 4
0416181548|log  |*|03|changed log level of 847 to 4
0416181549|log  |*|03|changed log level of 849 to 4
0416181549|log  |*|03|changed log level of 851 to 4
0416181550|log  |*|03|changed log level of 856 to 4
0416181550|log  |*|03|changed log level of 857 to 4
0416181550|log  |*|03|changed log level of 859 to 4
0416181550|log  |*|03|changed log level of 869 to 4
0416181551|log  |*|03|changed log level of 872 to 4
0416181551|log  |*|03|changed log level of 879 to 4
0416181551|log  |*|03|changed log level of 880 to 4
0416181552|log  |*|03|changed log level of 882 to 4
0416181552|log  |*|03|changed log level of 888 to 3
0416181552|log  |*|03|changed log level of 889 to 4
0416181553|log  |*|03|changed log level of 893 to 4
0416181553|log  |*|03|changed log level of 902 to 4
0416181553|log  |*|03|changed log level of 903 to 4
0416181554|so   |*|03|SoNcasC::procMsg: Client service shutdown complete
0416181555|log  |*|03|Log render level set to 1
0416181602|wdog |*|03|Watchdog Expired: tApp:, 38
000025.224|so   |*|00|Platform: Model=CX5500, Assembly=CX5500 Rev=20 Region=0
000025.224|so   |*|00|Platform: Interface    eth0 MAC=00e0db406e0a
000025.224|so   |*|00|Platform: Updater=1.1.0.10114 Tue Apr  8 18:12:37 CDT 2014
000025.224|so   |*|00|Application, main: Label=SIP, Version=Ganga.1 5.0.1.8076 08-Apr-14 18:57
000025.224|so   |*|00|Application, main: P/N=3150-11530-501
000025.224|rdisk|*|03|RAM disk created, size: 67,108,864 bytes
000025.224|ocsp |*|03|O.C.S.P. Enabled = 0
000025.225|log  |*|03|---------- Initial log entry ----------
000025.239|tls  |*|03|Initial log entry. Current logging level 4
000025.241|pmt  |*|03|Initial log entry. Current logging level 4
000025.241|wdog |*|03|Initial log entry. Current logging level 4
000025.242|ethf |*|03|Initial log entry. Current logging level 4
000025.242|hw   |*|03|Initial log entry. Current logging level 4
000025.242|ares |*|03|Initial log entry. Current logging level 4
000025.242|dns  |*|03|Initial log entry. Current logging level 4
000025.243|cfg  |*|03|Initial log entry. Current logging level 4
000025.243|cfg  |*|03|Prm|cfgParamBaseProfileUpdate: Using Base Profile Generic
000025.244|dot1x|*|03|Initial log entry. Current logging level 4
000025.253|lic  |*|03|Initial log entry. Current logging level 4
000025.256|curl |*|03|Initial log entry. Current logging level 4
000025.256|utilm|*|03|Initial log entry. Current logging level 4
000025.256|copy |*|03|Initial log entry. Current logging level 4
000025.256|rtos |*|03|Initial log entry. Current logging level 4
000025.268|sec  |*|03|Initial log entry. Current logging level 4
000025.283|so   |*|03|Configuration files: unprovisioned.cfg
000025.283|so   |*|03|Configuration file "unprovisioned.cfg" SHA1 digest: 02B393CFB723DC28CBB992A628D4B1D50D8D3A12
000025.283|cfg  |4|03|Prm|Configuration file(s) statistics: 1 parameters were invalid and could not be interpreted.
000025.283|cfg  |4|03|Prm|Configuration file(s) statistics: 0 parameter values were used but were out of range. 3 were invalid and ignored.
000025.284|log  |*|03|Log render level set to 1
000025.285|srtp |*|03|Initial log entry. Current logging level 4
000025.297|res  |*|03|Initial log entry. Current logging level 4
000025.297|httpa|*|03|Initial log entry. Current logging level 4
000025.297|lldp |*|03|Initial log entry. Current logging level 4
000025.297|cdp  |*|03|Initial log entry. Current logging level 4
000025.305|tickt|*|03|Initial log entry. Current logging level 4
000025.318|utilm|4|03|uBLFUnCompressed: File /data/polycom/ffs0/Config/Local/WebTicket/0/sip.usr doesn't exist or is empty
000025.322|tickt|4|03|soWebTicketCertMove: Could not copy key to new slot
000025.322|tickt|4|03|soWebTicketCertMove: Could not copy cert to new slot
000025.323|tickt|4|03|soWebTicketCertMove: Could not copy SIP user to new slot
000025.323|tickt|4|03|soWebTicketCertMove: Could not copy SIP uuid to new slot
000025.323|tickt|4|03|soWebTicketCertMove: Could not copy server to new slot
000025.324|loc  |*|03|Initial log entry. Current logging level 4
000025.326|ssps |*|03|Initial log entry. Current logging level 4
000025.337|so   |*|03|System Info Reports:
000025.337|so   |*|03|  Cpu is ARMv7 Processor rev 2 (v7l), ID: unknown, running at 980MHz.
000025.337|so   |*|03|  Board is identified as PolycomCX-CX_5500.
000025.337|so   |*|03|  DRAM_SIZE: 736 MB
000025.337|so   |*|03|  NAND flash detected is 18
000025.337|key  |*|03|Initial log entry. Current logging level 4
000025.344|httpd|*|03|Initial log entry. Current logging level 4
000025.351|poll |*|03|Initial log entry. Current logging level 4
000025.351|push |*|03|Initial log entry. Current logging level 4
000025.353|ht   |*|03|Initial log entry. Current logging level 4
000025.353|dbuf |*|03|Initial log entry. Current logging level 4
000025.354|ssps |*|03|sspsHdiMsgAndRtpPointerInit: Opened device /dev/plcm_edma fd 69 addr 2c77e000
000025.355|ice  |*|03|Initial log entry. Current logging level 4
000025.356|pps  |*|03|Initial log entry. Current logging level 4
000025.356|sip  |*|03|Initial log entry. Current logging level 4
000025.356|sipt |*|03|Initial log entry. Current logging level 4
000025.356|sipp |*|03|Initial log entry. Current logging level 4
000025.357|ptt  |*|03|Initial log entry. Current logging level 4
000025.358|xmpp |*|03|Initial log entry. Current logging level 4
000025.416|ssps |*|03|Application, comp. 1: Label=PolyDSP Netra DM816x Mem1 FS1, Version=7.6.2.6238 21-Feb-2014 16:49
000025.417|ssps |*|03|Application, comp. 1: P/N=3150-11580-762.
000025.476|pwrsv|*|03|Initial log entry. Current logging level 4
000025.485|so   |*|03|Using TCP IP Media Port, configured initial RTP port 2222
000025.491|app1 |*|03|Initial log entry. Current logging level 4
000025.502|app1 |*|03|AppPhoneC::AppPhoneC() Number Of Line Keys = 16
000025.502|app1 |*|03|AppPhoneC::AppPhoneC() - new AppRegLineC, szUser = No Config
000025.514|ldap |*|03|Initial log entry. Current logging level 4
000025.514|abs  |*|03|Initial log entry. Current logging level 4
000025.586|efk  |*|03|Initial log entry. Current logging level 4
000025.610|cmp  |*|03|Initial log entry. Current logging level 4
000025.610|wmgr |*|03|Initial log entry. Current logging level 4
000025.631|slog |*|03|Initial log entry. Current logging level 3
000036.538|dhcpc|*|03|Initial log entry. Current logging level 4
000045.104|pgui |*|03|Initial log entry. Current logging level 4
000050.692|clist|*|03|Initial log entry. Current logging level 4
000053.703|cfg  |*|03|RT|   Phone IP address is 10.2.0.52.
000053.704|cfg  |*|03|RT|   Subnet mask is 255.255.254.0.
000053.704|cfg  |*|03|RT|   Gateway address is 10.2.0.1.
000053.704|cfg  |*|03|RT|   DNS server is 8.8.8.8.
000053.704|cfg  |*|03|RT|   DNS alternate server is 8.8.4.4.
000053.704|dns  |*|03|DNS resolver servers are '8.8.8.8' '8.8.4.4'
000053.704|dns  |*|03|DNS resolver search domain is ''
000054.006|cfg  |*|03|RT|Primary IP: 10.2.0.52 subnet mask 255.255.254.0
000054.535|so   |*|03|Network initialized. Starting network tasks.
000054.535|log  |*|03|Install file upload callback for 'so'

000054.557|sip  |*|03|Sip Register Usr:No Config Dsp:No Config Auth:'' Inx:0
000054.557|sip  |*|03|Fast Boot Measurement Point: Ready for Call, uptime: 54.557 sec.
000055.027|copy |*|03|Server 'p.voxter.com' said 'overrides/00e0db406e0a-phone.cfg' is not present
0416181732|copy |*|03|Server 'p.voxter.com' said 'overrides/00e0db406e0a-web.cfg' is not present
0416181731|copy |*|03|Server 'p.voxter.com' said 'licenses/000000000000-license.cfg' is not present
0416181731|copy |*|03|Server 'p.voxter.com' said 'licenses/00e0db406e0a-license.cfg' is not present
0416181731|cfg  |4|03|Prm|unprovisioned.cfg: Unknown parameter "sec.tagSerialNo.set" found, ignoring.
0416181731|cfg  |*|03|Prm|unprovisioned.cfg: Value "" for configuration parameter reg.1.server.2.port is invalid, ignoring
0416181731|cfg  |*|03|Prov|Setting device parameters from configuration files.
0416181734|cfg  |*|03|Prov|Finished updating configuration
